[WARNING] GrayscaleImage not available, falling back to OccupancyGrid.
[DQN] reward=balanced seed=789 steps=50000 policy=MlpPolicy
[DQN] run_dir=./logs/dqn/balanced/seed_789
[WARNING] GrayscaleImage not available, falling back to OccupancyGrid.
[WARNING] GrayscaleImage not available, falling back to OccupancyGrid.
Using cpu device
Logging to ./logs/dqn/balanced/seed_789/dqn_balanced_seed789_1
----------------------------------
| rollout/            |          |
|    ep_len_mean      | 21.5     |
|    ep_rew_mean      | -3.9     |
|    exploration_rate | 0.995    |
| time/               |          |
|    episodes         | 4        |
|    fps              | 25       |
|    time_elapsed     | 3        |
|    total_timesteps  | 86       |
----------------------------------
----------------------------------
| rollout/            |          |
|    ep_len_mean      | 31       |
|    ep_rew_mean      | -1.19    |
|    exploration_rate | 0.984    |
| time/               |          |
|    episodes         | 8        |
|    fps              | 25       |
|    time_elapsed     | 9        |
|    total_timesteps  | 248      |
----------------------------------
----------------------------------
| rollout/            |          |
|    ep_len_mean      | 37.4     |
|    ep_rew_mean      | 0.883    |
|    exploration_rate | 0.972    |
| time/               |          |
|    episodes         | 12       |
|    fps              | 36       |
|    time_elapsed     | 12       |
|    total_timesteps  | 449      |
----------------------------------
----------------------------------
| rollout/            |          |
|    ep_len_mean      | 40.2     |
|    ep_rew_mean      | 1.86     |
|    exploration_rate | 0.959    |
| time/               |          |
|    episodes         | 16       |
|    fps              | 44       |
|    time_elapsed     | 14       |
|    total_timesteps  | 644      |
----------------------------------
----------------------------------
| rollout/            |          |
|    ep_len_mean      | 38.9     |
|    ep_rew_mean      | 1.58     |
|    exploration_rate | 0.951    |
| time/               |          |
|    episodes         | 20       |
|    fps              | 47       |
|    time_elapsed     | 16       |
|    total_timesteps  | 777      |
----------------------------------
----------------------------------
| rollout/            |          |
|    ep_len_mean      | 42.6     |
|    ep_rew_mean      | 2.78     |
|    exploration_rate | 0.935    |
| time/               |          |
|    episodes         | 24       |
|    fps              | 52       |
|    time_elapsed     | 19       |
|    total_timesteps  | 1022     |
| train/              |          |
|    learning_rate    | 0.0005   |
|    loss             | 0.0261   |
|    n_updates        | 5        |
----------------------------------
----------------------------------
| rollout/            |          |
|    ep_len_mean      | 43.8     |
|    ep_rew_mean      | 3.23     |
|    exploration_rate | 0.922    |
| time/               |          |
|    episodes         | 28       |
|    fps              | 47       |
|    time_elapsed     | 25       |
|    total_timesteps  | 1226     |
| train/              |          |
|    learning_rate    | 0.0005   |
|    loss             | 0.000949 |
|    n_updates        | 56       |
----------------------------------
----------------------------------
| rollout/            |          |
|    ep_len_mean      | 43.1     |
|    ep_rew_mean      | 3.04     |
|    exploration_rate | 0.913    |
| time/               |          |
|    episodes         | 32       |
|    fps              | 43       |
|    time_elapsed     | 31       |
|    total_timesteps  | 1378     |
| train/              |          |
|    learning_rate    | 0.0005   |
|    loss             | 0.0185   |
|    n_updates        | 94       |
----------------------------------
----------------------------------
| rollout/            |          |
|    ep_len_mean      | 41       |
|    ep_rew_mean      | 2.47     |
|    exploration_rate | 0.907    |
| time/               |          |
|    episodes         | 36       |
|    fps              | 41       |
|    time_elapsed     | 35       |
|    total_timesteps  | 1476     |
| train/              |          |
|    learning_rate    | 0.0005   |
|    loss             | 0.00134  |
|    n_updates        | 118      |
----------------------------------
----------------------------------
| rollout/            |          |
|    ep_len_mean      | 42.7     |
|    ep_rew_mean      | 2.94     |
|    exploration_rate | 0.892    |
| time/               |          |
|    episodes         | 40       |
|    fps              | 38       |
|    time_elapsed     | 44       |
|    total_timesteps  | 1708     |
| train/              |          |
|    learning_rate    | 0.0005   |
|    loss             | 0.0322   |
|    n_updates        | 176      |
----------------------------------
----------------------------------
| rollout/            |          |
|    ep_len_mean      | 45.1     |
|    ep_rew_mean      | 3.76     |
|    exploration_rate | 0.874    |
| time/               |          |
|    episodes         | 44       |
|    fps              | 35       |
|    time_elapsed     | 55       |
|    total_timesteps  | 1986     |
| train/              |          |
|    learning_rate    | 0.0005   |
|    loss             | 0.0142   |
|    n_updates        | 246      |
----------------------------------
----------------------------------
| rollout/            |          |
|    ep_len_mean      | 46.7     |
|    ep_rew_mean      | 4.25     |
|    exploration_rate | 0.858    |
| time/               |          |
|    episodes         | 48       |
|    fps              | 34       |
|    time_elapsed     | 65       |
|    total_timesteps  | 2240     |
| train/              |          |
|    learning_rate    | 0.0005   |
|    loss             | 0.00225  |
|    n_updates        | 309      |
----------------------------------
----------------------------------
| rollout/            |          |
|    ep_len_mean      | 49.2     |
|    ep_rew_mean      | 4.98     |
|    exploration_rate | 0.838    |
| time/               |          |
|    episodes         | 52       |
|    fps              | 32       |
|    time_elapsed     | 77       |
|    total_timesteps  | 2560     |
| train/              |          |
|    learning_rate    | 0.0005   |
|    loss             | 0.0281   |
|    n_updates        | 389      |
----------------------------------
----------------------------------
| rollout/            |          |
|    ep_len_mean      | 47.4     |
|    ep_rew_mean      | 4.44     |
|    exploration_rate | 0.832    |
| time/               |          |
|    episodes         | 56       |
|    fps              | 32       |
|    time_elapsed     | 81       |
|    total_timesteps  | 2656     |
| train/              |          |
|    learning_rate    | 0.0005   |
|    loss             | 0.00554  |
|    n_updates        | 413      |
----------------------------------
----------------------------------
| rollout/            |          |
|    ep_len_mean      | 46.1     |
|    ep_rew_mean      | 4.09     |
|    exploration_rate | 0.825    |
| time/               |          |
|    episodes         | 60       |
|    fps              | 32       |
|    time_elapsed     | 86       |
|    total_timesteps  | 2767     |
| train/              |          |
|    learning_rate    | 0.0005   |
|    loss             | 0.0175   |
|    n_updates        | 441      |
----------------------------------
----------------------------------
| rollout/            |          |
|    ep_len_mean      | 45.8     |
|    ep_rew_mean      | 4.02     |
|    exploration_rate | 0.814    |
| time/               |          |
|    episodes         | 64       |
|    fps              | 31       |
|    time_elapsed     | 92       |
|    total_timesteps  | 2931     |
| train/              |          |
|    learning_rate    | 0.0005   |
|    loss             | 0.0213   |
|    n_updates        | 482      |
----------------------------------
----------------------------------
| rollout/            |          |
|    ep_len_mean      | 45.8     |
|    ep_rew_mean      | 4.05     |
|    exploration_rate | 0.803    |
| time/               |          |
|    episodes         | 68       |
|    fps              | 31       |
|    time_elapsed     | 99       |
|    total_timesteps  | 3115     |
| train/              |          |
|    learning_rate    | 0.0005   |
|    loss             | 0.00675  |
|    n_updates        | 528      |
----------------------------------
----------------------------------
| rollout/            |          |
|    ep_len_mean      | 46.3     |
|    ep_rew_mean      | 4.22     |
|    exploration_rate | 0.789    |
| time/               |          |
|    episodes         | 72       |
|    fps              | 30       |
|    time_elapsed     | 108      |
|    total_timesteps  | 3334     |
| train/              |          |
|    learning_rate    | 0.0005   |
|    loss             | 0.0147   |
|    n_updates        | 583      |
----------------------------------
----------------------------------
| rollout/            |          |
|    ep_len_mean      | 46.3     |
|    ep_rew_mean      | 4.25     |
|    exploration_rate | 0.777    |
| time/               |          |
|    episodes         | 76       |
|    fps              | 30       |
|    time_elapsed     | 115      |
|    total_timesteps  | 3517     |
| train/              |          |
|    learning_rate    | 0.0005   |
|    loss             | 0.00419  |
|    n_updates        | 629      |
----------------------------------
----------------------------------
| rollout/            |          |
|    ep_len_mean      | 46       |
|    ep_rew_mean      | 4.16     |
|    exploration_rate | 0.767    |
| time/               |          |
|    episodes         | 80       |
|    fps              | 30       |
|    time_elapsed     | 122      |
|    total_timesteps  | 3679     |
| train/              |          |
|    learning_rate    | 0.0005   |
|    loss             | 0.0184   |
|    n_updates        | 669      |
----------------------------------
----------------------------------
| rollout/            |          |
|    ep_len_mean      | 45.2     |
|    ep_rew_mean      | 3.93     |
|    exploration_rate | 0.76     |
| time/               |          |
|    episodes         | 84       |
|    fps              | 29       |
|    time_elapsed     | 126      |
|    total_timesteps  | 3795     |
| train/              |          |
|    learning_rate    | 0.0005   |
|    loss             | 0.00464  |
|    n_updates        | 698      |
----------------------------------
----------------------------------
| rollout/            |          |
|    ep_len_mean      | 45.8     |
|    ep_rew_mean      | 4.17     |
|    exploration_rate | 0.745    |
| time/               |          |
|    episodes         | 88       |
|    fps              | 29       |
|    time_elapsed     | 136      |
|    total_timesteps  | 4030     |
| train/              |          |
|    learning_rate    | 0.0005   |
|    loss             | 0.0174   |
|    n_updates        | 757      |
----------------------------------
----------------------------------
| rollout/            |          |
|    ep_len_mean      | 45.8     |
|    ep_rew_mean      | 4.23     |
|    exploration_rate | 0.733    |
| time/               |          |
|    episodes         | 92       |
|    fps              | 29       |
|    time_elapsed     | 143      |
|    total_timesteps  | 4210     |
| train/              |          |
|    learning_rate    | 0.0005   |
|    loss             | 0.0169   |
|    n_updates        | 802      |
----------------------------------
----------------------------------
| rollout/            |          |
|    ep_len_mean      | 47.2     |
|    ep_rew_mean      | 4.68     |
|    exploration_rate | 0.713    |
| time/               |          |
|    episodes         | 96       |
|    fps              | 29       |
|    time_elapsed     | 155      |
|    total_timesteps  | 4530     |
| train/              |          |
|    learning_rate    | 0.0005   |
|    loss             | 0.0104   |
|    n_updates        | 882      |
----------------------------------
----------------------------------
| rollout/            |          |
|    ep_len_mean      | 46.5     |
|    ep_rew_mean      | 4.47     |
|    exploration_rate | 0.705    |
| time/               |          |
|    episodes         | 100      |
|    fps              | 28       |
|    time_elapsed     | 160      |
|    total_timesteps  | 4654     |
| train/              |          |
|    learning_rate    | 0.0005   |
|    loss             | 0.00808  |
|    n_updates        | 913      |
----------------------------------
----------------------------------
| rollout/            |          |
|    ep_len_mean      | 46.8     |
|    ep_rew_mean      | 4.59     |
|    exploration_rate | 0.698    |
| time/               |          |
|    episodes         | 104      |
|    fps              | 28       |
|    time_elapsed     | 164      |
|    total_timesteps  | 4763     |
| train/              |          |
|    learning_rate    | 0.0005   |
|    loss             | 0.000533 |
|    n_updates        | 940      |
----------------------------------
[Eval @5000] NEW BEST mean_reward=3.490
[Eval @5000] R=3.5±6.4 CR=0.900 Spd=26.1 LC=5.9 SR=0.100
----------------------------------
| rollout/            |          |
|    ep_len_mean      | 47.8     |
|    ep_rew_mean      | 4.94     |
|    exploration_rate | 0.682    |
| time/               |          |
|    episodes         | 108      |
|    fps              | 25       |
|    time_elapsed     | 196      |
|    total_timesteps  | 5023     |
| train/              |          |
|    learning_rate    | 0.0005   |
|    loss             | 0.00134  |
|    n_updates        | 1005     |
----------------------------------
----------------------------------
| rollout/            |          |
|    ep_len_mean      | 47.2     |
|    ep_rew_mean      | 4.82     |
|    exploration_rate | 0.673    |
| time/               |          |
|    episodes         | 112      |
|    fps              | 26       |
|    time_elapsed     | 197      |
|    total_timesteps  | 5170     |
| train/              |          |
|    learning_rate    | 0.0005   |
|    loss             | 0.00178  |
|    n_updates        | 1042     |
----------------------------------
----------------------------------
| rollout/            |          |
|    ep_len_mean      | 47.8     |
|    ep_rew_mean      | 5.07     |
|    exploration_rate | 0.657    |
| time/               |          |
|    episodes         | 116      |
|    fps              | 26       |
|    time_elapsed     | 201      |
|    total_timesteps  | 5422     |
| train/              |          |
|    learning_rate    | 0.0005   |
|    loss             | 0.00109  |
|    n_updates        | 1105     |
----------------------------------
----------------------------------
| rollout/            |          |
|    ep_len_mean      | 48.2     |
|    ep_rew_mean      | 5.21     |
|    exploration_rate | 0.646    |
| time/               |          |
|    episodes         | 120      |
|    fps              | 27       |
|    time_elapsed     | 203      |
|    total_timesteps  | 5595     |
| train/              |          |
|    learning_rate    | 0.0005   |
|    loss             | 0.0184   |
|    n_updates        | 1148     |
----------------------------------
----------------------------------
| rollout/            |          |
|    ep_len_mean      | 48.6     |
|    ep_rew_mean      | 5.41     |
|    exploration_rate | 0.628    |
| time/               |          |
|    episodes         | 124      |
|    fps              | 27       |
|    time_elapsed     | 213      |
|    total_timesteps  | 5879     |
| train/              |          |
|    learning_rate    | 0.0005   |
|    loss             | 0.000592 |
|    n_updates        | 1219     |
----------------------------------
----------------------------------
| rollout/            |          |
|    ep_len_mean      | 49.4     |
|    ep_rew_mean      | 5.76     |
|    exploration_rate | 0.609    |
| time/               |          |
|    episodes         | 128      |
|    fps              | 27       |
|    time_elapsed     | 224      |
|    total_timesteps  | 6168     |
| train/              |          |
|    learning_rate    | 0.0005   |
|    loss             | 0.00124  |
|    n_updates        | 1291     |
----------------------------------
----------------------------------
| rollout/            |          |
|    ep_len_mean      | 51.1     |
|    ep_rew_mean      | 6.33     |
|    exploration_rate | 0.589    |
| time/               |          |
|    episodes         | 132      |
|    fps              | 27       |
|    time_elapsed     | 237      |
|    total_timesteps  | 6491     |
| train/              |          |
|    learning_rate    | 0.0005   |
|    loss             | 0.00941  |
|    n_updates        | 1372     |
----------------------------------
----------------------------------
| rollout/            |          |
|    ep_len_mean      | 52.7     |
|    ep_rew_mean      | 6.9      |
|    exploration_rate | 0.573    |
| time/               |          |
|    episodes         | 136      |
|    fps              | 27       |
|    time_elapsed     | 247      |
|    total_timesteps  | 6742     |
| train/              |          |
|    learning_rate    | 0.0005   |
|    loss             | 0.00147  |
|    n_updates        | 1435     |
----------------------------------
----------------------------------
| rollout/            |          |
|    ep_len_mean      | 53.7     |
|    ep_rew_mean      | 7.28     |
|    exploration_rate | 0.552    |
| time/               |          |
|    episodes         | 140      |
|    fps              | 27       |
|    time_elapsed     | 260      |
|    total_timesteps  | 7079     |
| train/              |          |
|    learning_rate    | 0.0005   |
|    loss             | 0.0152   |
|    n_updates        | 1519     |
----------------------------------
----------------------------------
| rollout/            |          |
|    ep_len_mean      | 53.3     |
|    ep_rew_mean      | 7.21     |
|    exploration_rate | 0.537    |
| time/               |          |
|    episodes         | 144      |
|    fps              | 27       |
|    time_elapsed     | 269      |
|    total_timesteps  | 7314     |
| train/              |          |
|    learning_rate    | 0.0005   |
|    loss             | 0.0152   |
|    n_updates        | 1578     |
----------------------------------
----------------------------------
| rollout/            |          |
|    ep_len_mean      | 51.7     |
|    ep_rew_mean      | 6.75     |
|    exploration_rate | 0.531    |
| time/               |          |
|    episodes         | 148      |
|    fps              | 27       |
|    time_elapsed     | 273      |
|    total_timesteps  | 7411     |
| train/              |          |
|    learning_rate    | 0.0005   |
|    loss             | 0.0011   |
|    n_updates        | 1602     |
----------------------------------
----------------------------------
| rollout/            |          |
|    ep_len_mean      | 49.8     |
|    ep_rew_mean      | 6.26     |
|    exploration_rate | 0.523    |
| time/               |          |
|    episodes         | 152      |
|    fps              | 27       |
|    time_elapsed     | 278      |
|    total_timesteps  | 7539     |
| train/              |          |
|    learning_rate    | 0.0005   |
|    loss             | 0.00306  |
|    n_updates        | 1634     |
----------------------------------
----------------------------------
| rollout/            |          |
|    ep_len_mean      | 50       |
|    ep_rew_mean      | 6.34     |
|    exploration_rate | 0.515    |
| time/               |          |
|    episodes         | 156      |
|    fps              | 27       |
|    time_elapsed     | 282      |
|    total_timesteps  | 7654     |
| train/              |          |
|    learning_rate    | 0.0005   |
|    loss             | 0.00144  |
|    n_updates        | 1663     |
----------------------------------
----------------------------------
| rollout/            |          |
|    ep_len_mean      | 50.7     |
|    ep_rew_mean      | 6.58     |
|    exploration_rate | 0.504    |
| time/               |          |
|    episodes         | 160      |
|    fps              | 27       |
|    time_elapsed     | 284      |
|    total_timesteps  | 7837     |
| train/              |          |
|    learning_rate    | 0.0005   |
|    loss             | 0.00123  |
|    n_updates        | 1709     |
----------------------------------
----------------------------------
| rollout/            |          |
|    ep_len_mean      | 51.6     |
|    ep_rew_mean      | 6.94     |
|    exploration_rate | 0.487    |
| time/               |          |
|    episodes         | 164      |
|    fps              | 28       |
|    time_elapsed     | 288      |
|    total_timesteps  | 8095     |
| train/              |          |
|    learning_rate    | 0.0005   |
|    loss             | 0.00841  |
|    n_updates        | 1773     |
----------------------------------
----------------------------------
| rollout/            |          |
|    ep_len_mean      | 51.9     |
|    ep_rew_mean      | 7.12     |
|    exploration_rate | 0.474    |
| time/               |          |
|    episodes         | 168      |
|    fps              | 28       |
|    time_elapsed     | 290      |
|    total_timesteps  | 8307     |
| train/              |          |
|    learning_rate    | 0.0005   |
|    loss             | 0.00106  |
|    n_updates        | 1826     |
----------------------------------
----------------------------------
| rollout/            |          |
|    ep_len_mean      | 54.2     |
|    ep_rew_mean      | 8.03     |
|    exploration_rate | 0.446    |
| time/               |          |
|    episodes         | 172      |
|    fps              | 29       |
|    time_elapsed     | 296      |
|    total_timesteps  | 8751     |
| train/              |          |
|    learning_rate    | 0.0005   |
|    loss             | 0.00837  |
|    n_updates        | 1937     |
----------------------------------
----------------------------------
| rollout/            |          |
|    ep_len_mean      | 54.8     |
|    ep_rew_mean      | 8.34     |
|    exploration_rate | 0.43     |
| time/               |          |
|    episodes         | 176      |
|    fps              | 30       |
|    time_elapsed     | 299      |
|    total_timesteps  | 8999     |
| train/              |          |
|    learning_rate    | 0.0005   |
|    loss             | 0.0142   |
|    n_updates        | 1999     |
----------------------------------
----------------------------------
| rollout/            |          |
|    ep_len_mean      | 55.1     |
|    ep_rew_mean      | 8.48     |
|    exploration_rate | 0.418    |
| time/               |          |
|    episodes         | 180      |
|    fps              | 30       |
|    time_elapsed     | 302      |
|    total_timesteps  | 9188     |
| train/              |          |
|    learning_rate    | 0.0005   |
|    loss             | 0.0183   |
|    n_updates        | 2046     |
----------------------------------
----------------------------------
| rollout/            |          |
|    ep_len_mean      | 55.7     |
|    ep_rew_mean      | 8.72     |
|    exploration_rate | 0.407    |
| time/               |          |
|    episodes         | 184      |
|    fps              | 30       |
|    time_elapsed     | 304      |
|    total_timesteps  | 9361     |
| train/              |          |
|    learning_rate    | 0.0005   |
|    loss             | 0.00164  |
|    n_updates        | 2090     |
----------------------------------
----------------------------------
| rollout/            |          |
|    ep_len_mean      | 57.4     |
|    ep_rew_mean      | 9.46     |
|    exploration_rate | 0.381    |
| time/               |          |
|    episodes         | 188      |
|    fps              | 31       |
|    time_elapsed     | 309      |
|    total_timesteps  | 9766     |
| train/              |          |
|    learning_rate    | 0.0005   |
|    loss             | 0.0174   |
|    n_updates        | 2191     |
----------------------------------
[Eval @10000] R=0.4±0.5 CR=1.000 Spd=26.3 LC=3.4 SR=0.000
----------------------------------
| rollout/            |          |
|    ep_len_mean      | 58.1     |
|    ep_rew_mean      | 9.76     |
|    exploration_rate | 0.365    |
| time/               |          |
|    episodes         | 192      |
|    fps              | 31       |
|    time_elapsed     | 317      |
|    total_timesteps  | 10020    |
| train/              |          |
|    learning_rate    | 0.0005   |
|    loss             | 0.000812 |
|    n_updates        | 2254     |
----------------------------------
----------------------------------
| rollout/            |          |
|    ep_len_mean      | 58.4     |
|    ep_rew_mean      | 10.2     |
|    exploration_rate | 0.343    |
| time/               |          |
|    episodes         | 196      |
|    fps              | 32       |
|    time_elapsed     | 321      |
|    total_timesteps  | 10371    |
| train/              |          |
|    learning_rate    | 0.0005   |
|    loss             | 0.000647 |
|    n_updates        | 2342     |
----------------------------------
----------------------------------
| rollout/            |          |
|    ep_len_mean      | 59.6     |
|    ep_rew_mean      | 10.7     |
|    exploration_rate | 0.328    |
| time/               |          |
|    episodes         | 200      |
|    fps              | 32       |
|    time_elapsed     | 328      |
|    total_timesteps  | 10618    |
| train/              |          |
|    learning_rate    | 0.0005   |
|    loss             | 0.0143   |
|    n_updates        | 2404     |
----------------------------------
----------------------------------
| rollout/            |          |
|    ep_len_mean      | 60.6     |
|    ep_rew_mean      | 11       |
|    exploration_rate | 0.315    |
| time/               |          |
|    episodes         | 204      |
|    fps              | 32       |
|    time_elapsed     | 336      |
|    total_timesteps  | 10822    |
| train/              |          |
|    learning_rate    | 0.0005   |
|    loss             | 0.00826  |
|    n_updates        | 2455     |
----------------------------------
----------------------------------
| rollout/            |          |
|    ep_len_mean      | 59.5     |
|    ep_rew_mean      | 10.8     |
|    exploration_rate | 0.305    |
| time/               |          |
|    episodes         | 208      |
|    fps              | 32       |
|    time_elapsed     | 342      |
|    total_timesteps  | 10977    |
| train/              |          |
|    learning_rate    | 0.0005   |
|    loss             | 0.000427 |
|    n_updates        | 2494     |
----------------------------------
----------------------------------
| rollout/            |          |
|    ep_len_mean      | 59       |
|    ep_rew_mean      | 10.7     |
|    exploration_rate | 0.299    |
| time/               |          |
|    episodes         | 212      |
|    fps              | 31       |
|    time_elapsed     | 346      |
|    total_timesteps  | 11073    |
| train/              |          |
|    learning_rate    | 0.0005   |
|    loss             | 0.00481  |
|    n_updates        | 2518     |
----------------------------------
----------------------------------
| rollout/            |          |
|    ep_len_mean      | 61       |
|    ep_rew_mean      | 11.5     |
|    exploration_rate | 0.27     |
| time/               |          |
|    episodes         | 216      |
|    fps              | 31       |
|    time_elapsed     | 364      |
|    total_timesteps  | 11524    |
| train/              |          |
|    learning_rate    | 0.0005   |
|    loss             | 0.0141   |
|    n_updates        | 2630     |
----------------------------------
----------------------------------
| rollout/            |          |
|    ep_len_mean      | 61.5     |
|    ep_rew_mean      | 11.8     |
|    exploration_rate | 0.256    |
| time/               |          |
|    episodes         | 220      |
|    fps              | 31       |
|    time_elapsed     | 372      |
|    total_timesteps  | 11748    |
| train/              |          |
|    learning_rate    | 0.0005   |
|    loss             | 0.00873  |
|    n_updates        | 2686     |
----------------------------------
----------------------------------
| rollout/            |          |
|    ep_len_mean      | 60.5     |
|    ep_rew_mean      | 11.5     |
|    exploration_rate | 0.244    |
| time/               |          |
|    episodes         | 224      |
|    fps              | 31       |
|    time_elapsed     | 380      |
|    total_timesteps  | 11933    |
| train/              |          |
|    learning_rate    | 0.0005   |
|    loss             | 0.0196   |
|    n_updates        | 2733     |
----------------------------------
----------------------------------
| rollout/            |          |
|    ep_len_mean      | 61.6     |
|    ep_rew_mean      | 12.1     |
|    exploration_rate | 0.219    |
| time/               |          |
|    episodes         | 228      |
|    fps              | 31       |
|    time_elapsed     | 395      |
|    total_timesteps  | 12329    |
| train/              |          |
|    learning_rate    | 0.0005   |
|    loss             | 0.0105   |
|    n_updates        | 2832     |
----------------------------------
----------------------------------
| rollout/            |          |
|    ep_len_mean      | 60.2     |
|    ep_rew_mean      | 11.8     |
|    exploration_rate | 0.208    |
| time/               |          |
|    episodes         | 232      |
|    fps              | 31       |
|    time_elapsed     | 403      |
|    total_timesteps  | 12513    |
| train/              |          |
|    learning_rate    | 0.0005   |
|    loss             | 0.0096   |
|    n_updates        | 2878     |
----------------------------------
----------------------------------
| rollout/            |          |
|    ep_len_mean      | 59.8     |
|    ep_rew_mean      | 11.8     |
|    exploration_rate | 0.194    |
| time/               |          |
|    episodes         | 236      |
|    fps              | 30       |
|    time_elapsed     | 411      |
|    total_timesteps  | 12721    |
| train/              |          |
|    learning_rate    | 0.0005   |
|    loss             | 0.0173   |
|    n_updates        | 2930     |
----------------------------------
----------------------------------
| rollout/            |          |
|    ep_len_mean      | 58.2     |
|    ep_rew_mean      | 11.4     |
|    exploration_rate | 0.183    |
| time/               |          |
|    episodes         | 240      |
|    fps              | 30       |
|    time_elapsed     | 418      |
|    total_timesteps  | 12897    |
| train/              |          |
|    learning_rate    | 0.0005   |
|    loss             | 0.0103   |
|    n_updates        | 2974     |
----------------------------------
----------------------------------
| rollout/            |          |
|    ep_len_mean      | 58.6     |
|    ep_rew_mean      | 11.5     |
|    exploration_rate | 0.165    |
| time/               |          |
|    episodes         | 244      |
|    fps              | 30       |
|    time_elapsed     | 429      |
|    total_timesteps  | 13178    |
| train/              |          |
|    learning_rate    | 0.0005   |
|    loss             | 0.000587 |
|    n_updates        | 3044     |
----------------------------------
----------------------------------
| rollout/            |          |
|    ep_len_mean      | 59.6     |
|    ep_rew_mean      | 12       |
|    exploration_rate | 0.153    |
| time/               |          |
|    episodes         | 248      |
|    fps              | 30       |
|    time_elapsed     | 437      |
|    total_timesteps  | 13371    |
| train/              |          |
|    learning_rate    | 0.0005   |
|    loss             | 0.017    |
|    n_updates        | 3092     |
----------------------------------
----------------------------------
| rollout/            |          |
|    ep_len_mean      | 61.3     |
|    ep_rew_mean      | 12.7     |
|    exploration_rate | 0.134    |
| time/               |          |
|    episodes         | 252      |
|    fps              | 30       |
|    time_elapsed     | 448      |
|    total_timesteps  | 13672    |
| train/              |          |
|    learning_rate    | 0.0005   |
|    loss             | 0.013    |
|    n_updates        | 3167     |
----------------------------------
----------------------------------
| rollout/            |          |
|    ep_len_mean      | 62.9     |
|    ep_rew_mean      | 13.3     |
|    exploration_rate | 0.117    |
| time/               |          |
|    episodes         | 256      |
|    fps              | 30       |
|    time_elapsed     | 459      |
|    total_timesteps  | 13942    |
| train/              |          |
|    learning_rate    | 0.0005   |
|    loss             | 0.00446  |
|    n_updates        | 3235     |
----------------------------------
----------------------------------
| rollout/            |          |
|    ep_len_mean      | 62.8     |
|    ep_rew_mean      | 13.4     |
|    exploration_rate | 0.106    |
| time/               |          |
|    episodes         | 260      |
|    fps              | 30       |
|    time_elapsed     | 466      |
|    total_timesteps  | 14114    |
| train/              |          |
|    learning_rate    | 0.0005   |
|    loss             | 0.00811  |
|    n_updates        | 3278     |
----------------------------------
----------------------------------
| rollout/            |          |
|    ep_len_mean      | 63.4     |
|    ep_rew_mean      | 13.7     |
|    exploration_rate | 0.0861   |
| time/               |          |
|    episodes         | 264      |
|    fps              | 30       |
|    time_elapsed     | 478      |
|    total_timesteps  | 14430    |
| train/              |          |
|    learning_rate    | 0.0005   |
|    loss             | 0.00731  |
|    n_updates        | 3357     |
----------------------------------
----------------------------------
| rollout/            |          |
|    ep_len_mean      | 65.4     |
|    ep_rew_mean      | 14.7     |
|    exploration_rate | 0.0595   |
| time/               |          |
|    episodes         | 268      |
|    fps              | 29       |
|    time_elapsed     | 495      |
|    total_timesteps  | 14850    |
| train/              |          |
|    learning_rate    | 0.0005   |
|    loss             | 0.00962  |
|    n_updates        | 3462     |
----------------------------------
[Eval @15000] R=1.2±1.6 CR=1.000 Spd=25.9 LC=7.2 SR=0.000
----------------------------------
| rollout/            |          |
|    ep_len_mean      | 64.3     |
|    ep_rew_mean      | 14.4     |
|    exploration_rate | 0.05     |
| time/               |          |
|    episodes         | 272      |
|    fps              | 28       |
|    time_elapsed     | 528      |
|    total_timesteps  | 15182    |
| train/              |          |
|    learning_rate    | 0.0005   |
|    loss             | 0.0203   |
|    n_updates        | 3545     |
----------------------------------
----------------------------------
| rollout/            |          |
|    ep_len_mean      | 66.8     |
|    ep_rew_mean      | 15.6     |
|    exploration_rate | 0.05     |
| time/               |          |
|    episodes         | 276      |
|    fps              | 28       |
|    time_elapsed     | 548      |
|    total_timesteps  | 15680    |
| train/              |          |
|    learning_rate    | 0.0005   |
|    loss             | 0.000696 |
|    n_updates        | 3669     |
----------------------------------
----------------------------------
| rollout/            |          |
|    ep_len_mean      | 69       |
|    ep_rew_mean      | 16.6     |
|    exploration_rate | 0.05     |
| time/               |          |
|    episodes         | 280      |
|    fps              | 28       |
|    time_elapsed     | 564      |
|    total_timesteps  | 16090    |
| train/              |          |
|    learning_rate    | 0.0005   |
|    loss             | 0.00239  |
|    n_updates        | 3772     |
----------------------------------
----------------------------------
| rollout/            |          |
|    ep_len_mean      | 72.3     |
|    ep_rew_mean      | 18.1     |
|    exploration_rate | 0.05     |
| time/               |          |
|    episodes         | 284      |
|    fps              | 28       |
|    time_elapsed     | 584      |
|    total_timesteps  | 16591    |
| train/              |          |
|    learning_rate    | 0.0005   |
|    loss             | 0.000439 |
|    n_updates        | 3897     |
----------------------------------
----------------------------------
| rollout/            |          |
|    ep_len_mean      | 73.3     |
|    ep_rew_mean      | 18.5     |
|    exploration_rate | 0.05     |
| time/               |          |
|    episodes         | 288      |
|    fps              | 28       |
|    time_elapsed     | 604      |
|    total_timesteps  | 17094    |
| train/              |          |
|    learning_rate    | 0.0005   |
|    loss             | 0.00274  |
|    n_updates        | 4023     |
----------------------------------
----------------------------------
| rollout/            |          |
|    ep_len_mean      | 74.3     |
|    ep_rew_mean      | 19       |
|    exploration_rate | 0.05     |
| time/               |          |
|    episodes         | 292      |
|    fps              | 28       |
|    time_elapsed     | 617      |
|    total_timesteps  | 17446    |
| train/              |          |
|    learning_rate    | 0.0005   |
|    loss             | 0.00138  |
|    n_updates        | 4111     |
----------------------------------
----------------------------------
| rollout/            |          |
|    ep_len_mean      | 75.8     |
|    ep_rew_mean      | 19.7     |
|    exploration_rate | 0.05     |
| time/               |          |
|    episodes         | 296      |
|    fps              | 28       |
|    time_elapsed     | 637      |
|    total_timesteps  | 17950    |
| train/              |          |
|    learning_rate    | 0.0005   |
|    loss             | 0.00882  |
|    n_updates        | 4237     |
----------------------------------
----------------------------------
| rollout/            |          |
|    ep_len_mean      | 77.8     |
|    ep_rew_mean      | 20.7     |
|    exploration_rate | 0.05     |
| time/               |          |
|    episodes         | 300      |
|    fps              | 28       |
|    time_elapsed     | 655      |
|    total_timesteps  | 18398    |
| train/              |          |
|    learning_rate    | 0.0005   |
|    loss             | 0.00557  |
|    n_updates        | 4349     |
----------------------------------
----------------------------------
| rollout/            |          |
|    ep_len_mean      | 76.9     |
|    ep_rew_mean      | 20.5     |
|    exploration_rate | 0.05     |
| time/               |          |
|    episodes         | 304      |
|    fps              | 28       |
|    time_elapsed     | 659      |
|    total_timesteps  | 18513    |
| train/              |          |
|    learning_rate    | 0.0005   |
|    loss             | 0.0037   |
|    n_updates        | 4378     |
----------------------------------
----------------------------------
| rollout/            |          |
|    ep_len_mean      | 77       |
|    ep_rew_mean      | 20.6     |
|    exploration_rate | 0.05     |
| time/               |          |
|    episodes         | 308      |
|    fps              | 28       |
|    time_elapsed     | 666      |
|    total_timesteps  | 18682    |
| train/              |          |
|    learning_rate    | 0.0005   |
|    loss             | 0.00827  |
|    n_updates        | 4420     |
----------------------------------
----------------------------------
| rollout/            |          |
|    ep_len_mean      | 79.5     |
|    ep_rew_mean      | 21.7     |
|    exploration_rate | 0.05     |
| time/               |          |
|    episodes         | 312      |
|    fps              | 27       |
|    time_elapsed     | 680      |
|    total_timesteps  | 19026    |
| train/              |          |
|    learning_rate    | 0.0005   |
|    loss             | 0.00327  |
|    n_updates        | 4506     |
----------------------------------
----------------------------------
| rollout/            |          |
|    ep_len_mean      | 75.9     |
|    ep_rew_mean      | 20.4     |
|    exploration_rate | 0.05     |
| time/               |          |
|    episodes         | 316      |
|    fps              | 27       |
|    time_elapsed     | 683      |
|    total_timesteps  | 19115    |
| train/              |          |
|    learning_rate    | 0.0005   |
|    loss             | 0.00219  |
|    n_updates        | 4528     |
----------------------------------
----------------------------------
| rollout/            |          |
|    ep_len_mean      | 75.8     |
|    ep_rew_mean      | 20.4     |
|    exploration_rate | 0.05     |
| time/               |          |
|    episodes         | 320      |
|    fps              | 27       |
|    time_elapsed     | 691      |
|    total_timesteps  | 19323    |
| train/              |          |
|    learning_rate    | 0.0005   |
|    loss             | 0.000365 |
|    n_updates        | 4580     |
----------------------------------
----------------------------------
| rollout/            |          |
|    ep_len_mean      | 77.6     |
|    ep_rew_mean      | 21.4     |
|    exploration_rate | 0.05     |
| time/               |          |
|    episodes         | 324      |
|    fps              | 27       |
|    time_elapsed     | 706      |
|    total_timesteps  | 19691    |
| train/              |          |
|    learning_rate    | 0.0005   |
|    loss             | 0.000244 |
|    n_updates        | 4672     |
----------------------------------
[Eval @20000] NEW BEST mean_reward=4.330
[Eval @20000] R=4.3±3.7 CR=0.600 Spd=23.9 LC=2.2 SR=0.400
----------------------------------
| rollout/            |          |
|    ep_len_mean      | 78.2     |
|    ep_rew_mean      | 21.7     |
|    exploration_rate | 0.05     |
| time/               |          |
|    episodes         | 328      |
|    fps              | 26       |
|    time_elapsed     | 768      |
|    total_timesteps  | 20152    |
| train/              |          |
|    learning_rate    | 0.0005   |
|    loss             | 0.000407 |
|    n_updates        | 4787     |
----------------------------------
----------------------------------
| rollout/            |          |
|    ep_len_mean      | 80.6     |
|    ep_rew_mean      | 22.8     |
|    exploration_rate | 0.05     |
| time/               |          |
|    episodes         | 332      |
|    fps              | 26       |
|    time_elapsed     | 785      |
|    total_timesteps  | 20572    |
| train/              |          |
|    learning_rate    | 0.0005   |
|    loss             | 0.00586  |
|    n_updates        | 4892     |
----------------------------------
----------------------------------
| rollout/            |          |
|    ep_len_mean      | 81.3     |
|    ep_rew_mean      | 23.1     |
|    exploration_rate | 0.05     |
| time/               |          |
|    episodes         | 336      |
|    fps              | 26       |
|    time_elapsed     | 796      |
|    total_timesteps  | 20856    |
| train/              |          |
|    learning_rate    | 0.0005   |
|    loss             | 0.0173   |
|    n_updates        | 4963     |
----------------------------------
----------------------------------
| rollout/            |          |
|    ep_len_mean      | 81.1     |
|    ep_rew_mean      | 23.1     |
|    exploration_rate | 0.05     |
| time/               |          |
|    episodes         | 340      |
|    fps              | 26       |
|    time_elapsed     | 802      |
|    total_timesteps  | 21005    |
| train/              |          |
|    learning_rate    | 0.0005   |
|    loss             | 0.00717  |
|    n_updates        | 5001     |
----------------------------------
----------------------------------
| rollout/            |          |
|    ep_len_mean      | 79.9     |
|    ep_rew_mean      | 22.8     |
|    exploration_rate | 0.05     |
| time/               |          |
|    episodes         | 344      |
|    fps              | 26       |
|    time_elapsed     | 808      |
|    total_timesteps  | 21167    |
| train/              |          |
|    learning_rate    | 0.0005   |
|    loss             | 0.000365 |
|    n_updates        | 5041     |
----------------------------------
----------------------------------
| rollout/            |          |
|    ep_len_mean      | 81.5     |
|    ep_rew_mean      | 23.5     |
|    exploration_rate | 0.05     |
| time/               |          |
|    episodes         | 348      |
|    fps              | 26       |
|    time_elapsed     | 822      |
|    total_timesteps  | 21524    |
| train/              |          |
|    learning_rate    | 0.0005   |
|    loss             | 0.00599  |
|    n_updates        | 5130     |
----------------------------------
----------------------------------
| rollout/            |          |
|    ep_len_mean      | 82.4     |
|    ep_rew_mean      | 23.9     |
|    exploration_rate | 0.05     |
| time/               |          |
|    episodes         | 352      |
|    fps              | 26       |
|    time_elapsed     | 838      |
|    total_timesteps  | 21911    |
| train/              |          |
|    learning_rate    | 0.0005   |
|    loss             | 0.00231  |
|    n_updates        | 5227     |
----------------------------------
----------------------------------
| rollout/            |          |
|    ep_len_mean      | 84       |
|    ep_rew_mean      | 24.6     |
|    exploration_rate | 0.05     |
| time/               |          |
|    episodes         | 356      |
|    fps              | 26       |
|    time_elapsed     | 855      |
|    total_timesteps  | 22342    |
| train/              |          |
|    learning_rate    | 0.0005   |
|    loss             | 0.00288  |
|    n_updates        | 5335     |
----------------------------------
----------------------------------
| rollout/            |          |
|    ep_len_mean      | 85.5     |
|    ep_rew_mean      | 25.2     |
|    exploration_rate | 0.05     |
| time/               |          |
|    episodes         | 360      |
|    fps              | 26       |
|    time_elapsed     | 867      |
|    total_timesteps  | 22661    |
| train/              |          |
|    learning_rate    | 0.0005   |
|    loss             | 0.00133  |
|    n_updates        | 5415     |
----------------------------------
----------------------------------
| rollout/            |          |
|    ep_len_mean      | 84.4     |
|    ep_rew_mean      | 24.9     |
|    exploration_rate | 0.05     |
| time/               |          |
|    episodes         | 364      |
|    fps              | 26       |
|    time_elapsed     | 874      |
|    total_timesteps  | 22872    |
| train/              |          |
|    learning_rate    | 0.0005   |
|    loss             | 0.000443 |
|    n_updates        | 5467     |
----------------------------------
----------------------------------
| rollout/            |          |
|    ep_len_mean      | 82.2     |
|    ep_rew_mean      | 24       |
|    exploration_rate | 0.05     |
| time/               |          |
|    episodes         | 368      |
|    fps              | 26       |
|    time_elapsed     | 882      |
|    total_timesteps  | 23069    |
| train/              |          |
|    learning_rate    | 0.0005   |
|    loss             | 0.000847 |
|    n_updates        | 5517     |
----------------------------------
----------------------------------
| rollout/            |          |
|    ep_len_mean      | 81.8     |
|    ep_rew_mean      | 23.8     |
|    exploration_rate | 0.05     |
| time/               |          |
|    episodes         | 372      |
|    fps              | 26       |
|    time_elapsed     | 894      |
|    total_timesteps  | 23361    |
| train/              |          |
|    learning_rate    | 0.0005   |
|    loss             | 0.00595  |
|    n_updates        | 5590     |
----------------------------------
----------------------------------
| rollout/            |          |
|    ep_len_mean      | 79       |
|    ep_rew_mean      | 22.7     |
|    exploration_rate | 0.05     |
| time/               |          |
|    episodes         | 376      |
|    fps              | 26       |
|    time_elapsed     | 902      |
|    total_timesteps  | 23582    |
| train/              |          |
|    learning_rate    | 0.0005   |
|    loss             | 0.00163  |
|    n_updates        | 5645     |
----------------------------------
----------------------------------
| rollout/            |          |
|    ep_len_mean      | 77.4     |
|    ep_rew_mean      | 22.1     |
|    exploration_rate | 0.05     |
| time/               |          |
|    episodes         | 380      |
|    fps              | 26       |
|    time_elapsed     | 912      |
|    total_timesteps  | 23828    |
| train/              |          |
|    learning_rate    | 0.0005   |
|    loss             | 0.00123  |
|    n_updates        | 5706     |
----------------------------------
----------------------------------
| rollout/            |          |
|    ep_len_mean      | 74.5     |
|    ep_rew_mean      | 21       |
|    exploration_rate | 0.05     |
| time/               |          |
|    episodes         | 384      |
|    fps              | 26       |
|    time_elapsed     | 921      |
|    total_timesteps  | 24044    |
| train/              |          |
|    learning_rate    | 0.0005   |
|    loss             | 0.00395  |
|    n_updates        | 5760     |
----------------------------------
----------------------------------
| rollout/            |          |
|    ep_len_mean      | 71.4     |
|    ep_rew_mean      | 19.8     |
|    exploration_rate | 0.05     |
| time/               |          |
|    episodes         | 388      |
|    fps              | 26       |
|    time_elapsed     | 928      |
|    total_timesteps  | 24233    |
| train/              |          |
|    learning_rate    | 0.0005   |
|    loss             | 0.000655 |
|    n_updates        | 5808     |
----------------------------------
----------------------------------
| rollout/            |          |
|    ep_len_mean      | 72.1     |
|    ep_rew_mean      | 20.2     |
|    exploration_rate | 0.05     |
| time/               |          |
|    episodes         | 392      |
|    fps              | 26       |
|    time_elapsed     | 945      |
|    total_timesteps  | 24652    |
| train/              |          |
|    learning_rate    | 0.0005   |
|    loss             | 0.00107  |
|    n_updates        | 5912     |
----------------------------------
----------------------------------
| rollout/            |          |
|    ep_len_mean      | 69.5     |
|    ep_rew_mean      | 19.1     |
|    exploration_rate | 0.05     |
| time/               |          |
|    episodes         | 396      |
|    fps              | 26       |
|    time_elapsed     | 955      |
|    total_timesteps  | 24905    |
| train/              |          |
|    learning_rate    | 0.0005   |
|    loss             | 0.00165  |
|    n_updates        | 5976     |
----------------------------------
[Eval @25000] R=4.0±3.0 CR=0.800 Spd=24.4 LC=8.5 SR=0.200
----------------------------------
| rollout/            |          |
|    ep_len_mean      | 67.5     |
|    ep_rew_mean      | 18.4     |
|    exploration_rate | 0.05     |
| time/               |          |
|    episodes         | 400      |
|    fps              | 24       |
|    time_elapsed     | 1013     |
|    total_timesteps  | 25153    |
| train/              |          |
|    learning_rate    | 0.0005   |
|    loss             | 0.00281  |
|    n_updates        | 6038     |
----------------------------------
----------------------------------
| rollout/            |          |
|    ep_len_mean      | 67.5     |
|    ep_rew_mean      | 18.4     |
|    exploration_rate | 0.05     |
| time/               |          |
|    episodes         | 404      |
|    fps              | 24       |
|    time_elapsed     | 1014     |
|    total_timesteps  | 25267    |
| train/              |          |
|    learning_rate    | 0.0005   |
|    loss             | 0.000555 |
|    n_updates        | 6066     |
----------------------------------
----------------------------------
| rollout/            |          |
|    ep_len_mean      | 67.9     |
|    ep_rew_mean      | 18.6     |
|    exploration_rate | 0.05     |
| time/               |          |
|    episodes         | 408      |
|    fps              | 25       |
|    time_elapsed     | 1017     |
|    total_timesteps  | 25468    |
| train/              |          |
|    learning_rate    | 0.0005   |
|    loss             | 0.00502  |
|    n_updates        | 6116     |
----------------------------------
----------------------------------
| rollout/            |          |
|    ep_len_mean      | 69.3     |
|    ep_rew_mean      | 19.1     |
|    exploration_rate | 0.05     |
| time/               |          |
|    episodes         | 412      |
|    fps              | 25       |
|    time_elapsed     | 1023     |
|    total_timesteps  | 25952    |
| train/              |          |
|    learning_rate    | 0.0005   |
|    loss             | 0.0014   |
|    n_updates        | 6237     |
----------------------------------
----------------------------------
| rollout/            |          |
|    ep_len_mean      | 72.1     |
|    ep_rew_mean      | 20.5     |
|    exploration_rate | 0.05     |
| time/               |          |
|    episodes         | 416      |
|    fps              | 25       |
|    time_elapsed     | 1028     |
|    total_timesteps  | 26326    |
| train/              |          |
|    learning_rate    | 0.0005   |
|    loss             | 0.000406 |
|    n_updates        | 6331     |
----------------------------------
----------------------------------
| rollout/            |          |
|    ep_len_mean      | 72.9     |
|    ep_rew_mean      | 20.8     |
|    exploration_rate | 0.05     |
| time/               |          |
|    episodes         | 420      |
|    fps              | 25       |
|    time_elapsed     | 1032     |
|    total_timesteps  | 26617    |
| train/              |          |
|    learning_rate    | 0.0005   |
|    loss             | 0.0012   |
|    n_updates        | 6404     |
----------------------------------
----------------------------------
| rollout/            |          |
|    ep_len_mean      | 73.3     |
|    ep_rew_mean      | 21.1     |
|    exploration_rate | 0.05     |
| time/               |          |
|    episodes         | 424      |
|    fps              | 26       |
|    time_elapsed     | 1037     |
|    total_timesteps  | 27024    |
| train/              |          |
|    learning_rate    | 0.0005   |
|    loss             | 0.00506  |
|    n_updates        | 6505     |
----------------------------------
----------------------------------
| rollout/            |          |
|    ep_len_mean      | 70.4     |
|    ep_rew_mean      | 19.8     |
|    exploration_rate | 0.05     |
| time/               |          |
|    episodes         | 428      |
|    fps              | 26       |
|    time_elapsed     | 1039     |
|    total_timesteps  | 27196    |
| train/              |          |
|    learning_rate    | 0.0005   |
|    loss             | 0.00595  |
|    n_updates        | 6548     |
----------------------------------
----------------------------------
| rollout/            |          |
|    ep_len_mean      | 67.8     |
|    ep_rew_mean      | 18.8     |
|    exploration_rate | 0.05     |
| time/               |          |
|    episodes         | 432      |
|    fps              | 26       |
|    time_elapsed     | 1041     |
|    total_timesteps  | 27356    |
| train/              |          |
|    learning_rate    | 0.0005   |
|    loss             | 0.000467 |
|    n_updates        | 6588     |
----------------------------------
----------------------------------
| rollout/            |          |
|    ep_len_mean      | 68.2     |
|    ep_rew_mean      | 18.9     |
|    exploration_rate | 0.05     |
| time/               |          |
|    episodes         | 436      |
|    fps              | 26       |
|    time_elapsed     | 1049     |
|    total_timesteps  | 27677    |
| train/              |          |
|    learning_rate    | 0.0005   |
|    loss             | 0.00235  |
|    n_updates        | 6669     |
----------------------------------
----------------------------------
| rollout/            |          |
|    ep_len_mean      | 68.8     |
|    ep_rew_mean      | 19.1     |
|    exploration_rate | 0.05     |
| time/               |          |
|    episodes         | 440      |
|    fps              | 26       |
|    time_elapsed     | 1052     |
|    total_timesteps  | 27886    |
| train/              |          |
|    learning_rate    | 0.0005   |
|    loss             | 0.00554  |
|    n_updates        | 6721     |
----------------------------------
----------------------------------
| rollout/            |          |
|    ep_len_mean      | 68.7     |
|    ep_rew_mean      | 19.1     |
|    exploration_rate | 0.05     |
| time/               |          |
|    episodes         | 444      |
|    fps              | 26       |
|    time_elapsed     | 1054     |
|    total_timesteps  | 28033    |
| train/              |          |
|    learning_rate    | 0.0005   |
|    loss             | 0.000228 |
|    n_updates        | 6758     |
----------------------------------
----------------------------------
| rollout/            |          |
|    ep_len_mean      | 66.9     |
|    ep_rew_mean      | 18.4     |
|    exploration_rate | 0.05     |
| time/               |          |
|    episodes         | 448      |
|    fps              | 26       |
|    time_elapsed     | 1056     |
|    total_timesteps  | 28213    |
| train/              |          |
|    learning_rate    | 0.0005   |
|    loss             | 0.000238 |
|    n_updates        | 6803     |
----------------------------------
----------------------------------
| rollout/            |          |
|    ep_len_mean      | 68.3     |
|    ep_rew_mean      | 19.2     |
|    exploration_rate | 0.05     |
| time/               |          |
|    episodes         | 452      |
|    fps              | 27       |
|    time_elapsed     | 1063     |
|    total_timesteps  | 28745    |
| train/              |          |
|    learning_rate    | 0.0005   |
|    loss             | 0.000389 |
|    n_updates        | 6936     |
----------------------------------
----------------------------------
| rollout/            |          |
|    ep_len_mean      | 68       |
|    ep_rew_mean      | 19.3     |
|    exploration_rate | 0.05     |
| time/               |          |
|    episodes         | 456      |
|    fps              | 27       |
|    time_elapsed     | 1068     |
|    total_timesteps  | 29147    |
| train/              |          |
|    learning_rate    | 0.0005   |
|    loss             | 0.000366 |
|    n_updates        | 7036     |
----------------------------------
----------------------------------
| rollout/            |          |
|    ep_len_mean      | 67       |
|    ep_rew_mean      | 18.9     |
|    exploration_rate | 0.05     |
| time/               |          |
|    episodes         | 460      |
|    fps              | 27       |
|    time_elapsed     | 1071     |
|    total_timesteps  | 29356    |
| train/              |          |
|    learning_rate    | 0.0005   |
|    loss             | 0.000339 |
|    n_updates        | 7088     |
----------------------------------
----------------------------------
| rollout/            |          |
|    ep_len_mean      | 66.9     |
|    ep_rew_mean      | 18.9     |
|    exploration_rate | 0.05     |
| time/               |          |
|    episodes         | 464      |
|    fps              | 27       |
|    time_elapsed     | 1074     |
|    total_timesteps  | 29561    |
| train/              |          |
|    learning_rate    | 0.0005   |
|    loss             | 0.00125  |
|    n_updates        | 7140     |
----------------------------------
[Eval @30000] R=1.3±1.7 CR=1.000 Spd=25.5 LC=3.2 SR=0.000
----------------------------------
| rollout/            |          |
|    ep_len_mean      | 69.5     |
|    ep_rew_mean      | 20.1     |
|    exploration_rate | 0.05     |
| time/               |          |
|    episodes         | 468      |
|    fps              | 27       |
|    time_elapsed     | 1086     |
|    total_timesteps  | 30021    |
| train/              |          |
|    learning_rate    | 0.0005   |
|    loss             | 0.00318  |
|    n_updates        | 7255     |
----------------------------------
----------------------------------
| rollout/            |          |
|    ep_len_mean      | 68.2     |
|    ep_rew_mean      | 19.6     |
|    exploration_rate | 0.05     |
| time/               |          |
|    episodes         | 472      |
|    fps              | 27       |
|    time_elapsed     | 1088     |
|    total_timesteps  | 30181    |
| train/              |          |
|    learning_rate    | 0.0005   |
|    loss             | 0.000448 |
|    n_updates        | 7295     |
----------------------------------
----------------------------------
| rollout/            |          |
|    ep_len_mean      | 68.7     |
|    ep_rew_mean      | 19.8     |
|    exploration_rate | 0.05     |
| time/               |          |
|    episodes         | 476      |
|    fps              | 27       |
|    time_elapsed     | 1092     |
|    total_timesteps  | 30447    |
| train/              |          |
|    learning_rate    | 0.0005   |
|    loss             | 0.000266 |
|    n_updates        | 7361     |
----------------------------------
----------------------------------
| rollout/            |          |
|    ep_len_mean      | 70.2     |
|    ep_rew_mean      | 20.5     |
|    exploration_rate | 0.05     |
| time/               |          |
|    episodes         | 480      |
|    fps              | 28       |
|    time_elapsed     | 1097     |
|    total_timesteps  | 30849    |
| train/              |          |
|    learning_rate    | 0.0005   |
|    loss             | 0.00033  |
|    n_updates        | 7462     |
----------------------------------
----------------------------------
| rollout/            |          |
|    ep_len_mean      | 70.9     |
|    ep_rew_mean      | 20.8     |
|    exploration_rate | 0.05     |
| time/               |          |
|    episodes         | 484      |
|    fps              | 28       |
|    time_elapsed     | 1103     |
|    total_timesteps  | 31131    |
| train/              |          |
|    learning_rate    | 0.0005   |
|    loss             | 0.000511 |
|    n_updates        | 7532     |
----------------------------------
----------------------------------
| rollout/            |          |
|    ep_len_mean      | 72.2     |
|    ep_rew_mean      | 21.4     |
|    exploration_rate | 0.05     |
| time/               |          |
|    episodes         | 488      |
|    fps              | 28       |
|    time_elapsed     | 1107     |
|    total_timesteps  | 31454    |
| train/              |          |
|    learning_rate    | 0.0005   |
|    loss             | 0.00478  |
|    n_updates        | 7613     |
----------------------------------
----------------------------------
| rollout/            |          |
|    ep_len_mean      | 69.1     |
|    ep_rew_mean      | 20.1     |
|    exploration_rate | 0.05     |
| time/               |          |
|    episodes         | 492      |
|    fps              | 28       |
|    time_elapsed     | 1109     |
|    total_timesteps  | 31564    |
| train/              |          |
|    learning_rate    | 0.0005   |
|    loss             | 0.00225  |
|    n_updates        | 7640     |
----------------------------------
----------------------------------
| rollout/            |          |
|    ep_len_mean      | 73.6     |
|    ep_rew_mean      | 22.1     |
|    exploration_rate | 0.05     |
| time/               |          |
|    episodes         | 496      |
|    fps              | 28       |
|    time_elapsed     | 1118     |
|    total_timesteps  | 32264    |
| train/              |          |
|    learning_rate    | 0.0005   |
|    loss             | 0.0074   |
|    n_updates        | 7815     |
----------------------------------
----------------------------------
| rollout/            |          |
|    ep_len_mean      | 75.2     |
|    ep_rew_mean      | 22.9     |
|    exploration_rate | 0.05     |
| time/               |          |
|    episodes         | 500      |
|    fps              | 29       |
|    time_elapsed     | 1123     |
|    total_timesteps  | 32676    |
| train/              |          |
|    learning_rate    | 0.0005   |
|    loss             | 0.0016   |
|    n_updates        | 7918     |
----------------------------------
----------------------------------
| rollout/            |          |
|    ep_len_mean      | 76.8     |
|    ep_rew_mean      | 23.4     |
|    exploration_rate | 0.05     |
| time/               |          |
|    episodes         | 504      |
|    fps              | 29       |
|    time_elapsed     | 1126     |
|    total_timesteps  | 32943    |
| train/              |          |
|    learning_rate    | 0.0005   |
|    loss             | 0.00379  |
|    n_updates        | 7985     |
----------------------------------
----------------------------------
| rollout/            |          |
|    ep_len_mean      | 77.6     |
|    ep_rew_mean      | 23.7     |
|    exploration_rate | 0.05     |
| time/               |          |
|    episodes         | 508      |
|    fps              | 29       |
|    time_elapsed     | 1130     |
|    total_timesteps  | 33226    |
| train/              |          |
|    learning_rate    | 0.0005   |
|    loss             | 0.00688  |
|    n_updates        | 8056     |
----------------------------------
----------------------------------
| rollout/            |          |
|    ep_len_mean      | 75.3     |
|    ep_rew_mean      | 22.8     |
|    exploration_rate | 0.05     |
| time/               |          |
|    episodes         | 512      |
|    fps              | 29       |
|    time_elapsed     | 1133     |
|    total_timesteps  | 33487    |
| train/              |          |
|    learning_rate    | 0.0005   |
|    loss             | 0.000402 |
|    n_updates        | 8121     |
----------------------------------
----------------------------------
| rollout/            |          |
|    ep_len_mean      | 75.9     |
|    ep_rew_mean      | 22.9     |
|    exploration_rate | 0.05     |
| time/               |          |
|    episodes         | 516      |
|    fps              | 29       |
|    time_elapsed     | 1139     |
|    total_timesteps  | 33918    |
| train/              |          |
|    learning_rate    | 0.0005   |
|    loss             | 0.000281 |
|    n_updates        | 8229     |
----------------------------------
----------------------------------
| rollout/            |          |
|    ep_len_mean      | 74.1     |
|    ep_rew_mean      | 22.1     |
|    exploration_rate | 0.05     |
| time/               |          |
|    episodes         | 520      |
|    fps              | 29       |
|    time_elapsed     | 1140     |
|    total_timesteps  | 34027    |
| train/              |          |
|    learning_rate    | 0.0005   |
|    loss             | 0.000121 |
|    n_updates        | 8256     |
----------------------------------
----------------------------------
| rollout/            |          |
|    ep_len_mean      | 72.8     |
|    ep_rew_mean      | 21.6     |
|    exploration_rate | 0.05     |
| time/               |          |
|    episodes         | 524      |
|    fps              | 29       |
|    time_elapsed     | 1144     |
|    total_timesteps  | 34309    |
| train/              |          |
|    learning_rate    | 0.0005   |
|    loss             | 0.00232  |
|    n_updates        | 8327     |
----------------------------------
----------------------------------
| rollout/            |          |
|    ep_len_mean      | 73.7     |
|    ep_rew_mean      | 22       |
|    exploration_rate | 0.05     |
| time/               |          |
|    episodes         | 528      |
|    fps              | 30       |
|    time_elapsed     | 1147     |
|    total_timesteps  | 34566    |
| train/              |          |
|    learning_rate    | 0.0005   |
|    loss             | 0.000221 |
|    n_updates        | 8391     |
----------------------------------
----------------------------------
| rollout/            |          |
|    ep_len_mean      | 75.5     |
|    ep_rew_mean      | 22.7     |
|    exploration_rate | 0.05     |
| time/               |          |
|    episodes         | 532      |
|    fps              | 30       |
|    time_elapsed     | 1152     |
|    total_timesteps  | 34906    |
| train/              |          |
|    learning_rate    | 0.0005   |
|    loss             | 0.014    |
|    n_updates        | 8476     |
----------------------------------
[Eval @35000] R=2.9±2.4 CR=0.900 Spd=25.6 LC=1.2 SR=0.100
----------------------------------
| rollout/            |          |
|    ep_len_mean      | 75.2     |
|    ep_rew_mean      | 22.6     |
|    exploration_rate | 0.05     |
| time/               |          |
|    episodes         | 536      |
|    fps              | 29       |
|    time_elapsed     | 1175     |
|    total_timesteps  | 35197    |
| train/              |          |
|    learning_rate    | 0.0005   |
|    loss             | 0.00109  |
|    n_updates        | 8549     |
----------------------------------
----------------------------------
| rollout/            |          |
|    ep_len_mean      | 75       |
|    ep_rew_mean      | 22.5     |
|    exploration_rate | 0.05     |
| time/               |          |
|    episodes         | 540      |
|    fps              | 29       |
|    time_elapsed     | 1181     |
|    total_timesteps  | 35381    |
| train/              |          |
|    learning_rate    | 0.0005   |
|    loss             | 0.00362  |
|    n_updates        | 8595     |
----------------------------------
----------------------------------
| rollout/            |          |
|    ep_len_mean      | 76.9     |
|    ep_rew_mean      | 23.5     |
|    exploration_rate | 0.05     |
| time/               |          |
|    episodes         | 544      |
|    fps              | 30       |
|    time_elapsed     | 1185     |
|    total_timesteps  | 35725    |
| train/              |          |
|    learning_rate    | 0.0005   |
|    loss             | 0.000929 |
|    n_updates        | 8681     |
----------------------------------
----------------------------------
| rollout/            |          |
|    ep_len_mean      | 80.5     |
|    ep_rew_mean      | 25.2     |
|    exploration_rate | 0.05     |
| time/               |          |
|    episodes         | 548      |
|    fps              | 30       |
|    time_elapsed     | 1192     |
|    total_timesteps  | 36262    |
| train/              |          |
|    learning_rate    | 0.0005   |
|    loss             | 0.00492  |
|    n_updates        | 8815     |
----------------------------------
----------------------------------
| rollout/            |          |
|    ep_len_mean      | 81.8     |
|    ep_rew_mean      | 25.9     |
|    exploration_rate | 0.05     |
| time/               |          |
|    episodes         | 552      |
|    fps              | 30       |
|    time_elapsed     | 1201     |
|    total_timesteps  | 36920    |
| train/              |          |
|    learning_rate    | 0.0005   |
|    loss             | 0.000187 |
|    n_updates        | 8979     |
----------------------------------
----------------------------------
| rollout/            |          |
|    ep_len_mean      | 80.1     |
|    ep_rew_mean      | 25.1     |
|    exploration_rate | 0.05     |
| time/               |          |
|    episodes         | 556      |
|    fps              | 30       |
|    time_elapsed     | 1204     |
|    total_timesteps  | 37156    |
| train/              |          |
|    learning_rate    | 0.0005   |
|    loss             | 0.000442 |
|    n_updates        | 9038     |
----------------------------------
----------------------------------
| rollout/            |          |
|    ep_len_mean      | 81.1     |
|    ep_rew_mean      | 25.6     |
|    exploration_rate | 0.05     |
| time/               |          |
|    episodes         | 560      |
|    fps              | 31       |
|    time_elapsed     | 1208     |
|    total_timesteps  | 37463    |
| train/              |          |
|    learning_rate    | 0.0005   |
|    loss             | 0.000404 |
|    n_updates        | 9115     |
----------------------------------
----------------------------------
| rollout/            |          |
|    ep_len_mean      | 84       |
|    ep_rew_mean      | 27       |
|    exploration_rate | 0.05     |
| time/               |          |
|    episodes         | 564      |
|    fps              | 31       |
|    time_elapsed     | 1214     |
|    total_timesteps  | 37961    |
| train/              |          |
|    learning_rate    | 0.0005   |
|    loss             | 0.000388 |
|    n_updates        | 9240     |
----------------------------------
----------------------------------
| rollout/            |          |
|    ep_len_mean      | 81.1     |
|    ep_rew_mean      | 25.7     |
|    exploration_rate | 0.05     |
| time/               |          |
|    episodes         | 568      |
|    fps              | 31       |
|    time_elapsed     | 1216     |
|    total_timesteps  | 38132    |
| train/              |          |
|    learning_rate    | 0.0005   |
|    loss             | 0.000394 |
|    n_updates        | 9282     |
----------------------------------
----------------------------------
| rollout/            |          |
|    ep_len_mean      | 83       |
|    ep_rew_mean      | 26.5     |
|    exploration_rate | 0.05     |
| time/               |          |
|    episodes         | 572      |
|    fps              | 31       |
|    time_elapsed     | 1221     |
|    total_timesteps  | 38486    |
| train/              |          |
|    learning_rate    | 0.0005   |
|    loss             | 0.000318 |
|    n_updates        | 9371     |
----------------------------------
----------------------------------
| rollout/            |          |
|    ep_len_mean      | 84.3     |
|    ep_rew_mean      | 27.1     |
|    exploration_rate | 0.05     |
| time/               |          |
|    episodes         | 576      |
|    fps              | 31       |
|    time_elapsed     | 1226     |
|    total_timesteps  | 38873    |
| train/              |          |
|    learning_rate    | 0.0005   |
|    loss             | 0.000272 |
|    n_updates        | 9468     |
----------------------------------
----------------------------------
| rollout/            |          |
|    ep_len_mean      | 84.4     |
|    ep_rew_mean      | 27.1     |
|    exploration_rate | 0.05     |
| time/               |          |
|    episodes         | 580      |
|    fps              | 31       |
|    time_elapsed     | 1231     |
|    total_timesteps  | 39293    |
| train/              |          |
|    learning_rate    | 0.0005   |
|    loss             | 0.000988 |
|    n_updates        | 9573     |
----------------------------------
----------------------------------
| rollout/            |          |
|    ep_len_mean      | 86.9     |
|    ep_rew_mean      | 28.3     |
|    exploration_rate | 0.05     |
| time/               |          |
|    episodes         | 584      |
|    fps              | 32       |
|    time_elapsed     | 1238     |
|    total_timesteps  | 39823    |
| train/              |          |
|    learning_rate    | 0.0005   |
|    loss             | 0.00161  |
|    n_updates        | 9705     |
----------------------------------
[Eval @40000] R=3.2±2.3 CR=0.900 Spd=24.7 LC=2.0 SR=0.100
----------------------------------
| rollout/            |          |
|    ep_len_mean      | 86       |
|    ep_rew_mean      | 27.8     |
|    exploration_rate | 0.05     |
| time/               |          |
|    episodes         | 588      |
|    fps              | 31       |
|    time_elapsed     | 1253     |
|    total_timesteps  | 40051    |
| train/              |          |
|    learning_rate    | 0.0005   |
|    loss             | 0.0155   |
|    n_updates        | 9762     |
----------------------------------
----------------------------------
| rollout/            |          |
|    ep_len_mean      | 89.4     |
|    ep_rew_mean      | 29.4     |
|    exploration_rate | 0.05     |
| time/               |          |
|    episodes         | 592      |
|    fps              | 32       |
|    time_elapsed     | 1259     |
|    total_timesteps  | 40501    |
| train/              |          |
|    learning_rate    | 0.0005   |
|    loss             | 0.00159  |
|    n_updates        | 9875     |
----------------------------------
----------------------------------
| rollout/            |          |
|    ep_len_mean      | 84.7     |
|    ep_rew_mean      | 27.3     |
|    exploration_rate | 0.05     |
| time/               |          |
|    episodes         | 596      |
|    fps              | 32       |
|    time_elapsed     | 1262     |
|    total_timesteps  | 40731    |
| train/              |          |
|    learning_rate    | 0.0005   |
|    loss             | 0.00901  |
|    n_updates        | 9932     |
----------------------------------
----------------------------------
| rollout/            |          |
|    ep_len_mean      | 84.6     |
|    ep_rew_mean      | 27.2     |
|    exploration_rate | 0.05     |
| time/               |          |
|    episodes         | 600      |
|    fps              | 32       |
|    time_elapsed     | 1267     |
|    total_timesteps  | 41133    |
| train/              |          |
|    learning_rate    | 0.0005   |
|    loss             | 0.000343 |
|    n_updates        | 10033    |
----------------------------------
----------------------------------
| rollout/            |          |
|    ep_len_mean      | 86.2     |
|    ep_rew_mean      | 28       |
|    exploration_rate | 0.05     |
| time/               |          |
|    episodes         | 604      |
|    fps              | 32       |
|    time_elapsed     | 1281     |
|    total_timesteps  | 41568    |
| train/              |          |
|    learning_rate    | 0.0005   |
|    loss             | 0.0061   |
|    n_updates        | 10141    |
----------------------------------
----------------------------------
| rollout/            |          |
|    ep_len_mean      | 86.6     |
|    ep_rew_mean      | 28.2     |
|    exploration_rate | 0.05     |
| time/               |          |
|    episodes         | 608      |
|    fps              | 32       |
|    time_elapsed     | 1293     |
|    total_timesteps  | 41883    |
| train/              |          |
|    learning_rate    | 0.0005   |
|    loss             | 0.00319  |
|    n_updates        | 10220    |
----------------------------------
----------------------------------
| rollout/            |          |
|    ep_len_mean      | 87.5     |
|    ep_rew_mean      | 28.8     |
|    exploration_rate | 0.05     |
| time/               |          |
|    episodes         | 612      |
|    fps              | 32       |
|    time_elapsed     | 1307     |
|    total_timesteps  | 42240    |
| train/              |          |
|    learning_rate    | 0.0005   |
|    loss             | 0.000237 |
|    n_updates        | 10309    |
----------------------------------
----------------------------------
| rollout/            |          |
|    ep_len_mean      | 87.1     |
|    ep_rew_mean      | 28.5     |
|    exploration_rate | 0.05     |
| time/               |          |
|    episodes         | 616      |
|    fps              | 32       |
|    time_elapsed     | 1322     |
|    total_timesteps  | 42625    |
| train/              |          |
|    learning_rate    | 0.0005   |
|    loss             | 0.00237  |
|    n_updates        | 10406    |
----------------------------------
----------------------------------
| rollout/            |          |
|    ep_len_mean      | 89.2     |
|    ep_rew_mean      | 29.4     |
|    exploration_rate | 0.05     |
| time/               |          |
|    episodes         | 620      |
|    fps              | 32       |
|    time_elapsed     | 1335     |
|    total_timesteps  | 42949    |
| train/              |          |
|    learning_rate    | 0.0005   |
|    loss             | 0.00536  |
|    n_updates        | 10487    |
----------------------------------
----------------------------------
| rollout/            |          |
|    ep_len_mean      | 89.7     |
|    ep_rew_mean      | 29.5     |
|    exploration_rate | 0.05     |
| time/               |          |
|    episodes         | 624      |
|    fps              | 32       |
|    time_elapsed     | 1348     |
|    total_timesteps  | 43275    |
| train/              |          |
|    learning_rate    | 0.0005   |
|    loss             | 0.000308 |
|    n_updates        | 10568    |
----------------------------------
----------------------------------
| rollout/            |          |
|    ep_len_mean      | 90.1     |
|    ep_rew_mean      | 29.6     |
|    exploration_rate | 0.05     |
| time/               |          |
|    episodes         | 628      |
|    fps              | 32       |
|    time_elapsed     | 1360     |
|    total_timesteps  | 43573    |
| train/              |          |
|    learning_rate    | 0.0005   |
|    loss             | 0.00075  |
|    n_updates        | 10643    |
----------------------------------
----------------------------------
| rollout/            |          |
|    ep_len_mean      | 89.5     |
|    ep_rew_mean      | 29.5     |
|    exploration_rate | 0.05     |
| time/               |          |
|    episodes         | 632      |
|    fps              | 31       |
|    time_elapsed     | 1371     |
|    total_timesteps  | 43858    |
| train/              |          |
|    learning_rate    | 0.0005   |
|    loss             | 0.00104  |
|    n_updates        | 10714    |
----------------------------------
----------------------------------
| rollout/            |          |
|    ep_len_mean      | 90.7     |
|    ep_rew_mean      | 30       |
|    exploration_rate | 0.05     |
| time/               |          |
|    episodes         | 636      |
|    fps              | 31       |
|    time_elapsed     | 1387     |
|    total_timesteps  | 44265    |
| train/              |          |
|    learning_rate    | 0.0005   |
|    loss             | 0.00109  |
|    n_updates        | 10816    |
----------------------------------
----------------------------------
| rollout/            |          |
|    ep_len_mean      | 92.1     |
|    ep_rew_mean      | 30.8     |
|    exploration_rate | 0.05     |
| time/               |          |
|    episodes         | 640      |
|    fps              | 31       |
|    time_elapsed     | 1400     |
|    total_timesteps  | 44590    |
| train/              |          |
|    learning_rate    | 0.0005   |
|    loss             | 0.000762 |
|    n_updates        | 10897    |
----------------------------------
----------------------------------
| rollout/            |          |
|    ep_len_mean      | 91.8     |
|    ep_rew_mean      | 30.6     |
|    exploration_rate | 0.05     |
| time/               |          |
|    episodes         | 644      |
|    fps              | 31       |
|    time_elapsed     | 1412     |
|    total_timesteps  | 44903    |
| train/              |          |
|    learning_rate    | 0.0005   |
|    loss             | 0.000204 |
|    n_updates        | 10975    |
----------------------------------
[Eval @45000] R=3.2±3.8 CR=0.700 Spd=25.2 LC=3.5 SR=0.300
----------------------------------
| rollout/            |          |
|    ep_len_mean      | 88.3     |
|    ep_rew_mean      | 29       |
|    exploration_rate | 0.05     |
| time/               |          |
|    episodes         | 648      |
|    fps              | 30       |
|    time_elapsed     | 1454     |
|    total_timesteps  | 45097    |
| train/              |          |
|    learning_rate    | 0.0005   |
|    loss             | 0.000206 |
|    n_updates        | 11024    |
----------------------------------
----------------------------------
| rollout/            |          |
|    ep_len_mean      | 83.2     |
|    ep_rew_mean      | 26.6     |
|    exploration_rate | 0.05     |
| time/               |          |
|    episodes         | 652      |
|    fps              | 30       |
|    time_elapsed     | 1460     |
|    total_timesteps  | 45240    |
| train/              |          |
|    learning_rate    | 0.0005   |
|    loss             | 0.00154  |
|    n_updates        | 11059    |
----------------------------------
----------------------------------
| rollout/            |          |
|    ep_len_mean      | 84.5     |
|    ep_rew_mean      | 27.2     |
|    exploration_rate | 0.05     |
| time/               |          |
|    episodes         | 656      |
|    fps              | 30       |
|    time_elapsed     | 1474     |
|    total_timesteps  | 45606    |
| train/              |          |
|    learning_rate    | 0.0005   |
|    loss             | 0.000849 |
|    n_updates        | 11151    |
----------------------------------
----------------------------------
| rollout/            |          |
|    ep_len_mean      | 86.2     |
|    ep_rew_mean      | 28       |
|    exploration_rate | 0.05     |
| time/               |          |
|    episodes         | 660      |
|    fps              | 31       |
|    time_elapsed     | 1481     |
|    total_timesteps  | 46085    |
| train/              |          |
|    learning_rate    | 0.0005   |
|    loss             | 0.000138 |
|    n_updates        | 11271    |
----------------------------------
----------------------------------
| rollout/            |          |
|    ep_len_mean      | 86.8     |
|    ep_rew_mean      | 28.3     |
|    exploration_rate | 0.05     |
| time/               |          |
|    episodes         | 664      |
|    fps              | 31       |
|    time_elapsed     | 1488     |
|    total_timesteps  | 46638    |
| train/              |          |
|    learning_rate    | 0.0005   |
|    loss             | 0.00604  |
|    n_updates        | 11409    |
----------------------------------
----------------------------------
| rollout/            |          |
|    ep_len_mean      | 88.4     |
|    ep_rew_mean      | 29.1     |
|    exploration_rate | 0.05     |
| time/               |          |
|    episodes         | 668      |
|    fps              | 31       |
|    time_elapsed     | 1492     |
|    total_timesteps  | 46971    |
| train/              |          |
|    learning_rate    | 0.0005   |
|    loss             | 0.00732  |
|    n_updates        | 11492    |
----------------------------------
----------------------------------
| rollout/            |          |
|    ep_len_mean      | 87.1     |
|    ep_rew_mean      | 28.6     |
|    exploration_rate | 0.05     |
| time/               |          |
|    episodes         | 672      |
|    fps              | 31       |
|    time_elapsed     | 1495     |
|    total_timesteps  | 47197    |
| train/              |          |
|    learning_rate    | 0.0005   |
|    loss             | 0.000221 |
|    n_updates        | 11549    |
----------------------------------
----------------------------------
| rollout/            |          |
|    ep_len_mean      | 86.4     |
|    ep_rew_mean      | 28.3     |
|    exploration_rate | 0.05     |
| time/               |          |
|    episodes         | 676      |
|    fps              | 31       |
|    time_elapsed     | 1499     |
|    total_timesteps  | 47509    |
| train/              |          |
|    learning_rate    | 0.0005   |
|    loss             | 0.000205 |
|    n_updates        | 11627    |
----------------------------------
----------------------------------
| rollout/            |          |
|    ep_len_mean      | 87.2     |
|    ep_rew_mean      | 28.8     |
|    exploration_rate | 0.05     |
| time/               |          |
|    episodes         | 680      |
|    fps              | 31       |
|    time_elapsed     | 1505     |
|    total_timesteps  | 48010    |
| train/              |          |
|    learning_rate    | 0.0005   |
|    loss             | 0.000189 |
|    n_updates        | 11752    |
----------------------------------
----------------------------------
| rollout/            |          |
|    ep_len_mean      | 86.2     |
|    ep_rew_mean      | 28.5     |
|    exploration_rate | 0.05     |
| time/               |          |
|    episodes         | 684      |
|    fps              | 32       |
|    time_elapsed     | 1511     |
|    total_timesteps  | 48438    |
| train/              |          |
|    learning_rate    | 0.0005   |
|    loss             | 0.00328  |
|    n_updates        | 11859    |
----------------------------------
----------------------------------
| rollout/            |          |
|    ep_len_mean      | 88.4     |
|    ep_rew_mean      | 29.4     |
|    exploration_rate | 0.05     |
| time/               |          |
|    episodes         | 688      |
|    fps              | 32       |
|    time_elapsed     | 1517     |
|    total_timesteps  | 48891    |
| train/              |          |
|    learning_rate    | 0.0005   |
|    loss             | 0.00192  |
|    n_updates        | 11972    |
----------------------------------
----------------------------------
| rollout/            |          |
|    ep_len_mean      | 87       |
|    ep_rew_mean      | 28.8     |
|    exploration_rate | 0.05     |
| time/               |          |
|    episodes         | 692      |
|    fps              | 32       |
|    time_elapsed     | 1521     |
|    total_timesteps  | 49206    |
| train/              |          |
|    learning_rate    | 0.0005   |
|    loss             | 0.00238  |
|    n_updates        | 12051    |
----------------------------------
----------------------------------
| rollout/            |          |
|    ep_len_mean      | 87.3     |
|    ep_rew_mean      | 28.9     |
|    exploration_rate | 0.05     |
| time/               |          |
|    episodes         | 696      |
|    fps              | 32       |
|    time_elapsed     | 1524     |
|    total_timesteps  | 49458    |
| train/              |          |
|    learning_rate    | 0.0005   |
|    loss             | 0.000947 |
|    n_updates        | 12114    |
----------------------------------
----------------------------------
| rollout/            |          |
|    ep_len_mean      | 86.5     |
|    ep_rew_mean      | 28.7     |
|    exploration_rate | 0.05     |
| time/               |          |
|    episodes         | 700      |
|    fps              | 32       |
|    time_elapsed     | 1528     |
|    total_timesteps  | 49787    |
| train/              |          |
|    learning_rate    | 0.0005   |
|    loss             | 0.00391  |
|    n_updates        | 12196    |
----------------------------------
[Eval @50000] NEW BEST mean_reward=4.600
[Eval @50000] R=4.6±3.3 CR=0.500 Spd=23.6 LC=3.3 SR=0.500
[DQN] Done. Model: ./logs/dqn/balanced/seed_789/final_model.zip
