[WARNING] GrayscaleImage not available, falling back to OccupancyGrid.
[DQN] reward=conservative seed=1024 steps=50000 policy=MlpPolicy
[DQN] run_dir=./logs/dqn/conservative/seed_1024
[WARNING] GrayscaleImage not available, falling back to OccupancyGrid.
[WARNING] GrayscaleImage not available, falling back to OccupancyGrid.
Using cpu device
Logging to ./logs/dqn/conservative/seed_1024/dqn_conservative_seed1024_1
----------------------------------
| rollout/            |          |
|    ep_len_mean      | 50.5     |
|    ep_rew_mean      | -34.3    |
|    exploration_rate | 0.987    |
| time/               |          |
|    episodes         | 4        |
|    fps              | 25       |
|    time_elapsed     | 7        |
|    total_timesteps  | 202      |
----------------------------------
----------------------------------
| rollout/            |          |
|    ep_len_mean      | 45.9     |
|    ep_rew_mean      | -32.3    |
|    exploration_rate | 0.977    |
| time/               |          |
|    episodes         | 8        |
|    fps              | 25       |
|    time_elapsed     | 14       |
|    total_timesteps  | 367      |
----------------------------------
----------------------------------
| rollout/            |          |
|    ep_len_mean      | 44.1     |
|    ep_rew_mean      | -31.4    |
|    exploration_rate | 0.966    |
| time/               |          |
|    episodes         | 12       |
|    fps              | 32       |
|    time_elapsed     | 16       |
|    total_timesteps  | 529      |
----------------------------------
----------------------------------
| rollout/            |          |
|    ep_len_mean      | 45.4     |
|    ep_rew_mean      | -32.1    |
|    exploration_rate | 0.954    |
| time/               |          |
|    episodes         | 16       |
|    fps              | 38       |
|    time_elapsed     | 18       |
|    total_timesteps  | 726      |
----------------------------------
----------------------------------
| rollout/            |          |
|    ep_len_mean      | 51.9     |
|    ep_rew_mean      | -33.6    |
|    exploration_rate | 0.934    |
| time/               |          |
|    episodes         | 20       |
|    fps              | 45       |
|    time_elapsed     | 22       |
|    total_timesteps  | 1037     |
| train/              |          |
|    learning_rate    | 0.0005   |
|    loss             | 0.0486   |
|    n_updates        | 9        |
----------------------------------
----------------------------------
| rollout/            |          |
|    ep_len_mean      | 50.6     |
|    ep_rew_mean      | -33.3    |
|    exploration_rate | 0.923    |
| time/               |          |
|    episodes         | 24       |
|    fps              | 48       |
|    time_elapsed     | 25       |
|    total_timesteps  | 1215     |
| train/              |          |
|    learning_rate    | 0.0005   |
|    loss             | 0.0435   |
|    n_updates        | 53       |
----------------------------------
----------------------------------
| rollout/            |          |
|    ep_len_mean      | 52.8     |
|    ep_rew_mean      | -33.3    |
|    exploration_rate | 0.906    |
| time/               |          |
|    episodes         | 28       |
|    fps              | 51       |
|    time_elapsed     | 28       |
|    total_timesteps  | 1477     |
| train/              |          |
|    learning_rate    | 0.0005   |
|    loss             | 0.0417   |
|    n_updates        | 119      |
----------------------------------
----------------------------------
| rollout/            |          |
|    ep_len_mean      | 51       |
|    ep_rew_mean      | -32.7    |
|    exploration_rate | 0.897    |
| time/               |          |
|    episodes         | 32       |
|    fps              | 53       |
|    time_elapsed     | 30       |
|    total_timesteps  | 1633     |
| train/              |          |
|    learning_rate    | 0.0005   |
|    loss             | 0.046    |
|    n_updates        | 158      |
----------------------------------
----------------------------------
| rollout/            |          |
|    ep_len_mean      | 51.4     |
|    ep_rew_mean      | -32.7    |
|    exploration_rate | 0.883    |
| time/               |          |
|    episodes         | 36       |
|    fps              | 51       |
|    time_elapsed     | 35       |
|    total_timesteps  | 1851     |
| train/              |          |
|    learning_rate    | 0.0005   |
|    loss             | 0.00141  |
|    n_updates        | 212      |
----------------------------------
----------------------------------
| rollout/            |          |
|    ep_len_mean      | 50.5     |
|    ep_rew_mean      | -32.4    |
|    exploration_rate | 0.872    |
| time/               |          |
|    episodes         | 40       |
|    fps              | 52       |
|    time_elapsed     | 38       |
|    total_timesteps  | 2018     |
| train/              |          |
|    learning_rate    | 0.0005   |
|    loss             | 0.042    |
|    n_updates        | 254      |
----------------------------------
----------------------------------
| rollout/            |          |
|    ep_len_mean      | 49.2     |
|    ep_rew_mean      | -31.9    |
|    exploration_rate | 0.863    |
| time/               |          |
|    episodes         | 44       |
|    fps              | 53       |
|    time_elapsed     | 40       |
|    total_timesteps  | 2164     |
| train/              |          |
|    learning_rate    | 0.0005   |
|    loss             | 0.0178   |
|    n_updates        | 290      |
----------------------------------
----------------------------------
| rollout/            |          |
|    ep_len_mean      | 47.9     |
|    ep_rew_mean      | -31.5    |
|    exploration_rate | 0.855    |
| time/               |          |
|    episodes         | 48       |
|    fps              | 54       |
|    time_elapsed     | 41       |
|    total_timesteps  | 2297     |
| train/              |          |
|    learning_rate    | 0.0005   |
|    loss             | 0.0477   |
|    n_updates        | 324      |
----------------------------------
----------------------------------
| rollout/            |          |
|    ep_len_mean      | 46.7     |
|    ep_rew_mean      | -31.2    |
|    exploration_rate | 0.846    |
| time/               |          |
|    episodes         | 52       |
|    fps              | 55       |
|    time_elapsed     | 43       |
|    total_timesteps  | 2428     |
| train/              |          |
|    learning_rate    | 0.0005   |
|    loss             | 0.0884   |
|    n_updates        | 356      |
----------------------------------
----------------------------------
| rollout/            |          |
|    ep_len_mean      | 45.1     |
|    ep_rew_mean      | -30.7    |
|    exploration_rate | 0.84     |
| time/               |          |
|    episodes         | 56       |
|    fps              | 56       |
|    time_elapsed     | 44       |
|    total_timesteps  | 2527     |
| train/              |          |
|    learning_rate    | 0.0005   |
|    loss             | 0.00878  |
|    n_updates        | 381      |
----------------------------------
----------------------------------
| rollout/            |          |
|    ep_len_mean      | 44.3     |
|    ep_rew_mean      | -30.5    |
|    exploration_rate | 0.832    |
| time/               |          |
|    episodes         | 60       |
|    fps              | 57       |
|    time_elapsed     | 46       |
|    total_timesteps  | 2659     |
| train/              |          |
|    learning_rate    | 0.0005   |
|    loss             | 0.00376  |
|    n_updates        | 414      |
----------------------------------
----------------------------------
| rollout/            |          |
|    ep_len_mean      | 43       |
|    ep_rew_mean      | -30.1    |
|    exploration_rate | 0.826    |
| time/               |          |
|    episodes         | 64       |
|    fps              | 54       |
|    time_elapsed     | 50       |
|    total_timesteps  | 2755     |
| train/              |          |
|    learning_rate    | 0.0005   |
|    loss             | 0.0937   |
|    n_updates        | 438      |
----------------------------------
----------------------------------
| rollout/            |          |
|    ep_len_mean      | 44       |
|    ep_rew_mean      | -30.2    |
|    exploration_rate | 0.811    |
| time/               |          |
|    episodes         | 68       |
|    fps              | 50       |
|    time_elapsed     | 59       |
|    total_timesteps  | 2989     |
| train/              |          |
|    learning_rate    | 0.0005   |
|    loss             | 0.0647   |
|    n_updates        | 497      |
----------------------------------
----------------------------------
| rollout/            |          |
|    ep_len_mean      | 44.2     |
|    ep_rew_mean      | -30.3    |
|    exploration_rate | 0.798    |
| time/               |          |
|    episodes         | 72       |
|    fps              | 47       |
|    time_elapsed     | 67       |
|    total_timesteps  | 3182     |
| train/              |          |
|    learning_rate    | 0.0005   |
|    loss             | 0.0507   |
|    n_updates        | 545      |
----------------------------------
----------------------------------
| rollout/            |          |
|    ep_len_mean      | 44.1     |
|    ep_rew_mean      | -30.2    |
|    exploration_rate | 0.788    |
| time/               |          |
|    episodes         | 76       |
|    fps              | 45       |
|    time_elapsed     | 73       |
|    total_timesteps  | 3348     |
| train/              |          |
|    learning_rate    | 0.0005   |
|    loss             | 0.00518  |
|    n_updates        | 586      |
----------------------------------
----------------------------------
| rollout/            |          |
|    ep_len_mean      | 44       |
|    ep_rew_mean      | -30      |
|    exploration_rate | 0.777    |
| time/               |          |
|    episodes         | 80       |
|    fps              | 43       |
|    time_elapsed     | 80       |
|    total_timesteps  | 3516     |
| train/              |          |
|    learning_rate    | 0.0005   |
|    loss             | 0.00182  |
|    n_updates        | 628      |
----------------------------------
----------------------------------
| rollout/            |          |
|    ep_len_mean      | 44.3     |
|    ep_rew_mean      | -30      |
|    exploration_rate | 0.764    |
| time/               |          |
|    episodes         | 84       |
|    fps              | 42       |
|    time_elapsed     | 88       |
|    total_timesteps  | 3721     |
| train/              |          |
|    learning_rate    | 0.0005   |
|    loss             | 0.00217  |
|    n_updates        | 680      |
----------------------------------
----------------------------------
| rollout/            |          |
|    ep_len_mean      | 43.6     |
|    ep_rew_mean      | -29.9    |
|    exploration_rate | 0.757    |
| time/               |          |
|    episodes         | 88       |
|    fps              | 41       |
|    time_elapsed     | 92       |
|    total_timesteps  | 3836     |
| train/              |          |
|    learning_rate    | 0.0005   |
|    loss             | 0.00508  |
|    n_updates        | 708      |
----------------------------------
----------------------------------
| rollout/            |          |
|    ep_len_mean      | 43.4     |
|    ep_rew_mean      | -29.8    |
|    exploration_rate | 0.747    |
| time/               |          |
|    episodes         | 92       |
|    fps              | 40       |
|    time_elapsed     | 99       |
|    total_timesteps  | 3997     |
| train/              |          |
|    learning_rate    | 0.0005   |
|    loss             | 0.00293  |
|    n_updates        | 749      |
----------------------------------
----------------------------------
| rollout/            |          |
|    ep_len_mean      | 42.9     |
|    ep_rew_mean      | -29.7    |
|    exploration_rate | 0.739    |
| time/               |          |
|    episodes         | 96       |
|    fps              | 39       |
|    time_elapsed     | 104      |
|    total_timesteps  | 4123     |
| train/              |          |
|    learning_rate    | 0.0005   |
|    loss             | 0.00257  |
|    n_updates        | 780      |
----------------------------------
----------------------------------
| rollout/            |          |
|    ep_len_mean      | 43.3     |
|    ep_rew_mean      | -29.7    |
|    exploration_rate | 0.726    |
| time/               |          |
|    episodes         | 100      |
|    fps              | 40       |
|    time_elapsed     | 107      |
|    total_timesteps  | 4327     |
| train/              |          |
|    learning_rate    | 0.0005   |
|    loss             | 0.0104   |
|    n_updates        | 831      |
----------------------------------
----------------------------------
| rollout/            |          |
|    ep_len_mean      | 42.6     |
|    ep_rew_mean      | -29.3    |
|    exploration_rate | 0.718    |
| time/               |          |
|    episodes         | 104      |
|    fps              | 40       |
|    time_elapsed     | 109      |
|    total_timesteps  | 4460     |
| train/              |          |
|    learning_rate    | 0.0005   |
|    loss             | 0.0349   |
|    n_updates        | 864      |
----------------------------------
----------------------------------
| rollout/            |          |
|    ep_len_mean      | 42.8     |
|    ep_rew_mean      | -29.2    |
|    exploration_rate | 0.706    |
| time/               |          |
|    episodes         | 108      |
|    fps              | 41       |
|    time_elapsed     | 111      |
|    total_timesteps  | 4648     |
| train/              |          |
|    learning_rate    | 0.0005   |
|    loss             | 0.143    |
|    n_updates        | 911      |
----------------------------------
----------------------------------
| rollout/            |          |
|    ep_len_mean      | 43.2     |
|    ep_rew_mean      | -29.1    |
|    exploration_rate | 0.693    |
| time/               |          |
|    episodes         | 112      |
|    fps              | 42       |
|    time_elapsed     | 114      |
|    total_timesteps  | 4849     |
| train/              |          |
|    learning_rate    | 0.0005   |
|    loss             | 0.0209   |
|    n_updates        | 962      |
----------------------------------
[Eval @5000] NEW BEST mean_reward=-3.630
[Eval @5000] R=-3.6±9.3 CR=0.200 Spd=20.6 LC=1.4 SR=0.800
----------------------------------
| rollout/            |          |
|    ep_len_mean      | 43.5     |
|    ep_rew_mean      | -29      |
|    exploration_rate | 0.679    |
| time/               |          |
|    episodes         | 116      |
|    fps              | 36       |
|    time_elapsed     | 138      |
|    total_timesteps  | 5074     |
| train/              |          |
|    learning_rate    | 0.0005   |
|    loss             | 0.0195   |
|    n_updates        | 1018     |
----------------------------------
----------------------------------
| rollout/            |          |
|    ep_len_mean      | 42.2     |
|    ep_rew_mean      | -28.5    |
|    exploration_rate | 0.667    |
| time/               |          |
|    episodes         | 120      |
|    fps              | 37       |
|    time_elapsed     | 140      |
|    total_timesteps  | 5257     |
| train/              |          |
|    learning_rate    | 0.0005   |
|    loss             | 0.0038   |
|    n_updates        | 1064     |
----------------------------------
----------------------------------
| rollout/            |          |
|    ep_len_mean      | 41.5     |
|    ep_rew_mean      | -28.2    |
|    exploration_rate | 0.66     |
| time/               |          |
|    episodes         | 124      |
|    fps              | 37       |
|    time_elapsed     | 141      |
|    total_timesteps  | 5363     |
| train/              |          |
|    learning_rate    | 0.0005   |
|    loss             | 0.00991  |
|    n_updates        | 1090     |
----------------------------------
----------------------------------
| rollout/            |          |
|    ep_len_mean      | 40       |
|    ep_rew_mean      | -27.9    |
|    exploration_rate | 0.653    |
| time/               |          |
|    episodes         | 128      |
|    fps              | 38       |
|    time_elapsed     | 143      |
|    total_timesteps  | 5481     |
| train/              |          |
|    learning_rate    | 0.0005   |
|    loss             | 0.0106   |
|    n_updates        | 1120     |
----------------------------------
----------------------------------
| rollout/            |          |
|    ep_len_mean      | 41.4     |
|    ep_rew_mean      | -28      |
|    exploration_rate | 0.634    |
| time/               |          |
|    episodes         | 132      |
|    fps              | 39       |
|    time_elapsed     | 147      |
|    total_timesteps  | 5777     |
| train/              |          |
|    learning_rate    | 0.0005   |
|    loss             | 0.0399   |
|    n_updates        | 1194     |
----------------------------------
----------------------------------
| rollout/            |          |
|    ep_len_mean      | 40.1     |
|    ep_rew_mean      | -27.6    |
|    exploration_rate | 0.629    |
| time/               |          |
|    episodes         | 136      |
|    fps              | 39       |
|    time_elapsed     | 148      |
|    total_timesteps  | 5858     |
| train/              |          |
|    learning_rate    | 0.0005   |
|    loss             | 0.0653   |
|    n_updates        | 1214     |
----------------------------------
----------------------------------
| rollout/            |          |
|    ep_len_mean      | 39.5     |
|    ep_rew_mean      | -27.4    |
|    exploration_rate | 0.622    |
| time/               |          |
|    episodes         | 140      |
|    fps              | 39       |
|    time_elapsed     | 149      |
|    total_timesteps  | 5972     |
| train/              |          |
|    learning_rate    | 0.0005   |
|    loss             | 0.0192   |
|    n_updates        | 1242     |
----------------------------------
----------------------------------
| rollout/            |          |
|    ep_len_mean      | 41.7     |
|    ep_rew_mean      | -27.5    |
|    exploration_rate | 0.599    |
| time/               |          |
|    episodes         | 144      |
|    fps              | 40       |
|    time_elapsed     | 155      |
|    total_timesteps  | 6337     |
| train/              |          |
|    learning_rate    | 0.0005   |
|    loss             | 0.124    |
|    n_updates        | 1334     |
----------------------------------
----------------------------------
| rollout/            |          |
|    ep_len_mean      | 42.4     |
|    ep_rew_mean      | -27.5    |
|    exploration_rate | 0.586    |
| time/               |          |
|    episodes         | 148      |
|    fps              | 40       |
|    time_elapsed     | 160      |
|    total_timesteps  | 6534     |
| train/              |          |
|    learning_rate    | 0.0005   |
|    loss             | 0.0916   |
|    n_updates        | 1383     |
----------------------------------
----------------------------------
| rollout/            |          |
|    ep_len_mean      | 44.3     |
|    ep_rew_mean      | -27.6    |
|    exploration_rate | 0.566    |
| time/               |          |
|    episodes         | 152      |
|    fps              | 39       |
|    time_elapsed     | 173      |
|    total_timesteps  | 6860     |
| train/              |          |
|    learning_rate    | 0.0005   |
|    loss             | 0.00253  |
|    n_updates        | 1464     |
----------------------------------
----------------------------------
| rollout/            |          |
|    ep_len_mean      | 46.3     |
|    ep_rew_mean      | -27.9    |
|    exploration_rate | 0.547    |
| time/               |          |
|    episodes         | 156      |
|    fps              | 38       |
|    time_elapsed     | 185      |
|    total_timesteps  | 7160     |
| train/              |          |
|    learning_rate    | 0.0005   |
|    loss             | 0.00251  |
|    n_updates        | 1539     |
----------------------------------
----------------------------------
| rollout/            |          |
|    ep_len_mean      | 45.9     |
|    ep_rew_mean      | -27.7    |
|    exploration_rate | 0.541    |
| time/               |          |
|    episodes         | 160      |
|    fps              | 38       |
|    time_elapsed     | 189      |
|    total_timesteps  | 7251     |
| train/              |          |
|    learning_rate    | 0.0005   |
|    loss             | 0.0596   |
|    n_updates        | 1562     |
----------------------------------
----------------------------------
| rollout/            |          |
|    ep_len_mean      | 46.5     |
|    ep_rew_mean      | -27.7    |
|    exploration_rate | 0.531    |
| time/               |          |
|    episodes         | 164      |
|    fps              | 37       |
|    time_elapsed     | 195      |
|    total_timesteps  | 7409     |
| train/              |          |
|    learning_rate    | 0.0005   |
|    loss             | 0.105    |
|    n_updates        | 1602     |
----------------------------------
----------------------------------
| rollout/            |          |
|    ep_len_mean      | 46.8     |
|    ep_rew_mean      | -27.5    |
|    exploration_rate | 0.515    |
| time/               |          |
|    episodes         | 168      |
|    fps              | 37       |
|    time_elapsed     | 205      |
|    total_timesteps  | 7664     |
| train/              |          |
|    learning_rate    | 0.0005   |
|    loss             | 0.0161   |
|    n_updates        | 1665     |
----------------------------------
----------------------------------
| rollout/            |          |
|    ep_len_mean      | 46.5     |
|    ep_rew_mean      | -27.2    |
|    exploration_rate | 0.504    |
| time/               |          |
|    episodes         | 172      |
|    fps              | 36       |
|    time_elapsed     | 212      |
|    total_timesteps  | 7837     |
| train/              |          |
|    learning_rate    | 0.0005   |
|    loss             | 0.0613   |
|    n_updates        | 1709     |
----------------------------------
----------------------------------
| rollout/            |          |
|    ep_len_mean      | 47.4     |
|    ep_rew_mean      | -27.1    |
|    exploration_rate | 0.488    |
| time/               |          |
|    episodes         | 176      |
|    fps              | 37       |
|    time_elapsed     | 217      |
|    total_timesteps  | 8087     |
| train/              |          |
|    learning_rate    | 0.0005   |
|    loss             | 0.0166   |
|    n_updates        | 1771     |
----------------------------------
----------------------------------
| rollout/            |          |
|    ep_len_mean      | 48.4     |
|    ep_rew_mean      | -27      |
|    exploration_rate | 0.471    |
| time/               |          |
|    episodes         | 180      |
|    fps              | 37       |
|    time_elapsed     | 220      |
|    total_timesteps  | 8352     |
| train/              |          |
|    learning_rate    | 0.0005   |
|    loss             | 0.0357   |
|    n_updates        | 1837     |
----------------------------------
----------------------------------
| rollout/            |          |
|    ep_len_mean      | 47.6     |
|    ep_rew_mean      | -26.6    |
|    exploration_rate | 0.463    |
| time/               |          |
|    episodes         | 184      |
|    fps              | 38       |
|    time_elapsed     | 222      |
|    total_timesteps  | 8481     |
| train/              |          |
|    learning_rate    | 0.0005   |
|    loss             | 0.00601  |
|    n_updates        | 1870     |
----------------------------------
----------------------------------
| rollout/            |          |
|    ep_len_mean      | 48.4     |
|    ep_rew_mean      | -26.5    |
|    exploration_rate | 0.451    |
| time/               |          |
|    episodes         | 188      |
|    fps              | 38       |
|    time_elapsed     | 224      |
|    total_timesteps  | 8672     |
| train/              |          |
|    learning_rate    | 0.0005   |
|    loss             | 0.0614   |
|    n_updates        | 1917     |
----------------------------------
----------------------------------
| rollout/            |          |
|    ep_len_mean      | 49.3     |
|    ep_rew_mean      | -26.3    |
|    exploration_rate | 0.435    |
| time/               |          |
|    episodes         | 192      |
|    fps              | 39       |
|    time_elapsed     | 227      |
|    total_timesteps  | 8928     |
| train/              |          |
|    learning_rate    | 0.0005   |
|    loss             | 0.0245   |
|    n_updates        | 1981     |
----------------------------------
----------------------------------
| rollout/            |          |
|    ep_len_mean      | 51.6     |
|    ep_rew_mean      | -26.1    |
|    exploration_rate | 0.412    |
| time/               |          |
|    episodes         | 196      |
|    fps              | 39       |
|    time_elapsed     | 232      |
|    total_timesteps  | 9284     |
| train/              |          |
|    learning_rate    | 0.0005   |
|    loss             | 0.0247   |
|    n_updates        | 2070     |
----------------------------------
----------------------------------
| rollout/            |          |
|    ep_len_mean      | 52.8     |
|    ep_rew_mean      | -25.8    |
|    exploration_rate | 0.392    |
| time/               |          |
|    episodes         | 200      |
|    fps              | 40       |
|    time_elapsed     | 236      |
|    total_timesteps  | 9603     |
| train/              |          |
|    learning_rate    | 0.0005   |
|    loss             | 0.022    |
|    n_updates        | 2150     |
----------------------------------
----------------------------------
| rollout/            |          |
|    ep_len_mean      | 52.8     |
|    ep_rew_mean      | -25.7    |
|    exploration_rate | 0.383    |
| time/               |          |
|    episodes         | 204      |
|    fps              | 40       |
|    time_elapsed     | 238      |
|    total_timesteps  | 9735     |
| train/              |          |
|    learning_rate    | 0.0005   |
|    loss             | 0.0959   |
|    n_updates        | 2183     |
----------------------------------
[Eval @10000] NEW BEST mean_reward=0.280
[Eval @10000] R=0.3±2.9 CR=0.400 Spd=22.3 LC=4.7 SR=0.600
----------------------------------
| rollout/            |          |
|    ep_len_mean      | 54.2     |
|    ep_rew_mean      | -25.6    |
|    exploration_rate | 0.362    |
| time/               |          |
|    episodes         | 208      |
|    fps              | 38       |
|    time_elapsed     | 259      |
|    total_timesteps  | 10069    |
| train/              |          |
|    learning_rate    | 0.0005   |
|    loss             | 0.0195   |
|    n_updates        | 2267     |
----------------------------------
----------------------------------
| rollout/            |          |
|    ep_len_mean      | 55.8     |
|    ep_rew_mean      | -25.1    |
|    exploration_rate | 0.34     |
| time/               |          |
|    episodes         | 212      |
|    fps              | 38       |
|    time_elapsed     | 272      |
|    total_timesteps  | 10428    |
| train/              |          |
|    learning_rate    | 0.0005   |
|    loss             | 0.0755   |
|    n_updates        | 2356     |
----------------------------------
----------------------------------
| rollout/            |          |
|    ep_len_mean      | 55.3     |
|    ep_rew_mean      | -24.8    |
|    exploration_rate | 0.328    |
| time/               |          |
|    episodes         | 216      |
|    fps              | 38       |
|    time_elapsed     | 274      |
|    total_timesteps  | 10604    |
| train/              |          |
|    learning_rate    | 0.0005   |
|    loss             | 0.00181  |
|    n_updates        | 2400     |
----------------------------------
----------------------------------
| rollout/            |          |
|    ep_len_mean      | 56.9     |
|    ep_rew_mean      | -24.5    |
|    exploration_rate | 0.307    |
| time/               |          |
|    episodes         | 220      |
|    fps              | 39       |
|    time_elapsed     | 280      |
|    total_timesteps  | 10945    |
| train/              |          |
|    learning_rate    | 0.0005   |
|    loss             | 0.00819  |
|    n_updates        | 2486     |
----------------------------------
----------------------------------
| rollout/            |          |
|    ep_len_mean      | 61       |
|    ep_rew_mean      | -24.1    |
|    exploration_rate | 0.274    |
| time/               |          |
|    episodes         | 224      |
|    fps              | 38       |
|    time_elapsed     | 300      |
|    total_timesteps  | 11459    |
| train/              |          |
|    learning_rate    | 0.0005   |
|    loss             | 0.000927 |
|    n_updates        | 2614     |
----------------------------------
----------------------------------
| rollout/            |          |
|    ep_len_mean      | 63.2     |
|    ep_rew_mean      | -23.8    |
|    exploration_rate | 0.253    |
| time/               |          |
|    episodes         | 228      |
|    fps              | 37       |
|    time_elapsed     | 314      |
|    total_timesteps  | 11798    |
| train/              |          |
|    learning_rate    | 0.0005   |
|    loss             | 0.0638   |
|    n_updates        | 2699     |
----------------------------------
----------------------------------
| rollout/            |          |
|    ep_len_mean      | 62.8     |
|    ep_rew_mean      | -23.3    |
|    exploration_rate | 0.236    |
| time/               |          |
|    episodes         | 232      |
|    fps              | 37       |
|    time_elapsed     | 317      |
|    total_timesteps  | 12061    |
| train/              |          |
|    learning_rate    | 0.0005   |
|    loss             | 0.0412   |
|    n_updates        | 2765     |
----------------------------------
----------------------------------
| rollout/            |          |
|    ep_len_mean      | 65.1     |
|    ep_rew_mean      | -23      |
|    exploration_rate | 0.217    |
| time/               |          |
|    episodes         | 236      |
|    fps              | 38       |
|    time_elapsed     | 321      |
|    total_timesteps  | 12366    |
| train/              |          |
|    learning_rate    | 0.0005   |
|    loss             | 0.106    |
|    n_updates        | 2841     |
----------------------------------
----------------------------------
| rollout/            |          |
|    ep_len_mean      | 67.6     |
|    ep_rew_mean      | -22.8    |
|    exploration_rate | 0.194    |
| time/               |          |
|    episodes         | 240      |
|    fps              | 38       |
|    time_elapsed     | 326      |
|    total_timesteps  | 12733    |
| train/              |          |
|    learning_rate    | 0.0005   |
|    loss             | 0.0236   |
|    n_updates        | 2933     |
----------------------------------
----------------------------------
| rollout/            |          |
|    ep_len_mean      | 67.1     |
|    ep_rew_mean      | -22.1    |
|    exploration_rate | 0.174    |
| time/               |          |
|    episodes         | 244      |
|    fps              | 39       |
|    time_elapsed     | 331      |
|    total_timesteps  | 13049    |
| train/              |          |
|    learning_rate    | 0.0005   |
|    loss             | 0.00309  |
|    n_updates        | 3012     |
----------------------------------
----------------------------------
| rollout/            |          |
|    ep_len_mean      | 70.3     |
|    ep_rew_mean      | -21.4    |
|    exploration_rate | 0.141    |
| time/               |          |
|    episodes         | 248      |
|    fps              | 39       |
|    time_elapsed     | 346      |
|    total_timesteps  | 13566    |
| train/              |          |
|    learning_rate    | 0.0005   |
|    loss             | 0.00883  |
|    n_updates        | 3141     |
----------------------------------
----------------------------------
| rollout/            |          |
|    ep_len_mean      | 70.8     |
|    ep_rew_mean      | -20.3    |
|    exploration_rate | 0.117    |
| time/               |          |
|    episodes         | 252      |
|    fps              | 38       |
|    time_elapsed     | 361      |
|    total_timesteps  | 13944    |
| train/              |          |
|    learning_rate    | 0.0005   |
|    loss             | 0.00112  |
|    n_updates        | 3235     |
----------------------------------
----------------------------------
| rollout/            |          |
|    ep_len_mean      | 71.4     |
|    ep_rew_mean      | -19.5    |
|    exploration_rate | 0.0941   |
| time/               |          |
|    episodes         | 256      |
|    fps              | 38       |
|    time_elapsed     | 376      |
|    total_timesteps  | 14304    |
| train/              |          |
|    learning_rate    | 0.0005   |
|    loss             | 0.0545   |
|    n_updates        | 3325     |
----------------------------------
----------------------------------
| rollout/            |          |
|    ep_len_mean      | 73.8     |
|    ep_rew_mean      | -18.7    |
|    exploration_rate | 0.0731   |
| time/               |          |
|    episodes         | 260      |
|    fps              | 37       |
|    time_elapsed     | 389      |
|    total_timesteps  | 14636    |
| train/              |          |
|    learning_rate    | 0.0005   |
|    loss             | 0.0544   |
|    n_updates        | 3408     |
----------------------------------
[Eval @15000] NEW BEST mean_reward=1.930
[Eval @15000] R=1.9±3.1 CR=0.300 Spd=22.4 LC=2.8 SR=0.700
----------------------------------
| rollout/            |          |
|    ep_len_mean      | 77.2     |
|    ep_rew_mean      | -17.6    |
|    exploration_rate | 0.05     |
| time/               |          |
|    episodes         | 264      |
|    fps              | 36       |
|    time_elapsed     | 417      |
|    total_timesteps  | 15126    |
| train/              |          |
|    learning_rate    | 0.0005   |
|    loss             | 0.000985 |
|    n_updates        | 3531     |
----------------------------------
----------------------------------
| rollout/            |          |
|    ep_len_mean      | 78.8     |
|    ep_rew_mean      | -16.7    |
|    exploration_rate | 0.05     |
| time/               |          |
|    episodes         | 268      |
|    fps              | 36       |
|    time_elapsed     | 422      |
|    total_timesteps  | 15543    |
| train/              |          |
|    learning_rate    | 0.0005   |
|    loss             | 0.0311   |
|    n_updates        | 3635     |
----------------------------------
----------------------------------
| rollout/            |          |
|    ep_len_mean      | 80.4     |
|    ep_rew_mean      | -15.9    |
|    exploration_rate | 0.05     |
| time/               |          |
|    episodes         | 272      |
|    fps              | 37       |
|    time_elapsed     | 427      |
|    total_timesteps  | 15873    |
| train/              |          |
|    learning_rate    | 0.0005   |
|    loss             | 0.0135   |
|    n_updates        | 3718     |
----------------------------------
----------------------------------
| rollout/            |          |
|    ep_len_mean      | 81.7     |
|    ep_rew_mean      | -15.1    |
|    exploration_rate | 0.05     |
| time/               |          |
|    episodes         | 276      |
|    fps              | 37       |
|    time_elapsed     | 432      |
|    total_timesteps  | 16252    |
| train/              |          |
|    learning_rate    | 0.0005   |
|    loss             | 0.0115   |
|    n_updates        | 3812     |
----------------------------------
----------------------------------
| rollout/            |          |
|    ep_len_mean      | 82.1     |
|    ep_rew_mean      | -14.4    |
|    exploration_rate | 0.05     |
| time/               |          |
|    episodes         | 280      |
|    fps              | 37       |
|    time_elapsed     | 436      |
|    total_timesteps  | 16565    |
| train/              |          |
|    learning_rate    | 0.0005   |
|    loss             | 0.0354   |
|    n_updates        | 3891     |
----------------------------------
----------------------------------
| rollout/            |          |
|    ep_len_mean      | 84.8     |
|    ep_rew_mean      | -13.8    |
|    exploration_rate | 0.05     |
| time/               |          |
|    episodes         | 284      |
|    fps              | 38       |
|    time_elapsed     | 441      |
|    total_timesteps  | 16959    |
| train/              |          |
|    learning_rate    | 0.0005   |
|    loss             | 0.0346   |
|    n_updates        | 3989     |
----------------------------------
----------------------------------
| rollout/            |          |
|    ep_len_mean      | 84.2     |
|    ep_rew_mean      | -13.6    |
|    exploration_rate | 0.05     |
| time/               |          |
|    episodes         | 288      |
|    fps              | 38       |
|    time_elapsed     | 444      |
|    total_timesteps  | 17096    |
| train/              |          |
|    learning_rate    | 0.0005   |
|    loss             | 0.000726 |
|    n_updates        | 4023     |
----------------------------------
----------------------------------
| rollout/            |          |
|    ep_len_mean      | 84.3     |
|    ep_rew_mean      | -13      |
|    exploration_rate | 0.05     |
| time/               |          |
|    episodes         | 292      |
|    fps              | 38       |
|    time_elapsed     | 448      |
|    total_timesteps  | 17362    |
| train/              |          |
|    learning_rate    | 0.0005   |
|    loss             | 0.00368  |
|    n_updates        | 4090     |
----------------------------------
----------------------------------
| rollout/            |          |
|    ep_len_mean      | 86.2     |
|    ep_rew_mean      | -12.2    |
|    exploration_rate | 0.05     |
| time/               |          |
|    episodes         | 296      |
|    fps              | 39       |
|    time_elapsed     | 455      |
|    total_timesteps  | 17899    |
| train/              |          |
|    learning_rate    | 0.0005   |
|    loss             | 0.000561 |
|    n_updates        | 4224     |
----------------------------------
----------------------------------
| rollout/            |          |
|    ep_len_mean      | 88.6     |
|    ep_rew_mean      | -10.8    |
|    exploration_rate | 0.05     |
| time/               |          |
|    episodes         | 300      |
|    fps              | 39       |
|    time_elapsed     | 462      |
|    total_timesteps  | 18467    |
| train/              |          |
|    learning_rate    | 0.0005   |
|    loss             | 0.00227  |
|    n_updates        | 4366     |
----------------------------------
----------------------------------
| rollout/            |          |
|    ep_len_mean      | 94.6     |
|    ep_rew_mean      | -9.25    |
|    exploration_rate | 0.05     |
| time/               |          |
|    episodes         | 304      |
|    fps              | 40       |
|    time_elapsed     | 472      |
|    total_timesteps  | 19196    |
| train/              |          |
|    learning_rate    | 0.0005   |
|    loss             | 0.00319  |
|    n_updates        | 4548     |
----------------------------------
----------------------------------
| rollout/            |          |
|    ep_len_mean      | 94.2     |
|    ep_rew_mean      | -8.52    |
|    exploration_rate | 0.05     |
| time/               |          |
|    episodes         | 308      |
|    fps              | 40       |
|    time_elapsed     | 475      |
|    total_timesteps  | 19484    |
| train/              |          |
|    learning_rate    | 0.0005   |
|    loss             | 0.00155  |
|    n_updates        | 4620     |
----------------------------------
[Eval @20000] R=-1.0±2.8 CR=0.700 Spd=23.9 LC=7.9 SR=0.300
----------------------------------
| rollout/            |          |
|    ep_len_mean      | 97.1     |
|    ep_rew_mean      | -7.62    |
|    exploration_rate | 0.05     |
| time/               |          |
|    episodes         | 312      |
|    fps              | 40       |
|    time_elapsed     | 497      |
|    total_timesteps  | 20140    |
| train/              |          |
|    learning_rate    | 0.0005   |
|    loss             | 0.064    |
|    n_updates        | 4784     |
----------------------------------
----------------------------------
| rollout/            |          |
|    ep_len_mean      | 99.5     |
|    ep_rew_mean      | -6.79    |
|    exploration_rate | 0.05     |
| time/               |          |
|    episodes         | 316      |
|    fps              | 40       |
|    time_elapsed     | 503      |
|    total_timesteps  | 20549    |
| train/              |          |
|    learning_rate    | 0.0005   |
|    loss             | 0.00331  |
|    n_updates        | 4887     |
----------------------------------
----------------------------------
| rollout/            |          |
|    ep_len_mean      | 100      |
|    ep_rew_mean      | -6.16    |
|    exploration_rate | 0.05     |
| time/               |          |
|    episodes         | 320      |
|    fps              | 41       |
|    time_elapsed     | 510      |
|    total_timesteps  | 20956    |
| train/              |          |
|    learning_rate    | 0.0005   |
|    loss             | 0.0598   |
|    n_updates        | 4988     |
----------------------------------
----------------------------------
| rollout/            |          |
|    ep_len_mean      | 99.7     |
|    ep_rew_mean      | -5.53    |
|    exploration_rate | 0.05     |
| time/               |          |
|    episodes         | 324      |
|    fps              | 41       |
|    time_elapsed     | 519      |
|    total_timesteps  | 21424    |
| train/              |          |
|    learning_rate    | 0.0005   |
|    loss             | 0.0025   |
|    n_updates        | 5105     |
----------------------------------
----------------------------------
| rollout/            |          |
|    ep_len_mean      | 99.3     |
|    ep_rew_mean      | -5.06    |
|    exploration_rate | 0.05     |
| time/               |          |
|    episodes         | 328      |
|    fps              | 40       |
|    time_elapsed     | 531      |
|    total_timesteps  | 21724    |
| train/              |          |
|    learning_rate    | 0.0005   |
|    loss             | 0.0331   |
|    n_updates        | 5180     |
----------------------------------
----------------------------------
| rollout/            |          |
|    ep_len_mean      | 102      |
|    ep_rew_mean      | -4.15    |
|    exploration_rate | 0.05     |
| time/               |          |
|    episodes         | 332      |
|    fps              | 40       |
|    time_elapsed     | 551      |
|    total_timesteps  | 22248    |
| train/              |          |
|    learning_rate    | 0.0005   |
|    loss             | 0.00367  |
|    n_updates        | 5311     |
----------------------------------
----------------------------------
| rollout/            |          |
|    ep_len_mean      | 102      |
|    ep_rew_mean      | -3.7     |
|    exploration_rate | 0.05     |
| time/               |          |
|    episodes         | 336      |
|    fps              | 39       |
|    time_elapsed     | 563      |
|    total_timesteps  | 22549    |
| train/              |          |
|    learning_rate    | 0.0005   |
|    loss             | 0.00051  |
|    n_updates        | 5387     |
----------------------------------
----------------------------------
| rollout/            |          |
|    ep_len_mean      | 103      |
|    ep_rew_mean      | -2.76    |
|    exploration_rate | 0.05     |
| time/               |          |
|    episodes         | 340      |
|    fps              | 39       |
|    time_elapsed     | 582      |
|    total_timesteps  | 23027    |
| train/              |          |
|    learning_rate    | 0.0005   |
|    loss             | 0.00692  |
|    n_updates        | 5506     |
----------------------------------
----------------------------------
| rollout/            |          |
|    ep_len_mean      | 103      |
|    ep_rew_mean      | -2.57    |
|    exploration_rate | 0.05     |
| time/               |          |
|    episodes         | 344      |
|    fps              | 39       |
|    time_elapsed     | 594      |
|    total_timesteps  | 23325    |
| train/              |          |
|    learning_rate    | 0.0005   |
|    loss             | 0.0281   |
|    n_updates        | 5581     |
----------------------------------
----------------------------------
| rollout/            |          |
|    ep_len_mean      | 101      |
|    ep_rew_mean      | -2.51    |
|    exploration_rate | 0.05     |
| time/               |          |
|    episodes         | 348      |
|    fps              | 38       |
|    time_elapsed     | 608      |
|    total_timesteps  | 23689    |
| train/              |          |
|    learning_rate    | 0.0005   |
|    loss             | 0.00251  |
|    n_updates        | 5672     |
----------------------------------
----------------------------------
| rollout/            |          |
|    ep_len_mean      | 101      |
|    ep_rew_mean      | -2.52    |
|    exploration_rate | 0.05     |
| time/               |          |
|    episodes         | 352      |
|    fps              | 38       |
|    time_elapsed     | 621      |
|    total_timesteps  | 24018    |
| train/              |          |
|    learning_rate    | 0.0005   |
|    loss             | 0.000623 |
|    n_updates        | 5754     |
----------------------------------
----------------------------------
| rollout/            |          |
|    ep_len_mean      | 102      |
|    ep_rew_mean      | -2.03    |
|    exploration_rate | 0.05     |
| time/               |          |
|    episodes         | 356      |
|    fps              | 38       |
|    time_elapsed     | 641      |
|    total_timesteps  | 24505    |
| train/              |          |
|    learning_rate    | 0.0005   |
|    loss             | 0.000617 |
|    n_updates        | 5876     |
----------------------------------
[Eval @25000] NEW BEST mean_reward=2.310
[Eval @25000] R=2.3±3.1 CR=0.400 Spd=22.3 LC=1.4 SR=0.600
----------------------------------
| rollout/            |          |
|    ep_len_mean      | 107      |
|    ep_rew_mean      | -0.787   |
|    exploration_rate | 0.05     |
| time/               |          |
|    episodes         | 360      |
|    fps              | 34       |
|    time_elapsed     | 732      |
|    total_timesteps  | 25305    |
| train/              |          |
|    learning_rate    | 0.0005   |
|    loss             | 0.000816 |
|    n_updates        | 6076     |
----------------------------------
----------------------------------
| rollout/            |          |
|    ep_len_mean      | 106      |
|    ep_rew_mean      | -0.635   |
|    exploration_rate | 0.05     |
| time/               |          |
|    episodes         | 364      |
|    fps              | 34       |
|    time_elapsed     | 750      |
|    total_timesteps  | 25774    |
| train/              |          |
|    learning_rate    | 0.0005   |
|    loss             | 0.0125   |
|    n_updates        | 6193     |
----------------------------------
----------------------------------
| rollout/            |          |
|    ep_len_mean      | 105      |
|    ep_rew_mean      | -0.696   |
|    exploration_rate | 0.05     |
| time/               |          |
|    episodes         | 368      |
|    fps              | 34       |
|    time_elapsed     | 761      |
|    total_timesteps  | 26044    |
| train/              |          |
|    learning_rate    | 0.0005   |
|    loss             | 0.0792   |
|    n_updates        | 6260     |
----------------------------------
----------------------------------
| rollout/            |          |
|    ep_len_mean      | 105      |
|    ep_rew_mean      | -0.837   |
|    exploration_rate | 0.05     |
| time/               |          |
|    episodes         | 372      |
|    fps              | 34       |
|    time_elapsed     | 776      |
|    total_timesteps  | 26421    |
| train/              |          |
|    learning_rate    | 0.0005   |
|    loss             | 0.00307  |
|    n_updates        | 6355     |
----------------------------------
----------------------------------
| rollout/            |          |
|    ep_len_mean      | 107      |
|    ep_rew_mean      | -0.491   |
|    exploration_rate | 0.05     |
| time/               |          |
|    episodes         | 376      |
|    fps              | 34       |
|    time_elapsed     | 783      |
|    total_timesteps  | 26954    |
| train/              |          |
|    learning_rate    | 0.0005   |
|    loss             | 0.0022   |
|    n_updates        | 6488     |
----------------------------------
----------------------------------
| rollout/            |          |
|    ep_len_mean      | 107      |
|    ep_rew_mean      | -0.277   |
|    exploration_rate | 0.05     |
| time/               |          |
|    episodes         | 380      |
|    fps              | 34       |
|    time_elapsed     | 787      |
|    total_timesteps  | 27276    |
| train/              |          |
|    learning_rate    | 0.0005   |
|    loss             | 0.00204  |
|    n_updates        | 6568     |
----------------------------------
----------------------------------
| rollout/            |          |
|    ep_len_mean      | 107      |
|    ep_rew_mean      | -0.253   |
|    exploration_rate | 0.05     |
| time/               |          |
|    episodes         | 384      |
|    fps              | 34       |
|    time_elapsed     | 793      |
|    total_timesteps  | 27707    |
| train/              |          |
|    learning_rate    | 0.0005   |
|    loss             | 0.00105  |
|    n_updates        | 6676     |
----------------------------------
----------------------------------
| rollout/            |          |
|    ep_len_mean      | 110      |
|    ep_rew_mean      | 0.0285   |
|    exploration_rate | 0.05     |
| time/               |          |
|    episodes         | 388      |
|    fps              | 34       |
|    time_elapsed     | 806      |
|    total_timesteps  | 28051    |
| train/              |          |
|    learning_rate    | 0.0005   |
|    loss             | 0.0443   |
|    n_updates        | 6762     |
----------------------------------
----------------------------------
| rollout/            |          |
|    ep_len_mean      | 111      |
|    ep_rew_mean      | 0.188    |
|    exploration_rate | 0.05     |
| time/               |          |
|    episodes         | 392      |
|    fps              | 34       |
|    time_elapsed     | 823      |
|    total_timesteps  | 28470    |
| train/              |          |
|    learning_rate    | 0.0005   |
|    loss             | 0.0247   |
|    n_updates        | 6867     |
----------------------------------
----------------------------------
| rollout/            |          |
|    ep_len_mean      | 112      |
|    ep_rew_mean      | 0.632    |
|    exploration_rate | 0.05     |
| time/               |          |
|    episodes         | 396      |
|    fps              | 34       |
|    time_elapsed     | 846      |
|    total_timesteps  | 29067    |
| train/              |          |
|    learning_rate    | 0.0005   |
|    loss             | 0.00573  |
|    n_updates        | 7016     |
----------------------------------
----------------------------------
| rollout/            |          |
|    ep_len_mean      | 108      |
|    ep_rew_mean      | -0.45    |
|    exploration_rate | 0.05     |
| time/               |          |
|    episodes         | 400      |
|    fps              | 34       |
|    time_elapsed     | 853      |
|    total_timesteps  | 29228    |
| train/              |          |
|    learning_rate    | 0.0005   |
|    loss             | 0.00228  |
|    n_updates        | 7056     |
----------------------------------
----------------------------------
| rollout/            |          |
|    ep_len_mean      | 106      |
|    ep_rew_mean      | -0.761   |
|    exploration_rate | 0.05     |
| time/               |          |
|    episodes         | 404      |
|    fps              | 34       |
|    time_elapsed     | 874      |
|    total_timesteps  | 29783    |
| train/              |          |
|    learning_rate    | 0.0005   |
|    loss             | 0.0453   |
|    n_updates        | 7195     |
----------------------------------
[Eval @30000] NEW BEST mean_reward=3.560
[Eval @30000] R=3.6±3.1 CR=0.200 Spd=21.6 LC=1.3 SR=0.800
----------------------------------
| rollout/            |          |
|    ep_len_mean      | 107      |
|    ep_rew_mean      | -0.775   |
|    exploration_rate | 0.05     |
| time/               |          |
|    episodes         | 408      |
|    fps              | 31       |
|    time_elapsed     | 953      |
|    total_timesteps  | 30146    |
| train/              |          |
|    learning_rate    | 0.0005   |
|    loss             | 0.0214   |
|    n_updates        | 7286     |
----------------------------------
----------------------------------
| rollout/            |          |
|    ep_len_mean      | 105      |
|    ep_rew_mean      | -0.95    |
|    exploration_rate | 0.05     |
| time/               |          |
|    episodes         | 412      |
|    fps              | 31       |
|    time_elapsed     | 971      |
|    total_timesteps  | 30614    |
| train/              |          |
|    learning_rate    | 0.0005   |
|    loss             | 0.0126   |
|    n_updates        | 7403     |
----------------------------------
----------------------------------
| rollout/            |          |
|    ep_len_mean      | 105      |
|    ep_rew_mean      | -0.651   |
|    exploration_rate | 0.05     |
| time/               |          |
|    episodes         | 416      |
|    fps              | 31       |
|    time_elapsed     | 989      |
|    total_timesteps  | 31066    |
| train/              |          |
|    learning_rate    | 0.0005   |
|    loss             | 0.0181   |
|    n_updates        | 7516     |
----------------------------------
----------------------------------
| rollout/            |          |
|    ep_len_mean      | 108      |
|    ep_rew_mean      | 0.182    |
|    exploration_rate | 0.05     |
| time/               |          |
|    episodes         | 420      |
|    fps              | 31       |
|    time_elapsed     | 1015     |
|    total_timesteps  | 31722    |
| train/              |          |
|    learning_rate    | 0.0005   |
|    loss             | 0.000679 |
|    n_updates        | 7680     |
----------------------------------
----------------------------------
| rollout/            |          |
|    ep_len_mean      | 109      |
|    ep_rew_mean      | 0.393    |
|    exploration_rate | 0.05     |
| time/               |          |
|    episodes         | 424      |
|    fps              | 31       |
|    time_elapsed     | 1041     |
|    total_timesteps  | 32370    |
| train/              |          |
|    learning_rate    | 0.0005   |
|    loss             | 0.00193  |
|    n_updates        | 7842     |
----------------------------------
----------------------------------
| rollout/            |          |
|    ep_len_mean      | 109      |
|    ep_rew_mean      | 0.152    |
|    exploration_rate | 0.05     |
| time/               |          |
|    episodes         | 428      |
|    fps              | 31       |
|    time_elapsed     | 1051     |
|    total_timesteps  | 32643    |
| train/              |          |
|    learning_rate    | 0.0005   |
|    loss             | 0.00796  |
|    n_updates        | 7910     |
----------------------------------
----------------------------------
| rollout/            |          |
|    ep_len_mean      | 110      |
|    ep_rew_mean      | 0.427    |
|    exploration_rate | 0.05     |
| time/               |          |
|    episodes         | 432      |
|    fps              | 30       |
|    time_elapsed     | 1077     |
|    total_timesteps  | 33289    |
| train/              |          |
|    learning_rate    | 0.0005   |
|    loss             | 0.0225   |
|    n_updates        | 8072     |
----------------------------------
----------------------------------
| rollout/            |          |
|    ep_len_mean      | 112      |
|    ep_rew_mean      | 0.369    |
|    exploration_rate | 0.05     |
| time/               |          |
|    episodes         | 436      |
|    fps              | 30       |
|    time_elapsed     | 1094     |
|    total_timesteps  | 33726    |
| train/              |          |
|    learning_rate    | 0.0005   |
|    loss             | 0.00151  |
|    n_updates        | 8181     |
----------------------------------
----------------------------------
| rollout/            |          |
|    ep_len_mean      | 112      |
|    ep_rew_mean      | 0.194    |
|    exploration_rate | 0.05     |
| time/               |          |
|    episodes         | 440      |
|    fps              | 30       |
|    time_elapsed     | 1112     |
|    total_timesteps  | 34194    |
| train/              |          |
|    learning_rate    | 0.0005   |
|    loss             | 0.000386 |
|    n_updates        | 8298     |
----------------------------------
----------------------------------
| rollout/            |          |
|    ep_len_mean      | 111      |
|    ep_rew_mean      | 0.144    |
|    exploration_rate | 0.05     |
| time/               |          |
|    episodes         | 444      |
|    fps              | 30       |
|    time_elapsed     | 1122     |
|    total_timesteps  | 34435    |
| train/              |          |
|    learning_rate    | 0.0005   |
|    loss             | 0.000769 |
|    n_updates        | 8358     |
----------------------------------
----------------------------------
| rollout/            |          |
|    ep_len_mean      | 110      |
|    ep_rew_mean      | -0.0865  |
|    exploration_rate | 0.05     |
| time/               |          |
|    episodes         | 448      |
|    fps              | 30       |
|    time_elapsed     | 1133     |
|    total_timesteps  | 34714    |
| train/              |          |
|    learning_rate    | 0.0005   |
|    loss             | 0.000938 |
|    n_updates        | 8428     |
----------------------------------
----------------------------------
| rollout/            |          |
|    ep_len_mean      | 109      |
|    ep_rew_mean      | -0.5     |
|    exploration_rate | 0.05     |
| time/               |          |
|    episodes         | 452      |
|    fps              | 30       |
|    time_elapsed     | 1142     |
|    total_timesteps  | 34932    |
| train/              |          |
|    learning_rate    | 0.0005   |
|    loss             | 0.0624   |
|    n_updates        | 8482     |
----------------------------------
[Eval @35000] NEW BEST mean_reward=3.840
[Eval @35000] R=3.8±3.3 CR=0.200 Spd=21.3 LC=1.3 SR=0.800
----------------------------------
| rollout/            |          |
|    ep_len_mean      | 107      |
|    ep_rew_mean      | -0.746   |
|    exploration_rate | 0.05     |
| time/               |          |
|    episodes         | 456      |
|    fps              | 28       |
|    time_elapsed     | 1220     |
|    total_timesteps  | 35211    |
| train/              |          |
|    learning_rate    | 0.0005   |
|    loss             | 0.00242  |
|    n_updates        | 8552     |
----------------------------------
----------------------------------
| rollout/            |          |
|    ep_len_mean      | 104      |
|    ep_rew_mean      | -1.55    |
|    exploration_rate | 0.05     |
| time/               |          |
|    episodes         | 460      |
|    fps              | 28       |
|    time_elapsed     | 1239     |
|    total_timesteps  | 35714    |
| train/              |          |
|    learning_rate    | 0.0005   |
|    loss             | 0.0389   |
|    n_updates        | 8678     |
----------------------------------
----------------------------------
| rollout/            |          |
|    ep_len_mean      | 103      |
|    ep_rew_mean      | -1.94    |
|    exploration_rate | 0.05     |
| time/               |          |
|    episodes         | 464      |
|    fps              | 28       |
|    time_elapsed     | 1254     |
|    total_timesteps  | 36080    |
| train/              |          |
|    learning_rate    | 0.0005   |
|    loss             | 0.00391  |
|    n_updates        | 8769     |
----------------------------------
----------------------------------
| rollout/            |          |
|    ep_len_mean      | 106      |
|    ep_rew_mean      | -1.36    |
|    exploration_rate | 0.05     |
| time/               |          |
|    episodes         | 468      |
|    fps              | 28       |
|    time_elapsed     | 1274     |
|    total_timesteps  | 36594    |
| train/              |          |
|    learning_rate    | 0.0005   |
|    loss             | 0.000513 |
|    n_updates        | 8898     |
----------------------------------
----------------------------------
| rollout/            |          |
|    ep_len_mean      | 105      |
|    ep_rew_mean      | -1.33    |
|    exploration_rate | 0.05     |
| time/               |          |
|    episodes         | 472      |
|    fps              | 28       |
|    time_elapsed     | 1288     |
|    total_timesteps  | 36959    |
| train/              |          |
|    learning_rate    | 0.0005   |
|    loss             | 0.00142  |
|    n_updates        | 8989     |
----------------------------------
----------------------------------
| rollout/            |          |
|    ep_len_mean      | 102      |
|    ep_rew_mean      | -2.12    |
|    exploration_rate | 0.05     |
| time/               |          |
|    episodes         | 476      |
|    fps              | 28       |
|    time_elapsed     | 1296     |
|    total_timesteps  | 37154    |
| train/              |          |
|    learning_rate    | 0.0005   |
|    loss             | 0.00522  |
|    n_updates        | 9038     |
----------------------------------
----------------------------------
| rollout/            |          |
|    ep_len_mean      | 101      |
|    ep_rew_mean      | -2.45    |
|    exploration_rate | 0.05     |
| time/               |          |
|    episodes         | 480      |
|    fps              | 28       |
|    time_elapsed     | 1305     |
|    total_timesteps  | 37388    |
| train/              |          |
|    learning_rate    | 0.0005   |
|    loss             | 0.000337 |
|    n_updates        | 9096     |
----------------------------------
----------------------------------
| rollout/            |          |
|    ep_len_mean      | 97.8     |
|    ep_rew_mean      | -2.94    |
|    exploration_rate | 0.05     |
| time/               |          |
|    episodes         | 484      |
|    fps              | 28       |
|    time_elapsed     | 1310     |
|    total_timesteps  | 37489    |
| train/              |          |
|    learning_rate    | 0.0005   |
|    loss             | 0.0457   |
|    n_updates        | 9122     |
----------------------------------
----------------------------------
| rollout/            |          |
|    ep_len_mean      | 100      |
|    ep_rew_mean      | -2.1     |
|    exploration_rate | 0.05     |
| time/               |          |
|    episodes         | 488      |
|    fps              | 28       |
|    time_elapsed     | 1333     |
|    total_timesteps  | 38079    |
| train/              |          |
|    learning_rate    | 0.0005   |
|    loss             | 0.000341 |
|    n_updates        | 9269     |
----------------------------------
----------------------------------
| rollout/            |          |
|    ep_len_mean      | 101      |
|    ep_rew_mean      | -1.65    |
|    exploration_rate | 0.05     |
| time/               |          |
|    episodes         | 492      |
|    fps              | 28       |
|    time_elapsed     | 1353     |
|    total_timesteps  | 38582    |
| train/              |          |
|    learning_rate    | 0.0005   |
|    loss             | 0.0414   |
|    n_updates        | 9395     |
----------------------------------
----------------------------------
| rollout/            |          |
|    ep_len_mean      | 99.7     |
|    ep_rew_mean      | -2.22    |
|    exploration_rate | 0.05     |
| time/               |          |
|    episodes         | 496      |
|    fps              | 28       |
|    time_elapsed     | 1370     |
|    total_timesteps  | 39034    |
| train/              |          |
|    learning_rate    | 0.0005   |
|    loss             | 0.0019   |
|    n_updates        | 9508     |
----------------------------------
----------------------------------
| rollout/            |          |
|    ep_len_mean      | 103      |
|    ep_rew_mean      | -1.53    |
|    exploration_rate | 0.05     |
| time/               |          |
|    episodes         | 500      |
|    fps              | 28       |
|    time_elapsed     | 1390     |
|    total_timesteps  | 39536    |
| train/              |          |
|    learning_rate    | 0.0005   |
|    loss             | 0.0311   |
|    n_updates        | 9633     |
----------------------------------
[Eval @40000] R=2.6±3.4 CR=0.400 Spd=23.3 LC=2.2 SR=0.600
----------------------------------
| rollout/            |          |
|    ep_len_mean      | 104      |
|    ep_rew_mean      | -1.19    |
|    exploration_rate | 0.05     |
| time/               |          |
|    episodes         | 504      |
|    fps              | 27       |
|    time_elapsed     | 1474     |
|    total_timesteps  | 40156    |
| train/              |          |
|    learning_rate    | 0.0005   |
|    loss             | 0.000412 |
|    n_updates        | 9788     |
----------------------------------
----------------------------------
| rollout/            |          |
|    ep_len_mean      | 105      |
|    ep_rew_mean      | -0.917   |
|    exploration_rate | 0.05     |
| time/               |          |
|    episodes         | 508      |
|    fps              | 27       |
|    time_elapsed     | 1492     |
|    total_timesteps  | 40616    |
| train/              |          |
|    learning_rate    | 0.0005   |
|    loss             | 0.00184  |
|    n_updates        | 9903     |
----------------------------------
----------------------------------
| rollout/            |          |
|    ep_len_mean      | 106      |
|    ep_rew_mean      | -0.49    |
|    exploration_rate | 0.05     |
| time/               |          |
|    episodes         | 512      |
|    fps              | 27       |
|    time_elapsed     | 1518     |
|    total_timesteps  | 41262    |
| train/              |          |
|    learning_rate    | 0.0005   |
|    loss             | 0.00055  |
|    n_updates        | 10065    |
----------------------------------
----------------------------------
| rollout/            |          |
|    ep_len_mean      | 105      |
|    ep_rew_mean      | -0.952   |
|    exploration_rate | 0.05     |
| time/               |          |
|    episodes         | 516      |
|    fps              | 27       |
|    time_elapsed     | 1530     |
|    total_timesteps  | 41583    |
| train/              |          |
|    learning_rate    | 0.0005   |
|    loss             | 0.0391   |
|    n_updates        | 10145    |
----------------------------------
----------------------------------
| rollout/            |          |
|    ep_len_mean      | 102      |
|    ep_rew_mean      | -1.72    |
|    exploration_rate | 0.05     |
| time/               |          |
|    episodes         | 520      |
|    fps              | 27       |
|    time_elapsed     | 1544     |
|    total_timesteps  | 41918    |
| train/              |          |
|    learning_rate    | 0.0005   |
|    loss             | 0.00788  |
|    n_updates        | 10229    |
----------------------------------
----------------------------------
| rollout/            |          |
|    ep_len_mean      | 101      |
|    ep_rew_mean      | -1.57    |
|    exploration_rate | 0.05     |
| time/               |          |
|    episodes         | 524      |
|    fps              | 27       |
|    time_elapsed     | 1565     |
|    total_timesteps  | 42466    |
| train/              |          |
|    learning_rate    | 0.0005   |
|    loss             | 0.00993  |
|    n_updates        | 10366    |
----------------------------------
----------------------------------
| rollout/            |          |
|    ep_len_mean      | 104      |
|    ep_rew_mean      | -0.937   |
|    exploration_rate | 0.05     |
| time/               |          |
|    episodes         | 528      |
|    fps              | 27       |
|    time_elapsed     | 1587     |
|    total_timesteps  | 43024    |
| train/              |          |
|    learning_rate    | 0.0005   |
|    loss             | 0.000388 |
|    n_updates        | 10505    |
----------------------------------
----------------------------------
| rollout/            |          |
|    ep_len_mean      | 103      |
|    ep_rew_mean      | -1.21    |
|    exploration_rate | 0.05     |
| time/               |          |
|    episodes         | 532      |
|    fps              | 27       |
|    time_elapsed     | 1608     |
|    total_timesteps  | 43552    |
| train/              |          |
|    learning_rate    | 0.0005   |
|    loss             | 0.00144  |
|    n_updates        | 10637    |
----------------------------------
----------------------------------
| rollout/            |          |
|    ep_len_mean      | 99.7     |
|    ep_rew_mean      | -1.59    |
|    exploration_rate | 0.05     |
| time/               |          |
|    episodes         | 536      |
|    fps              | 27       |
|    time_elapsed     | 1610     |
|    total_timesteps  | 43696    |
| train/              |          |
|    learning_rate    | 0.0005   |
|    loss             | 0.000724 |
|    n_updates        | 10673    |
----------------------------------
----------------------------------
| rollout/            |          |
|    ep_len_mean      | 101      |
|    ep_rew_mean      | -1.19    |
|    exploration_rate | 0.05     |
| time/               |          |
|    episodes         | 540      |
|    fps              | 27       |
|    time_elapsed     | 1617     |
|    total_timesteps  | 44297    |
| train/              |          |
|    learning_rate    | 0.0005   |
|    loss             | 0.000274 |
|    n_updates        | 10824    |
----------------------------------
----------------------------------
| rollout/            |          |
|    ep_len_mean      | 103      |
|    ep_rew_mean      | -0.735   |
|    exploration_rate | 0.05     |
| time/               |          |
|    episodes         | 544      |
|    fps              | 27       |
|    time_elapsed     | 1622     |
|    total_timesteps  | 44688    |
| train/              |          |
|    learning_rate    | 0.0005   |
|    loss             | 0.0499   |
|    n_updates        | 10921    |
----------------------------------
[Eval @45000] R=0.2±3.3 CR=0.700 Spd=24.2 LC=1.1 SR=0.300
----------------------------------
| rollout/            |          |
|    ep_len_mean      | 103      |
|    ep_rew_mean      | -0.662   |
|    exploration_rate | 0.05     |
| time/               |          |
|    episodes         | 548      |
|    fps              | 27       |
|    time_elapsed     | 1639     |
|    total_timesteps  | 45038    |
| train/              |          |
|    learning_rate    | 0.0005   |
|    loss             | 0.000356 |
|    n_updates        | 11009    |
----------------------------------
----------------------------------
| rollout/            |          |
|    ep_len_mean      | 105      |
|    ep_rew_mean      | -0.17    |
|    exploration_rate | 0.05     |
| time/               |          |
|    episodes         | 552      |
|    fps              | 27       |
|    time_elapsed     | 1644     |
|    total_timesteps  | 45416    |
| train/              |          |
|    learning_rate    | 0.0005   |
|    loss             | 0.0385   |
|    n_updates        | 11103    |
----------------------------------
----------------------------------
| rollout/            |          |
|    ep_len_mean      | 106      |
|    ep_rew_mean      | -0.285   |
|    exploration_rate | 0.05     |
| time/               |          |
|    episodes         | 556      |
|    fps              | 27       |
|    time_elapsed     | 1649     |
|    total_timesteps  | 45777    |
| train/              |          |
|    learning_rate    | 0.0005   |
|    loss             | 0.0434   |
|    n_updates        | 11194    |
----------------------------------
----------------------------------
| rollout/            |          |
|    ep_len_mean      | 106      |
|    ep_rew_mean      | -0.37    |
|    exploration_rate | 0.05     |
| time/               |          |
|    episodes         | 560      |
|    fps              | 27       |
|    time_elapsed     | 1656     |
|    total_timesteps  | 46306    |
| train/              |          |
|    learning_rate    | 0.0005   |
|    loss             | 0.000386 |
|    n_updates        | 11326    |
----------------------------------
----------------------------------
| rollout/            |          |
|    ep_len_mean      | 107      |
|    ep_rew_mean      | -0.173   |
|    exploration_rate | 0.05     |
| time/               |          |
|    episodes         | 564      |
|    fps              | 28       |
|    time_elapsed     | 1661     |
|    total_timesteps  | 46756    |
| train/              |          |
|    learning_rate    | 0.0005   |
|    loss             | 0.00714  |
|    n_updates        | 11438    |
----------------------------------
----------------------------------
| rollout/            |          |
|    ep_len_mean      | 104      |
|    ep_rew_mean      | -1.01    |
|    exploration_rate | 0.05     |
| time/               |          |
|    episodes         | 568      |
|    fps              | 28       |
|    time_elapsed     | 1664     |
|    total_timesteps  | 46970    |
| train/              |          |
|    learning_rate    | 0.0005   |
|    loss             | 0.000978 |
|    n_updates        | 11492    |
----------------------------------
----------------------------------
| rollout/            |          |
|    ep_len_mean      | 103      |
|    ep_rew_mean      | -0.814   |
|    exploration_rate | 0.05     |
| time/               |          |
|    episodes         | 572      |
|    fps              | 28       |
|    time_elapsed     | 1668     |
|    total_timesteps  | 47297    |
| train/              |          |
|    learning_rate    | 0.0005   |
|    loss             | 0.0503   |
|    n_updates        | 11574    |
----------------------------------
----------------------------------
| rollout/            |          |
|    ep_len_mean      | 105      |
|    ep_rew_mean      | -0.136   |
|    exploration_rate | 0.05     |
| time/               |          |
|    episodes         | 576      |
|    fps              | 28       |
|    time_elapsed     | 1674     |
|    total_timesteps  | 47703    |
| train/              |          |
|    learning_rate    | 0.0005   |
|    loss             | 0.000415 |
|    n_updates        | 11675    |
----------------------------------
----------------------------------
| rollout/            |          |
|    ep_len_mean      | 107      |
|    ep_rew_mean      | 0.0227   |
|    exploration_rate | 0.05     |
| time/               |          |
|    episodes         | 580      |
|    fps              | 28       |
|    time_elapsed     | 1678     |
|    total_timesteps  | 48049    |
| train/              |          |
|    learning_rate    | 0.0005   |
|    loss             | 0.0889   |
|    n_updates        | 11762    |
----------------------------------
----------------------------------
| rollout/            |          |
|    ep_len_mean      | 108      |
|    ep_rew_mean      | 0.216    |
|    exploration_rate | 0.05     |
| time/               |          |
|    episodes         | 584      |
|    fps              | 28       |
|    time_elapsed     | 1681     |
|    total_timesteps  | 48267    |
| train/              |          |
|    learning_rate    | 0.0005   |
|    loss             | 0.000289 |
|    n_updates        | 11816    |
----------------------------------
----------------------------------
| rollout/            |          |
|    ep_len_mean      | 106      |
|    ep_rew_mean      | -0.0988  |
|    exploration_rate | 0.05     |
| time/               |          |
|    episodes         | 588      |
|    fps              | 28       |
|    time_elapsed     | 1686     |
|    total_timesteps  | 48696    |
| train/              |          |
|    learning_rate    | 0.0005   |
|    loss             | 0.000395 |
|    n_updates        | 11923    |
----------------------------------
----------------------------------
| rollout/            |          |
|    ep_len_mean      | 105      |
|    ep_rew_mean      | -0.263   |
|    exploration_rate | 0.05     |
| time/               |          |
|    episodes         | 592      |
|    fps              | 29       |
|    time_elapsed     | 1691     |
|    total_timesteps  | 49083    |
| train/              |          |
|    learning_rate    | 0.0005   |
|    loss             | 0.0611   |
|    n_updates        | 12020    |
----------------------------------
----------------------------------
| rollout/            |          |
|    ep_len_mean      | 106      |
|    ep_rew_mean      | -0.0634  |
|    exploration_rate | 0.05     |
| time/               |          |
|    episodes         | 596      |
|    fps              | 29       |
|    time_elapsed     | 1698     |
|    total_timesteps  | 49595    |
| train/              |          |
|    learning_rate    | 0.0005   |
|    loss             | 0.000392 |
|    n_updates        | 12148    |
----------------------------------
[Eval @50000] R=2.7±4.0 CR=0.400 Spd=23.0 LC=2.1 SR=0.600
[DQN] Done. Model: ./logs/dqn/conservative/seed_1024/final_model.zip
