[WARNING] GrayscaleImage not available, falling back to OccupancyGrid.
[DQN] reward=conservative seed=123 steps=50000 policy=MlpPolicy
[DQN] run_dir=./logs/dqn/conservative/seed_123
[WARNING] GrayscaleImage not available, falling back to OccupancyGrid.
[WARNING] GrayscaleImage not available, falling back to OccupancyGrid.
Using cpu device
Logging to ./logs/dqn/conservative/seed_123/dqn_conservative_seed123_1
----------------------------------
| rollout/            |          |
|    ep_len_mean      | 20.8     |
|    ep_rew_mean      | -25.2    |
|    exploration_rate | 0.995    |
| time/               |          |
|    episodes         | 4        |
|    fps              | 25       |
|    time_elapsed     | 3        |
|    total_timesteps  | 83       |
----------------------------------
----------------------------------
| rollout/            |          |
|    ep_len_mean      | 33       |
|    ep_rew_mean      | -29.1    |
|    exploration_rate | 0.983    |
| time/               |          |
|    episodes         | 8        |
|    fps              | 26       |
|    time_elapsed     | 9        |
|    total_timesteps  | 264      |
----------------------------------
----------------------------------
| rollout/            |          |
|    ep_len_mean      | 31.4     |
|    ep_rew_mean      | -28.1    |
|    exploration_rate | 0.976    |
| time/               |          |
|    episodes         | 12       |
|    fps              | 26       |
|    time_elapsed     | 14       |
|    total_timesteps  | 377      |
----------------------------------
----------------------------------
| rollout/            |          |
|    ep_len_mean      | 39.9     |
|    ep_rew_mean      | -30.3    |
|    exploration_rate | 0.96     |
| time/               |          |
|    episodes         | 16       |
|    fps              | 26       |
|    time_elapsed     | 24       |
|    total_timesteps  | 639      |
----------------------------------
----------------------------------
| rollout/            |          |
|    ep_len_mean      | 37       |
|    ep_rew_mean      | -29.7    |
|    exploration_rate | 0.953    |
| time/               |          |
|    episodes         | 20       |
|    fps              | 26       |
|    time_elapsed     | 28       |
|    total_timesteps  | 739      |
----------------------------------
----------------------------------
| rollout/            |          |
|    ep_len_mean      | 35       |
|    ep_rew_mean      | -28.9    |
|    exploration_rate | 0.947    |
| time/               |          |
|    episodes         | 24       |
|    fps              | 28       |
|    time_elapsed     | 29       |
|    total_timesteps  | 840      |
----------------------------------
----------------------------------
| rollout/            |          |
|    ep_len_mean      | 37.4     |
|    ep_rew_mean      | -29.4    |
|    exploration_rate | 0.934    |
| time/               |          |
|    episodes         | 28       |
|    fps              | 32       |
|    time_elapsed     | 32       |
|    total_timesteps  | 1047     |
| train/              |          |
|    learning_rate    | 0.0005   |
|    loss             | 0.141    |
|    n_updates        | 11       |
----------------------------------
----------------------------------
| rollout/            |          |
|    ep_len_mean      | 38.1     |
|    ep_rew_mean      | -29.6    |
|    exploration_rate | 0.923    |
| time/               |          |
|    episodes         | 32       |
|    fps              | 35       |
|    time_elapsed     | 34       |
|    total_timesteps  | 1219     |
| train/              |          |
|    learning_rate    | 0.0005   |
|    loss             | 0.139    |
|    n_updates        | 54       |
----------------------------------
----------------------------------
| rollout/            |          |
|    ep_len_mean      | 36       |
|    ep_rew_mean      | -29      |
|    exploration_rate | 0.918    |
| time/               |          |
|    episodes         | 36       |
|    fps              | 36       |
|    time_elapsed     | 35       |
|    total_timesteps  | 1295     |
| train/              |          |
|    learning_rate    | 0.0005   |
|    loss             | 0.123    |
|    n_updates        | 73       |
----------------------------------
----------------------------------
| rollout/            |          |
|    ep_len_mean      | 36.2     |
|    ep_rew_mean      | -29      |
|    exploration_rate | 0.908    |
| time/               |          |
|    episodes         | 40       |
|    fps              | 38       |
|    time_elapsed     | 37       |
|    total_timesteps  | 1449     |
| train/              |          |
|    learning_rate    | 0.0005   |
|    loss             | 0.0797   |
|    n_updates        | 112      |
----------------------------------
----------------------------------
| rollout/            |          |
|    ep_len_mean      | 38.2     |
|    ep_rew_mean      | -29.5    |
|    exploration_rate | 0.893    |
| time/               |          |
|    episodes         | 44       |
|    fps              | 41       |
|    time_elapsed     | 40       |
|    total_timesteps  | 1682     |
| train/              |          |
|    learning_rate    | 0.0005   |
|    loss             | 0.00229  |
|    n_updates        | 170      |
----------------------------------
----------------------------------
| rollout/            |          |
|    ep_len_mean      | 38.3     |
|    ep_rew_mean      | -29.5    |
|    exploration_rate | 0.884    |
| time/               |          |
|    episodes         | 48       |
|    fps              | 42       |
|    time_elapsed     | 42       |
|    total_timesteps  | 1838     |
| train/              |          |
|    learning_rate    | 0.0005   |
|    loss             | 0.0471   |
|    n_updates        | 209      |
----------------------------------
----------------------------------
| rollout/            |          |
|    ep_len_mean      | 37.3     |
|    ep_rew_mean      | -29.2    |
|    exploration_rate | 0.877    |
| time/               |          |
|    episodes         | 52       |
|    fps              | 42       |
|    time_elapsed     | 45       |
|    total_timesteps  | 1939     |
| train/              |          |
|    learning_rate    | 0.0005   |
|    loss             | 0.103    |
|    n_updates        | 234      |
----------------------------------
----------------------------------
| rollout/            |          |
|    ep_len_mean      | 35.8     |
|    ep_rew_mean      | -28.7    |
|    exploration_rate | 0.873    |
| time/               |          |
|    episodes         | 56       |
|    fps              | 41       |
|    time_elapsed     | 47       |
|    total_timesteps  | 2006     |
| train/              |          |
|    learning_rate    | 0.0005   |
|    loss             | 0.153    |
|    n_updates        | 251      |
----------------------------------
----------------------------------
| rollout/            |          |
|    ep_len_mean      | 38.1     |
|    ep_rew_mean      | -29      |
|    exploration_rate | 0.855    |
| time/               |          |
|    episodes         | 60       |
|    fps              | 38       |
|    time_elapsed     | 58       |
|    total_timesteps  | 2288     |
| train/              |          |
|    learning_rate    | 0.0005   |
|    loss             | 0.0609   |
|    n_updates        | 321      |
----------------------------------
----------------------------------
| rollout/            |          |
|    ep_len_mean      | 38.6     |
|    ep_rew_mean      | -29.1    |
|    exploration_rate | 0.844    |
| time/               |          |
|    episodes         | 64       |
|    fps              | 37       |
|    time_elapsed     | 66       |
|    total_timesteps  | 2470     |
| train/              |          |
|    learning_rate    | 0.0005   |
|    loss             | 0.0629   |
|    n_updates        | 367      |
----------------------------------
----------------------------------
| rollout/            |          |
|    ep_len_mean      | 39.8     |
|    ep_rew_mean      | -29.3    |
|    exploration_rate | 0.829    |
| time/               |          |
|    episodes         | 68       |
|    fps              | 35       |
|    time_elapsed     | 75       |
|    total_timesteps  | 2706     |
| train/              |          |
|    learning_rate    | 0.0005   |
|    loss             | 0.061    |
|    n_updates        | 426      |
----------------------------------
----------------------------------
| rollout/            |          |
|    ep_len_mean      | 39.9     |
|    ep_rew_mean      | -29.2    |
|    exploration_rate | 0.818    |
| time/               |          |
|    episodes         | 72       |
|    fps              | 35       |
|    time_elapsed     | 82       |
|    total_timesteps  | 2876     |
| train/              |          |
|    learning_rate    | 0.0005   |
|    loss             | 0.00201  |
|    n_updates        | 468      |
----------------------------------
----------------------------------
| rollout/            |          |
|    ep_len_mean      | 39.7     |
|    ep_rew_mean      | -29.1    |
|    exploration_rate | 0.809    |
| time/               |          |
|    episodes         | 76       |
|    fps              | 34       |
|    time_elapsed     | 87       |
|    total_timesteps  | 3015     |
| train/              |          |
|    learning_rate    | 0.0005   |
|    loss             | 0.0366   |
|    n_updates        | 503      |
----------------------------------
----------------------------------
| rollout/            |          |
|    ep_len_mean      | 39.2     |
|    ep_rew_mean      | -29      |
|    exploration_rate | 0.801    |
| time/               |          |
|    episodes         | 80       |
|    fps              | 33       |
|    time_elapsed     | 92       |
|    total_timesteps  | 3138     |
| train/              |          |
|    learning_rate    | 0.0005   |
|    loss             | 0.00838  |
|    n_updates        | 534      |
----------------------------------
----------------------------------
| rollout/            |          |
|    ep_len_mean      | 39.3     |
|    ep_rew_mean      | -28.9    |
|    exploration_rate | 0.791    |
| time/               |          |
|    episodes         | 84       |
|    fps              | 33       |
|    time_elapsed     | 98       |
|    total_timesteps  | 3298     |
| train/              |          |
|    learning_rate    | 0.0005   |
|    loss             | 0.0338   |
|    n_updates        | 574      |
----------------------------------
----------------------------------
| rollout/            |          |
|    ep_len_mean      | 39.7     |
|    ep_rew_mean      | -28.9    |
|    exploration_rate | 0.779    |
| time/               |          |
|    episodes         | 88       |
|    fps              | 32       |
|    time_elapsed     | 106      |
|    total_timesteps  | 3491     |
| train/              |          |
|    learning_rate    | 0.0005   |
|    loss             | 0.00145  |
|    n_updates        | 622      |
----------------------------------
----------------------------------
| rollout/            |          |
|    ep_len_mean      | 40.3     |
|    ep_rew_mean      | -29.1    |
|    exploration_rate | 0.765    |
| time/               |          |
|    episodes         | 92       |
|    fps              | 32       |
|    time_elapsed     | 115      |
|    total_timesteps  | 3709     |
| train/              |          |
|    learning_rate    | 0.0005   |
|    loss             | 0.082    |
|    n_updates        | 677      |
----------------------------------
----------------------------------
| rollout/            |          |
|    ep_len_mean      | 39.7     |
|    ep_rew_mean      | -28.9    |
|    exploration_rate | 0.758    |
| time/               |          |
|    episodes         | 96       |
|    fps              | 31       |
|    time_elapsed     | 119      |
|    total_timesteps  | 3814     |
| train/              |          |
|    learning_rate    | 0.0005   |
|    loss             | 0.0462   |
|    n_updates        | 703      |
----------------------------------
----------------------------------
| rollout/            |          |
|    ep_len_mean      | 39.9     |
|    ep_rew_mean      | -28.9    |
|    exploration_rate | 0.747    |
| time/               |          |
|    episodes         | 100      |
|    fps              | 31       |
|    time_elapsed     | 126      |
|    total_timesteps  | 3993     |
| train/              |          |
|    learning_rate    | 0.0005   |
|    loss             | 0.0605   |
|    n_updates        | 748      |
----------------------------------
----------------------------------
| rollout/            |          |
|    ep_len_mean      | 41.7     |
|    ep_rew_mean      | -29.2    |
|    exploration_rate | 0.731    |
| time/               |          |
|    episodes         | 104      |
|    fps              | 31       |
|    time_elapsed     | 136      |
|    total_timesteps  | 4249     |
| train/              |          |
|    learning_rate    | 0.0005   |
|    loss             | 0.00489  |
|    n_updates        | 812      |
----------------------------------
----------------------------------
| rollout/            |          |
|    ep_len_mean      | 42.3     |
|    ep_rew_mean      | -29.2    |
|    exploration_rate | 0.715    |
| time/               |          |
|    episodes         | 108      |
|    fps              | 30       |
|    time_elapsed     | 146      |
|    total_timesteps  | 4497     |
| train/              |          |
|    learning_rate    | 0.0005   |
|    loss             | 0.026    |
|    n_updates        | 874      |
----------------------------------
----------------------------------
| rollout/            |          |
|    ep_len_mean      | 43.8     |
|    ep_rew_mean      | -29.3    |
|    exploration_rate | 0.699    |
| time/               |          |
|    episodes         | 112      |
|    fps              | 30       |
|    time_elapsed     | 156      |
|    total_timesteps  | 4755     |
| train/              |          |
|    learning_rate    | 0.0005   |
|    loss             | 0.00743  |
|    n_updates        | 938      |
----------------------------------
----------------------------------
| rollout/            |          |
|    ep_len_mean      | 42.6     |
|    ep_rew_mean      | -28.9    |
|    exploration_rate | 0.69     |
| time/               |          |
|    episodes         | 116      |
|    fps              | 30       |
|    time_elapsed     | 161      |
|    total_timesteps  | 4898     |
| train/              |          |
|    learning_rate    | 0.0005   |
|    loss             | 0.0429   |
|    n_updates        | 974      |
----------------------------------
[Eval @5000] NEW BEST mean_reward=0.910
[Eval @5000] R=0.9±4.8 CR=0.500 Spd=22.7 LC=1.4 SR=0.500
----------------------------------
| rollout/            |          |
|    ep_len_mean      | 44.6     |
|    ep_rew_mean      | -29.1    |
|    exploration_rate | 0.671    |
| time/               |          |
|    episodes         | 120      |
|    fps              | 22       |
|    time_elapsed     | 227      |
|    total_timesteps  | 5199     |
| train/              |          |
|    learning_rate    | 0.0005   |
|    loss             | 0.0406   |
|    n_updates        | 1049     |
----------------------------------
----------------------------------
| rollout/            |          |
|    ep_len_mean      | 45.9     |
|    ep_rew_mean      | -29.3    |
|    exploration_rate | 0.656    |
| time/               |          |
|    episodes         | 124      |
|    fps              | 22       |
|    time_elapsed     | 236      |
|    total_timesteps  | 5427     |
| train/              |          |
|    learning_rate    | 0.0005   |
|    loss             | 0.0136   |
|    n_updates        | 1106     |
----------------------------------
----------------------------------
| rollout/            |          |
|    ep_len_mean      | 45.9     |
|    ep_rew_mean      | -29      |
|    exploration_rate | 0.643    |
| time/               |          |
|    episodes         | 128      |
|    fps              | 23       |
|    time_elapsed     | 244      |
|    total_timesteps  | 5633     |
| train/              |          |
|    learning_rate    | 0.0005   |
|    loss             | 0.0111   |
|    n_updates        | 1158     |
----------------------------------
----------------------------------
| rollout/            |          |
|    ep_len_mean      | 46.2     |
|    ep_rew_mean      | -28.9    |
|    exploration_rate | 0.63     |
| time/               |          |
|    episodes         | 132      |
|    fps              | 23       |
|    time_elapsed     | 252      |
|    total_timesteps  | 5844     |
| train/              |          |
|    learning_rate    | 0.0005   |
|    loss             | 0.00211  |
|    n_updates        | 1210     |
----------------------------------
----------------------------------
| rollout/            |          |
|    ep_len_mean      | 48.5     |
|    ep_rew_mean      | -29.2    |
|    exploration_rate | 0.611    |
| time/               |          |
|    episodes         | 136      |
|    fps              | 23       |
|    time_elapsed     | 264      |
|    total_timesteps  | 6150     |
| train/              |          |
|    learning_rate    | 0.0005   |
|    loss             | 0.00624  |
|    n_updates        | 1287     |
----------------------------------
----------------------------------
| rollout/            |          |
|    ep_len_mean      | 49.1     |
|    ep_rew_mean      | -29      |
|    exploration_rate | 0.598    |
| time/               |          |
|    episodes         | 140      |
|    fps              | 23       |
|    time_elapsed     | 267      |
|    total_timesteps  | 6355     |
| train/              |          |
|    learning_rate    | 0.0005   |
|    loss             | 0.0562   |
|    n_updates        | 1338     |
----------------------------------
----------------------------------
| rollout/            |          |
|    ep_len_mean      | 49.1     |
|    ep_rew_mean      | -28.8    |
|    exploration_rate | 0.582    |
| time/               |          |
|    episodes         | 144      |
|    fps              | 24       |
|    time_elapsed     | 270      |
|    total_timesteps  | 6595     |
| train/              |          |
|    learning_rate    | 0.0005   |
|    loss             | 0.0954   |
|    n_updates        | 1398     |
----------------------------------
----------------------------------
| rollout/            |          |
|    ep_len_mean      | 49.4     |
|    ep_rew_mean      | -28.8    |
|    exploration_rate | 0.571    |
| time/               |          |
|    episodes         | 148      |
|    fps              | 24       |
|    time_elapsed     | 274      |
|    total_timesteps  | 6775     |
| train/              |          |
|    learning_rate    | 0.0005   |
|    loss             | 0.0568   |
|    n_updates        | 1443     |
----------------------------------
----------------------------------
| rollout/            |          |
|    ep_len_mean      | 50.1     |
|    ep_rew_mean      | -28.7    |
|    exploration_rate | 0.56     |
| time/               |          |
|    episodes         | 152      |
|    fps              | 24       |
|    time_elapsed     | 280      |
|    total_timesteps  | 6947     |
| train/              |          |
|    learning_rate    | 0.0005   |
|    loss             | 0.0025   |
|    n_updates        | 1486     |
----------------------------------
----------------------------------
| rollout/            |          |
|    ep_len_mean      | 53.9     |
|    ep_rew_mean      | -29.2    |
|    exploration_rate | 0.532    |
| time/               |          |
|    episodes         | 156      |
|    fps              | 24       |
|    time_elapsed     | 298      |
|    total_timesteps  | 7393     |
| train/              |          |
|    learning_rate    | 0.0005   |
|    loss             | 0.000806 |
|    n_updates        | 1598     |
----------------------------------
----------------------------------
| rollout/            |          |
|    ep_len_mean      | 54.1     |
|    ep_rew_mean      | -29      |
|    exploration_rate | 0.513    |
| time/               |          |
|    episodes         | 160      |
|    fps              | 24       |
|    time_elapsed     | 310      |
|    total_timesteps  | 7696     |
| train/              |          |
|    learning_rate    | 0.0005   |
|    loss             | 0.101    |
|    n_updates        | 1673     |
----------------------------------
----------------------------------
| rollout/            |          |
|    ep_len_mean      | 54.4     |
|    ep_rew_mean      | -28.8    |
|    exploration_rate | 0.499    |
| time/               |          |
|    episodes         | 164      |
|    fps              | 24       |
|    time_elapsed     | 318      |
|    total_timesteps  | 7906     |
| train/              |          |
|    learning_rate    | 0.0005   |
|    loss             | 0.107    |
|    n_updates        | 1726     |
----------------------------------
----------------------------------
| rollout/            |          |
|    ep_len_mean      | 53.6     |
|    ep_rew_mean      | -28.5    |
|    exploration_rate | 0.489    |
| time/               |          |
|    episodes         | 168      |
|    fps              | 24       |
|    time_elapsed     | 325      |
|    total_timesteps  | 8069     |
| train/              |          |
|    learning_rate    | 0.0005   |
|    loss             | 0.0103   |
|    n_updates        | 1767     |
----------------------------------
----------------------------------
| rollout/            |          |
|    ep_len_mean      | 52.6     |
|    ep_rew_mean      | -28.2    |
|    exploration_rate | 0.485    |
| time/               |          |
|    episodes         | 172      |
|    fps              | 24       |
|    time_elapsed     | 327      |
|    total_timesteps  | 8136     |
| train/              |          |
|    learning_rate    | 0.0005   |
|    loss             | 0.0022   |
|    n_updates        | 1783     |
----------------------------------
----------------------------------
| rollout/            |          |
|    ep_len_mean      | 54.5     |
|    ep_rew_mean      | -28.4    |
|    exploration_rate | 0.464    |
| time/               |          |
|    episodes         | 176      |
|    fps              | 24       |
|    time_elapsed     | 340      |
|    total_timesteps  | 8460     |
| train/              |          |
|    learning_rate    | 0.0005   |
|    loss             | 0.0348   |
|    n_updates        | 1864     |
----------------------------------
----------------------------------
| rollout/            |          |
|    ep_len_mean      | 54.2     |
|    ep_rew_mean      | -28.2    |
|    exploration_rate | 0.458    |
| time/               |          |
|    episodes         | 180      |
|    fps              | 24       |
|    time_elapsed     | 344      |
|    total_timesteps  | 8563     |
| train/              |          |
|    learning_rate    | 0.0005   |
|    loss             | 0.0568   |
|    n_updates        | 1890     |
----------------------------------
----------------------------------
| rollout/            |          |
|    ep_len_mean      | 54.9     |
|    ep_rew_mean      | -28.1    |
|    exploration_rate | 0.443    |
| time/               |          |
|    episodes         | 184      |
|    fps              | 24       |
|    time_elapsed     | 353      |
|    total_timesteps  | 8787     |
| train/              |          |
|    learning_rate    | 0.0005   |
|    loss             | 0.0579   |
|    n_updates        | 1946     |
----------------------------------
----------------------------------
| rollout/            |          |
|    ep_len_mean      | 55.9     |
|    ep_rew_mean      | -27.9    |
|    exploration_rate | 0.425    |
| time/               |          |
|    episodes         | 188      |
|    fps              | 24       |
|    time_elapsed     | 364      |
|    total_timesteps  | 9076     |
| train/              |          |
|    learning_rate    | 0.0005   |
|    loss             | 0.00292  |
|    n_updates        | 2018     |
----------------------------------
----------------------------------
| rollout/            |          |
|    ep_len_mean      | 55.9     |
|    ep_rew_mean      | -27.6    |
|    exploration_rate | 0.411    |
| time/               |          |
|    episodes         | 192      |
|    fps              | 24       |
|    time_elapsed     | 373      |
|    total_timesteps  | 9295     |
| train/              |          |
|    learning_rate    | 0.0005   |
|    loss             | 0.117    |
|    n_updates        | 2073     |
----------------------------------
----------------------------------
| rollout/            |          |
|    ep_len_mean      | 59.6     |
|    ep_rew_mean      | -27.3    |
|    exploration_rate | 0.381    |
| time/               |          |
|    episodes         | 196      |
|    fps              | 24       |
|    time_elapsed     | 392      |
|    total_timesteps  | 9772     |
| train/              |          |
|    learning_rate    | 0.0005   |
|    loss             | 0.047    |
|    n_updates        | 2192     |
----------------------------------
[Eval @10000] NEW BEST mean_reward=2.510
[Eval @10000] R=2.5±4.0 CR=0.300 Spd=22.2 LC=2.0 SR=0.700
----------------------------------
| rollout/            |          |
|    ep_len_mean      | 60.8     |
|    ep_rew_mean      | -27      |
|    exploration_rate | 0.362    |
| time/               |          |
|    episodes         | 200      |
|    fps              | 21       |
|    time_elapsed     | 460      |
|    total_timesteps  | 10077    |
| train/              |          |
|    learning_rate    | 0.0005   |
|    loss             | 0.00243  |
|    n_updates        | 2269     |
----------------------------------
----------------------------------
| rollout/            |          |
|    ep_len_mean      | 61       |
|    ep_rew_mean      | -26.6    |
|    exploration_rate | 0.345    |
| time/               |          |
|    episodes         | 204      |
|    fps              | 21       |
|    time_elapsed     | 471      |
|    total_timesteps  | 10349    |
| train/              |          |
|    learning_rate    | 0.0005   |
|    loss             | 0.0475   |
|    n_updates        | 2337     |
----------------------------------
----------------------------------
| rollout/            |          |
|    ep_len_mean      | 61.2     |
|    ep_rew_mean      | -26.2    |
|    exploration_rate | 0.327    |
| time/               |          |
|    episodes         | 208      |
|    fps              | 22       |
|    time_elapsed     | 480      |
|    total_timesteps  | 10619    |
| train/              |          |
|    learning_rate    | 0.0005   |
|    loss             | 0.00628  |
|    n_updates        | 2404     |
----------------------------------
----------------------------------
| rollout/            |          |
|    ep_len_mean      | 61.2     |
|    ep_rew_mean      | -25.7    |
|    exploration_rate | 0.311    |
| time/               |          |
|    episodes         | 212      |
|    fps              | 22       |
|    time_elapsed     | 484      |
|    total_timesteps  | 10880    |
| train/              |          |
|    learning_rate    | 0.0005   |
|    loss             | 0.148    |
|    n_updates        | 2469     |
----------------------------------
----------------------------------
| rollout/            |          |
|    ep_len_mean      | 62.6     |
|    ep_rew_mean      | -25.5    |
|    exploration_rate | 0.293    |
| time/               |          |
|    episodes         | 216      |
|    fps              | 22       |
|    time_elapsed     | 488      |
|    total_timesteps  | 11161    |
| train/              |          |
|    learning_rate    | 0.0005   |
|    loss             | 0.0287   |
|    n_updates        | 2540     |
----------------------------------
----------------------------------
| rollout/            |          |
|    ep_len_mean      | 61.1     |
|    ep_rew_mean      | -25      |
|    exploration_rate | 0.284    |
| time/               |          |
|    episodes         | 220      |
|    fps              | 22       |
|    time_elapsed     | 493      |
|    total_timesteps  | 11311    |
| train/              |          |
|    learning_rate    | 0.0005   |
|    loss             | 0.0164   |
|    n_updates        | 2577     |
----------------------------------
----------------------------------
| rollout/            |          |
|    ep_len_mean      | 61.3     |
|    ep_rew_mean      | -24.6    |
|    exploration_rate | 0.268    |
| time/               |          |
|    episodes         | 224      |
|    fps              | 22       |
|    time_elapsed     | 503      |
|    total_timesteps  | 11557    |
| train/              |          |
|    learning_rate    | 0.0005   |
|    loss             | 0.0581   |
|    n_updates        | 2639     |
----------------------------------
----------------------------------
| rollout/            |          |
|    ep_len_mean      | 61.1     |
|    ep_rew_mean      | -24.3    |
|    exploration_rate | 0.256    |
| time/               |          |
|    episodes         | 228      |
|    fps              | 22       |
|    time_elapsed     | 510      |
|    total_timesteps  | 11747    |
| train/              |          |
|    learning_rate    | 0.0005   |
|    loss             | 0.00816  |
|    n_updates        | 2686     |
----------------------------------
----------------------------------
| rollout/            |          |
|    ep_len_mean      | 62.6     |
|    ep_rew_mean      | -23.9    |
|    exploration_rate | 0.233    |
| time/               |          |
|    episodes         | 232      |
|    fps              | 23       |
|    time_elapsed     | 524      |
|    total_timesteps  | 12103    |
| train/              |          |
|    learning_rate    | 0.0005   |
|    loss             | 0.0121   |
|    n_updates        | 2775     |
----------------------------------
----------------------------------
| rollout/            |          |
|    ep_len_mean      | 63.1     |
|    ep_rew_mean      | -23.1    |
|    exploration_rate | 0.211    |
| time/               |          |
|    episodes         | 236      |
|    fps              | 23       |
|    time_elapsed     | 538      |
|    total_timesteps  | 12461    |
| train/              |          |
|    learning_rate    | 0.0005   |
|    loss             | 0.00176  |
|    n_updates        | 2865     |
----------------------------------
----------------------------------
| rollout/            |          |
|    ep_len_mean      | 64.7     |
|    ep_rew_mean      | -22.5    |
|    exploration_rate | 0.188    |
| time/               |          |
|    episodes         | 240      |
|    fps              | 23       |
|    time_elapsed     | 552      |
|    total_timesteps  | 12821    |
| train/              |          |
|    learning_rate    | 0.0005   |
|    loss             | 0.038    |
|    n_updates        | 2955     |
----------------------------------
----------------------------------
| rollout/            |          |
|    ep_len_mean      | 63.8     |
|    ep_rew_mean      | -22.1    |
|    exploration_rate | 0.179    |
| time/               |          |
|    episodes         | 244      |
|    fps              | 23       |
|    time_elapsed     | 558      |
|    total_timesteps  | 12970    |
| train/              |          |
|    learning_rate    | 0.0005   |
|    loss             | 0.0073   |
|    n_updates        | 2992     |
----------------------------------
----------------------------------
| rollout/            |          |
|    ep_len_mean      | 63.9     |
|    ep_rew_mean      | -21.7    |
|    exploration_rate | 0.166    |
| time/               |          |
|    episodes         | 248      |
|    fps              | 23       |
|    time_elapsed     | 563      |
|    total_timesteps  | 13163    |
| train/              |          |
|    learning_rate    | 0.0005   |
|    loss             | 0.0361   |
|    n_updates        | 3040     |
----------------------------------
----------------------------------
| rollout/            |          |
|    ep_len_mean      | 67       |
|    ep_rew_mean      | -21.2    |
|    exploration_rate | 0.136    |
| time/               |          |
|    episodes         | 252      |
|    fps              | 23       |
|    time_elapsed     | 570      |
|    total_timesteps  | 13645    |
| train/              |          |
|    learning_rate    | 0.0005   |
|    loss             | 0.0134   |
|    n_updates        | 3161     |
----------------------------------
----------------------------------
| rollout/            |          |
|    ep_len_mean      | 65.4     |
|    ep_rew_mean      | -20.4    |
|    exploration_rate | 0.118    |
| time/               |          |
|    episodes         | 256      |
|    fps              | 24       |
|    time_elapsed     | 574      |
|    total_timesteps  | 13934    |
| train/              |          |
|    learning_rate    | 0.0005   |
|    loss             | 0.00194  |
|    n_updates        | 3233     |
----------------------------------
----------------------------------
| rollout/            |          |
|    ep_len_mean      | 66.5     |
|    ep_rew_mean      | -19.6    |
|    exploration_rate | 0.0916   |
| time/               |          |
|    episodes         | 260      |
|    fps              | 24       |
|    time_elapsed     | 579      |
|    total_timesteps  | 14343    |
| train/              |          |
|    learning_rate    | 0.0005   |
|    loss             | 0.0408   |
|    n_updates        | 3335     |
----------------------------------
----------------------------------
| rollout/            |          |
|    ep_len_mean      | 70       |
|    ep_rew_mean      | -18.5    |
|    exploration_rate | 0.0561   |
| time/               |          |
|    episodes         | 264      |
|    fps              | 25       |
|    time_elapsed     | 587      |
|    total_timesteps  | 14904    |
| train/              |          |
|    learning_rate    | 0.0005   |
|    loss             | 0.00568  |
|    n_updates        | 3475     |
----------------------------------
[Eval @15000] R=0.3±3.1 CR=0.600 Spd=23.2 LC=5.3 SR=0.400
----------------------------------
| rollout/            |          |
|    ep_len_mean      | 74.6     |
|    ep_rew_mean      | -17      |
|    exploration_rate | 0.05     |
| time/               |          |
|    episodes         | 268      |
|    fps              | 24       |
|    time_elapsed     | 622      |
|    total_timesteps  | 15527    |
| train/              |          |
|    learning_rate    | 0.0005   |
|    loss             | 0.142    |
|    n_updates        | 3631     |
----------------------------------
----------------------------------
| rollout/            |          |
|    ep_len_mean      | 77.7     |
|    ep_rew_mean      | -16.5    |
|    exploration_rate | 0.05     |
| time/               |          |
|    episodes         | 272      |
|    fps              | 24       |
|    time_elapsed     | 637      |
|    total_timesteps  | 15909    |
| train/              |          |
|    learning_rate    | 0.0005   |
|    loss             | 0.0476   |
|    n_updates        | 3727     |
----------------------------------
----------------------------------
| rollout/            |          |
|    ep_len_mean      | 79.8     |
|    ep_rew_mean      | -15      |
|    exploration_rate | 0.05     |
| time/               |          |
|    episodes         | 276      |
|    fps              | 24       |
|    time_elapsed     | 658      |
|    total_timesteps  | 16442    |
| train/              |          |
|    learning_rate    | 0.0005   |
|    loss             | 0.0329   |
|    n_updates        | 3860     |
----------------------------------
----------------------------------
| rollout/            |          |
|    ep_len_mean      | 85.4     |
|    ep_rew_mean      | -13.6    |
|    exploration_rate | 0.05     |
| time/               |          |
|    episodes         | 280      |
|    fps              | 24       |
|    time_elapsed     | 684      |
|    total_timesteps  | 17099    |
| train/              |          |
|    learning_rate    | 0.0005   |
|    loss             | 0.0735   |
|    n_updates        | 4024     |
----------------------------------
----------------------------------
| rollout/            |          |
|    ep_len_mean      | 86.4     |
|    ep_rew_mean      | -13      |
|    exploration_rate | 0.05     |
| time/               |          |
|    episodes         | 284      |
|    fps              | 24       |
|    time_elapsed     | 697      |
|    total_timesteps  | 17429    |
| train/              |          |
|    learning_rate    | 0.0005   |
|    loss             | 0.00828  |
|    n_updates        | 4107     |
----------------------------------
----------------------------------
| rollout/            |          |
|    ep_len_mean      | 90.2     |
|    ep_rew_mean      | -11.5    |
|    exploration_rate | 0.05     |
| time/               |          |
|    episodes         | 288      |
|    fps              | 25       |
|    time_elapsed     | 723      |
|    total_timesteps  | 18096    |
| train/              |          |
|    learning_rate    | 0.0005   |
|    loss             | 0.000728 |
|    n_updates        | 4273     |
----------------------------------
----------------------------------
| rollout/            |          |
|    ep_len_mean      | 92.3     |
|    ep_rew_mean      | -10.6    |
|    exploration_rate | 0.05     |
| time/               |          |
|    episodes         | 292      |
|    fps              | 25       |
|    time_elapsed     | 740      |
|    total_timesteps  | 18523    |
| train/              |          |
|    learning_rate    | 0.0005   |
|    loss             | 0.0115   |
|    n_updates        | 4380     |
----------------------------------
----------------------------------
| rollout/            |          |
|    ep_len_mean      | 90.4     |
|    ep_rew_mean      | -10.1    |
|    exploration_rate | 0.05     |
| time/               |          |
|    episodes         | 296      |
|    fps              | 25       |
|    time_elapsed     | 751      |
|    total_timesteps  | 18812    |
| train/              |          |
|    learning_rate    | 0.0005   |
|    loss             | 0.0142   |
|    n_updates        | 4452     |
----------------------------------
----------------------------------
| rollout/            |          |
|    ep_len_mean      | 90.7     |
|    ep_rew_mean      | -9.5     |
|    exploration_rate | 0.05     |
| time/               |          |
|    episodes         | 300      |
|    fps              | 25       |
|    time_elapsed     | 764      |
|    total_timesteps  | 19149    |
| train/              |          |
|    learning_rate    | 0.0005   |
|    loss             | 0.000622 |
|    n_updates        | 4537     |
----------------------------------
----------------------------------
| rollout/            |          |
|    ep_len_mean      | 92.6     |
|    ep_rew_mean      | -8.36    |
|    exploration_rate | 0.05     |
| time/               |          |
|    episodes         | 304      |
|    fps              | 25       |
|    time_elapsed     | 782      |
|    total_timesteps  | 19607    |
| train/              |          |
|    learning_rate    | 0.0005   |
|    loss             | 0.00428  |
|    n_updates        | 4651     |
----------------------------------
----------------------------------
| rollout/            |          |
|    ep_len_mean      | 93.7     |
|    ep_rew_mean      | -7.69    |
|    exploration_rate | 0.05     |
| time/               |          |
|    episodes         | 308      |
|    fps              | 25       |
|    time_elapsed     | 797      |
|    total_timesteps  | 19985    |
| train/              |          |
|    learning_rate    | 0.0005   |
|    loss             | 0.000601 |
|    n_updates        | 4746     |
----------------------------------
[Eval @20000] NEW BEST mean_reward=3.920
[Eval @20000] R=3.9±4.1 CR=0.300 Spd=22.1 LC=0.9 SR=0.700
----------------------------------
| rollout/            |          |
|    ep_len_mean      | 95.3     |
|    ep_rew_mean      | -7.13    |
|    exploration_rate | 0.05     |
| time/               |          |
|    episodes         | 312      |
|    fps              | 23       |
|    time_elapsed     | 877      |
|    total_timesteps  | 20412    |
| train/              |          |
|    learning_rate    | 0.0005   |
|    loss             | 0.0381   |
|    n_updates        | 4852     |
----------------------------------
----------------------------------
| rollout/            |          |
|    ep_len_mean      | 95.4     |
|    ep_rew_mean      | -6.72    |
|    exploration_rate | 0.05     |
| time/               |          |
|    episodes         | 316      |
|    fps              | 23       |
|    time_elapsed     | 889      |
|    total_timesteps  | 20705    |
| train/              |          |
|    learning_rate    | 0.0005   |
|    loss             | 0.00568  |
|    n_updates        | 4926     |
----------------------------------
----------------------------------
| rollout/            |          |
|    ep_len_mean      | 97       |
|    ep_rew_mean      | -6.37    |
|    exploration_rate | 0.05     |
| time/               |          |
|    episodes         | 320      |
|    fps              | 23       |
|    time_elapsed     | 901      |
|    total_timesteps  | 21010    |
| train/              |          |
|    learning_rate    | 0.0005   |
|    loss             | 0.000688 |
|    n_updates        | 5002     |
----------------------------------
----------------------------------
| rollout/            |          |
|    ep_len_mean      | 98.5     |
|    ep_rew_mean      | -5.65    |
|    exploration_rate | 0.05     |
| time/               |          |
|    episodes         | 324      |
|    fps              | 23       |
|    time_elapsed     | 917      |
|    total_timesteps  | 21406    |
| train/              |          |
|    learning_rate    | 0.0005   |
|    loss             | 0.0322   |
|    n_updates        | 5101     |
----------------------------------
----------------------------------
| rollout/            |          |
|    ep_len_mean      | 99.8     |
|    ep_rew_mean      | -5.28    |
|    exploration_rate | 0.05     |
| time/               |          |
|    episodes         | 328      |
|    fps              | 23       |
|    time_elapsed     | 929      |
|    total_timesteps  | 21730    |
| train/              |          |
|    learning_rate    | 0.0005   |
|    loss             | 0.000535 |
|    n_updates        | 5182     |
----------------------------------
----------------------------------
| rollout/            |          |
|    ep_len_mean      | 99.6     |
|    ep_rew_mean      | -4.8     |
|    exploration_rate | 0.05     |
| time/               |          |
|    episodes         | 332      |
|    fps              | 23       |
|    time_elapsed     | 942      |
|    total_timesteps  | 22060    |
| train/              |          |
|    learning_rate    | 0.0005   |
|    loss             | 0.000488 |
|    n_updates        | 5264     |
----------------------------------
----------------------------------
| rollout/            |          |
|    ep_len_mean      | 101      |
|    ep_rew_mean      | -4.09    |
|    exploration_rate | 0.05     |
| time/               |          |
|    episodes         | 336      |
|    fps              | 23       |
|    time_elapsed     | 961      |
|    total_timesteps  | 22544    |
| train/              |          |
|    learning_rate    | 0.0005   |
|    loss             | 0.00131  |
|    n_updates        | 5385     |
----------------------------------
----------------------------------
| rollout/            |          |
|    ep_len_mean      | 101      |
|    ep_rew_mean      | -3.66    |
|    exploration_rate | 0.05     |
| time/               |          |
|    episodes         | 340      |
|    fps              | 23       |
|    time_elapsed     | 977      |
|    total_timesteps  | 22942    |
| train/              |          |
|    learning_rate    | 0.0005   |
|    loss             | 0.000814 |
|    n_updates        | 5485     |
----------------------------------
----------------------------------
| rollout/            |          |
|    ep_len_mean      | 103      |
|    ep_rew_mean      | -3.04    |
|    exploration_rate | 0.05     |
| time/               |          |
|    episodes         | 344      |
|    fps              | 23       |
|    time_elapsed     | 990      |
|    total_timesteps  | 23276    |
| train/              |          |
|    learning_rate    | 0.0005   |
|    loss             | 0.0864   |
|    n_updates        | 5568     |
----------------------------------
----------------------------------
| rollout/            |          |
|    ep_len_mean      | 104      |
|    ep_rew_mean      | -2.46    |
|    exploration_rate | 0.05     |
| time/               |          |
|    episodes         | 348      |
|    fps              | 23       |
|    time_elapsed     | 1003     |
|    total_timesteps  | 23605    |
| train/              |          |
|    learning_rate    | 0.0005   |
|    loss             | 0.036    |
|    n_updates        | 5651     |
----------------------------------
----------------------------------
| rollout/            |          |
|    ep_len_mean      | 106      |
|    ep_rew_mean      | -1.6     |
|    exploration_rate | 0.05     |
| time/               |          |
|    episodes         | 352      |
|    fps              | 23       |
|    time_elapsed     | 1028     |
|    total_timesteps  | 24258    |
| train/              |          |
|    learning_rate    | 0.0005   |
|    loss             | 0.00252  |
|    n_updates        | 5814     |
----------------------------------
----------------------------------
| rollout/            |          |
|    ep_len_mean      | 110      |
|    ep_rew_mean      | -0.472   |
|    exploration_rate | 0.05     |
| time/               |          |
|    episodes         | 356      |
|    fps              | 23       |
|    time_elapsed     | 1055     |
|    total_timesteps  | 24945    |
| train/              |          |
|    learning_rate    | 0.0005   |
|    loss             | 0.000726 |
|    n_updates        | 5986     |
----------------------------------
[Eval @25000] R=1.1±4.5 CR=0.600 Spd=23.8 LC=1.9 SR=0.400
----------------------------------
| rollout/            |          |
|    ep_len_mean      | 112      |
|    ep_rew_mean      | 0.183    |
|    exploration_rate | 0.05     |
| time/               |          |
|    episodes         | 360      |
|    fps              | 22       |
|    time_elapsed     | 1126     |
|    total_timesteps  | 25527    |
| train/              |          |
|    learning_rate    | 0.0005   |
|    loss             | 0.0515   |
|    n_updates        | 6131     |
----------------------------------
----------------------------------
| rollout/            |          |
|    ep_len_mean      | 109      |
|    ep_rew_mean      | -0.286   |
|    exploration_rate | 0.05     |
| time/               |          |
|    episodes         | 364      |
|    fps              | 22       |
|    time_elapsed     | 1136     |
|    total_timesteps  | 25793    |
| train/              |          |
|    learning_rate    | 0.0005   |
|    loss             | 0.000612 |
|    n_updates        | 6198     |
----------------------------------
----------------------------------
| rollout/            |          |
|    ep_len_mean      | 109      |
|    ep_rew_mean      | -0.353   |
|    exploration_rate | 0.05     |
| time/               |          |
|    episodes         | 368      |
|    fps              | 22       |
|    time_elapsed     | 1163     |
|    total_timesteps  | 26470    |
| train/              |          |
|    learning_rate    | 0.0005   |
|    loss             | 0.00161  |
|    n_updates        | 6367     |
----------------------------------
----------------------------------
| rollout/            |          |
|    ep_len_mean      | 109      |
|    ep_rew_mean      | -0.371   |
|    exploration_rate | 0.05     |
| time/               |          |
|    episodes         | 372      |
|    fps              | 22       |
|    time_elapsed     | 1175     |
|    total_timesteps  | 26768    |
| train/              |          |
|    learning_rate    | 0.0005   |
|    loss             | 0.0457   |
|    n_updates        | 6441     |
----------------------------------
----------------------------------
| rollout/            |          |
|    ep_len_mean      | 107      |
|    ep_rew_mean      | -0.949   |
|    exploration_rate | 0.05     |
| time/               |          |
|    episodes         | 376      |
|    fps              | 22       |
|    time_elapsed     | 1189     |
|    total_timesteps  | 27141    |
| train/              |          |
|    learning_rate    | 0.0005   |
|    loss             | 0.000811 |
|    n_updates        | 6535     |
----------------------------------
----------------------------------
| rollout/            |          |
|    ep_len_mean      | 103      |
|    ep_rew_mean      | -1.92    |
|    exploration_rate | 0.05     |
| time/               |          |
|    episodes         | 380      |
|    fps              | 22       |
|    time_elapsed     | 1198     |
|    total_timesteps  | 27363    |
| train/              |          |
|    learning_rate    | 0.0005   |
|    loss             | 0.000649 |
|    n_updates        | 6590     |
----------------------------------
----------------------------------
| rollout/            |          |
|    ep_len_mean      | 104      |
|    ep_rew_mean      | -1.45    |
|    exploration_rate | 0.05     |
| time/               |          |
|    episodes         | 384      |
|    fps              | 22       |
|    time_elapsed     | 1216     |
|    total_timesteps  | 27825    |
| train/              |          |
|    learning_rate    | 0.0005   |
|    loss             | 0.0246   |
|    n_updates        | 6706     |
----------------------------------
----------------------------------
| rollout/            |          |
|    ep_len_mean      | 103      |
|    ep_rew_mean      | -1.47    |
|    exploration_rate | 0.05     |
| time/               |          |
|    episodes         | 388      |
|    fps              | 22       |
|    time_elapsed     | 1239     |
|    total_timesteps  | 28394    |
| train/              |          |
|    learning_rate    | 0.0005   |
|    loss             | 0.0325   |
|    n_updates        | 6848     |
----------------------------------
----------------------------------
| rollout/            |          |
|    ep_len_mean      | 100      |
|    ep_rew_mean      | -1.95    |
|    exploration_rate | 0.05     |
| time/               |          |
|    episodes         | 392      |
|    fps              | 22       |
|    time_elapsed     | 1245     |
|    total_timesteps  | 28562    |
| train/              |          |
|    learning_rate    | 0.0005   |
|    loss             | 0.00141  |
|    n_updates        | 6890     |
----------------------------------
----------------------------------
| rollout/            |          |
|    ep_len_mean      | 102      |
|    ep_rew_mean      | -1.62    |
|    exploration_rate | 0.05     |
| time/               |          |
|    episodes         | 396      |
|    fps              | 22       |
|    time_elapsed     | 1264     |
|    total_timesteps  | 29051    |
| train/              |          |
|    learning_rate    | 0.0005   |
|    loss             | 0.000981 |
|    n_updates        | 7012     |
----------------------------------
----------------------------------
| rollout/            |          |
|    ep_len_mean      | 102      |
|    ep_rew_mean      | -1.77    |
|    exploration_rate | 0.05     |
| time/               |          |
|    episodes         | 400      |
|    fps              | 22       |
|    time_elapsed     | 1277     |
|    total_timesteps  | 29368    |
| train/              |          |
|    learning_rate    | 0.0005   |
|    loss             | 0.0763   |
|    n_updates        | 7091     |
----------------------------------
----------------------------------
| rollout/            |          |
|    ep_len_mean      | 101      |
|    ep_rew_mean      | -2.03    |
|    exploration_rate | 0.05     |
| time/               |          |
|    episodes         | 404      |
|    fps              | 23       |
|    time_elapsed     | 1292     |
|    total_timesteps  | 29746    |
| train/              |          |
|    learning_rate    | 0.0005   |
|    loss             | 0.000716 |
|    n_updates        | 7186     |
----------------------------------
[Eval @30000] R=2.0±4.9 CR=0.500 Spd=22.8 LC=4.1 SR=0.500
----------------------------------
| rollout/            |          |
|    ep_len_mean      | 103      |
|    ep_rew_mean      | -1.59    |
|    exploration_rate | 0.05     |
| time/               |          |
|    episodes         | 408      |
|    fps              | 22       |
|    time_elapsed     | 1364     |
|    total_timesteps  | 30265    |
| train/              |          |
|    learning_rate    | 0.0005   |
|    loss             | 0.0338   |
|    n_updates        | 7316     |
----------------------------------
----------------------------------
| rollout/            |          |
|    ep_len_mean      | 103      |
|    ep_rew_mean      | -1.47    |
|    exploration_rate | 0.05     |
| time/               |          |
|    episodes         | 412      |
|    fps              | 22       |
|    time_elapsed     | 1381     |
|    total_timesteps  | 30675    |
| train/              |          |
|    learning_rate    | 0.0005   |
|    loss             | 0.00231  |
|    n_updates        | 7418     |
----------------------------------
----------------------------------
| rollout/            |          |
|    ep_len_mean      | 106      |
|    ep_rew_mean      | -0.579   |
|    exploration_rate | 0.05     |
| time/               |          |
|    episodes         | 416      |
|    fps              | 22       |
|    time_elapsed     | 1403     |
|    total_timesteps  | 31255    |
| train/              |          |
|    learning_rate    | 0.0005   |
|    loss             | 0.0036   |
|    n_updates        | 7563     |
----------------------------------
----------------------------------
| rollout/            |          |
|    ep_len_mean      | 106      |
|    ep_rew_mean      | -0.5     |
|    exploration_rate | 0.05     |
| time/               |          |
|    episodes         | 420      |
|    fps              | 22       |
|    time_elapsed     | 1418     |
|    total_timesteps  | 31615    |
| train/              |          |
|    learning_rate    | 0.0005   |
|    loss             | 0.00034  |
|    n_updates        | 7653     |
----------------------------------
----------------------------------
| rollout/            |          |
|    ep_len_mean      | 105      |
|    ep_rew_mean      | -0.918   |
|    exploration_rate | 0.05     |
| time/               |          |
|    episodes         | 424      |
|    fps              | 22       |
|    time_elapsed     | 1430     |
|    total_timesteps  | 31921    |
| train/              |          |
|    learning_rate    | 0.0005   |
|    loss             | 0.0228   |
|    n_updates        | 7730     |
----------------------------------
----------------------------------
| rollout/            |          |
|    ep_len_mean      | 108      |
|    ep_rew_mean      | -0.414   |
|    exploration_rate | 0.05     |
| time/               |          |
|    episodes         | 428      |
|    fps              | 22       |
|    time_elapsed     | 1453     |
|    total_timesteps  | 32519    |
| train/              |          |
|    learning_rate    | 0.0005   |
|    loss             | 0.00275  |
|    n_updates        | 7879     |
----------------------------------
----------------------------------
| rollout/            |          |
|    ep_len_mean      | 108      |
|    ep_rew_mean      | -0.307   |
|    exploration_rate | 0.05     |
| time/               |          |
|    episodes         | 432      |
|    fps              | 22       |
|    time_elapsed     | 1467     |
|    total_timesteps  | 32876    |
| train/              |          |
|    learning_rate    | 0.0005   |
|    loss             | 0.0201   |
|    n_updates        | 7968     |
----------------------------------
----------------------------------
| rollout/            |          |
|    ep_len_mean      | 105      |
|    ep_rew_mean      | -1.13    |
|    exploration_rate | 0.05     |
| time/               |          |
|    episodes         | 436      |
|    fps              | 22       |
|    time_elapsed     | 1475     |
|    total_timesteps  | 33073    |
| train/              |          |
|    learning_rate    | 0.0005   |
|    loss             | 0.00203  |
|    n_updates        | 8018     |
----------------------------------
----------------------------------
| rollout/            |          |
|    ep_len_mean      | 107      |
|    ep_rew_mean      | -1.04    |
|    exploration_rate | 0.05     |
| time/               |          |
|    episodes         | 440      |
|    fps              | 22       |
|    time_elapsed     | 1495     |
|    total_timesteps  | 33593    |
| train/              |          |
|    learning_rate    | 0.0005   |
|    loss             | 0.000421 |
|    n_updates        | 8148     |
----------------------------------
----------------------------------
| rollout/            |          |
|    ep_len_mean      | 107      |
|    ep_rew_mean      | -1       |
|    exploration_rate | 0.05     |
| time/               |          |
|    episodes         | 444      |
|    fps              | 22       |
|    time_elapsed     | 1511     |
|    total_timesteps  | 33977    |
| train/              |          |
|    learning_rate    | 0.0005   |
|    loss             | 0.00299  |
|    n_updates        | 8244     |
----------------------------------
----------------------------------
| rollout/            |          |
|    ep_len_mean      | 106      |
|    ep_rew_mean      | -1.38    |
|    exploration_rate | 0.05     |
| time/               |          |
|    episodes         | 448      |
|    fps              | 22       |
|    time_elapsed     | 1519     |
|    total_timesteps  | 34190    |
| train/              |          |
|    learning_rate    | 0.0005   |
|    loss             | 0.00123  |
|    n_updates        | 8297     |
----------------------------------
----------------------------------
| rollout/            |          |
|    ep_len_mean      | 101      |
|    ep_rew_mean      | -2.37    |
|    exploration_rate | 0.05     |
| time/               |          |
|    episodes         | 452      |
|    fps              | 22       |
|    time_elapsed     | 1526     |
|    total_timesteps  | 34360    |
| train/              |          |
|    learning_rate    | 0.0005   |
|    loss             | 0.0186   |
|    n_updates        | 8339     |
----------------------------------
----------------------------------
| rollout/            |          |
|    ep_len_mean      | 99.3     |
|    ep_rew_mean      | -2.91    |
|    exploration_rate | 0.05     |
| time/               |          |
|    episodes         | 456      |
|    fps              | 22       |
|    time_elapsed     | 1546     |
|    total_timesteps  | 34880    |
| train/              |          |
|    learning_rate    | 0.0005   |
|    loss             | 0.000426 |
|    n_updates        | 8469     |
----------------------------------
[Eval @35000] R=1.5±4.4 CR=0.600 Spd=23.6 LC=0.3 SR=0.400
----------------------------------
| rollout/            |          |
|    ep_len_mean      | 95.3     |
|    ep_rew_mean      | -3.81    |
|    exploration_rate | 0.05     |
| time/               |          |
|    episodes         | 460      |
|    fps              | 21       |
|    time_elapsed     | 1599     |
|    total_timesteps  | 35053    |
| train/              |          |
|    learning_rate    | 0.0005   |
|    loss             | 0.0204   |
|    n_updates        | 8513     |
----------------------------------
----------------------------------
| rollout/            |          |
|    ep_len_mean      | 98       |
|    ep_rew_mean      | -3.36    |
|    exploration_rate | 0.05     |
| time/               |          |
|    episodes         | 464      |
|    fps              | 21       |
|    time_elapsed     | 1621     |
|    total_timesteps  | 35596    |
| train/              |          |
|    learning_rate    | 0.0005   |
|    loss             | 0.0204   |
|    n_updates        | 8648     |
----------------------------------
----------------------------------
| rollout/            |          |
|    ep_len_mean      | 95.1     |
|    ep_rew_mean      | -4.15    |
|    exploration_rate | 0.05     |
| time/               |          |
|    episodes         | 468      |
|    fps              | 21       |
|    time_elapsed     | 1636     |
|    total_timesteps  | 35979    |
| train/              |          |
|    learning_rate    | 0.0005   |
|    loss             | 0.000368 |
|    n_updates        | 8744     |
----------------------------------
----------------------------------
| rollout/            |          |
|    ep_len_mean      | 96.7     |
|    ep_rew_mean      | -3.74    |
|    exploration_rate | 0.05     |
| time/               |          |
|    episodes         | 472      |
|    fps              | 22       |
|    time_elapsed     | 1654     |
|    total_timesteps  | 36433    |
| train/              |          |
|    learning_rate    | 0.0005   |
|    loss             | 0.000252 |
|    n_updates        | 8858     |
----------------------------------
----------------------------------
| rollout/            |          |
|    ep_len_mean      | 96.9     |
|    ep_rew_mean      | -3.67    |
|    exploration_rate | 0.05     |
| time/               |          |
|    episodes         | 476      |
|    fps              | 22       |
|    time_elapsed     | 1669     |
|    total_timesteps  | 36828    |
| train/              |          |
|    learning_rate    | 0.0005   |
|    loss             | 0.000379 |
|    n_updates        | 8956     |
----------------------------------
----------------------------------
| rollout/            |          |
|    ep_len_mean      | 99.3     |
|    ep_rew_mean      | -3.09    |
|    exploration_rate | 0.05     |
| time/               |          |
|    episodes         | 480      |
|    fps              | 22       |
|    time_elapsed     | 1687     |
|    total_timesteps  | 37296    |
| train/              |          |
|    learning_rate    | 0.0005   |
|    loss             | 0.00441  |
|    n_updates        | 9073     |
----------------------------------
----------------------------------
| rollout/            |          |
|    ep_len_mean      | 97.1     |
|    ep_rew_mean      | -3.75    |
|    exploration_rate | 0.05     |
| time/               |          |
|    episodes         | 484      |
|    fps              | 22       |
|    time_elapsed     | 1697     |
|    total_timesteps  | 37532    |
| train/              |          |
|    learning_rate    | 0.0005   |
|    loss             | 0.000271 |
|    n_updates        | 9132     |
----------------------------------
----------------------------------
| rollout/            |          |
|    ep_len_mean      | 93.1     |
|    ep_rew_mean      | -4.75    |
|    exploration_rate | 0.05     |
| time/               |          |
|    episodes         | 488      |
|    fps              | 22       |
|    time_elapsed     | 1704     |
|    total_timesteps  | 37706    |
| train/              |          |
|    learning_rate    | 0.0005   |
|    loss             | 0.00279  |
|    n_updates        | 9176     |
----------------------------------
----------------------------------
| rollout/            |          |
|    ep_len_mean      | 98.2     |
|    ep_rew_mean      | -3.5     |
|    exploration_rate | 0.05     |
| time/               |          |
|    episodes         | 492      |
|    fps              | 22       |
|    time_elapsed     | 1730     |
|    total_timesteps  | 38383    |
| train/              |          |
|    learning_rate    | 0.0005   |
|    loss             | 0.000849 |
|    n_updates        | 9345     |
----------------------------------
----------------------------------
| rollout/            |          |
|    ep_len_mean      | 98.7     |
|    ep_rew_mean      | -3.2     |
|    exploration_rate | 0.05     |
| time/               |          |
|    episodes         | 496      |
|    fps              | 22       |
|    time_elapsed     | 1751     |
|    total_timesteps  | 38922    |
| train/              |          |
|    learning_rate    | 0.0005   |
|    loss             | 0.001    |
|    n_updates        | 9480     |
----------------------------------
----------------------------------
| rollout/            |          |
|    ep_len_mean      | 97.4     |
|    ep_rew_mean      | -3.35    |
|    exploration_rate | 0.05     |
| time/               |          |
|    episodes         | 500      |
|    fps              | 22       |
|    time_elapsed     | 1759     |
|    total_timesteps  | 39104    |
| train/              |          |
|    learning_rate    | 0.0005   |
|    loss             | 0.00091  |
|    n_updates        | 9525     |
----------------------------------
----------------------------------
| rollout/            |          |
|    ep_len_mean      | 99       |
|    ep_rew_mean      | -3.11    |
|    exploration_rate | 0.05     |
| time/               |          |
|    episodes         | 504      |
|    fps              | 22       |
|    time_elapsed     | 1766     |
|    total_timesteps  | 39651    |
| train/              |          |
|    learning_rate    | 0.0005   |
|    loss             | 0.0434   |
|    n_updates        | 9662     |
----------------------------------
[Eval @40000] R=3.4±4.1 CR=0.400 Spd=23.4 LC=1.1 SR=0.600
----------------------------------
| rollout/            |          |
|    ep_len_mean      | 100      |
|    ep_rew_mean      | -2.75    |
|    exploration_rate | 0.05     |
| time/               |          |
|    episodes         | 508      |
|    fps              | 22       |
|    time_elapsed     | 1796     |
|    total_timesteps  | 40280    |
| train/              |          |
|    learning_rate    | 0.0005   |
|    loss             | 0.014    |
|    n_updates        | 9819     |
----------------------------------
----------------------------------
| rollout/            |          |
|    ep_len_mean      | 100      |
|    ep_rew_mean      | -2.74    |
|    exploration_rate | 0.05     |
| time/               |          |
|    episodes         | 512      |
|    fps              | 22       |
|    time_elapsed     | 1801     |
|    total_timesteps  | 40708    |
| train/              |          |
|    learning_rate    | 0.0005   |
|    loss             | 0.00178  |
|    n_updates        | 9926     |
----------------------------------
----------------------------------
| rollout/            |          |
|    ep_len_mean      | 98.4     |
|    ep_rew_mean      | -3.25    |
|    exploration_rate | 0.05     |
| time/               |          |
|    episodes         | 516      |
|    fps              | 22       |
|    time_elapsed     | 1806     |
|    total_timesteps  | 41093    |
| train/              |          |
|    learning_rate    | 0.0005   |
|    loss             | 0.00961  |
|    n_updates        | 10023    |
----------------------------------
----------------------------------
| rollout/            |          |
|    ep_len_mean      | 98.6     |
|    ep_rew_mean      | -3.15    |
|    exploration_rate | 0.05     |
| time/               |          |
|    episodes         | 520      |
|    fps              | 22       |
|    time_elapsed     | 1811     |
|    total_timesteps  | 41475    |
| train/              |          |
|    learning_rate    | 0.0005   |
|    loss             | 0.00293  |
|    n_updates        | 10118    |
----------------------------------
----------------------------------
| rollout/            |          |
|    ep_len_mean      | 99       |
|    ep_rew_mean      | -2.81    |
|    exploration_rate | 0.05     |
| time/               |          |
|    episodes         | 524      |
|    fps              | 22       |
|    time_elapsed     | 1819     |
|    total_timesteps  | 41816    |
| train/              |          |
|    learning_rate    | 0.0005   |
|    loss             | 0.0428   |
|    n_updates        | 10203    |
----------------------------------
----------------------------------
| rollout/            |          |
|    ep_len_mean      | 95.7     |
|    ep_rew_mean      | -3.33    |
|    exploration_rate | 0.05     |
| time/               |          |
|    episodes         | 528      |
|    fps              | 23       |
|    time_elapsed     | 1823     |
|    total_timesteps  | 42087    |
| train/              |          |
|    learning_rate    | 0.0005   |
|    loss             | 0.0441   |
|    n_updates        | 10271    |
----------------------------------
----------------------------------
| rollout/            |          |
|    ep_len_mean      | 97.5     |
|    ep_rew_mean      | -2.83    |
|    exploration_rate | 0.05     |
| time/               |          |
|    episodes         | 532      |
|    fps              | 23       |
|    time_elapsed     | 1830     |
|    total_timesteps  | 42630    |
| train/              |          |
|    learning_rate    | 0.0005   |
|    loss             | 0.00338  |
|    n_updates        | 10407    |
----------------------------------
----------------------------------
| rollout/            |          |
|    ep_len_mean      | 99.5     |
|    ep_rew_mean      | -2.58    |
|    exploration_rate | 0.05     |
| time/               |          |
|    episodes         | 536      |
|    fps              | 23       |
|    time_elapsed     | 1836     |
|    total_timesteps  | 43020    |
| train/              |          |
|    learning_rate    | 0.0005   |
|    loss             | 0.047    |
|    n_updates        | 10504    |
----------------------------------
----------------------------------
| rollout/            |          |
|    ep_len_mean      | 98.6     |
|    ep_rew_mean      | -2.84    |
|    exploration_rate | 0.05     |
| time/               |          |
|    episodes         | 540      |
|    fps              | 23       |
|    time_elapsed     | 1842     |
|    total_timesteps  | 43456    |
| train/              |          |
|    learning_rate    | 0.0005   |
|    loss             | 0.0427   |
|    n_updates        | 10613    |
----------------------------------
----------------------------------
| rollout/            |          |
|    ep_len_mean      | 99.5     |
|    ep_rew_mean      | -2.44    |
|    exploration_rate | 0.05     |
| time/               |          |
|    episodes         | 544      |
|    fps              | 23       |
|    time_elapsed     | 1849     |
|    total_timesteps  | 43932    |
| train/              |          |
|    learning_rate    | 0.0005   |
|    loss             | 0.000463 |
|    n_updates        | 10732    |
----------------------------------
----------------------------------
| rollout/            |          |
|    ep_len_mean      | 100      |
|    ep_rew_mean      | -2.07    |
|    exploration_rate | 0.05     |
| time/               |          |
|    episodes         | 548      |
|    fps              | 23       |
|    time_elapsed     | 1855     |
|    total_timesteps  | 44202    |
| train/              |          |
|    learning_rate    | 0.0005   |
|    loss             | 0.0135   |
|    n_updates        | 10800    |
----------------------------------
----------------------------------
| rollout/            |          |
|    ep_len_mean      | 102      |
|    ep_rew_mean      | -1.78    |
|    exploration_rate | 0.05     |
| time/               |          |
|    episodes         | 552      |
|    fps              | 23       |
|    time_elapsed     | 1869     |
|    total_timesteps  | 44554    |
| train/              |          |
|    learning_rate    | 0.0005   |
|    loss             | 0.000225 |
|    n_updates        | 10888    |
----------------------------------
[Eval @45000] R=1.1±3.9 CR=0.700 Spd=24.4 LC=1.1 SR=0.300
----------------------------------
| rollout/            |          |
|    ep_len_mean      | 103      |
|    ep_rew_mean      | -1.44    |
|    exploration_rate | 0.05     |
| time/               |          |
|    episodes         | 556      |
|    fps              | 23       |
|    time_elapsed     | 1935     |
|    total_timesteps  | 45136    |
| train/              |          |
|    learning_rate    | 0.0005   |
|    loss             | 0.000241 |
|    n_updates        | 11033    |
----------------------------------
----------------------------------
| rollout/            |          |
|    ep_len_mean      | 105      |
|    ep_rew_mean      | -0.857   |
|    exploration_rate | 0.05     |
| time/               |          |
|    episodes         | 560      |
|    fps              | 23       |
|    time_elapsed     | 1950     |
|    total_timesteps  | 45515    |
| train/              |          |
|    learning_rate    | 0.0005   |
|    loss             | 0.000702 |
|    n_updates        | 11128    |
----------------------------------
----------------------------------
| rollout/            |          |
|    ep_len_mean      | 102      |
|    ep_rew_mean      | -0.972   |
|    exploration_rate | 0.05     |
| time/               |          |
|    episodes         | 564      |
|    fps              | 23       |
|    time_elapsed     | 1963     |
|    total_timesteps  | 45843    |
| train/              |          |
|    learning_rate    | 0.0005   |
|    loss             | 0.00426  |
|    n_updates        | 11210    |
----------------------------------
----------------------------------
| rollout/            |          |
|    ep_len_mean      | 103      |
|    ep_rew_mean      | -0.743   |
|    exploration_rate | 0.05     |
| time/               |          |
|    episodes         | 568      |
|    fps              | 23       |
|    time_elapsed     | 1978     |
|    total_timesteps  | 46240    |
| train/              |          |
|    learning_rate    | 0.0005   |
|    loss             | 0.00035  |
|    n_updates        | 11309    |
----------------------------------
----------------------------------
| rollout/            |          |
|    ep_len_mean      | 101      |
|    ep_rew_mean      | -1.11    |
|    exploration_rate | 0.05     |
| time/               |          |
|    episodes         | 572      |
|    fps              | 23       |
|    time_elapsed     | 1989     |
|    total_timesteps  | 46543    |
| train/              |          |
|    learning_rate    | 0.0005   |
|    loss             | 0.00292  |
|    n_updates        | 11385    |
----------------------------------
----------------------------------
| rollout/            |          |
|    ep_len_mean      | 102      |
|    ep_rew_mean      | -0.852   |
|    exploration_rate | 0.05     |
| time/               |          |
|    episodes         | 576      |
|    fps              | 23       |
|    time_elapsed     | 2009     |
|    total_timesteps  | 47053    |
| train/              |          |
|    learning_rate    | 0.0005   |
|    loss             | 0.0443   |
|    n_updates        | 11513    |
----------------------------------
----------------------------------
| rollout/            |          |
|    ep_len_mean      | 100      |
|    ep_rew_mean      | -1.33    |
|    exploration_rate | 0.05     |
| time/               |          |
|    episodes         | 580      |
|    fps              | 23       |
|    time_elapsed     | 2020     |
|    total_timesteps  | 47340    |
| train/              |          |
|    learning_rate    | 0.0005   |
|    loss             | 0.00666  |
|    n_updates        | 11584    |
----------------------------------
----------------------------------
| rollout/            |          |
|    ep_len_mean      | 101      |
|    ep_rew_mean      | -1.27    |
|    exploration_rate | 0.05     |
| time/               |          |
|    episodes         | 584      |
|    fps              | 23       |
|    time_elapsed     | 2031     |
|    total_timesteps  | 47631    |
| train/              |          |
|    learning_rate    | 0.0005   |
|    loss             | 0.0271   |
|    n_updates        | 11657    |
----------------------------------
----------------------------------
| rollout/            |          |
|    ep_len_mean      | 103      |
|    ep_rew_mean      | -0.747   |
|    exploration_rate | 0.05     |
| time/               |          |
|    episodes         | 588      |
|    fps              | 23       |
|    time_elapsed     | 2045     |
|    total_timesteps  | 47992    |
| train/              |          |
|    learning_rate    | 0.0005   |
|    loss             | 0.000434 |
|    n_updates        | 11747    |
----------------------------------
----------------------------------
| rollout/            |          |
|    ep_len_mean      | 101      |
|    ep_rew_mean      | -1.12    |
|    exploration_rate | 0.05     |
| time/               |          |
|    episodes         | 592      |
|    fps              | 23       |
|    time_elapsed     | 2064     |
|    total_timesteps  | 48498    |
| train/              |          |
|    learning_rate    | 0.0005   |
|    loss             | 0.0491   |
|    n_updates        | 11874    |
----------------------------------
----------------------------------
| rollout/            |          |
|    ep_len_mean      | 101      |
|    ep_rew_mean      | -1.17    |
|    exploration_rate | 0.05     |
| time/               |          |
|    episodes         | 596      |
|    fps              | 23       |
|    time_elapsed     | 2083     |
|    total_timesteps  | 49006    |
| train/              |          |
|    learning_rate    | 0.0005   |
|    loss             | 0.00025  |
|    n_updates        | 12001    |
----------------------------------
----------------------------------
| rollout/            |          |
|    ep_len_mean      | 103      |
|    ep_rew_mean      | -0.555   |
|    exploration_rate | 0.05     |
| time/               |          |
|    episodes         | 600      |
|    fps              | 23       |
|    time_elapsed     | 2100     |
|    total_timesteps  | 49451    |
| train/              |          |
|    learning_rate    | 0.0005   |
|    loss             | 0.0423   |
|    n_updates        | 12112    |
----------------------------------
[Eval @50000] R=0.2±2.9 CR=0.900 Spd=25.9 LC=0.9 SR=0.100
[DQN] Done. Model: ./logs/dqn/conservative/seed_123/final_model.zip
