[WARNING] GrayscaleImage not available, falling back to OccupancyGrid.
[DQN] reward=conservative seed=789 steps=50000 policy=MlpPolicy
[DQN] run_dir=./logs/dqn/conservative/seed_789
[WARNING] GrayscaleImage not available, falling back to OccupancyGrid.
[WARNING] GrayscaleImage not available, falling back to OccupancyGrid.
Using cpu device
Logging to ./logs/dqn/conservative/seed_789/dqn_conservative_seed789_1
----------------------------------
| rollout/            |          |
|    ep_len_mean      | 21.5     |
|    ep_rew_mean      | -26.6    |
|    exploration_rate | 0.995    |
| time/               |          |
|    episodes         | 4        |
|    fps              | 70       |
|    time_elapsed     | 1        |
|    total_timesteps  | 86       |
----------------------------------
----------------------------------
| rollout/            |          |
|    ep_len_mean      | 31       |
|    ep_rew_mean      | -29.3    |
|    exploration_rate | 0.984    |
| time/               |          |
|    episodes         | 8        |
|    fps              | 75       |
|    time_elapsed     | 3        |
|    total_timesteps  | 248      |
----------------------------------
----------------------------------
| rollout/            |          |
|    ep_len_mean      | 37.4     |
|    ep_rew_mean      | -30.6    |
|    exploration_rate | 0.972    |
| time/               |          |
|    episodes         | 12       |
|    fps              | 49       |
|    time_elapsed     | 8        |
|    total_timesteps  | 449      |
----------------------------------
----------------------------------
| rollout/            |          |
|    ep_len_mean      | 40.2     |
|    ep_rew_mean      | -31      |
|    exploration_rate | 0.959    |
| time/               |          |
|    episodes         | 16       |
|    fps              | 39       |
|    time_elapsed     | 16       |
|    total_timesteps  | 644      |
----------------------------------
----------------------------------
| rollout/            |          |
|    ep_len_mean      | 38.9     |
|    ep_rew_mean      | -30.3    |
|    exploration_rate | 0.951    |
| time/               |          |
|    episodes         | 20       |
|    fps              | 35       |
|    time_elapsed     | 21       |
|    total_timesteps  | 777      |
----------------------------------
----------------------------------
| rollout/            |          |
|    ep_len_mean      | 42.6     |
|    ep_rew_mean      | -31.1    |
|    exploration_rate | 0.935    |
| time/               |          |
|    episodes         | 24       |
|    fps              | 32       |
|    time_elapsed     | 31       |
|    total_timesteps  | 1022     |
| train/              |          |
|    learning_rate    | 0.0005   |
|    loss             | 0.0483   |
|    n_updates        | 5        |
----------------------------------
----------------------------------
| rollout/            |          |
|    ep_len_mean      | 43.1     |
|    ep_rew_mean      | -30.9    |
|    exploration_rate | 0.924    |
| time/               |          |
|    episodes         | 28       |
|    fps              | 31       |
|    time_elapsed     | 38       |
|    total_timesteps  | 1207     |
| train/              |          |
|    learning_rate    | 0.0005   |
|    loss             | 0.0903   |
|    n_updates        | 51       |
----------------------------------
----------------------------------
| rollout/            |          |
|    ep_len_mean      | 45.8     |
|    ep_rew_mean      | -31.2    |
|    exploration_rate | 0.907    |
| time/               |          |
|    episodes         | 32       |
|    fps              | 30       |
|    time_elapsed     | 48       |
|    total_timesteps  | 1465     |
| train/              |          |
|    learning_rate    | 0.0005   |
|    loss             | 0.0848   |
|    n_updates        | 116      |
----------------------------------
----------------------------------
| rollout/            |          |
|    ep_len_mean      | 43.1     |
|    ep_rew_mean      | -30.6    |
|    exploration_rate | 0.902    |
| time/               |          |
|    episodes         | 36       |
|    fps              | 29       |
|    time_elapsed     | 51       |
|    total_timesteps  | 1551     |
| train/              |          |
|    learning_rate    | 0.0005   |
|    loss             | 0.0904   |
|    n_updates        | 137      |
----------------------------------
----------------------------------
| rollout/            |          |
|    ep_len_mean      | 47.2     |
|    ep_rew_mean      | -30.9    |
|    exploration_rate | 0.88     |
| time/               |          |
|    episodes         | 40       |
|    fps              | 29       |
|    time_elapsed     | 65       |
|    total_timesteps  | 1887     |
| train/              |          |
|    learning_rate    | 0.0005   |
|    loss             | 0.00072  |
|    n_updates        | 221      |
----------------------------------
----------------------------------
| rollout/            |          |
|    ep_len_mean      | 45.4     |
|    ep_rew_mean      | -30.4    |
|    exploration_rate | 0.873    |
| time/               |          |
|    episodes         | 44       |
|    fps              | 28       |
|    time_elapsed     | 69       |
|    total_timesteps  | 1998     |
| train/              |          |
|    learning_rate    | 0.0005   |
|    loss             | 0.0582   |
|    n_updates        | 249      |
----------------------------------
----------------------------------
| rollout/            |          |
|    ep_len_mean      | 48.8     |
|    ep_rew_mean      | -31.2    |
|    exploration_rate | 0.852    |
| time/               |          |
|    episodes         | 48       |
|    fps              | 28       |
|    time_elapsed     | 82       |
|    total_timesteps  | 2342     |
| train/              |          |
|    learning_rate    | 0.0005   |
|    loss             | 0.0295   |
|    n_updates        | 335      |
----------------------------------
----------------------------------
| rollout/            |          |
|    ep_len_mean      | 48.5     |
|    ep_rew_mean      | -31.1    |
|    exploration_rate | 0.84     |
| time/               |          |
|    episodes         | 52       |
|    fps              | 28       |
|    time_elapsed     | 89       |
|    total_timesteps  | 2524     |
| train/              |          |
|    learning_rate    | 0.0005   |
|    loss             | 0.041    |
|    n_updates        | 380      |
----------------------------------
----------------------------------
| rollout/            |          |
|    ep_len_mean      | 48.6     |
|    ep_rew_mean      | -31      |
|    exploration_rate | 0.827    |
| time/               |          |
|    episodes         | 56       |
|    fps              | 27       |
|    time_elapsed     | 97       |
|    total_timesteps  | 2724     |
| train/              |          |
|    learning_rate    | 0.0005   |
|    loss             | 0.0287   |
|    n_updates        | 430      |
----------------------------------
----------------------------------
| rollout/            |          |
|    ep_len_mean      | 47.6     |
|    ep_rew_mean      | -30.7    |
|    exploration_rate | 0.819    |
| time/               |          |
|    episodes         | 60       |
|    fps              | 27       |
|    time_elapsed     | 103      |
|    total_timesteps  | 2856     |
| train/              |          |
|    learning_rate    | 0.0005   |
|    loss             | 0.0887   |
|    n_updates        | 463      |
----------------------------------
----------------------------------
| rollout/            |          |
|    ep_len_mean      | 46.2     |
|    ep_rew_mean      | -30.5    |
|    exploration_rate | 0.813    |
| time/               |          |
|    episodes         | 64       |
|    fps              | 27       |
|    time_elapsed     | 107      |
|    total_timesteps  | 2959     |
| train/              |          |
|    learning_rate    | 0.0005   |
|    loss             | 0.0356   |
|    n_updates        | 489      |
----------------------------------
----------------------------------
| rollout/            |          |
|    ep_len_mean      | 45.1     |
|    ep_rew_mean      | -30.1    |
|    exploration_rate | 0.806    |
| time/               |          |
|    episodes         | 68       |
|    fps              | 27       |
|    time_elapsed     | 111      |
|    total_timesteps  | 3064     |
| train/              |          |
|    learning_rate    | 0.0005   |
|    loss             | 0.00443  |
|    n_updates        | 515      |
----------------------------------
----------------------------------
| rollout/            |          |
|    ep_len_mean      | 46.1     |
|    ep_rew_mean      | -30.3    |
|    exploration_rate | 0.79     |
| time/               |          |
|    episodes         | 72       |
|    fps              | 27       |
|    time_elapsed     | 121      |
|    total_timesteps  | 3321     |
| train/              |          |
|    learning_rate    | 0.0005   |
|    loss             | 0.115    |
|    n_updates        | 580      |
----------------------------------
----------------------------------
| rollout/            |          |
|    ep_len_mean      | 46.8     |
|    ep_rew_mean      | -30.2    |
|    exploration_rate | 0.775    |
| time/               |          |
|    episodes         | 76       |
|    fps              | 27       |
|    time_elapsed     | 130      |
|    total_timesteps  | 3557     |
| train/              |          |
|    learning_rate    | 0.0005   |
|    loss             | 0.0418   |
|    n_updates        | 639      |
----------------------------------
----------------------------------
| rollout/            |          |
|    ep_len_mean      | 46.3     |
|    ep_rew_mean      | -30.1    |
|    exploration_rate | 0.766    |
| time/               |          |
|    episodes         | 80       |
|    fps              | 27       |
|    time_elapsed     | 136      |
|    total_timesteps  | 3701     |
| train/              |          |
|    learning_rate    | 0.0005   |
|    loss             | 0.086    |
|    n_updates        | 675      |
----------------------------------
----------------------------------
| rollout/            |          |
|    ep_len_mean      | 45.6     |
|    ep_rew_mean      | -29.8    |
|    exploration_rate | 0.757    |
| time/               |          |
|    episodes         | 84       |
|    fps              | 27       |
|    time_elapsed     | 141      |
|    total_timesteps  | 3829     |
| train/              |          |
|    learning_rate    | 0.0005   |
|    loss             | 0.0567   |
|    n_updates        | 707      |
----------------------------------
----------------------------------
| rollout/            |          |
|    ep_len_mean      | 46.5     |
|    ep_rew_mean      | -29.8    |
|    exploration_rate | 0.741    |
| time/               |          |
|    episodes         | 88       |
|    fps              | 26       |
|    time_elapsed     | 151      |
|    total_timesteps  | 4090     |
| train/              |          |
|    learning_rate    | 0.0005   |
|    loss             | 0.00852  |
|    n_updates        | 772      |
----------------------------------
----------------------------------
| rollout/            |          |
|    ep_len_mean      | 46.1     |
|    ep_rew_mean      | -29.6    |
|    exploration_rate | 0.731    |
| time/               |          |
|    episodes         | 92       |
|    fps              | 26       |
|    time_elapsed     | 157      |
|    total_timesteps  | 4240     |
| train/              |          |
|    learning_rate    | 0.0005   |
|    loss             | 0.00121  |
|    n_updates        | 809      |
----------------------------------
----------------------------------
| rollout/            |          |
|    ep_len_mean      | 46.3     |
|    ep_rew_mean      | -29.5    |
|    exploration_rate | 0.719    |
| time/               |          |
|    episodes         | 96       |
|    fps              | 26       |
|    time_elapsed     | 165      |
|    total_timesteps  | 4442     |
| train/              |          |
|    learning_rate    | 0.0005   |
|    loss             | 0.0301   |
|    n_updates        | 860      |
----------------------------------
----------------------------------
| rollout/            |          |
|    ep_len_mean      | 46.8     |
|    ep_rew_mean      | -29.5    |
|    exploration_rate | 0.703    |
| time/               |          |
|    episodes         | 100      |
|    fps              | 26       |
|    time_elapsed     | 175      |
|    total_timesteps  | 4682     |
| train/              |          |
|    learning_rate    | 0.0005   |
|    loss             | 0.00646  |
|    n_updates        | 920      |
----------------------------------
----------------------------------
| rollout/            |          |
|    ep_len_mean      | 47.6     |
|    ep_rew_mean      | -29.6    |
|    exploration_rate | 0.693    |
| time/               |          |
|    episodes         | 104      |
|    fps              | 26       |
|    time_elapsed     | 181      |
|    total_timesteps  | 4845     |
| train/              |          |
|    learning_rate    | 0.0005   |
|    loss             | 0.0577   |
|    n_updates        | 961      |
----------------------------------
[Eval @5000] NEW BEST mean_reward=4.690
[Eval @5000] R=4.7±9.5 CR=0.300 Spd=21.5 LC=4.1 SR=0.700
----------------------------------
| rollout/            |          |
|    ep_len_mean      | 48.5     |
|    ep_rew_mean      | -29.5    |
|    exploration_rate | 0.677    |
| time/               |          |
|    episodes         | 108      |
|    fps              | 20       |
|    time_elapsed     | 251      |
|    total_timesteps  | 5093     |
| train/              |          |
|    learning_rate    | 0.0005   |
|    loss             | 0.0456   |
|    n_updates        | 1023     |
----------------------------------
----------------------------------
| rollout/            |          |
|    ep_len_mean      | 49.6     |
|    ep_rew_mean      | -29.5    |
|    exploration_rate | 0.657    |
| time/               |          |
|    episodes         | 112      |
|    fps              | 20       |
|    time_elapsed     | 263      |
|    total_timesteps  | 5409     |
| train/              |          |
|    learning_rate    | 0.0005   |
|    loss             | 0.0191   |
|    n_updates        | 1102     |
----------------------------------
----------------------------------
| rollout/            |          |
|    ep_len_mean      | 49.1     |
|    ep_rew_mean      | -29.2    |
|    exploration_rate | 0.648    |
| time/               |          |
|    episodes         | 116      |
|    fps              | 20       |
|    time_elapsed     | 269      |
|    total_timesteps  | 5558     |
| train/              |          |
|    learning_rate    | 0.0005   |
|    loss             | 0.00118  |
|    n_updates        | 1139     |
----------------------------------
----------------------------------
| rollout/            |          |
|    ep_len_mean      | 51.3     |
|    ep_rew_mean      | -29.1    |
|    exploration_rate | 0.626    |
| time/               |          |
|    episodes         | 120      |
|    fps              | 20       |
|    time_elapsed     | 283      |
|    total_timesteps  | 5906     |
| train/              |          |
|    learning_rate    | 0.0005   |
|    loss             | 0.0464   |
|    n_updates        | 1226     |
----------------------------------
----------------------------------
| rollout/            |          |
|    ep_len_mean      | 51.7     |
|    ep_rew_mean      | -28.8    |
|    exploration_rate | 0.608    |
| time/               |          |
|    episodes         | 124      |
|    fps              | 21       |
|    time_elapsed     | 294      |
|    total_timesteps  | 6196     |
| train/              |          |
|    learning_rate    | 0.0005   |
|    loss             | 0.0551   |
|    n_updates        | 1298     |
----------------------------------
----------------------------------
| rollout/            |          |
|    ep_len_mean      | 51.2     |
|    ep_rew_mean      | -28.5    |
|    exploration_rate | 0.599    |
| time/               |          |
|    episodes         | 128      |
|    fps              | 21       |
|    time_elapsed     | 299      |
|    total_timesteps  | 6328     |
| train/              |          |
|    learning_rate    | 0.0005   |
|    loss             | 0.0128   |
|    n_updates        | 1331     |
----------------------------------
----------------------------------
| rollout/            |          |
|    ep_len_mean      | 50.9     |
|    ep_rew_mean      | -28.1    |
|    exploration_rate | 0.585    |
| time/               |          |
|    episodes         | 132      |
|    fps              | 21       |
|    time_elapsed     | 308      |
|    total_timesteps  | 6551     |
| train/              |          |
|    learning_rate    | 0.0005   |
|    loss             | 0.00321  |
|    n_updates        | 1387     |
----------------------------------
----------------------------------
| rollout/            |          |
|    ep_len_mean      | 51.4     |
|    ep_rew_mean      | -28      |
|    exploration_rate | 0.577    |
| time/               |          |
|    episodes         | 136      |
|    fps              | 21       |
|    time_elapsed     | 313      |
|    total_timesteps  | 6686     |
| train/              |          |
|    learning_rate    | 0.0005   |
|    loss             | 0.00112  |
|    n_updates        | 1421     |
----------------------------------
----------------------------------
| rollout/            |          |
|    ep_len_mean      | 51.1     |
|    ep_rew_mean      | -27.9    |
|    exploration_rate | 0.557    |
| time/               |          |
|    episodes         | 140      |
|    fps              | 21       |
|    time_elapsed     | 326      |
|    total_timesteps  | 6999     |
| train/              |          |
|    learning_rate    | 0.0005   |
|    loss             | 0.0363   |
|    n_updates        | 1499     |
----------------------------------
----------------------------------
| rollout/            |          |
|    ep_len_mean      | 52       |
|    ep_rew_mean      | -27.7    |
|    exploration_rate | 0.544    |
| time/               |          |
|    episodes         | 144      |
|    fps              | 21       |
|    time_elapsed     | 333      |
|    total_timesteps  | 7199     |
| train/              |          |
|    learning_rate    | 0.0005   |
|    loss             | 0.0501   |
|    n_updates        | 1549     |
----------------------------------
----------------------------------
| rollout/            |          |
|    ep_len_mean      | 50.5     |
|    ep_rew_mean      | -27.2    |
|    exploration_rate | 0.532    |
| time/               |          |
|    episodes         | 148      |
|    fps              | 21       |
|    time_elapsed     | 341      |
|    total_timesteps  | 7393     |
| train/              |          |
|    learning_rate    | 0.0005   |
|    loss             | 0.0754   |
|    n_updates        | 1598     |
----------------------------------
----------------------------------
| rollout/            |          |
|    ep_len_mean      | 49.9     |
|    ep_rew_mean      | -26.9    |
|    exploration_rate | 0.524    |
| time/               |          |
|    episodes         | 152      |
|    fps              | 21       |
|    time_elapsed     | 346      |
|    total_timesteps  | 7509     |
| train/              |          |
|    learning_rate    | 0.0005   |
|    loss             | 0.00961  |
|    n_updates        | 1627     |
----------------------------------
----------------------------------
| rollout/            |          |
|    ep_len_mean      | 50.8     |
|    ep_rew_mean      | -26.7    |
|    exploration_rate | 0.506    |
| time/               |          |
|    episodes         | 156      |
|    fps              | 21       |
|    time_elapsed     | 357      |
|    total_timesteps  | 7800     |
| train/              |          |
|    learning_rate    | 0.0005   |
|    loss             | 0.0247   |
|    n_updates        | 1699     |
----------------------------------
----------------------------------
| rollout/            |          |
|    ep_len_mean      | 51.5     |
|    ep_rew_mean      | -26.5    |
|    exploration_rate | 0.493    |
| time/               |          |
|    episodes         | 160      |
|    fps              | 21       |
|    time_elapsed     | 365      |
|    total_timesteps  | 8005     |
| train/              |          |
|    learning_rate    | 0.0005   |
|    loss             | 0.00423  |
|    n_updates        | 1751     |
----------------------------------
----------------------------------
| rollout/            |          |
|    ep_len_mean      | 52.8     |
|    ep_rew_mean      | -26.4    |
|    exploration_rate | 0.478    |
| time/               |          |
|    episodes         | 164      |
|    fps              | 21       |
|    time_elapsed     | 374      |
|    total_timesteps  | 8239     |
| train/              |          |
|    learning_rate    | 0.0005   |
|    loss             | 0.00166  |
|    n_updates        | 1809     |
----------------------------------
----------------------------------
| rollout/            |          |
|    ep_len_mean      | 53.8     |
|    ep_rew_mean      | -26.4    |
|    exploration_rate | 0.465    |
| time/               |          |
|    episodes         | 168      |
|    fps              | 22       |
|    time_elapsed     | 382      |
|    total_timesteps  | 8442     |
| train/              |          |
|    learning_rate    | 0.0005   |
|    loss             | 0.0138   |
|    n_updates        | 1860     |
----------------------------------
----------------------------------
| rollout/            |          |
|    ep_len_mean      | 52.4     |
|    ep_rew_mean      | -26      |
|    exploration_rate | 0.458    |
| time/               |          |
|    episodes         | 172      |
|    fps              | 22       |
|    time_elapsed     | 387      |
|    total_timesteps  | 8562     |
| train/              |          |
|    learning_rate    | 0.0005   |
|    loss             | 0.0015   |
|    n_updates        | 1890     |
----------------------------------
----------------------------------
| rollout/            |          |
|    ep_len_mean      | 51.2     |
|    ep_rew_mean      | -25.6    |
|    exploration_rate | 0.45     |
| time/               |          |
|    episodes         | 176      |
|    fps              | 22       |
|    time_elapsed     | 392      |
|    total_timesteps  | 8680     |
| train/              |          |
|    learning_rate    | 0.0005   |
|    loss             | 0.00382  |
|    n_updates        | 1919     |
----------------------------------
----------------------------------
| rollout/            |          |
|    ep_len_mean      | 52.1     |
|    ep_rew_mean      | -25.4    |
|    exploration_rate | 0.436    |
| time/               |          |
|    episodes         | 180      |
|    fps              | 22       |
|    time_elapsed     | 401      |
|    total_timesteps  | 8912     |
| train/              |          |
|    learning_rate    | 0.0005   |
|    loss             | 0.0588   |
|    n_updates        | 1977     |
----------------------------------
----------------------------------
| rollout/            |          |
|    ep_len_mean      | 54.1     |
|    ep_rew_mean      | -25.5    |
|    exploration_rate | 0.415    |
| time/               |          |
|    episodes         | 184      |
|    fps              | 22       |
|    time_elapsed     | 414      |
|    total_timesteps  | 9236     |
| train/              |          |
|    learning_rate    | 0.0005   |
|    loss             | 0.000699 |
|    n_updates        | 2058     |
----------------------------------
----------------------------------
| rollout/            |          |
|    ep_len_mean      | 54       |
|    ep_rew_mean      | -25.3    |
|    exploration_rate | 0.399    |
| time/               |          |
|    episodes         | 188      |
|    fps              | 22       |
|    time_elapsed     | 424      |
|    total_timesteps  | 9495     |
| train/              |          |
|    learning_rate    | 0.0005   |
|    loss             | 0.00647  |
|    n_updates        | 2123     |
----------------------------------
----------------------------------
| rollout/            |          |
|    ep_len_mean      | 55.4     |
|    ep_rew_mean      | -25.2    |
|    exploration_rate | 0.38     |
| time/               |          |
|    episodes         | 192      |
|    fps              | 22       |
|    time_elapsed     | 435      |
|    total_timesteps  | 9783     |
| train/              |          |
|    learning_rate    | 0.0005   |
|    loss             | 0.0549   |
|    n_updates        | 2195     |
----------------------------------
[Eval @10000] R=-0.2±4.1 CR=0.700 Spd=23.9 LC=2.9 SR=0.300
----------------------------------
| rollout/            |          |
|    ep_len_mean      | 58.1     |
|    ep_rew_mean      | -24.7    |
|    exploration_rate | 0.351    |
| time/               |          |
|    episodes         | 196      |
|    fps              | 20       |
|    time_elapsed     | 493      |
|    total_timesteps  | 10253    |
| train/              |          |
|    learning_rate    | 0.0005   |
|    loss             | 0.00307  |
|    n_updates        | 2313     |
----------------------------------
----------------------------------
| rollout/            |          |
|    ep_len_mean      | 59.1     |
|    ep_rew_mean      | -24.1    |
|    exploration_rate | 0.329    |
| time/               |          |
|    episodes         | 200      |
|    fps              | 20       |
|    time_elapsed     | 506      |
|    total_timesteps  | 10589    |
| train/              |          |
|    learning_rate    | 0.0005   |
|    loss             | 0.0832   |
|    n_updates        | 2397     |
----------------------------------
----------------------------------
| rollout/            |          |
|    ep_len_mean      | 59.1     |
|    ep_rew_mean      | -23.8    |
|    exploration_rate | 0.319    |
| time/               |          |
|    episodes         | 204      |
|    fps              | 20       |
|    time_elapsed     | 513      |
|    total_timesteps  | 10755    |
| train/              |          |
|    learning_rate    | 0.0005   |
|    loss             | 0.00787  |
|    n_updates        | 2438     |
----------------------------------
----------------------------------
| rollout/            |          |
|    ep_len_mean      | 60.1     |
|    ep_rew_mean      | -23.1    |
|    exploration_rate | 0.297    |
| time/               |          |
|    episodes         | 208      |
|    fps              | 21       |
|    time_elapsed     | 527      |
|    total_timesteps  | 11106    |
| train/              |          |
|    learning_rate    | 0.0005   |
|    loss             | 0.0366   |
|    n_updates        | 2526     |
----------------------------------
----------------------------------
| rollout/            |          |
|    ep_len_mean      | 58.6     |
|    ep_rew_mean      | -22.6    |
|    exploration_rate | 0.286    |
| time/               |          |
|    episodes         | 212      |
|    fps              | 21       |
|    time_elapsed     | 533      |
|    total_timesteps  | 11267    |
| train/              |          |
|    learning_rate    | 0.0005   |
|    loss             | 0.0443   |
|    n_updates        | 2566     |
----------------------------------
----------------------------------
| rollout/            |          |
|    ep_len_mean      | 58.4     |
|    ep_rew_mean      | -22.3    |
|    exploration_rate | 0.278    |
| time/               |          |
|    episodes         | 216      |
|    fps              | 21       |
|    time_elapsed     | 538      |
|    total_timesteps  | 11402    |
| train/              |          |
|    learning_rate    | 0.0005   |
|    loss             | 0.0447   |
|    n_updates        | 2600     |
----------------------------------
----------------------------------
| rollout/            |          |
|    ep_len_mean      | 58.9     |
|    ep_rew_mean      | -22      |
|    exploration_rate | 0.253    |
| time/               |          |
|    episodes         | 220      |
|    fps              | 21       |
|    time_elapsed     | 554      |
|    total_timesteps  | 11791    |
| train/              |          |
|    learning_rate    | 0.0005   |
|    loss             | 0.0406   |
|    n_updates        | 2697     |
----------------------------------
----------------------------------
| rollout/            |          |
|    ep_len_mean      | 57       |
|    ep_rew_mean      | -21.6    |
|    exploration_rate | 0.246    |
| time/               |          |
|    episodes         | 224      |
|    fps              | 21       |
|    time_elapsed     | 558      |
|    total_timesteps  | 11900    |
| train/              |          |
|    learning_rate    | 0.0005   |
|    loss             | 0.0535   |
|    n_updates        | 2724     |
----------------------------------
----------------------------------
| rollout/            |          |
|    ep_len_mean      | 58       |
|    ep_rew_mean      | -21.4    |
|    exploration_rate | 0.232    |
| time/               |          |
|    episodes         | 228      |
|    fps              | 21       |
|    time_elapsed     | 567      |
|    total_timesteps  | 12132    |
| train/              |          |
|    learning_rate    | 0.0005   |
|    loss             | 0.0308   |
|    n_updates        | 2782     |
----------------------------------
----------------------------------
| rollout/            |          |
|    ep_len_mean      | 58.4     |
|    ep_rew_mean      | -21.1    |
|    exploration_rate | 0.215    |
| time/               |          |
|    episodes         | 232      |
|    fps              | 21       |
|    time_elapsed     | 577      |
|    total_timesteps  | 12392    |
| train/              |          |
|    learning_rate    | 0.0005   |
|    loss             | 0.0123   |
|    n_updates        | 2847     |
----------------------------------
----------------------------------
| rollout/            |          |
|    ep_len_mean      | 61.9     |
|    ep_rew_mean      | -20.6    |
|    exploration_rate | 0.184    |
| time/               |          |
|    episodes         | 236      |
|    fps              | 21       |
|    time_elapsed     | 596      |
|    total_timesteps  | 12879    |
| train/              |          |
|    learning_rate    | 0.0005   |
|    loss             | 0.000619 |
|    n_updates        | 2969     |
----------------------------------
----------------------------------
| rollout/            |          |
|    ep_len_mean      | 61.4     |
|    ep_rew_mean      | -20      |
|    exploration_rate | 0.168    |
| time/               |          |
|    episodes         | 240      |
|    fps              | 21       |
|    time_elapsed     | 606      |
|    total_timesteps  | 13136    |
| train/              |          |
|    learning_rate    | 0.0005   |
|    loss             | 0.0938   |
|    n_updates        | 3033     |
----------------------------------
----------------------------------
| rollout/            |          |
|    ep_len_mean      | 62.9     |
|    ep_rew_mean      | -19.7    |
|    exploration_rate | 0.146    |
| time/               |          |
|    episodes         | 244      |
|    fps              | 21       |
|    time_elapsed     | 620      |
|    total_timesteps  | 13489    |
| train/              |          |
|    learning_rate    | 0.0005   |
|    loss             | 0.0516   |
|    n_updates        | 3122     |
----------------------------------
----------------------------------
| rollout/            |          |
|    ep_len_mean      | 66.2     |
|    ep_rew_mean      | -18.5    |
|    exploration_rate | 0.112    |
| time/               |          |
|    episodes         | 248      |
|    fps              | 21       |
|    time_elapsed     | 639      |
|    total_timesteps  | 14018    |
| train/              |          |
|    learning_rate    | 0.0005   |
|    loss             | 0.024    |
|    n_updates        | 3254     |
----------------------------------
----------------------------------
| rollout/            |          |
|    ep_len_mean      | 71.2     |
|    ep_rew_mean      | -17.4    |
|    exploration_rate | 0.0737   |
| time/               |          |
|    episodes         | 252      |
|    fps              | 22       |
|    time_elapsed     | 663      |
|    total_timesteps  | 14626    |
| train/              |          |
|    learning_rate    | 0.0005   |
|    loss             | 0.00191  |
|    n_updates        | 3406     |
----------------------------------
----------------------------------
| rollout/            |          |
|    ep_len_mean      | 71       |
|    ep_rew_mean      | -16.8    |
|    exploration_rate | 0.0565   |
| time/               |          |
|    episodes         | 256      |
|    fps              | 22       |
|    time_elapsed     | 674      |
|    total_timesteps  | 14897    |
| train/              |          |
|    learning_rate    | 0.0005   |
|    loss             | 0.0463   |
|    n_updates        | 3474     |
----------------------------------
[Eval @15000] R=-0.5±4.2 CR=0.700 Spd=24.6 LC=1.8 SR=0.300
----------------------------------
| rollout/            |          |
|    ep_len_mean      | 72.1     |
|    ep_rew_mean      | -16.1    |
|    exploration_rate | 0.05     |
| time/               |          |
|    episodes         | 260      |
|    fps              | 21       |
|    time_elapsed     | 720      |
|    total_timesteps  | 15214    |
| train/              |          |
|    learning_rate    | 0.0005   |
|    loss             | 0.0553   |
|    n_updates        | 3553     |
----------------------------------
----------------------------------
| rollout/            |          |
|    ep_len_mean      | 73       |
|    ep_rew_mean      | -15.3    |
|    exploration_rate | 0.05     |
| time/               |          |
|    episodes         | 264      |
|    fps              | 21       |
|    time_elapsed     | 732      |
|    total_timesteps  | 15534    |
| train/              |          |
|    learning_rate    | 0.0005   |
|    loss             | 0.0114   |
|    n_updates        | 3633     |
----------------------------------
----------------------------------
| rollout/            |          |
|    ep_len_mean      | 74.1     |
|    ep_rew_mean      | -14.5    |
|    exploration_rate | 0.05     |
| time/               |          |
|    episodes         | 268      |
|    fps              | 21       |
|    time_elapsed     | 745      |
|    total_timesteps  | 15850    |
| train/              |          |
|    learning_rate    | 0.0005   |
|    loss             | 0.0396   |
|    n_updates        | 3712     |
----------------------------------
----------------------------------
| rollout/            |          |
|    ep_len_mean      | 77.7     |
|    ep_rew_mean      | -13.4    |
|    exploration_rate | 0.05     |
| time/               |          |
|    episodes         | 272      |
|    fps              | 21       |
|    time_elapsed     | 764      |
|    total_timesteps  | 16327    |
| train/              |          |
|    learning_rate    | 0.0005   |
|    loss             | 0.00176  |
|    n_updates        | 3831     |
----------------------------------
----------------------------------
| rollout/            |          |
|    ep_len_mean      | 80.8     |
|    ep_rew_mean      | -12.6    |
|    exploration_rate | 0.05     |
| time/               |          |
|    episodes         | 276      |
|    fps              | 21       |
|    time_elapsed     | 781      |
|    total_timesteps  | 16765    |
| train/              |          |
|    learning_rate    | 0.0005   |
|    loss             | 0.000945 |
|    n_updates        | 3941     |
----------------------------------
----------------------------------
| rollout/            |          |
|    ep_len_mean      | 81.9     |
|    ep_rew_mean      | -11.8    |
|    exploration_rate | 0.05     |
| time/               |          |
|    episodes         | 280      |
|    fps              | 21       |
|    time_elapsed     | 794      |
|    total_timesteps  | 17098    |
| train/              |          |
|    learning_rate    | 0.0005   |
|    loss             | 0.000392 |
|    n_updates        | 4024     |
----------------------------------
----------------------------------
| rollout/            |          |
|    ep_len_mean      | 82.7     |
|    ep_rew_mean      | -10.7    |
|    exploration_rate | 0.05     |
| time/               |          |
|    episodes         | 284      |
|    fps              | 21       |
|    time_elapsed     | 810      |
|    total_timesteps  | 17510    |
| train/              |          |
|    learning_rate    | 0.0005   |
|    loss             | 0.0182   |
|    n_updates        | 4127     |
----------------------------------
----------------------------------
| rollout/            |          |
|    ep_len_mean      | 81.4     |
|    ep_rew_mean      | -10.4    |
|    exploration_rate | 0.05     |
| time/               |          |
|    episodes         | 288      |
|    fps              | 21       |
|    time_elapsed     | 815      |
|    total_timesteps  | 17638    |
| train/              |          |
|    learning_rate    | 0.0005   |
|    loss             | 0.0327   |
|    n_updates        | 4159     |
----------------------------------
----------------------------------
| rollout/            |          |
|    ep_len_mean      | 83.6     |
|    ep_rew_mean      | -9.39    |
|    exploration_rate | 0.05     |
| time/               |          |
|    episodes         | 292      |
|    fps              | 21       |
|    time_elapsed     | 835      |
|    total_timesteps  | 18144    |
| train/              |          |
|    learning_rate    | 0.0005   |
|    loss             | 0.00413  |
|    n_updates        | 4285     |
----------------------------------
----------------------------------
| rollout/            |          |
|    ep_len_mean      | 85       |
|    ep_rew_mean      | -8.4     |
|    exploration_rate | 0.05     |
| time/               |          |
|    episodes         | 296      |
|    fps              | 22       |
|    time_elapsed     | 843      |
|    total_timesteps  | 18752    |
| train/              |          |
|    learning_rate    | 0.0005   |
|    loss             | 0.0009   |
|    n_updates        | 4437     |
----------------------------------
----------------------------------
| rollout/            |          |
|    ep_len_mean      | 87.6     |
|    ep_rew_mean      | -7.32    |
|    exploration_rate | 0.05     |
| time/               |          |
|    episodes         | 300      |
|    fps              | 22       |
|    time_elapsed     | 851      |
|    total_timesteps  | 19352    |
| train/              |          |
|    learning_rate    | 0.0005   |
|    loss             | 0.00149  |
|    n_updates        | 4587     |
----------------------------------
----------------------------------
| rollout/            |          |
|    ep_len_mean      | 89.8     |
|    ep_rew_mean      | -6.61    |
|    exploration_rate | 0.05     |
| time/               |          |
|    episodes         | 304      |
|    fps              | 22       |
|    time_elapsed     | 858      |
|    total_timesteps  | 19740    |
| train/              |          |
|    learning_rate    | 0.0005   |
|    loss             | 0.00698  |
|    n_updates        | 4684     |
----------------------------------
[Eval @20000] NEW BEST mean_reward=5.650
[Eval @20000] R=5.7±2.7 CR=0.100 Spd=21.2 LC=0.7 SR=0.900
----------------------------------
| rollout/            |          |
|    ep_len_mean      | 90.4     |
|    ep_rew_mean      | -6.15    |
|    exploration_rate | 0.05     |
| time/               |          |
|    episodes         | 308      |
|    fps              | 22       |
|    time_elapsed     | 887      |
|    total_timesteps  | 20147    |
| train/              |          |
|    learning_rate    | 0.0005   |
|    loss             | 0.000763 |
|    n_updates        | 4786     |
----------------------------------
----------------------------------
| rollout/            |          |
|    ep_len_mean      | 91.6     |
|    ep_rew_mean      | -5.81    |
|    exploration_rate | 0.05     |
| time/               |          |
|    episodes         | 312      |
|    fps              | 22       |
|    time_elapsed     | 892      |
|    total_timesteps  | 20424    |
| train/              |          |
|    learning_rate    | 0.0005   |
|    loss             | 0.000196 |
|    n_updates        | 4855     |
----------------------------------
----------------------------------
| rollout/            |          |
|    ep_len_mean      | 94       |
|    ep_rew_mean      | -5.35    |
|    exploration_rate | 0.05     |
| time/               |          |
|    episodes         | 316      |
|    fps              | 23       |
|    time_elapsed     | 900      |
|    total_timesteps  | 20807    |
| train/              |          |
|    learning_rate    | 0.0005   |
|    loss             | 0.00355  |
|    n_updates        | 4951     |
----------------------------------
----------------------------------
| rollout/            |          |
|    ep_len_mean      | 94.9     |
|    ep_rew_mean      | -4.34    |
|    exploration_rate | 0.05     |
| time/               |          |
|    episodes         | 320      |
|    fps              | 23       |
|    time_elapsed     | 908      |
|    total_timesteps  | 21277    |
| train/              |          |
|    learning_rate    | 0.0005   |
|    loss             | 0.00655  |
|    n_updates        | 5069     |
----------------------------------
----------------------------------
| rollout/            |          |
|    ep_len_mean      | 98       |
|    ep_rew_mean      | -3.72    |
|    exploration_rate | 0.05     |
| time/               |          |
|    episodes         | 324      |
|    fps              | 23       |
|    time_elapsed     | 915      |
|    total_timesteps  | 21695    |
| train/              |          |
|    learning_rate    | 0.0005   |
|    loss             | 0.00785  |
|    n_updates        | 5173     |
----------------------------------
----------------------------------
| rollout/            |          |
|    ep_len_mean      | 102      |
|    ep_rew_mean      | -2.57    |
|    exploration_rate | 0.05     |
| time/               |          |
|    episodes         | 328      |
|    fps              | 24       |
|    time_elapsed     | 924      |
|    total_timesteps  | 22361    |
| train/              |          |
|    learning_rate    | 0.0005   |
|    loss             | 0.0725   |
|    n_updates        | 5340     |
----------------------------------
----------------------------------
| rollout/            |          |
|    ep_len_mean      | 104      |
|    ep_rew_mean      | -2.19    |
|    exploration_rate | 0.05     |
| time/               |          |
|    episodes         | 332      |
|    fps              | 24       |
|    time_elapsed     | 929      |
|    total_timesteps  | 22767    |
| train/              |          |
|    learning_rate    | 0.0005   |
|    loss             | 0.00587  |
|    n_updates        | 5441     |
----------------------------------
----------------------------------
| rollout/            |          |
|    ep_len_mean      | 103      |
|    ep_rew_mean      | -2.05    |
|    exploration_rate | 0.05     |
| time/               |          |
|    episodes         | 336      |
|    fps              | 24       |
|    time_elapsed     | 935      |
|    total_timesteps  | 23168    |
| train/              |          |
|    learning_rate    | 0.0005   |
|    loss             | 0.0105   |
|    n_updates        | 5541     |
----------------------------------
----------------------------------
| rollout/            |          |
|    ep_len_mean      | 107      |
|    ep_rew_mean      | -0.883   |
|    exploration_rate | 0.05     |
| time/               |          |
|    episodes         | 340      |
|    fps              | 25       |
|    time_elapsed     | 943      |
|    total_timesteps  | 23852    |
| train/              |          |
|    learning_rate    | 0.0005   |
|    loss             | 0.0227   |
|    n_updates        | 5712     |
----------------------------------
----------------------------------
| rollout/            |          |
|    ep_len_mean      | 107      |
|    ep_rew_mean      | -0.425   |
|    exploration_rate | 0.05     |
| time/               |          |
|    episodes         | 344      |
|    fps              | 25       |
|    time_elapsed     | 947      |
|    total_timesteps  | 24172    |
| train/              |          |
|    learning_rate    | 0.0005   |
|    loss             | 0.000748 |
|    n_updates        | 5792     |
----------------------------------
----------------------------------
| rollout/            |          |
|    ep_len_mean      | 107      |
|    ep_rew_mean      | -0.257   |
|    exploration_rate | 0.05     |
| time/               |          |
|    episodes         | 348      |
|    fps              | 25       |
|    time_elapsed     | 955      |
|    total_timesteps  | 24731    |
| train/              |          |
|    learning_rate    | 0.0005   |
|    loss             | 0.0048   |
|    n_updates        | 5932     |
----------------------------------
[Eval @25000] R=-0.2±3.8 CR=0.800 Spd=25.1 LC=1.1 SR=0.200
----------------------------------
| rollout/            |          |
|    ep_len_mean      | 107      |
|    ep_rew_mean      | -0.035   |
|    exploration_rate | 0.05     |
| time/               |          |
|    episodes         | 352      |
|    fps              | 26       |
|    time_elapsed     | 974      |
|    total_timesteps  | 25351    |
| train/              |          |
|    learning_rate    | 0.0005   |
|    loss             | 0.000968 |
|    n_updates        | 6087     |
----------------------------------
----------------------------------
| rollout/            |          |
|    ep_len_mean      | 111      |
|    ep_rew_mean      | 0.923    |
|    exploration_rate | 0.05     |
| time/               |          |
|    episodes         | 356      |
|    fps              | 26       |
|    time_elapsed     | 982      |
|    total_timesteps  | 25951    |
| train/              |          |
|    learning_rate    | 0.0005   |
|    loss             | 0.000939 |
|    n_updates        | 6237     |
----------------------------------
----------------------------------
| rollout/            |          |
|    ep_len_mean      | 113      |
|    ep_rew_mean      | 1.36     |
|    exploration_rate | 0.05     |
| time/               |          |
|    episodes         | 360      |
|    fps              | 26       |
|    time_elapsed     | 990      |
|    total_timesteps  | 26541    |
| train/              |          |
|    learning_rate    | 0.0005   |
|    loss             | 0.0672   |
|    n_updates        | 6385     |
----------------------------------
----------------------------------
| rollout/            |          |
|    ep_len_mean      | 115      |
|    ep_rew_mean      | 1.59     |
|    exploration_rate | 0.05     |
| time/               |          |
|    episodes         | 364      |
|    fps              | 27       |
|    time_elapsed     | 996      |
|    total_timesteps  | 27043    |
| train/              |          |
|    learning_rate    | 0.0005   |
|    loss             | 0.00889  |
|    n_updates        | 6510     |
----------------------------------
----------------------------------
| rollout/            |          |
|    ep_len_mean      | 115      |
|    ep_rew_mean      | 1.72     |
|    exploration_rate | 0.05     |
| time/               |          |
|    episodes         | 368      |
|    fps              | 27       |
|    time_elapsed     | 1001     |
|    total_timesteps  | 27387    |
| train/              |          |
|    learning_rate    | 0.0005   |
|    loss             | 0.0486   |
|    n_updates        | 6596     |
----------------------------------
----------------------------------
| rollout/            |          |
|    ep_len_mean      | 115      |
|    ep_rew_mean      | 1.34     |
|    exploration_rate | 0.05     |
| time/               |          |
|    episodes         | 372      |
|    fps              | 27       |
|    time_elapsed     | 1007     |
|    total_timesteps  | 27864    |
| train/              |          |
|    learning_rate    | 0.0005   |
|    loss             | 0.0139   |
|    n_updates        | 6715     |
----------------------------------
----------------------------------
| rollout/            |          |
|    ep_len_mean      | 115      |
|    ep_rew_mean      | 1.07     |
|    exploration_rate | 0.05     |
| time/               |          |
|    episodes         | 376      |
|    fps              | 27       |
|    time_elapsed     | 1012     |
|    total_timesteps  | 28254    |
| train/              |          |
|    learning_rate    | 0.0005   |
|    loss             | 0.000319 |
|    n_updates        | 6813     |
----------------------------------
----------------------------------
| rollout/            |          |
|    ep_len_mean      | 116      |
|    ep_rew_mean      | 1.25     |
|    exploration_rate | 0.05     |
| time/               |          |
|    episodes         | 380      |
|    fps              | 28       |
|    time_elapsed     | 1019     |
|    total_timesteps  | 28687    |
| train/              |          |
|    learning_rate    | 0.0005   |
|    loss             | 0.00264  |
|    n_updates        | 6921     |
----------------------------------
----------------------------------
| rollout/            |          |
|    ep_len_mean      | 115      |
|    ep_rew_mean      | 1.1      |
|    exploration_rate | 0.05     |
| time/               |          |
|    episodes         | 384      |
|    fps              | 28       |
|    time_elapsed     | 1022     |
|    total_timesteps  | 28968    |
| train/              |          |
|    learning_rate    | 0.0005   |
|    loss             | 0.00374  |
|    n_updates        | 6991     |
----------------------------------
----------------------------------
| rollout/            |          |
|    ep_len_mean      | 117      |
|    ep_rew_mean      | 1.41     |
|    exploration_rate | 0.05     |
| time/               |          |
|    episodes         | 388      |
|    fps              | 28       |
|    time_elapsed     | 1027     |
|    total_timesteps  | 29311    |
| train/              |          |
|    learning_rate    | 0.0005   |
|    loss             | 0.000786 |
|    n_updates        | 7077     |
----------------------------------
----------------------------------
| rollout/            |          |
|    ep_len_mean      | 118      |
|    ep_rew_mean      | 1.73     |
|    exploration_rate | 0.05     |
| time/               |          |
|    episodes         | 392      |
|    fps              | 28       |
|    time_elapsed     | 1034     |
|    total_timesteps  | 29900    |
| train/              |          |
|    learning_rate    | 0.0005   |
|    loss             | 0.000319 |
|    n_updates        | 7224     |
----------------------------------
[Eval @30000] R=1.7±4.5 CR=0.600 Spd=23.5 LC=0.7 SR=0.400
----------------------------------
| rollout/            |          |
|    ep_len_mean      | 116      |
|    ep_rew_mean      | 1.42     |
|    exploration_rate | 0.05     |
| time/               |          |
|    episodes         | 396      |
|    fps              | 27       |
|    time_elapsed     | 1086     |
|    total_timesteps  | 30302    |
| train/              |          |
|    learning_rate    | 0.0005   |
|    loss             | 0.000293 |
|    n_updates        | 7325     |
----------------------------------
----------------------------------
| rollout/            |          |
|    ep_len_mean      | 114      |
|    ep_rew_mean      | 0.768    |
|    exploration_rate | 0.05     |
| time/               |          |
|    episodes         | 400      |
|    fps              | 27       |
|    time_elapsed     | 1104     |
|    total_timesteps  | 30755    |
| train/              |          |
|    learning_rate    | 0.0005   |
|    loss             | 0.0824   |
|    n_updates        | 7438     |
----------------------------------
----------------------------------
| rollout/            |          |
|    ep_len_mean      | 114      |
|    ep_rew_mean      | 0.827    |
|    exploration_rate | 0.05     |
| time/               |          |
|    episodes         | 404      |
|    fps              | 27       |
|    time_elapsed     | 1119     |
|    total_timesteps  | 31140    |
| train/              |          |
|    learning_rate    | 0.0005   |
|    loss             | 0.000582 |
|    n_updates        | 7534     |
----------------------------------
----------------------------------
| rollout/            |          |
|    ep_len_mean      | 116      |
|    ep_rew_mean      | 1.54     |
|    exploration_rate | 0.05     |
| time/               |          |
|    episodes         | 408      |
|    fps              | 27       |
|    time_elapsed     | 1139     |
|    total_timesteps  | 31792    |
| train/              |          |
|    learning_rate    | 0.0005   |
|    loss             | 0.000271 |
|    n_updates        | 7697     |
----------------------------------
----------------------------------
| rollout/            |          |
|    ep_len_mean      | 118      |
|    ep_rew_mean      | 2.09     |
|    exploration_rate | 0.05     |
| time/               |          |
|    episodes         | 412      |
|    fps              | 28       |
|    time_elapsed     | 1145     |
|    total_timesteps  | 32215    |
| train/              |          |
|    learning_rate    | 0.0005   |
|    loss             | 0.000373 |
|    n_updates        | 7803     |
----------------------------------
----------------------------------
| rollout/            |          |
|    ep_len_mean      | 120      |
|    ep_rew_mean      | 3.05     |
|    exploration_rate | 0.05     |
| time/               |          |
|    episodes         | 416      |
|    fps              | 28       |
|    time_elapsed     | 1153     |
|    total_timesteps  | 32829    |
| train/              |          |
|    learning_rate    | 0.0005   |
|    loss             | 0.000402 |
|    n_updates        | 7957     |
----------------------------------
----------------------------------
| rollout/            |          |
|    ep_len_mean      | 118      |
|    ep_rew_mean      | 2.36     |
|    exploration_rate | 0.05     |
| time/               |          |
|    episodes         | 420      |
|    fps              | 28       |
|    time_elapsed     | 1156     |
|    total_timesteps  | 33102    |
| train/              |          |
|    learning_rate    | 0.0005   |
|    loss             | 0.000192 |
|    n_updates        | 8025     |
----------------------------------
----------------------------------
| rollout/            |          |
|    ep_len_mean      | 117      |
|    ep_rew_mean      | 2.09     |
|    exploration_rate | 0.05     |
| time/               |          |
|    episodes         | 424      |
|    fps              | 28       |
|    time_elapsed     | 1160     |
|    total_timesteps  | 33378    |
| train/              |          |
|    learning_rate    | 0.0005   |
|    loss             | 0.000367 |
|    n_updates        | 8094     |
----------------------------------
----------------------------------
| rollout/            |          |
|    ep_len_mean      | 115      |
|    ep_rew_mean      | 1.64     |
|    exploration_rate | 0.05     |
| time/               |          |
|    episodes         | 428      |
|    fps              | 28       |
|    time_elapsed     | 1169     |
|    total_timesteps  | 33850    |
| train/              |          |
|    learning_rate    | 0.0005   |
|    loss             | 0.0254   |
|    n_updates        | 8212     |
----------------------------------
----------------------------------
| rollout/            |          |
|    ep_len_mean      | 116      |
|    ep_rew_mean      | 2.25     |
|    exploration_rate | 0.05     |
| time/               |          |
|    episodes         | 432      |
|    fps              | 28       |
|    time_elapsed     | 1188     |
|    total_timesteps  | 34356    |
| train/              |          |
|    learning_rate    | 0.0005   |
|    loss             | 0.000601 |
|    n_updates        | 8338     |
----------------------------------
----------------------------------
| rollout/            |          |
|    ep_len_mean      | 116      |
|    ep_rew_mean      | 2.57     |
|    exploration_rate | 0.05     |
| time/               |          |
|    episodes         | 436      |
|    fps              | 28       |
|    time_elapsed     | 1205     |
|    total_timesteps  | 34785    |
| train/              |          |
|    learning_rate    | 0.0005   |
|    loss             | 0.00569  |
|    n_updates        | 8446     |
----------------------------------
[Eval @35000] R=2.7±4.6 CR=0.500 Spd=23.6 LC=0.2 SR=0.500
----------------------------------
| rollout/            |          |
|    ep_len_mean      | 113      |
|    ep_rew_mean      | 1.79     |
|    exploration_rate | 0.05     |
| time/               |          |
|    episodes         | 440      |
|    fps              | 27       |
|    time_elapsed     | 1272     |
|    total_timesteps  | 35180    |
| train/              |          |
|    learning_rate    | 0.0005   |
|    loss             | 0.00857  |
|    n_updates        | 8544     |
----------------------------------
----------------------------------
| rollout/            |          |
|    ep_len_mean      | 112      |
|    ep_rew_mean      | 1.42     |
|    exploration_rate | 0.05     |
| time/               |          |
|    episodes         | 444      |
|    fps              | 27       |
|    time_elapsed     | 1280     |
|    total_timesteps  | 35377    |
| train/              |          |
|    learning_rate    | 0.0005   |
|    loss             | 0.0012   |
|    n_updates        | 8594     |
----------------------------------
----------------------------------
| rollout/            |          |
|    ep_len_mean      | 111      |
|    ep_rew_mean      | 1.35     |
|    exploration_rate | 0.05     |
| time/               |          |
|    episodes         | 448      |
|    fps              | 27       |
|    time_elapsed     | 1299     |
|    total_timesteps  | 35875    |
| train/              |          |
|    learning_rate    | 0.0005   |
|    loss             | 0.000356 |
|    n_updates        | 8718     |
----------------------------------
----------------------------------
| rollout/            |          |
|    ep_len_mean      | 111      |
|    ep_rew_mean      | 1.23     |
|    exploration_rate | 0.05     |
| time/               |          |
|    episodes         | 452      |
|    fps              | 27       |
|    time_elapsed     | 1322     |
|    total_timesteps  | 36442    |
| train/              |          |
|    learning_rate    | 0.0005   |
|    loss             | 0.000282 |
|    n_updates        | 8860     |
----------------------------------
----------------------------------
| rollout/            |          |
|    ep_len_mean      | 110      |
|    ep_rew_mean      | 0.983    |
|    exploration_rate | 0.05     |
| time/               |          |
|    episodes         | 456      |
|    fps              | 27       |
|    time_elapsed     | 1341     |
|    total_timesteps  | 36945    |
| train/              |          |
|    learning_rate    | 0.0005   |
|    loss             | 0.0289   |
|    n_updates        | 8986     |
----------------------------------
----------------------------------
| rollout/            |          |
|    ep_len_mean      | 107      |
|    ep_rew_mean      | 0.422    |
|    exploration_rate | 0.05     |
| time/               |          |
|    episodes         | 460      |
|    fps              | 27       |
|    time_elapsed     | 1352     |
|    total_timesteps  | 37209    |
| train/              |          |
|    learning_rate    | 0.0005   |
|    loss             | 0.0278   |
|    n_updates        | 9052     |
----------------------------------
----------------------------------
| rollout/            |          |
|    ep_len_mean      | 106      |
|    ep_rew_mean      | 0.372    |
|    exploration_rate | 0.05     |
| time/               |          |
|    episodes         | 464      |
|    fps              | 27       |
|    time_elapsed     | 1370     |
|    total_timesteps  | 37682    |
| train/              |          |
|    learning_rate    | 0.0005   |
|    loss             | 0.00457  |
|    n_updates        | 9170     |
----------------------------------
----------------------------------
| rollout/            |          |
|    ep_len_mean      | 107      |
|    ep_rew_mean      | 0.421    |
|    exploration_rate | 0.05     |
| time/               |          |
|    episodes         | 468      |
|    fps              | 27       |
|    time_elapsed     | 1387     |
|    total_timesteps  | 38096    |
| train/              |          |
|    learning_rate    | 0.0005   |
|    loss             | 0.006    |
|    n_updates        | 9273     |
----------------------------------
----------------------------------
| rollout/            |          |
|    ep_len_mean      | 107      |
|    ep_rew_mean      | 0.423    |
|    exploration_rate | 0.05     |
| time/               |          |
|    episodes         | 472      |
|    fps              | 27       |
|    time_elapsed     | 1396     |
|    total_timesteps  | 38599    |
| train/              |          |
|    learning_rate    | 0.0005   |
|    loss             | 0.000215 |
|    n_updates        | 9399     |
----------------------------------
----------------------------------
| rollout/            |          |
|    ep_len_mean      | 108      |
|    ep_rew_mean      | 0.749    |
|    exploration_rate | 0.05     |
| time/               |          |
|    episodes         | 476      |
|    fps              | 27       |
|    time_elapsed     | 1401     |
|    total_timesteps  | 39022    |
| train/              |          |
|    learning_rate    | 0.0005   |
|    loss             | 0.0173   |
|    n_updates        | 9505     |
----------------------------------
----------------------------------
| rollout/            |          |
|    ep_len_mean      | 109      |
|    ep_rew_mean      | 0.874    |
|    exploration_rate | 0.05     |
| time/               |          |
|    episodes         | 480      |
|    fps              | 28       |
|    time_elapsed     | 1408     |
|    total_timesteps  | 39567    |
| train/              |          |
|    learning_rate    | 0.0005   |
|    loss             | 0.00562  |
|    n_updates        | 9641     |
----------------------------------
----------------------------------
| rollout/            |          |
|    ep_len_mean      | 109      |
|    ep_rew_mean      | 0.703    |
|    exploration_rate | 0.05     |
| time/               |          |
|    episodes         | 484      |
|    fps              | 28       |
|    time_elapsed     | 1412     |
|    total_timesteps  | 39859    |
| train/              |          |
|    learning_rate    | 0.0005   |
|    loss             | 0.00105  |
|    n_updates        | 9714     |
----------------------------------
[Eval @40000] R=2.3±4.8 CR=0.500 Spd=23.8 LC=0.6 SR=0.500
----------------------------------
| rollout/            |          |
|    ep_len_mean      | 109      |
|    ep_rew_mean      | 0.866    |
|    exploration_rate | 0.05     |
| time/               |          |
|    episodes         | 488      |
|    fps              | 28       |
|    time_elapsed     | 1432     |
|    total_timesteps  | 40174    |
| train/              |          |
|    learning_rate    | 0.0005   |
|    loss             | 0.00252  |
|    n_updates        | 9793     |
----------------------------------
----------------------------------
| rollout/            |          |
|    ep_len_mean      | 104      |
|    ep_rew_mean      | -0.163   |
|    exploration_rate | 0.05     |
| time/               |          |
|    episodes         | 492      |
|    fps              | 28       |
|    time_elapsed     | 1434     |
|    total_timesteps  | 40311    |
| train/              |          |
|    learning_rate    | 0.0005   |
|    loss             | 0.00246  |
|    n_updates        | 9827     |
----------------------------------
----------------------------------
| rollout/            |          |
|    ep_len_mean      | 106      |
|    ep_rew_mean      | 0.318    |
|    exploration_rate | 0.05     |
| time/               |          |
|    episodes         | 496      |
|    fps              | 28       |
|    time_elapsed     | 1441     |
|    total_timesteps  | 40887    |
| train/              |          |
|    learning_rate    | 0.0005   |
|    loss             | 0.00117  |
|    n_updates        | 9971     |
----------------------------------
----------------------------------
| rollout/            |          |
|    ep_len_mean      | 104      |
|    ep_rew_mean      | -0.0387  |
|    exploration_rate | 0.05     |
| time/               |          |
|    episodes         | 500      |
|    fps              | 28       |
|    time_elapsed     | 1444     |
|    total_timesteps  | 41129    |
| train/              |          |
|    learning_rate    | 0.0005   |
|    loss             | 0.0306   |
|    n_updates        | 10032    |
----------------------------------
----------------------------------
| rollout/            |          |
|    ep_len_mean      | 106      |
|    ep_rew_mean      | 0.506    |
|    exploration_rate | 0.05     |
| time/               |          |
|    episodes         | 504      |
|    fps              | 28       |
|    time_elapsed     | 1452     |
|    total_timesteps  | 41751    |
| train/              |          |
|    learning_rate    | 0.0005   |
|    loss             | 0.000224 |
|    n_updates        | 10187    |
----------------------------------
----------------------------------
| rollout/            |          |
|    ep_len_mean      | 102      |
|    ep_rew_mean      | -0.681   |
|    exploration_rate | 0.05     |
| time/               |          |
|    episodes         | 508      |
|    fps              | 28       |
|    time_elapsed     | 1455     |
|    total_timesteps  | 41960    |
| train/              |          |
|    learning_rate    | 0.0005   |
|    loss             | 0.000391 |
|    n_updates        | 10239    |
----------------------------------
----------------------------------
| rollout/            |          |
|    ep_len_mean      | 102      |
|    ep_rew_mean      | -0.529   |
|    exploration_rate | 0.05     |
| time/               |          |
|    episodes         | 512      |
|    fps              | 29       |
|    time_elapsed     | 1461     |
|    total_timesteps  | 42446    |
| train/              |          |
|    learning_rate    | 0.0005   |
|    loss             | 0.000212 |
|    n_updates        | 10361    |
----------------------------------
----------------------------------
| rollout/            |          |
|    ep_len_mean      | 101      |
|    ep_rew_mean      | -1.38    |
|    exploration_rate | 0.05     |
| time/               |          |
|    episodes         | 516      |
|    fps              | 29       |
|    time_elapsed     | 1467     |
|    total_timesteps  | 42927    |
| train/              |          |
|    learning_rate    | 0.0005   |
|    loss             | 0.00923  |
|    n_updates        | 10481    |
----------------------------------
----------------------------------
| rollout/            |          |
|    ep_len_mean      | 101      |
|    ep_rew_mean      | -1.37    |
|    exploration_rate | 0.05     |
| time/               |          |
|    episodes         | 520      |
|    fps              | 29       |
|    time_elapsed     | 1471     |
|    total_timesteps  | 43223    |
| train/              |          |
|    learning_rate    | 0.0005   |
|    loss             | 0.0251   |
|    n_updates        | 10555    |
----------------------------------
----------------------------------
| rollout/            |          |
|    ep_len_mean      | 102      |
|    ep_rew_mean      | -1.08    |
|    exploration_rate | 0.05     |
| time/               |          |
|    episodes         | 524      |
|    fps              | 29       |
|    time_elapsed     | 1475     |
|    total_timesteps  | 43552    |
| train/              |          |
|    learning_rate    | 0.0005   |
|    loss             | 0.000383 |
|    n_updates        | 10637    |
----------------------------------
----------------------------------
| rollout/            |          |
|    ep_len_mean      | 99.7     |
|    ep_rew_mean      | -1.57    |
|    exploration_rate | 0.05     |
| time/               |          |
|    episodes         | 528      |
|    fps              | 29       |
|    time_elapsed     | 1486     |
|    total_timesteps  | 43820    |
| train/              |          |
|    learning_rate    | 0.0005   |
|    loss             | 0.000339 |
|    n_updates        | 10704    |
----------------------------------
----------------------------------
| rollout/            |          |
|    ep_len_mean      | 99.7     |
|    ep_rew_mean      | -1.6     |
|    exploration_rate | 0.05     |
| time/               |          |
|    episodes         | 532      |
|    fps              | 29       |
|    time_elapsed     | 1504     |
|    total_timesteps  | 44330    |
| train/              |          |
|    learning_rate    | 0.0005   |
|    loss             | 0.0254   |
|    n_updates        | 10832    |
----------------------------------
----------------------------------
| rollout/            |          |
|    ep_len_mean      | 98.3     |
|    ep_rew_mean      | -1.83    |
|    exploration_rate | 0.05     |
| time/               |          |
|    episodes         | 536      |
|    fps              | 29       |
|    time_elapsed     | 1515     |
|    total_timesteps  | 44612    |
| train/              |          |
|    learning_rate    | 0.0005   |
|    loss             | 0.0124   |
|    n_updates        | 10902    |
----------------------------------
[Eval @45000] R=0.6±3.7 CR=0.800 Spd=24.8 LC=1.8 SR=0.200
----------------------------------
| rollout/            |          |
|    ep_len_mean      | 101      |
|    ep_rew_mean      | -0.841   |
|    exploration_rate | 0.05     |
| time/               |          |
|    episodes         | 540      |
|    fps              | 28       |
|    time_elapsed     | 1583     |
|    total_timesteps  | 45235    |
| train/              |          |
|    learning_rate    | 0.0005   |
|    loss             | 0.0362   |
|    n_updates        | 11058    |
----------------------------------
----------------------------------
| rollout/            |          |
|    ep_len_mean      | 101      |
|    ep_rew_mean      | -0.767   |
|    exploration_rate | 0.05     |
| time/               |          |
|    episodes         | 544      |
|    fps              | 28       |
|    time_elapsed     | 1593     |
|    total_timesteps  | 45494    |
| train/              |          |
|    learning_rate    | 0.0005   |
|    loss             | 0.000619 |
|    n_updates        | 11123    |
----------------------------------
----------------------------------
| rollout/            |          |
|    ep_len_mean      | 101      |
|    ep_rew_mean      | -0.915   |
|    exploration_rate | 0.05     |
| time/               |          |
|    episodes         | 548      |
|    fps              | 28       |
|    time_elapsed     | 1612     |
|    total_timesteps  | 45977    |
| train/              |          |
|    learning_rate    | 0.0005   |
|    loss             | 0.0497   |
|    n_updates        | 11244    |
----------------------------------
----------------------------------
| rollout/            |          |
|    ep_len_mean      | 99.8     |
|    ep_rew_mean      | -1.22    |
|    exploration_rate | 0.05     |
| time/               |          |
|    episodes         | 552      |
|    fps              | 28       |
|    time_elapsed     | 1619     |
|    total_timesteps  | 46418    |
| train/              |          |
|    learning_rate    | 0.0005   |
|    loss             | 0.00103  |
|    n_updates        | 11354    |
----------------------------------
----------------------------------
| rollout/            |          |
|    ep_len_mean      | 99       |
|    ep_rew_mean      | -1.61    |
|    exploration_rate | 0.05     |
| time/               |          |
|    episodes         | 556      |
|    fps              | 28       |
|    time_elapsed     | 1636     |
|    total_timesteps  | 46845    |
| train/              |          |
|    learning_rate    | 0.0005   |
|    loss             | 0.00153  |
|    n_updates        | 11461    |
----------------------------------
----------------------------------
| rollout/            |          |
|    ep_len_mean      | 102      |
|    ep_rew_mean      | -0.875   |
|    exploration_rate | 0.05     |
| time/               |          |
|    episodes         | 560      |
|    fps              | 28       |
|    time_elapsed     | 1657     |
|    total_timesteps  | 47387    |
| train/              |          |
|    learning_rate    | 0.0005   |
|    loss             | 0.000398 |
|    n_updates        | 11596    |
----------------------------------
----------------------------------
| rollout/            |          |
|    ep_len_mean      | 102      |
|    ep_rew_mean      | -0.543   |
|    exploration_rate | 0.05     |
| time/               |          |
|    episodes         | 564      |
|    fps              | 28       |
|    time_elapsed     | 1678     |
|    total_timesteps  | 47908    |
| train/              |          |
|    learning_rate    | 0.0005   |
|    loss             | 0.00134  |
|    n_updates        | 11726    |
----------------------------------
----------------------------------
| rollout/            |          |
|    ep_len_mean      | 102      |
|    ep_rew_mean      | -0.682   |
|    exploration_rate | 0.05     |
| time/               |          |
|    episodes         | 568      |
|    fps              | 28       |
|    time_elapsed     | 1694     |
|    total_timesteps  | 48319    |
| train/              |          |
|    learning_rate    | 0.0005   |
|    loss             | 0.00236  |
|    n_updates        | 11829    |
----------------------------------
----------------------------------
| rollout/            |          |
|    ep_len_mean      | 102      |
|    ep_rew_mean      | -0.449   |
|    exploration_rate | 0.05     |
| time/               |          |
|    episodes         | 572      |
|    fps              | 28       |
|    time_elapsed     | 1715     |
|    total_timesteps  | 48848    |
| train/              |          |
|    learning_rate    | 0.0005   |
|    loss             | 0.00105  |
|    n_updates        | 11961    |
----------------------------------
----------------------------------
| rollout/            |          |
|    ep_len_mean      | 101      |
|    ep_rew_mean      | -0.904   |
|    exploration_rate | 0.05     |
| time/               |          |
|    episodes         | 576      |
|    fps              | 28       |
|    time_elapsed     | 1726     |
|    total_timesteps  | 49126    |
| train/              |          |
|    learning_rate    | 0.0005   |
|    loss             | 0.00205  |
|    n_updates        | 12031    |
----------------------------------
----------------------------------
| rollout/            |          |
|    ep_len_mean      | 99.5     |
|    ep_rew_mean      | -1.33    |
|    exploration_rate | 0.05     |
| time/               |          |
|    episodes         | 580      |
|    fps              | 28       |
|    time_elapsed     | 1741     |
|    total_timesteps  | 49516    |
| train/              |          |
|    learning_rate    | 0.0005   |
|    loss             | 0.000156 |
|    n_updates        | 12128    |
----------------------------------
----------------------------------
| rollout/            |          |
|    ep_len_mean      | 101      |
|    ep_rew_mean      | -0.968   |
|    exploration_rate | 0.05     |
| time/               |          |
|    episodes         | 584      |
|    fps              | 28       |
|    time_elapsed     | 1758     |
|    total_timesteps  | 49955    |
| train/              |          |
|    learning_rate    | 0.0005   |
|    loss             | 0.000224 |
|    n_updates        | 12238    |
----------------------------------
[Eval @50000] R=-0.1±4.0 CR=0.800 Spd=24.9 LC=1.0 SR=0.200
[DQN] Done. Model: ./logs/dqn/conservative/seed_789/final_model.zip
