[WARNING] GrayscaleImage not available, falling back to OccupancyGrid.
[DQN] reward=conservative seed=456 steps=50000 policy=MlpPolicy
[DQN] run_dir=./logs/dqn/conservative/seed_456
[WARNING] GrayscaleImage not available, falling back to OccupancyGrid.
[WARNING] GrayscaleImage not available, falling back to OccupancyGrid.
Using cpu device
Logging to ./logs/dqn/conservative/seed_456/dqn_conservative_seed456_1
----------------------------------
| rollout/            |          |
|    ep_len_mean      | 42.2     |
|    ep_rew_mean      | -28.9    |
|    exploration_rate | 0.989    |
| time/               |          |
|    episodes         | 4        |
|    fps              | 25       |
|    time_elapsed     | 6        |
|    total_timesteps  | 169      |
----------------------------------
----------------------------------
| rollout/            |          |
|    ep_len_mean      | 36.2     |
|    ep_rew_mean      | -28.2    |
|    exploration_rate | 0.982    |
| time/               |          |
|    episodes         | 8        |
|    fps              | 35       |
|    time_elapsed     | 8        |
|    total_timesteps  | 290      |
----------------------------------
----------------------------------
| rollout/            |          |
|    ep_len_mean      | 35.5     |
|    ep_rew_mean      | -27.8    |
|    exploration_rate | 0.973    |
| time/               |          |
|    episodes         | 12       |
|    fps              | 42       |
|    time_elapsed     | 9        |
|    total_timesteps  | 426      |
----------------------------------
----------------------------------
| rollout/            |          |
|    ep_len_mean      | 48.6     |
|    ep_rew_mean      | -31.1    |
|    exploration_rate | 0.951    |
| time/               |          |
|    episodes         | 16       |
|    fps              | 54       |
|    time_elapsed     | 14       |
|    total_timesteps  | 777      |
----------------------------------
----------------------------------
| rollout/            |          |
|    ep_len_mean      | 46.8     |
|    ep_rew_mean      | -31.1    |
|    exploration_rate | 0.941    |
| time/               |          |
|    episodes         | 20       |
|    fps              | 57       |
|    time_elapsed     | 16       |
|    total_timesteps  | 936      |
----------------------------------
----------------------------------
| rollout/            |          |
|    ep_len_mean      | 44.5     |
|    ep_rew_mean      | -30.6    |
|    exploration_rate | 0.932    |
| time/               |          |
|    episodes         | 24       |
|    fps              | 59       |
|    time_elapsed     | 17       |
|    total_timesteps  | 1068     |
| train/              |          |
|    learning_rate    | 0.0005   |
|    loss             | 0.00287  |
|    n_updates        | 16       |
----------------------------------
----------------------------------
| rollout/            |          |
|    ep_len_mean      | 43.2     |
|    ep_rew_mean      | -30.3    |
|    exploration_rate | 0.923    |
| time/               |          |
|    episodes         | 28       |
|    fps              | 56       |
|    time_elapsed     | 21       |
|    total_timesteps  | 1211     |
| train/              |          |
|    learning_rate    | 0.0005   |
|    loss             | 0.0487   |
|    n_updates        | 52       |
----------------------------------
----------------------------------
| rollout/            |          |
|    ep_len_mean      | 43.7     |
|    ep_rew_mean      | -30.1    |
|    exploration_rate | 0.911    |
| time/               |          |
|    episodes         | 32       |
|    fps              | 58       |
|    time_elapsed     | 23       |
|    total_timesteps  | 1399     |
| train/              |          |
|    learning_rate    | 0.0005   |
|    loss             | 0.142    |
|    n_updates        | 99       |
----------------------------------
----------------------------------
| rollout/            |          |
|    ep_len_mean      | 43.4     |
|    ep_rew_mean      | -30      |
|    exploration_rate | 0.901    |
| time/               |          |
|    episodes         | 36       |
|    fps              | 60       |
|    time_elapsed     | 25       |
|    total_timesteps  | 1563     |
| train/              |          |
|    learning_rate    | 0.0005   |
|    loss             | 0.05     |
|    n_updates        | 140      |
----------------------------------
----------------------------------
| rollout/            |          |
|    ep_len_mean      | 44.4     |
|    ep_rew_mean      | -30.2    |
|    exploration_rate | 0.888    |
| time/               |          |
|    episodes         | 40       |
|    fps              | 61       |
|    time_elapsed     | 28       |
|    total_timesteps  | 1775     |
| train/              |          |
|    learning_rate    | 0.0005   |
|    loss             | 0.0238   |
|    n_updates        | 193      |
----------------------------------
----------------------------------
| rollout/            |          |
|    ep_len_mean      | 48       |
|    ep_rew_mean      | -31.1    |
|    exploration_rate | 0.866    |
| time/               |          |
|    episodes         | 44       |
|    fps              | 64       |
|    time_elapsed     | 32       |
|    total_timesteps  | 2110     |
| train/              |          |
|    learning_rate    | 0.0005   |
|    loss             | 0.0381   |
|    n_updates        | 277      |
----------------------------------
----------------------------------
| rollout/            |          |
|    ep_len_mean      | 46.6     |
|    ep_rew_mean      | -30.5    |
|    exploration_rate | 0.858    |
| time/               |          |
|    episodes         | 48       |
|    fps              | 64       |
|    time_elapsed     | 34       |
|    total_timesteps  | 2236     |
| train/              |          |
|    learning_rate    | 0.0005   |
|    loss             | 0.0258   |
|    n_updates        | 308      |
----------------------------------
----------------------------------
| rollout/            |          |
|    ep_len_mean      | 46.2     |
|    ep_rew_mean      | -30.4    |
|    exploration_rate | 0.848    |
| time/               |          |
|    episodes         | 52       |
|    fps              | 65       |
|    time_elapsed     | 36       |
|    total_timesteps  | 2401     |
| train/              |          |
|    learning_rate    | 0.0005   |
|    loss             | 0.0517   |
|    n_updates        | 350      |
----------------------------------
----------------------------------
| rollout/            |          |
|    ep_len_mean      | 45.5     |
|    ep_rew_mean      | -30.2    |
|    exploration_rate | 0.839    |
| time/               |          |
|    episodes         | 56       |
|    fps              | 66       |
|    time_elapsed     | 38       |
|    total_timesteps  | 2547     |
| train/              |          |
|    learning_rate    | 0.0005   |
|    loss             | 0.067    |
|    n_updates        | 386      |
----------------------------------
----------------------------------
| rollout/            |          |
|    ep_len_mean      | 44.3     |
|    ep_rew_mean      | -29.9    |
|    exploration_rate | 0.832    |
| time/               |          |
|    episodes         | 60       |
|    fps              | 66       |
|    time_elapsed     | 40       |
|    total_timesteps  | 2658     |
| train/              |          |
|    learning_rate    | 0.0005   |
|    loss             | 0.00293  |
|    n_updates        | 414      |
----------------------------------
----------------------------------
| rollout/            |          |
|    ep_len_mean      | 44.8     |
|    ep_rew_mean      | -30      |
|    exploration_rate | 0.818    |
| time/               |          |
|    episodes         | 64       |
|    fps              | 63       |
|    time_elapsed     | 45       |
|    total_timesteps  | 2869     |
| train/              |          |
|    learning_rate    | 0.0005   |
|    loss             | 0.0356   |
|    n_updates        | 467      |
----------------------------------
----------------------------------
| rollout/            |          |
|    ep_len_mean      | 43.8     |
|    ep_rew_mean      | -29.6    |
|    exploration_rate | 0.811    |
| time/               |          |
|    episodes         | 68       |
|    fps              | 63       |
|    time_elapsed     | 46       |
|    total_timesteps  | 2977     |
| train/              |          |
|    learning_rate    | 0.0005   |
|    loss             | 0.0222   |
|    n_updates        | 494      |
----------------------------------
----------------------------------
| rollout/            |          |
|    ep_len_mean      | 44.4     |
|    ep_rew_mean      | -29.6    |
|    exploration_rate | 0.797    |
| time/               |          |
|    episodes         | 72       |
|    fps              | 64       |
|    time_elapsed     | 49       |
|    total_timesteps  | 3199     |
| train/              |          |
|    learning_rate    | 0.0005   |
|    loss             | 0.00399  |
|    n_updates        | 549      |
----------------------------------
----------------------------------
| rollout/            |          |
|    ep_len_mean      | 44.6     |
|    ep_rew_mean      | -29.6    |
|    exploration_rate | 0.785    |
| time/               |          |
|    episodes         | 76       |
|    fps              | 64       |
|    time_elapsed     | 52       |
|    total_timesteps  | 3389     |
| train/              |          |
|    learning_rate    | 0.0005   |
|    loss             | 0.025    |
|    n_updates        | 597      |
----------------------------------
----------------------------------
| rollout/            |          |
|    ep_len_mean      | 45.1     |
|    ep_rew_mean      | -29.7    |
|    exploration_rate | 0.772    |
| time/               |          |
|    episodes         | 80       |
|    fps              | 65       |
|    time_elapsed     | 54       |
|    total_timesteps  | 3605     |
| train/              |          |
|    learning_rate    | 0.0005   |
|    loss             | 0.0399   |
|    n_updates        | 651      |
----------------------------------
----------------------------------
| rollout/            |          |
|    ep_len_mean      | 44.8     |
|    ep_rew_mean      | -29.6    |
|    exploration_rate | 0.762    |
| time/               |          |
|    episodes         | 84       |
|    fps              | 66       |
|    time_elapsed     | 56       |
|    total_timesteps  | 3761     |
| train/              |          |
|    learning_rate    | 0.0005   |
|    loss             | 0.0941   |
|    n_updates        | 690      |
----------------------------------
----------------------------------
| rollout/            |          |
|    ep_len_mean      | 46.6     |
|    ep_rew_mean      | -29.7    |
|    exploration_rate | 0.74     |
| time/               |          |
|    episodes         | 88       |
|    fps              | 66       |
|    time_elapsed     | 61       |
|    total_timesteps  | 4099     |
| train/              |          |
|    learning_rate    | 0.0005   |
|    loss             | 0.114    |
|    n_updates        | 774      |
----------------------------------
----------------------------------
| rollout/            |          |
|    ep_len_mean      | 47       |
|    ep_rew_mean      | -29.6    |
|    exploration_rate | 0.726    |
| time/               |          |
|    episodes         | 92       |
|    fps              | 67       |
|    time_elapsed     | 64       |
|    total_timesteps  | 4323     |
| train/              |          |
|    learning_rate    | 0.0005   |
|    loss             | 0.0137   |
|    n_updates        | 830      |
----------------------------------
----------------------------------
| rollout/            |          |
|    ep_len_mean      | 48.2     |
|    ep_rew_mean      | -29.7    |
|    exploration_rate | 0.707    |
| time/               |          |
|    episodes         | 96       |
|    fps              | 67       |
|    time_elapsed     | 68       |
|    total_timesteps  | 4625     |
| train/              |          |
|    learning_rate    | 0.0005   |
|    loss             | 0.00276  |
|    n_updates        | 906      |
----------------------------------
----------------------------------
| rollout/            |          |
|    ep_len_mean      | 47.8     |
|    ep_rew_mean      | -29.5    |
|    exploration_rate | 0.697    |
| time/               |          |
|    episodes         | 100      |
|    fps              | 67       |
|    time_elapsed     | 70       |
|    total_timesteps  | 4782     |
| train/              |          |
|    learning_rate    | 0.0005   |
|    loss             | 0.00326  |
|    n_updates        | 945      |
----------------------------------
[Eval @5000] NEW BEST mean_reward=-1.220
[Eval @5000] R=-1.2±12.2 CR=0.400 Spd=23.5 LC=3.4 SR=0.600
----------------------------------
| rollout/            |          |
|    ep_len_mean      | 48.4     |
|    ep_rew_mean      | -29.6    |
|    exploration_rate | 0.683    |
| time/               |          |
|    episodes         | 104      |
|    fps              | 52       |
|    time_elapsed     | 94       |
|    total_timesteps  | 5009     |
| train/              |          |
|    learning_rate    | 0.0005   |
|    loss             | 0.0418   |
|    n_updates        | 1002     |
----------------------------------
----------------------------------
| rollout/            |          |
|    ep_len_mean      | 49.4     |
|    ep_rew_mean      | -29.5    |
|    exploration_rate | 0.669    |
| time/               |          |
|    episodes         | 108      |
|    fps              | 53       |
|    time_elapsed     | 97       |
|    total_timesteps  | 5231     |
| train/              |          |
|    learning_rate    | 0.0005   |
|    loss             | 0.00644  |
|    n_updates        | 1057     |
----------------------------------
----------------------------------
| rollout/            |          |
|    ep_len_mean      | 50.7     |
|    ep_rew_mean      | -29.7    |
|    exploration_rate | 0.652    |
| time/               |          |
|    episodes         | 112      |
|    fps              | 54       |
|    time_elapsed     | 101      |
|    total_timesteps  | 5498     |
| train/              |          |
|    learning_rate    | 0.0005   |
|    loss             | 0.0466   |
|    n_updates        | 1124     |
----------------------------------
----------------------------------
| rollout/            |          |
|    ep_len_mean      | 48.4     |
|    ep_rew_mean      | -29      |
|    exploration_rate | 0.644    |
| time/               |          |
|    episodes         | 116      |
|    fps              | 54       |
|    time_elapsed     | 102      |
|    total_timesteps  | 5616     |
| train/              |          |
|    learning_rate    | 0.0005   |
|    loss             | 0.00507  |
|    n_updates        | 1153     |
----------------------------------
----------------------------------
| rollout/            |          |
|    ep_len_mean      | 48.6     |
|    ep_rew_mean      | -28.8    |
|    exploration_rate | 0.633    |
| time/               |          |
|    episodes         | 120      |
|    fps              | 55       |
|    time_elapsed     | 104      |
|    total_timesteps  | 5792     |
| train/              |          |
|    learning_rate    | 0.0005   |
|    loss             | 0.242    |
|    n_updates        | 1197     |
----------------------------------
----------------------------------
| rollout/            |          |
|    ep_len_mean      | 49.3     |
|    ep_rew_mean      | -28.8    |
|    exploration_rate | 0.62     |
| time/               |          |
|    episodes         | 124      |
|    fps              | 55       |
|    time_elapsed     | 107      |
|    total_timesteps  | 6001     |
| train/              |          |
|    learning_rate    | 0.0005   |
|    loss             | 0.0315   |
|    n_updates        | 1250     |
----------------------------------
----------------------------------
| rollout/            |          |
|    ep_len_mean      | 51       |
|    ep_rew_mean      | -28.9    |
|    exploration_rate | 0.6      |
| time/               |          |
|    episodes         | 128      |
|    fps              | 56       |
|    time_elapsed     | 111      |
|    total_timesteps  | 6315     |
| train/              |          |
|    learning_rate    | 0.0005   |
|    loss             | 0.00781  |
|    n_updates        | 1328     |
----------------------------------
----------------------------------
| rollout/            |          |
|    ep_len_mean      | 51.4     |
|    ep_rew_mean      | -28.9    |
|    exploration_rate | 0.586    |
| time/               |          |
|    episodes         | 132      |
|    fps              | 57       |
|    time_elapsed     | 114      |
|    total_timesteps  | 6534     |
| train/              |          |
|    learning_rate    | 0.0005   |
|    loss             | 0.023    |
|    n_updates        | 1383     |
----------------------------------
----------------------------------
| rollout/            |          |
|    ep_len_mean      | 51.5     |
|    ep_rew_mean      | -28.8    |
|    exploration_rate | 0.575    |
| time/               |          |
|    episodes         | 136      |
|    fps              | 57       |
|    time_elapsed     | 116      |
|    total_timesteps  | 6717     |
| train/              |          |
|    learning_rate    | 0.0005   |
|    loss             | 0.00133  |
|    n_updates        | 1429     |
----------------------------------
----------------------------------
| rollout/            |          |
|    ep_len_mean      | 50.7     |
|    ep_rew_mean      | -28.4    |
|    exploration_rate | 0.567    |
| time/               |          |
|    episodes         | 140      |
|    fps              | 57       |
|    time_elapsed     | 118      |
|    total_timesteps  | 6841     |
| train/              |          |
|    learning_rate    | 0.0005   |
|    loss             | 0.0154   |
|    n_updates        | 1460     |
----------------------------------
----------------------------------
| rollout/            |          |
|    ep_len_mean      | 48       |
|    ep_rew_mean      | -27.7    |
|    exploration_rate | 0.562    |
| time/               |          |
|    episodes         | 144      |
|    fps              | 57       |
|    time_elapsed     | 119      |
|    total_timesteps  | 6913     |
| train/              |          |
|    learning_rate    | 0.0005   |
|    loss             | 0.00177  |
|    n_updates        | 1478     |
----------------------------------
----------------------------------
| rollout/            |          |
|    ep_len_mean      | 49.9     |
|    ep_rew_mean      | -28      |
|    exploration_rate | 0.542    |
| time/               |          |
|    episodes         | 148      |
|    fps              | 58       |
|    time_elapsed     | 123      |
|    total_timesteps  | 7230     |
| train/              |          |
|    learning_rate    | 0.0005   |
|    loss             | 0.00117  |
|    n_updates        | 1557     |
----------------------------------
----------------------------------
| rollout/            |          |
|    ep_len_mean      | 50.3     |
|    ep_rew_mean      | -27.9    |
|    exploration_rate | 0.53     |
| time/               |          |
|    episodes         | 152      |
|    fps              | 58       |
|    time_elapsed     | 126      |
|    total_timesteps  | 7427     |
| train/              |          |
|    learning_rate    | 0.0005   |
|    loss             | 0.0223   |
|    n_updates        | 1606     |
----------------------------------
----------------------------------
| rollout/            |          |
|    ep_len_mean      | 53.5     |
|    ep_rew_mean      | -28      |
|    exploration_rate | 0.5      |
| time/               |          |
|    episodes         | 156      |
|    fps              | 59       |
|    time_elapsed     | 132      |
|    total_timesteps  | 7902     |
| train/              |          |
|    learning_rate    | 0.0005   |
|    loss             | 0.00355  |
|    n_updates        | 1725     |
----------------------------------
----------------------------------
| rollout/            |          |
|    ep_len_mean      | 53.9     |
|    ep_rew_mean      | -28      |
|    exploration_rate | 0.49     |
| time/               |          |
|    episodes         | 160      |
|    fps              | 59       |
|    time_elapsed     | 134      |
|    total_timesteps  | 8045     |
| train/              |          |
|    learning_rate    | 0.0005   |
|    loss             | 0.00551  |
|    n_updates        | 1761     |
----------------------------------
----------------------------------
| rollout/            |          |
|    ep_len_mean      | 53.9     |
|    ep_rew_mean      | -27.7    |
|    exploration_rate | 0.477    |
| time/               |          |
|    episodes         | 164      |
|    fps              | 60       |
|    time_elapsed     | 137      |
|    total_timesteps  | 8263     |
| train/              |          |
|    learning_rate    | 0.0005   |
|    loss             | 0.0457   |
|    n_updates        | 1815     |
----------------------------------
----------------------------------
| rollout/            |          |
|    ep_len_mean      | 56.3     |
|    ep_rew_mean      | -27.9    |
|    exploration_rate | 0.455    |
| time/               |          |
|    episodes         | 168      |
|    fps              | 60       |
|    time_elapsed     | 141      |
|    total_timesteps  | 8607     |
| train/              |          |
|    learning_rate    | 0.0005   |
|    loss             | 0.00919  |
|    n_updates        | 1901     |
----------------------------------
----------------------------------
| rollout/            |          |
|    ep_len_mean      | 56.1     |
|    ep_rew_mean      | -27.7    |
|    exploration_rate | 0.442    |
| time/               |          |
|    episodes         | 172      |
|    fps              | 60       |
|    time_elapsed     | 144      |
|    total_timesteps  | 8805     |
| train/              |          |
|    learning_rate    | 0.0005   |
|    loss             | 0.0675   |
|    n_updates        | 1951     |
----------------------------------
----------------------------------
| rollout/            |          |
|    ep_len_mean      | 56.9     |
|    ep_rew_mean      | -27.3    |
|    exploration_rate | 0.425    |
| time/               |          |
|    episodes         | 176      |
|    fps              | 61       |
|    time_elapsed     | 148      |
|    total_timesteps  | 9075     |
| train/              |          |
|    learning_rate    | 0.0005   |
|    loss             | 0.0317   |
|    n_updates        | 2018     |
----------------------------------
----------------------------------
| rollout/            |          |
|    ep_len_mean      | 57       |
|    ep_rew_mean      | -26.9    |
|    exploration_rate | 0.411    |
| time/               |          |
|    episodes         | 180      |
|    fps              | 61       |
|    time_elapsed     | 151      |
|    total_timesteps  | 9300     |
| train/              |          |
|    learning_rate    | 0.0005   |
|    loss             | 0.00337  |
|    n_updates        | 2074     |
----------------------------------
----------------------------------
| rollout/            |          |
|    ep_len_mean      | 56.8     |
|    ep_rew_mean      | -26.6    |
|    exploration_rate | 0.402    |
| time/               |          |
|    episodes         | 184      |
|    fps              | 61       |
|    time_elapsed     | 153      |
|    total_timesteps  | 9445     |
| train/              |          |
|    learning_rate    | 0.0005   |
|    loss             | 0.0554   |
|    n_updates        | 2111     |
----------------------------------
----------------------------------
| rollout/            |          |
|    ep_len_mean      | 56.5     |
|    ep_rew_mean      | -26.1    |
|    exploration_rate | 0.383    |
| time/               |          |
|    episodes         | 188      |
|    fps              | 61       |
|    time_elapsed     | 157      |
|    total_timesteps  | 9746     |
| train/              |          |
|    learning_rate    | 0.0005   |
|    loss             | 0.00272  |
|    n_updates        | 2186     |
----------------------------------
[Eval @10000] NEW BEST mean_reward=3.170
[Eval @10000] R=3.2±4.2 CR=0.300 Spd=22.5 LC=1.5 SR=0.700
----------------------------------
| rollout/            |          |
|    ep_len_mean      | 57.9     |
|    ep_rew_mean      | -25.8    |
|    exploration_rate | 0.36     |
| time/               |          |
|    episodes         | 192      |
|    fps              | 55       |
|    time_elapsed     | 182      |
|    total_timesteps  | 10112    |
| train/              |          |
|    learning_rate    | 0.0005   |
|    loss             | 0.00711  |
|    n_updates        | 2277     |
----------------------------------
----------------------------------
| rollout/            |          |
|    ep_len_mean      | 55.7     |
|    ep_rew_mean      | -25.3    |
|    exploration_rate | 0.355    |
| time/               |          |
|    episodes         | 196      |
|    fps              | 54       |
|    time_elapsed     | 185      |
|    total_timesteps  | 10192    |
| train/              |          |
|    learning_rate    | 0.0005   |
|    loss             | 0.00256  |
|    n_updates        | 2297     |
----------------------------------
----------------------------------
| rollout/            |          |
|    ep_len_mean      | 56.8     |
|    ep_rew_mean      | -25.1    |
|    exploration_rate | 0.337    |
| time/               |          |
|    episodes         | 200      |
|    fps              | 55       |
|    time_elapsed     | 189      |
|    total_timesteps  | 10462    |
| train/              |          |
|    learning_rate    | 0.0005   |
|    loss             | 0.0474   |
|    n_updates        | 2365     |
----------------------------------
----------------------------------
| rollout/            |          |
|    ep_len_mean      | 58.5     |
|    ep_rew_mean      | -24.8    |
|    exploration_rate | 0.312    |
| time/               |          |
|    episodes         | 204      |
|    fps              | 55       |
|    time_elapsed     | 195      |
|    total_timesteps  | 10861    |
| train/              |          |
|    learning_rate    | 0.0005   |
|    loss             | 0.0016   |
|    n_updates        | 2465     |
----------------------------------
----------------------------------
| rollout/            |          |
|    ep_len_mean      | 60.2     |
|    ep_rew_mean      | -24.5    |
|    exploration_rate | 0.287    |
| time/               |          |
|    episodes         | 208      |
|    fps              | 54       |
|    time_elapsed     | 207      |
|    total_timesteps  | 11255    |
| train/              |          |
|    learning_rate    | 0.0005   |
|    loss             | 0.00194  |
|    n_updates        | 2563     |
----------------------------------
----------------------------------
| rollout/            |          |
|    ep_len_mean      | 59.4     |
|    ep_rew_mean      | -23.9    |
|    exploration_rate | 0.276    |
| time/               |          |
|    episodes         | 212      |
|    fps              | 54       |
|    time_elapsed     | 209      |
|    total_timesteps  | 11439    |
| train/              |          |
|    learning_rate    | 0.0005   |
|    loss             | 0.0304   |
|    n_updates        | 2609     |
----------------------------------
----------------------------------
| rollout/            |          |
|    ep_len_mean      | 60.1     |
|    ep_rew_mean      | -23.8    |
|    exploration_rate | 0.264    |
| time/               |          |
|    episodes         | 216      |
|    fps              | 54       |
|    time_elapsed     | 212      |
|    total_timesteps  | 11625    |
| train/              |          |
|    learning_rate    | 0.0005   |
|    loss             | 0.00182  |
|    n_updates        | 2656     |
----------------------------------
----------------------------------
| rollout/            |          |
|    ep_len_mean      | 60.2     |
|    ep_rew_mean      | -23.6    |
|    exploration_rate | 0.252    |
| time/               |          |
|    episodes         | 220      |
|    fps              | 55       |
|    time_elapsed     | 214      |
|    total_timesteps  | 11815    |
| train/              |          |
|    learning_rate    | 0.0005   |
|    loss             | 0.00232  |
|    n_updates        | 2703     |
----------------------------------
----------------------------------
| rollout/            |          |
|    ep_len_mean      | 59.5     |
|    ep_rew_mean      | -23.3    |
|    exploration_rate | 0.243    |
| time/               |          |
|    episodes         | 224      |
|    fps              | 54       |
|    time_elapsed     | 217      |
|    total_timesteps  | 11952    |
| train/              |          |
|    learning_rate    | 0.0005   |
|    loss             | 0.021    |
|    n_updates        | 2737     |
----------------------------------
----------------------------------
| rollout/            |          |
|    ep_len_mean      | 60.1     |
|    ep_rew_mean      | -22.8    |
|    exploration_rate | 0.219    |
| time/               |          |
|    episodes         | 228      |
|    fps              | 55       |
|    time_elapsed     | 222      |
|    total_timesteps  | 12329    |
| train/              |          |
|    learning_rate    | 0.0005   |
|    loss             | 0.00368  |
|    n_updates        | 2832     |
----------------------------------
----------------------------------
| rollout/            |          |
|    ep_len_mean      | 60.8     |
|    ep_rew_mean      | -22.1    |
|    exploration_rate | 0.201    |
| time/               |          |
|    episodes         | 232      |
|    fps              | 55       |
|    time_elapsed     | 226      |
|    total_timesteps  | 12609    |
| train/              |          |
|    learning_rate    | 0.0005   |
|    loss             | 0.0131   |
|    n_updates        | 2902     |
----------------------------------
----------------------------------
| rollout/            |          |
|    ep_len_mean      | 62       |
|    ep_rew_mean      | -21.7    |
|    exploration_rate | 0.182    |
| time/               |          |
|    episodes         | 236      |
|    fps              | 55       |
|    time_elapsed     | 233      |
|    total_timesteps  | 12915    |
| train/              |          |
|    learning_rate    | 0.0005   |
|    loss             | 0.044    |
|    n_updates        | 2978     |
----------------------------------
----------------------------------
| rollout/            |          |
|    ep_len_mean      | 64.7     |
|    ep_rew_mean      | -21.2    |
|    exploration_rate | 0.157    |
| time/               |          |
|    episodes         | 240      |
|    fps              | 53       |
|    time_elapsed     | 248      |
|    total_timesteps  | 13306    |
| train/              |          |
|    learning_rate    | 0.0005   |
|    loss             | 0.00551  |
|    n_updates        | 3076     |
----------------------------------
----------------------------------
| rollout/            |          |
|    ep_len_mean      | 68.1     |
|    ep_rew_mean      | -20.6    |
|    exploration_rate | 0.131    |
| time/               |          |
|    episodes         | 244      |
|    fps              | 52       |
|    time_elapsed     | 260      |
|    total_timesteps  | 13721    |
| train/              |          |
|    learning_rate    | 0.0005   |
|    loss             | 0.0516   |
|    n_updates        | 3180     |
----------------------------------
----------------------------------
| rollout/            |          |
|    ep_len_mean      | 70.1     |
|    ep_rew_mean      | -19.5    |
|    exploration_rate | 0.0983   |
| time/               |          |
|    episodes         | 248      |
|    fps              | 53       |
|    time_elapsed     | 267      |
|    total_timesteps  | 14237    |
| train/              |          |
|    learning_rate    | 0.0005   |
|    loss             | 0.0591   |
|    n_updates        | 3309     |
----------------------------------
----------------------------------
| rollout/            |          |
|    ep_len_mean      | 72.7     |
|    ep_rew_mean      | -18.6    |
|    exploration_rate | 0.0692   |
| time/               |          |
|    episodes         | 252      |
|    fps              | 53       |
|    time_elapsed     | 273      |
|    total_timesteps  | 14697    |
| train/              |          |
|    learning_rate    | 0.0005   |
|    loss             | 0.0544   |
|    n_updates        | 3424     |
----------------------------------
[Eval @15000] R=-3.0±0.5 CR=1.000 Spd=25.7 LC=2.9 SR=0.000
----------------------------------
| rollout/            |          |
|    ep_len_mean      | 71.2     |
|    ep_rew_mean      | -17.8    |
|    exploration_rate | 0.05     |
| time/               |          |
|    episodes         | 256      |
|    fps              | 51       |
|    time_elapsed     | 293      |
|    total_timesteps  | 15019    |
| train/              |          |
|    learning_rate    | 0.0005   |
|    loss             | 0.1      |
|    n_updates        | 3504     |
----------------------------------
----------------------------------
| rollout/            |          |
|    ep_len_mean      | 76       |
|    ep_rew_mean      | -16.3    |
|    exploration_rate | 0.05     |
| time/               |          |
|    episodes         | 260      |
|    fps              | 49       |
|    time_elapsed     | 317      |
|    total_timesteps  | 15642    |
| train/              |          |
|    learning_rate    | 0.0005   |
|    loss             | 0.00274  |
|    n_updates        | 3660     |
----------------------------------
----------------------------------
| rollout/            |          |
|    ep_len_mean      | 77       |
|    ep_rew_mean      | -15.6    |
|    exploration_rate | 0.05     |
| time/               |          |
|    episodes         | 264      |
|    fps              | 48       |
|    time_elapsed     | 330      |
|    total_timesteps  | 15959    |
| train/              |          |
|    learning_rate    | 0.0005   |
|    loss             | 0.00107  |
|    n_updates        | 3739     |
----------------------------------
----------------------------------
| rollout/            |          |
|    ep_len_mean      | 77.1     |
|    ep_rew_mean      | -14.6    |
|    exploration_rate | 0.05     |
| time/               |          |
|    episodes         | 268      |
|    fps              | 47       |
|    time_elapsed     | 344      |
|    total_timesteps  | 16316    |
| train/              |          |
|    learning_rate    | 0.0005   |
|    loss             | 0.027    |
|    n_updates        | 3828     |
----------------------------------
----------------------------------
| rollout/            |          |
|    ep_len_mean      | 78.3     |
|    ep_rew_mean      | -14      |
|    exploration_rate | 0.05     |
| time/               |          |
|    episodes         | 272      |
|    fps              | 46       |
|    time_elapsed     | 356      |
|    total_timesteps  | 16633    |
| train/              |          |
|    learning_rate    | 0.0005   |
|    loss             | 0.0365   |
|    n_updates        | 3908     |
----------------------------------
----------------------------------
| rollout/            |          |
|    ep_len_mean      | 80.6     |
|    ep_rew_mean      | -13.3    |
|    exploration_rate | 0.05     |
| time/               |          |
|    episodes         | 276      |
|    fps              | 45       |
|    time_elapsed     | 376      |
|    total_timesteps  | 17137    |
| train/              |          |
|    learning_rate    | 0.0005   |
|    loss             | 0.000703 |
|    n_updates        | 4034     |
----------------------------------
----------------------------------
| rollout/            |          |
|    ep_len_mean      | 83.2     |
|    ep_rew_mean      | -12.4    |
|    exploration_rate | 0.05     |
| time/               |          |
|    episodes         | 280      |
|    fps              | 44       |
|    time_elapsed     | 395      |
|    total_timesteps  | 17622    |
| train/              |          |
|    learning_rate    | 0.0005   |
|    loss             | 0.00633  |
|    n_updates        | 4155     |
----------------------------------
----------------------------------
| rollout/            |          |
|    ep_len_mean      | 84.3     |
|    ep_rew_mean      | -12.1    |
|    exploration_rate | 0.05     |
| time/               |          |
|    episodes         | 284      |
|    fps              | 44       |
|    time_elapsed     | 405      |
|    total_timesteps  | 17875    |
| train/              |          |
|    learning_rate    | 0.0005   |
|    loss             | 0.00162  |
|    n_updates        | 4218     |
----------------------------------
----------------------------------
| rollout/            |          |
|    ep_len_mean      | 85.8     |
|    ep_rew_mean      | -11.3    |
|    exploration_rate | 0.05     |
| time/               |          |
|    episodes         | 288      |
|    fps              | 43       |
|    time_elapsed     | 423      |
|    total_timesteps  | 18327    |
| train/              |          |
|    learning_rate    | 0.0005   |
|    loss             | 0.000776 |
|    n_updates        | 4331     |
----------------------------------
----------------------------------
| rollout/            |          |
|    ep_len_mean      | 87.2     |
|    ep_rew_mean      | -10.3    |
|    exploration_rate | 0.05     |
| time/               |          |
|    episodes         | 292      |
|    fps              | 42       |
|    time_elapsed     | 443      |
|    total_timesteps  | 18834    |
| train/              |          |
|    learning_rate    | 0.0005   |
|    loss             | 0.023    |
|    n_updates        | 4458     |
----------------------------------
----------------------------------
| rollout/            |          |
|    ep_len_mean      | 87.8     |
|    ep_rew_mean      | -10.1    |
|    exploration_rate | 0.05     |
| time/               |          |
|    episodes         | 296      |
|    fps              | 42       |
|    time_elapsed     | 448      |
|    total_timesteps  | 18970    |
| train/              |          |
|    learning_rate    | 0.0005   |
|    loss             | 0.00132  |
|    n_updates        | 4492     |
----------------------------------
----------------------------------
| rollout/            |          |
|    ep_len_mean      | 89.7     |
|    ep_rew_mean      | -9.14    |
|    exploration_rate | 0.05     |
| time/               |          |
|    episodes         | 300      |
|    fps              | 41       |
|    time_elapsed     | 466      |
|    total_timesteps  | 19430    |
| train/              |          |
|    learning_rate    | 0.0005   |
|    loss             | 0.000555 |
|    n_updates        | 4607     |
----------------------------------
----------------------------------
| rollout/            |          |
|    ep_len_mean      | 89.4     |
|    ep_rew_mean      | -8.49    |
|    exploration_rate | 0.05     |
| time/               |          |
|    episodes         | 304      |
|    fps              | 41       |
|    time_elapsed     | 481      |
|    total_timesteps  | 19804    |
| train/              |          |
|    learning_rate    | 0.0005   |
|    loss             | 0.00244  |
|    n_updates        | 4700     |
----------------------------------
[Eval @20000] R=-0.8±3.5 CR=0.800 Spd=25.2 LC=1.0 SR=0.200
----------------------------------
| rollout/            |          |
|    ep_len_mean      | 89.5     |
|    ep_rew_mean      | -7.78    |
|    exploration_rate | 0.05     |
| time/               |          |
|    episodes         | 308      |
|    fps              | 37       |
|    time_elapsed     | 533      |
|    total_timesteps  | 20208    |
| train/              |          |
|    learning_rate    | 0.0005   |
|    loss             | 0.0306   |
|    n_updates        | 4801     |
----------------------------------
----------------------------------
| rollout/            |          |
|    ep_len_mean      | 90.1     |
|    ep_rew_mean      | -7.62    |
|    exploration_rate | 0.05     |
| time/               |          |
|    episodes         | 312      |
|    fps              | 37       |
|    time_elapsed     | 543      |
|    total_timesteps  | 20446    |
| train/              |          |
|    learning_rate    | 0.0005   |
|    loss             | 0.000695 |
|    n_updates        | 4861     |
----------------------------------
----------------------------------
| rollout/            |          |
|    ep_len_mean      | 90.8     |
|    ep_rew_mean      | -7.32    |
|    exploration_rate | 0.05     |
| time/               |          |
|    episodes         | 316      |
|    fps              | 37       |
|    time_elapsed     | 553      |
|    total_timesteps  | 20700    |
| train/              |          |
|    learning_rate    | 0.0005   |
|    loss             | 0.00582  |
|    n_updates        | 4924     |
----------------------------------
----------------------------------
| rollout/            |          |
|    ep_len_mean      | 94.7     |
|    ep_rew_mean      | -6.18    |
|    exploration_rate | 0.05     |
| time/               |          |
|    episodes         | 320      |
|    fps              | 36       |
|    time_elapsed     | 576      |
|    total_timesteps  | 21282    |
| train/              |          |
|    learning_rate    | 0.0005   |
|    loss             | 0.00102  |
|    n_updates        | 5070     |
----------------------------------
----------------------------------
| rollout/            |          |
|    ep_len_mean      | 97.3     |
|    ep_rew_mean      | -5.48    |
|    exploration_rate | 0.05     |
| time/               |          |
|    episodes         | 324      |
|    fps              | 36       |
|    time_elapsed     | 592      |
|    total_timesteps  | 21687    |
| train/              |          |
|    learning_rate    | 0.0005   |
|    loss             | 0.00661  |
|    n_updates        | 5171     |
----------------------------------
----------------------------------
| rollout/            |          |
|    ep_len_mean      | 97.2     |
|    ep_rew_mean      | -4.88    |
|    exploration_rate | 0.05     |
| time/               |          |
|    episodes         | 328      |
|    fps              | 36       |
|    time_elapsed     | 596      |
|    total_timesteps  | 22051    |
| train/              |          |
|    learning_rate    | 0.0005   |
|    loss             | 0.000497 |
|    n_updates        | 5262     |
----------------------------------
----------------------------------
| rollout/            |          |
|    ep_len_mean      | 99.7     |
|    ep_rew_mean      | -4.12    |
|    exploration_rate | 0.05     |
| time/               |          |
|    episodes         | 332      |
|    fps              | 37       |
|    time_elapsed     | 603      |
|    total_timesteps  | 22580    |
| train/              |          |
|    learning_rate    | 0.0005   |
|    loss             | 0.0435   |
|    n_updates        | 5394     |
----------------------------------
----------------------------------
| rollout/            |          |
|    ep_len_mean      | 101      |
|    ep_rew_mean      | -3.11    |
|    exploration_rate | 0.05     |
| time/               |          |
|    episodes         | 336      |
|    fps              | 37       |
|    time_elapsed     | 609      |
|    total_timesteps  | 23056    |
| train/              |          |
|    learning_rate    | 0.0005   |
|    loss             | 0.000985 |
|    n_updates        | 5513     |
----------------------------------
----------------------------------
| rollout/            |          |
|    ep_len_mean      | 101      |
|    ep_rew_mean      | -2.96    |
|    exploration_rate | 0.05     |
| time/               |          |
|    episodes         | 340      |
|    fps              | 38       |
|    time_elapsed     | 614      |
|    total_timesteps  | 23402    |
| train/              |          |
|    learning_rate    | 0.0005   |
|    loss             | 0.00257  |
|    n_updates        | 5600     |
----------------------------------
----------------------------------
| rollout/            |          |
|    ep_len_mean      | 100      |
|    ep_rew_mean      | -3.03    |
|    exploration_rate | 0.05     |
| time/               |          |
|    episodes         | 344      |
|    fps              | 38       |
|    time_elapsed     | 618      |
|    total_timesteps  | 23732    |
| train/              |          |
|    learning_rate    | 0.0005   |
|    loss             | 0.0118   |
|    n_updates        | 5682     |
----------------------------------
----------------------------------
| rollout/            |          |
|    ep_len_mean      | 97.9     |
|    ep_rew_mean      | -3.19    |
|    exploration_rate | 0.05     |
| time/               |          |
|    episodes         | 348      |
|    fps              | 38       |
|    time_elapsed     | 622      |
|    total_timesteps  | 24028    |
| train/              |          |
|    learning_rate    | 0.0005   |
|    loss             | 0.00032  |
|    n_updates        | 5756     |
----------------------------------
----------------------------------
| rollout/            |          |
|    ep_len_mean      | 99.3     |
|    ep_rew_mean      | -2.8     |
|    exploration_rate | 0.05     |
| time/               |          |
|    episodes         | 352      |
|    fps              | 39       |
|    time_elapsed     | 630      |
|    total_timesteps  | 24626    |
| train/              |          |
|    learning_rate    | 0.0005   |
|    loss             | 0.00395  |
|    n_updates        | 5906     |
----------------------------------
[Eval @25000] R=1.5±4.6 CR=0.600 Spd=23.9 LC=0.7 SR=0.400
----------------------------------
| rollout/            |          |
|    ep_len_mean      | 101      |
|    ep_rew_mean      | -2.22    |
|    exploration_rate | 0.05     |
| time/               |          |
|    episodes         | 356      |
|    fps              | 37       |
|    time_elapsed     | 674      |
|    total_timesteps  | 25088    |
| train/              |          |
|    learning_rate    | 0.0005   |
|    loss             | 0.00137  |
|    n_updates        | 6021     |
----------------------------------
----------------------------------
| rollout/            |          |
|    ep_len_mean      | 97.6     |
|    ep_rew_mean      | -3.23    |
|    exploration_rate | 0.05     |
| time/               |          |
|    episodes         | 360      |
|    fps              | 37       |
|    time_elapsed     | 678      |
|    total_timesteps  | 25401    |
| train/              |          |
|    learning_rate    | 0.0005   |
|    loss             | 0.000394 |
|    n_updates        | 6100     |
----------------------------------
----------------------------------
| rollout/            |          |
|    ep_len_mean      | 96.8     |
|    ep_rew_mean      | -3.48    |
|    exploration_rate | 0.05     |
| time/               |          |
|    episodes         | 364      |
|    fps              | 37       |
|    time_elapsed     | 681      |
|    total_timesteps  | 25634    |
| train/              |          |
|    learning_rate    | 0.0005   |
|    loss             | 0.00117  |
|    n_updates        | 6158     |
----------------------------------
----------------------------------
| rollout/            |          |
|    ep_len_mean      | 96       |
|    ep_rew_mean      | -3.75    |
|    exploration_rate | 0.05     |
| time/               |          |
|    episodes         | 368      |
|    fps              | 37       |
|    time_elapsed     | 685      |
|    total_timesteps  | 25919    |
| train/              |          |
|    learning_rate    | 0.0005   |
|    loss             | 0.00538  |
|    n_updates        | 6229     |
----------------------------------
----------------------------------
| rollout/            |          |
|    ep_len_mean      | 96       |
|    ep_rew_mean      | -3.58    |
|    exploration_rate | 0.05     |
| time/               |          |
|    episodes         | 372      |
|    fps              | 38       |
|    time_elapsed     | 689      |
|    total_timesteps  | 26235    |
| train/              |          |
|    learning_rate    | 0.0005   |
|    loss             | 0.000367 |
|    n_updates        | 6308     |
----------------------------------
----------------------------------
| rollout/            |          |
|    ep_len_mean      | 94.6     |
|    ep_rew_mean      | -3.59    |
|    exploration_rate | 0.05     |
| time/               |          |
|    episodes         | 376      |
|    fps              | 37       |
|    time_elapsed     | 703      |
|    total_timesteps  | 26600    |
| train/              |          |
|    learning_rate    | 0.0005   |
|    loss             | 0.000467 |
|    n_updates        | 6399     |
----------------------------------
----------------------------------
| rollout/            |          |
|    ep_len_mean      | 92.7     |
|    ep_rew_mean      | -3.98    |
|    exploration_rate | 0.05     |
| time/               |          |
|    episodes         | 380      |
|    fps              | 37       |
|    time_elapsed     | 710      |
|    total_timesteps  | 26895    |
| train/              |          |
|    learning_rate    | 0.0005   |
|    loss             | 0.000708 |
|    n_updates        | 6473     |
----------------------------------
----------------------------------
| rollout/            |          |
|    ep_len_mean      | 96.1     |
|    ep_rew_mean      | -3.23    |
|    exploration_rate | 0.05     |
| time/               |          |
|    episodes         | 384      |
|    fps              | 38       |
|    time_elapsed     | 717      |
|    total_timesteps  | 27484    |
| train/              |          |
|    learning_rate    | 0.0005   |
|    loss             | 0.00183  |
|    n_updates        | 6620     |
----------------------------------
----------------------------------
| rollout/            |          |
|    ep_len_mean      | 97       |
|    ep_rew_mean      | -2.82    |
|    exploration_rate | 0.05     |
| time/               |          |
|    episodes         | 388      |
|    fps              | 38       |
|    time_elapsed     | 727      |
|    total_timesteps  | 28026    |
| train/              |          |
|    learning_rate    | 0.0005   |
|    loss             | 0.000729 |
|    n_updates        | 6756     |
----------------------------------
----------------------------------
| rollout/            |          |
|    ep_len_mean      | 97.3     |
|    ep_rew_mean      | -2.99    |
|    exploration_rate | 0.05     |
| time/               |          |
|    episodes         | 392      |
|    fps              | 38       |
|    time_elapsed     | 735      |
|    total_timesteps  | 28568    |
| train/              |          |
|    learning_rate    | 0.0005   |
|    loss             | 0.000413 |
|    n_updates        | 6891     |
----------------------------------
----------------------------------
| rollout/            |          |
|    ep_len_mean      | 99.3     |
|    ep_rew_mean      | -2.74    |
|    exploration_rate | 0.05     |
| time/               |          |
|    episodes         | 396      |
|    fps              | 39       |
|    time_elapsed     | 740      |
|    total_timesteps  | 28905    |
| train/              |          |
|    learning_rate    | 0.0005   |
|    loss             | 0.000336 |
|    n_updates        | 6976     |
----------------------------------
----------------------------------
| rollout/            |          |
|    ep_len_mean      | 102      |
|    ep_rew_mean      | -2.24    |
|    exploration_rate | 0.05     |
| time/               |          |
|    episodes         | 400      |
|    fps              | 39       |
|    time_elapsed     | 749      |
|    total_timesteps  | 29626    |
| train/              |          |
|    learning_rate    | 0.0005   |
|    loss             | 0.00541  |
|    n_updates        | 7156     |
----------------------------------
----------------------------------
| rollout/            |          |
|    ep_len_mean      | 102      |
|    ep_rew_mean      | -2.15    |
|    exploration_rate | 0.05     |
| time/               |          |
|    episodes         | 404      |
|    fps              | 39       |
|    time_elapsed     | 753      |
|    total_timesteps  | 29964    |
| train/              |          |
|    learning_rate    | 0.0005   |
|    loss             | 0.0459   |
|    n_updates        | 7240     |
----------------------------------
[Eval @30000] R=-0.6±3.9 CR=0.800 Spd=24.6 LC=0.9 SR=0.200
----------------------------------
| rollout/            |          |
|    ep_len_mean      | 99.4     |
|    ep_rew_mean      | -2.66    |
|    exploration_rate | 0.05     |
| time/               |          |
|    episodes         | 408      |
|    fps              | 39       |
|    time_elapsed     | 767      |
|    total_timesteps  | 30147    |
| train/              |          |
|    learning_rate    | 0.0005   |
|    loss             | 0.00167  |
|    n_updates        | 7286     |
----------------------------------
----------------------------------
| rollout/            |          |
|    ep_len_mean      | 101      |
|    ep_rew_mean      | -2.06    |
|    exploration_rate | 0.05     |
| time/               |          |
|    episodes         | 412      |
|    fps              | 39       |
|    time_elapsed     | 772      |
|    total_timesteps  | 30561    |
| train/              |          |
|    learning_rate    | 0.0005   |
|    loss             | 0.00768  |
|    n_updates        | 7390     |
----------------------------------
----------------------------------
| rollout/            |          |
|    ep_len_mean      | 103      |
|    ep_rew_mean      | -1.62    |
|    exploration_rate | 0.05     |
| time/               |          |
|    episodes         | 416      |
|    fps              | 39       |
|    time_elapsed     | 777      |
|    total_timesteps  | 30952    |
| train/              |          |
|    learning_rate    | 0.0005   |
|    loss             | 0.0157   |
|    n_updates        | 7487     |
----------------------------------
----------------------------------
| rollout/            |          |
|    ep_len_mean      | 100      |
|    ep_rew_mean      | -2.04    |
|    exploration_rate | 0.05     |
| time/               |          |
|    episodes         | 420      |
|    fps              | 40       |
|    time_elapsed     | 782      |
|    total_timesteps  | 31312    |
| train/              |          |
|    learning_rate    | 0.0005   |
|    loss             | 0.00138  |
|    n_updates        | 7577     |
----------------------------------
----------------------------------
| rollout/            |          |
|    ep_len_mean      | 99.3     |
|    ep_rew_mean      | -2.06    |
|    exploration_rate | 0.05     |
| time/               |          |
|    episodes         | 424      |
|    fps              | 40       |
|    time_elapsed     | 786      |
|    total_timesteps  | 31620    |
| train/              |          |
|    learning_rate    | 0.0005   |
|    loss             | 0.000634 |
|    n_updates        | 7654     |
----------------------------------
----------------------------------
| rollout/            |          |
|    ep_len_mean      | 101      |
|    ep_rew_mean      | -1.69    |
|    exploration_rate | 0.05     |
| time/               |          |
|    episodes         | 428      |
|    fps              | 40       |
|    time_elapsed     | 794      |
|    total_timesteps  | 32189    |
| train/              |          |
|    learning_rate    | 0.0005   |
|    loss             | 0.0398   |
|    n_updates        | 7797     |
----------------------------------
----------------------------------
| rollout/            |          |
|    ep_len_mean      | 103      |
|    ep_rew_mean      | -1.51    |
|    exploration_rate | 0.05     |
| time/               |          |
|    episodes         | 432      |
|    fps              | 40       |
|    time_elapsed     | 803      |
|    total_timesteps  | 32839    |
| train/              |          |
|    learning_rate    | 0.0005   |
|    loss             | 0.00047  |
|    n_updates        | 7959     |
----------------------------------
----------------------------------
| rollout/            |          |
|    ep_len_mean      | 102      |
|    ep_rew_mean      | -1.96    |
|    exploration_rate | 0.05     |
| time/               |          |
|    episodes         | 436      |
|    fps              | 41       |
|    time_elapsed     | 809      |
|    total_timesteps  | 33262    |
| train/              |          |
|    learning_rate    | 0.0005   |
|    loss             | 0.00164  |
|    n_updates        | 8065     |
----------------------------------
----------------------------------
| rollout/            |          |
|    ep_len_mean      | 105      |
|    ep_rew_mean      | -0.926   |
|    exploration_rate | 0.05     |
| time/               |          |
|    episodes         | 440      |
|    fps              | 41       |
|    time_elapsed     | 818      |
|    total_timesteps  | 33947    |
| train/              |          |
|    learning_rate    | 0.0005   |
|    loss             | 0.00811  |
|    n_updates        | 8236     |
----------------------------------
----------------------------------
| rollout/            |          |
|    ep_len_mean      | 105      |
|    ep_rew_mean      | -0.843   |
|    exploration_rate | 0.05     |
| time/               |          |
|    episodes         | 444      |
|    fps              | 41       |
|    time_elapsed     | 822      |
|    total_timesteps  | 34268    |
| train/              |          |
|    learning_rate    | 0.0005   |
|    loss             | 0.000677 |
|    n_updates        | 8316     |
----------------------------------
----------------------------------
| rollout/            |          |
|    ep_len_mean      | 106      |
|    ep_rew_mean      | -0.592   |
|    exploration_rate | 0.05     |
| time/               |          |
|    episodes         | 448      |
|    fps              | 41       |
|    time_elapsed     | 829      |
|    total_timesteps  | 34662    |
| train/              |          |
|    learning_rate    | 0.0005   |
|    loss             | 0.00432  |
|    n_updates        | 8415     |
----------------------------------
[Eval @35000] R=-0.8±3.2 CR=0.900 Spd=24.8 LC=0.5 SR=0.100
----------------------------------
| rollout/            |          |
|    ep_len_mean      | 105      |
|    ep_rew_mean      | -0.731   |
|    exploration_rate | 0.05     |
| time/               |          |
|    episodes         | 452      |
|    fps              | 39       |
|    time_elapsed     | 880      |
|    total_timesteps  | 35144    |
| train/              |          |
|    learning_rate    | 0.0005   |
|    loss             | 0.0489   |
|    n_updates        | 8535     |
----------------------------------
----------------------------------
| rollout/            |          |
|    ep_len_mean      | 105      |
|    ep_rew_mean      | -0.718   |
|    exploration_rate | 0.05     |
| time/               |          |
|    episodes         | 456      |
|    fps              | 39       |
|    time_elapsed     | 898      |
|    total_timesteps  | 35589    |
| train/              |          |
|    learning_rate    | 0.0005   |
|    loss             | 0.0723   |
|    n_updates        | 8647     |
----------------------------------
----------------------------------
| rollout/            |          |
|    ep_len_mean      | 108      |
|    ep_rew_mean      | 0.306    |
|    exploration_rate | 0.05     |
| time/               |          |
|    episodes         | 460      |
|    fps              | 39       |
|    time_elapsed     | 923      |
|    total_timesteps  | 36233    |
| train/              |          |
|    learning_rate    | 0.0005   |
|    loss             | 0.0263   |
|    n_updates        | 8808     |
----------------------------------
----------------------------------
| rollout/            |          |
|    ep_len_mean      | 108      |
|    ep_rew_mean      | 0.238    |
|    exploration_rate | 0.05     |
| time/               |          |
|    episodes         | 464      |
|    fps              | 39       |
|    time_elapsed     | 926      |
|    total_timesteps  | 36456    |
| train/              |          |
|    learning_rate    | 0.0005   |
|    loss             | 0.000417 |
|    n_updates        | 8863     |
----------------------------------
----------------------------------
| rollout/            |          |
|    ep_len_mean      | 112      |
|    ep_rew_mean      | 1.22     |
|    exploration_rate | 0.05     |
| time/               |          |
|    episodes         | 468      |
|    fps              | 39       |
|    time_elapsed     | 935      |
|    total_timesteps  | 37151    |
| train/              |          |
|    learning_rate    | 0.0005   |
|    loss             | 0.00104  |
|    n_updates        | 9037     |
----------------------------------
----------------------------------
| rollout/            |          |
|    ep_len_mean      | 114      |
|    ep_rew_mean      | 1.79     |
|    exploration_rate | 0.05     |
| time/               |          |
|    episodes         | 472      |
|    fps              | 39       |
|    time_elapsed     | 942      |
|    total_timesteps  | 37661    |
| train/              |          |
|    learning_rate    | 0.0005   |
|    loss             | 0.000576 |
|    n_updates        | 9165     |
----------------------------------
----------------------------------
| rollout/            |          |
|    ep_len_mean      | 115      |
|    ep_rew_mean      | 1.84     |
|    exploration_rate | 0.05     |
| time/               |          |
|    episodes         | 476      |
|    fps              | 40       |
|    time_elapsed     | 947      |
|    total_timesteps  | 38101    |
| train/              |          |
|    learning_rate    | 0.0005   |
|    loss             | 0.0413   |
|    n_updates        | 9275     |
----------------------------------
----------------------------------
| rollout/            |          |
|    ep_len_mean      | 116      |
|    ep_rew_mean      | 2.15     |
|    exploration_rate | 0.05     |
| time/               |          |
|    episodes         | 480      |
|    fps              | 40       |
|    time_elapsed     | 952      |
|    total_timesteps  | 38465    |
| train/              |          |
|    learning_rate    | 0.0005   |
|    loss             | 0.000722 |
|    n_updates        | 9366     |
----------------------------------
----------------------------------
| rollout/            |          |
|    ep_len_mean      | 112      |
|    ep_rew_mean      | 1.41     |
|    exploration_rate | 0.05     |
| time/               |          |
|    episodes         | 484      |
|    fps              | 40       |
|    time_elapsed     | 955      |
|    total_timesteps  | 38697    |
| train/              |          |
|    learning_rate    | 0.0005   |
|    loss             | 0.000488 |
|    n_updates        | 9424     |
----------------------------------
----------------------------------
| rollout/            |          |
|    ep_len_mean      | 109      |
|    ep_rew_mean      | 0.488    |
|    exploration_rate | 0.05     |
| time/               |          |
|    episodes         | 488      |
|    fps              | 40       |
|    time_elapsed     | 957      |
|    total_timesteps  | 38887    |
| train/              |          |
|    learning_rate    | 0.0005   |
|    loss             | 0.000402 |
|    n_updates        | 9471     |
----------------------------------
----------------------------------
| rollout/            |          |
|    ep_len_mean      | 106      |
|    ep_rew_mean      | -0.0381  |
|    exploration_rate | 0.05     |
| time/               |          |
|    episodes         | 492      |
|    fps              | 40       |
|    time_elapsed     | 961      |
|    total_timesteps  | 39157    |
| train/              |          |
|    learning_rate    | 0.0005   |
|    loss             | 0.0026   |
|    n_updates        | 9539     |
----------------------------------
----------------------------------
| rollout/            |          |
|    ep_len_mean      | 108      |
|    ep_rew_mean      | 0.818    |
|    exploration_rate | 0.05     |
| time/               |          |
|    episodes         | 496      |
|    fps              | 40       |
|    time_elapsed     | 968      |
|    total_timesteps  | 39693    |
| train/              |          |
|    learning_rate    | 0.0005   |
|    loss             | 0.0493   |
|    n_updates        | 9673     |
----------------------------------
[Eval @40000] R=2.4±4.3 CR=0.600 Spd=24.9 LC=0.5 SR=0.400
----------------------------------
| rollout/            |          |
|    ep_len_mean      | 105      |
|    ep_rew_mean      | 0.119    |
|    exploration_rate | 0.05     |
| time/               |          |
|    episodes         | 500      |
|    fps              | 40       |
|    time_elapsed     | 991      |
|    total_timesteps  | 40145    |
| train/              |          |
|    learning_rate    | 0.0005   |
|    loss             | 0.000394 |
|    n_updates        | 9786     |
----------------------------------
----------------------------------
| rollout/            |          |
|    ep_len_mean      | 105      |
|    ep_rew_mean      | -0.0814  |
|    exploration_rate | 0.05     |
| time/               |          |
|    episodes         | 504      |
|    fps              | 40       |
|    time_elapsed     | 999      |
|    total_timesteps  | 40508    |
| train/              |          |
|    learning_rate    | 0.0005   |
|    loss             | 0.000254 |
|    n_updates        | 9876     |
----------------------------------
----------------------------------
| rollout/            |          |
|    ep_len_mean      | 108      |
|    ep_rew_mean      | 0.377    |
|    exploration_rate | 0.05     |
| time/               |          |
|    episodes         | 508      |
|    fps              | 40       |
|    time_elapsed     | 1005     |
|    total_timesteps  | 40992    |
| train/              |          |
|    learning_rate    | 0.0005   |
|    loss             | 0.00284  |
|    n_updates        | 9997     |
----------------------------------
----------------------------------
| rollout/            |          |
|    ep_len_mean      | 107      |
|    ep_rew_mean      | -0.0199  |
|    exploration_rate | 0.05     |
| time/               |          |
|    episodes         | 512      |
|    fps              | 40       |
|    time_elapsed     | 1009     |
|    total_timesteps  | 41256    |
| train/              |          |
|    learning_rate    | 0.0005   |
|    loss             | 0.0221   |
|    n_updates        | 10063    |
----------------------------------
----------------------------------
| rollout/            |          |
|    ep_len_mean      | 105      |
|    ep_rew_mean      | -0.42    |
|    exploration_rate | 0.05     |
| time/               |          |
|    episodes         | 516      |
|    fps              | 40       |
|    time_elapsed     | 1012     |
|    total_timesteps  | 41481    |
| train/              |          |
|    learning_rate    | 0.0005   |
|    loss             | 0.000202 |
|    n_updates        | 10120    |
----------------------------------
----------------------------------
| rollout/            |          |
|    ep_len_mean      | 105      |
|    ep_rew_mean      | -0.544   |
|    exploration_rate | 0.05     |
| time/               |          |
|    episodes         | 520      |
|    fps              | 40       |
|    time_elapsed     | 1023     |
|    total_timesteps  | 41826    |
| train/              |          |
|    learning_rate    | 0.0005   |
|    loss             | 0.000774 |
|    n_updates        | 10206    |
----------------------------------
----------------------------------
| rollout/            |          |
|    ep_len_mean      | 108      |
|    ep_rew_mean      | -0.0841  |
|    exploration_rate | 0.05     |
| time/               |          |
|    episodes         | 524      |
|    fps              | 40       |
|    time_elapsed     | 1048     |
|    total_timesteps  | 42449    |
| train/              |          |
|    learning_rate    | 0.0005   |
|    loss             | 0.0018   |
|    n_updates        | 10362    |
----------------------------------
----------------------------------
| rollout/            |          |
|    ep_len_mean      | 106      |
|    ep_rew_mean      | -0.43    |
|    exploration_rate | 0.05     |
| time/               |          |
|    episodes         | 528      |
|    fps              | 40       |
|    time_elapsed     | 1060     |
|    total_timesteps  | 42760    |
| train/              |          |
|    learning_rate    | 0.0005   |
|    loss             | 0.000803 |
|    n_updates        | 10439    |
----------------------------------
----------------------------------
| rollout/            |          |
|    ep_len_mean      | 102      |
|    ep_rew_mean      | -1.36    |
|    exploration_rate | 0.05     |
| time/               |          |
|    episodes         | 532      |
|    fps              | 40       |
|    time_elapsed     | 1070     |
|    total_timesteps  | 43008    |
| train/              |          |
|    learning_rate    | 0.0005   |
|    loss             | 0.033    |
|    n_updates        | 10501    |
----------------------------------
----------------------------------
| rollout/            |          |
|    ep_len_mean      | 101      |
|    ep_rew_mean      | -1.47    |
|    exploration_rate | 0.05     |
| time/               |          |
|    episodes         | 536      |
|    fps              | 40       |
|    time_elapsed     | 1083     |
|    total_timesteps  | 43356    |
| train/              |          |
|    learning_rate    | 0.0005   |
|    loss             | 0.00876  |
|    n_updates        | 10588    |
----------------------------------
----------------------------------
| rollout/            |          |
|    ep_len_mean      | 97.2     |
|    ep_rew_mean      | -2.61    |
|    exploration_rate | 0.05     |
| time/               |          |
|    episodes         | 540      |
|    fps              | 39       |
|    time_elapsed     | 1095     |
|    total_timesteps  | 43663    |
| train/              |          |
|    learning_rate    | 0.0005   |
|    loss             | 0.00478  |
|    n_updates        | 10665    |
----------------------------------
----------------------------------
| rollout/            |          |
|    ep_len_mean      | 98.8     |
|    ep_rew_mean      | -2.18    |
|    exploration_rate | 0.05     |
| time/               |          |
|    episodes         | 544      |
|    fps              | 39       |
|    time_elapsed     | 1114     |
|    total_timesteps  | 44145    |
| train/              |          |
|    learning_rate    | 0.0005   |
|    loss             | 0.00882  |
|    n_updates        | 10786    |
----------------------------------
----------------------------------
| rollout/            |          |
|    ep_len_mean      | 100      |
|    ep_rew_mean      | -1.8     |
|    exploration_rate | 0.05     |
| time/               |          |
|    episodes         | 548      |
|    fps              | 39       |
|    time_elapsed     | 1131     |
|    total_timesteps  | 44677    |
| train/              |          |
|    learning_rate    | 0.0005   |
|    loss             | 0.00104  |
|    n_updates        | 10919    |
----------------------------------
----------------------------------
| rollout/            |          |
|    ep_len_mean      | 98.1     |
|    ep_rew_mean      | -2.29    |
|    exploration_rate | 0.05     |
| time/               |          |
|    episodes         | 552      |
|    fps              | 39       |
|    time_elapsed     | 1142     |
|    total_timesteps  | 44955    |
| train/              |          |
|    learning_rate    | 0.0005   |
|    loss             | 0.00181  |
|    n_updates        | 10988    |
----------------------------------
[Eval @45000] R=-0.1±3.0 CR=0.900 Spd=25.3 LC=0.4 SR=0.100
----------------------------------
| rollout/            |          |
|    ep_len_mean      | 99.2     |
|    ep_rew_mean      | -2.08    |
|    exploration_rate | 0.05     |
| time/               |          |
|    episodes         | 556      |
|    fps              | 37       |
|    time_elapsed     | 1202     |
|    total_timesteps  | 45505    |
| train/              |          |
|    learning_rate    | 0.0005   |
|    loss             | 0.000405 |
|    n_updates        | 11126    |
----------------------------------
----------------------------------
| rollout/            |          |
|    ep_len_mean      | 96.1     |
|    ep_rew_mean      | -2.88    |
|    exploration_rate | 0.05     |
| time/               |          |
|    episodes         | 560      |
|    fps              | 37       |
|    time_elapsed     | 1215     |
|    total_timesteps  | 45845    |
| train/              |          |
|    learning_rate    | 0.0005   |
|    loss             | 0.00113  |
|    n_updates        | 11211    |
----------------------------------
----------------------------------
| rollout/            |          |
|    ep_len_mean      | 100      |
|    ep_rew_mean      | -1.8     |
|    exploration_rate | 0.05     |
| time/               |          |
|    episodes         | 564      |
|    fps              | 37       |
|    time_elapsed     | 1228     |
|    total_timesteps  | 46474    |
| train/              |          |
|    learning_rate    | 0.0005   |
|    loss             | 0.00312  |
|    n_updates        | 11368    |
----------------------------------
----------------------------------
| rollout/            |          |
|    ep_len_mean      | 96.6     |
|    ep_rew_mean      | -2.74    |
|    exploration_rate | 0.05     |
| time/               |          |
|    episodes         | 568      |
|    fps              | 37       |
|    time_elapsed     | 1240     |
|    total_timesteps  | 46810    |
| train/              |          |
|    learning_rate    | 0.0005   |
|    loss             | 0.000852 |
|    n_updates        | 11452    |
----------------------------------
----------------------------------
| rollout/            |          |
|    ep_len_mean      | 95.5     |
|    ep_rew_mean      | -3.05    |
|    exploration_rate | 0.05     |
| time/               |          |
|    episodes         | 572      |
|    fps              | 37       |
|    time_elapsed     | 1256     |
|    total_timesteps  | 47211    |
| train/              |          |
|    learning_rate    | 0.0005   |
|    loss             | 0.000933 |
|    n_updates        | 11552    |
----------------------------------
----------------------------------
| rollout/            |          |
|    ep_len_mean      | 95.6     |
|    ep_rew_mean      | -3.03    |
|    exploration_rate | 0.05     |
| time/               |          |
|    episodes         | 576      |
|    fps              | 37       |
|    time_elapsed     | 1274     |
|    total_timesteps  | 47660    |
| train/              |          |
|    learning_rate    | 0.0005   |
|    loss             | 0.000375 |
|    n_updates        | 11664    |
----------------------------------
----------------------------------
| rollout/            |          |
|    ep_len_mean      | 96.1     |
|    ep_rew_mean      | -2.98    |
|    exploration_rate | 0.05     |
| time/               |          |
|    episodes         | 580      |
|    fps              | 37       |
|    time_elapsed     | 1290     |
|    total_timesteps  | 48073    |
| train/              |          |
|    learning_rate    | 0.0005   |
|    loss             | 0.0114   |
|    n_updates        | 11768    |
----------------------------------
----------------------------------
| rollout/            |          |
|    ep_len_mean      | 98.2     |
|    ep_rew_mean      | -2.41    |
|    exploration_rate | 0.05     |
| time/               |          |
|    episodes         | 584      |
|    fps              | 37       |
|    time_elapsed     | 1307     |
|    total_timesteps  | 48521    |
| train/              |          |
|    learning_rate    | 0.0005   |
|    loss             | 0.000455 |
|    n_updates        | 11880    |
----------------------------------
----------------------------------
| rollout/            |          |
|    ep_len_mean      | 99.5     |
|    ep_rew_mean      | -2.24    |
|    exploration_rate | 0.05     |
| time/               |          |
|    episodes         | 588      |
|    fps              | 36       |
|    time_elapsed     | 1320     |
|    total_timesteps  | 48838    |
| train/              |          |
|    learning_rate    | 0.0005   |
|    loss             | 0.0112   |
|    n_updates        | 11959    |
----------------------------------
----------------------------------
| rollout/            |          |
|    ep_len_mean      | 102      |
|    ep_rew_mean      | -1.43    |
|    exploration_rate | 0.05     |
| time/               |          |
|    episodes         | 592      |
|    fps              | 36       |
|    time_elapsed     | 1340     |
|    total_timesteps  | 49336    |
| train/              |          |
|    learning_rate    | 0.0005   |
|    loss             | 0.00317  |
|    n_updates        | 12083    |
----------------------------------
----------------------------------
| rollout/            |          |
|    ep_len_mean      | 101      |
|    ep_rew_mean      | -1.82    |
|    exploration_rate | 0.05     |
| time/               |          |
|    episodes         | 596      |
|    fps              | 36       |
|    time_elapsed     | 1357     |
|    total_timesteps  | 49775    |
| train/              |          |
|    learning_rate    | 0.0005   |
|    loss             | 0.000247 |
|    n_updates        | 12193    |
----------------------------------
[Eval @50000] R=1.8±3.8 CR=0.700 Spd=24.1 LC=0.2 SR=0.300
[DQN] Done. Model: ./logs/dqn/conservative/seed_456/final_model.zip
