[WARNING] GrayscaleImage not available, falling back to OccupancyGrid.
[DQN] reward=conservative seed=42 steps=50000 policy=MlpPolicy
[DQN] run_dir=./logs/dqn/conservative/seed_42
[WARNING] GrayscaleImage not available, falling back to OccupancyGrid.
[WARNING] GrayscaleImage not available, falling back to OccupancyGrid.
Using cpu device
Logging to ./logs/dqn/conservative/seed_42/dqn_conservative_seed42_1
----------------------------------
| rollout/            |          |
|    ep_len_mean      | 20.8     |
|    ep_rew_mean      | -26.1    |
|    exploration_rate | 0.995    |
| time/               |          |
|    episodes         | 4        |
|    fps              | 75       |
|    time_elapsed     | 1        |
|    total_timesteps  | 83       |
----------------------------------
----------------------------------
| rollout/            |          |
|    ep_len_mean      | 21.2     |
|    ep_rew_mean      | -26      |
|    exploration_rate | 0.989    |
| time/               |          |
|    episodes         | 8        |
|    fps              | 76       |
|    time_elapsed     | 2        |
|    total_timesteps  | 170      |
----------------------------------
----------------------------------
| rollout/            |          |
|    ep_len_mean      | 23.9     |
|    ep_rew_mean      | -26.9    |
|    exploration_rate | 0.982    |
| time/               |          |
|    episodes         | 12       |
|    fps              | 76       |
|    time_elapsed     | 3        |
|    total_timesteps  | 287      |
----------------------------------
----------------------------------
| rollout/            |          |
|    ep_len_mean      | 39.1     |
|    ep_rew_mean      | -29.6    |
|    exploration_rate | 0.96     |
| time/               |          |
|    episodes         | 16       |
|    fps              | 77       |
|    time_elapsed     | 8        |
|    total_timesteps  | 625      |
----------------------------------
----------------------------------
| rollout/            |          |
|    ep_len_mean      | 36.1     |
|    ep_rew_mean      | -29.1    |
|    exploration_rate | 0.954    |
| time/               |          |
|    episodes         | 20       |
|    fps              | 78       |
|    time_elapsed     | 9        |
|    total_timesteps  | 723      |
----------------------------------
----------------------------------
| rollout/            |          |
|    ep_len_mean      | 38.5     |
|    ep_rew_mean      | -29.9    |
|    exploration_rate | 0.942    |
| time/               |          |
|    episodes         | 24       |
|    fps              | 78       |
|    time_elapsed     | 11       |
|    total_timesteps  | 923      |
----------------------------------
----------------------------------
| rollout/            |          |
|    ep_len_mean      | 41.9     |
|    ep_rew_mean      | -30.9    |
|    exploration_rate | 0.926    |
| time/               |          |
|    episodes         | 28       |
|    fps              | 78       |
|    time_elapsed     | 14       |
|    total_timesteps  | 1172     |
| train/              |          |
|    learning_rate    | 0.0005   |
|    loss             | 0.0371   |
|    n_updates        | 42       |
----------------------------------
----------------------------------
| rollout/            |          |
|    ep_len_mean      | 40.1     |
|    ep_rew_mean      | -30.4    |
|    exploration_rate | 0.919    |
| time/               |          |
|    episodes         | 32       |
|    fps              | 78       |
|    time_elapsed     | 16       |
|    total_timesteps  | 1282     |
| train/              |          |
|    learning_rate    | 0.0005   |
|    loss             | 0.0706   |
|    n_updates        | 70       |
----------------------------------
----------------------------------
| rollout/            |          |
|    ep_len_mean      | 41.4     |
|    ep_rew_mean      | -30.4    |
|    exploration_rate | 0.906    |
| time/               |          |
|    episodes         | 36       |
|    fps              | 77       |
|    time_elapsed     | 19       |
|    total_timesteps  | 1491     |
| train/              |          |
|    learning_rate    | 0.0005   |
|    loss             | 0.0371   |
|    n_updates        | 122      |
----------------------------------
----------------------------------
| rollout/            |          |
|    ep_len_mean      | 42.1     |
|    ep_rew_mean      | -30.5    |
|    exploration_rate | 0.893    |
| time/               |          |
|    episodes         | 40       |
|    fps              | 75       |
|    time_elapsed     | 22       |
|    total_timesteps  | 1683     |
| train/              |          |
|    learning_rate    | 0.0005   |
|    loss             | 0.0341   |
|    n_updates        | 170      |
----------------------------------
----------------------------------
| rollout/            |          |
|    ep_len_mean      | 41.3     |
|    ep_rew_mean      | -30.3    |
|    exploration_rate | 0.885    |
| time/               |          |
|    episodes         | 44       |
|    fps              | 65       |
|    time_elapsed     | 27       |
|    total_timesteps  | 1818     |
| train/              |          |
|    learning_rate    | 0.0005   |
|    loss             | 0.0875   |
|    n_updates        | 204      |
----------------------------------
----------------------------------
| rollout/            |          |
|    ep_len_mean      | 39.8     |
|    ep_rew_mean      | -29.9    |
|    exploration_rate | 0.879    |
| time/               |          |
|    episodes         | 48       |
|    fps              | 61       |
|    time_elapsed     | 31       |
|    total_timesteps  | 1911     |
| train/              |          |
|    learning_rate    | 0.0005   |
|    loss             | 0.0435   |
|    n_updates        | 227      |
----------------------------------
----------------------------------
| rollout/            |          |
|    ep_len_mean      | 40.3     |
|    ep_rew_mean      | -29.9    |
|    exploration_rate | 0.867    |
| time/               |          |
|    episodes         | 52       |
|    fps              | 54       |
|    time_elapsed     | 38       |
|    total_timesteps  | 2095     |
| train/              |          |
|    learning_rate    | 0.0005   |
|    loss             | 0.00331  |
|    n_updates        | 273      |
----------------------------------
----------------------------------
| rollout/            |          |
|    ep_len_mean      | 41       |
|    ep_rew_mean      | -29.9    |
|    exploration_rate | 0.854    |
| time/               |          |
|    episodes         | 56       |
|    fps              | 49       |
|    time_elapsed     | 46       |
|    total_timesteps  | 2298     |
| train/              |          |
|    learning_rate    | 0.0005   |
|    loss             | 0.0221   |
|    n_updates        | 324      |
----------------------------------
----------------------------------
| rollout/            |          |
|    ep_len_mean      | 42.6     |
|    ep_rew_mean      | -30.1    |
|    exploration_rate | 0.838    |
| time/               |          |
|    episodes         | 60       |
|    fps              | 44       |
|    time_elapsed     | 56       |
|    total_timesteps  | 2555     |
| train/              |          |
|    learning_rate    | 0.0005   |
|    loss             | 0.0845   |
|    n_updates        | 388      |
----------------------------------
----------------------------------
| rollout/            |          |
|    ep_len_mean      | 41.5     |
|    ep_rew_mean      | -29.8    |
|    exploration_rate | 0.832    |
| time/               |          |
|    episodes         | 64       |
|    fps              | 45       |
|    time_elapsed     | 58       |
|    total_timesteps  | 2659     |
| train/              |          |
|    learning_rate    | 0.0005   |
|    loss             | 0.00779  |
|    n_updates        | 414      |
----------------------------------
----------------------------------
| rollout/            |          |
|    ep_len_mean      | 41.5     |
|    ep_rew_mean      | -29.7    |
|    exploration_rate | 0.821    |
| time/               |          |
|    episodes         | 68       |
|    fps              | 46       |
|    time_elapsed     | 60       |
|    total_timesteps  | 2823     |
| train/              |          |
|    learning_rate    | 0.0005   |
|    loss             | 0.0565   |
|    n_updates        | 455      |
----------------------------------
----------------------------------
| rollout/            |          |
|    ep_len_mean      | 41.4     |
|    ep_rew_mean      | -29.7    |
|    exploration_rate | 0.811    |
| time/               |          |
|    episodes         | 72       |
|    fps              | 47       |
|    time_elapsed     | 62       |
|    total_timesteps  | 2983     |
| train/              |          |
|    learning_rate    | 0.0005   |
|    loss             | 0.00365  |
|    n_updates        | 495      |
----------------------------------
----------------------------------
| rollout/            |          |
|    ep_len_mean      | 41.8     |
|    ep_rew_mean      | -29.7    |
|    exploration_rate | 0.799    |
| time/               |          |
|    episodes         | 76       |
|    fps              | 48       |
|    time_elapsed     | 65       |
|    total_timesteps  | 3173     |
| train/              |          |
|    learning_rate    | 0.0005   |
|    loss             | 0.00411  |
|    n_updates        | 543      |
----------------------------------
----------------------------------
| rollout/            |          |
|    ep_len_mean      | 41.4     |
|    ep_rew_mean      | -29.6    |
|    exploration_rate | 0.79     |
| time/               |          |
|    episodes         | 80       |
|    fps              | 49       |
|    time_elapsed     | 66       |
|    total_timesteps  | 3309     |
| train/              |          |
|    learning_rate    | 0.0005   |
|    loss             | 0.0698   |
|    n_updates        | 577      |
----------------------------------
----------------------------------
| rollout/            |          |
|    ep_len_mean      | 40.5     |
|    ep_rew_mean      | -29.3    |
|    exploration_rate | 0.785    |
| time/               |          |
|    episodes         | 84       |
|    fps              | 48       |
|    time_elapsed     | 69       |
|    total_timesteps  | 3399     |
| train/              |          |
|    learning_rate    | 0.0005   |
|    loss             | 0.0423   |
|    n_updates        | 599      |
----------------------------------
----------------------------------
| rollout/            |          |
|    ep_len_mean      | 40.1     |
|    ep_rew_mean      | -29.1    |
|    exploration_rate | 0.776    |
| time/               |          |
|    episodes         | 88       |
|    fps              | 49       |
|    time_elapsed     | 71       |
|    total_timesteps  | 3533     |
| train/              |          |
|    learning_rate    | 0.0005   |
|    loss             | 0.0994   |
|    n_updates        | 633      |
----------------------------------
----------------------------------
| rollout/            |          |
|    ep_len_mean      | 40.5     |
|    ep_rew_mean      | -29.1    |
|    exploration_rate | 0.764    |
| time/               |          |
|    episodes         | 92       |
|    fps              | 50       |
|    time_elapsed     | 73       |
|    total_timesteps  | 3722     |
| train/              |          |
|    learning_rate    | 0.0005   |
|    loss             | 0.0661   |
|    n_updates        | 680      |
----------------------------------
----------------------------------
| rollout/            |          |
|    ep_len_mean      | 40       |
|    ep_rew_mean      | -28.9    |
|    exploration_rate | 0.757    |
| time/               |          |
|    episodes         | 96       |
|    fps              | 50       |
|    time_elapsed     | 75       |
|    total_timesteps  | 3843     |
| train/              |          |
|    learning_rate    | 0.0005   |
|    loss             | 0.074    |
|    n_updates        | 710      |
----------------------------------
----------------------------------
| rollout/            |          |
|    ep_len_mean      | 41.2     |
|    ep_rew_mean      | -29.1    |
|    exploration_rate | 0.739    |
| time/               |          |
|    episodes         | 100      |
|    fps              | 52       |
|    time_elapsed     | 79       |
|    total_timesteps  | 4123     |
| train/              |          |
|    learning_rate    | 0.0005   |
|    loss             | 0.00266  |
|    n_updates        | 780      |
----------------------------------
----------------------------------
| rollout/            |          |
|    ep_len_mean      | 42.4     |
|    ep_rew_mean      | -29.3    |
|    exploration_rate | 0.726    |
| time/               |          |
|    episodes         | 104      |
|    fps              | 52       |
|    time_elapsed     | 81       |
|    total_timesteps  | 4319     |
| train/              |          |
|    learning_rate    | 0.0005   |
|    loss             | 0.0867   |
|    n_updates        | 829      |
----------------------------------
----------------------------------
| rollout/            |          |
|    ep_len_mean      | 43.6     |
|    ep_rew_mean      | -29.5    |
|    exploration_rate | 0.713    |
| time/               |          |
|    episodes         | 108      |
|    fps              | 53       |
|    time_elapsed     | 84       |
|    total_timesteps  | 4528     |
| train/              |          |
|    learning_rate    | 0.0005   |
|    loss             | 0.0385   |
|    n_updates        | 881      |
----------------------------------
----------------------------------
| rollout/            |          |
|    ep_len_mean      | 43.8     |
|    ep_rew_mean      | -29.4    |
|    exploration_rate | 0.704    |
| time/               |          |
|    episodes         | 112      |
|    fps              | 54       |
|    time_elapsed     | 86       |
|    total_timesteps  | 4670     |
| train/              |          |
|    learning_rate    | 0.0005   |
|    loss             | 0.056    |
|    n_updates        | 917      |
----------------------------------
----------------------------------
| rollout/            |          |
|    ep_len_mean      | 41.5     |
|    ep_rew_mean      | -28.8    |
|    exploration_rate | 0.698    |
| time/               |          |
|    episodes         | 116      |
|    fps              | 54       |
|    time_elapsed     | 87       |
|    total_timesteps  | 4774     |
| train/              |          |
|    learning_rate    | 0.0005   |
|    loss             | 0.00443  |
|    n_updates        | 943      |
----------------------------------
[Eval @5000] NEW BEST mean_reward=-6.950
[Eval @5000] R=-7.0±5.0 CR=1.000 Spd=27.7 LC=1.2 SR=0.000
----------------------------------
| rollout/            |          |
|    ep_len_mean      | 42.8     |
|    ep_rew_mean      | -28.9    |
|    exploration_rate | 0.683    |
| time/               |          |
|    episodes         | 120      |
|    fps              | 52       |
|    time_elapsed     | 95       |
|    total_timesteps  | 5007     |
| train/              |          |
|    learning_rate    | 0.0005   |
|    loss             | 0.0176   |
|    n_updates        | 1001     |
----------------------------------
----------------------------------
| rollout/            |          |
|    ep_len_mean      | 42.4     |
|    ep_rew_mean      | -28.6    |
|    exploration_rate | 0.673    |
| time/               |          |
|    episodes         | 124      |
|    fps              | 52       |
|    time_elapsed     | 97       |
|    total_timesteps  | 5167     |
| train/              |          |
|    learning_rate    | 0.0005   |
|    loss             | 0.0586   |
|    n_updates        | 1041     |
----------------------------------
----------------------------------
| rollout/            |          |
|    ep_len_mean      | 41.9     |
|    ep_rew_mean      | -28.3    |
|    exploration_rate | 0.66     |
| time/               |          |
|    episodes         | 128      |
|    fps              | 53       |
|    time_elapsed     | 100      |
|    total_timesteps  | 5366     |
| train/              |          |
|    learning_rate    | 0.0005   |
|    loss             | 0.054    |
|    n_updates        | 1091     |
----------------------------------
----------------------------------
| rollout/            |          |
|    ep_len_mean      | 42.1     |
|    ep_rew_mean      | -28.2    |
|    exploration_rate | 0.652    |
| time/               |          |
|    episodes         | 132      |
|    fps              | 53       |
|    time_elapsed     | 102      |
|    total_timesteps  | 5496     |
| train/              |          |
|    learning_rate    | 0.0005   |
|    loss             | 0.0066   |
|    n_updates        | 1123     |
----------------------------------
----------------------------------
| rollout/            |          |
|    ep_len_mean      | 41.7     |
|    ep_rew_mean      | -27.9    |
|    exploration_rate | 0.641    |
| time/               |          |
|    episodes         | 136      |
|    fps              | 54       |
|    time_elapsed     | 104      |
|    total_timesteps  | 5663     |
| train/              |          |
|    learning_rate    | 0.0005   |
|    loss             | 0.072    |
|    n_updates        | 1165     |
----------------------------------
----------------------------------
| rollout/            |          |
|    ep_len_mean      | 41.9     |
|    ep_rew_mean      | -27.8    |
|    exploration_rate | 0.628    |
| time/               |          |
|    episodes         | 140      |
|    fps              | 54       |
|    time_elapsed     | 106      |
|    total_timesteps  | 5871     |
| train/              |          |
|    learning_rate    | 0.0005   |
|    loss             | 0.0014   |
|    n_updates        | 1217     |
----------------------------------
----------------------------------
| rollout/            |          |
|    ep_len_mean      | 42.3     |
|    ep_rew_mean      | -27.7    |
|    exploration_rate | 0.617    |
| time/               |          |
|    episodes         | 144      |
|    fps              | 55       |
|    time_elapsed     | 109      |
|    total_timesteps  | 6048     |
| train/              |          |
|    learning_rate    | 0.0005   |
|    loss             | 0.0499   |
|    n_updates        | 1261     |
----------------------------------
----------------------------------
| rollout/            |          |
|    ep_len_mean      | 43.4     |
|    ep_rew_mean      | -27.7    |
|    exploration_rate | 0.604    |
| time/               |          |
|    episodes         | 148      |
|    fps              | 55       |
|    time_elapsed     | 111      |
|    total_timesteps  | 6251     |
| train/              |          |
|    learning_rate    | 0.0005   |
|    loss             | 0.00331  |
|    n_updates        | 1312     |
----------------------------------
----------------------------------
| rollout/            |          |
|    ep_len_mean      | 44.9     |
|    ep_rew_mean      | -27.7    |
|    exploration_rate | 0.583    |
| time/               |          |
|    episodes         | 152      |
|    fps              | 56       |
|    time_elapsed     | 116      |
|    total_timesteps  | 6589     |
| train/              |          |
|    learning_rate    | 0.0005   |
|    loss             | 0.011    |
|    n_updates        | 1397     |
----------------------------------
----------------------------------
| rollout/            |          |
|    ep_len_mean      | 45.1     |
|    ep_rew_mean      | -27.4    |
|    exploration_rate | 0.569    |
| time/               |          |
|    episodes         | 156      |
|    fps              | 57       |
|    time_elapsed     | 119      |
|    total_timesteps  | 6810     |
| train/              |          |
|    learning_rate    | 0.0005   |
|    loss             | 0.00138  |
|    n_updates        | 1452     |
----------------------------------
----------------------------------
| rollout/            |          |
|    ep_len_mean      | 45       |
|    ep_rew_mean      | -27.2    |
|    exploration_rate | 0.553    |
| time/               |          |
|    episodes         | 160      |
|    fps              | 57       |
|    time_elapsed     | 122      |
|    total_timesteps  | 7054     |
| train/              |          |
|    learning_rate    | 0.0005   |
|    loss             | 0.00817  |
|    n_updates        | 1513     |
----------------------------------
----------------------------------
| rollout/            |          |
|    ep_len_mean      | 45.1     |
|    ep_rew_mean      | -27.1    |
|    exploration_rate | 0.546    |
| time/               |          |
|    episodes         | 164      |
|    fps              | 57       |
|    time_elapsed     | 123      |
|    total_timesteps  | 7168     |
| train/              |          |
|    learning_rate    | 0.0005   |
|    loss             | 0.0629   |
|    n_updates        | 1541     |
----------------------------------
----------------------------------
| rollout/            |          |
|    ep_len_mean      | 45.3     |
|    ep_rew_mean      | -27      |
|    exploration_rate | 0.534    |
| time/               |          |
|    episodes         | 168      |
|    fps              | 58       |
|    time_elapsed     | 126      |
|    total_timesteps  | 7357     |
| train/              |          |
|    learning_rate    | 0.0005   |
|    loss             | 0.0532   |
|    n_updates        | 1589     |
----------------------------------
----------------------------------
| rollout/            |          |
|    ep_len_mean      | 46.6     |
|    ep_rew_mean      | -26.9    |
|    exploration_rate | 0.516    |
| time/               |          |
|    episodes         | 172      |
|    fps              | 58       |
|    time_elapsed     | 130      |
|    total_timesteps  | 7646     |
| train/              |          |
|    learning_rate    | 0.0005   |
|    loss             | 0.0203   |
|    n_updates        | 1661     |
----------------------------------
----------------------------------
| rollout/            |          |
|    ep_len_mean      | 46.2     |
|    ep_rew_mean      | -26.7    |
|    exploration_rate | 0.507    |
| time/               |          |
|    episodes         | 176      |
|    fps              | 58       |
|    time_elapsed     | 132      |
|    total_timesteps  | 7791     |
| train/              |          |
|    learning_rate    | 0.0005   |
|    loss             | 0.00151  |
|    n_updates        | 1697     |
----------------------------------
----------------------------------
| rollout/            |          |
|    ep_len_mean      | 47.8     |
|    ep_rew_mean      | -26.7    |
|    exploration_rate | 0.488    |
| time/               |          |
|    episodes         | 180      |
|    fps              | 59       |
|    time_elapsed     | 136      |
|    total_timesteps  | 8088     |
| train/              |          |
|    learning_rate    | 0.0005   |
|    loss             | 0.0518   |
|    n_updates        | 1771     |
----------------------------------
----------------------------------
| rollout/            |          |
|    ep_len_mean      | 48.3     |
|    ep_rew_mean      | -26.6    |
|    exploration_rate | 0.479    |
| time/               |          |
|    episodes         | 184      |
|    fps              | 59       |
|    time_elapsed     | 137      |
|    total_timesteps  | 8228     |
| train/              |          |
|    learning_rate    | 0.0005   |
|    loss             | 0.0301   |
|    n_updates        | 1806     |
----------------------------------
----------------------------------
| rollout/            |          |
|    ep_len_mean      | 50.2     |
|    ep_rew_mean      | -26.6    |
|    exploration_rate | 0.458    |
| time/               |          |
|    episodes         | 188      |
|    fps              | 59       |
|    time_elapsed     | 144      |
|    total_timesteps  | 8550     |
| train/              |          |
|    learning_rate    | 0.0005   |
|    loss             | 0.00504  |
|    n_updates        | 1887     |
----------------------------------
----------------------------------
| rollout/            |          |
|    ep_len_mean      | 49.1     |
|    ep_rew_mean      | -26.4    |
|    exploration_rate | 0.453    |
| time/               |          |
|    episodes         | 192      |
|    fps              | 59       |
|    time_elapsed     | 145      |
|    total_timesteps  | 8635     |
| train/              |          |
|    learning_rate    | 0.0005   |
|    loss             | 0.00268  |
|    n_updates        | 1908     |
----------------------------------
----------------------------------
| rollout/            |          |
|    ep_len_mean      | 52.2     |
|    ep_rew_mean      | -26.3    |
|    exploration_rate | 0.426    |
| time/               |          |
|    episodes         | 196      |
|    fps              | 59       |
|    time_elapsed     | 151      |
|    total_timesteps  | 9060     |
| train/              |          |
|    learning_rate    | 0.0005   |
|    loss             | 0.0121   |
|    n_updates        | 2014     |
----------------------------------
----------------------------------
| rollout/            |          |
|    ep_len_mean      | 52       |
|    ep_rew_mean      | -26.1    |
|    exploration_rate | 0.409    |
| time/               |          |
|    episodes         | 200      |
|    fps              | 60       |
|    time_elapsed     | 154      |
|    total_timesteps  | 9327     |
| train/              |          |
|    learning_rate    | 0.0005   |
|    loss             | 0.00242  |
|    n_updates        | 2081     |
----------------------------------
----------------------------------
| rollout/            |          |
|    ep_len_mean      | 51.6     |
|    ep_rew_mean      | -25.7    |
|    exploration_rate | 0.399    |
| time/               |          |
|    episodes         | 204      |
|    fps              | 60       |
|    time_elapsed     | 156      |
|    total_timesteps  | 9483     |
| train/              |          |
|    learning_rate    | 0.0005   |
|    loss             | 0.116    |
|    n_updates        | 2120     |
----------------------------------
----------------------------------
| rollout/            |          |
|    ep_len_mean      | 51.6     |
|    ep_rew_mean      | -25.4    |
|    exploration_rate | 0.387    |
| time/               |          |
|    episodes         | 208      |
|    fps              | 60       |
|    time_elapsed     | 159      |
|    total_timesteps  | 9686     |
| train/              |          |
|    learning_rate    | 0.0005   |
|    loss             | 0.00409  |
|    n_updates        | 2171     |
----------------------------------
[Eval @10000] NEW BEST mean_reward=-0.170
[Eval @10000] R=-0.2±4.1 CR=0.700 Spd=24.1 LC=0.4 SR=0.300
----------------------------------
| rollout/            |          |
|    ep_len_mean      | 53.3     |
|    ep_rew_mean      | -25.2    |
|    exploration_rate | 0.366    |
| time/               |          |
|    episodes         | 212      |
|    fps              | 52       |
|    time_elapsed     | 189      |
|    total_timesteps  | 10004    |
| train/              |          |
|    learning_rate    | 0.0005   |
|    loss             | 0.00281  |
|    n_updates        | 2250     |
----------------------------------
----------------------------------
| rollout/            |          |
|    ep_len_mean      | 53.6     |
|    ep_rew_mean      | -25.1    |
|    exploration_rate | 0.358    |
| time/               |          |
|    episodes         | 216      |
|    fps              | 51       |
|    time_elapsed     | 194      |
|    total_timesteps  | 10136    |
| train/              |          |
|    learning_rate    | 0.0005   |
|    loss             | 0.0178   |
|    n_updates        | 2283     |
----------------------------------
----------------------------------
| rollout/            |          |
|    ep_len_mean      | 52.9     |
|    ep_rew_mean      | -24.8    |
|    exploration_rate | 0.348    |
| time/               |          |
|    episodes         | 220      |
|    fps              | 51       |
|    time_elapsed     | 201      |
|    total_timesteps  | 10292    |
| train/              |          |
|    learning_rate    | 0.0005   |
|    loss             | 0.00241  |
|    n_updates        | 2322     |
----------------------------------
----------------------------------
| rollout/            |          |
|    ep_len_mean      | 54.2     |
|    ep_rew_mean      | -24.5    |
|    exploration_rate | 0.329    |
| time/               |          |
|    episodes         | 224      |
|    fps              | 49       |
|    time_elapsed     | 212      |
|    total_timesteps  | 10588    |
| train/              |          |
|    learning_rate    | 0.0005   |
|    loss             | 0.0537   |
|    n_updates        | 2396     |
----------------------------------
----------------------------------
| rollout/            |          |
|    ep_len_mean      | 53.7     |
|    ep_rew_mean      | -24.2    |
|    exploration_rate | 0.32     |
| time/               |          |
|    episodes         | 228      |
|    fps              | 49       |
|    time_elapsed     | 218      |
|    total_timesteps  | 10738    |
| train/              |          |
|    learning_rate    | 0.0005   |
|    loss             | 0.0201   |
|    n_updates        | 2434     |
----------------------------------
----------------------------------
| rollout/            |          |
|    ep_len_mean      | 55.2     |
|    ep_rew_mean      | -24.1    |
|    exploration_rate | 0.302    |
| time/               |          |
|    episodes         | 232      |
|    fps              | 47       |
|    time_elapsed     | 230      |
|    total_timesteps  | 11021    |
| train/              |          |
|    learning_rate    | 0.0005   |
|    loss             | 0.00182  |
|    n_updates        | 2505     |
----------------------------------
----------------------------------
| rollout/            |          |
|    ep_len_mean      | 55.9     |
|    ep_rew_mean      | -23.8    |
|    exploration_rate | 0.288    |
| time/               |          |
|    episodes         | 236      |
|    fps              | 48       |
|    time_elapsed     | 233      |
|    total_timesteps  | 11250    |
| train/              |          |
|    learning_rate    | 0.0005   |
|    loss             | 0.0013   |
|    n_updates        | 2562     |
----------------------------------
----------------------------------
| rollout/            |          |
|    ep_len_mean      | 55.4     |
|    ep_rew_mean      | -23.6    |
|    exploration_rate | 0.277    |
| time/               |          |
|    episodes         | 240      |
|    fps              | 47       |
|    time_elapsed     | 237      |
|    total_timesteps  | 11415    |
| train/              |          |
|    learning_rate    | 0.0005   |
|    loss             | 0.128    |
|    n_updates        | 2603     |
----------------------------------
----------------------------------
| rollout/            |          |
|    ep_len_mean      | 57.6     |
|    ep_rew_mean      | -23.2    |
|    exploration_rate | 0.252    |
| time/               |          |
|    episodes         | 244      |
|    fps              | 46       |
|    time_elapsed     | 253      |
|    total_timesteps  | 11807    |
| train/              |          |
|    learning_rate    | 0.0005   |
|    loss             | 0.0887   |
|    n_updates        | 2701     |
----------------------------------
----------------------------------
| rollout/            |          |
|    ep_len_mean      | 57.7     |
|    ep_rew_mean      | -23      |
|    exploration_rate | 0.238    |
| time/               |          |
|    episodes         | 248      |
|    fps              | 45       |
|    time_elapsed     | 262      |
|    total_timesteps  | 12025    |
| train/              |          |
|    learning_rate    | 0.0005   |
|    loss             | 0.0542   |
|    n_updates        | 2756     |
----------------------------------
----------------------------------
| rollout/            |          |
|    ep_len_mean      | 55.9     |
|    ep_rew_mean      | -22.6    |
|    exploration_rate | 0.229    |
| time/               |          |
|    episodes         | 252      |
|    fps              | 45       |
|    time_elapsed     | 268      |
|    total_timesteps  | 12177    |
| train/              |          |
|    learning_rate    | 0.0005   |
|    loss             | 0.0308   |
|    n_updates        | 2794     |
----------------------------------
----------------------------------
| rollout/            |          |
|    ep_len_mean      | 56.3     |
|    ep_rew_mean      | -22.4    |
|    exploration_rate | 0.212    |
| time/               |          |
|    episodes         | 256      |
|    fps              | 44       |
|    time_elapsed     | 278      |
|    total_timesteps  | 12437    |
| train/              |          |
|    learning_rate    | 0.0005   |
|    loss             | 0.0094   |
|    n_updates        | 2859     |
----------------------------------
----------------------------------
| rollout/            |          |
|    ep_len_mean      | 56.1     |
|    ep_rew_mean      | -22.1    |
|    exploration_rate | 0.198    |
| time/               |          |
|    episodes         | 260      |
|    fps              | 44       |
|    time_elapsed     | 287      |
|    total_timesteps  | 12662    |
| train/              |          |
|    learning_rate    | 0.0005   |
|    loss             | 0.0179   |
|    n_updates        | 2915     |
----------------------------------
----------------------------------
| rollout/            |          |
|    ep_len_mean      | 58.9     |
|    ep_rew_mean      | -21.7    |
|    exploration_rate | 0.173    |
| time/               |          |
|    episodes         | 264      |
|    fps              | 43       |
|    time_elapsed     | 303      |
|    total_timesteps  | 13061    |
| train/              |          |
|    learning_rate    | 0.0005   |
|    loss             | 0.0238   |
|    n_updates        | 3015     |
----------------------------------
----------------------------------
| rollout/            |          |
|    ep_len_mean      | 60.9     |
|    ep_rew_mean      | -21.5    |
|    exploration_rate | 0.149    |
| time/               |          |
|    episodes         | 268      |
|    fps              | 43       |
|    time_elapsed     | 308      |
|    total_timesteps  | 13442    |
| train/              |          |
|    learning_rate    | 0.0005   |
|    loss             | 0.0245   |
|    n_updates        | 3110     |
----------------------------------
----------------------------------
| rollout/            |          |
|    ep_len_mean      | 61.7     |
|    ep_rew_mean      | -21      |
|    exploration_rate | 0.125    |
| time/               |          |
|    episodes         | 272      |
|    fps              | 44       |
|    time_elapsed     | 313      |
|    total_timesteps  | 13812    |
| train/              |          |
|    learning_rate    | 0.0005   |
|    loss             | 0.0281   |
|    n_updates        | 3202     |
----------------------------------
----------------------------------
| rollout/            |          |
|    ep_len_mean      | 62       |
|    ep_rew_mean      | -20.8    |
|    exploration_rate | 0.114    |
| time/               |          |
|    episodes         | 276      |
|    fps              | 44       |
|    time_elapsed     | 315      |
|    total_timesteps  | 13993    |
| train/              |          |
|    learning_rate    | 0.0005   |
|    loss             | 0.00511  |
|    n_updates        | 3248     |
----------------------------------
----------------------------------
| rollout/            |          |
|    ep_len_mean      | 60.3     |
|    ep_rew_mean      | -20.4    |
|    exploration_rate | 0.106    |
| time/               |          |
|    episodes         | 280      |
|    fps              | 44       |
|    time_elapsed     | 317      |
|    total_timesteps  | 14114    |
| train/              |          |
|    learning_rate    | 0.0005   |
|    loss             | 0.0026   |
|    n_updates        | 3278     |
----------------------------------
----------------------------------
| rollout/            |          |
|    ep_len_mean      | 61       |
|    ep_rew_mean      | -20.1    |
|    exploration_rate | 0.0923   |
| time/               |          |
|    episodes         | 284      |
|    fps              | 44       |
|    time_elapsed     | 320      |
|    total_timesteps  | 14332    |
| train/              |          |
|    learning_rate    | 0.0005   |
|    loss             | 0.0681   |
|    n_updates        | 3332     |
----------------------------------
----------------------------------
| rollout/            |          |
|    ep_len_mean      | 61.7     |
|    ep_rew_mean      | -19.4    |
|    exploration_rate | 0.0675   |
| time/               |          |
|    episodes         | 288      |
|    fps              | 45       |
|    time_elapsed     | 325      |
|    total_timesteps  | 14724    |
| train/              |          |
|    learning_rate    | 0.0005   |
|    loss             | 0.0421   |
|    n_updates        | 3430     |
----------------------------------
[Eval @15000] NEW BEST mean_reward=1.340
[Eval @15000] R=1.3±4.4 CR=0.600 Spd=23.8 LC=0.5 SR=0.400
----------------------------------
| rollout/            |          |
|    ep_len_mean      | 65.4     |
|    ep_rew_mean      | -18.3    |
|    exploration_rate | 0.05     |
| time/               |          |
|    episodes         | 292      |
|    fps              | 43       |
|    time_elapsed     | 348      |
|    total_timesteps  | 15178    |
| train/              |          |
|    learning_rate    | 0.0005   |
|    loss             | 0.00523  |
|    n_updates        | 3544     |
----------------------------------
----------------------------------
| rollout/            |          |
|    ep_len_mean      | 63.5     |
|    ep_rew_mean      | -17.9    |
|    exploration_rate | 0.05     |
| time/               |          |
|    episodes         | 296      |
|    fps              | 43       |
|    time_elapsed     | 351      |
|    total_timesteps  | 15414    |
| train/              |          |
|    learning_rate    | 0.0005   |
|    loss             | 0.148    |
|    n_updates        | 3603     |
----------------------------------
----------------------------------
| rollout/            |          |
|    ep_len_mean      | 64.6     |
|    ep_rew_mean      | -17.1    |
|    exploration_rate | 0.05     |
| time/               |          |
|    episodes         | 300      |
|    fps              | 44       |
|    time_elapsed     | 355      |
|    total_timesteps  | 15787    |
| train/              |          |
|    learning_rate    | 0.0005   |
|    loss             | 0.00109  |
|    n_updates        | 3696     |
----------------------------------
----------------------------------
| rollout/            |          |
|    ep_len_mean      | 69.5     |
|    ep_rew_mean      | -15.7    |
|    exploration_rate | 0.05     |
| time/               |          |
|    episodes         | 304      |
|    fps              | 45       |
|    time_elapsed     | 364      |
|    total_timesteps  | 16434    |
| train/              |          |
|    learning_rate    | 0.0005   |
|    loss             | 0.0357   |
|    n_updates        | 3858     |
----------------------------------
----------------------------------
| rollout/            |          |
|    ep_len_mean      | 70.7     |
|    ep_rew_mean      | -15.4    |
|    exploration_rate | 0.05     |
| time/               |          |
|    episodes         | 308      |
|    fps              | 45       |
|    time_elapsed     | 368      |
|    total_timesteps  | 16751    |
| train/              |          |
|    learning_rate    | 0.0005   |
|    loss             | 0.00127  |
|    n_updates        | 3937     |
----------------------------------
----------------------------------
| rollout/            |          |
|    ep_len_mean      | 71.4     |
|    ep_rew_mean      | -14.7    |
|    exploration_rate | 0.05     |
| time/               |          |
|    episodes         | 312      |
|    fps              | 45       |
|    time_elapsed     | 373      |
|    total_timesteps  | 17143    |
| train/              |          |
|    learning_rate    | 0.0005   |
|    loss             | 0.0011   |
|    n_updates        | 4035     |
----------------------------------
----------------------------------
| rollout/            |          |
|    ep_len_mean      | 74.7     |
|    ep_rew_mean      | -13.7    |
|    exploration_rate | 0.05     |
| time/               |          |
|    episodes         | 316      |
|    fps              | 46       |
|    time_elapsed     | 379      |
|    total_timesteps  | 17609    |
| train/              |          |
|    learning_rate    | 0.0005   |
|    loss             | 0.00116  |
|    n_updates        | 4152     |
----------------------------------
----------------------------------
| rollout/            |          |
|    ep_len_mean      | 78.7     |
|    ep_rew_mean      | -12.9    |
|    exploration_rate | 0.05     |
| time/               |          |
|    episodes         | 320      |
|    fps              | 46       |
|    time_elapsed     | 386      |
|    total_timesteps  | 18159    |
| train/              |          |
|    learning_rate    | 0.0005   |
|    loss             | 0.00412  |
|    n_updates        | 4289     |
----------------------------------
----------------------------------
| rollout/            |          |
|    ep_len_mean      | 79.1     |
|    ep_rew_mean      | -12.3    |
|    exploration_rate | 0.05     |
| time/               |          |
|    episodes         | 324      |
|    fps              | 47       |
|    time_elapsed     | 391      |
|    total_timesteps  | 18500    |
| train/              |          |
|    learning_rate    | 0.0005   |
|    loss             | 0.00136  |
|    n_updates        | 4374     |
----------------------------------
----------------------------------
| rollout/            |          |
|    ep_len_mean      | 82.1     |
|    ep_rew_mean      | -11.6    |
|    exploration_rate | 0.05     |
| time/               |          |
|    episodes         | 328      |
|    fps              | 47       |
|    time_elapsed     | 397      |
|    total_timesteps  | 18947    |
| train/              |          |
|    learning_rate    | 0.0005   |
|    loss             | 0.0968   |
|    n_updates        | 4486     |
----------------------------------
----------------------------------
| rollout/            |          |
|    ep_len_mean      | 81.9     |
|    ep_rew_mean      | -11.2    |
|    exploration_rate | 0.05     |
| time/               |          |
|    episodes         | 332      |
|    fps              | 47       |
|    time_elapsed     | 403      |
|    total_timesteps  | 19210    |
| train/              |          |
|    learning_rate    | 0.0005   |
|    loss             | 0.00321  |
|    n_updates        | 4552     |
----------------------------------
----------------------------------
| rollout/            |          |
|    ep_len_mean      | 85       |
|    ep_rew_mean      | -10.6    |
|    exploration_rate | 0.05     |
| time/               |          |
|    episodes         | 336      |
|    fps              | 48       |
|    time_elapsed     | 410      |
|    total_timesteps  | 19745    |
| train/              |          |
|    learning_rate    | 0.0005   |
|    loss             | 0.0015   |
|    n_updates        | 4686     |
----------------------------------
[Eval @20000] R=-0.9±3.4 CR=0.800 Spd=25.4 LC=1.2 SR=0.200
----------------------------------
| rollout/            |          |
|    ep_len_mean      | 86.8     |
|    ep_rew_mean      | -9.95    |
|    exploration_rate | 0.05     |
| time/               |          |
|    episodes         | 340      |
|    fps              | 47       |
|    time_elapsed     | 427      |
|    total_timesteps  | 20091    |
| train/              |          |
|    learning_rate    | 0.0005   |
|    loss             | 0.0137   |
|    n_updates        | 4772     |
----------------------------------
----------------------------------
| rollout/            |          |
|    ep_len_mean      | 85.8     |
|    ep_rew_mean      | -9.67    |
|    exploration_rate | 0.05     |
| time/               |          |
|    episodes         | 344      |
|    fps              | 47       |
|    time_elapsed     | 431      |
|    total_timesteps  | 20392    |
| train/              |          |
|    learning_rate    | 0.0005   |
|    loss             | 0.0846   |
|    n_updates        | 4847     |
----------------------------------
----------------------------------
| rollout/            |          |
|    ep_len_mean      | 89.9     |
|    ep_rew_mean      | -8.82    |
|    exploration_rate | 0.05     |
| time/               |          |
|    episodes         | 348      |
|    fps              | 47       |
|    time_elapsed     | 441      |
|    total_timesteps  | 21017    |
| train/              |          |
|    learning_rate    | 0.0005   |
|    loss             | 0.00147  |
|    n_updates        | 5004     |
----------------------------------
----------------------------------
| rollout/            |          |
|    ep_len_mean      | 93       |
|    ep_rew_mean      | -8.04    |
|    exploration_rate | 0.05     |
| time/               |          |
|    episodes         | 352      |
|    fps              | 47       |
|    time_elapsed     | 449      |
|    total_timesteps  | 21472    |
| train/              |          |
|    learning_rate    | 0.0005   |
|    loss             | 0.000798 |
|    n_updates        | 5117     |
----------------------------------
----------------------------------
| rollout/            |          |
|    ep_len_mean      | 94       |
|    ep_rew_mean      | -7.5     |
|    exploration_rate | 0.05     |
| time/               |          |
|    episodes         | 356      |
|    fps              | 47       |
|    time_elapsed     | 464      |
|    total_timesteps  | 21835    |
| train/              |          |
|    learning_rate    | 0.0005   |
|    loss             | 0.00133  |
|    n_updates        | 5208     |
----------------------------------
----------------------------------
| rollout/            |          |
|    ep_len_mean      | 95.1     |
|    ep_rew_mean      | -6.91    |
|    exploration_rate | 0.05     |
| time/               |          |
|    episodes         | 360      |
|    fps              | 46       |
|    time_elapsed     | 477      |
|    total_timesteps  | 22172    |
| train/              |          |
|    learning_rate    | 0.0005   |
|    loss             | 0.0327   |
|    n_updates        | 5292     |
----------------------------------
----------------------------------
| rollout/            |          |
|    ep_len_mean      | 94.9     |
|    ep_rew_mean      | -6.38    |
|    exploration_rate | 0.05     |
| time/               |          |
|    episodes         | 364      |
|    fps              | 45       |
|    time_elapsed     | 492      |
|    total_timesteps  | 22552    |
| train/              |          |
|    learning_rate    | 0.0005   |
|    loss             | 0.033    |
|    n_updates        | 5387     |
----------------------------------
----------------------------------
| rollout/            |          |
|    ep_len_mean      | 92.5     |
|    ep_rew_mean      | -6.28    |
|    exploration_rate | 0.05     |
| time/               |          |
|    episodes         | 368      |
|    fps              | 45       |
|    time_elapsed     | 496      |
|    total_timesteps  | 22693    |
| train/              |          |
|    learning_rate    | 0.0005   |
|    loss             | 0.0411   |
|    n_updates        | 5423     |
----------------------------------
----------------------------------
| rollout/            |          |
|    ep_len_mean      | 93.5     |
|    ep_rew_mean      | -5.68    |
|    exploration_rate | 0.05     |
| time/               |          |
|    episodes         | 372      |
|    fps              | 45       |
|    time_elapsed     | 503      |
|    total_timesteps  | 23163    |
| train/              |          |
|    learning_rate    | 0.0005   |
|    loss             | 0.0133   |
|    n_updates        | 5540     |
----------------------------------
----------------------------------
| rollout/            |          |
|    ep_len_mean      | 95.5     |
|    ep_rew_mean      | -5.21    |
|    exploration_rate | 0.05     |
| time/               |          |
|    episodes         | 376      |
|    fps              | 45       |
|    time_elapsed     | 515      |
|    total_timesteps  | 23539    |
| train/              |          |
|    learning_rate    | 0.0005   |
|    loss             | 0.0446   |
|    n_updates        | 5634     |
----------------------------------
----------------------------------
| rollout/            |          |
|    ep_len_mean      | 98.2     |
|    ep_rew_mean      | -4.81    |
|    exploration_rate | 0.05     |
| time/               |          |
|    episodes         | 380      |
|    fps              | 45       |
|    time_elapsed     | 522      |
|    total_timesteps  | 23931    |
| train/              |          |
|    learning_rate    | 0.0005   |
|    loss             | 0.000911 |
|    n_updates        | 5732     |
----------------------------------
----------------------------------
| rollout/            |          |
|    ep_len_mean      | 99.3     |
|    ep_rew_mean      | -4.36    |
|    exploration_rate | 0.05     |
| time/               |          |
|    episodes         | 384      |
|    fps              | 45       |
|    time_elapsed     | 527      |
|    total_timesteps  | 24259    |
| train/              |          |
|    learning_rate    | 0.0005   |
|    loss             | 0.00236  |
|    n_updates        | 5814     |
----------------------------------
----------------------------------
| rollout/            |          |
|    ep_len_mean      | 99       |
|    ep_rew_mean      | -4.18    |
|    exploration_rate | 0.05     |
| time/               |          |
|    episodes         | 388      |
|    fps              | 46       |
|    time_elapsed     | 532      |
|    total_timesteps  | 24622    |
| train/              |          |
|    learning_rate    | 0.0005   |
|    loss             | 0.000403 |
|    n_updates        | 5905     |
----------------------------------
[Eval @25000] R=-0.9±3.9 CR=0.800 Spd=26.4 LC=2.1 SR=0.200
----------------------------------
| rollout/            |          |
|    ep_len_mean      | 101      |
|    ep_rew_mean      | -3.75    |
|    exploration_rate | 0.05     |
| time/               |          |
|    episodes         | 392      |
|    fps              | 42       |
|    time_elapsed     | 587      |
|    total_timesteps  | 25260    |
| train/              |          |
|    learning_rate    | 0.0005   |
|    loss             | 0.000358 |
|    n_updates        | 6064     |
----------------------------------
----------------------------------
| rollout/            |          |
|    ep_len_mean      | 101      |
|    ep_rew_mean      | -3.58    |
|    exploration_rate | 0.05     |
| time/               |          |
|    episodes         | 396      |
|    fps              | 42       |
|    time_elapsed     | 597      |
|    total_timesteps  | 25494    |
| train/              |          |
|    learning_rate    | 0.0005   |
|    loss             | 0.0154   |
|    n_updates        | 6123     |
----------------------------------
----------------------------------
| rollout/            |          |
|    ep_len_mean      | 99.2     |
|    ep_rew_mean      | -3.9     |
|    exploration_rate | 0.05     |
| time/               |          |
|    episodes         | 400      |
|    fps              | 42       |
|    time_elapsed     | 599      |
|    total_timesteps  | 25703    |
| train/              |          |
|    learning_rate    | 0.0005   |
|    loss             | 0.00204  |
|    n_updates        | 6175     |
----------------------------------
----------------------------------
| rollout/            |          |
|    ep_len_mean      | 94.7     |
|    ep_rew_mean      | -4.91    |
|    exploration_rate | 0.05     |
| time/               |          |
|    episodes         | 404      |
|    fps              | 42       |
|    time_elapsed     | 602      |
|    total_timesteps  | 25899    |
| train/              |          |
|    learning_rate    | 0.0005   |
|    loss             | 0.000827 |
|    n_updates        | 6224     |
----------------------------------
----------------------------------
| rollout/            |          |
|    ep_len_mean      | 93.6     |
|    ep_rew_mean      | -4.84    |
|    exploration_rate | 0.05     |
| time/               |          |
|    episodes         | 408      |
|    fps              | 43       |
|    time_elapsed     | 605      |
|    total_timesteps  | 26114    |
| train/              |          |
|    learning_rate    | 0.0005   |
|    loss             | 0.000376 |
|    n_updates        | 6278     |
----------------------------------
----------------------------------
| rollout/            |          |
|    ep_len_mean      | 94.9     |
|    ep_rew_mean      | -4.33    |
|    exploration_rate | 0.05     |
| time/               |          |
|    episodes         | 412      |
|    fps              | 43       |
|    time_elapsed     | 611      |
|    total_timesteps  | 26633    |
| train/              |          |
|    learning_rate    | 0.0005   |
|    loss             | 0.000747 |
|    n_updates        | 6408     |
----------------------------------
----------------------------------
| rollout/            |          |
|    ep_len_mean      | 94.9     |
|    ep_rew_mean      | -4.53    |
|    exploration_rate | 0.05     |
| time/               |          |
|    episodes         | 416      |
|    fps              | 43       |
|    time_elapsed     | 617      |
|    total_timesteps  | 27096    |
| train/              |          |
|    learning_rate    | 0.0005   |
|    loss             | 0.0628   |
|    n_updates        | 6523     |
----------------------------------
----------------------------------
| rollout/            |          |
|    ep_len_mean      | 94.2     |
|    ep_rew_mean      | -4.36    |
|    exploration_rate | 0.05     |
| time/               |          |
|    episodes         | 420      |
|    fps              | 44       |
|    time_elapsed     | 624      |
|    total_timesteps  | 27581    |
| train/              |          |
|    learning_rate    | 0.0005   |
|    loss             | 0.000307 |
|    n_updates        | 6645     |
----------------------------------
----------------------------------
| rollout/            |          |
|    ep_len_mean      | 94.6     |
|    ep_rew_mean      | -4.33    |
|    exploration_rate | 0.05     |
| time/               |          |
|    episodes         | 424      |
|    fps              | 44       |
|    time_elapsed     | 629      |
|    total_timesteps  | 27961    |
| train/              |          |
|    learning_rate    | 0.0005   |
|    loss             | 0.00142  |
|    n_updates        | 6740     |
----------------------------------
----------------------------------
| rollout/            |          |
|    ep_len_mean      | 93.8     |
|    ep_rew_mean      | -4.37    |
|    exploration_rate | 0.05     |
| time/               |          |
|    episodes         | 428      |
|    fps              | 44       |
|    time_elapsed     | 633      |
|    total_timesteps  | 28331    |
| train/              |          |
|    learning_rate    | 0.0005   |
|    loss             | 0.00188  |
|    n_updates        | 6832     |
----------------------------------
----------------------------------
| rollout/            |          |
|    ep_len_mean      | 94       |
|    ep_rew_mean      | -4.33    |
|    exploration_rate | 0.05     |
| time/               |          |
|    episodes         | 432      |
|    fps              | 44       |
|    time_elapsed     | 637      |
|    total_timesteps  | 28608    |
| train/              |          |
|    learning_rate    | 0.0005   |
|    loss             | 0.000749 |
|    n_updates        | 6901     |
----------------------------------
----------------------------------
| rollout/            |          |
|    ep_len_mean      | 91.6     |
|    ep_rew_mean      | -4.66    |
|    exploration_rate | 0.05     |
| time/               |          |
|    episodes         | 436      |
|    fps              | 45       |
|    time_elapsed     | 641      |
|    total_timesteps  | 28907    |
| train/              |          |
|    learning_rate    | 0.0005   |
|    loss             | 0.0267   |
|    n_updates        | 6976     |
----------------------------------
----------------------------------
| rollout/            |          |
|    ep_len_mean      | 93.4     |
|    ep_rew_mean      | -4.17    |
|    exploration_rate | 0.05     |
| time/               |          |
|    episodes         | 440      |
|    fps              | 45       |
|    time_elapsed     | 648      |
|    total_timesteps  | 29433    |
| train/              |          |
|    learning_rate    | 0.0005   |
|    loss             | 0.00071  |
|    n_updates        | 7108     |
----------------------------------
----------------------------------
| rollout/            |          |
|    ep_len_mean      | 94.7     |
|    ep_rew_mean      | -3.68    |
|    exploration_rate | 0.05     |
| time/               |          |
|    episodes         | 444      |
|    fps              | 45       |
|    time_elapsed     | 653      |
|    total_timesteps  | 29862    |
| train/              |          |
|    learning_rate    | 0.0005   |
|    loss             | 0.036    |
|    n_updates        | 7215     |
----------------------------------
[Eval @30000] NEW BEST mean_reward=2.620
[Eval @30000] R=2.6±5.0 CR=0.500 Spd=23.1 LC=0.2 SR=0.500
----------------------------------
| rollout/            |          |
|    ep_len_mean      | 92.2     |
|    ep_rew_mean      | -3.83    |
|    exploration_rate | 0.05     |
| time/               |          |
|    episodes         | 448      |
|    fps              | 44       |
|    time_elapsed     | 674      |
|    total_timesteps  | 30242    |
| train/              |          |
|    learning_rate    | 0.0005   |
|    loss             | 0.000908 |
|    n_updates        | 7310     |
----------------------------------
----------------------------------
| rollout/            |          |
|    ep_len_mean      | 89.4     |
|    ep_rew_mean      | -4.41    |
|    exploration_rate | 0.05     |
| time/               |          |
|    episodes         | 452      |
|    fps              | 44       |
|    time_elapsed     | 677      |
|    total_timesteps  | 30415    |
| train/              |          |
|    learning_rate    | 0.0005   |
|    loss             | 0.0636   |
|    n_updates        | 7353     |
----------------------------------
----------------------------------
| rollout/            |          |
|    ep_len_mean      | 90.9     |
|    ep_rew_mean      | -4.11    |
|    exploration_rate | 0.05     |
| time/               |          |
|    episodes         | 456      |
|    fps              | 45       |
|    time_elapsed     | 684      |
|    total_timesteps  | 30924    |
| train/              |          |
|    learning_rate    | 0.0005   |
|    loss             | 0.0322   |
|    n_updates        | 7480     |
----------------------------------
----------------------------------
| rollout/            |          |
|    ep_len_mean      | 91.1     |
|    ep_rew_mean      | -4.28    |
|    exploration_rate | 0.05     |
| time/               |          |
|    episodes         | 460      |
|    fps              | 45       |
|    time_elapsed     | 688      |
|    total_timesteps  | 31283    |
| train/              |          |
|    learning_rate    | 0.0005   |
|    loss             | 0.0131   |
|    n_updates        | 7570     |
----------------------------------
----------------------------------
| rollout/            |          |
|    ep_len_mean      | 91.5     |
|    ep_rew_mean      | -4.27    |
|    exploration_rate | 0.05     |
| time/               |          |
|    episodes         | 464      |
|    fps              | 45       |
|    time_elapsed     | 694      |
|    total_timesteps  | 31703    |
| train/              |          |
|    learning_rate    | 0.0005   |
|    loss             | 0.00753  |
|    n_updates        | 7675     |
----------------------------------
----------------------------------
| rollout/            |          |
|    ep_len_mean      | 91.7     |
|    ep_rew_mean      | -4.24    |
|    exploration_rate | 0.05     |
| time/               |          |
|    episodes         | 468      |
|    fps              | 45       |
|    time_elapsed     | 696      |
|    total_timesteps  | 31858    |
| train/              |          |
|    learning_rate    | 0.0005   |
|    loss             | 0.00392  |
|    n_updates        | 7714     |
----------------------------------
----------------------------------
| rollout/            |          |
|    ep_len_mean      | 90       |
|    ep_rew_mean      | -4.7     |
|    exploration_rate | 0.05     |
| time/               |          |
|    episodes         | 472      |
|    fps              | 45       |
|    time_elapsed     | 700      |
|    total_timesteps  | 32163    |
| train/              |          |
|    learning_rate    | 0.0005   |
|    loss             | 0.000561 |
|    n_updates        | 7790     |
----------------------------------
----------------------------------
| rollout/            |          |
|    ep_len_mean      | 91.4     |
|    ep_rew_mean      | -4.3     |
|    exploration_rate | 0.05     |
| time/               |          |
|    episodes         | 476      |
|    fps              | 46       |
|    time_elapsed     | 706      |
|    total_timesteps  | 32678    |
| train/              |          |
|    learning_rate    | 0.0005   |
|    loss             | 0.000589 |
|    n_updates        | 7919     |
----------------------------------
----------------------------------
| rollout/            |          |
|    ep_len_mean      | 91       |
|    ep_rew_mean      | -4.19    |
|    exploration_rate | 0.05     |
| time/               |          |
|    episodes         | 480      |
|    fps              | 46       |
|    time_elapsed     | 711      |
|    total_timesteps  | 33026    |
| train/              |          |
|    learning_rate    | 0.0005   |
|    loss             | 0.000415 |
|    n_updates        | 8006     |
----------------------------------
----------------------------------
| rollout/            |          |
|    ep_len_mean      | 90.5     |
|    ep_rew_mean      | -4.41    |
|    exploration_rate | 0.05     |
| time/               |          |
|    episodes         | 484      |
|    fps              | 46       |
|    time_elapsed     | 715      |
|    total_timesteps  | 33310    |
| train/              |          |
|    learning_rate    | 0.0005   |
|    loss             | 0.00146  |
|    n_updates        | 8077     |
----------------------------------
----------------------------------
| rollout/            |          |
|    ep_len_mean      | 90.2     |
|    ep_rew_mean      | -4.61    |
|    exploration_rate | 0.05     |
| time/               |          |
|    episodes         | 488      |
|    fps              | 46       |
|    time_elapsed     | 719      |
|    total_timesteps  | 33642    |
| train/              |          |
|    learning_rate    | 0.0005   |
|    loss             | 0.0016   |
|    n_updates        | 8160     |
----------------------------------
----------------------------------
| rollout/            |          |
|    ep_len_mean      | 87.3     |
|    ep_rew_mean      | -5.45    |
|    exploration_rate | 0.05     |
| time/               |          |
|    episodes         | 492      |
|    fps              | 46       |
|    time_elapsed     | 724      |
|    total_timesteps  | 33988    |
| train/              |          |
|    learning_rate    | 0.0005   |
|    loss             | 0.0504   |
|    n_updates        | 8246     |
----------------------------------
----------------------------------
| rollout/            |          |
|    ep_len_mean      | 88.1     |
|    ep_rew_mean      | -5.38    |
|    exploration_rate | 0.05     |
| time/               |          |
|    episodes         | 496      |
|    fps              | 47       |
|    time_elapsed     | 728      |
|    total_timesteps  | 34307    |
| train/              |          |
|    learning_rate    | 0.0005   |
|    loss             | 0.000469 |
|    n_updates        | 8326     |
----------------------------------
----------------------------------
| rollout/            |          |
|    ep_len_mean      | 89.2     |
|    ep_rew_mean      | -4.96    |
|    exploration_rate | 0.05     |
| time/               |          |
|    episodes         | 500      |
|    fps              | 47       |
|    time_elapsed     | 732      |
|    total_timesteps  | 34628    |
| train/              |          |
|    learning_rate    | 0.0005   |
|    loss             | 0.0761   |
|    n_updates        | 8406     |
----------------------------------
[Eval @35000] R=0.1±4.2 CR=0.800 Spd=24.9 LC=0.3 SR=0.200
----------------------------------
| rollout/            |          |
|    ep_len_mean      | 94.9     |
|    ep_rew_mean      | -3.7     |
|    exploration_rate | 0.05     |
| time/               |          |
|    episodes         | 504      |
|    fps              | 46       |
|    time_elapsed     | 754      |
|    total_timesteps  | 35392    |
| train/              |          |
|    learning_rate    | 0.0005   |
|    loss             | 0.0011   |
|    n_updates        | 8597     |
----------------------------------
----------------------------------
| rollout/            |          |
|    ep_len_mean      | 96.2     |
|    ep_rew_mean      | -3.2     |
|    exploration_rate | 0.05     |
| time/               |          |
|    episodes         | 508      |
|    fps              | 47       |
|    time_elapsed     | 759      |
|    total_timesteps  | 35737    |
| train/              |          |
|    learning_rate    | 0.0005   |
|    loss             | 0.0025   |
|    n_updates        | 8684     |
----------------------------------
----------------------------------
| rollout/            |          |
|    ep_len_mean      | 94.5     |
|    ep_rew_mean      | -3.69    |
|    exploration_rate | 0.05     |
| time/               |          |
|    episodes         | 512      |
|    fps              | 47       |
|    time_elapsed     | 763      |
|    total_timesteps  | 36081    |
| train/              |          |
|    learning_rate    | 0.0005   |
|    loss             | 0.000514 |
|    n_updates        | 8770     |
----------------------------------
----------------------------------
| rollout/            |          |
|    ep_len_mean      | 92.9     |
|    ep_rew_mean      | -4.05    |
|    exploration_rate | 0.05     |
| time/               |          |
|    episodes         | 516      |
|    fps              | 47       |
|    time_elapsed     | 767      |
|    total_timesteps  | 36383    |
| train/              |          |
|    learning_rate    | 0.0005   |
|    loss             | 0.0652   |
|    n_updates        | 8845     |
----------------------------------
----------------------------------
| rollout/            |          |
|    ep_len_mean      | 92.8     |
|    ep_rew_mean      | -4.02    |
|    exploration_rate | 0.05     |
| time/               |          |
|    episodes         | 520      |
|    fps              | 47       |
|    time_elapsed     | 773      |
|    total_timesteps  | 36862    |
| train/              |          |
|    learning_rate    | 0.0005   |
|    loss             | 0.000427 |
|    n_updates        | 8965     |
----------------------------------
----------------------------------
| rollout/            |          |
|    ep_len_mean      | 92.2     |
|    ep_rew_mean      | -4.03    |
|    exploration_rate | 0.05     |
| time/               |          |
|    episodes         | 524      |
|    fps              | 47       |
|    time_elapsed     | 778      |
|    total_timesteps  | 37183    |
| train/              |          |
|    learning_rate    | 0.0005   |
|    loss             | 0.0331   |
|    n_updates        | 9045     |
----------------------------------
----------------------------------
| rollout/            |          |
|    ep_len_mean      | 91.9     |
|    ep_rew_mean      | -3.97    |
|    exploration_rate | 0.05     |
| time/               |          |
|    episodes         | 528      |
|    fps              | 47       |
|    time_elapsed     | 782      |
|    total_timesteps  | 37520    |
| train/              |          |
|    learning_rate    | 0.0005   |
|    loss             | 0.000479 |
|    n_updates        | 9129     |
----------------------------------
----------------------------------
| rollout/            |          |
|    ep_len_mean      | 93.7     |
|    ep_rew_mean      | -3.25    |
|    exploration_rate | 0.05     |
| time/               |          |
|    episodes         | 532      |
|    fps              | 47       |
|    time_elapsed     | 792      |
|    total_timesteps  | 37980    |
| train/              |          |
|    learning_rate    | 0.0005   |
|    loss             | 0.000666 |
|    n_updates        | 9244     |
----------------------------------
----------------------------------
| rollout/            |          |
|    ep_len_mean      | 94.4     |
|    ep_rew_mean      | -3.06    |
|    exploration_rate | 0.05     |
| time/               |          |
|    episodes         | 536      |
|    fps              | 47       |
|    time_elapsed     | 799      |
|    total_timesteps  | 38351    |
| train/              |          |
|    learning_rate    | 0.0005   |
|    loss             | 0.0267   |
|    n_updates        | 9337     |
----------------------------------
----------------------------------
| rollout/            |          |
|    ep_len_mean      | 91.8     |
|    ep_rew_mean      | -3.83    |
|    exploration_rate | 0.05     |
| time/               |          |
|    episodes         | 540      |
|    fps              | 48       |
|    time_elapsed     | 803      |
|    total_timesteps  | 38617    |
| train/              |          |
|    learning_rate    | 0.0005   |
|    loss             | 0.0122   |
|    n_updates        | 9404     |
----------------------------------
----------------------------------
| rollout/            |          |
|    ep_len_mean      | 92.2     |
|    ep_rew_mean      | -3.58    |
|    exploration_rate | 0.05     |
| time/               |          |
|    episodes         | 544      |
|    fps              | 48       |
|    time_elapsed     | 809      |
|    total_timesteps  | 39082    |
| train/              |          |
|    learning_rate    | 0.0005   |
|    loss             | 0.0407   |
|    n_updates        | 9520     |
----------------------------------
----------------------------------
| rollout/            |          |
|    ep_len_mean      | 91.4     |
|    ep_rew_mean      | -3.6     |
|    exploration_rate | 0.05     |
| time/               |          |
|    episodes         | 548      |
|    fps              | 48       |
|    time_elapsed     | 813      |
|    total_timesteps  | 39384    |
| train/              |          |
|    learning_rate    | 0.0005   |
|    loss             | 0.0278   |
|    n_updates        | 9595     |
----------------------------------
----------------------------------
| rollout/            |          |
|    ep_len_mean      | 93.9     |
|    ep_rew_mean      | -3.11    |
|    exploration_rate | 0.05     |
| time/               |          |
|    episodes         | 552      |
|    fps              | 48       |
|    time_elapsed     | 819      |
|    total_timesteps  | 39809    |
| train/              |          |
|    learning_rate    | 0.0005   |
|    loss             | 0.0102   |
|    n_updates        | 9702     |
----------------------------------
----------------------------------
| rollout/            |          |
|    ep_len_mean      | 90.7     |
|    ep_rew_mean      | -3.72    |
|    exploration_rate | 0.05     |
| time/               |          |
|    episodes         | 556      |
|    fps              | 48       |
|    time_elapsed     | 822      |
|    total_timesteps  | 39995    |
| train/              |          |
|    learning_rate    | 0.0005   |
|    loss             | 0.000252 |
|    n_updates        | 9748     |
----------------------------------
[Eval @40000] R=1.7±4.7 CR=0.600 Spd=23.6 LC=0.8 SR=0.400
----------------------------------
| rollout/            |          |
|    ep_len_mean      | 92.5     |
|    ep_rew_mean      | -2.95    |
|    exploration_rate | 0.05     |
| time/               |          |
|    episodes         | 560      |
|    fps              | 48       |
|    time_elapsed     | 844      |
|    total_timesteps  | 40533    |
| train/              |          |
|    learning_rate    | 0.0005   |
|    loss             | 0.000918 |
|    n_updates        | 9883     |
----------------------------------
----------------------------------
| rollout/            |          |
|    ep_len_mean      | 90.3     |
|    ep_rew_mean      | -3.41    |
|    exploration_rate | 0.05     |
| time/               |          |
|    episodes         | 564      |
|    fps              | 48       |
|    time_elapsed     | 846      |
|    total_timesteps  | 40737    |
| train/              |          |
|    learning_rate    | 0.0005   |
|    loss             | 0.0105   |
|    n_updates        | 9934     |
----------------------------------
----------------------------------
| rollout/            |          |
|    ep_len_mean      | 93.6     |
|    ep_rew_mean      | -2.96    |
|    exploration_rate | 0.05     |
| time/               |          |
|    episodes         | 568      |
|    fps              | 48       |
|    time_elapsed     | 852      |
|    total_timesteps  | 41219    |
| train/              |          |
|    learning_rate    | 0.0005   |
|    loss             | 0.000621 |
|    n_updates        | 10054    |
----------------------------------
----------------------------------
| rollout/            |          |
|    ep_len_mean      | 93.3     |
|    ep_rew_mean      | -2.89    |
|    exploration_rate | 0.05     |
| time/               |          |
|    episodes         | 572      |
|    fps              | 48       |
|    time_elapsed     | 856      |
|    total_timesteps  | 41493    |
| train/              |          |
|    learning_rate    | 0.0005   |
|    loss             | 0.044    |
|    n_updates        | 10123    |
----------------------------------
----------------------------------
| rollout/            |          |
|    ep_len_mean      | 93.1     |
|    ep_rew_mean      | -2.64    |
|    exploration_rate | 0.05     |
| time/               |          |
|    episodes         | 576      |
|    fps              | 48       |
|    time_elapsed     | 862      |
|    total_timesteps  | 41990    |
| train/              |          |
|    learning_rate    | 0.0005   |
|    loss             | 0.0383   |
|    n_updates        | 10247    |
----------------------------------
----------------------------------
| rollout/            |          |
|    ep_len_mean      | 93.3     |
|    ep_rew_mean      | -2.51    |
|    exploration_rate | 0.05     |
| time/               |          |
|    episodes         | 580      |
|    fps              | 48       |
|    time_elapsed     | 867      |
|    total_timesteps  | 42360    |
| train/              |          |
|    learning_rate    | 0.0005   |
|    loss             | 0.00121  |
|    n_updates        | 10339    |
----------------------------------
----------------------------------
| rollout/            |          |
|    ep_len_mean      | 95.9     |
|    ep_rew_mean      | -1.69    |
|    exploration_rate | 0.05     |
| time/               |          |
|    episodes         | 584      |
|    fps              | 49       |
|    time_elapsed     | 874      |
|    total_timesteps  | 42898    |
| train/              |          |
|    learning_rate    | 0.0005   |
|    loss             | 0.0438   |
|    n_updates        | 10474    |
----------------------------------
----------------------------------
| rollout/            |          |
|    ep_len_mean      | 95.8     |
|    ep_rew_mean      | -1.78    |
|    exploration_rate | 0.05     |
| time/               |          |
|    episodes         | 588      |
|    fps              | 49       |
|    time_elapsed     | 878      |
|    total_timesteps  | 43220    |
| train/              |          |
|    learning_rate    | 0.0005   |
|    loss             | 0.00127  |
|    n_updates        | 10554    |
----------------------------------
----------------------------------
| rollout/            |          |
|    ep_len_mean      | 97.2     |
|    ep_rew_mean      | -1.52    |
|    exploration_rate | 0.05     |
| time/               |          |
|    episodes         | 592      |
|    fps              | 49       |
|    time_elapsed     | 885      |
|    total_timesteps  | 43704    |
| train/              |          |
|    learning_rate    | 0.0005   |
|    loss             | 0.0683   |
|    n_updates        | 10675    |
----------------------------------
----------------------------------
| rollout/            |          |
|    ep_len_mean      | 98       |
|    ep_rew_mean      | -1.09    |
|    exploration_rate | 0.05     |
| time/               |          |
|    episodes         | 596      |
|    fps              | 49       |
|    time_elapsed     | 890      |
|    total_timesteps  | 44109    |
| train/              |          |
|    learning_rate    | 0.0005   |
|    loss             | 0.00099  |
|    n_updates        | 10777    |
----------------------------------
----------------------------------
| rollout/            |          |
|    ep_len_mean      | 99.6     |
|    ep_rew_mean      | -0.598   |
|    exploration_rate | 0.05     |
| time/               |          |
|    episodes         | 600      |
|    fps              | 49       |
|    time_elapsed     | 896      |
|    total_timesteps  | 44584    |
| train/              |          |
|    learning_rate    | 0.0005   |
|    loss             | 0.0309   |
|    n_updates        | 10895    |
----------------------------------
----------------------------------
| rollout/            |          |
|    ep_len_mean      | 96       |
|    ep_rew_mean      | -1.42    |
|    exploration_rate | 0.05     |
| time/               |          |
|    episodes         | 604      |
|    fps              | 49       |
|    time_elapsed     | 901      |
|    total_timesteps  | 44991    |
| train/              |          |
|    learning_rate    | 0.0005   |
|    loss             | 0.0234   |
|    n_updates        | 10997    |
----------------------------------
[Eval @45000] R=1.7±4.1 CR=0.700 Spd=24.2 LC=0.3 SR=0.300
----------------------------------
| rollout/            |          |
|    ep_len_mean      | 97.5     |
|    ep_rew_mean      | -1.22    |
|    exploration_rate | 0.05     |
| time/               |          |
|    episodes         | 608      |
|    fps              | 49       |
|    time_elapsed     | 924      |
|    total_timesteps  | 45482    |
| train/              |          |
|    learning_rate    | 0.0005   |
|    loss             | 0.00953  |
|    n_updates        | 11120    |
----------------------------------
----------------------------------
| rollout/            |          |
|    ep_len_mean      | 96.9     |
|    ep_rew_mean      | -1.45    |
|    exploration_rate | 0.05     |
| time/               |          |
|    episodes         | 612      |
|    fps              | 49       |
|    time_elapsed     | 928      |
|    total_timesteps  | 45771    |
| train/              |          |
|    learning_rate    | 0.0005   |
|    loss             | 0.00222  |
|    n_updates        | 11192    |
----------------------------------
----------------------------------
| rollout/            |          |
|    ep_len_mean      | 99.4     |
|    ep_rew_mean      | -0.816   |
|    exploration_rate | 0.05     |
| time/               |          |
|    episodes         | 616      |
|    fps              | 49       |
|    time_elapsed     | 935      |
|    total_timesteps  | 46319    |
| train/              |          |
|    learning_rate    | 0.0005   |
|    loss             | 0.0131   |
|    n_updates        | 11329    |
----------------------------------
----------------------------------
| rollout/            |          |
|    ep_len_mean      | 96.7     |
|    ep_rew_mean      | -1.42    |
|    exploration_rate | 0.05     |
| time/               |          |
|    episodes         | 620      |
|    fps              | 49       |
|    time_elapsed     | 937      |
|    total_timesteps  | 46534    |
| train/              |          |
|    learning_rate    | 0.0005   |
|    loss             | 0.00101  |
|    n_updates        | 11383    |
----------------------------------
----------------------------------
| rollout/            |          |
|    ep_len_mean      | 98.7     |
|    ep_rew_mean      | -1.1     |
|    exploration_rate | 0.05     |
| time/               |          |
|    episodes         | 624      |
|    fps              | 49       |
|    time_elapsed     | 944      |
|    total_timesteps  | 47053    |
| train/              |          |
|    learning_rate    | 0.0005   |
|    loss             | 0.00157  |
|    n_updates        | 11513    |
----------------------------------
----------------------------------
| rollout/            |          |
|    ep_len_mean      | 102      |
|    ep_rew_mean      | -0.398   |
|    exploration_rate | 0.05     |
| time/               |          |
|    episodes         | 628      |
|    fps              | 50       |
|    time_elapsed     | 953      |
|    total_timesteps  | 47713    |
| train/              |          |
|    learning_rate    | 0.0005   |
|    loss             | 0.0133   |
|    n_updates        | 11678    |
----------------------------------
----------------------------------
| rollout/            |          |
|    ep_len_mean      | 103      |
|    ep_rew_mean      | -0.437   |
|    exploration_rate | 0.05     |
| time/               |          |
|    episodes         | 632      |
|    fps              | 50       |
|    time_elapsed     | 961      |
|    total_timesteps  | 48314    |
| train/              |          |
|    learning_rate    | 0.0005   |
|    loss             | 0.000639 |
|    n_updates        | 11828    |
----------------------------------
----------------------------------
| rollout/            |          |
|    ep_len_mean      | 104      |
|    ep_rew_mean      | 0.119    |
|    exploration_rate | 0.05     |
| time/               |          |
|    episodes         | 636      |
|    fps              | 50       |
|    time_elapsed     | 967      |
|    total_timesteps  | 48793    |
| train/              |          |
|    learning_rate    | 0.0005   |
|    loss             | 0.000334 |
|    n_updates        | 11948    |
----------------------------------
----------------------------------
| rollout/            |          |
|    ep_len_mean      | 104      |
|    ep_rew_mean      | -0.00572 |
|    exploration_rate | 0.05     |
| time/               |          |
|    episodes         | 640      |
|    fps              | 50       |
|    time_elapsed     | 970      |
|    total_timesteps  | 49013    |
| train/              |          |
|    learning_rate    | 0.0005   |
|    loss             | 0.0088   |
|    n_updates        | 12003    |
----------------------------------
----------------------------------
| rollout/            |          |
|    ep_len_mean      | 104      |
|    ep_rew_mean      | -0.235   |
|    exploration_rate | 0.05     |
| time/               |          |
|    episodes         | 644      |
|    fps              | 50       |
|    time_elapsed     | 975      |
|    total_timesteps  | 49436    |
| train/              |          |
|    learning_rate    | 0.0005   |
|    loss             | 0.000352 |
|    n_updates        | 12108    |
----------------------------------
----------------------------------
| rollout/            |          |
|    ep_len_mean      | 105      |
|    ep_rew_mean      | -0.0541  |
|    exploration_rate | 0.05     |
| time/               |          |
|    episodes         | 648      |
|    fps              | 50       |
|    time_elapsed     | 980      |
|    total_timesteps  | 49839    |
| train/              |          |
|    learning_rate    | 0.0005   |
|    loss             | 0.0271   |
|    n_updates        | 12209    |
----------------------------------
[Eval @50000] R=1.8±3.5 CR=0.800 Spd=25.0 LC=0.6 SR=0.200
[DQN] Done. Model: ./logs/dqn/conservative/seed_42/final_model.zip
