[WARNING] GrayscaleImage not available, falling back to OccupancyGrid.
[PPO] reward=balanced seed=456 steps=50000 policy=MlpPolicy
[PPO] run_dir=./logs/ppo/balanced/seed_456
[WARNING] GrayscaleImage not available, falling back to OccupancyGrid.
[WARNING] GrayscaleImage not available, falling back to OccupancyGrid.
Using cpu device
Logging to ./logs/ppo/balanced/seed_456/ppo_balanced_seed456_1
---------------------------------
| rollout/           |          |
|    ep_len_mean     | 33.9     |
|    ep_rew_mean     | 0.28     |
| time/              |          |
|    fps             | 76       |
|    iterations      | 1        |
|    time_elapsed    | 6        |
|    total_timesteps | 512      |
---------------------------------
------------------------------------------
| rollout/                |              |
|    ep_len_mean          | 37.9         |
|    ep_rew_mean          | 1.32         |
| time/                   |              |
|    fps                  | 76           |
|    iterations           | 2            |
|    time_elapsed         | 13           |
|    total_timesteps      | 1024         |
| train/                  |              |
|    approx_kl            | 0.0026424746 |
|    clip_fraction        | 0.00313      |
|    clip_range           | 0.2          |
|    entropy_loss         | -1.61        |
|    explained_variance   | -0.234       |
|    learning_rate        | 0.0003       |
|    loss                 | 1.66         |
|    n_updates            | 10           |
|    policy_gradient_loss | -0.0139      |
|    value_loss           | 0.887        |
------------------------------------------
------------------------------------------
| rollout/                |              |
|    ep_len_mean          | 39.6         |
|    ep_rew_mean          | 1.95         |
| time/                   |              |
|    fps                  | 76           |
|    iterations           | 3            |
|    time_elapsed         | 20           |
|    total_timesteps      | 1536         |
| train/                  |              |
|    approx_kl            | 0.0075286035 |
|    clip_fraction        | 0.0266       |
|    clip_range           | 0.2          |
|    entropy_loss         | -1.61        |
|    explained_variance   | -0.113       |
|    learning_rate        | 0.0003       |
|    loss                 | -0.0576      |
|    n_updates            | 20           |
|    policy_gradient_loss | -0.0309      |
|    value_loss           | 0.163        |
------------------------------------------
-----------------------------------------
| rollout/                |             |
|    ep_len_mean          | 44.4        |
|    ep_rew_mean          | 3.44        |
| time/                   |             |
|    fps                  | 76          |
|    iterations           | 4           |
|    time_elapsed         | 26          |
|    total_timesteps      | 2048        |
| train/                  |             |
|    approx_kl            | 0.009913722 |
|    clip_fraction        | 0.0715      |
|    clip_range           | 0.2         |
|    entropy_loss         | -1.59       |
|    explained_variance   | 0.115       |
|    learning_rate        | 0.0003      |
|    loss                 | -0.0386     |
|    n_updates            | 30          |
|    policy_gradient_loss | -0.0426     |
|    value_loss           | 0.0902      |
-----------------------------------------
-----------------------------------------
| rollout/                |             |
|    ep_len_mean          | 47.8        |
|    ep_rew_mean          | 4.68        |
| time/                   |             |
|    fps                  | 64          |
|    iterations           | 5           |
|    time_elapsed         | 39          |
|    total_timesteps      | 2560        |
| train/                  |             |
|    approx_kl            | 0.010458263 |
|    clip_fraction        | 0.0572      |
|    clip_range           | 0.2         |
|    entropy_loss         | -1.58       |
|    explained_variance   | -0.0481     |
|    learning_rate        | 0.0003      |
|    loss                 | -0.0706     |
|    n_updates            | 40          |
|    policy_gradient_loss | -0.0419     |
|    value_loss           | 0.0861      |
-----------------------------------------
------------------------------------------
| rollout/                |              |
|    ep_len_mean          | 54           |
|    ep_rew_mean          | 6.66         |
| time/                   |              |
|    fps                  | 50           |
|    iterations           | 6            |
|    time_elapsed         | 60           |
|    total_timesteps      | 3072         |
| train/                  |              |
|    approx_kl            | 0.0121629555 |
|    clip_fraction        | 0.0934       |
|    clip_range           | 0.2          |
|    entropy_loss         | -1.57        |
|    explained_variance   | -0.98        |
|    learning_rate        | 0.0003       |
|    loss                 | -0.0922      |
|    n_updates            | 50           |
|    policy_gradient_loss | -0.0504      |
|    value_loss           | 0.0286       |
------------------------------------------
-----------------------------------------
| rollout/                |             |
|    ep_len_mean          | 58.5        |
|    ep_rew_mean          | 8.27        |
| time/                   |             |
|    fps                  | 44          |
|    iterations           | 7           |
|    time_elapsed         | 81          |
|    total_timesteps      | 3584        |
| train/                  |             |
|    approx_kl            | 0.016100328 |
|    clip_fraction        | 0.138       |
|    clip_range           | 0.2         |
|    entropy_loss         | -1.55       |
|    explained_variance   | -0.211      |
|    learning_rate        | 0.0003      |
|    loss                 | -0.0753     |
|    n_updates            | 60          |
|    policy_gradient_loss | -0.0578     |
|    value_loss           | 0.0417      |
-----------------------------------------
-----------------------------------------
| rollout/                |             |
|    ep_len_mean          | 62.9        |
|    ep_rew_mean          | 9.95        |
| time/                   |             |
|    fps                  | 40          |
|    iterations           | 8           |
|    time_elapsed         | 101         |
|    total_timesteps      | 4096        |
| train/                  |             |
|    approx_kl            | 0.015363159 |
|    clip_fraction        | 0.109       |
|    clip_range           | 0.2         |
|    entropy_loss         | -1.52       |
|    explained_variance   | -0.539      |
|    learning_rate        | 0.0003      |
|    loss                 | -0.103      |
|    n_updates            | 70          |
|    policy_gradient_loss | -0.0463     |
|    value_loss           | 0.0286      |
-----------------------------------------
-----------------------------------------
| rollout/                |             |
|    ep_len_mean          | 66.3        |
|    ep_rew_mean          | 11.2        |
| time/                   |             |
|    fps                  | 37          |
|    iterations           | 9           |
|    time_elapsed         | 122         |
|    total_timesteps      | 4608        |
| train/                  |             |
|    approx_kl            | 0.016054377 |
|    clip_fraction        | 0.139       |
|    clip_range           | 0.2         |
|    entropy_loss         | -1.49       |
|    explained_variance   | -2.36       |
|    learning_rate        | 0.0003      |
|    loss                 | -0.112      |
|    n_updates            | 80          |
|    policy_gradient_loss | -0.0554     |
|    value_loss           | 0.0144      |
-----------------------------------------
[Eval @5000] NEW BEST mean_reward=10.390
[Eval @5000] R=10.4±7.1 CR=0.000 Spd=21.2 LC=18.1 SR=1.000
-----------------------------------------
| rollout/                |             |
|    ep_len_mean          | 68.5        |
|    ep_rew_mean          | 12.1        |
| time/                   |             |
|    fps                  | 23          |
|    iterations           | 10          |
|    time_elapsed         | 218         |
|    total_timesteps      | 5120        |
| train/                  |             |
|    approx_kl            | 0.016686156 |
|    clip_fraction        | 0.136       |
|    clip_range           | 0.2         |
|    entropy_loss         | -1.47       |
|    explained_variance   | -1.2        |
|    learning_rate        | 0.0003      |
|    loss                 | -0.101      |
|    n_updates            | 90          |
|    policy_gradient_loss | -0.0578     |
|    value_loss           | 0.0195      |
-----------------------------------------
-----------------------------------------
| rollout/                |             |
|    ep_len_mean          | 70.5        |
|    ep_rew_mean          | 12.8        |
| time/                   |             |
|    fps                  | 25          |
|    iterations           | 11          |
|    time_elapsed         | 225         |
|    total_timesteps      | 5632        |
| train/                  |             |
|    approx_kl            | 0.014215127 |
|    clip_fraction        | 0.131       |
|    clip_range           | 0.2         |
|    entropy_loss         | -1.43       |
|    explained_variance   | 0.128       |
|    learning_rate        | 0.0003      |
|    loss                 | -0.0874     |
|    n_updates            | 100         |
|    policy_gradient_loss | -0.0493     |
|    value_loss           | 0.0207      |
-----------------------------------------
-----------------------------------------
| rollout/                |             |
|    ep_len_mean          | 72.2        |
|    ep_rew_mean          | 13.5        |
| time/                   |             |
|    fps                  | 26          |
|    iterations           | 12          |
|    time_elapsed         | 231         |
|    total_timesteps      | 6144        |
| train/                  |             |
|    approx_kl            | 0.018866647 |
|    clip_fraction        | 0.176       |
|    clip_range           | 0.2         |
|    entropy_loss         | -1.44       |
|    explained_variance   | -0.522      |
|    learning_rate        | 0.0003      |
|    loss                 | -0.116      |
|    n_updates            | 110         |
|    policy_gradient_loss | -0.0597     |
|    value_loss           | 0.0271      |
-----------------------------------------
-----------------------------------------
| rollout/                |             |
|    ep_len_mean          | 74.5        |
|    ep_rew_mean          | 14.3        |
| time/                   |             |
|    fps                  | 27          |
|    iterations           | 13          |
|    time_elapsed         | 238         |
|    total_timesteps      | 6656        |
| train/                  |             |
|    approx_kl            | 0.017556041 |
|    clip_fraction        | 0.175       |
|    clip_range           | 0.2         |
|    entropy_loss         | -1.4        |
|    explained_variance   | -0.0218     |
|    learning_rate        | 0.0003      |
|    loss                 | -0.118      |
|    n_updates            | 120         |
|    policy_gradient_loss | -0.0593     |
|    value_loss           | 0.0167      |
-----------------------------------------
-----------------------------------------
| rollout/                |             |
|    ep_len_mean          | 76.8        |
|    ep_rew_mean          | 15.2        |
| time/                   |             |
|    fps                  | 29          |
|    iterations           | 14          |
|    time_elapsed         | 244         |
|    total_timesteps      | 7168        |
| train/                  |             |
|    approx_kl            | 0.017687632 |
|    clip_fraction        | 0.162       |
|    clip_range           | 0.2         |
|    entropy_loss         | -1.34       |
|    explained_variance   | -0.173      |
|    learning_rate        | 0.0003      |
|    loss                 | -0.0872     |
|    n_updates            | 130         |
|    policy_gradient_loss | -0.0542     |
|    value_loss           | 0.0216      |
-----------------------------------------
-----------------------------------------
| rollout/                |             |
|    ep_len_mean          | 80.6        |
|    ep_rew_mean          | 16.7        |
| time/                   |             |
|    fps                  | 30          |
|    iterations           | 15          |
|    time_elapsed         | 251         |
|    total_timesteps      | 7680        |
| train/                  |             |
|    approx_kl            | 0.017634964 |
|    clip_fraction        | 0.155       |
|    clip_range           | 0.2         |
|    entropy_loss         | -1.35       |
|    explained_variance   | -0.626      |
|    learning_rate        | 0.0003      |
|    loss                 | -0.105      |
|    n_updates            | 140         |
|    policy_gradient_loss | -0.0578     |
|    value_loss           | 0.0127      |
-----------------------------------------
---------------------------------------
| rollout/                |           |
|    ep_len_mean          | 83        |
|    ep_rew_mean          | 17.7      |
| time/                   |           |
|    fps                  | 31        |
|    iterations           | 16        |
|    time_elapsed         | 258       |
|    total_timesteps      | 8192      |
| train/                  |           |
|    approx_kl            | 0.0168764 |
|    clip_fraction        | 0.144     |
|    clip_range           | 0.2       |
|    entropy_loss         | -1.31     |
|    explained_variance   | 0.0537    |
|    learning_rate        | 0.0003    |
|    loss                 | -0.0847   |
|    n_updates            | 150       |
|    policy_gradient_loss | -0.0483   |
|    value_loss           | 0.0115    |
---------------------------------------
-----------------------------------------
| rollout/                |             |
|    ep_len_mean          | 85.6        |
|    ep_rew_mean          | 18.8        |
| time/                   |             |
|    fps                  | 32          |
|    iterations           | 17          |
|    time_elapsed         | 264         |
|    total_timesteps      | 8704        |
| train/                  |             |
|    approx_kl            | 0.019649766 |
|    clip_fraction        | 0.188       |
|    clip_range           | 0.2         |
|    entropy_loss         | -1.28       |
|    explained_variance   | -16.9       |
|    learning_rate        | 0.0003      |
|    loss                 | -0.0952     |
|    n_updates            | 160         |
|    policy_gradient_loss | -0.0609     |
|    value_loss           | 0.00907     |
-----------------------------------------
-----------------------------------------
| rollout/                |             |
|    ep_len_mean          | 89.8        |
|    ep_rew_mean          | 20.5        |
| time/                   |             |
|    fps                  | 33          |
|    iterations           | 18          |
|    time_elapsed         | 271         |
|    total_timesteps      | 9216        |
| train/                  |             |
|    approx_kl            | 0.019851975 |
|    clip_fraction        | 0.191       |
|    clip_range           | 0.2         |
|    entropy_loss         | -1.31       |
|    explained_variance   | -1.24       |
|    learning_rate        | 0.0003      |
|    loss                 | -0.103      |
|    n_updates            | 170         |
|    policy_gradient_loss | -0.0614     |
|    value_loss           | 0.0103      |
-----------------------------------------
----------------------------------------
| rollout/                |            |
|    ep_len_mean          | 94.9       |
|    ep_rew_mean          | 22.5       |
| time/                   |            |
|    fps                  | 33         |
|    iterations           | 19         |
|    time_elapsed         | 292        |
|    total_timesteps      | 9728       |
| train/                  |            |
|    approx_kl            | 0.01973841 |
|    clip_fraction        | 0.196      |
|    clip_range           | 0.2        |
|    entropy_loss         | -1.28      |
|    explained_variance   | -0.114     |
|    learning_rate        | 0.0003     |
|    loss                 | -0.0839    |
|    n_updates            | 180        |
|    policy_gradient_loss | -0.0596    |
|    value_loss           | 0.0093     |
----------------------------------------
[Eval @10000] R=8.0±0.9 CR=0.000 Spd=20.4 LC=14.9 SR=1.000
-----------------------------------------
| rollout/                |             |
|    ep_len_mean          | 96.8        |
|    ep_rew_mean          | 23.2        |
| time/                   |             |
|    fps                  | 31          |
|    iterations           | 20          |
|    time_elapsed         | 324         |
|    total_timesteps      | 10240       |
| train/                  |             |
|    approx_kl            | 0.018297158 |
|    clip_fraction        | 0.184       |
|    clip_range           | 0.2         |
|    entropy_loss         | -1.22       |
|    explained_variance   | -6.31       |
|    learning_rate        | 0.0003      |
|    loss                 | -0.117      |
|    n_updates            | 190         |
|    policy_gradient_loss | -0.0564     |
|    value_loss           | 0.00434     |
-----------------------------------------
-----------------------------------------
| rollout/                |             |
|    ep_len_mean          | 99.6        |
|    ep_rew_mean          | 24.4        |
| time/                   |             |
|    fps                  | 32          |
|    iterations           | 21          |
|    time_elapsed         | 331         |
|    total_timesteps      | 10752       |
| train/                  |             |
|    approx_kl            | 0.020479728 |
|    clip_fraction        | 0.186       |
|    clip_range           | 0.2         |
|    entropy_loss         | -1.21       |
|    explained_variance   | 0.324       |
|    learning_rate        | 0.0003      |
|    loss                 | -0.098      |
|    n_updates            | 200         |
|    policy_gradient_loss | -0.0595     |
|    value_loss           | 0.0178      |
-----------------------------------------
-----------------------------------------
| rollout/                |             |
|    ep_len_mean          | 104         |
|    ep_rew_mean          | 26.4        |
| time/                   |             |
|    fps                  | 33          |
|    iterations           | 22          |
|    time_elapsed         | 338         |
|    total_timesteps      | 11264       |
| train/                  |             |
|    approx_kl            | 0.014048848 |
|    clip_fraction        | 0.125       |
|    clip_range           | 0.2         |
|    entropy_loss         | -1.1        |
|    explained_variance   | 0.204       |
|    learning_rate        | 0.0003      |
|    loss                 | -0.0649     |
|    n_updates            | 210         |
|    policy_gradient_loss | -0.0389     |
|    value_loss           | 0.0114      |
-----------------------------------------
-----------------------------------------
| rollout/                |             |
|    ep_len_mean          | 107         |
|    ep_rew_mean          | 27.6        |
| time/                   |             |
|    fps                  | 34          |
|    iterations           | 23          |
|    time_elapsed         | 345         |
|    total_timesteps      | 11776       |
| train/                  |             |
|    approx_kl            | 0.014105361 |
|    clip_fraction        | 0.13        |
|    clip_range           | 0.2         |
|    entropy_loss         | -1.16       |
|    explained_variance   | -0.177      |
|    learning_rate        | 0.0003      |
|    loss                 | -0.0739     |
|    n_updates            | 220         |
|    policy_gradient_loss | -0.0451     |
|    value_loss           | 0.013       |
-----------------------------------------
-----------------------------------------
| rollout/                |             |
|    ep_len_mean          | 109         |
|    ep_rew_mean          | 28.6        |
| time/                   |             |
|    fps                  | 34          |
|    iterations           | 24          |
|    time_elapsed         | 351         |
|    total_timesteps      | 12288       |
| train/                  |             |
|    approx_kl            | 0.018896153 |
|    clip_fraction        | 0.176       |
|    clip_range           | 0.2         |
|    entropy_loss         | -1.13       |
|    explained_variance   | -0.467      |
|    learning_rate        | 0.0003      |
|    loss                 | -0.071      |
|    n_updates            | 230         |
|    policy_gradient_loss | -0.051      |
|    value_loss           | 0.0123      |
-----------------------------------------
-----------------------------------------
| rollout/                |             |
|    ep_len_mean          | 114         |
|    ep_rew_mean          | 30.5        |
| time/                   |             |
|    fps                  | 35          |
|    iterations           | 25          |
|    time_elapsed         | 358         |
|    total_timesteps      | 12800       |
| train/                  |             |
|    approx_kl            | 0.021271879 |
|    clip_fraction        | 0.18        |
|    clip_range           | 0.2         |
|    entropy_loss         | -1.16       |
|    explained_variance   | 0.246       |
|    learning_rate        | 0.0003      |
|    loss                 | -0.0954     |
|    n_updates            | 240         |
|    policy_gradient_loss | -0.0579     |
|    value_loss           | 0.00886     |
-----------------------------------------
-----------------------------------------
| rollout/                |             |
|    ep_len_mean          | 117         |
|    ep_rew_mean          | 31.7        |
| time/                   |             |
|    fps                  | 36          |
|    iterations           | 26          |
|    time_elapsed         | 365         |
|    total_timesteps      | 13312       |
| train/                  |             |
|    approx_kl            | 0.021209128 |
|    clip_fraction        | 0.185       |
|    clip_range           | 0.2         |
|    entropy_loss         | -1.13       |
|    explained_variance   | -0.741      |
|    learning_rate        | 0.0003      |
|    loss                 | -0.0811     |
|    n_updates            | 250         |
|    policy_gradient_loss | -0.0504     |
|    value_loss           | 0.00893     |
-----------------------------------------
-----------------------------------------
| rollout/                |             |
|    ep_len_mean          | 119         |
|    ep_rew_mean          | 33          |
| time/                   |             |
|    fps                  | 37          |
|    iterations           | 27          |
|    time_elapsed         | 372         |
|    total_timesteps      | 13824       |
| train/                  |             |
|    approx_kl            | 0.015587926 |
|    clip_fraction        | 0.147       |
|    clip_range           | 0.2         |
|    entropy_loss         | -1.05       |
|    explained_variance   | 0.182       |
|    learning_rate        | 0.0003      |
|    loss                 | -0.0697     |
|    n_updates            | 260         |
|    policy_gradient_loss | -0.0462     |
|    value_loss           | 0.0128      |
-----------------------------------------
-----------------------------------------
| rollout/                |             |
|    ep_len_mean          | 119         |
|    ep_rew_mean          | 33.1        |
| time/                   |             |
|    fps                  | 37          |
|    iterations           | 28          |
|    time_elapsed         | 378         |
|    total_timesteps      | 14336       |
| train/                  |             |
|    approx_kl            | 0.015687201 |
|    clip_fraction        | 0.153       |
|    clip_range           | 0.2         |
|    entropy_loss         | -1.07       |
|    explained_variance   | -0.23       |
|    learning_rate        | 0.0003      |
|    loss                 | -0.078      |
|    n_updates            | 270         |
|    policy_gradient_loss | -0.0453     |
|    value_loss           | 0.0125      |
-----------------------------------------
-----------------------------------------
| rollout/                |             |
|    ep_len_mean          | 119         |
|    ep_rew_mean          | 33.3        |
| time/                   |             |
|    fps                  | 38          |
|    iterations           | 29          |
|    time_elapsed         | 385         |
|    total_timesteps      | 14848       |
| train/                  |             |
|    approx_kl            | 0.022003757 |
|    clip_fraction        | 0.197       |
|    clip_range           | 0.2         |
|    entropy_loss         | -1.08       |
|    explained_variance   | 0.115       |
|    learning_rate        | 0.0003      |
|    loss                 | -0.0955     |
|    n_updates            | 280         |
|    policy_gradient_loss | -0.0506     |
|    value_loss           | 0.0182      |
-----------------------------------------
[Eval @15000] R=8.4±0.5 CR=0.000 Spd=20.2 LC=1.4 SR=1.000
-----------------------------------------
| rollout/                |             |
|    ep_len_mean          | 122         |
|    ep_rew_mean          | 34.7        |
| time/                   |             |
|    fps                  | 36          |
|    iterations           | 30          |
|    time_elapsed         | 417         |
|    total_timesteps      | 15360       |
| train/                  |             |
|    approx_kl            | 0.018623743 |
|    clip_fraction        | 0.194       |
|    clip_range           | 0.2         |
|    entropy_loss         | -1.03       |
|    explained_variance   | -1.13       |
|    learning_rate        | 0.0003      |
|    loss                 | -0.108      |
|    n_updates            | 290         |
|    policy_gradient_loss | -0.0486     |
|    value_loss           | 0.00836     |
-----------------------------------------
----------------------------------------
| rollout/                |            |
|    ep_len_mean          | 125        |
|    ep_rew_mean          | 36.1       |
| time/                   |            |
|    fps                  | 37         |
|    iterations           | 31         |
|    time_elapsed         | 424        |
|    total_timesteps      | 15872      |
| train/                  |            |
|    approx_kl            | 0.02108682 |
|    clip_fraction        | 0.182      |
|    clip_range           | 0.2        |
|    entropy_loss         | -0.972     |
|    explained_variance   | -0.18      |
|    learning_rate        | 0.0003     |
|    loss                 | -0.0782    |
|    n_updates            | 300        |
|    policy_gradient_loss | -0.0488    |
|    value_loss           | 0.00754    |
----------------------------------------
-----------------------------------------
| rollout/                |             |
|    ep_len_mean          | 126         |
|    ep_rew_mean          | 36.6        |
| time/                   |             |
|    fps                  | 37          |
|    iterations           | 32          |
|    time_elapsed         | 431         |
|    total_timesteps      | 16384       |
| train/                  |             |
|    approx_kl            | 0.022096254 |
|    clip_fraction        | 0.189       |
|    clip_range           | 0.2         |
|    entropy_loss         | -0.891      |
|    explained_variance   | -6.1        |
|    learning_rate        | 0.0003      |
|    loss                 | -0.0611     |
|    n_updates            | 310         |
|    policy_gradient_loss | -0.0358     |
|    value_loss           | 0.00121     |
-----------------------------------------
----------------------------------------
| rollout/                |            |
|    ep_len_mean          | 126        |
|    ep_rew_mean          | 37.2       |
| time/                   |            |
|    fps                  | 38         |
|    iterations           | 33         |
|    time_elapsed         | 437        |
|    total_timesteps      | 16896      |
| train/                  |            |
|    approx_kl            | 0.01704412 |
|    clip_fraction        | 0.142      |
|    clip_range           | 0.2        |
|    entropy_loss         | -0.895     |
|    explained_variance   | -0.145     |
|    learning_rate        | 0.0003     |
|    loss                 | -0.0715    |
|    n_updates            | 320        |
|    policy_gradient_loss | -0.0442    |
|    value_loss           | 0.0076     |
----------------------------------------
-----------------------------------------
| rollout/                |             |
|    ep_len_mean          | 126         |
|    ep_rew_mean          | 37.3        |
| time/                   |             |
|    fps                  | 39          |
|    iterations           | 34          |
|    time_elapsed         | 444         |
|    total_timesteps      | 17408       |
| train/                  |             |
|    approx_kl            | 0.022280322 |
|    clip_fraction        | 0.172       |
|    clip_range           | 0.2         |
|    entropy_loss         | -0.888      |
|    explained_variance   | -0.264      |
|    learning_rate        | 0.0003      |
|    loss                 | -0.0908     |
|    n_updates            | 330         |
|    policy_gradient_loss | -0.0516     |
|    value_loss           | 0.00454     |
-----------------------------------------
-----------------------------------------
| rollout/                |             |
|    ep_len_mean          | 128         |
|    ep_rew_mean          | 38.1        |
| time/                   |             |
|    fps                  | 39          |
|    iterations           | 35          |
|    time_elapsed         | 451         |
|    total_timesteps      | 17920       |
| train/                  |             |
|    approx_kl            | 0.019191101 |
|    clip_fraction        | 0.163       |
|    clip_range           | 0.2         |
|    entropy_loss         | -0.814      |
|    explained_variance   | 0.24        |
|    learning_rate        | 0.0003      |
|    loss                 | -0.0951     |
|    n_updates            | 340         |
|    policy_gradient_loss | -0.0517     |
|    value_loss           | 0.00514     |
-----------------------------------------
-----------------------------------------
| rollout/                |             |
|    ep_len_mean          | 131         |
|    ep_rew_mean          | 39.7        |
| time/                   |             |
|    fps                  | 40          |
|    iterations           | 36          |
|    time_elapsed         | 457         |
|    total_timesteps      | 18432       |
| train/                  |             |
|    approx_kl            | 0.018843826 |
|    clip_fraction        | 0.16        |
|    clip_range           | 0.2         |
|    entropy_loss         | -0.834      |
|    explained_variance   | 0.53        |
|    learning_rate        | 0.0003      |
|    loss                 | -0.0706     |
|    n_updates            | 350         |
|    policy_gradient_loss | -0.05       |
|    value_loss           | 0.00479     |
-----------------------------------------
-----------------------------------------
| rollout/                |             |
|    ep_len_mean          | 131         |
|    ep_rew_mean          | 40          |
| time/                   |             |
|    fps                  | 40          |
|    iterations           | 37          |
|    time_elapsed         | 464         |
|    total_timesteps      | 18944       |
| train/                  |             |
|    approx_kl            | 0.021814056 |
|    clip_fraction        | 0.209       |
|    clip_range           | 0.2         |
|    entropy_loss         | -0.807      |
|    explained_variance   | 0.174       |
|    learning_rate        | 0.0003      |
|    loss                 | -0.0977     |
|    n_updates            | 360         |
|    policy_gradient_loss | -0.0524     |
|    value_loss           | 0.00299     |
-----------------------------------------
----------------------------------------
| rollout/                |            |
|    ep_len_mean          | 134        |
|    ep_rew_mean          | 41.3       |
| time/                   |            |
|    fps                  | 41         |
|    iterations           | 38         |
|    time_elapsed         | 471        |
|    total_timesteps      | 19456      |
| train/                  |            |
|    approx_kl            | 0.02011667 |
|    clip_fraction        | 0.163      |
|    clip_range           | 0.2        |
|    entropy_loss         | -0.846     |
|    explained_variance   | 0.249      |
|    learning_rate        | 0.0003     |
|    loss                 | -0.0563    |
|    n_updates            | 370        |
|    policy_gradient_loss | -0.0483    |
|    value_loss           | 0.00797    |
----------------------------------------
----------------------------------------
| rollout/                |            |
|    ep_len_mean          | 136        |
|    ep_rew_mean          | 42.3       |
| time/                   |            |
|    fps                  | 41         |
|    iterations           | 39         |
|    time_elapsed         | 477        |
|    total_timesteps      | 19968      |
| train/                  |            |
|    approx_kl            | 0.02230743 |
|    clip_fraction        | 0.166      |
|    clip_range           | 0.2        |
|    entropy_loss         | -0.789     |
|    explained_variance   | 0.028      |
|    learning_rate        | 0.0003     |
|    loss                 | -0.0689    |
|    n_updates            | 380        |
|    policy_gradient_loss | -0.0436    |
|    value_loss           | 0.00586    |
----------------------------------------
[Eval @20000] R=7.6±2.6 CR=0.100 Spd=20.9 LC=5.1 SR=0.900
-----------------------------------------
| rollout/                |             |
|    ep_len_mean          | 136         |
|    ep_rew_mean          | 42.6        |
| time/                   |             |
|    fps                  | 40          |
|    iterations           | 40          |
|    time_elapsed         | 509         |
|    total_timesteps      | 20480       |
| train/                  |             |
|    approx_kl            | 0.020573556 |
|    clip_fraction        | 0.189       |
|    clip_range           | 0.2         |
|    entropy_loss         | -0.853      |
|    explained_variance   | -1.88       |
|    learning_rate        | 0.0003      |
|    loss                 | -0.0835     |
|    n_updates            | 390         |
|    policy_gradient_loss | -0.0531     |
|    value_loss           | 0.00729     |
-----------------------------------------
-----------------------------------------
| rollout/                |             |
|    ep_len_mean          | 135         |
|    ep_rew_mean          | 42.5        |
| time/                   |             |
|    fps                  | 40          |
|    iterations           | 41          |
|    time_elapsed         | 518         |
|    total_timesteps      | 20992       |
| train/                  |             |
|    approx_kl            | 0.017704953 |
|    clip_fraction        | 0.154       |
|    clip_range           | 0.2         |
|    entropy_loss         | -0.668      |
|    explained_variance   | -0.104      |
|    learning_rate        | 0.0003      |
|    loss                 | -0.0968     |
|    n_updates            | 400         |
|    policy_gradient_loss | -0.0445     |
|    value_loss           | 0.00826     |
-----------------------------------------
-----------------------------------------
| rollout/                |             |
|    ep_len_mean          | 136         |
|    ep_rew_mean          | 43.4        |
| time/                   |             |
|    fps                  | 39          |
|    iterations           | 42          |
|    time_elapsed         | 538         |
|    total_timesteps      | 21504       |
| train/                  |             |
|    approx_kl            | 0.017701024 |
|    clip_fraction        | 0.126       |
|    clip_range           | 0.2         |
|    entropy_loss         | -0.53       |
|    explained_variance   | 0.466       |
|    learning_rate        | 0.0003      |
|    loss                 | -0.0489     |
|    n_updates            | 410         |
|    policy_gradient_loss | -0.0438     |
|    value_loss           | 0.00579     |
-----------------------------------------
-----------------------------------------
| rollout/                |             |
|    ep_len_mean          | 136         |
|    ep_rew_mean          | 43.6        |
| time/                   |             |
|    fps                  | 39          |
|    iterations           | 43          |
|    time_elapsed         | 558         |
|    total_timesteps      | 22016       |
| train/                  |             |
|    approx_kl            | 0.026332857 |
|    clip_fraction        | 0.164       |
|    clip_range           | 0.2         |
|    entropy_loss         | -0.652      |
|    explained_variance   | -8.56       |
|    learning_rate        | 0.0003      |
|    loss                 | -0.0693     |
|    n_updates            | 420         |
|    policy_gradient_loss | -0.0458     |
|    value_loss           | 0.0023      |
-----------------------------------------
-----------------------------------------
| rollout/                |             |
|    ep_len_mean          | 136         |
|    ep_rew_mean          | 43.9        |
| time/                   |             |
|    fps                  | 38          |
|    iterations           | 44          |
|    time_elapsed         | 579         |
|    total_timesteps      | 22528       |
| train/                  |             |
|    approx_kl            | 0.013814159 |
|    clip_fraction        | 0.151       |
|    clip_range           | 0.2         |
|    entropy_loss         | -0.668      |
|    explained_variance   | -0.233      |
|    learning_rate        | 0.0003      |
|    loss                 | -0.0721     |
|    n_updates            | 430         |
|    policy_gradient_loss | -0.0409     |
|    value_loss           | 0.00324     |
-----------------------------------------
-----------------------------------------
| rollout/                |             |
|    ep_len_mean          | 134         |
|    ep_rew_mean          | 43.6        |
| time/                   |             |
|    fps                  | 38          |
|    iterations           | 45          |
|    time_elapsed         | 599         |
|    total_timesteps      | 23040       |
| train/                  |             |
|    approx_kl            | 0.011196196 |
|    clip_fraction        | 0.101       |
|    clip_range           | 0.2         |
|    entropy_loss         | -0.567      |
|    explained_variance   | 0.319       |
|    learning_rate        | 0.0003      |
|    loss                 | -0.0586     |
|    n_updates            | 440         |
|    policy_gradient_loss | -0.0324     |
|    value_loss           | 0.00451     |
-----------------------------------------
-----------------------------------------
| rollout/                |             |
|    ep_len_mean          | 137         |
|    ep_rew_mean          | 45          |
| time/                   |             |
|    fps                  | 38          |
|    iterations           | 46          |
|    time_elapsed         | 619         |
|    total_timesteps      | 23552       |
| train/                  |             |
|    approx_kl            | 0.010577654 |
|    clip_fraction        | 0.0895      |
|    clip_range           | 0.2         |
|    entropy_loss         | -0.501      |
|    explained_variance   | 0.454       |
|    learning_rate        | 0.0003      |
|    loss                 | -0.0476     |
|    n_updates            | 450         |
|    policy_gradient_loss | -0.0266     |
|    value_loss           | 0.00157     |
-----------------------------------------
-----------------------------------------
| rollout/                |             |
|    ep_len_mean          | 138         |
|    ep_rew_mean          | 45.7        |
| time/                   |             |
|    fps                  | 37          |
|    iterations           | 47          |
|    time_elapsed         | 639         |
|    total_timesteps      | 24064       |
| train/                  |             |
|    approx_kl            | 0.017451825 |
|    clip_fraction        | 0.104       |
|    clip_range           | 0.2         |
|    entropy_loss         | -0.533      |
|    explained_variance   | -10         |
|    learning_rate        | 0.0003      |
|    loss                 | -0.0681     |
|    n_updates            | 460         |
|    policy_gradient_loss | -0.0358     |
|    value_loss           | 0.00233     |
-----------------------------------------
-----------------------------------------
| rollout/                |             |
|    ep_len_mean          | 140         |
|    ep_rew_mean          | 47.1        |
| time/                   |             |
|    fps                  | 37          |
|    iterations           | 48          |
|    time_elapsed         | 659         |
|    total_timesteps      | 24576       |
| train/                  |             |
|    approx_kl            | 0.019880721 |
|    clip_fraction        | 0.139       |
|    clip_range           | 0.2         |
|    entropy_loss         | -0.627      |
|    explained_variance   | 0.0771      |
|    learning_rate        | 0.0003      |
|    loss                 | -0.0649     |
|    n_updates            | 470         |
|    policy_gradient_loss | -0.0418     |
|    value_loss           | 0.00584     |
-----------------------------------------
[Eval @25000] R=7.7±1.5 CR=0.100 Spd=20.3 LC=4.8 SR=0.900
----------------------------------------
| rollout/                |            |
|    ep_len_mean          | 143        |
|    ep_rew_mean          | 48.5       |
| time/                   |            |
|    fps                  | 33         |
|    iterations           | 49         |
|    time_elapsed         | 752        |
|    total_timesteps      | 25088      |
| train/                  |            |
|    approx_kl            | 0.01824822 |
|    clip_fraction        | 0.122      |
|    clip_range           | 0.2        |
|    entropy_loss         | -0.592     |
|    explained_variance   | -0.48      |
|    learning_rate        | 0.0003     |
|    loss                 | -0.0617    |
|    n_updates            | 480        |
|    policy_gradient_loss | -0.0398    |
|    value_loss           | 0.00352    |
----------------------------------------
-----------------------------------------
| rollout/                |             |
|    ep_len_mean          | 144         |
|    ep_rew_mean          | 49.2        |
| time/                   |             |
|    fps                  | 33          |
|    iterations           | 50          |
|    time_elapsed         | 772         |
|    total_timesteps      | 25600       |
| train/                  |             |
|    approx_kl            | 0.022305042 |
|    clip_fraction        | 0.13        |
|    clip_range           | 0.2         |
|    entropy_loss         | -0.542      |
|    explained_variance   | -0.315      |
|    learning_rate        | 0.0003      |
|    loss                 | -0.0406     |
|    n_updates            | 490         |
|    policy_gradient_loss | -0.0412     |
|    value_loss           | 0.00533     |
-----------------------------------------
-----------------------------------------
| rollout/                |             |
|    ep_len_mean          | 145         |
|    ep_rew_mean          | 49.8        |
| time/                   |             |
|    fps                  | 32          |
|    iterations           | 51          |
|    time_elapsed         | 792         |
|    total_timesteps      | 26112       |
| train/                  |             |
|    approx_kl            | 0.017150255 |
|    clip_fraction        | 0.139       |
|    clip_range           | 0.2         |
|    entropy_loss         | -0.572      |
|    explained_variance   | -4.81       |
|    learning_rate        | 0.0003      |
|    loss                 | -0.0511     |
|    n_updates            | 500         |
|    policy_gradient_loss | -0.0367     |
|    value_loss           | 0.00111     |
-----------------------------------------
-----------------------------------------
| rollout/                |             |
|    ep_len_mean          | 147         |
|    ep_rew_mean          | 50.7        |
| time/                   |             |
|    fps                  | 32          |
|    iterations           | 52          |
|    time_elapsed         | 812         |
|    total_timesteps      | 26624       |
| train/                  |             |
|    approx_kl            | 0.020165991 |
|    clip_fraction        | 0.138       |
|    clip_range           | 0.2         |
|    entropy_loss         | -0.644      |
|    explained_variance   | -0.317      |
|    learning_rate        | 0.0003      |
|    loss                 | -0.0488     |
|    n_updates            | 510         |
|    policy_gradient_loss | -0.0381     |
|    value_loss           | 0.00986     |
-----------------------------------------
-----------------------------------------
| rollout/                |             |
|    ep_len_mean          | 148         |
|    ep_rew_mean          | 51.6        |
| time/                   |             |
|    fps                  | 32          |
|    iterations           | 53          |
|    time_elapsed         | 832         |
|    total_timesteps      | 27136       |
| train/                  |             |
|    approx_kl            | 0.019956024 |
|    clip_fraction        | 0.172       |
|    clip_range           | 0.2         |
|    entropy_loss         | -0.671      |
|    explained_variance   | -0.171      |
|    learning_rate        | 0.0003      |
|    loss                 | -0.0586     |
|    n_updates            | 520         |
|    policy_gradient_loss | -0.041      |
|    value_loss           | 0.00373     |
-----------------------------------------
-----------------------------------------
| rollout/                |             |
|    ep_len_mean          | 148         |
|    ep_rew_mean          | 52          |
| time/                   |             |
|    fps                  | 32          |
|    iterations           | 54          |
|    time_elapsed         | 852         |
|    total_timesteps      | 27648       |
| train/                  |             |
|    approx_kl            | 0.016606607 |
|    clip_fraction        | 0.16        |
|    clip_range           | 0.2         |
|    entropy_loss         | -0.598      |
|    explained_variance   | -8.71       |
|    learning_rate        | 0.0003      |
|    loss                 | -0.043      |
|    n_updates            | 530         |
|    policy_gradient_loss | -0.0467     |
|    value_loss           | 0.00229     |
-----------------------------------------
----------------------------------------
| rollout/                |            |
|    ep_len_mean          | 149        |
|    ep_rew_mean          | 52.1       |
| time/                   |            |
|    fps                  | 32         |
|    iterations           | 55         |
|    time_elapsed         | 873        |
|    total_timesteps      | 28160      |
| train/                  |            |
|    approx_kl            | 0.03203232 |
|    clip_fraction        | 0.172      |
|    clip_range           | 0.2        |
|    entropy_loss         | -0.647     |
|    explained_variance   | -6.11      |
|    learning_rate        | 0.0003     |
|    loss                 | -0.0749    |
|    n_updates            | 540        |
|    policy_gradient_loss | -0.0479    |
|    value_loss           | 0.00112    |
----------------------------------------
-----------------------------------------
| rollout/                |             |
|    ep_len_mean          | 153         |
|    ep_rew_mean          | 54          |
| time/                   |             |
|    fps                  | 32          |
|    iterations           | 56          |
|    time_elapsed         | 894         |
|    total_timesteps      | 28672       |
| train/                  |             |
|    approx_kl            | 0.020202806 |
|    clip_fraction        | 0.137       |
|    clip_range           | 0.2         |
|    entropy_loss         | -0.636      |
|    explained_variance   | -0.0889     |
|    learning_rate        | 0.0003      |
|    loss                 | -0.0291     |
|    n_updates            | 550         |
|    policy_gradient_loss | -0.0359     |
|    value_loss           | 0.00792     |
-----------------------------------------
----------------------------------------
| rollout/                |            |
|    ep_len_mean          | 153        |
|    ep_rew_mean          | 54.4       |
| time/                   |            |
|    fps                  | 31         |
|    iterations           | 57         |
|    time_elapsed         | 914        |
|    total_timesteps      | 29184      |
| train/                  |            |
|    approx_kl            | 0.02918813 |
|    clip_fraction        | 0.199      |
|    clip_range           | 0.2        |
|    entropy_loss         | -0.669     |
|    explained_variance   | -5.01      |
|    learning_rate        | 0.0003     |
|    loss                 | -0.0994    |
|    n_updates            | 560        |
|    policy_gradient_loss | -0.0483    |
|    value_loss           | 0.00167    |
----------------------------------------
-----------------------------------------
| rollout/                |             |
|    ep_len_mean          | 156         |
|    ep_rew_mean          | 55.5        |
| time/                   |             |
|    fps                  | 31          |
|    iterations           | 58          |
|    time_elapsed         | 935         |
|    total_timesteps      | 29696       |
| train/                  |             |
|    approx_kl            | 0.018386766 |
|    clip_fraction        | 0.174       |
|    clip_range           | 0.2         |
|    entropy_loss         | -0.7        |
|    explained_variance   | 0.185       |
|    learning_rate        | 0.0003      |
|    loss                 | -0.0176     |
|    n_updates            | 570         |
|    policy_gradient_loss | -0.037      |
|    value_loss           | 0.00721     |
-----------------------------------------
[Eval @30000] R=8.3±0.4 CR=0.000 Spd=20.4 LC=0.7 SR=1.000
-----------------------------------------
| rollout/                |             |
|    ep_len_mean          | 157         |
|    ep_rew_mean          | 56.6        |
| time/                   |             |
|    fps                  | 29          |
|    iterations           | 59          |
|    time_elapsed         | 1034        |
|    total_timesteps      | 30208       |
| train/                  |             |
|    approx_kl            | 0.020525321 |
|    clip_fraction        | 0.16        |
|    clip_range           | 0.2         |
|    entropy_loss         | -0.661      |
|    explained_variance   | -0.304      |
|    learning_rate        | 0.0003      |
|    loss                 | -0.0774     |
|    n_updates            | 580         |
|    policy_gradient_loss | -0.0434     |
|    value_loss           | 0.00304     |
-----------------------------------------
-----------------------------------------
| rollout/                |             |
|    ep_len_mean          | 157         |
|    ep_rew_mean          | 56.8        |
| time/                   |             |
|    fps                  | 29          |
|    iterations           | 60          |
|    time_elapsed         | 1054        |
|    total_timesteps      | 30720       |
| train/                  |             |
|    approx_kl            | 0.017194234 |
|    clip_fraction        | 0.12        |
|    clip_range           | 0.2         |
|    entropy_loss         | -0.554      |
|    explained_variance   | 0.484       |
|    learning_rate        | 0.0003      |
|    loss                 | -0.0601     |
|    n_updates            | 590         |
|    policy_gradient_loss | -0.0398     |
|    value_loss           | 0.00118     |
-----------------------------------------
----------------------------------------
| rollout/                |            |
|    ep_len_mean          | 157        |
|    ep_rew_mean          | 56.9       |
| time/                   |            |
|    fps                  | 29         |
|    iterations           | 61         |
|    time_elapsed         | 1075       |
|    total_timesteps      | 31232      |
| train/                  |            |
|    approx_kl            | 0.03522583 |
|    clip_fraction        | 0.2        |
|    clip_range           | 0.2        |
|    entropy_loss         | -0.605     |
|    explained_variance   | -0.0445    |
|    learning_rate        | 0.0003     |
|    loss                 | -0.0855    |
|    n_updates            | 600        |
|    policy_gradient_loss | -0.0427    |
|    value_loss           | 0.00243    |
----------------------------------------
-----------------------------------------
| rollout/                |             |
|    ep_len_mean          | 156         |
|    ep_rew_mean          | 56.5        |
| time/                   |             |
|    fps                  | 29          |
|    iterations           | 62          |
|    time_elapsed         | 1084        |
|    total_timesteps      | 31744       |
| train/                  |             |
|    approx_kl            | 0.030115174 |
|    clip_fraction        | 0.193       |
|    clip_range           | 0.2         |
|    entropy_loss         | -0.672      |
|    explained_variance   | -0.14       |
|    learning_rate        | 0.0003      |
|    loss                 | -0.071      |
|    n_updates            | 610         |
|    policy_gradient_loss | -0.0474     |
|    value_loss           | 0.00792     |
-----------------------------------------
-----------------------------------------
| rollout/                |             |
|    ep_len_mean          | 158         |
|    ep_rew_mean          | 57.4        |
| time/                   |             |
|    fps                  | 29          |
|    iterations           | 63          |
|    time_elapsed         | 1092        |
|    total_timesteps      | 32256       |
| train/                  |             |
|    approx_kl            | 0.016751818 |
|    clip_fraction        | 0.132       |
|    clip_range           | 0.2         |
|    entropy_loss         | -0.469      |
|    explained_variance   | 0.129       |
|    learning_rate        | 0.0003      |
|    loss                 | -0.0855     |
|    n_updates            | 620         |
|    policy_gradient_loss | -0.0439     |
|    value_loss           | 0.00186     |
-----------------------------------------
-----------------------------------------
| rollout/                |             |
|    ep_len_mean          | 156         |
|    ep_rew_mean          | 57          |
| time/                   |             |
|    fps                  | 29          |
|    iterations           | 64          |
|    time_elapsed         | 1098        |
|    total_timesteps      | 32768       |
| train/                  |             |
|    approx_kl            | 0.024739688 |
|    clip_fraction        | 0.137       |
|    clip_range           | 0.2         |
|    entropy_loss         | -0.549      |
|    explained_variance   | -0.315      |
|    learning_rate        | 0.0003      |
|    loss                 | -0.0515     |
|    n_updates            | 630         |
|    policy_gradient_loss | -0.037      |
|    value_loss           | 0.00256     |
-----------------------------------------
-----------------------------------------
| rollout/                |             |
|    ep_len_mean          | 158         |
|    ep_rew_mean          | 58.1        |
| time/                   |             |
|    fps                  | 30          |
|    iterations           | 65          |
|    time_elapsed         | 1105        |
|    total_timesteps      | 33280       |
| train/                  |             |
|    approx_kl            | 0.018912805 |
|    clip_fraction        | 0.131       |
|    clip_range           | 0.2         |
|    entropy_loss         | -0.465      |
|    explained_variance   | 0.0658      |
|    learning_rate        | 0.0003      |
|    loss                 | -0.0576     |
|    n_updates            | 640         |
|    policy_gradient_loss | -0.0395     |
|    value_loss           | 0.00304     |
-----------------------------------------
-----------------------------------------
| rollout/                |             |
|    ep_len_mean          | 161         |
|    ep_rew_mean          | 59.5        |
| time/                   |             |
|    fps                  | 30          |
|    iterations           | 66          |
|    time_elapsed         | 1113        |
|    total_timesteps      | 33792       |
| train/                  |             |
|    approx_kl            | 0.017929323 |
|    clip_fraction        | 0.149       |
|    clip_range           | 0.2         |
|    entropy_loss         | -0.605      |
|    explained_variance   | -4.54       |
|    learning_rate        | 0.0003      |
|    loss                 | -0.0444     |
|    n_updates            | 650         |
|    policy_gradient_loss | -0.0396     |
|    value_loss           | 0.00145     |
-----------------------------------------
-----------------------------------------
| rollout/                |             |
|    ep_len_mean          | 161         |
|    ep_rew_mean          | 59.1        |
| time/                   |             |
|    fps                  | 30          |
|    iterations           | 67          |
|    time_elapsed         | 1120        |
|    total_timesteps      | 34304       |
| train/                  |             |
|    approx_kl            | 0.017720224 |
|    clip_fraction        | 0.116       |
|    clip_range           | 0.2         |
|    entropy_loss         | -0.516      |
|    explained_variance   | -0.187      |
|    learning_rate        | 0.0003      |
|    loss                 | -0.0482     |
|    n_updates            | 660         |
|    policy_gradient_loss | -0.0328     |
|    value_loss           | 0.002       |
-----------------------------------------
-----------------------------------------
| rollout/                |             |
|    ep_len_mean          | 163         |
|    ep_rew_mean          | 60          |
| time/                   |             |
|    fps                  | 30          |
|    iterations           | 68          |
|    time_elapsed         | 1126        |
|    total_timesteps      | 34816       |
| train/                  |             |
|    approx_kl            | 0.016464554 |
|    clip_fraction        | 0.131       |
|    clip_range           | 0.2         |
|    entropy_loss         | -0.568      |
|    explained_variance   | 0.186       |
|    learning_rate        | 0.0003      |
|    loss                 | -0.0778     |
|    n_updates            | 670         |
|    policy_gradient_loss | -0.0387     |
|    value_loss           | 0.00309     |
-----------------------------------------
[Eval @35000] R=7.6±1.7 CR=0.100 Spd=20.5 LC=3.5 SR=0.900
-----------------------------------------
| rollout/                |             |
|    ep_len_mean          | 164         |
|    ep_rew_mean          | 60.8        |
| time/                   |             |
|    fps                  | 30          |
|    iterations           | 69          |
|    time_elapsed         | 1157        |
|    total_timesteps      | 35328       |
| train/                  |             |
|    approx_kl            | 0.021286502 |
|    clip_fraction        | 0.162       |
|    clip_range           | 0.2         |
|    entropy_loss         | -0.544      |
|    explained_variance   | 0.374       |
|    learning_rate        | 0.0003      |
|    loss                 | -0.0829     |
|    n_updates            | 680         |
|    policy_gradient_loss | -0.0467     |
|    value_loss           | 0.00145     |
-----------------------------------------
-----------------------------------------
| rollout/                |             |
|    ep_len_mean          | 166         |
|    ep_rew_mean          | 61.7        |
| time/                   |             |
|    fps                  | 30          |
|    iterations           | 70          |
|    time_elapsed         | 1163        |
|    total_timesteps      | 35840       |
| train/                  |             |
|    approx_kl            | 0.013445623 |
|    clip_fraction        | 0.114       |
|    clip_range           | 0.2         |
|    entropy_loss         | -0.424      |
|    explained_variance   | -10         |
|    learning_rate        | 0.0003      |
|    loss                 | -0.0701     |
|    n_updates            | 690         |
|    policy_gradient_loss | -0.0294     |
|    value_loss           | 0.00135     |
-----------------------------------------
-----------------------------------------
| rollout/                |             |
|    ep_len_mean          | 166         |
|    ep_rew_mean          | 62.1        |
| time/                   |             |
|    fps                  | 31          |
|    iterations           | 71          |
|    time_elapsed         | 1170        |
|    total_timesteps      | 36352       |
| train/                  |             |
|    approx_kl            | 0.018632542 |
|    clip_fraction        | 0.118       |
|    clip_range           | 0.2         |
|    entropy_loss         | -0.508      |
|    explained_variance   | 0.255       |
|    learning_rate        | 0.0003      |
|    loss                 | -0.0531     |
|    n_updates            | 700         |
|    policy_gradient_loss | -0.0353     |
|    value_loss           | 0.00325     |
-----------------------------------------
------------------------------------------
| rollout/                |              |
|    ep_len_mean          | 166          |
|    ep_rew_mean          | 62.4         |
| time/                   |              |
|    fps                  | 31           |
|    iterations           | 72           |
|    time_elapsed         | 1177         |
|    total_timesteps      | 36864        |
| train/                  |              |
|    approx_kl            | 0.0058460883 |
|    clip_fraction        | 0.0768       |
|    clip_range           | 0.2          |
|    entropy_loss         | -0.372       |
|    explained_variance   | -4.2         |
|    learning_rate        | 0.0003       |
|    loss                 | -0.0436      |
|    n_updates            | 710          |
|    policy_gradient_loss | -0.0139      |
|    value_loss           | 0.000356     |
------------------------------------------
-----------------------------------------
| rollout/                |             |
|    ep_len_mean          | 165         |
|    ep_rew_mean          | 61.9        |
| time/                   |             |
|    fps                  | 31          |
|    iterations           | 73          |
|    time_elapsed         | 1183        |
|    total_timesteps      | 37376       |
| train/                  |             |
|    approx_kl            | 0.016105598 |
|    clip_fraction        | 0.113       |
|    clip_range           | 0.2         |
|    entropy_loss         | -0.447      |
|    explained_variance   | -6.19       |
|    learning_rate        | 0.0003      |
|    loss                 | -0.0583     |
|    n_updates            | 720         |
|    policy_gradient_loss | -0.0326     |
|    value_loss           | 0.00162     |
-----------------------------------------
-----------------------------------------
| rollout/                |             |
|    ep_len_mean          | 166         |
|    ep_rew_mean          | 62.7        |
| time/                   |             |
|    fps                  | 31          |
|    iterations           | 74          |
|    time_elapsed         | 1190        |
|    total_timesteps      | 37888       |
| train/                  |             |
|    approx_kl            | 0.014820994 |
|    clip_fraction        | 0.0861      |
|    clip_range           | 0.2         |
|    entropy_loss         | -0.343      |
|    explained_variance   | 0.05        |
|    learning_rate        | 0.0003      |
|    loss                 | -0.0352     |
|    n_updates            | 730         |
|    policy_gradient_loss | -0.0331     |
|    value_loss           | 0.00648     |
-----------------------------------------
-----------------------------------------
| rollout/                |             |
|    ep_len_mean          | 166         |
|    ep_rew_mean          | 62.9        |
| time/                   |             |
|    fps                  | 32          |
|    iterations           | 75          |
|    time_elapsed         | 1196        |
|    total_timesteps      | 38400       |
| train/                  |             |
|    approx_kl            | 0.024453256 |
|    clip_fraction        | 0.139       |
|    clip_range           | 0.2         |
|    entropy_loss         | -0.481      |
|    explained_variance   | -7.14       |
|    learning_rate        | 0.0003      |
|    loss                 | -0.0649     |
|    n_updates            | 740         |
|    policy_gradient_loss | -0.0348     |
|    value_loss           | 0.00198     |
-----------------------------------------
-----------------------------------------
| rollout/                |             |
|    ep_len_mean          | 165         |
|    ep_rew_mean          | 62.1        |
| time/                   |             |
|    fps                  | 32          |
|    iterations           | 76          |
|    time_elapsed         | 1203        |
|    total_timesteps      | 38912       |
| train/                  |             |
|    approx_kl            | 0.022866283 |
|    clip_fraction        | 0.158       |
|    clip_range           | 0.2         |
|    entropy_loss         | -0.419      |
|    explained_variance   | -4.62       |
|    learning_rate        | 0.0003      |
|    loss                 | -0.0553     |
|    n_updates            | 750         |
|    policy_gradient_loss | -0.0405     |
|    value_loss           | 0.000654    |
-----------------------------------------
-----------------------------------------
| rollout/                |             |
|    ep_len_mean          | 166         |
|    ep_rew_mean          | 62.7        |
| time/                   |             |
|    fps                  | 32          |
|    iterations           | 77          |
|    time_elapsed         | 1209        |
|    total_timesteps      | 39424       |
| train/                  |             |
|    approx_kl            | 0.013689787 |
|    clip_fraction        | 0.0883      |
|    clip_range           | 0.2         |
|    entropy_loss         | -0.355      |
|    explained_variance   | 0.0636      |
|    learning_rate        | 0.0003      |
|    loss                 | -0.0547     |
|    n_updates            | 760         |
|    policy_gradient_loss | -0.0311     |
|    value_loss           | 0.00729     |
-----------------------------------------
-----------------------------------------
| rollout/                |             |
|    ep_len_mean          | 167         |
|    ep_rew_mean          | 62.7        |
| time/                   |             |
|    fps                  | 32          |
|    iterations           | 78          |
|    time_elapsed         | 1215        |
|    total_timesteps      | 39936       |
| train/                  |             |
|    approx_kl            | 0.012951409 |
|    clip_fraction        | 0.0879      |
|    clip_range           | 0.2         |
|    entropy_loss         | -0.344      |
|    explained_variance   | 0.163       |
|    learning_rate        | 0.0003      |
|    loss                 | -0.0496     |
|    n_updates            | 770         |
|    policy_gradient_loss | -0.0311     |
|    value_loss           | 0.00347     |
-----------------------------------------
[Eval @40000] R=8.2±0.4 CR=0.000 Spd=20.8 LC=4.3 SR=1.000
----------------------------------------
| rollout/                |            |
|    ep_len_mean          | 167        |
|    ep_rew_mean          | 62.8       |
| time/                   |            |
|    fps                  | 32         |
|    iterations           | 79         |
|    time_elapsed         | 1245       |
|    total_timesteps      | 40448      |
| train/                  |            |
|    approx_kl            | 0.01646949 |
|    clip_fraction        | 0.114      |
|    clip_range           | 0.2        |
|    entropy_loss         | -0.402     |
|    explained_variance   | -0.196     |
|    learning_rate        | 0.0003     |
|    loss                 | -0.0486    |
|    n_updates            | 780        |
|    policy_gradient_loss | -0.0335    |
|    value_loss           | 0.00461    |
----------------------------------------
----------------------------------------
| rollout/                |            |
|    ep_len_mean          | 168        |
|    ep_rew_mean          | 63.3       |
| time/                   |            |
|    fps                  | 32         |
|    iterations           | 80         |
|    time_elapsed         | 1252       |
|    total_timesteps      | 40960      |
| train/                  |            |
|    approx_kl            | 0.02647712 |
|    clip_fraction        | 0.139      |
|    clip_range           | 0.2        |
|    entropy_loss         | -0.439     |
|    explained_variance   | -12.6      |
|    learning_rate        | 0.0003     |
|    loss                 | -0.0714    |
|    n_updates            | 790        |
|    policy_gradient_loss | -0.0384    |
|    value_loss           | 0.00186    |
----------------------------------------
----------------------------------------
| rollout/                |            |
|    ep_len_mean          | 169        |
|    ep_rew_mean          | 63.8       |
| time/                   |            |
|    fps                  | 32         |
|    iterations           | 81         |
|    time_elapsed         | 1258       |
|    total_timesteps      | 41472      |
| train/                  |            |
|    approx_kl            | 0.01973135 |
|    clip_fraction        | 0.134      |
|    clip_range           | 0.2        |
|    entropy_loss         | -0.472     |
|    explained_variance   | 0.0671     |
|    learning_rate        | 0.0003     |
|    loss                 | -0.0707    |
|    n_updates            | 800        |
|    policy_gradient_loss | -0.0372    |
|    value_loss           | 0.00394    |
----------------------------------------
-----------------------------------------
| rollout/                |             |
|    ep_len_mean          | 170         |
|    ep_rew_mean          | 64          |
| time/                   |             |
|    fps                  | 33          |
|    iterations           | 82          |
|    time_elapsed         | 1264        |
|    total_timesteps      | 41984       |
| train/                  |             |
|    approx_kl            | 0.022038542 |
|    clip_fraction        | 0.157       |
|    clip_range           | 0.2         |
|    entropy_loss         | -0.503      |
|    explained_variance   | -8.35       |
|    learning_rate        | 0.0003      |
|    loss                 | -0.0561     |
|    n_updates            | 810         |
|    policy_gradient_loss | -0.0395     |
|    value_loss           | 0.00162     |
-----------------------------------------
----------------------------------------
| rollout/                |            |
|    ep_len_mean          | 169        |
|    ep_rew_mean          | 63.6       |
| time/                   |            |
|    fps                  | 33         |
|    iterations           | 83         |
|    time_elapsed         | 1270       |
|    total_timesteps      | 42496      |
| train/                  |            |
|    approx_kl            | 0.01689727 |
|    clip_fraction        | 0.132      |
|    clip_range           | 0.2        |
|    entropy_loss         | -0.523     |
|    explained_variance   | 0.0951     |
|    learning_rate        | 0.0003     |
|    loss                 | -0.0557    |
|    n_updates            | 820        |
|    policy_gradient_loss | -0.0374    |
|    value_loss           | 0.00341    |
----------------------------------------
-----------------------------------------
| rollout/                |             |
|    ep_len_mean          | 170         |
|    ep_rew_mean          | 64.5        |
| time/                   |             |
|    fps                  | 33          |
|    iterations           | 84          |
|    time_elapsed         | 1276        |
|    total_timesteps      | 43008       |
| train/                  |             |
|    approx_kl            | 0.019670188 |
|    clip_fraction        | 0.158       |
|    clip_range           | 0.2         |
|    entropy_loss         | -0.568      |
|    explained_variance   | -0.548      |
|    learning_rate        | 0.0003      |
|    loss                 | -0.0618     |
|    n_updates            | 830         |
|    policy_gradient_loss | -0.0364     |
|    value_loss           | 0.00347     |
-----------------------------------------
-----------------------------------------
| rollout/                |             |
|    ep_len_mean          | 173         |
|    ep_rew_mean          | 65.8        |
| time/                   |             |
|    fps                  | 33          |
|    iterations           | 85          |
|    time_elapsed         | 1282        |
|    total_timesteps      | 43520       |
| train/                  |             |
|    approx_kl            | 0.026619561 |
|    clip_fraction        | 0.164       |
|    clip_range           | 0.2         |
|    entropy_loss         | -0.504      |
|    explained_variance   | -19.8       |
|    learning_rate        | 0.0003      |
|    loss                 | -0.0661     |
|    n_updates            | 840         |
|    policy_gradient_loss | -0.0391     |
|    value_loss           | 0.00251     |
-----------------------------------------
----------------------------------------
| rollout/                |            |
|    ep_len_mean          | 171        |
|    ep_rew_mean          | 65.2       |
| time/                   |            |
|    fps                  | 34         |
|    iterations           | 86         |
|    time_elapsed         | 1288       |
|    total_timesteps      | 44032      |
| train/                  |            |
|    approx_kl            | 0.01827118 |
|    clip_fraction        | 0.133      |
|    clip_range           | 0.2        |
|    entropy_loss         | -0.436     |
|    explained_variance   | -6.32      |
|    learning_rate        | 0.0003     |
|    loss                 | -0.0337    |
|    n_updates            | 850        |
|    policy_gradient_loss | -0.0294    |
|    value_loss           | 0.00101    |
----------------------------------------
-----------------------------------------
| rollout/                |             |
|    ep_len_mean          | 170         |
|    ep_rew_mean          | 64.5        |
| time/                   |             |
|    fps                  | 34          |
|    iterations           | 87          |
|    time_elapsed         | 1294        |
|    total_timesteps      | 44544       |
| train/                  |             |
|    approx_kl            | 0.017025277 |
|    clip_fraction        | 0.125       |
|    clip_range           | 0.2         |
|    entropy_loss         | -0.519      |
|    explained_variance   | 0.18        |
|    learning_rate        | 0.0003      |
|    loss                 | -0.044      |
|    n_updates            | 860         |
|    policy_gradient_loss | -0.0368     |
|    value_loss           | 0.00312     |
-----------------------------------------
[Eval @45000] R=7.8±1.8 CR=0.100 Spd=20.6 LC=3.0 SR=0.900
-----------------------------------------
| rollout/                |             |
|    ep_len_mean          | 167         |
|    ep_rew_mean          | 63.2        |
| time/                   |             |
|    fps                  | 34          |
|    iterations           | 88          |
|    time_elapsed         | 1322        |
|    total_timesteps      | 45056       |
| train/                  |             |
|    approx_kl            | 0.029311247 |
|    clip_fraction        | 0.157       |
|    clip_range           | 0.2         |
|    entropy_loss         | -0.544      |
|    explained_variance   | -0.84       |
|    learning_rate        | 0.0003      |
|    loss                 | -0.074      |
|    n_updates            | 870         |
|    policy_gradient_loss | -0.0403     |
|    value_loss           | 0.00351     |
-----------------------------------------
-----------------------------------------
| rollout/                |             |
|    ep_len_mean          | 167         |
|    ep_rew_mean          | 63.3        |
| time/                   |             |
|    fps                  | 34          |
|    iterations           | 89          |
|    time_elapsed         | 1329        |
|    total_timesteps      | 45568       |
| train/                  |             |
|    approx_kl            | 0.029602699 |
|    clip_fraction        | 0.156       |
|    clip_range           | 0.2         |
|    entropy_loss         | -0.525      |
|    explained_variance   | 0.134       |
|    learning_rate        | 0.0003      |
|    loss                 | -0.0588     |
|    n_updates            | 880         |
|    policy_gradient_loss | -0.0406     |
|    value_loss           | 0.00753     |
-----------------------------------------
-----------------------------------------
| rollout/                |             |
|    ep_len_mean          | 169         |
|    ep_rew_mean          | 64          |
| time/                   |             |
|    fps                  | 34          |
|    iterations           | 90          |
|    time_elapsed         | 1335        |
|    total_timesteps      | 46080       |
| train/                  |             |
|    approx_kl            | 0.015612885 |
|    clip_fraction        | 0.125       |
|    clip_range           | 0.2         |
|    entropy_loss         | -0.543      |
|    explained_variance   | -5.08       |
|    learning_rate        | 0.0003      |
|    loss                 | -0.044      |
|    n_updates            | 890         |
|    policy_gradient_loss | -0.0295     |
|    value_loss           | 0.00153     |
-----------------------------------------
----------------------------------------
| rollout/                |            |
|    ep_len_mean          | 170        |
|    ep_rew_mean          | 64.6       |
| time/                   |            |
|    fps                  | 34         |
|    iterations           | 91         |
|    time_elapsed         | 1341       |
|    total_timesteps      | 46592      |
| train/                  |            |
|    approx_kl            | 0.01590991 |
|    clip_fraction        | 0.121      |
|    clip_range           | 0.2        |
|    entropy_loss         | -0.509     |
|    explained_variance   | -6.05      |
|    learning_rate        | 0.0003     |
|    loss                 | -0.0607    |
|    n_updates            | 900        |
|    policy_gradient_loss | -0.0304    |
|    value_loss           | 0.000986   |
----------------------------------------
-----------------------------------------
| rollout/                |             |
|    ep_len_mean          | 171         |
|    ep_rew_mean          | 65.3        |
| time/                   |             |
|    fps                  | 34          |
|    iterations           | 92          |
|    time_elapsed         | 1347        |
|    total_timesteps      | 47104       |
| train/                  |             |
|    approx_kl            | 0.012096234 |
|    clip_fraction        | 0.098       |
|    clip_range           | 0.2         |
|    entropy_loss         | -0.403      |
|    explained_variance   | -0.138      |
|    learning_rate        | 0.0003      |
|    loss                 | -0.0331     |
|    n_updates            | 910         |
|    policy_gradient_loss | -0.0273     |
|    value_loss           | 0.00238     |
-----------------------------------------
-----------------------------------------
| rollout/                |             |
|    ep_len_mean          | 172         |
|    ep_rew_mean          | 65.5        |
| time/                   |             |
|    fps                  | 35          |
|    iterations           | 93          |
|    time_elapsed         | 1353        |
|    total_timesteps      | 47616       |
| train/                  |             |
|    approx_kl            | 0.022574417 |
|    clip_fraction        | 0.122       |
|    clip_range           | 0.2         |
|    entropy_loss         | -0.404      |
|    explained_variance   | 0.126       |
|    learning_rate        | 0.0003      |
|    loss                 | -0.0689     |
|    n_updates            | 920         |
|    policy_gradient_loss | -0.0384     |
|    value_loss           | 0.00322     |
-----------------------------------------
-----------------------------------------
| rollout/                |             |
|    ep_len_mean          | 170         |
|    ep_rew_mean          | 64.8        |
| time/                   |             |
|    fps                  | 35          |
|    iterations           | 94          |
|    time_elapsed         | 1359        |
|    total_timesteps      | 48128       |
| train/                  |             |
|    approx_kl            | 0.017616063 |
|    clip_fraction        | 0.132       |
|    clip_range           | 0.2         |
|    entropy_loss         | -0.452      |
|    explained_variance   | -0.465      |
|    learning_rate        | 0.0003      |
|    loss                 | -0.0455     |
|    n_updates            | 930         |
|    policy_gradient_loss | -0.03       |
|    value_loss           | 0.00298     |
-----------------------------------------
----------------------------------------
| rollout/                |            |
|    ep_len_mean          | 172        |
|    ep_rew_mean          | 65.6       |
| time/                   |            |
|    fps                  | 35         |
|    iterations           | 95         |
|    time_elapsed         | 1365       |
|    total_timesteps      | 48640      |
| train/                  |            |
|    approx_kl            | 0.01920405 |
|    clip_fraction        | 0.149      |
|    clip_range           | 0.2        |
|    entropy_loss         | -0.463     |
|    explained_variance   | 0.144      |
|    learning_rate        | 0.0003     |
|    loss                 | -0.0435    |
|    n_updates            | 940        |
|    policy_gradient_loss | -0.0351    |
|    value_loss           | 0.0053     |
----------------------------------------
-----------------------------------------
| rollout/                |             |
|    ep_len_mean          | 169         |
|    ep_rew_mean          | 64.4        |
| time/                   |             |
|    fps                  | 35          |
|    iterations           | 96          |
|    time_elapsed         | 1371        |
|    total_timesteps      | 49152       |
| train/                  |             |
|    approx_kl            | 0.016095173 |
|    clip_fraction        | 0.135       |
|    clip_range           | 0.2         |
|    entropy_loss         | -0.485      |
|    explained_variance   | -6.37       |
|    learning_rate        | 0.0003      |
|    loss                 | -0.039      |
|    n_updates            | 950         |
|    policy_gradient_loss | -0.0359     |
|    value_loss           | 0.00175     |
-----------------------------------------
-----------------------------------------
| rollout/                |             |
|    ep_len_mean          | 169         |
|    ep_rew_mean          | 64.8        |
| time/                   |             |
|    fps                  | 36          |
|    iterations           | 97          |
|    time_elapsed         | 1377        |
|    total_timesteps      | 49664       |
| train/                  |             |
|    approx_kl            | 0.023850946 |
|    clip_fraction        | 0.163       |
|    clip_range           | 0.2         |
|    entropy_loss         | -0.497      |
|    explained_variance   | -0.256      |
|    learning_rate        | 0.0003      |
|    loss                 | -0.0539     |
|    n_updates            | 960         |
|    policy_gradient_loss | -0.0391     |
|    value_loss           | 0.00529     |
-----------------------------------------
[Eval @50000] R=8.4±0.3 CR=0.000 Spd=20.9 LC=0.8 SR=1.000
-----------------------------------------
| rollout/                |             |
|    ep_len_mean          | 169         |
|    ep_rew_mean          | 64.8        |
| time/                   |             |
|    fps                  | 35          |
|    iterations           | 98          |
|    time_elapsed         | 1407        |
|    total_timesteps      | 50176       |
| train/                  |             |
|    approx_kl            | 0.012709515 |
|    clip_fraction        | 0.0854      |
|    clip_range           | 0.2         |
|    entropy_loss         | -0.37       |
|    explained_variance   | 0.356       |
|    learning_rate        | 0.0003      |
|    loss                 | -0.0249     |
|    n_updates            | 970         |
|    policy_gradient_loss | -0.0258     |
|    value_loss           | 0.00208     |
-----------------------------------------
[PPO] Done. Model: ./logs/ppo/balanced/seed_456/final_model.zip
