[WARNING] GrayscaleImage not available, falling back to OccupancyGrid.
[PPO] reward=baseline seed=123 steps=50000 policy=MlpPolicy
[PPO] run_dir=./logs/ppo/baseline/seed_123
[WARNING] GrayscaleImage not available, falling back to OccupancyGrid.
[WARNING] GrayscaleImage not available, falling back to OccupancyGrid.
Using cpu device
Logging to ./logs/ppo/baseline/seed_123/ppo_baseline_seed123_1
---------------------------------
| rollout/           |          |
|    ep_len_mean     | 44.9     |
|    ep_rew_mean     | 10.9     |
| time/              |          |
|    fps             | 75       |
|    iterations      | 1        |
|    time_elapsed    | 6        |
|    total_timesteps | 512      |
---------------------------------
-----------------------------------------
| rollout/                |             |
|    ep_len_mean          | 46.8        |
|    ep_rew_mean          | 11.8        |
| time/                   |             |
|    fps                  | 75          |
|    iterations           | 2           |
|    time_elapsed         | 13          |
|    total_timesteps      | 1024        |
| train/                  |             |
|    approx_kl            | 0.003271316 |
|    clip_fraction        | 0.0043      |
|    clip_range           | 0.2         |
|    entropy_loss         | -1.61       |
|    explained_variance   | -0.461      |
|    learning_rate        | 0.0003      |
|    loss                 | -0.0495     |
|    n_updates            | 10          |
|    policy_gradient_loss | -0.0165     |
|    value_loss           | 0.562       |
-----------------------------------------
------------------------------------------
| rollout/                |              |
|    ep_len_mean          | 51.9         |
|    ep_rew_mean          | 14           |
| time/                   |              |
|    fps                  | 75           |
|    iterations           | 3            |
|    time_elapsed         | 20           |
|    total_timesteps      | 1536         |
| train/                  |              |
|    approx_kl            | 0.0092725055 |
|    clip_fraction        | 0.0512       |
|    clip_range           | 0.2          |
|    entropy_loss         | -1.6         |
|    explained_variance   | -0.702       |
|    learning_rate        | 0.0003       |
|    loss                 | -0.0934      |
|    n_updates            | 20           |
|    policy_gradient_loss | -0.0396      |
|    value_loss           | 0.0546       |
------------------------------------------
-----------------------------------------
| rollout/                |             |
|    ep_len_mean          | 47.8        |
|    ep_rew_mean          | 12.1        |
| time/                   |             |
|    fps                  | 75          |
|    iterations           | 4           |
|    time_elapsed         | 27          |
|    total_timesteps      | 2048        |
| train/                  |             |
|    approx_kl            | 0.011054058 |
|    clip_fraction        | 0.0791      |
|    clip_range           | 0.2         |
|    entropy_loss         | -1.59       |
|    explained_variance   | 0.124       |
|    learning_rate        | 0.0003      |
|    loss                 | -0.0943     |
|    n_updates            | 30          |
|    policy_gradient_loss | -0.0422     |
|    value_loss           | 0.0296      |
-----------------------------------------
-----------------------------------------
| rollout/                |             |
|    ep_len_mean          | 51.5        |
|    ep_rew_mean          | 13.8        |
| time/                   |             |
|    fps                  | 75          |
|    iterations           | 5           |
|    time_elapsed         | 33          |
|    total_timesteps      | 2560        |
| train/                  |             |
|    approx_kl            | 0.011930311 |
|    clip_fraction        | 0.0836      |
|    clip_range           | 0.2         |
|    entropy_loss         | -1.57       |
|    explained_variance   | -0.00716    |
|    learning_rate        | 0.0003      |
|    loss                 | -0.0702     |
|    n_updates            | 40          |
|    policy_gradient_loss | -0.0461     |
|    value_loss           | 0.0394      |
-----------------------------------------
-----------------------------------------
| rollout/                |             |
|    ep_len_mean          | 54.1        |
|    ep_rew_mean          | 15          |
| time/                   |             |
|    fps                  | 75          |
|    iterations           | 6           |
|    time_elapsed         | 40          |
|    total_timesteps      | 3072        |
| train/                  |             |
|    approx_kl            | 0.012093816 |
|    clip_fraction        | 0.0918      |
|    clip_range           | 0.2         |
|    entropy_loss         | -1.56       |
|    explained_variance   | -0.619      |
|    learning_rate        | 0.0003      |
|    loss                 | -0.099      |
|    n_updates            | 50          |
|    policy_gradient_loss | -0.0507     |
|    value_loss           | 0.0337      |
-----------------------------------------
-----------------------------------------
| rollout/                |             |
|    ep_len_mean          | 58.9        |
|    ep_rew_mean          | 17.1        |
| time/                   |             |
|    fps                  | 75          |
|    iterations           | 7           |
|    time_elapsed         | 47          |
|    total_timesteps      | 3584        |
| train/                  |             |
|    approx_kl            | 0.013968826 |
|    clip_fraction        | 0.129       |
|    clip_range           | 0.2         |
|    entropy_loss         | -1.52       |
|    explained_variance   | -0.319      |
|    learning_rate        | 0.0003      |
|    loss                 | -0.0877     |
|    n_updates            | 60          |
|    policy_gradient_loss | -0.0509     |
|    value_loss           | 0.0318      |
-----------------------------------------
-----------------------------------------
| rollout/                |             |
|    ep_len_mean          | 60.7        |
|    ep_rew_mean          | 18          |
| time/                   |             |
|    fps                  | 75          |
|    iterations           | 8           |
|    time_elapsed         | 54          |
|    total_timesteps      | 4096        |
| train/                  |             |
|    approx_kl            | 0.014783349 |
|    clip_fraction        | 0.135       |
|    clip_range           | 0.2         |
|    entropy_loss         | -1.51       |
|    explained_variance   | -0.832      |
|    learning_rate        | 0.0003      |
|    loss                 | -0.111      |
|    n_updates            | 70          |
|    policy_gradient_loss | -0.0576     |
|    value_loss           | 0.0188      |
-----------------------------------------
-----------------------------------------
| rollout/                |             |
|    ep_len_mean          | 65.3        |
|    ep_rew_mean          | 20.4        |
| time/                   |             |
|    fps                  | 75          |
|    iterations           | 9           |
|    time_elapsed         | 61          |
|    total_timesteps      | 4608        |
| train/                  |             |
|    approx_kl            | 0.013361376 |
|    clip_fraction        | 0.111       |
|    clip_range           | 0.2         |
|    entropy_loss         | -1.51       |
|    explained_variance   | 0.0798      |
|    learning_rate        | 0.0003      |
|    loss                 | -0.0666     |
|    n_updates            | 80          |
|    policy_gradient_loss | -0.0476     |
|    value_loss           | 0.0195      |
-----------------------------------------
[Eval @5000] NEW BEST mean_reward=9.300
[Eval @5000] R=9.3±7.7 CR=0.200 Spd=20.6 LC=85.6 SR=0.800
----------------------------------------
| rollout/                |            |
|    ep_len_mean          | 69         |
|    ep_rew_mean          | 22.3       |
| time/                   |            |
|    fps                  | 48         |
|    iterations           | 10         |
|    time_elapsed         | 105        |
|    total_timesteps      | 5120       |
| train/                  |            |
|    approx_kl            | 0.00955801 |
|    clip_fraction        | 0.0586     |
|    clip_range           | 0.2        |
|    entropy_loss         | -1.5       |
|    explained_variance   | -2.73      |
|    learning_rate        | 0.0003     |
|    loss                 | -0.0976    |
|    n_updates            | 90         |
|    policy_gradient_loss | -0.038     |
|    value_loss           | 0.0119     |
----------------------------------------
----------------------------------------
| rollout/                |            |
|    ep_len_mean          | 72         |
|    ep_rew_mean          | 23.8       |
| time/                   |            |
|    fps                  | 44         |
|    iterations           | 11         |
|    time_elapsed         | 125        |
|    total_timesteps      | 5632       |
| train/                  |            |
|    approx_kl            | 0.01788805 |
|    clip_fraction        | 0.156      |
|    clip_range           | 0.2        |
|    entropy_loss         | -1.48      |
|    explained_variance   | -30.9      |
|    learning_rate        | 0.0003     |
|    loss                 | -0.1       |
|    n_updates            | 100        |
|    policy_gradient_loss | -0.0622    |
|    value_loss           | 0.00758    |
----------------------------------------
-----------------------------------------
| rollout/                |             |
|    ep_len_mean          | 73.9        |
|    ep_rew_mean          | 24.7        |
| time/                   |             |
|    fps                  | 42          |
|    iterations           | 12          |
|    time_elapsed         | 145         |
|    total_timesteps      | 6144        |
| train/                  |             |
|    approx_kl            | 0.016737046 |
|    clip_fraction        | 0.14        |
|    clip_range           | 0.2         |
|    entropy_loss         | -1.45       |
|    explained_variance   | -0.0709     |
|    learning_rate        | 0.0003      |
|    loss                 | -0.107      |
|    n_updates            | 110         |
|    policy_gradient_loss | -0.0523     |
|    value_loss           | 0.0118      |
-----------------------------------------
----------------------------------------
| rollout/                |            |
|    ep_len_mean          | 74.2       |
|    ep_rew_mean          | 24.8       |
| time/                   |            |
|    fps                  | 40         |
|    iterations           | 13         |
|    time_elapsed         | 166        |
|    total_timesteps      | 6656       |
| train/                  |            |
|    approx_kl            | 0.01714617 |
|    clip_fraction        | 0.155      |
|    clip_range           | 0.2        |
|    entropy_loss         | -1.42      |
|    explained_variance   | -0.392     |
|    learning_rate        | 0.0003     |
|    loss                 | -0.106     |
|    n_updates            | 120        |
|    policy_gradient_loss | -0.0617    |
|    value_loss           | 0.00934    |
----------------------------------------
-----------------------------------------
| rollout/                |             |
|    ep_len_mean          | 75.7        |
|    ep_rew_mean          | 25.5        |
| time/                   |             |
|    fps                  | 39          |
|    iterations           | 14          |
|    time_elapsed         | 180         |
|    total_timesteps      | 7168        |
| train/                  |             |
|    approx_kl            | 0.014259055 |
|    clip_fraction        | 0.14        |
|    clip_range           | 0.2         |
|    entropy_loss         | -1.35       |
|    explained_variance   | 0.24        |
|    learning_rate        | 0.0003      |
|    loss                 | -0.0916     |
|    n_updates            | 130         |
|    policy_gradient_loss | -0.0492     |
|    value_loss           | 0.00935     |
-----------------------------------------
-----------------------------------------
| rollout/                |             |
|    ep_len_mean          | 77.5        |
|    ep_rew_mean          | 26.4        |
| time/                   |             |
|    fps                  | 40          |
|    iterations           | 15          |
|    time_elapsed         | 187         |
|    total_timesteps      | 7680        |
| train/                  |             |
|    approx_kl            | 0.018582545 |
|    clip_fraction        | 0.179       |
|    clip_range           | 0.2         |
|    entropy_loss         | -1.4        |
|    explained_variance   | -0.275      |
|    learning_rate        | 0.0003      |
|    loss                 | -0.11       |
|    n_updates            | 140         |
|    policy_gradient_loss | -0.0604     |
|    value_loss           | 0.0122      |
-----------------------------------------
-----------------------------------------
| rollout/                |             |
|    ep_len_mean          | 80.4        |
|    ep_rew_mean          | 27.9        |
| time/                   |             |
|    fps                  | 41          |
|    iterations           | 16          |
|    time_elapsed         | 196         |
|    total_timesteps      | 8192        |
| train/                  |             |
|    approx_kl            | 0.019919302 |
|    clip_fraction        | 0.175       |
|    clip_range           | 0.2         |
|    entropy_loss         | -1.37       |
|    explained_variance   | -0.224      |
|    learning_rate        | 0.0003      |
|    loss                 | -0.109      |
|    n_updates            | 150         |
|    policy_gradient_loss | -0.0556     |
|    value_loss           | 0.00833     |
-----------------------------------------
----------------------------------------
| rollout/                |            |
|    ep_len_mean          | 84.1       |
|    ep_rew_mean          | 29.7       |
| time/                   |            |
|    fps                  | 42         |
|    iterations           | 17         |
|    time_elapsed         | 203        |
|    total_timesteps      | 8704       |
| train/                  |            |
|    approx_kl            | 0.01891166 |
|    clip_fraction        | 0.182      |
|    clip_range           | 0.2        |
|    entropy_loss         | -1.35      |
|    explained_variance   | -2.4       |
|    learning_rate        | 0.0003     |
|    loss                 | -0.103     |
|    n_updates            | 160        |
|    policy_gradient_loss | -0.0598    |
|    value_loss           | 0.00671    |
----------------------------------------
----------------------------------------
| rollout/                |            |
|    ep_len_mean          | 87.3       |
|    ep_rew_mean          | 31.2       |
| time/                   |            |
|    fps                  | 43         |
|    iterations           | 18         |
|    time_elapsed         | 209        |
|    total_timesteps      | 9216       |
| train/                  |            |
|    approx_kl            | 0.01676955 |
|    clip_fraction        | 0.154      |
|    clip_range           | 0.2        |
|    entropy_loss         | -1.36      |
|    explained_variance   | -0.121     |
|    learning_rate        | 0.0003     |
|    loss                 | -0.0947    |
|    n_updates            | 170        |
|    policy_gradient_loss | -0.0531    |
|    value_loss           | 0.00841    |
----------------------------------------
-----------------------------------------
| rollout/                |             |
|    ep_len_mean          | 91          |
|    ep_rew_mean          | 33.1        |
| time/                   |             |
|    fps                  | 44          |
|    iterations           | 19          |
|    time_elapsed         | 216         |
|    total_timesteps      | 9728        |
| train/                  |             |
|    approx_kl            | 0.018059444 |
|    clip_fraction        | 0.169       |
|    clip_range           | 0.2         |
|    entropy_loss         | -1.33       |
|    explained_variance   | -0.348      |
|    learning_rate        | 0.0003      |
|    loss                 | -0.0878     |
|    n_updates            | 180         |
|    policy_gradient_loss | -0.0461     |
|    value_loss           | 0.00561     |
-----------------------------------------
[Eval @10000] R=8.2±0.1 CR=0.000 Spd=20.2 LC=166.0 SR=1.000
-----------------------------------------
| rollout/                |             |
|    ep_len_mean          | 92.7        |
|    ep_rew_mean          | 33.9        |
| time/                   |             |
|    fps                  | 41          |
|    iterations           | 20          |
|    time_elapsed         | 248         |
|    total_timesteps      | 10240       |
| train/                  |             |
|    approx_kl            | 0.018321026 |
|    clip_fraction        | 0.177       |
|    clip_range           | 0.2         |
|    entropy_loss         | -1.32       |
|    explained_variance   | -1.98       |
|    learning_rate        | 0.0003      |
|    loss                 | -0.0849     |
|    n_updates            | 190         |
|    policy_gradient_loss | -0.059      |
|    value_loss           | 0.0058      |
-----------------------------------------
-----------------------------------------
| rollout/                |             |
|    ep_len_mean          | 95.8        |
|    ep_rew_mean          | 35.3        |
| time/                   |             |
|    fps                  | 42          |
|    iterations           | 21          |
|    time_elapsed         | 254         |
|    total_timesteps      | 10752       |
| train/                  |             |
|    approx_kl            | 0.015956786 |
|    clip_fraction        | 0.148       |
|    clip_range           | 0.2         |
|    entropy_loss         | -1.28       |
|    explained_variance   | -0.0136     |
|    learning_rate        | 0.0003      |
|    loss                 | -0.106      |
|    n_updates            | 200         |
|    policy_gradient_loss | -0.0527     |
|    value_loss           | 0.00944     |
-----------------------------------------
------------------------------------------
| rollout/                |              |
|    ep_len_mean          | 99.4         |
|    ep_rew_mean          | 37.1         |
| time/                   |              |
|    fps                  | 43           |
|    iterations           | 22           |
|    time_elapsed         | 261          |
|    total_timesteps      | 11264        |
| train/                  |              |
|    approx_kl            | 0.0153910965 |
|    clip_fraction        | 0.139        |
|    clip_range           | 0.2          |
|    entropy_loss         | -1.29        |
|    explained_variance   | -0.0363      |
|    learning_rate        | 0.0003       |
|    loss                 | -0.103       |
|    n_updates            | 210          |
|    policy_gradient_loss | -0.0532      |
|    value_loss           | 0.0121       |
------------------------------------------
-----------------------------------------
| rollout/                |             |
|    ep_len_mean          | 102         |
|    ep_rew_mean          | 38.5        |
| time/                   |             |
|    fps                  | 43          |
|    iterations           | 23          |
|    time_elapsed         | 267         |
|    total_timesteps      | 11776       |
| train/                  |             |
|    approx_kl            | 0.014601711 |
|    clip_fraction        | 0.119       |
|    clip_range           | 0.2         |
|    entropy_loss         | -1.29       |
|    explained_variance   | -0.904      |
|    learning_rate        | 0.0003      |
|    loss                 | -0.0807     |
|    n_updates            | 220         |
|    policy_gradient_loss | -0.0402     |
|    value_loss           | 0.00356     |
-----------------------------------------
-----------------------------------------
| rollout/                |             |
|    ep_len_mean          | 106         |
|    ep_rew_mean          | 40          |
| time/                   |             |
|    fps                  | 44          |
|    iterations           | 24          |
|    time_elapsed         | 277         |
|    total_timesteps      | 12288       |
| train/                  |             |
|    approx_kl            | 0.018000571 |
|    clip_fraction        | 0.176       |
|    clip_range           | 0.2         |
|    entropy_loss         | -1.32       |
|    explained_variance   | -0.0916     |
|    learning_rate        | 0.0003      |
|    loss                 | -0.096      |
|    n_updates            | 230         |
|    policy_gradient_loss | -0.0562     |
|    value_loss           | 0.00865     |
-----------------------------------------
----------------------------------------
| rollout/                |            |
|    ep_len_mean          | 110        |
|    ep_rew_mean          | 42.2       |
| time/                   |            |
|    fps                  | 44         |
|    iterations           | 25         |
|    time_elapsed         | 289        |
|    total_timesteps      | 12800      |
| train/                  |            |
|    approx_kl            | 0.01725784 |
|    clip_fraction        | 0.146      |
|    clip_range           | 0.2        |
|    entropy_loss         | -1.31      |
|    explained_variance   | -0.273     |
|    learning_rate        | 0.0003     |
|    loss                 | -0.087     |
|    n_updates            | 240        |
|    policy_gradient_loss | -0.0532    |
|    value_loss           | 0.00674    |
----------------------------------------
-----------------------------------------
| rollout/                |             |
|    ep_len_mean          | 113         |
|    ep_rew_mean          | 43.7        |
| time/                   |             |
|    fps                  | 43          |
|    iterations           | 26          |
|    time_elapsed         | 307         |
|    total_timesteps      | 13312       |
| train/                  |             |
|    approx_kl            | 0.019553415 |
|    clip_fraction        | 0.175       |
|    clip_range           | 0.2         |
|    entropy_loss         | -1.31       |
|    explained_variance   | -0.173      |
|    learning_rate        | 0.0003      |
|    loss                 | -0.097      |
|    n_updates            | 250         |
|    policy_gradient_loss | -0.0557     |
|    value_loss           | 0.00599     |
-----------------------------------------
-----------------------------------------
| rollout/                |             |
|    ep_len_mean          | 116         |
|    ep_rew_mean          | 45          |
| time/                   |             |
|    fps                  | 44          |
|    iterations           | 27          |
|    time_elapsed         | 314         |
|    total_timesteps      | 13824       |
| train/                  |             |
|    approx_kl            | 0.019450448 |
|    clip_fraction        | 0.16        |
|    clip_range           | 0.2         |
|    entropy_loss         | -1.27       |
|    explained_variance   | -0.278      |
|    learning_rate        | 0.0003      |
|    loss                 | -0.0941     |
|    n_updates            | 260         |
|    policy_gradient_loss | -0.054      |
|    value_loss           | 0.00872     |
-----------------------------------------
-----------------------------------------
| rollout/                |             |
|    ep_len_mean          | 118         |
|    ep_rew_mean          | 46.1        |
| time/                   |             |
|    fps                  | 44          |
|    iterations           | 28          |
|    time_elapsed         | 320         |
|    total_timesteps      | 14336       |
| train/                  |             |
|    approx_kl            | 0.019820197 |
|    clip_fraction        | 0.177       |
|    clip_range           | 0.2         |
|    entropy_loss         | -1.21       |
|    explained_variance   | -0.815      |
|    learning_rate        | 0.0003      |
|    loss                 | -0.0964     |
|    n_updates            | 270         |
|    policy_gradient_loss | -0.0484     |
|    value_loss           | 0.00312     |
-----------------------------------------
----------------------------------------
| rollout/                |            |
|    ep_len_mean          | 121        |
|    ep_rew_mean          | 47.6       |
| time/                   |            |
|    fps                  | 45         |
|    iterations           | 29         |
|    time_elapsed         | 328        |
|    total_timesteps      | 14848      |
| train/                  |            |
|    approx_kl            | 0.01755675 |
|    clip_fraction        | 0.161      |
|    clip_range           | 0.2        |
|    entropy_loss         | -1.22      |
|    explained_variance   | 0.327      |
|    learning_rate        | 0.0003     |
|    loss                 | -0.0869    |
|    n_updates            | 280        |
|    policy_gradient_loss | -0.052     |
|    value_loss           | 0.00482    |
----------------------------------------
[Eval @15000] R=7.9±1.8 CR=0.100 Spd=20.9 LC=82.2 SR=0.900
-----------------------------------------
| rollout/                |             |
|    ep_len_mean          | 123         |
|    ep_rew_mean          | 48.9        |
| time/                   |             |
|    fps                  | 42          |
|    iterations           | 30          |
|    time_elapsed         | 365         |
|    total_timesteps      | 15360       |
| train/                  |             |
|    approx_kl            | 0.019068778 |
|    clip_fraction        | 0.176       |
|    clip_range           | 0.2         |
|    entropy_loss         | -1.22       |
|    explained_variance   | -0.685      |
|    learning_rate        | 0.0003      |
|    loss                 | -0.105      |
|    n_updates            | 290         |
|    policy_gradient_loss | -0.0537     |
|    value_loss           | 0.00622     |
-----------------------------------------
-----------------------------------------
| rollout/                |             |
|    ep_len_mean          | 126         |
|    ep_rew_mean          | 50          |
| time/                   |             |
|    fps                  | 42          |
|    iterations           | 31          |
|    time_elapsed         | 371         |
|    total_timesteps      | 15872       |
| train/                  |             |
|    approx_kl            | 0.022606006 |
|    clip_fraction        | 0.2         |
|    clip_range           | 0.2         |
|    entropy_loss         | -1.2        |
|    explained_variance   | -0.463      |
|    learning_rate        | 0.0003      |
|    loss                 | -0.0931     |
|    n_updates            | 300         |
|    policy_gradient_loss | -0.0547     |
|    value_loss           | 0.00578     |
-----------------------------------------
----------------------------------------
| rollout/                |            |
|    ep_len_mean          | 125        |
|    ep_rew_mean          | 49.9       |
| time/                   |            |
|    fps                  | 43         |
|    iterations           | 32         |
|    time_elapsed         | 378        |
|    total_timesteps      | 16384      |
| train/                  |            |
|    approx_kl            | 0.02014054 |
|    clip_fraction        | 0.178      |
|    clip_range           | 0.2        |
|    entropy_loss         | -1.22      |
|    explained_variance   | -0.199     |
|    learning_rate        | 0.0003     |
|    loss                 | -0.106     |
|    n_updates            | 310        |
|    policy_gradient_loss | -0.0553    |
|    value_loss           | 0.00595    |
----------------------------------------
-----------------------------------------
| rollout/                |             |
|    ep_len_mean          | 128         |
|    ep_rew_mean          | 51.3        |
| time/                   |             |
|    fps                  | 43          |
|    iterations           | 33          |
|    time_elapsed         | 385         |
|    total_timesteps      | 16896       |
| train/                  |             |
|    approx_kl            | 0.019966954 |
|    clip_fraction        | 0.167       |
|    clip_range           | 0.2         |
|    entropy_loss         | -1.18       |
|    explained_variance   | 0.395       |
|    learning_rate        | 0.0003      |
|    loss                 | -0.0398     |
|    n_updates            | 320         |
|    policy_gradient_loss | -0.0457     |
|    value_loss           | 0.00514     |
-----------------------------------------
-----------------------------------------
| rollout/                |             |
|    ep_len_mean          | 124         |
|    ep_rew_mean          | 49.2        |
| time/                   |             |
|    fps                  | 44          |
|    iterations           | 34          |
|    time_elapsed         | 392         |
|    total_timesteps      | 17408       |
| train/                  |             |
|    approx_kl            | 0.013514141 |
|    clip_fraction        | 0.117       |
|    clip_range           | 0.2         |
|    entropy_loss         | -1.15       |
|    explained_variance   | -0.865      |
|    learning_rate        | 0.0003      |
|    loss                 | -0.0568     |
|    n_updates            | 330         |
|    policy_gradient_loss | -0.0452     |
|    value_loss           | 0.00665     |
-----------------------------------------
-----------------------------------------
| rollout/                |             |
|    ep_len_mean          | 125         |
|    ep_rew_mean          | 49.9        |
| time/                   |             |
|    fps                  | 44          |
|    iterations           | 35          |
|    time_elapsed         | 398         |
|    total_timesteps      | 17920       |
| train/                  |             |
|    approx_kl            | 0.022099799 |
|    clip_fraction        | 0.179       |
|    clip_range           | 0.2         |
|    entropy_loss         | -1.15       |
|    explained_variance   | 0.143       |
|    learning_rate        | 0.0003      |
|    loss                 | -0.104      |
|    n_updates            | 340         |
|    policy_gradient_loss | -0.0579     |
|    value_loss           | 0.00812     |
-----------------------------------------
-----------------------------------------
| rollout/                |             |
|    ep_len_mean          | 127         |
|    ep_rew_mean          | 50.7        |
| time/                   |             |
|    fps                  | 45          |
|    iterations           | 36          |
|    time_elapsed         | 405         |
|    total_timesteps      | 18432       |
| train/                  |             |
|    approx_kl            | 0.017944649 |
|    clip_fraction        | 0.149       |
|    clip_range           | 0.2         |
|    entropy_loss         | -1.17       |
|    explained_variance   | -1.79       |
|    learning_rate        | 0.0003      |
|    loss                 | -0.0681     |
|    n_updates            | 350         |
|    policy_gradient_loss | -0.0517     |
|    value_loss           | 0.0054      |
-----------------------------------------
-----------------------------------------
| rollout/                |             |
|    ep_len_mean          | 128         |
|    ep_rew_mean          | 51.1        |
| time/                   |             |
|    fps                  | 45          |
|    iterations           | 37          |
|    time_elapsed         | 412         |
|    total_timesteps      | 18944       |
| train/                  |             |
|    approx_kl            | 0.022139695 |
|    clip_fraction        | 0.164       |
|    clip_range           | 0.2         |
|    entropy_loss         | -1.19       |
|    explained_variance   | 0.269       |
|    learning_rate        | 0.0003      |
|    loss                 | -0.0848     |
|    n_updates            | 360         |
|    policy_gradient_loss | -0.0487     |
|    value_loss           | 0.00514     |
-----------------------------------------
-----------------------------------------
| rollout/                |             |
|    ep_len_mean          | 128         |
|    ep_rew_mean          | 51.6        |
| time/                   |             |
|    fps                  | 46          |
|    iterations           | 38          |
|    time_elapsed         | 418         |
|    total_timesteps      | 19456       |
| train/                  |             |
|    approx_kl            | 0.017041663 |
|    clip_fraction        | 0.146       |
|    clip_range           | 0.2         |
|    entropy_loss         | -1.14       |
|    explained_variance   | 0.206       |
|    learning_rate        | 0.0003      |
|    loss                 | -0.071      |
|    n_updates            | 370         |
|    policy_gradient_loss | -0.0464     |
|    value_loss           | 0.00666     |
-----------------------------------------
-----------------------------------------
| rollout/                |             |
|    ep_len_mean          | 130         |
|    ep_rew_mean          | 52.8        |
| time/                   |             |
|    fps                  | 46          |
|    iterations           | 39          |
|    time_elapsed         | 425         |
|    total_timesteps      | 19968       |
| train/                  |             |
|    approx_kl            | 0.018475473 |
|    clip_fraction        | 0.18        |
|    clip_range           | 0.2         |
|    entropy_loss         | -1.15       |
|    explained_variance   | -0.205      |
|    learning_rate        | 0.0003      |
|    loss                 | -0.0954     |
|    n_updates            | 380         |
|    policy_gradient_loss | -0.0453     |
|    value_loss           | 0.00797     |
-----------------------------------------
[Eval @20000] R=8.4±1.0 CR=0.100 Spd=21.7 LC=81.4 SR=0.900
-----------------------------------------
| rollout/                |             |
|    ep_len_mean          | 130         |
|    ep_rew_mean          | 52.6        |
| time/                   |             |
|    fps                  | 44          |
|    iterations           | 40          |
|    time_elapsed         | 460         |
|    total_timesteps      | 20480       |
| train/                  |             |
|    approx_kl            | 0.019740945 |
|    clip_fraction        | 0.186       |
|    clip_range           | 0.2         |
|    entropy_loss         | -1.17       |
|    explained_variance   | -0.175      |
|    learning_rate        | 0.0003      |
|    loss                 | -0.0923     |
|    n_updates            | 390         |
|    policy_gradient_loss | -0.0519     |
|    value_loss           | 0.00485     |
-----------------------------------------
-----------------------------------------
| rollout/                |             |
|    ep_len_mean          | 132         |
|    ep_rew_mean          | 53.7        |
| time/                   |             |
|    fps                  | 44          |
|    iterations           | 41          |
|    time_elapsed         | 466         |
|    total_timesteps      | 20992       |
| train/                  |             |
|    approx_kl            | 0.020079859 |
|    clip_fraction        | 0.182       |
|    clip_range           | 0.2         |
|    entropy_loss         | -1.16       |
|    explained_variance   | -0.0205     |
|    learning_rate        | 0.0003      |
|    loss                 | -0.109      |
|    n_updates            | 400         |
|    policy_gradient_loss | -0.0521     |
|    value_loss           | 0.0051      |
-----------------------------------------
-----------------------------------------
| rollout/                |             |
|    ep_len_mean          | 132         |
|    ep_rew_mean          | 53.8        |
| time/                   |             |
|    fps                  | 45          |
|    iterations           | 42          |
|    time_elapsed         | 473         |
|    total_timesteps      | 21504       |
| train/                  |             |
|    approx_kl            | 0.029716255 |
|    clip_fraction        | 0.272       |
|    clip_range           | 0.2         |
|    entropy_loss         | -1.13       |
|    explained_variance   | -61.5       |
|    learning_rate        | 0.0003      |
|    loss                 | -0.0951     |
|    n_updates            | 410         |
|    policy_gradient_loss | -0.066      |
|    value_loss           | 0.00294     |
-----------------------------------------
-----------------------------------------
| rollout/                |             |
|    ep_len_mean          | 132         |
|    ep_rew_mean          | 54          |
| time/                   |             |
|    fps                  | 45          |
|    iterations           | 43          |
|    time_elapsed         | 479         |
|    total_timesteps      | 22016       |
| train/                  |             |
|    approx_kl            | 0.022351861 |
|    clip_fraction        | 0.199       |
|    clip_range           | 0.2         |
|    entropy_loss         | -1.09       |
|    explained_variance   | -0.346      |
|    learning_rate        | 0.0003      |
|    loss                 | -0.0983     |
|    n_updates            | 420         |
|    policy_gradient_loss | -0.0577     |
|    value_loss           | 0.00285     |
-----------------------------------------
-----------------------------------------
| rollout/                |             |
|    ep_len_mean          | 131         |
|    ep_rew_mean          | 53          |
| time/                   |             |
|    fps                  | 46          |
|    iterations           | 44          |
|    time_elapsed         | 486         |
|    total_timesteps      | 22528       |
| train/                  |             |
|    approx_kl            | 0.023360614 |
|    clip_fraction        | 0.203       |
|    clip_range           | 0.2         |
|    entropy_loss         | -1.14       |
|    explained_variance   | -0.178      |
|    learning_rate        | 0.0003      |
|    loss                 | -0.0494     |
|    n_updates            | 430         |
|    policy_gradient_loss | -0.0458     |
|    value_loss           | 0.00718     |
-----------------------------------------
-----------------------------------------
| rollout/                |             |
|    ep_len_mean          | 130         |
|    ep_rew_mean          | 52.6        |
| time/                   |             |
|    fps                  | 46          |
|    iterations           | 45          |
|    time_elapsed         | 493         |
|    total_timesteps      | 23040       |
| train/                  |             |
|    approx_kl            | 0.019414231 |
|    clip_fraction        | 0.179       |
|    clip_range           | 0.2         |
|    entropy_loss         | -1.12       |
|    explained_variance   | 0.138       |
|    learning_rate        | 0.0003      |
|    loss                 | -0.0944     |
|    n_updates            | 440         |
|    policy_gradient_loss | -0.053      |
|    value_loss           | 0.00795     |
-----------------------------------------
-----------------------------------------
| rollout/                |             |
|    ep_len_mean          | 131         |
|    ep_rew_mean          | 53.4        |
| time/                   |             |
|    fps                  | 46          |
|    iterations           | 46          |
|    time_elapsed         | 501         |
|    total_timesteps      | 23552       |
| train/                  |             |
|    approx_kl            | 0.023566682 |
|    clip_fraction        | 0.18        |
|    clip_range           | 0.2         |
|    entropy_loss         | -1.05       |
|    explained_variance   | 0.106       |
|    learning_rate        | 0.0003      |
|    loss                 | -0.0913     |
|    n_updates            | 450         |
|    policy_gradient_loss | -0.0573     |
|    value_loss           | 0.00933     |
-----------------------------------------
-----------------------------------------
| rollout/                |             |
|    ep_len_mean          | 134         |
|    ep_rew_mean          | 54.8        |
| time/                   |             |
|    fps                  | 47          |
|    iterations           | 47          |
|    time_elapsed         | 509         |
|    total_timesteps      | 24064       |
| train/                  |             |
|    approx_kl            | 0.023394626 |
|    clip_fraction        | 0.21        |
|    clip_range           | 0.2         |
|    entropy_loss         | -1.09       |
|    explained_variance   | -0.813      |
|    learning_rate        | 0.0003      |
|    loss                 | -0.0934     |
|    n_updates            | 460         |
|    policy_gradient_loss | -0.0617     |
|    value_loss           | 0.00721     |
-----------------------------------------
----------------------------------------
| rollout/                |            |
|    ep_len_mean          | 130        |
|    ep_rew_mean          | 53.2       |
| time/                   |            |
|    fps                  | 47         |
|    iterations           | 48         |
|    time_elapsed         | 518        |
|    total_timesteps      | 24576      |
| train/                  |            |
|    approx_kl            | 0.02381249 |
|    clip_fraction        | 0.196      |
|    clip_range           | 0.2        |
|    entropy_loss         | -1.06      |
|    explained_variance   | -0.499     |
|    learning_rate        | 0.0003     |
|    loss                 | -0.0791    |
|    n_updates            | 470        |
|    policy_gradient_loss | -0.0552    |
|    value_loss           | 0.00251    |
----------------------------------------
[Eval @25000] R=7.4±2.3 CR=0.200 Spd=21.6 LC=89.3 SR=0.800
-----------------------------------------
| rollout/                |             |
|    ep_len_mean          | 128         |
|    ep_rew_mean          | 51.9        |
| time/                   |             |
|    fps                  | 41          |
|    iterations           | 49          |
|    time_elapsed         | 598         |
|    total_timesteps      | 25088       |
| train/                  |             |
|    approx_kl            | 0.017792035 |
|    clip_fraction        | 0.149       |
|    clip_range           | 0.2         |
|    entropy_loss         | -1.01       |
|    explained_variance   | 0.0113      |
|    learning_rate        | 0.0003      |
|    loss                 | -0.103      |
|    n_updates            | 480         |
|    policy_gradient_loss | -0.0446     |
|    value_loss           | 0.0093      |
-----------------------------------------
-----------------------------------------
| rollout/                |             |
|    ep_len_mean          | 127         |
|    ep_rew_mean          | 51.7        |
| time/                   |             |
|    fps                  | 41          |
|    iterations           | 50          |
|    time_elapsed         | 618         |
|    total_timesteps      | 25600       |
| train/                  |             |
|    approx_kl            | 0.023455326 |
|    clip_fraction        | 0.204       |
|    clip_range           | 0.2         |
|    entropy_loss         | -1.06       |
|    explained_variance   | -0.108      |
|    learning_rate        | 0.0003      |
|    loss                 | -0.0904     |
|    n_updates            | 490         |
|    policy_gradient_loss | -0.0538     |
|    value_loss           | 0.00893     |
-----------------------------------------
-----------------------------------------
| rollout/                |             |
|    ep_len_mean          | 126         |
|    ep_rew_mean          | 51          |
| time/                   |             |
|    fps                  | 40          |
|    iterations           | 51          |
|    time_elapsed         | 638         |
|    total_timesteps      | 26112       |
| train/                  |             |
|    approx_kl            | 0.018129934 |
|    clip_fraction        | 0.147       |
|    clip_range           | 0.2         |
|    entropy_loss         | -1.1        |
|    explained_variance   | -0.0837     |
|    learning_rate        | 0.0003      |
|    loss                 | -0.0741     |
|    n_updates            | 500         |
|    policy_gradient_loss | -0.0458     |
|    value_loss           | 0.00666     |
-----------------------------------------
-----------------------------------------
| rollout/                |             |
|    ep_len_mean          | 124         |
|    ep_rew_mean          | 49.6        |
| time/                   |             |
|    fps                  | 41          |
|    iterations           | 52          |
|    time_elapsed         | 645         |
|    total_timesteps      | 26624       |
| train/                  |             |
|    approx_kl            | 0.017502641 |
|    clip_fraction        | 0.172       |
|    clip_range           | 0.2         |
|    entropy_loss         | -1.01       |
|    explained_variance   | 0.592       |
|    learning_rate        | 0.0003      |
|    loss                 | -0.0553     |
|    n_updates            | 510         |
|    policy_gradient_loss | -0.0453     |
|    value_loss           | 0.00568     |
-----------------------------------------
----------------------------------------
| rollout/                |            |
|    ep_len_mean          | 122        |
|    ep_rew_mean          | 48.9       |
| time/                   |            |
|    fps                  | 41         |
|    iterations           | 53         |
|    time_elapsed         | 652        |
|    total_timesteps      | 27136      |
| train/                  |            |
|    approx_kl            | 0.02096469 |
|    clip_fraction        | 0.157      |
|    clip_range           | 0.2        |
|    entropy_loss         | -1         |
|    explained_variance   | 0.321      |
|    learning_rate        | 0.0003     |
|    loss                 | -0.0761    |
|    n_updates            | 520        |
|    policy_gradient_loss | -0.0503    |
|    value_loss           | 0.00711    |
----------------------------------------
-----------------------------------------
| rollout/                |             |
|    ep_len_mean          | 118         |
|    ep_rew_mean          | 47          |
| time/                   |             |
|    fps                  | 41          |
|    iterations           | 54          |
|    time_elapsed         | 658         |
|    total_timesteps      | 27648       |
| train/                  |             |
|    approx_kl            | 0.028058529 |
|    clip_fraction        | 0.235       |
|    clip_range           | 0.2         |
|    entropy_loss         | -1.04       |
|    explained_variance   | 0.248       |
|    learning_rate        | 0.0003      |
|    loss                 | -0.0777     |
|    n_updates            | 530         |
|    policy_gradient_loss | -0.0578     |
|    value_loss           | 0.00505     |
-----------------------------------------
-----------------------------------------
| rollout/                |             |
|    ep_len_mean          | 117         |
|    ep_rew_mean          | 46.6        |
| time/                   |             |
|    fps                  | 42          |
|    iterations           | 55          |
|    time_elapsed         | 665         |
|    total_timesteps      | 28160       |
| train/                  |             |
|    approx_kl            | 0.022871383 |
|    clip_fraction        | 0.191       |
|    clip_range           | 0.2         |
|    entropy_loss         | -1.03       |
|    explained_variance   | 0.174       |
|    learning_rate        | 0.0003      |
|    loss                 | -0.0854     |
|    n_updates            | 540         |
|    policy_gradient_loss | -0.0471     |
|    value_loss           | 0.00772     |
-----------------------------------------
-----------------------------------------
| rollout/                |             |
|    ep_len_mean          | 119         |
|    ep_rew_mean          | 47.5        |
| time/                   |             |
|    fps                  | 42          |
|    iterations           | 56          |
|    time_elapsed         | 672         |
|    total_timesteps      | 28672       |
| train/                  |             |
|    approx_kl            | 0.019162688 |
|    clip_fraction        | 0.162       |
|    clip_range           | 0.2         |
|    entropy_loss         | -1.02       |
|    explained_variance   | 0.297       |
|    learning_rate        | 0.0003      |
|    loss                 | -0.0962     |
|    n_updates            | 550         |
|    policy_gradient_loss | -0.0498     |
|    value_loss           | 0.00599     |
-----------------------------------------
-----------------------------------------
| rollout/                |             |
|    ep_len_mean          | 119         |
|    ep_rew_mean          | 47.2        |
| time/                   |             |
|    fps                  | 42          |
|    iterations           | 57          |
|    time_elapsed         | 679         |
|    total_timesteps      | 29184       |
| train/                  |             |
|    approx_kl            | 0.018155385 |
|    clip_fraction        | 0.151       |
|    clip_range           | 0.2         |
|    entropy_loss         | -1.04       |
|    explained_variance   | -0.0771     |
|    learning_rate        | 0.0003      |
|    loss                 | -0.0706     |
|    n_updates            | 560         |
|    policy_gradient_loss | -0.0473     |
|    value_loss           | 0.00401     |
-----------------------------------------
-----------------------------------------
| rollout/                |             |
|    ep_len_mean          | 118         |
|    ep_rew_mean          | 46.7        |
| time/                   |             |
|    fps                  | 43          |
|    iterations           | 58          |
|    time_elapsed         | 685         |
|    total_timesteps      | 29696       |
| train/                  |             |
|    approx_kl            | 0.024742438 |
|    clip_fraction        | 0.2         |
|    clip_range           | 0.2         |
|    entropy_loss         | -0.975      |
|    explained_variance   | 0.229       |
|    learning_rate        | 0.0003      |
|    loss                 | -0.0885     |
|    n_updates            | 570         |
|    policy_gradient_loss | -0.0555     |
|    value_loss           | 0.00408     |
-----------------------------------------
[Eval @30000] R=8.2±0.5 CR=0.100 Spd=21.1 LC=102.9 SR=0.900
-----------------------------------------
| rollout/                |             |
|    ep_len_mean          | 119         |
|    ep_rew_mean          | 47.1        |
| time/                   |             |
|    fps                  | 42          |
|    iterations           | 59          |
|    time_elapsed         | 718         |
|    total_timesteps      | 30208       |
| train/                  |             |
|    approx_kl            | 0.022463348 |
|    clip_fraction        | 0.203       |
|    clip_range           | 0.2         |
|    entropy_loss         | -0.992      |
|    explained_variance   | 0.00851     |
|    learning_rate        | 0.0003      |
|    loss                 | -0.0852     |
|    n_updates            | 580         |
|    policy_gradient_loss | -0.0564     |
|    value_loss           | 0.00846     |
-----------------------------------------
-----------------------------------------
| rollout/                |             |
|    ep_len_mean          | 119         |
|    ep_rew_mean          | 47.1        |
| time/                   |             |
|    fps                  | 42          |
|    iterations           | 60          |
|    time_elapsed         | 724         |
|    total_timesteps      | 30720       |
| train/                  |             |
|    approx_kl            | 0.025366481 |
|    clip_fraction        | 0.202       |
|    clip_range           | 0.2         |
|    entropy_loss         | -0.968      |
|    explained_variance   | 0.0823      |
|    learning_rate        | 0.0003      |
|    loss                 | -0.0711     |
|    n_updates            | 590         |
|    policy_gradient_loss | -0.0552     |
|    value_loss           | 0.00339     |
-----------------------------------------
-----------------------------------------
| rollout/                |             |
|    ep_len_mean          | 120         |
|    ep_rew_mean          | 47.9        |
| time/                   |             |
|    fps                  | 42          |
|    iterations           | 61          |
|    time_elapsed         | 731         |
|    total_timesteps      | 31232       |
| train/                  |             |
|    approx_kl            | 0.025045289 |
|    clip_fraction        | 0.215       |
|    clip_range           | 0.2         |
|    entropy_loss         | -0.943      |
|    explained_variance   | 0.0107      |
|    learning_rate        | 0.0003      |
|    loss                 | -0.0991     |
|    n_updates            | 600         |
|    policy_gradient_loss | -0.0486     |
|    value_loss           | 0.00609     |
-----------------------------------------
-----------------------------------------
| rollout/                |             |
|    ep_len_mean          | 123         |
|    ep_rew_mean          | 49.5        |
| time/                   |             |
|    fps                  | 42          |
|    iterations           | 62          |
|    time_elapsed         | 738         |
|    total_timesteps      | 31744       |
| train/                  |             |
|    approx_kl            | 0.022037186 |
|    clip_fraction        | 0.195       |
|    clip_range           | 0.2         |
|    entropy_loss         | -0.967      |
|    explained_variance   | -0.263      |
|    learning_rate        | 0.0003      |
|    loss                 | -0.0926     |
|    n_updates            | 610         |
|    policy_gradient_loss | -0.0526     |
|    value_loss           | 0.00497     |
-----------------------------------------
-----------------------------------------
| rollout/                |             |
|    ep_len_mean          | 123         |
|    ep_rew_mean          | 49.3        |
| time/                   |             |
|    fps                  | 43          |
|    iterations           | 63          |
|    time_elapsed         | 745         |
|    total_timesteps      | 32256       |
| train/                  |             |
|    approx_kl            | 0.027565774 |
|    clip_fraction        | 0.218       |
|    clip_range           | 0.2         |
|    entropy_loss         | -0.993      |
|    explained_variance   | -0.544      |
|    learning_rate        | 0.0003      |
|    loss                 | -0.0719     |
|    n_updates            | 620         |
|    policy_gradient_loss | -0.0546     |
|    value_loss           | 0.00321     |
-----------------------------------------
----------------------------------------
| rollout/                |            |
|    ep_len_mean          | 124        |
|    ep_rew_mean          | 49.9       |
| time/                   |            |
|    fps                  | 43         |
|    iterations           | 64         |
|    time_elapsed         | 752        |
|    total_timesteps      | 32768      |
| train/                  |            |
|    approx_kl            | 0.02132443 |
|    clip_fraction        | 0.183      |
|    clip_range           | 0.2        |
|    entropy_loss         | -0.971     |
|    explained_variance   | -0.422     |
|    learning_rate        | 0.0003     |
|    loss                 | -0.0991    |
|    n_updates            | 630        |
|    policy_gradient_loss | -0.0483    |
|    value_loss           | 0.00274    |
----------------------------------------
-----------------------------------------
| rollout/                |             |
|    ep_len_mean          | 127         |
|    ep_rew_mean          | 51.1        |
| time/                   |             |
|    fps                  | 43          |
|    iterations           | 65          |
|    time_elapsed         | 758         |
|    total_timesteps      | 33280       |
| train/                  |             |
|    approx_kl            | 0.020944979 |
|    clip_fraction        | 0.17        |
|    clip_range           | 0.2         |
|    entropy_loss         | -0.984      |
|    explained_variance   | -0.108      |
|    learning_rate        | 0.0003      |
|    loss                 | -0.0606     |
|    n_updates            | 640         |
|    policy_gradient_loss | -0.0441     |
|    value_loss           | 0.00551     |
-----------------------------------------
-----------------------------------------
| rollout/                |             |
|    ep_len_mean          | 127         |
|    ep_rew_mean          | 51.2        |
| time/                   |             |
|    fps                  | 44          |
|    iterations           | 66          |
|    time_elapsed         | 765         |
|    total_timesteps      | 33792       |
| train/                  |             |
|    approx_kl            | 0.025244337 |
|    clip_fraction        | 0.203       |
|    clip_range           | 0.2         |
|    entropy_loss         | -0.927      |
|    explained_variance   | -21.7       |
|    learning_rate        | 0.0003      |
|    loss                 | -0.103      |
|    n_updates            | 650         |
|    policy_gradient_loss | -0.0602     |
|    value_loss           | 0.00217     |
-----------------------------------------
----------------------------------------
| rollout/                |            |
|    ep_len_mean          | 127        |
|    ep_rew_mean          | 51.5       |
| time/                   |            |
|    fps                  | 44         |
|    iterations           | 67         |
|    time_elapsed         | 772        |
|    total_timesteps      | 34304      |
| train/                  |            |
|    approx_kl            | 0.03190679 |
|    clip_fraction        | 0.247      |
|    clip_range           | 0.2        |
|    entropy_loss         | -0.907     |
|    explained_variance   | -33.8      |
|    learning_rate        | 0.0003     |
|    loss                 | -0.0802    |
|    n_updates            | 660        |
|    policy_gradient_loss | -0.0598    |
|    value_loss           | 0.00182    |
----------------------------------------
-----------------------------------------
| rollout/                |             |
|    ep_len_mean          | 127         |
|    ep_rew_mean          | 51.8        |
| time/                   |             |
|    fps                  | 44          |
|    iterations           | 68          |
|    time_elapsed         | 779         |
|    total_timesteps      | 34816       |
| train/                  |             |
|    approx_kl            | 0.028253175 |
|    clip_fraction        | 0.197       |
|    clip_range           | 0.2         |
|    entropy_loss         | -0.902      |
|    explained_variance   | -0.165      |
|    learning_rate        | 0.0003      |
|    loss                 | -0.0989     |
|    n_updates            | 670         |
|    policy_gradient_loss | -0.0498     |
|    value_loss           | 0.00255     |
-----------------------------------------
[Eval @35000] R=8.3±0.5 CR=0.100 Spd=21.3 LC=102.4 SR=0.900
-----------------------------------------
| rollout/                |             |
|    ep_len_mean          | 128         |
|    ep_rew_mean          | 52.2        |
| time/                   |             |
|    fps                  | 43          |
|    iterations           | 69          |
|    time_elapsed         | 812         |
|    total_timesteps      | 35328       |
| train/                  |             |
|    approx_kl            | 0.025719361 |
|    clip_fraction        | 0.21        |
|    clip_range           | 0.2         |
|    entropy_loss         | -0.921      |
|    explained_variance   | -0.0533     |
|    learning_rate        | 0.0003      |
|    loss                 | -0.0778     |
|    n_updates            | 680         |
|    policy_gradient_loss | -0.0458     |
|    value_loss           | 0.00346     |
-----------------------------------------
-----------------------------------------
| rollout/                |             |
|    ep_len_mean          | 129         |
|    ep_rew_mean          | 52.9        |
| time/                   |             |
|    fps                  | 43          |
|    iterations           | 70          |
|    time_elapsed         | 819         |
|    total_timesteps      | 35840       |
| train/                  |             |
|    approx_kl            | 0.024811685 |
|    clip_fraction        | 0.227       |
|    clip_range           | 0.2         |
|    entropy_loss         | -0.957      |
|    explained_variance   | 0.312       |
|    learning_rate        | 0.0003      |
|    loss                 | -0.0861     |
|    n_updates            | 690         |
|    policy_gradient_loss | -0.0507     |
|    value_loss           | 0.00257     |
-----------------------------------------
-----------------------------------------
| rollout/                |             |
|    ep_len_mean          | 131         |
|    ep_rew_mean          | 54.2        |
| time/                   |             |
|    fps                  | 44          |
|    iterations           | 71          |
|    time_elapsed         | 826         |
|    total_timesteps      | 36352       |
| train/                  |             |
|    approx_kl            | 0.021027256 |
|    clip_fraction        | 0.183       |
|    clip_range           | 0.2         |
|    entropy_loss         | -0.93       |
|    explained_variance   | -0.662      |
|    learning_rate        | 0.0003      |
|    loss                 | -0.0672     |
|    n_updates            | 700         |
|    policy_gradient_loss | -0.0462     |
|    value_loss           | 0.00327     |
-----------------------------------------
-----------------------------------------
| rollout/                |             |
|    ep_len_mean          | 133         |
|    ep_rew_mean          | 55          |
| time/                   |             |
|    fps                  | 44          |
|    iterations           | 72          |
|    time_elapsed         | 832         |
|    total_timesteps      | 36864       |
| train/                  |             |
|    approx_kl            | 0.021603443 |
|    clip_fraction        | 0.202       |
|    clip_range           | 0.2         |
|    entropy_loss         | -0.91       |
|    explained_variance   | -5.06       |
|    learning_rate        | 0.0003      |
|    loss                 | -0.0726     |
|    n_updates            | 710         |
|    policy_gradient_loss | -0.0469     |
|    value_loss           | 0.00104     |
-----------------------------------------
-----------------------------------------
| rollout/                |             |
|    ep_len_mean          | 132         |
|    ep_rew_mean          | 54.8        |
| time/                   |             |
|    fps                  | 44          |
|    iterations           | 73          |
|    time_elapsed         | 839         |
|    total_timesteps      | 37376       |
| train/                  |             |
|    approx_kl            | 0.024267823 |
|    clip_fraction        | 0.182       |
|    clip_range           | 0.2         |
|    entropy_loss         | -0.902      |
|    explained_variance   | -18.8       |
|    learning_rate        | 0.0003      |
|    loss                 | -0.0939     |
|    n_updates            | 720         |
|    policy_gradient_loss | -0.0514     |
|    value_loss           | 0.00107     |
-----------------------------------------
-----------------------------------------
| rollout/                |             |
|    ep_len_mean          | 135         |
|    ep_rew_mean          | 56.1        |
| time/                   |             |
|    fps                  | 44          |
|    iterations           | 74          |
|    time_elapsed         | 846         |
|    total_timesteps      | 37888       |
| train/                  |             |
|    approx_kl            | 0.022955693 |
|    clip_fraction        | 0.216       |
|    clip_range           | 0.2         |
|    entropy_loss         | -0.975      |
|    explained_variance   | -0.167      |
|    learning_rate        | 0.0003      |
|    loss                 | -0.0731     |
|    n_updates            | 730         |
|    policy_gradient_loss | -0.0528     |
|    value_loss           | 0.00225     |
-----------------------------------------
----------------------------------------
| rollout/                |            |
|    ep_len_mean          | 136        |
|    ep_rew_mean          | 56.5       |
| time/                   |            |
|    fps                  | 45         |
|    iterations           | 75         |
|    time_elapsed         | 852        |
|    total_timesteps      | 38400      |
| train/                  |            |
|    approx_kl            | 0.02274087 |
|    clip_fraction        | 0.175      |
|    clip_range           | 0.2        |
|    entropy_loss         | -0.929     |
|    explained_variance   | -0.388     |
|    learning_rate        | 0.0003     |
|    loss                 | -0.0659    |
|    n_updates            | 740        |
|    policy_gradient_loss | -0.042     |
|    value_loss           | 0.00459    |
----------------------------------------
-----------------------------------------
| rollout/                |             |
|    ep_len_mean          | 139         |
|    ep_rew_mean          | 58.1        |
| time/                   |             |
|    fps                  | 45          |
|    iterations           | 76          |
|    time_elapsed         | 859         |
|    total_timesteps      | 38912       |
| train/                  |             |
|    approx_kl            | 0.025529508 |
|    clip_fraction        | 0.186       |
|    clip_range           | 0.2         |
|    entropy_loss         | -0.868      |
|    explained_variance   | -0.219      |
|    learning_rate        | 0.0003      |
|    loss                 | -0.0672     |
|    n_updates            | 750         |
|    policy_gradient_loss | -0.0449     |
|    value_loss           | 0.00721     |
-----------------------------------------
-----------------------------------------
| rollout/                |             |
|    ep_len_mean          | 140         |
|    ep_rew_mean          | 58.5        |
| time/                   |             |
|    fps                  | 45          |
|    iterations           | 77          |
|    time_elapsed         | 865         |
|    total_timesteps      | 39424       |
| train/                  |             |
|    approx_kl            | 0.020433139 |
|    clip_fraction        | 0.183       |
|    clip_range           | 0.2         |
|    entropy_loss         | -0.816      |
|    explained_variance   | -1.03       |
|    learning_rate        | 0.0003      |
|    loss                 | -0.0742     |
|    n_updates            | 760         |
|    policy_gradient_loss | -0.049      |
|    value_loss           | 0.00273     |
-----------------------------------------
-----------------------------------------
| rollout/                |             |
|    ep_len_mean          | 140         |
|    ep_rew_mean          | 58.9        |
| time/                   |             |
|    fps                  | 45          |
|    iterations           | 78          |
|    time_elapsed         | 872         |
|    total_timesteps      | 39936       |
| train/                  |             |
|    approx_kl            | 0.026287545 |
|    clip_fraction        | 0.212       |
|    clip_range           | 0.2         |
|    entropy_loss         | -0.888      |
|    explained_variance   | 0.303       |
|    learning_rate        | 0.0003      |
|    loss                 | -0.0877     |
|    n_updates            | 770         |
|    policy_gradient_loss | -0.0531     |
|    value_loss           | 0.00248     |
-----------------------------------------
[Eval @40000] R=8.5±0.2 CR=0.000 Spd=21.4 LC=79.4 SR=1.000
-----------------------------------------
| rollout/                |             |
|    ep_len_mean          | 142         |
|    ep_rew_mean          | 59.8        |
| time/                   |             |
|    fps                  | 44          |
|    iterations           | 79          |
|    time_elapsed         | 904         |
|    total_timesteps      | 40448       |
| train/                  |             |
|    approx_kl            | 0.029348288 |
|    clip_fraction        | 0.224       |
|    clip_range           | 0.2         |
|    entropy_loss         | -0.87       |
|    explained_variance   | -0.659      |
|    learning_rate        | 0.0003      |
|    loss                 | -0.0669     |
|    n_updates            | 780         |
|    policy_gradient_loss | -0.0529     |
|    value_loss           | 0.00627     |
-----------------------------------------
-----------------------------------------
| rollout/                |             |
|    ep_len_mean          | 144         |
|    ep_rew_mean          | 61.2        |
| time/                   |             |
|    fps                  | 44          |
|    iterations           | 80          |
|    time_elapsed         | 911         |
|    total_timesteps      | 40960       |
| train/                  |             |
|    approx_kl            | 0.029088184 |
|    clip_fraction        | 0.191       |
|    clip_range           | 0.2         |
|    entropy_loss         | -0.814      |
|    explained_variance   | -0.171      |
|    learning_rate        | 0.0003      |
|    loss                 | -0.086      |
|    n_updates            | 790         |
|    policy_gradient_loss | -0.0475     |
|    value_loss           | 0.00305     |
-----------------------------------------
-----------------------------------------
| rollout/                |             |
|    ep_len_mean          | 144         |
|    ep_rew_mean          | 61.1        |
| time/                   |             |
|    fps                  | 45          |
|    iterations           | 81          |
|    time_elapsed         | 919         |
|    total_timesteps      | 41472       |
| train/                  |             |
|    approx_kl            | 0.022678904 |
|    clip_fraction        | 0.197       |
|    clip_range           | 0.2         |
|    entropy_loss         | -0.911      |
|    explained_variance   | -1.04       |
|    learning_rate        | 0.0003      |
|    loss                 | -0.0885     |
|    n_updates            | 800         |
|    policy_gradient_loss | -0.0506     |
|    value_loss           | 0.00386     |
-----------------------------------------
-----------------------------------------
| rollout/                |             |
|    ep_len_mean          | 148         |
|    ep_rew_mean          | 63.3        |
| time/                   |             |
|    fps                  | 45          |
|    iterations           | 82          |
|    time_elapsed         | 929         |
|    total_timesteps      | 41984       |
| train/                  |             |
|    approx_kl            | 0.025666982 |
|    clip_fraction        | 0.193       |
|    clip_range           | 0.2         |
|    entropy_loss         | -0.862      |
|    explained_variance   | 0.119       |
|    learning_rate        | 0.0003      |
|    loss                 | -0.0786     |
|    n_updates            | 810         |
|    policy_gradient_loss | -0.0431     |
|    value_loss           | 0.00544     |
-----------------------------------------
-----------------------------------------
| rollout/                |             |
|    ep_len_mean          | 150         |
|    ep_rew_mean          | 64          |
| time/                   |             |
|    fps                  | 44          |
|    iterations           | 83          |
|    time_elapsed         | 950         |
|    total_timesteps      | 42496       |
| train/                  |             |
|    approx_kl            | 0.035159305 |
|    clip_fraction        | 0.227       |
|    clip_range           | 0.2         |
|    entropy_loss         | -0.847      |
|    explained_variance   | -41.1       |
|    learning_rate        | 0.0003      |
|    loss                 | -0.0881     |
|    n_updates            | 820         |
|    policy_gradient_loss | -0.0586     |
|    value_loss           | 0.00137     |
-----------------------------------------
-----------------------------------------
| rollout/                |             |
|    ep_len_mean          | 151         |
|    ep_rew_mean          | 64.6        |
| time/                   |             |
|    fps                  | 44          |
|    iterations           | 84          |
|    time_elapsed         | 970         |
|    total_timesteps      | 43008       |
| train/                  |             |
|    approx_kl            | 0.024778122 |
|    clip_fraction        | 0.193       |
|    clip_range           | 0.2         |
|    entropy_loss         | -0.907      |
|    explained_variance   | -0.0584     |
|    learning_rate        | 0.0003      |
|    loss                 | -0.0637     |
|    n_updates            | 830         |
|    policy_gradient_loss | -0.0454     |
|    value_loss           | 0.006       |
-----------------------------------------
-----------------------------------------
| rollout/                |             |
|    ep_len_mean          | 153         |
|    ep_rew_mean          | 65.5        |
| time/                   |             |
|    fps                  | 43          |
|    iterations           | 85          |
|    time_elapsed         | 990         |
|    total_timesteps      | 43520       |
| train/                  |             |
|    approx_kl            | 0.018507645 |
|    clip_fraction        | 0.156       |
|    clip_range           | 0.2         |
|    entropy_loss         | -0.819      |
|    explained_variance   | 0.186       |
|    learning_rate        | 0.0003      |
|    loss                 | -0.0733     |
|    n_updates            | 840         |
|    policy_gradient_loss | -0.0413     |
|    value_loss           | 0.00576     |
-----------------------------------------
-----------------------------------------
| rollout/                |             |
|    ep_len_mean          | 152         |
|    ep_rew_mean          | 65.1        |
| time/                   |             |
|    fps                  | 43          |
|    iterations           | 86          |
|    time_elapsed         | 1010        |
|    total_timesteps      | 44032       |
| train/                  |             |
|    approx_kl            | 0.018563654 |
|    clip_fraction        | 0.167       |
|    clip_range           | 0.2         |
|    entropy_loss         | -0.835      |
|    explained_variance   | -0.0916     |
|    learning_rate        | 0.0003      |
|    loss                 | -0.0667     |
|    n_updates            | 850         |
|    policy_gradient_loss | -0.0427     |
|    value_loss           | 0.00637     |
-----------------------------------------
-----------------------------------------
| rollout/                |             |
|    ep_len_mean          | 153         |
|    ep_rew_mean          | 65.9        |
| time/                   |             |
|    fps                  | 43          |
|    iterations           | 87          |
|    time_elapsed         | 1031        |
|    total_timesteps      | 44544       |
| train/                  |             |
|    approx_kl            | 0.021654196 |
|    clip_fraction        | 0.19        |
|    clip_range           | 0.2         |
|    entropy_loss         | -0.817      |
|    explained_variance   | -0.498      |
|    learning_rate        | 0.0003      |
|    loss                 | -0.0804     |
|    n_updates            | 860         |
|    policy_gradient_loss | -0.0417     |
|    value_loss           | 0.00449     |
-----------------------------------------
[Eval @45000] R=8.6±0.1 CR=0.000 Spd=21.6 LC=47.6 SR=1.000
----------------------------------------
| rollout/                |            |
|    ep_len_mean          | 156        |
|    ep_rew_mean          | 67.6       |
| time/                   |            |
|    fps                  | 39         |
|    iterations           | 88         |
|    time_elapsed         | 1128       |
|    total_timesteps      | 45056      |
| train/                  |            |
|    approx_kl            | 0.02458752 |
|    clip_fraction        | 0.236      |
|    clip_range           | 0.2        |
|    entropy_loss         | -0.836     |
|    explained_variance   | -43.7      |
|    learning_rate        | 0.0003     |
|    loss                 | -0.0721    |
|    n_updates            | 870        |
|    policy_gradient_loss | -0.0535    |
|    value_loss           | 0.00203    |
----------------------------------------
-----------------------------------------
| rollout/                |             |
|    ep_len_mean          | 153         |
|    ep_rew_mean          | 66.2        |
| time/                   |             |
|    fps                  | 39          |
|    iterations           | 89          |
|    time_elapsed         | 1148        |
|    total_timesteps      | 45568       |
| train/                  |             |
|    approx_kl            | 0.034817297 |
|    clip_fraction        | 0.2         |
|    clip_range           | 0.2         |
|    entropy_loss         | -0.851      |
|    explained_variance   | -0.679      |
|    learning_rate        | 0.0003      |
|    loss                 | -0.0784     |
|    n_updates            | 880         |
|    policy_gradient_loss | -0.0491     |
|    value_loss           | 0.00265     |
-----------------------------------------
-----------------------------------------
| rollout/                |             |
|    ep_len_mean          | 153         |
|    ep_rew_mean          | 66.2        |
| time/                   |             |
|    fps                  | 39          |
|    iterations           | 90          |
|    time_elapsed         | 1168        |
|    total_timesteps      | 46080       |
| train/                  |             |
|    approx_kl            | 0.022717161 |
|    clip_fraction        | 0.192       |
|    clip_range           | 0.2         |
|    entropy_loss         | -0.869      |
|    explained_variance   | 0.0427      |
|    learning_rate        | 0.0003      |
|    loss                 | -0.0681     |
|    n_updates            | 890         |
|    policy_gradient_loss | -0.0419     |
|    value_loss           | 0.00463     |
-----------------------------------------
-----------------------------------------
| rollout/                |             |
|    ep_len_mean          | 154         |
|    ep_rew_mean          | 66.7        |
| time/                   |             |
|    fps                  | 39          |
|    iterations           | 91          |
|    time_elapsed         | 1189        |
|    total_timesteps      | 46592       |
| train/                  |             |
|    approx_kl            | 0.021973222 |
|    clip_fraction        | 0.17        |
|    clip_range           | 0.2         |
|    entropy_loss         | -0.827      |
|    explained_variance   | -0.0212     |
|    learning_rate        | 0.0003      |
|    loss                 | -0.0862     |
|    n_updates            | 900         |
|    policy_gradient_loss | -0.0448     |
|    value_loss           | 0.00385     |
-----------------------------------------
-----------------------------------------
| rollout/                |             |
|    ep_len_mean          | 154         |
|    ep_rew_mean          | 66.5        |
| time/                   |             |
|    fps                  | 38          |
|    iterations           | 92          |
|    time_elapsed         | 1209        |
|    total_timesteps      | 47104       |
| train/                  |             |
|    approx_kl            | 0.025266752 |
|    clip_fraction        | 0.201       |
|    clip_range           | 0.2         |
|    entropy_loss         | -0.819      |
|    explained_variance   | -20.5       |
|    learning_rate        | 0.0003      |
|    loss                 | -0.0859     |
|    n_updates            | 910         |
|    policy_gradient_loss | -0.0484     |
|    value_loss           | 0.00164     |
-----------------------------------------
-----------------------------------------
| rollout/                |             |
|    ep_len_mean          | 154         |
|    ep_rew_mean          | 66.5        |
| time/                   |             |
|    fps                  | 38          |
|    iterations           | 93          |
|    time_elapsed         | 1229        |
|    total_timesteps      | 47616       |
| train/                  |             |
|    approx_kl            | 0.027923703 |
|    clip_fraction        | 0.193       |
|    clip_range           | 0.2         |
|    entropy_loss         | -0.818      |
|    explained_variance   | -0.259      |
|    learning_rate        | 0.0003      |
|    loss                 | -0.0634     |
|    n_updates            | 920         |
|    policy_gradient_loss | -0.0413     |
|    value_loss           | 0.00593     |
-----------------------------------------
-----------------------------------------
| rollout/                |             |
|    ep_len_mean          | 153         |
|    ep_rew_mean          | 66.1        |
| time/                   |             |
|    fps                  | 38          |
|    iterations           | 94          |
|    time_elapsed         | 1241        |
|    total_timesteps      | 48128       |
| train/                  |             |
|    approx_kl            | 0.030422127 |
|    clip_fraction        | 0.188       |
|    clip_range           | 0.2         |
|    entropy_loss         | -0.855      |
|    explained_variance   | -34.7       |
|    learning_rate        | 0.0003      |
|    loss                 | -0.0969     |
|    n_updates            | 930         |
|    policy_gradient_loss | -0.0501     |
|    value_loss           | 0.00138     |
-----------------------------------------
----------------------------------------
| rollout/                |            |
|    ep_len_mean          | 152        |
|    ep_rew_mean          | 65.7       |
| time/                   |            |
|    fps                  | 38         |
|    iterations           | 95         |
|    time_elapsed         | 1248       |
|    total_timesteps      | 48640      |
| train/                  |            |
|    approx_kl            | 0.02292748 |
|    clip_fraction        | 0.159      |
|    clip_range           | 0.2        |
|    entropy_loss         | -0.784     |
|    explained_variance   | 0.0859     |
|    learning_rate        | 0.0003     |
|    loss                 | -0.0623    |
|    n_updates            | 940        |
|    policy_gradient_loss | -0.0353    |
|    value_loss           | 0.00479    |
----------------------------------------
-----------------------------------------
| rollout/                |             |
|    ep_len_mean          | 150         |
|    ep_rew_mean          | 64.8        |
| time/                   |             |
|    fps                  | 38          |
|    iterations           | 96          |
|    time_elapsed         | 1268        |
|    total_timesteps      | 49152       |
| train/                  |             |
|    approx_kl            | 0.022703338 |
|    clip_fraction        | 0.174       |
|    clip_range           | 0.2         |
|    entropy_loss         | -0.844      |
|    explained_variance   | -0.834      |
|    learning_rate        | 0.0003      |
|    loss                 | -0.0615     |
|    n_updates            | 950         |
|    policy_gradient_loss | -0.037      |
|    value_loss           | 0.00295     |
-----------------------------------------
-----------------------------------------
| rollout/                |             |
|    ep_len_mean          | 152         |
|    ep_rew_mean          | 65.6        |
| time/                   |             |
|    fps                  | 38          |
|    iterations           | 97          |
|    time_elapsed         | 1279        |
|    total_timesteps      | 49664       |
| train/                  |             |
|    approx_kl            | 0.029867377 |
|    clip_fraction        | 0.215       |
|    clip_range           | 0.2         |
|    entropy_loss         | -0.892      |
|    explained_variance   | 0.0156      |
|    learning_rate        | 0.0003      |
|    loss                 | -0.0876     |
|    n_updates            | 960         |
|    policy_gradient_loss | -0.0483     |
|    value_loss           | 0.00349     |
-----------------------------------------
[Eval @50000] R=8.5±0.3 CR=0.000 Spd=21.5 LC=84.8 SR=1.000
-----------------------------------------
| rollout/                |             |
|    ep_len_mean          | 153         |
|    ep_rew_mean          | 65.9        |
| time/                   |             |
|    fps                  | 36          |
|    iterations           | 98          |
|    time_elapsed         | 1376        |
|    total_timesteps      | 50176       |
| train/                  |             |
|    approx_kl            | 0.021907236 |
|    clip_fraction        | 0.212       |
|    clip_range           | 0.2         |
|    entropy_loss         | -0.847      |
|    explained_variance   | -38.5       |
|    learning_rate        | 0.0003      |
|    loss                 | -0.0619     |
|    n_updates            | 970         |
|    policy_gradient_loss | -0.0508     |
|    value_loss           | 0.0012      |
-----------------------------------------
[PPO] Done. Model: ./logs/ppo/baseline/seed_123/final_model.zip
