[WARNING] GrayscaleImage not available, falling back to OccupancyGrid.
[PPO] reward=baseline seed=1024 steps=50000 policy=MlpPolicy
[PPO] run_dir=./logs/ppo/baseline/seed_1024
[WARNING] GrayscaleImage not available, falling back to OccupancyGrid.
[WARNING] GrayscaleImage not available, falling back to OccupancyGrid.
Using cpu device
Logging to ./logs/ppo/baseline/seed_1024/ppo_baseline_seed1024_1
---------------------------------
| rollout/           |          |
|    ep_len_mean     | 58.2     |
|    ep_rew_mean     | 18       |
| time/              |          |
|    fps             | 25       |
|    iterations      | 1        |
|    time_elapsed    | 20       |
|    total_timesteps | 512      |
---------------------------------
------------------------------------------
| rollout/                |              |
|    ep_len_mean          | 60           |
|    ep_rew_mean          | 18.2         |
| time/                   |              |
|    fps                  | 25           |
|    iterations           | 2            |
|    time_elapsed         | 40           |
|    total_timesteps      | 1024         |
| train/                  |              |
|    approx_kl            | 0.0033239154 |
|    clip_fraction        | 0.00273      |
|    clip_range           | 0.2          |
|    entropy_loss         | -1.61        |
|    explained_variance   | -0.349       |
|    learning_rate        | 0.0003       |
|    loss                 | -0.0396      |
|    n_updates            | 10           |
|    policy_gradient_loss | -0.0166      |
|    value_loss           | 0.548        |
------------------------------------------
------------------------------------------
| rollout/                |              |
|    ep_len_mean          | 60.5         |
|    ep_rew_mean          | 18.3         |
| time/                   |              |
|    fps                  | 25           |
|    iterations           | 3            |
|    time_elapsed         | 60           |
|    total_timesteps      | 1536         |
| train/                  |              |
|    approx_kl            | 0.0085456055 |
|    clip_fraction        | 0.0322       |
|    clip_range           | 0.2          |
|    entropy_loss         | -1.6         |
|    explained_variance   | -2.45        |
|    learning_rate        | 0.0003       |
|    loss                 | -0.0945      |
|    n_updates            | 20           |
|    policy_gradient_loss | -0.0354      |
|    value_loss           | 0.0314       |
------------------------------------------
-----------------------------------------
| rollout/                |             |
|    ep_len_mean          | 51.4        |
|    ep_rew_mean          | 14          |
| time/                   |             |
|    fps                  | 25          |
|    iterations           | 4           |
|    time_elapsed         | 80          |
|    total_timesteps      | 2048        |
| train/                  |             |
|    approx_kl            | 0.009916717 |
|    clip_fraction        | 0.0602      |
|    clip_range           | 0.2         |
|    entropy_loss         | -1.59       |
|    explained_variance   | -0.14       |
|    learning_rate        | 0.0003      |
|    loss                 | -0.093      |
|    n_updates            | 30          |
|    policy_gradient_loss | -0.0425     |
|    value_loss           | 0.0211      |
-----------------------------------------
-----------------------------------------
| rollout/                |             |
|    ep_len_mean          | 50.9        |
|    ep_rew_mean          | 13.7        |
| time/                   |             |
|    fps                  | 25          |
|    iterations           | 5           |
|    time_elapsed         | 101         |
|    total_timesteps      | 2560        |
| train/                  |             |
|    approx_kl            | 0.012496975 |
|    clip_fraction        | 0.0805      |
|    clip_range           | 0.2         |
|    entropy_loss         | -1.57       |
|    explained_variance   | 0.102       |
|    learning_rate        | 0.0003      |
|    loss                 | -0.0874     |
|    n_updates            | 40          |
|    policy_gradient_loss | -0.047      |
|    value_loss           | 0.0252      |
-----------------------------------------
-----------------------------------------
| rollout/                |             |
|    ep_len_mean          | 54.7        |
|    ep_rew_mean          | 15.5        |
| time/                   |             |
|    fps                  | 28          |
|    iterations           | 6           |
|    time_elapsed         | 107         |
|    total_timesteps      | 3072        |
| train/                  |             |
|    approx_kl            | 0.012484968 |
|    clip_fraction        | 0.105       |
|    clip_range           | 0.2         |
|    entropy_loss         | -1.56       |
|    explained_variance   | -0.144      |
|    learning_rate        | 0.0003      |
|    loss                 | -0.0776     |
|    n_updates            | 50          |
|    policy_gradient_loss | -0.0508     |
|    value_loss           | 0.0293      |
-----------------------------------------
-----------------------------------------
| rollout/                |             |
|    ep_len_mean          | 53.8        |
|    ep_rew_mean          | 15          |
| time/                   |             |
|    fps                  | 31          |
|    iterations           | 7           |
|    time_elapsed         | 114         |
|    total_timesteps      | 3584        |
| train/                  |             |
|    approx_kl            | 0.014086897 |
|    clip_fraction        | 0.116       |
|    clip_range           | 0.2         |
|    entropy_loss         | -1.55       |
|    explained_variance   | -0.571      |
|    learning_rate        | 0.0003      |
|    loss                 | -0.102      |
|    n_updates            | 60          |
|    policy_gradient_loss | -0.0552     |
|    value_loss           | 0.0222      |
-----------------------------------------
-----------------------------------------
| rollout/                |             |
|    ep_len_mean          | 53.4        |
|    ep_rew_mean          | 14.8        |
| time/                   |             |
|    fps                  | 32          |
|    iterations           | 8           |
|    time_elapsed         | 124         |
|    total_timesteps      | 4096        |
| train/                  |             |
|    approx_kl            | 0.012111495 |
|    clip_fraction        | 0.0943      |
|    clip_range           | 0.2         |
|    entropy_loss         | -1.53       |
|    explained_variance   | -0.137      |
|    learning_rate        | 0.0003      |
|    loss                 | -0.0847     |
|    n_updates            | 70          |
|    policy_gradient_loss | -0.0463     |
|    value_loss           | 0.0268      |
-----------------------------------------
---------------------------------------
| rollout/                |           |
|    ep_len_mean          | 57.8      |
|    ep_rew_mean          | 17.1      |
| time/                   |           |
|    fps                  | 31        |
|    iterations           | 9         |
|    time_elapsed         | 145       |
|    total_timesteps      | 4608      |
| train/                  |           |
|    approx_kl            | 0.0127365 |
|    clip_fraction        | 0.109     |
|    clip_range           | 0.2       |
|    entropy_loss         | -1.53     |
|    explained_variance   | 0.111     |
|    learning_rate        | 0.0003    |
|    loss                 | -0.0602   |
|    n_updates            | 80        |
|    policy_gradient_loss | -0.0455   |
|    value_loss           | 0.0226    |
---------------------------------------
[Eval @5000] NEW BEST mean_reward=10.580
[Eval @5000] R=10.6±6.9 CR=0.100 Spd=20.7 LC=38.0 SR=0.900
-----------------------------------------
| rollout/                |             |
|    ep_len_mean          | 60.7        |
|    ep_rew_mean          | 18.6        |
| time/                   |             |
|    fps                  | 21          |
|    iterations           | 10          |
|    time_elapsed         | 241         |
|    total_timesteps      | 5120        |
| train/                  |             |
|    approx_kl            | 0.014599818 |
|    clip_fraction        | 0.127       |
|    clip_range           | 0.2         |
|    entropy_loss         | -1.51       |
|    explained_variance   | -1.52       |
|    learning_rate        | 0.0003      |
|    loss                 | -0.105      |
|    n_updates            | 90          |
|    policy_gradient_loss | -0.055      |
|    value_loss           | 0.014       |
-----------------------------------------
-----------------------------------------
| rollout/                |             |
|    ep_len_mean          | 61          |
|    ep_rew_mean          | 18.7        |
| time/                   |             |
|    fps                  | 21          |
|    iterations           | 11          |
|    time_elapsed         | 262         |
|    total_timesteps      | 5632        |
| train/                  |             |
|    approx_kl            | 0.015323418 |
|    clip_fraction        | 0.153       |
|    clip_range           | 0.2         |
|    entropy_loss         | -1.5        |
|    explained_variance   | -0.494      |
|    learning_rate        | 0.0003      |
|    loss                 | -0.105      |
|    n_updates            | 100         |
|    policy_gradient_loss | -0.0563     |
|    value_loss           | 0.008       |
-----------------------------------------
-----------------------------------------
| rollout/                |             |
|    ep_len_mean          | 62.3        |
|    ep_rew_mean          | 19.5        |
| time/                   |             |
|    fps                  | 21          |
|    iterations           | 12          |
|    time_elapsed         | 282         |
|    total_timesteps      | 6144        |
| train/                  |             |
|    approx_kl            | 0.013721792 |
|    clip_fraction        | 0.122       |
|    clip_range           | 0.2         |
|    entropy_loss         | -1.48       |
|    explained_variance   | -0.0489     |
|    learning_rate        | 0.0003      |
|    loss                 | -0.0898     |
|    n_updates            | 110         |
|    policy_gradient_loss | -0.0529     |
|    value_loss           | 0.0132      |
-----------------------------------------
-----------------------------------------
| rollout/                |             |
|    ep_len_mean          | 65          |
|    ep_rew_mean          | 20.8        |
| time/                   |             |
|    fps                  | 23          |
|    iterations           | 13          |
|    time_elapsed         | 289         |
|    total_timesteps      | 6656        |
| train/                  |             |
|    approx_kl            | 0.014857256 |
|    clip_fraction        | 0.131       |
|    clip_range           | 0.2         |
|    entropy_loss         | -1.48       |
|    explained_variance   | 0.0704      |
|    learning_rate        | 0.0003      |
|    loss                 | -0.109      |
|    n_updates            | 120         |
|    policy_gradient_loss | -0.0551     |
|    value_loss           | 0.0119      |
-----------------------------------------
-----------------------------------------
| rollout/                |             |
|    ep_len_mean          | 66.4        |
|    ep_rew_mean          | 21.4        |
| time/                   |             |
|    fps                  | 24          |
|    iterations           | 14          |
|    time_elapsed         | 295         |
|    total_timesteps      | 7168        |
| train/                  |             |
|    approx_kl            | 0.016575452 |
|    clip_fraction        | 0.15        |
|    clip_range           | 0.2         |
|    entropy_loss         | -1.46       |
|    explained_variance   | 0.246       |
|    learning_rate        | 0.0003      |
|    loss                 | -0.101      |
|    n_updates            | 130         |
|    policy_gradient_loss | -0.0538     |
|    value_loss           | 0.00673     |
-----------------------------------------
-----------------------------------------
| rollout/                |             |
|    ep_len_mean          | 68.9        |
|    ep_rew_mean          | 22.6        |
| time/                   |             |
|    fps                  | 25          |
|    iterations           | 15          |
|    time_elapsed         | 302         |
|    total_timesteps      | 7680        |
| train/                  |             |
|    approx_kl            | 0.014855483 |
|    clip_fraction        | 0.152       |
|    clip_range           | 0.2         |
|    entropy_loss         | -1.44       |
|    explained_variance   | -0.235      |
|    learning_rate        | 0.0003      |
|    loss                 | -0.117      |
|    n_updates            | 140         |
|    policy_gradient_loss | -0.0597     |
|    value_loss           | 0.00975     |
-----------------------------------------
-----------------------------------------
| rollout/                |             |
|    ep_len_mean          | 69.4        |
|    ep_rew_mean          | 22.8        |
| time/                   |             |
|    fps                  | 26          |
|    iterations           | 16          |
|    time_elapsed         | 309         |
|    total_timesteps      | 8192        |
| train/                  |             |
|    approx_kl            | 0.020040654 |
|    clip_fraction        | 0.179       |
|    clip_range           | 0.2         |
|    entropy_loss         | -1.4        |
|    explained_variance   | -0.303      |
|    learning_rate        | 0.0003      |
|    loss                 | -0.12       |
|    n_updates            | 150         |
|    policy_gradient_loss | -0.0629     |
|    value_loss           | 0.0106      |
-----------------------------------------
----------------------------------------
| rollout/                |            |
|    ep_len_mean          | 73.1       |
|    ep_rew_mean          | 24.7       |
| time/                   |            |
|    fps                  | 27         |
|    iterations           | 17         |
|    time_elapsed         | 316        |
|    total_timesteps      | 8704       |
| train/                  |            |
|    approx_kl            | 0.01894117 |
|    clip_fraction        | 0.188      |
|    clip_range           | 0.2        |
|    entropy_loss         | -1.39      |
|    explained_variance   | -0.0413    |
|    learning_rate        | 0.0003     |
|    loss                 | -0.0979    |
|    n_updates            | 160        |
|    policy_gradient_loss | -0.0593    |
|    value_loss           | 0.00749    |
----------------------------------------
-----------------------------------------
| rollout/                |             |
|    ep_len_mean          | 76.2        |
|    ep_rew_mean          | 26.2        |
| time/                   |             |
|    fps                  | 28          |
|    iterations           | 18          |
|    time_elapsed         | 322         |
|    total_timesteps      | 9216        |
| train/                  |             |
|    approx_kl            | 0.018636517 |
|    clip_fraction        | 0.173       |
|    clip_range           | 0.2         |
|    entropy_loss         | -1.37       |
|    explained_variance   | -0.567      |
|    learning_rate        | 0.0003      |
|    loss                 | -0.0865     |
|    n_updates            | 170         |
|    policy_gradient_loss | -0.0584     |
|    value_loss           | 0.00986     |
-----------------------------------------
-----------------------------------------
| rollout/                |             |
|    ep_len_mean          | 79.3        |
|    ep_rew_mean          | 27.7        |
| time/                   |             |
|    fps                  | 29          |
|    iterations           | 19          |
|    time_elapsed         | 329         |
|    total_timesteps      | 9728        |
| train/                  |             |
|    approx_kl            | 0.017717026 |
|    clip_fraction        | 0.158       |
|    clip_range           | 0.2         |
|    entropy_loss         | -1.41       |
|    explained_variance   | -0.25       |
|    learning_rate        | 0.0003      |
|    loss                 | -0.117      |
|    n_updates            | 180         |
|    policy_gradient_loss | -0.0548     |
|    value_loss           | 0.00944     |
-----------------------------------------
[Eval @10000] R=8.3±0.2 CR=0.000 Spd=20.5 LC=87.9 SR=1.000
-----------------------------------------
| rollout/                |             |
|    ep_len_mean          | 81.6        |
|    ep_rew_mean          | 28.8        |
| time/                   |             |
|    fps                  | 28          |
|    iterations           | 20          |
|    time_elapsed         | 361         |
|    total_timesteps      | 10240       |
| train/                  |             |
|    approx_kl            | 0.017040942 |
|    clip_fraction        | 0.152       |
|    clip_range           | 0.2         |
|    entropy_loss         | -1.36       |
|    explained_variance   | 0.0117      |
|    learning_rate        | 0.0003      |
|    loss                 | -0.0951     |
|    n_updates            | 190         |
|    policy_gradient_loss | -0.056      |
|    value_loss           | 0.0118      |
-----------------------------------------
---------------------------------------
| rollout/                |           |
|    ep_len_mean          | 84        |
|    ep_rew_mean          | 30        |
| time/                   |           |
|    fps                  | 29        |
|    iterations           | 21        |
|    time_elapsed         | 368       |
|    total_timesteps      | 10752     |
| train/                  |           |
|    approx_kl            | 0.0172189 |
|    clip_fraction        | 0.158     |
|    clip_range           | 0.2       |
|    entropy_loss         | -1.36     |
|    explained_variance   | -0.404    |
|    learning_rate        | 0.0003    |
|    loss                 | -0.123    |
|    n_updates            | 200       |
|    policy_gradient_loss | -0.0562   |
|    value_loss           | 0.0073    |
---------------------------------------
-----------------------------------------
| rollout/                |             |
|    ep_len_mean          | 87.5        |
|    ep_rew_mean          | 31.9        |
| time/                   |             |
|    fps                  | 30          |
|    iterations           | 22          |
|    time_elapsed         | 375         |
|    total_timesteps      | 11264       |
| train/                  |             |
|    approx_kl            | 0.015128352 |
|    clip_fraction        | 0.157       |
|    clip_range           | 0.2         |
|    entropy_loss         | -1.34       |
|    explained_variance   | -0.00732    |
|    learning_rate        | 0.0003      |
|    loss                 | -0.101      |
|    n_updates            | 210         |
|    policy_gradient_loss | -0.0509     |
|    value_loss           | 0.0105      |
-----------------------------------------
----------------------------------------
| rollout/                |            |
|    ep_len_mean          | 89.8       |
|    ep_rew_mean          | 33.1       |
| time/                   |            |
|    fps                  | 30         |
|    iterations           | 23         |
|    time_elapsed         | 381        |
|    total_timesteps      | 11776      |
| train/                  |            |
|    approx_kl            | 0.01831781 |
|    clip_fraction        | 0.175      |
|    clip_range           | 0.2        |
|    entropy_loss         | -1.33      |
|    explained_variance   | -0.52      |
|    learning_rate        | 0.0003     |
|    loss                 | -0.0851    |
|    n_updates            | 220        |
|    policy_gradient_loss | -0.0566    |
|    value_loss           | 0.0123     |
----------------------------------------
-----------------------------------------
| rollout/                |             |
|    ep_len_mean          | 91.6        |
|    ep_rew_mean          | 34          |
| time/                   |             |
|    fps                  | 31          |
|    iterations           | 24          |
|    time_elapsed         | 388         |
|    total_timesteps      | 12288       |
| train/                  |             |
|    approx_kl            | 0.022657167 |
|    clip_fraction        | 0.228       |
|    clip_range           | 0.2         |
|    entropy_loss         | -1.31       |
|    explained_variance   | -1.67       |
|    learning_rate        | 0.0003      |
|    loss                 | -0.119      |
|    n_updates            | 230         |
|    policy_gradient_loss | -0.0638     |
|    value_loss           | 0.00509     |
-----------------------------------------
-----------------------------------------
| rollout/                |             |
|    ep_len_mean          | 92.7        |
|    ep_rew_mean          | 34.5        |
| time/                   |             |
|    fps                  | 32          |
|    iterations           | 25          |
|    time_elapsed         | 395         |
|    total_timesteps      | 12800       |
| train/                  |             |
|    approx_kl            | 0.018622942 |
|    clip_fraction        | 0.191       |
|    clip_range           | 0.2         |
|    entropy_loss         | -1.31       |
|    explained_variance   | 0.0425      |
|    learning_rate        | 0.0003      |
|    loss                 | -0.112      |
|    n_updates            | 240         |
|    policy_gradient_loss | -0.056      |
|    value_loss           | 0.00774     |
-----------------------------------------
-----------------------------------------
| rollout/                |             |
|    ep_len_mean          | 95.6        |
|    ep_rew_mean          | 35.9        |
| time/                   |             |
|    fps                  | 33          |
|    iterations           | 26          |
|    time_elapsed         | 402         |
|    total_timesteps      | 13312       |
| train/                  |             |
|    approx_kl            | 0.020368546 |
|    clip_fraction        | 0.196       |
|    clip_range           | 0.2         |
|    entropy_loss         | -1.28       |
|    explained_variance   | 0.459       |
|    learning_rate        | 0.0003      |
|    loss                 | -0.0903     |
|    n_updates            | 250         |
|    policy_gradient_loss | -0.0574     |
|    value_loss           | 0.00739     |
-----------------------------------------
-----------------------------------------
| rollout/                |             |
|    ep_len_mean          | 97.5        |
|    ep_rew_mean          | 36.9        |
| time/                   |             |
|    fps                  | 33          |
|    iterations           | 27          |
|    time_elapsed         | 408         |
|    total_timesteps      | 13824       |
| train/                  |             |
|    approx_kl            | 0.022610527 |
|    clip_fraction        | 0.192       |
|    clip_range           | 0.2         |
|    entropy_loss         | -1.29       |
|    explained_variance   | -0.575      |
|    learning_rate        | 0.0003      |
|    loss                 | -0.108      |
|    n_updates            | 260         |
|    policy_gradient_loss | -0.0618     |
|    value_loss           | 0.00469     |
-----------------------------------------
----------------------------------------
| rollout/                |            |
|    ep_len_mean          | 98.4       |
|    ep_rew_mean          | 37.3       |
| time/                   |            |
|    fps                  | 34         |
|    iterations           | 28         |
|    time_elapsed         | 415        |
|    total_timesteps      | 14336      |
| train/                  |            |
|    approx_kl            | 0.02065833 |
|    clip_fraction        | 0.164      |
|    clip_range           | 0.2        |
|    entropy_loss         | -1.24      |
|    explained_variance   | -0.268     |
|    learning_rate        | 0.0003     |
|    loss                 | -0.0829    |
|    n_updates            | 270        |
|    policy_gradient_loss | -0.0549    |
|    value_loss           | 0.00983    |
----------------------------------------
-----------------------------------------
| rollout/                |             |
|    ep_len_mean          | 100         |
|    ep_rew_mean          | 38.1        |
| time/                   |             |
|    fps                  | 35          |
|    iterations           | 29          |
|    time_elapsed         | 422         |
|    total_timesteps      | 14848       |
| train/                  |             |
|    approx_kl            | 0.018892895 |
|    clip_fraction        | 0.19        |
|    clip_range           | 0.2         |
|    entropy_loss         | -1.26       |
|    explained_variance   | -0.0262     |
|    learning_rate        | 0.0003      |
|    loss                 | -0.0724     |
|    n_updates            | 280         |
|    policy_gradient_loss | -0.0567     |
|    value_loss           | 0.00728     |
-----------------------------------------
[Eval @15000] R=8.1±0.8 CR=0.200 Spd=20.9 LC=71.4 SR=0.800
-----------------------------------------
| rollout/                |             |
|    ep_len_mean          | 101         |
|    ep_rew_mean          | 38.4        |
| time/                   |             |
|    fps                  | 33          |
|    iterations           | 30          |
|    time_elapsed         | 463         |
|    total_timesteps      | 15360       |
| train/                  |             |
|    approx_kl            | 0.021410283 |
|    clip_fraction        | 0.195       |
|    clip_range           | 0.2         |
|    entropy_loss         | -1.25       |
|    explained_variance   | -1.33       |
|    learning_rate        | 0.0003      |
|    loss                 | -0.103      |
|    n_updates            | 290         |
|    policy_gradient_loss | -0.0609     |
|    value_loss           | 0.00792     |
-----------------------------------------
-----------------------------------------
| rollout/                |             |
|    ep_len_mean          | 103         |
|    ep_rew_mean          | 39.5        |
| time/                   |             |
|    fps                  | 33          |
|    iterations           | 31          |
|    time_elapsed         | 470         |
|    total_timesteps      | 15872       |
| train/                  |             |
|    approx_kl            | 0.017772185 |
|    clip_fraction        | 0.173       |
|    clip_range           | 0.2         |
|    entropy_loss         | -1.26       |
|    explained_variance   | -0.0718     |
|    learning_rate        | 0.0003      |
|    loss                 | -0.107      |
|    n_updates            | 300         |
|    policy_gradient_loss | -0.0575     |
|    value_loss           | 0.0057      |
-----------------------------------------
-----------------------------------------
| rollout/                |             |
|    ep_len_mean          | 105         |
|    ep_rew_mean          | 40.1        |
| time/                   |             |
|    fps                  | 34          |
|    iterations           | 32          |
|    time_elapsed         | 477         |
|    total_timesteps      | 16384       |
| train/                  |             |
|    approx_kl            | 0.016432371 |
|    clip_fraction        | 0.15        |
|    clip_range           | 0.2         |
|    entropy_loss         | -1.25       |
|    explained_variance   | -0.163      |
|    learning_rate        | 0.0003      |
|    loss                 | -0.0886     |
|    n_updates            | 310         |
|    policy_gradient_loss | -0.0483     |
|    value_loss           | 0.00858     |
-----------------------------------------
-----------------------------------------
| rollout/                |             |
|    ep_len_mean          | 109         |
|    ep_rew_mean          | 42.1        |
| time/                   |             |
|    fps                  | 34          |
|    iterations           | 33          |
|    time_elapsed         | 484         |
|    total_timesteps      | 16896       |
| train/                  |             |
|    approx_kl            | 0.020877685 |
|    clip_fraction        | 0.183       |
|    clip_range           | 0.2         |
|    entropy_loss         | -1.29       |
|    explained_variance   | -0.0688     |
|    learning_rate        | 0.0003      |
|    loss                 | -0.0638     |
|    n_updates            | 320         |
|    policy_gradient_loss | -0.0493     |
|    value_loss           | 0.00597     |
-----------------------------------------
-----------------------------------------
| rollout/                |             |
|    ep_len_mean          | 112         |
|    ep_rew_mean          | 43.6        |
| time/                   |             |
|    fps                  | 35          |
|    iterations           | 34          |
|    time_elapsed         | 491         |
|    total_timesteps      | 17408       |
| train/                  |             |
|    approx_kl            | 0.020316184 |
|    clip_fraction        | 0.198       |
|    clip_range           | 0.2         |
|    entropy_loss         | -1.27       |
|    explained_variance   | -0.0458     |
|    learning_rate        | 0.0003      |
|    loss                 | -0.111      |
|    n_updates            | 330         |
|    policy_gradient_loss | -0.0577     |
|    value_loss           | 0.00372     |
-----------------------------------------
----------------------------------------
| rollout/                |            |
|    ep_len_mean          | 112        |
|    ep_rew_mean          | 43.7       |
| time/                   |            |
|    fps                  | 35         |
|    iterations           | 35         |
|    time_elapsed         | 498        |
|    total_timesteps      | 17920      |
| train/                  |            |
|    approx_kl            | 0.01978901 |
|    clip_fraction        | 0.186      |
|    clip_range           | 0.2        |
|    entropy_loss         | -1.21      |
|    explained_variance   | -0.65      |
|    learning_rate        | 0.0003     |
|    loss                 | -0.0835    |
|    n_updates            | 340        |
|    policy_gradient_loss | -0.0537    |
|    value_loss           | 0.0054     |
----------------------------------------
----------------------------------------
| rollout/                |            |
|    ep_len_mean          | 111        |
|    ep_rew_mean          | 43.3       |
| time/                   |            |
|    fps                  | 36         |
|    iterations           | 36         |
|    time_elapsed         | 508        |
|    total_timesteps      | 18432      |
| train/                  |            |
|    approx_kl            | 0.02104065 |
|    clip_fraction        | 0.204      |
|    clip_range           | 0.2        |
|    entropy_loss         | -1.21      |
|    explained_variance   | -0.0288    |
|    learning_rate        | 0.0003     |
|    loss                 | -0.0959    |
|    n_updates            | 350        |
|    policy_gradient_loss | -0.0552    |
|    value_loss           | 0.0064     |
----------------------------------------
-----------------------------------------
| rollout/                |             |
|    ep_len_mean          | 111         |
|    ep_rew_mean          | 43.2        |
| time/                   |             |
|    fps                  | 36          |
|    iterations           | 37          |
|    time_elapsed         | 517         |
|    total_timesteps      | 18944       |
| train/                  |             |
|    approx_kl            | 0.018737433 |
|    clip_fraction        | 0.163       |
|    clip_range           | 0.2         |
|    entropy_loss         | -1.2        |
|    explained_variance   | 0.112       |
|    learning_rate        | 0.0003      |
|    loss                 | -0.101      |
|    n_updates            | 360         |
|    policy_gradient_loss | -0.0542     |
|    value_loss           | 0.00792     |
-----------------------------------------
-----------------------------------------
| rollout/                |             |
|    ep_len_mean          | 112         |
|    ep_rew_mean          | 43.9        |
| time/                   |             |
|    fps                  | 36          |
|    iterations           | 38          |
|    time_elapsed         | 526         |
|    total_timesteps      | 19456       |
| train/                  |             |
|    approx_kl            | 0.020219766 |
|    clip_fraction        | 0.173       |
|    clip_range           | 0.2         |
|    entropy_loss         | -1.16       |
|    explained_variance   | -0.129      |
|    learning_rate        | 0.0003      |
|    loss                 | -0.0825     |
|    n_updates            | 370         |
|    policy_gradient_loss | -0.0554     |
|    value_loss           | 0.00804     |
-----------------------------------------
-----------------------------------------
| rollout/                |             |
|    ep_len_mean          | 112         |
|    ep_rew_mean          | 44          |
| time/                   |             |
|    fps                  | 37          |
|    iterations           | 39          |
|    time_elapsed         | 534         |
|    total_timesteps      | 19968       |
| train/                  |             |
|    approx_kl            | 0.022745933 |
|    clip_fraction        | 0.195       |
|    clip_range           | 0.2         |
|    entropy_loss         | -1.13       |
|    explained_variance   | -0.535      |
|    learning_rate        | 0.0003      |
|    loss                 | -0.0858     |
|    n_updates            | 380         |
|    policy_gradient_loss | -0.0549     |
|    value_loss           | 0.00498     |
-----------------------------------------
[Eval @20000] R=7.8±1.9 CR=0.200 Spd=22.2 LC=70.2 SR=0.800
-----------------------------------------
| rollout/                |             |
|    ep_len_mean          | 114         |
|    ep_rew_mean          | 45.2        |
| time/                   |             |
|    fps                  | 36          |
|    iterations           | 40          |
|    time_elapsed         | 565         |
|    total_timesteps      | 20480       |
| train/                  |             |
|    approx_kl            | 0.018989995 |
|    clip_fraction        | 0.193       |
|    clip_range           | 0.2         |
|    entropy_loss         | -1.13       |
|    explained_variance   | -2.17       |
|    learning_rate        | 0.0003      |
|    loss                 | -0.0801     |
|    n_updates            | 390         |
|    policy_gradient_loss | -0.0544     |
|    value_loss           | 0.00557     |
-----------------------------------------
-----------------------------------------
| rollout/                |             |
|    ep_len_mean          | 114         |
|    ep_rew_mean          | 44.9        |
| time/                   |             |
|    fps                  | 36          |
|    iterations           | 41          |
|    time_elapsed         | 571         |
|    total_timesteps      | 20992       |
| train/                  |             |
|    approx_kl            | 0.022019312 |
|    clip_fraction        | 0.201       |
|    clip_range           | 0.2         |
|    entropy_loss         | -1.13       |
|    explained_variance   | 0.00163     |
|    learning_rate        | 0.0003      |
|    loss                 | -0.0743     |
|    n_updates            | 400         |
|    policy_gradient_loss | -0.0559     |
|    value_loss           | 0.00588     |
-----------------------------------------
-----------------------------------------
| rollout/                |             |
|    ep_len_mean          | 117         |
|    ep_rew_mean          | 46.6        |
| time/                   |             |
|    fps                  | 37          |
|    iterations           | 42          |
|    time_elapsed         | 578         |
|    total_timesteps      | 21504       |
| train/                  |             |
|    approx_kl            | 0.022654848 |
|    clip_fraction        | 0.208       |
|    clip_range           | 0.2         |
|    entropy_loss         | -1.09       |
|    explained_variance   | 0.0109      |
|    learning_rate        | 0.0003      |
|    loss                 | -0.0823     |
|    n_updates            | 410         |
|    policy_gradient_loss | -0.0547     |
|    value_loss           | 0.00836     |
-----------------------------------------
-----------------------------------------
| rollout/                |             |
|    ep_len_mean          | 118         |
|    ep_rew_mean          | 47          |
| time/                   |             |
|    fps                  | 37          |
|    iterations           | 43          |
|    time_elapsed         | 585         |
|    total_timesteps      | 22016       |
| train/                  |             |
|    approx_kl            | 0.020349313 |
|    clip_fraction        | 0.193       |
|    clip_range           | 0.2         |
|    entropy_loss         | -1.1        |
|    explained_variance   | -1.88       |
|    learning_rate        | 0.0003      |
|    loss                 | -0.0908     |
|    n_updates            | 420         |
|    policy_gradient_loss | -0.0578     |
|    value_loss           | 0.00497     |
-----------------------------------------
-----------------------------------------
| rollout/                |             |
|    ep_len_mean          | 121         |
|    ep_rew_mean          | 48.3        |
| time/                   |             |
|    fps                  | 37          |
|    iterations           | 44          |
|    time_elapsed         | 593         |
|    total_timesteps      | 22528       |
| train/                  |             |
|    approx_kl            | 0.022424843 |
|    clip_fraction        | 0.176       |
|    clip_range           | 0.2         |
|    entropy_loss         | -1.11       |
|    explained_variance   | 0.235       |
|    learning_rate        | 0.0003      |
|    loss                 | -0.0706     |
|    n_updates            | 430         |
|    policy_gradient_loss | -0.0465     |
|    value_loss           | 0.00738     |
-----------------------------------------
---------------------------------------
| rollout/                |           |
|    ep_len_mean          | 121       |
|    ep_rew_mean          | 48.3      |
| time/                   |           |
|    fps                  | 37        |
|    iterations           | 45        |
|    time_elapsed         | 610       |
|    total_timesteps      | 23040     |
| train/                  |           |
|    approx_kl            | 0.0215948 |
|    clip_fraction        | 0.182     |
|    clip_range           | 0.2       |
|    entropy_loss         | -1.07     |
|    explained_variance   | -53.2     |
|    learning_rate        | 0.0003    |
|    loss                 | -0.112    |
|    n_updates            | 440       |
|    policy_gradient_loss | -0.0555   |
|    value_loss           | 0.00336   |
---------------------------------------
-----------------------------------------
| rollout/                |             |
|    ep_len_mean          | 122         |
|    ep_rew_mean          | 48.8        |
| time/                   |             |
|    fps                  | 38          |
|    iterations           | 46          |
|    time_elapsed         | 617         |
|    total_timesteps      | 23552       |
| train/                  |             |
|    approx_kl            | 0.020660687 |
|    clip_fraction        | 0.179       |
|    clip_range           | 0.2         |
|    entropy_loss         | -1.09       |
|    explained_variance   | 0.337       |
|    learning_rate        | 0.0003      |
|    loss                 | -0.081      |
|    n_updates            | 450         |
|    policy_gradient_loss | -0.0543     |
|    value_loss           | 0.0048      |
-----------------------------------------
-----------------------------------------
| rollout/                |             |
|    ep_len_mean          | 122         |
|    ep_rew_mean          | 48.8        |
| time/                   |             |
|    fps                  | 38          |
|    iterations           | 47          |
|    time_elapsed         | 623         |
|    total_timesteps      | 24064       |
| train/                  |             |
|    approx_kl            | 0.024392094 |
|    clip_fraction        | 0.206       |
|    clip_range           | 0.2         |
|    entropy_loss         | -1.07       |
|    explained_variance   | 0.337       |
|    learning_rate        | 0.0003      |
|    loss                 | -0.103      |
|    n_updates            | 460         |
|    policy_gradient_loss | -0.0562     |
|    value_loss           | 0.00435     |
-----------------------------------------
-----------------------------------------
| rollout/                |             |
|    ep_len_mean          | 122         |
|    ep_rew_mean          | 49          |
| time/                   |             |
|    fps                  | 38          |
|    iterations           | 48          |
|    time_elapsed         | 630         |
|    total_timesteps      | 24576       |
| train/                  |             |
|    approx_kl            | 0.019165505 |
|    clip_fraction        | 0.163       |
|    clip_range           | 0.2         |
|    entropy_loss         | -1.03       |
|    explained_variance   | -0.44       |
|    learning_rate        | 0.0003      |
|    loss                 | -0.098      |
|    n_updates            | 470         |
|    policy_gradient_loss | -0.0498     |
|    value_loss           | 0.0045      |
-----------------------------------------
[Eval @25000] R=8.3±1.0 CR=0.100 Spd=21.7 LC=65.2 SR=0.900
-----------------------------------------
| rollout/                |             |
|    ep_len_mean          | 123         |
|    ep_rew_mean          | 49.5        |
| time/                   |             |
|    fps                  | 35          |
|    iterations           | 49          |
|    time_elapsed         | 711         |
|    total_timesteps      | 25088       |
| train/                  |             |
|    approx_kl            | 0.024815697 |
|    clip_fraction        | 0.232       |
|    clip_range           | 0.2         |
|    entropy_loss         | -1.04       |
|    explained_variance   | 0.0521      |
|    learning_rate        | 0.0003      |
|    loss                 | -0.102      |
|    n_updates            | 480         |
|    policy_gradient_loss | -0.0606     |
|    value_loss           | 0.00535     |
-----------------------------------------
-----------------------------------------
| rollout/                |             |
|    ep_len_mean          | 125         |
|    ep_rew_mean          | 50.6        |
| time/                   |             |
|    fps                  | 34          |
|    iterations           | 50          |
|    time_elapsed         | 732         |
|    total_timesteps      | 25600       |
| train/                  |             |
|    approx_kl            | 0.023665376 |
|    clip_fraction        | 0.168       |
|    clip_range           | 0.2         |
|    entropy_loss         | -1.03       |
|    explained_variance   | 0.111       |
|    learning_rate        | 0.0003      |
|    loss                 | -0.0626     |
|    n_updates            | 490         |
|    policy_gradient_loss | -0.0492     |
|    value_loss           | 0.00851     |
-----------------------------------------
-----------------------------------------
| rollout/                |             |
|    ep_len_mean          | 126         |
|    ep_rew_mean          | 50.6        |
| time/                   |             |
|    fps                  | 34          |
|    iterations           | 51          |
|    time_elapsed         | 752         |
|    total_timesteps      | 26112       |
| train/                  |             |
|    approx_kl            | 0.019695133 |
|    clip_fraction        | 0.162       |
|    clip_range           | 0.2         |
|    entropy_loss         | -1          |
|    explained_variance   | -0.407      |
|    learning_rate        | 0.0003      |
|    loss                 | -0.0746     |
|    n_updates            | 500         |
|    policy_gradient_loss | -0.0507     |
|    value_loss           | 0.00499     |
-----------------------------------------
-----------------------------------------
| rollout/                |             |
|    ep_len_mean          | 126         |
|    ep_rew_mean          | 50.8        |
| time/                   |             |
|    fps                  | 34          |
|    iterations           | 52          |
|    time_elapsed         | 773         |
|    total_timesteps      | 26624       |
| train/                  |             |
|    approx_kl            | 0.019988647 |
|    clip_fraction        | 0.189       |
|    clip_range           | 0.2         |
|    entropy_loss         | -1.03       |
|    explained_variance   | -0.204      |
|    learning_rate        | 0.0003      |
|    loss                 | -0.096      |
|    n_updates            | 510         |
|    policy_gradient_loss | -0.0546     |
|    value_loss           | 0.00675     |
-----------------------------------------
----------------------------------------
| rollout/                |            |
|    ep_len_mean          | 130        |
|    ep_rew_mean          | 52.7       |
| time/                   |            |
|    fps                  | 34         |
|    iterations           | 53         |
|    time_elapsed         | 793        |
|    total_timesteps      | 27136      |
| train/                  |            |
|    approx_kl            | 0.02419837 |
|    clip_fraction        | 0.2        |
|    clip_range           | 0.2        |
|    entropy_loss         | -1.04      |
|    explained_variance   | -0.0863    |
|    learning_rate        | 0.0003     |
|    loss                 | -0.0807    |
|    n_updates            | 520        |
|    policy_gradient_loss | -0.0533    |
|    value_loss           | 0.00314    |
----------------------------------------
--------------------------------------
| rollout/                |          |
|    ep_len_mean          | 130      |
|    ep_rew_mean          | 53.3     |
| time/                   |          |
|    fps                  | 33       |
|    iterations           | 54       |
|    time_elapsed         | 814      |
|    total_timesteps      | 27648    |
| train/                  |          |
|    approx_kl            | 0.026757 |
|    clip_fraction        | 0.24     |
|    clip_range           | 0.2      |
|    entropy_loss         | -1.05    |
|    explained_variance   | -31.5    |
|    learning_rate        | 0.0003   |
|    loss                 | -0.111   |
|    n_updates            | 530      |
|    policy_gradient_loss | -0.0611  |
|    value_loss           | 0.00225  |
--------------------------------------
-----------------------------------------
| rollout/                |             |
|    ep_len_mean          | 130         |
|    ep_rew_mean          | 53.1        |
| time/                   |             |
|    fps                  | 33          |
|    iterations           | 55          |
|    time_elapsed         | 834         |
|    total_timesteps      | 28160       |
| train/                  |             |
|    approx_kl            | 0.022382028 |
|    clip_fraction        | 0.197       |
|    clip_range           | 0.2         |
|    entropy_loss         | -1.08       |
|    explained_variance   | -0.755      |
|    learning_rate        | 0.0003      |
|    loss                 | -0.0669     |
|    n_updates            | 540         |
|    policy_gradient_loss | -0.0503     |
|    value_loss           | 0.00272     |
-----------------------------------------
-----------------------------------------
| rollout/                |             |
|    ep_len_mean          | 129         |
|    ep_rew_mean          | 52.9        |
| time/                   |             |
|    fps                  | 33          |
|    iterations           | 56          |
|    time_elapsed         | 854         |
|    total_timesteps      | 28672       |
| train/                  |             |
|    approx_kl            | 0.027717827 |
|    clip_fraction        | 0.205       |
|    clip_range           | 0.2         |
|    entropy_loss         | -1.03       |
|    explained_variance   | 0.0984      |
|    learning_rate        | 0.0003      |
|    loss                 | -0.0876     |
|    n_updates            | 550         |
|    policy_gradient_loss | -0.0533     |
|    value_loss           | 0.00373     |
-----------------------------------------
-----------------------------------------
| rollout/                |             |
|    ep_len_mean          | 131         |
|    ep_rew_mean          | 53.6        |
| time/                   |             |
|    fps                  | 33          |
|    iterations           | 57          |
|    time_elapsed         | 874         |
|    total_timesteps      | 29184       |
| train/                  |             |
|    approx_kl            | 0.023689838 |
|    clip_fraction        | 0.197       |
|    clip_range           | 0.2         |
|    entropy_loss         | -0.961      |
|    explained_variance   | -0.139      |
|    learning_rate        | 0.0003      |
|    loss                 | -0.119      |
|    n_updates            | 560         |
|    policy_gradient_loss | -0.051      |
|    value_loss           | 0.00385     |
-----------------------------------------
-----------------------------------------
| rollout/                |             |
|    ep_len_mean          | 134         |
|    ep_rew_mean          | 55.5        |
| time/                   |             |
|    fps                  | 33          |
|    iterations           | 58          |
|    time_elapsed         | 894         |
|    total_timesteps      | 29696       |
| train/                  |             |
|    approx_kl            | 0.021768503 |
|    clip_fraction        | 0.201       |
|    clip_range           | 0.2         |
|    entropy_loss         | -1.01       |
|    explained_variance   | -0.205      |
|    learning_rate        | 0.0003      |
|    loss                 | -0.0634     |
|    n_updates            | 570         |
|    policy_gradient_loss | -0.0483     |
|    value_loss           | 0.00362     |
-----------------------------------------
[Eval @30000] R=8.0±1.4 CR=0.100 Spd=21.3 LC=77.4 SR=0.900
-----------------------------------------
| rollout/                |             |
|    ep_len_mean          | 133         |
|    ep_rew_mean          | 54.9        |
| time/                   |             |
|    fps                  | 30          |
|    iterations           | 59          |
|    time_elapsed         | 988         |
|    total_timesteps      | 30208       |
| train/                  |             |
|    approx_kl            | 0.021560676 |
|    clip_fraction        | 0.204       |
|    clip_range           | 0.2         |
|    entropy_loss         | -1.01       |
|    explained_variance   | -45.7       |
|    learning_rate        | 0.0003      |
|    loss                 | -0.104      |
|    n_updates            | 580         |
|    policy_gradient_loss | -0.0578     |
|    value_loss           | 0.00187     |
-----------------------------------------
-----------------------------------------
| rollout/                |             |
|    ep_len_mean          | 133         |
|    ep_rew_mean          | 55.1        |
| time/                   |             |
|    fps                  | 30          |
|    iterations           | 60          |
|    time_elapsed         | 1009        |
|    total_timesteps      | 30720       |
| train/                  |             |
|    approx_kl            | 0.020769231 |
|    clip_fraction        | 0.179       |
|    clip_range           | 0.2         |
|    entropy_loss         | -0.934      |
|    explained_variance   | -0.115      |
|    learning_rate        | 0.0003      |
|    loss                 | -0.0621     |
|    n_updates            | 590         |
|    policy_gradient_loss | -0.0436     |
|    value_loss           | 0.00395     |
-----------------------------------------
-----------------------------------------
| rollout/                |             |
|    ep_len_mean          | 136         |
|    ep_rew_mean          | 56.4        |
| time/                   |             |
|    fps                  | 30          |
|    iterations           | 61          |
|    time_elapsed         | 1015        |
|    total_timesteps      | 31232       |
| train/                  |             |
|    approx_kl            | 0.023169886 |
|    clip_fraction        | 0.185       |
|    clip_range           | 0.2         |
|    entropy_loss         | -0.973      |
|    explained_variance   | -0.136      |
|    learning_rate        | 0.0003      |
|    loss                 | -0.0928     |
|    n_updates            | 600         |
|    policy_gradient_loss | -0.0494     |
|    value_loss           | 0.00347     |
-----------------------------------------
-----------------------------------------
| rollout/                |             |
|    ep_len_mean          | 135         |
|    ep_rew_mean          | 56.4        |
| time/                   |             |
|    fps                  | 31          |
|    iterations           | 62          |
|    time_elapsed         | 1022        |
|    total_timesteps      | 31744       |
| train/                  |             |
|    approx_kl            | 0.021190748 |
|    clip_fraction        | 0.191       |
|    clip_range           | 0.2         |
|    entropy_loss         | -0.895      |
|    explained_variance   | -0.238      |
|    learning_rate        | 0.0003      |
|    loss                 | -0.0926     |
|    n_updates            | 610         |
|    policy_gradient_loss | -0.0535     |
|    value_loss           | 0.00554     |
-----------------------------------------
-----------------------------------------
| rollout/                |             |
|    ep_len_mean          | 139         |
|    ep_rew_mean          | 58.2        |
| time/                   |             |
|    fps                  | 31          |
|    iterations           | 63          |
|    time_elapsed         | 1029        |
|    total_timesteps      | 32256       |
| train/                  |             |
|    approx_kl            | 0.023333266 |
|    clip_fraction        | 0.187       |
|    clip_range           | 0.2         |
|    entropy_loss         | -0.971      |
|    explained_variance   | -0.348      |
|    learning_rate        | 0.0003      |
|    loss                 | -0.071      |
|    n_updates            | 620         |
|    policy_gradient_loss | -0.0456     |
|    value_loss           | 0.00531     |
-----------------------------------------
-----------------------------------------
| rollout/                |             |
|    ep_len_mean          | 141         |
|    ep_rew_mean          | 59.3        |
| time/                   |             |
|    fps                  | 31          |
|    iterations           | 64          |
|    time_elapsed         | 1035        |
|    total_timesteps      | 32768       |
| train/                  |             |
|    approx_kl            | 0.020956583 |
|    clip_fraction        | 0.187       |
|    clip_range           | 0.2         |
|    entropy_loss         | -0.911      |
|    explained_variance   | -0.995      |
|    learning_rate        | 0.0003      |
|    loss                 | -0.0577     |
|    n_updates            | 630         |
|    policy_gradient_loss | -0.047      |
|    value_loss           | 0.00271     |
-----------------------------------------
-----------------------------------------
| rollout/                |             |
|    ep_len_mean          | 143         |
|    ep_rew_mean          | 60.1        |
| time/                   |             |
|    fps                  | 31          |
|    iterations           | 65          |
|    time_elapsed         | 1042        |
|    total_timesteps      | 33280       |
| train/                  |             |
|    approx_kl            | 0.027501067 |
|    clip_fraction        | 0.226       |
|    clip_range           | 0.2         |
|    entropy_loss         | -0.964      |
|    explained_variance   | -0.55       |
|    learning_rate        | 0.0003      |
|    loss                 | -0.0613     |
|    n_updates            | 640         |
|    policy_gradient_loss | -0.0516     |
|    value_loss           | 0.00338     |
-----------------------------------------
----------------------------------------
| rollout/                |            |
|    ep_len_mean          | 143        |
|    ep_rew_mean          | 60.4       |
| time/                   |            |
|    fps                  | 32         |
|    iterations           | 66         |
|    time_elapsed         | 1049       |
|    total_timesteps      | 33792      |
| train/                  |            |
|    approx_kl            | 0.02831233 |
|    clip_fraction        | 0.241      |
|    clip_range           | 0.2        |
|    entropy_loss         | -0.968     |
|    explained_variance   | -0.509     |
|    learning_rate        | 0.0003     |
|    loss                 | -0.0941    |
|    n_updates            | 650        |
|    policy_gradient_loss | -0.0596    |
|    value_loss           | 0.00218    |
----------------------------------------
-----------------------------------------
| rollout/                |             |
|    ep_len_mean          | 144         |
|    ep_rew_mean          | 60.7        |
| time/                   |             |
|    fps                  | 32          |
|    iterations           | 67          |
|    time_elapsed         | 1056        |
|    total_timesteps      | 34304       |
| train/                  |             |
|    approx_kl            | 0.026706606 |
|    clip_fraction        | 0.256       |
|    clip_range           | 0.2         |
|    entropy_loss         | -0.988      |
|    explained_variance   | 0.16        |
|    learning_rate        | 0.0003      |
|    loss                 | -0.0814     |
|    n_updates            | 660         |
|    policy_gradient_loss | -0.0535     |
|    value_loss           | 0.00156     |
-----------------------------------------
-----------------------------------------
| rollout/                |             |
|    ep_len_mean          | 144         |
|    ep_rew_mean          | 60.9        |
| time/                   |             |
|    fps                  | 32          |
|    iterations           | 68          |
|    time_elapsed         | 1062        |
|    total_timesteps      | 34816       |
| train/                  |             |
|    approx_kl            | 0.025142048 |
|    clip_fraction        | 0.209       |
|    clip_range           | 0.2         |
|    entropy_loss         | -0.975      |
|    explained_variance   | 0.0724      |
|    learning_rate        | 0.0003      |
|    loss                 | -0.0724     |
|    n_updates            | 670         |
|    policy_gradient_loss | -0.0532     |
|    value_loss           | 0.00329     |
-----------------------------------------
[Eval @35000] R=7.5±2.2 CR=0.200 Spd=21.2 LC=45.9 SR=0.800
-----------------------------------------
| rollout/                |             |
|    ep_len_mean          | 145         |
|    ep_rew_mean          | 61.6        |
| time/                   |             |
|    fps                  | 32          |
|    iterations           | 69          |
|    time_elapsed         | 1092        |
|    total_timesteps      | 35328       |
| train/                  |             |
|    approx_kl            | 0.025981821 |
|    clip_fraction        | 0.219       |
|    clip_range           | 0.2         |
|    entropy_loss         | -0.979      |
|    explained_variance   | -40.3       |
|    learning_rate        | 0.0003      |
|    loss                 | -0.0916     |
|    n_updates            | 680         |
|    policy_gradient_loss | -0.0562     |
|    value_loss           | 0.00148     |
-----------------------------------------
----------------------------------------
| rollout/                |            |
|    ep_len_mean          | 147        |
|    ep_rew_mean          | 62.5       |
| time/                   |            |
|    fps                  | 32         |
|    iterations           | 70         |
|    time_elapsed         | 1099       |
|    total_timesteps      | 35840      |
| train/                  |            |
|    approx_kl            | 0.02741259 |
|    clip_fraction        | 0.209      |
|    clip_range           | 0.2        |
|    entropy_loss         | -0.894     |
|    explained_variance   | 0.16       |
|    learning_rate        | 0.0003     |
|    loss                 | -0.0835    |
|    n_updates            | 690        |
|    policy_gradient_loss | -0.0522    |
|    value_loss           | 0.00435    |
----------------------------------------
-----------------------------------------
| rollout/                |             |
|    ep_len_mean          | 148         |
|    ep_rew_mean          | 62.9        |
| time/                   |             |
|    fps                  | 32          |
|    iterations           | 71          |
|    time_elapsed         | 1105        |
|    total_timesteps      | 36352       |
| train/                  |             |
|    approx_kl            | 0.025439953 |
|    clip_fraction        | 0.185       |
|    clip_range           | 0.2         |
|    entropy_loss         | -0.887      |
|    explained_variance   | -1.29       |
|    learning_rate        | 0.0003      |
|    loss                 | -0.0824     |
|    n_updates            | 700         |
|    policy_gradient_loss | -0.0504     |
|    value_loss           | 0.0033      |
-----------------------------------------
-----------------------------------------
| rollout/                |             |
|    ep_len_mean          | 147         |
|    ep_rew_mean          | 62.5        |
| time/                   |             |
|    fps                  | 33          |
|    iterations           | 72          |
|    time_elapsed         | 1112        |
|    total_timesteps      | 36864       |
| train/                  |             |
|    approx_kl            | 0.022350337 |
|    clip_fraction        | 0.188       |
|    clip_range           | 0.2         |
|    entropy_loss         | -0.906      |
|    explained_variance   | -0.763      |
|    learning_rate        | 0.0003      |
|    loss                 | -0.0951     |
|    n_updates            | 710         |
|    policy_gradient_loss | -0.0512     |
|    value_loss           | 0.00598     |
-----------------------------------------
-----------------------------------------
| rollout/                |             |
|    ep_len_mean          | 147         |
|    ep_rew_mean          | 62.2        |
| time/                   |             |
|    fps                  | 33          |
|    iterations           | 73          |
|    time_elapsed         | 1118        |
|    total_timesteps      | 37376       |
| train/                  |             |
|    approx_kl            | 0.021664623 |
|    clip_fraction        | 0.174       |
|    clip_range           | 0.2         |
|    entropy_loss         | -0.903      |
|    explained_variance   | 0.16        |
|    learning_rate        | 0.0003      |
|    loss                 | -0.0607     |
|    n_updates            | 720         |
|    policy_gradient_loss | -0.0465     |
|    value_loss           | 0.00616     |
-----------------------------------------
-----------------------------------------
| rollout/                |             |
|    ep_len_mean          | 149         |
|    ep_rew_mean          | 63.3        |
| time/                   |             |
|    fps                  | 33          |
|    iterations           | 74          |
|    time_elapsed         | 1125        |
|    total_timesteps      | 37888       |
| train/                  |             |
|    approx_kl            | 0.028353956 |
|    clip_fraction        | 0.251       |
|    clip_range           | 0.2         |
|    entropy_loss         | -0.917      |
|    explained_variance   | -1.19       |
|    learning_rate        | 0.0003      |
|    loss                 | -0.076      |
|    n_updates            | 730         |
|    policy_gradient_loss | -0.0592     |
|    value_loss           | 0.00268     |
-----------------------------------------
-----------------------------------------
| rollout/                |             |
|    ep_len_mean          | 151         |
|    ep_rew_mean          | 64.5        |
| time/                   |             |
|    fps                  | 33          |
|    iterations           | 75          |
|    time_elapsed         | 1132        |
|    total_timesteps      | 38400       |
| train/                  |             |
|    approx_kl            | 0.024006516 |
|    clip_fraction        | 0.199       |
|    clip_range           | 0.2         |
|    entropy_loss         | -0.891      |
|    explained_variance   | -0.158      |
|    learning_rate        | 0.0003      |
|    loss                 | -0.0947     |
|    n_updates            | 740         |
|    policy_gradient_loss | -0.0476     |
|    value_loss           | 0.00336     |
-----------------------------------------
-----------------------------------------
| rollout/                |             |
|    ep_len_mean          | 152         |
|    ep_rew_mean          | 65.1        |
| time/                   |             |
|    fps                  | 34          |
|    iterations           | 76          |
|    time_elapsed         | 1138        |
|    total_timesteps      | 38912       |
| train/                  |             |
|    approx_kl            | 0.026087368 |
|    clip_fraction        | 0.208       |
|    clip_range           | 0.2         |
|    entropy_loss         | -0.936      |
|    explained_variance   | -0.263      |
|    learning_rate        | 0.0003      |
|    loss                 | -0.123      |
|    n_updates            | 750         |
|    policy_gradient_loss | -0.0552     |
|    value_loss           | 0.00225     |
-----------------------------------------
----------------------------------------
| rollout/                |            |
|    ep_len_mean          | 150        |
|    ep_rew_mean          | 63.9       |
| time/                   |            |
|    fps                  | 34         |
|    iterations           | 77         |
|    time_elapsed         | 1145       |
|    total_timesteps      | 39424      |
| train/                  |            |
|    approx_kl            | 0.02321529 |
|    clip_fraction        | 0.205      |
|    clip_range           | 0.2        |
|    entropy_loss         | -0.929     |
|    explained_variance   | -1.59      |
|    learning_rate        | 0.0003     |
|    loss                 | -0.0485    |
|    n_updates            | 760        |
|    policy_gradient_loss | -0.0401    |
|    value_loss           | 0.00324    |
----------------------------------------
-----------------------------------------
| rollout/                |             |
|    ep_len_mean          | 153         |
|    ep_rew_mean          | 65.4        |
| time/                   |             |
|    fps                  | 34          |
|    iterations           | 78          |
|    time_elapsed         | 1152        |
|    total_timesteps      | 39936       |
| train/                  |             |
|    approx_kl            | 0.023057079 |
|    clip_fraction        | 0.156       |
|    clip_range           | 0.2         |
|    entropy_loss         | -0.858      |
|    explained_variance   | 0.223       |
|    learning_rate        | 0.0003      |
|    loss                 | -0.0523     |
|    n_updates            | 770         |
|    policy_gradient_loss | -0.0422     |
|    value_loss           | 0.00439     |
-----------------------------------------
[Eval @40000] R=7.8±2.2 CR=0.100 Spd=21.5 LC=42.9 SR=0.900
-----------------------------------------
| rollout/                |             |
|    ep_len_mean          | 155         |
|    ep_rew_mean          | 66.9        |
| time/                   |             |
|    fps                  | 34          |
|    iterations           | 79          |
|    time_elapsed         | 1182        |
|    total_timesteps      | 40448       |
| train/                  |             |
|    approx_kl            | 0.035067808 |
|    clip_fraction        | 0.255       |
|    clip_range           | 0.2         |
|    entropy_loss         | -0.964      |
|    explained_variance   | -9.49       |
|    learning_rate        | 0.0003      |
|    loss                 | -0.0958     |
|    n_updates            | 780         |
|    policy_gradient_loss | -0.0606     |
|    value_loss           | 0.00115     |
-----------------------------------------
-----------------------------------------
| rollout/                |             |
|    ep_len_mean          | 157         |
|    ep_rew_mean          | 67.7        |
| time/                   |             |
|    fps                  | 34          |
|    iterations           | 80          |
|    time_elapsed         | 1189        |
|    total_timesteps      | 40960       |
| train/                  |             |
|    approx_kl            | 0.023235831 |
|    clip_fraction        | 0.224       |
|    clip_range           | 0.2         |
|    entropy_loss         | -0.861      |
|    explained_variance   | -9.31       |
|    learning_rate        | 0.0003      |
|    loss                 | -0.0911     |
|    n_updates            | 790         |
|    policy_gradient_loss | -0.0548     |
|    value_loss           | 0.00104     |
-----------------------------------------
----------------------------------------
| rollout/                |            |
|    ep_len_mean          | 158        |
|    ep_rew_mean          | 68.5       |
| time/                   |            |
|    fps                  | 34         |
|    iterations           | 81         |
|    time_elapsed         | 1195       |
|    total_timesteps      | 41472      |
| train/                  |            |
|    approx_kl            | 0.02438463 |
|    clip_fraction        | 0.209      |
|    clip_range           | 0.2        |
|    entropy_loss         | -0.84      |
|    explained_variance   | -33.1      |
|    learning_rate        | 0.0003     |
|    loss                 | -0.0906    |
|    n_updates            | 800        |
|    policy_gradient_loss | -0.0563    |
|    value_loss           | 0.000932   |
----------------------------------------
----------------------------------------
| rollout/                |            |
|    ep_len_mean          | 159        |
|    ep_rew_mean          | 69         |
| time/                   |            |
|    fps                  | 34         |
|    iterations           | 82         |
|    time_elapsed         | 1202       |
|    total_timesteps      | 41984      |
| train/                  |            |
|    approx_kl            | 0.01976998 |
|    clip_fraction        | 0.177      |
|    clip_range           | 0.2        |
|    entropy_loss         | -0.905     |
|    explained_variance   | 0.227      |
|    learning_rate        | 0.0003     |
|    loss                 | -0.0892    |
|    n_updates            | 810        |
|    policy_gradient_loss | -0.0375    |
|    value_loss           | 0.0037     |
----------------------------------------
-----------------------------------------
| rollout/                |             |
|    ep_len_mean          | 160         |
|    ep_rew_mean          | 69.3        |
| time/                   |             |
|    fps                  | 35          |
|    iterations           | 83          |
|    time_elapsed         | 1209        |
|    total_timesteps      | 42496       |
| train/                  |             |
|    approx_kl            | 0.020538883 |
|    clip_fraction        | 0.165       |
|    clip_range           | 0.2         |
|    entropy_loss         | -0.924      |
|    explained_variance   | -0.195      |
|    learning_rate        | 0.0003      |
|    loss                 | -0.0662     |
|    n_updates            | 820         |
|    policy_gradient_loss | -0.0448     |
|    value_loss           | 0.00427     |
-----------------------------------------
-----------------------------------------
| rollout/                |             |
|    ep_len_mean          | 160         |
|    ep_rew_mean          | 69.3        |
| time/                   |             |
|    fps                  | 35          |
|    iterations           | 84          |
|    time_elapsed         | 1215        |
|    total_timesteps      | 43008       |
| train/                  |             |
|    approx_kl            | 0.026566159 |
|    clip_fraction        | 0.196       |
|    clip_range           | 0.2         |
|    entropy_loss         | -0.822      |
|    explained_variance   | -0.472      |
|    learning_rate        | 0.0003      |
|    loss                 | -0.0863     |
|    n_updates            | 830         |
|    policy_gradient_loss | -0.0486     |
|    value_loss           | 0.00245     |
-----------------------------------------
-----------------------------------------
| rollout/                |             |
|    ep_len_mean          | 160         |
|    ep_rew_mean          | 69.6        |
| time/                   |             |
|    fps                  | 35          |
|    iterations           | 85          |
|    time_elapsed         | 1222        |
|    total_timesteps      | 43520       |
| train/                  |             |
|    approx_kl            | 0.028736968 |
|    clip_fraction        | 0.219       |
|    clip_range           | 0.2         |
|    entropy_loss         | -0.853      |
|    explained_variance   | -22.7       |
|    learning_rate        | 0.0003      |
|    loss                 | -0.0769     |
|    n_updates            | 840         |
|    policy_gradient_loss | -0.0553     |
|    value_loss           | 0.00069     |
-----------------------------------------
-----------------------------------------
| rollout/                |             |
|    ep_len_mean          | 161         |
|    ep_rew_mean          | 70.1        |
| time/                   |             |
|    fps                  | 35          |
|    iterations           | 86          |
|    time_elapsed         | 1229        |
|    total_timesteps      | 44032       |
| train/                  |             |
|    approx_kl            | 0.026704472 |
|    clip_fraction        | 0.23        |
|    clip_range           | 0.2         |
|    entropy_loss         | -0.841      |
|    explained_variance   | -10.3       |
|    learning_rate        | 0.0003      |
|    loss                 | -0.0779     |
|    n_updates            | 850         |
|    policy_gradient_loss | -0.0565     |
|    value_loss           | 0.000815    |
-----------------------------------------
---------------------------------------
| rollout/                |           |
|    ep_len_mean          | 163       |
|    ep_rew_mean          | 70.9      |
| time/                   |           |
|    fps                  | 36        |
|    iterations           | 87        |
|    time_elapsed         | 1235      |
|    total_timesteps      | 44544     |
| train/                  |           |
|    approx_kl            | 0.0276661 |
|    clip_fraction        | 0.203     |
|    clip_range           | 0.2       |
|    entropy_loss         | -0.872    |
|    explained_variance   | -0.865    |
|    learning_rate        | 0.0003    |
|    loss                 | -0.0837   |
|    n_updates            | 860       |
|    policy_gradient_loss | -0.048    |
|    value_loss           | 0.00285   |
---------------------------------------
[Eval @45000] R=8.1±1.2 CR=0.100 Spd=21.5 LC=40.5 SR=0.900
-----------------------------------------
| rollout/                |             |
|    ep_len_mean          | 164         |
|    ep_rew_mean          | 71.4        |
| time/                   |             |
|    fps                  | 35          |
|    iterations           | 88          |
|    time_elapsed         | 1267        |
|    total_timesteps      | 45056       |
| train/                  |             |
|    approx_kl            | 0.021267176 |
|    clip_fraction        | 0.18        |
|    clip_range           | 0.2         |
|    entropy_loss         | -0.869      |
|    explained_variance   | -0.495      |
|    learning_rate        | 0.0003      |
|    loss                 | -0.0758     |
|    n_updates            | 870         |
|    policy_gradient_loss | -0.0455     |
|    value_loss           | 0.0026      |
-----------------------------------------
-----------------------------------------
| rollout/                |             |
|    ep_len_mean          | 164         |
|    ep_rew_mean          | 71.5        |
| time/                   |             |
|    fps                  | 35          |
|    iterations           | 89          |
|    time_elapsed         | 1274        |
|    total_timesteps      | 45568       |
| train/                  |             |
|    approx_kl            | 0.021496898 |
|    clip_fraction        | 0.188       |
|    clip_range           | 0.2         |
|    entropy_loss         | -0.848      |
|    explained_variance   | -0.201      |
|    learning_rate        | 0.0003      |
|    loss                 | -0.054      |
|    n_updates            | 880         |
|    policy_gradient_loss | -0.0388     |
|    value_loss           | 0.00494     |
-----------------------------------------
----------------------------------------
| rollout/                |            |
|    ep_len_mean          | 163        |
|    ep_rew_mean          | 71.1       |
| time/                   |            |
|    fps                  | 35         |
|    iterations           | 90         |
|    time_elapsed         | 1280       |
|    total_timesteps      | 46080      |
| train/                  |            |
|    approx_kl            | 0.02452909 |
|    clip_fraction        | 0.223      |
|    clip_range           | 0.2        |
|    entropy_loss         | -0.856     |
|    explained_variance   | -0.771     |
|    learning_rate        | 0.0003     |
|    loss                 | -0.087     |
|    n_updates            | 890        |
|    policy_gradient_loss | -0.0495    |
|    value_loss           | 0.00243    |
----------------------------------------
-----------------------------------------
| rollout/                |             |
|    ep_len_mean          | 163         |
|    ep_rew_mean          | 70.8        |
| time/                   |             |
|    fps                  | 36          |
|    iterations           | 91          |
|    time_elapsed         | 1287        |
|    total_timesteps      | 46592       |
| train/                  |             |
|    approx_kl            | 0.025072861 |
|    clip_fraction        | 0.211       |
|    clip_range           | 0.2         |
|    entropy_loss         | -0.847      |
|    explained_variance   | 0.133       |
|    learning_rate        | 0.0003      |
|    loss                 | -0.106      |
|    n_updates            | 900         |
|    policy_gradient_loss | -0.0447     |
|    value_loss           | 0.00152     |
-----------------------------------------
----------------------------------------
| rollout/                |            |
|    ep_len_mean          | 163        |
|    ep_rew_mean          | 71.1       |
| time/                   |            |
|    fps                  | 36         |
|    iterations           | 92         |
|    time_elapsed         | 1294       |
|    total_timesteps      | 47104      |
| train/                  |            |
|    approx_kl            | 0.02571226 |
|    clip_fraction        | 0.212      |
|    clip_range           | 0.2        |
|    entropy_loss         | -0.856     |
|    explained_variance   | 0.603      |
|    learning_rate        | 0.0003     |
|    loss                 | -0.0764    |
|    n_updates            | 910        |
|    policy_gradient_loss | -0.0501    |
|    value_loss           | 0.00154    |
----------------------------------------
-----------------------------------------
| rollout/                |             |
|    ep_len_mean          | 164         |
|    ep_rew_mean          | 71.4        |
| time/                   |             |
|    fps                  | 36          |
|    iterations           | 93          |
|    time_elapsed         | 1300        |
|    total_timesteps      | 47616       |
| train/                  |             |
|    approx_kl            | 0.022823496 |
|    clip_fraction        | 0.205       |
|    clip_range           | 0.2         |
|    entropy_loss         | -0.836      |
|    explained_variance   | 0.187       |
|    learning_rate        | 0.0003      |
|    loss                 | -0.0655     |
|    n_updates            | 920         |
|    policy_gradient_loss | -0.0399     |
|    value_loss           | 0.0017      |
-----------------------------------------
-----------------------------------------
| rollout/                |             |
|    ep_len_mean          | 165         |
|    ep_rew_mean          | 71.9        |
| time/                   |             |
|    fps                  | 36          |
|    iterations           | 94          |
|    time_elapsed         | 1307        |
|    total_timesteps      | 48128       |
| train/                  |             |
|    approx_kl            | 0.023089543 |
|    clip_fraction        | 0.195       |
|    clip_range           | 0.2         |
|    entropy_loss         | -0.771      |
|    explained_variance   | 0.0391      |
|    learning_rate        | 0.0003      |
|    loss                 | -0.0846     |
|    n_updates            | 930         |
|    policy_gradient_loss | -0.0433     |
|    value_loss           | 0.00189     |
-----------------------------------------
-----------------------------------------
| rollout/                |             |
|    ep_len_mean          | 164         |
|    ep_rew_mean          | 71.6        |
| time/                   |             |
|    fps                  | 37          |
|    iterations           | 95          |
|    time_elapsed         | 1314        |
|    total_timesteps      | 48640       |
| train/                  |             |
|    approx_kl            | 0.026591117 |
|    clip_fraction        | 0.188       |
|    clip_range           | 0.2         |
|    entropy_loss         | -0.786      |
|    explained_variance   | 0.181       |
|    learning_rate        | 0.0003      |
|    loss                 | -0.0596     |
|    n_updates            | 940         |
|    policy_gradient_loss | -0.0421     |
|    value_loss           | 0.0048      |
-----------------------------------------
----------------------------------------
| rollout/                |            |
|    ep_len_mean          | 164        |
|    ep_rew_mean          | 71.7       |
| time/                   |            |
|    fps                  | 37         |
|    iterations           | 96         |
|    time_elapsed         | 1320       |
|    total_timesteps      | 49152      |
| train/                  |            |
|    approx_kl            | 0.02863179 |
|    clip_fraction        | 0.205      |
|    clip_range           | 0.2        |
|    entropy_loss         | -0.819     |
|    explained_variance   | -0.934     |
|    learning_rate        | 0.0003     |
|    loss                 | -0.0897    |
|    n_updates            | 950        |
|    policy_gradient_loss | -0.0472    |
|    value_loss           | 0.00264    |
----------------------------------------
-----------------------------------------
| rollout/                |             |
|    ep_len_mean          | 165         |
|    ep_rew_mean          | 72          |
| time/                   |             |
|    fps                  | 37          |
|    iterations           | 97          |
|    time_elapsed         | 1327        |
|    total_timesteps      | 49664       |
| train/                  |             |
|    approx_kl            | 0.028742917 |
|    clip_fraction        | 0.221       |
|    clip_range           | 0.2         |
|    entropy_loss         | -0.772      |
|    explained_variance   | 0.213       |
|    learning_rate        | 0.0003      |
|    loss                 | -0.0696     |
|    n_updates            | 960         |
|    policy_gradient_loss | -0.0506     |
|    value_loss           | 0.00151     |
-----------------------------------------
[Eval @50000] R=8.6±0.2 CR=0.000 Spd=21.8 LC=50.5 SR=1.000
----------------------------------------
| rollout/                |            |
|    ep_len_mean          | 164        |
|    ep_rew_mean          | 71.9       |
| time/                   |            |
|    fps                  | 36         |
|    iterations           | 98         |
|    time_elapsed         | 1359       |
|    total_timesteps      | 50176      |
| train/                  |            |
|    approx_kl            | 0.03476769 |
|    clip_fraction        | 0.23       |
|    clip_range           | 0.2        |
|    entropy_loss         | -0.809     |
|    explained_variance   | -0.302     |
|    learning_rate        | 0.0003     |
|    loss                 | -0.091     |
|    n_updates            | 970        |
|    policy_gradient_loss | -0.0511    |
|    value_loss           | 0.00231    |
----------------------------------------
[PPO] Done. Model: ./logs/ppo/baseline/seed_1024/final_model.zip
