[WARNING] GrayscaleImage not available, falling back to OccupancyGrid.
[PPO] reward=conservative seed=42 steps=50000 policy=MlpPolicy
[PPO] run_dir=./logs/ppo/conservative/seed_42
[WARNING] GrayscaleImage not available, falling back to OccupancyGrid.
[WARNING] GrayscaleImage not available, falling back to OccupancyGrid.
Using cpu device
Logging to ./logs/ppo/conservative/seed_42/ppo_conservative_seed42_1
---------------------------------
| rollout/           |          |
|    ep_len_mean     | 49.6     |
|    ep_rew_mean     | -33.3    |
| time/              |          |
|    fps             | 69       |
|    iterations      | 1        |
|    time_elapsed    | 7        |
|    total_timesteps | 512      |
---------------------------------
----------------------------------------
| rollout/                |            |
|    ep_len_mean          | 52.4       |
|    ep_rew_mean          | -33.9      |
| time/                   |            |
|    fps                  | 73         |
|    iterations           | 2          |
|    time_elapsed         | 14         |
|    total_timesteps      | 1024       |
| train/                  |            |
|    approx_kl            | 0.00443599 |
|    clip_fraction        | 0.0082     |
|    clip_range           | 0.2        |
|    entropy_loss         | -1.61      |
|    explained_variance   | -0.497     |
|    learning_rate        | 0.0003     |
|    loss                 | 0.0321     |
|    n_updates            | 10         |
|    policy_gradient_loss | -0.0219    |
|    value_loss           | 0.986      |
----------------------------------------
-----------------------------------------
| rollout/                |             |
|    ep_len_mean          | 47.9        |
|    ep_rew_mean          | -32.3       |
| time/                   |             |
|    fps                  | 74          |
|    iterations           | 3           |
|    time_elapsed         | 20          |
|    total_timesteps      | 1536        |
| train/                  |             |
|    approx_kl            | 0.010182066 |
|    clip_fraction        | 0.0553      |
|    clip_range           | 0.2         |
|    entropy_loss         | -1.6        |
|    explained_variance   | -0.184      |
|    learning_rate        | 0.0003      |
|    loss                 | -0.00824    |
|    n_updates            | 20          |
|    policy_gradient_loss | -0.0374     |
|    value_loss           | 0.256       |
-----------------------------------------
----------------------------------------
| rollout/                |            |
|    ep_len_mean          | 48.4       |
|    ep_rew_mean          | -31.9      |
| time/                   |            |
|    fps                  | 74         |
|    iterations           | 4          |
|    time_elapsed         | 27         |
|    total_timesteps      | 2048       |
| train/                  |            |
|    approx_kl            | 0.00997797 |
|    clip_fraction        | 0.0602     |
|    clip_range           | 0.2        |
|    entropy_loss         | -1.58      |
|    explained_variance   | 0.11       |
|    learning_rate        | 0.0003     |
|    loss                 | 0.0897     |
|    n_updates            | 30         |
|    policy_gradient_loss | -0.0419    |
|    value_loss           | 0.342      |
----------------------------------------
-----------------------------------------
| rollout/                |             |
|    ep_len_mean          | 49.2        |
|    ep_rew_mean          | -31.7       |
| time/                   |             |
|    fps                  | 75          |
|    iterations           | 5           |
|    time_elapsed         | 33          |
|    total_timesteps      | 2560        |
| train/                  |             |
|    approx_kl            | 0.013635469 |
|    clip_fraction        | 0.0867      |
|    clip_range           | 0.2         |
|    entropy_loss         | -1.57       |
|    explained_variance   | 0.205       |
|    learning_rate        | 0.0003      |
|    loss                 | -0.0736     |
|    n_updates            | 40          |
|    policy_gradient_loss | -0.0435     |
|    value_loss           | 0.211       |
-----------------------------------------
-----------------------------------------
| rollout/                |             |
|    ep_len_mean          | 47.8        |
|    ep_rew_mean          | -31.2       |
| time/                   |             |
|    fps                  | 75          |
|    iterations           | 6           |
|    time_elapsed         | 40          |
|    total_timesteps      | 3072        |
| train/                  |             |
|    approx_kl            | 0.014756318 |
|    clip_fraction        | 0.0928      |
|    clip_range           | 0.2         |
|    entropy_loss         | -1.54       |
|    explained_variance   | -0.0589     |
|    learning_rate        | 0.0003      |
|    loss                 | -0.0431     |
|    n_updates            | 50          |
|    policy_gradient_loss | -0.0492     |
|    value_loss           | 0.297       |
-----------------------------------------
-----------------------------------------
| rollout/                |             |
|    ep_len_mean          | 50          |
|    ep_rew_mean          | -31.3       |
| time/                   |             |
|    fps                  | 75          |
|    iterations           | 7           |
|    time_elapsed         | 47          |
|    total_timesteps      | 3584        |
| train/                  |             |
|    approx_kl            | 0.014830806 |
|    clip_fraction        | 0.121       |
|    clip_range           | 0.2         |
|    entropy_loss         | -1.51       |
|    explained_variance   | 0.163       |
|    learning_rate        | 0.0003      |
|    loss                 | -0.0782     |
|    n_updates            | 60          |
|    policy_gradient_loss | -0.0545     |
|    value_loss           | 0.269       |
-----------------------------------------
-----------------------------------------
| rollout/                |             |
|    ep_len_mean          | 52.7        |
|    ep_rew_mean          | -31.2       |
| time/                   |             |
|    fps                  | 67          |
|    iterations           | 8           |
|    time_elapsed         | 60          |
|    total_timesteps      | 4096        |
| train/                  |             |
|    approx_kl            | 0.016085336 |
|    clip_fraction        | 0.146       |
|    clip_range           | 0.2         |
|    entropy_loss         | -1.46       |
|    explained_variance   | 0.0196      |
|    learning_rate        | 0.0003      |
|    loss                 | -0.0715     |
|    n_updates            | 70          |
|    policy_gradient_loss | -0.0523     |
|    value_loss           | 0.122       |
-----------------------------------------
-----------------------------------------
| rollout/                |             |
|    ep_len_mean          | 57.6        |
|    ep_rew_mean          | -31.4       |
| time/                   |             |
|    fps                  | 57          |
|    iterations           | 9           |
|    time_elapsed         | 80          |
|    total_timesteps      | 4608        |
| train/                  |             |
|    approx_kl            | 0.019032959 |
|    clip_fraction        | 0.19        |
|    clip_range           | 0.2         |
|    entropy_loss         | -1.42       |
|    explained_variance   | 0.106       |
|    learning_rate        | 0.0003      |
|    loss                 | -0.0559     |
|    n_updates            | 80          |
|    policy_gradient_loss | -0.0585     |
|    value_loss           | 0.149       |
-----------------------------------------
[Eval @5000] NEW BEST mean_reward=-0.010
[Eval @5000] R=-0.0±3.9 CR=0.100 Spd=20.7 LC=18.8 SR=0.900
-----------------------------------------
| rollout/                |             |
|    ep_len_mean          | 60.4        |
|    ep_rew_mean          | -31.5       |
| time/                   |             |
|    fps                  | 29          |
|    iterations           | 10          |
|    time_elapsed         | 172         |
|    total_timesteps      | 5120        |
| train/                  |             |
|    approx_kl            | 0.016048975 |
|    clip_fraction        | 0.185       |
|    clip_range           | 0.2         |
|    entropy_loss         | -1.39       |
|    explained_variance   | -0.0357     |
|    learning_rate        | 0.0003      |
|    loss                 | -0.0521     |
|    n_updates            | 90          |
|    policy_gradient_loss | -0.0557     |
|    value_loss           | 0.132       |
-----------------------------------------
-----------------------------------------
| rollout/                |             |
|    ep_len_mean          | 62.1        |
|    ep_rew_mean          | -31.5       |
| time/                   |             |
|    fps                  | 29          |
|    iterations           | 11          |
|    time_elapsed         | 192         |
|    total_timesteps      | 5632        |
| train/                  |             |
|    approx_kl            | 0.017018681 |
|    clip_fraction        | 0.143       |
|    clip_range           | 0.2         |
|    entropy_loss         | -1.35       |
|    explained_variance   | -0.128      |
|    learning_rate        | 0.0003      |
|    loss                 | -0.07       |
|    n_updates            | 100         |
|    policy_gradient_loss | -0.0476     |
|    value_loss           | 0.0862      |
-----------------------------------------
-----------------------------------------
| rollout/                |             |
|    ep_len_mean          | 62.8        |
|    ep_rew_mean          | -31.4       |
| time/                   |             |
|    fps                  | 28          |
|    iterations           | 12          |
|    time_elapsed         | 212         |
|    total_timesteps      | 6144        |
| train/                  |             |
|    approx_kl            | 0.019070037 |
|    clip_fraction        | 0.174       |
|    clip_range           | 0.2         |
|    entropy_loss         | -1.35       |
|    explained_variance   | 0.256       |
|    learning_rate        | 0.0003      |
|    loss                 | -0.0707     |
|    n_updates            | 110         |
|    policy_gradient_loss | -0.0569     |
|    value_loss           | 0.161       |
-----------------------------------------
-----------------------------------------
| rollout/                |             |
|    ep_len_mean          | 65.4        |
|    ep_rew_mean          | -31.3       |
| time/                   |             |
|    fps                  | 28          |
|    iterations           | 13          |
|    time_elapsed         | 233         |
|    total_timesteps      | 6656        |
| train/                  |             |
|    approx_kl            | 0.020226851 |
|    clip_fraction        | 0.186       |
|    clip_range           | 0.2         |
|    entropy_loss         | -1.31       |
|    explained_variance   | 0.028       |
|    learning_rate        | 0.0003      |
|    loss                 | 0.0335      |
|    n_updates            | 120         |
|    policy_gradient_loss | -0.0531     |
|    value_loss           | 0.242       |
-----------------------------------------
-----------------------------------------
| rollout/                |             |
|    ep_len_mean          | 67.7        |
|    ep_rew_mean          | -30.7       |
| time/                   |             |
|    fps                  | 28          |
|    iterations           | 14          |
|    time_elapsed         | 253         |
|    total_timesteps      | 7168        |
| train/                  |             |
|    approx_kl            | 0.021197256 |
|    clip_fraction        | 0.218       |
|    clip_range           | 0.2         |
|    entropy_loss         | -1.09       |
|    explained_variance   | -0.449      |
|    learning_rate        | 0.0003      |
|    loss                 | -0.067      |
|    n_updates            | 130         |
|    policy_gradient_loss | -0.058      |
|    value_loss           | 0.0618      |
-----------------------------------------
-----------------------------------------
| rollout/                |             |
|    ep_len_mean          | 70.8        |
|    ep_rew_mean          | -30.4       |
| time/                   |             |
|    fps                  | 28          |
|    iterations           | 15          |
|    time_elapsed         | 273         |
|    total_timesteps      | 7680        |
| train/                  |             |
|    approx_kl            | 0.022889921 |
|    clip_fraction        | 0.189       |
|    clip_range           | 0.2         |
|    entropy_loss         | -1.13       |
|    explained_variance   | 0.406       |
|    learning_rate        | 0.0003      |
|    loss                 | -0.0337     |
|    n_updates            | 140         |
|    policy_gradient_loss | -0.0558     |
|    value_loss           | 0.0886      |
-----------------------------------------
--------------------------------------
| rollout/                |          |
|    ep_len_mean          | 75.7     |
|    ep_rew_mean          | -29.6    |
| time/                   |          |
|    fps                  | 27       |
|    iterations           | 16       |
|    time_elapsed         | 293      |
|    total_timesteps      | 8192     |
| train/                  |          |
|    approx_kl            | 0.024842 |
|    clip_fraction        | 0.223    |
|    clip_range           | 0.2      |
|    entropy_loss         | -0.958   |
|    explained_variance   | 0.1      |
|    learning_rate        | 0.0003   |
|    loss                 | -0.075   |
|    n_updates            | 150      |
|    policy_gradient_loss | -0.0533  |
|    value_loss           | 0.0469   |
--------------------------------------
-----------------------------------------
| rollout/                |             |
|    ep_len_mean          | 77.9        |
|    ep_rew_mean          | -28.5       |
| time/                   |             |
|    fps                  | 28          |
|    iterations           | 17          |
|    time_elapsed         | 304         |
|    total_timesteps      | 8704        |
| train/                  |             |
|    approx_kl            | 0.015752047 |
|    clip_fraction        | 0.147       |
|    clip_range           | 0.2         |
|    entropy_loss         | -0.877      |
|    explained_variance   | 0.0803      |
|    learning_rate        | 0.0003      |
|    loss                 | -0.0871     |
|    n_updates            | 160         |
|    policy_gradient_loss | -0.051      |
|    value_loss           | 0.0559      |
-----------------------------------------
-----------------------------------------
| rollout/                |             |
|    ep_len_mean          | 81.1        |
|    ep_rew_mean          | -27.7       |
| time/                   |             |
|    fps                  | 29          |
|    iterations           | 18          |
|    time_elapsed         | 312         |
|    total_timesteps      | 9216        |
| train/                  |             |
|    approx_kl            | 0.017510502 |
|    clip_fraction        | 0.159       |
|    clip_range           | 0.2         |
|    entropy_loss         | -0.745      |
|    explained_variance   | 0.458       |
|    learning_rate        | 0.0003      |
|    loss                 | -0.0658     |
|    n_updates            | 170         |
|    policy_gradient_loss | -0.043      |
|    value_loss           | 0.0401      |
-----------------------------------------
-----------------------------------------
| rollout/                |             |
|    ep_len_mean          | 85.1        |
|    ep_rew_mean          | -27         |
| time/                   |             |
|    fps                  | 30          |
|    iterations           | 19          |
|    time_elapsed         | 318         |
|    total_timesteps      | 9728        |
| train/                  |             |
|    approx_kl            | 0.016579099 |
|    clip_fraction        | 0.158       |
|    clip_range           | 0.2         |
|    entropy_loss         | -0.659      |
|    explained_variance   | -1.03       |
|    learning_rate        | 0.0003      |
|    loss                 | -0.0744     |
|    n_updates            | 180         |
|    policy_gradient_loss | -0.0432     |
|    value_loss           | 0.0251      |
-----------------------------------------
[Eval @10000] NEW BEST mean_reward=1.000
[Eval @10000] R=1.0±3.1 CR=0.100 Spd=21.0 LC=17.0 SR=0.900
-----------------------------------------
| rollout/                |             |
|    ep_len_mean          | 88.2        |
|    ep_rew_mean          | -25.9       |
| time/                   |             |
|    fps                  | 28          |
|    iterations           | 20          |
|    time_elapsed         | 353         |
|    total_timesteps      | 10240       |
| train/                  |             |
|    approx_kl            | 0.015894705 |
|    clip_fraction        | 0.154       |
|    clip_range           | 0.2         |
|    entropy_loss         | -0.719      |
|    explained_variance   | 0.374       |
|    learning_rate        | 0.0003      |
|    loss                 | -0.0489     |
|    n_updates            | 190         |
|    policy_gradient_loss | -0.0462     |
|    value_loss           | 0.0604      |
-----------------------------------------
------------------------------------------
| rollout/                |              |
|    ep_len_mean          | 92.8         |
|    ep_rew_mean          | -24.3        |
| time/                   |              |
|    fps                  | 29           |
|    iterations           | 21           |
|    time_elapsed         | 361          |
|    total_timesteps      | 10752        |
| train/                  |              |
|    approx_kl            | 0.0057659596 |
|    clip_fraction        | 0.0824       |
|    clip_range           | 0.2          |
|    entropy_loss         | -0.291       |
|    explained_variance   | -2.01        |
|    learning_rate        | 0.0003       |
|    loss                 | -0.0277      |
|    n_updates            | 200          |
|    policy_gradient_loss | -0.0258      |
|    value_loss           | 0.00446      |
------------------------------------------
-----------------------------------------
| rollout/                |             |
|    ep_len_mean          | 96          |
|    ep_rew_mean          | -22.9       |
| time/                   |             |
|    fps                  | 30          |
|    iterations           | 22          |
|    time_elapsed         | 367         |
|    total_timesteps      | 11264       |
| train/                  |             |
|    approx_kl            | 0.013908323 |
|    clip_fraction        | 0.0959      |
|    clip_range           | 0.2         |
|    entropy_loss         | -0.416      |
|    explained_variance   | -3.96       |
|    learning_rate        | 0.0003      |
|    loss                 | -0.0313     |
|    n_updates            | 210         |
|    policy_gradient_loss | -0.0281     |
|    value_loss           | 0.014       |
-----------------------------------------
------------------------------------------
| rollout/                |              |
|    ep_len_mean          | 101          |
|    ep_rew_mean          | -21.8        |
| time/                   |              |
|    fps                  | 31           |
|    iterations           | 23           |
|    time_elapsed         | 374          |
|    total_timesteps      | 11776        |
| train/                  |              |
|    approx_kl            | 0.0109751765 |
|    clip_fraction        | 0.0908       |
|    clip_range           | 0.2          |
|    entropy_loss         | -0.413       |
|    explained_variance   | 0.455        |
|    learning_rate        | 0.0003       |
|    loss                 | -0.0505      |
|    n_updates            | 220          |
|    policy_gradient_loss | -0.038       |
|    value_loss           | 0.0384       |
------------------------------------------
-----------------------------------------
| rollout/                |             |
|    ep_len_mean          | 104         |
|    ep_rew_mean          | -21.2       |
| time/                   |             |
|    fps                  | 32          |
|    iterations           | 24          |
|    time_elapsed         | 380         |
|    total_timesteps      | 12288       |
| train/                  |             |
|    approx_kl            | 0.006768691 |
|    clip_fraction        | 0.0816      |
|    clip_range           | 0.2         |
|    entropy_loss         | -0.368      |
|    explained_variance   | -0.948      |
|    learning_rate        | 0.0003      |
|    loss                 | 0.00725     |
|    n_updates            | 230         |
|    policy_gradient_loss | -0.0219     |
|    value_loss           | 0.0314      |
-----------------------------------------
-----------------------------------------
| rollout/                |             |
|    ep_len_mean          | 107         |
|    ep_rew_mean          | -20         |
| time/                   |             |
|    fps                  | 32          |
|    iterations           | 25          |
|    time_elapsed         | 391         |
|    total_timesteps      | 12800       |
| train/                  |             |
|    approx_kl            | 0.014869507 |
|    clip_fraction        | 0.144       |
|    clip_range           | 0.2         |
|    entropy_loss         | -0.772      |
|    explained_variance   | -7.28       |
|    learning_rate        | 0.0003      |
|    loss                 | -0.0997     |
|    n_updates            | 240         |
|    policy_gradient_loss | -0.0415     |
|    value_loss           | 0.0278      |
-----------------------------------------
-----------------------------------------
| rollout/                |             |
|    ep_len_mean          | 111         |
|    ep_rew_mean          | -18.7       |
| time/                   |             |
|    fps                  | 33          |
|    iterations           | 26          |
|    time_elapsed         | 400         |
|    total_timesteps      | 13312       |
| train/                  |             |
|    approx_kl            | 0.019605756 |
|    clip_fraction        | 0.136       |
|    clip_range           | 0.2         |
|    entropy_loss         | -0.43       |
|    explained_variance   | 0.531       |
|    learning_rate        | 0.0003      |
|    loss                 | -0.0442     |
|    n_updates            | 250         |
|    policy_gradient_loss | -0.0446     |
|    value_loss           | 0.0115      |
-----------------------------------------
-----------------------------------------
| rollout/                |             |
|    ep_len_mean          | 114         |
|    ep_rew_mean          | -17.8       |
| time/                   |             |
|    fps                  | 33          |
|    iterations           | 27          |
|    time_elapsed         | 414         |
|    total_timesteps      | 13824       |
| train/                  |             |
|    approx_kl            | 0.011783771 |
|    clip_fraction        | 0.099       |
|    clip_range           | 0.2         |
|    entropy_loss         | -0.561      |
|    explained_variance   | -4.46       |
|    learning_rate        | 0.0003      |
|    loss                 | -0.0538     |
|    n_updates            | 260         |
|    policy_gradient_loss | -0.0288     |
|    value_loss           | 0.0148      |
-----------------------------------------
-----------------------------------------
| rollout/                |             |
|    ep_len_mean          | 119         |
|    ep_rew_mean          | -16.1       |
| time/                   |             |
|    fps                  | 33          |
|    iterations           | 28          |
|    time_elapsed         | 426         |
|    total_timesteps      | 14336       |
| train/                  |             |
|    approx_kl            | 0.010166628 |
|    clip_fraction        | 0.0816      |
|    clip_range           | 0.2         |
|    entropy_loss         | -0.274      |
|    explained_variance   | 0.387       |
|    learning_rate        | 0.0003      |
|    loss                 | -0.0466     |
|    n_updates            | 270         |
|    policy_gradient_loss | -0.0342     |
|    value_loss           | 0.011       |
-----------------------------------------
------------------------------------------
| rollout/                |              |
|    ep_len_mean          | 121          |
|    ep_rew_mean          | -14.7        |
| time/                   |              |
|    fps                  | 34           |
|    iterations           | 29           |
|    time_elapsed         | 432          |
|    total_timesteps      | 14848        |
| train/                  |              |
|    approx_kl            | 0.0022295513 |
|    clip_fraction        | 0.0209       |
|    clip_range           | 0.2          |
|    entropy_loss         | -0.118       |
|    explained_variance   | -11.1        |
|    learning_rate        | 0.0003       |
|    loss                 | -0.0044      |
|    n_updates            | 280          |
|    policy_gradient_loss | -0.00484     |
|    value_loss           | 0.000965     |
------------------------------------------
[Eval @15000] NEW BEST mean_reward=2.390
[Eval @15000] R=2.4±1.4 CR=0.000 Spd=20.5 LC=7.3 SR=1.000
------------------------------------------
| rollout/                |              |
|    ep_len_mean          | 124          |
|    ep_rew_mean          | -13.7        |
| time/                   |              |
|    fps                  | 30           |
|    iterations           | 30           |
|    time_elapsed         | 497          |
|    total_timesteps      | 15360        |
| train/                  |              |
|    approx_kl            | 0.0021440065 |
|    clip_fraction        | 0.0197       |
|    clip_range           | 0.2          |
|    entropy_loss         | -0.12        |
|    explained_variance   | -7.6         |
|    learning_rate        | 0.0003       |
|    loss                 | -0.0102      |
|    n_updates            | 290          |
|    policy_gradient_loss | -0.00778     |
|    value_loss           | 0.00135      |
------------------------------------------
-----------------------------------------
| rollout/                |             |
|    ep_len_mean          | 128         |
|    ep_rew_mean          | -12.2       |
| time/                   |             |
|    fps                  | 30          |
|    iterations           | 31          |
|    time_elapsed         | 516         |
|    total_timesteps      | 15872       |
| train/                  |             |
|    approx_kl            | 0.011549385 |
|    clip_fraction        | 0.109       |
|    clip_range           | 0.2         |
|    entropy_loss         | -0.425      |
|    explained_variance   | -0.109      |
|    learning_rate        | 0.0003      |
|    loss                 | -0.0139     |
|    n_updates            | 300         |
|    policy_gradient_loss | -0.0392     |
|    value_loss           | 0.03        |
-----------------------------------------
-----------------------------------------
| rollout/                |             |
|    ep_len_mean          | 133         |
|    ep_rew_mean          | -10.8       |
| time/                   |             |
|    fps                  | 30          |
|    iterations           | 32          |
|    time_elapsed         | 536         |
|    total_timesteps      | 16384       |
| train/                  |             |
|    approx_kl            | 0.009249091 |
|    clip_fraction        | 0.0936      |
|    clip_range           | 0.2         |
|    entropy_loss         | -0.329      |
|    explained_variance   | 0.245       |
|    learning_rate        | 0.0003      |
|    loss                 | -0.0509     |
|    n_updates            | 310         |
|    policy_gradient_loss | -0.0378     |
|    value_loss           | 0.0169      |
-----------------------------------------
-----------------------------------------
| rollout/                |             |
|    ep_len_mean          | 137         |
|    ep_rew_mean          | -9.99       |
| time/                   |             |
|    fps                  | 30          |
|    iterations           | 33          |
|    time_elapsed         | 555         |
|    total_timesteps      | 16896       |
| train/                  |             |
|    approx_kl            | 0.007608698 |
|    clip_fraction        | 0.0424      |
|    clip_range           | 0.2         |
|    entropy_loss         | -0.181      |
|    explained_variance   | 0.721       |
|    learning_rate        | 0.0003      |
|    loss                 | -0.0266     |
|    n_updates            | 320         |
|    policy_gradient_loss | -0.0198     |
|    value_loss           | 0.00903     |
-----------------------------------------
-----------------------------------------
| rollout/                |             |
|    ep_len_mean          | 140         |
|    ep_rew_mean          | -8.04       |
| time/                   |             |
|    fps                  | 30          |
|    iterations           | 34          |
|    time_elapsed         | 574         |
|    total_timesteps      | 17408       |
| train/                  |             |
|    approx_kl            | 0.015908796 |
|    clip_fraction        | 0.0951      |
|    clip_range           | 0.2         |
|    entropy_loss         | -0.248      |
|    explained_variance   | -1.66       |
|    learning_rate        | 0.0003      |
|    loss                 | -0.0537     |
|    n_updates            | 330         |
|    policy_gradient_loss | -0.0361     |
|    value_loss           | 0.00502     |
-----------------------------------------
------------------------------------------
| rollout/                |              |
|    ep_len_mean          | 141          |
|    ep_rew_mean          | -6.73        |
| time/                   |              |
|    fps                  | 30           |
|    iterations           | 35           |
|    time_elapsed         | 594          |
|    total_timesteps      | 17920        |
| train/                  |              |
|    approx_kl            | 0.0042367512 |
|    clip_fraction        | 0.025        |
|    clip_range           | 0.2          |
|    entropy_loss         | -0.0948      |
|    explained_variance   | -2.12        |
|    learning_rate        | 0.0003       |
|    loss                 | -0.0253      |
|    n_updates            | 340          |
|    policy_gradient_loss | -0.0119      |
|    value_loss           | 0.00102      |
------------------------------------------
------------------------------------------
| rollout/                |              |
|    ep_len_mean          | 145          |
|    ep_rew_mean          | -5.03        |
| time/                   |              |
|    fps                  | 30           |
|    iterations           | 36           |
|    time_elapsed         | 613          |
|    total_timesteps      | 18432        |
| train/                  |              |
|    approx_kl            | 0.0022028494 |
|    clip_fraction        | 0.0252       |
|    clip_range           | 0.2          |
|    entropy_loss         | -0.0982      |
|    explained_variance   | -9.35        |
|    learning_rate        | 0.0003       |
|    loss                 | -0.0156      |
|    n_updates            | 350          |
|    policy_gradient_loss | -0.0108      |
|    value_loss           | 0.00291      |
------------------------------------------
-----------------------------------------
| rollout/                |             |
|    ep_len_mean          | 148         |
|    ep_rew_mean          | -3.83       |
| time/                   |             |
|    fps                  | 29          |
|    iterations           | 37          |
|    time_elapsed         | 633         |
|    total_timesteps      | 18944       |
| train/                  |             |
|    approx_kl            | 0.017736863 |
|    clip_fraction        | 0.0764      |
|    clip_range           | 0.2         |
|    entropy_loss         | -0.215      |
|    explained_variance   | -1.78       |
|    learning_rate        | 0.0003      |
|    loss                 | -0.0452     |
|    n_updates            | 360         |
|    policy_gradient_loss | -0.025      |
|    value_loss           | 0.00297     |
-----------------------------------------
-------------------------------------------
| rollout/                |               |
|    ep_len_mean          | 150           |
|    ep_rew_mean          | -2.2          |
| time/                   |               |
|    fps                  | 29            |
|    iterations           | 38            |
|    time_elapsed         | 652           |
|    total_timesteps      | 19456         |
| train/                  |               |
|    approx_kl            | 0.00043880276 |
|    clip_fraction        | 0.00703       |
|    clip_range           | 0.2           |
|    entropy_loss         | -0.0283       |
|    explained_variance   | -10.9         |
|    learning_rate        | 0.0003        |
|    loss                 | -0.000913     |
|    n_updates            | 370           |
|    policy_gradient_loss | -0.0037       |
|    value_loss           | 0.000166      |
-------------------------------------------
--------------------------------------
| rollout/                |          |
|    ep_len_mean          | 153      |
|    ep_rew_mean          | -0.294   |
| time/                   |          |
|    fps                  | 29       |
|    iterations           | 39       |
|    time_elapsed         | 672      |
|    total_timesteps      | 19968    |
| train/                  |          |
|    approx_kl            | 0.016539 |
|    clip_fraction        | 0.0992   |
|    clip_range           | 0.2      |
|    entropy_loss         | -0.221   |
|    explained_variance   | -0.357   |
|    learning_rate        | 0.0003   |
|    loss                 | -0.0467  |
|    n_updates            | 380      |
|    policy_gradient_loss | -0.0269  |
|    value_loss           | 0.00241  |
--------------------------------------
[Eval @20000] R=2.1±2.4 CR=0.100 Spd=20.5 LC=3.9 SR=0.900
------------------------------------------
| rollout/                |              |
|    ep_len_mean          | 155          |
|    ep_rew_mean          | 1.24         |
| time/                   |              |
|    fps                  | 26           |
|    iterations           | 40           |
|    time_elapsed         | 765          |
|    total_timesteps      | 20480        |
| train/                  |              |
|    approx_kl            | 0.0023046315 |
|    clip_fraction        | 0.034        |
|    clip_range           | 0.2          |
|    entropy_loss         | -0.0965      |
|    explained_variance   | -3.96        |
|    learning_rate        | 0.0003       |
|    loss                 | -0.0167      |
|    n_updates            | 390          |
|    policy_gradient_loss | -0.0143      |
|    value_loss           | 0.00161      |
------------------------------------------
----------------------------------------
| rollout/                |            |
|    ep_len_mean          | 156        |
|    ep_rew_mean          | 2.35       |
| time/                   |            |
|    fps                  | 26         |
|    iterations           | 41         |
|    time_elapsed         | 786        |
|    total_timesteps      | 20992      |
| train/                  |            |
|    approx_kl            | 0.00966209 |
|    clip_fraction        | 0.0447     |
|    clip_range           | 0.2        |
|    entropy_loss         | -0.115     |
|    explained_variance   | 0.609      |
|    learning_rate        | 0.0003     |
|    loss                 | -0.0197    |
|    n_updates            | 400        |
|    policy_gradient_loss | -0.0257    |
|    value_loss           | 0.0082     |
----------------------------------------
------------------------------------------
| rollout/                |              |
|    ep_len_mean          | 158          |
|    ep_rew_mean          | 4.44         |
| time/                   |              |
|    fps                  | 27           |
|    iterations           | 42           |
|    time_elapsed         | 793          |
|    total_timesteps      | 21504        |
| train/                  |              |
|    approx_kl            | 0.0034969624 |
|    clip_fraction        | 0.0342       |
|    clip_range           | 0.2          |
|    entropy_loss         | -0.131       |
|    explained_variance   | 0.0264       |
|    learning_rate        | 0.0003       |
|    loss                 | -0.00261     |
|    n_updates            | 410          |
|    policy_gradient_loss | -0.0189      |
|    value_loss           | 0.0116       |
------------------------------------------
------------------------------------------
| rollout/                |              |
|    ep_len_mean          | 161          |
|    ep_rew_mean          | 6.38         |
| time/                   |              |
|    fps                  | 27           |
|    iterations           | 43           |
|    time_elapsed         | 800          |
|    total_timesteps      | 22016        |
| train/                  |              |
|    approx_kl            | 0.0036427546 |
|    clip_fraction        | 0.0277       |
|    clip_range           | 0.2          |
|    entropy_loss         | -0.0706      |
|    explained_variance   | 0.799        |
|    learning_rate        | 0.0003       |
|    loss                 | -0.00544     |
|    n_updates            | 420          |
|    policy_gradient_loss | -0.0146      |
|    value_loss           | 0.0046       |
------------------------------------------
------------------------------------------
| rollout/                |              |
|    ep_len_mean          | 164          |
|    ep_rew_mean          | 7.38         |
| time/                   |              |
|    fps                  | 27           |
|    iterations           | 44           |
|    time_elapsed         | 807          |
|    total_timesteps      | 22528        |
| train/                  |              |
|    approx_kl            | 0.0081066545 |
|    clip_fraction        | 0.0111       |
|    clip_range           | 0.2          |
|    entropy_loss         | -0.0551      |
|    explained_variance   | -14.7        |
|    learning_rate        | 0.0003       |
|    loss                 | -0.0502      |
|    n_updates            | 430          |
|    policy_gradient_loss | 0.000646     |
|    value_loss           | 0.00116      |
------------------------------------------
-----------------------------------------
| rollout/                |             |
|    ep_len_mean          | 167         |
|    ep_rew_mean          | 9.12        |
| time/                   |             |
|    fps                  | 28          |
|    iterations           | 45          |
|    time_elapsed         | 813         |
|    total_timesteps      | 23040       |
| train/                  |             |
|    approx_kl            | 0.013036386 |
|    clip_fraction        | 0.0715      |
|    clip_range           | 0.2         |
|    entropy_loss         | -0.27       |
|    explained_variance   | -4.38       |
|    learning_rate        | 0.0003      |
|    loss                 | -0.0342     |
|    n_updates            | 440         |
|    policy_gradient_loss | -0.0236     |
|    value_loss           | 0.00682     |
-----------------------------------------
-----------------------------------------
| rollout/                |             |
|    ep_len_mean          | 167         |
|    ep_rew_mean          | 9.95        |
| time/                   |             |
|    fps                  | 28          |
|    iterations           | 46          |
|    time_elapsed         | 820         |
|    total_timesteps      | 23552       |
| train/                  |             |
|    approx_kl            | 0.013389397 |
|    clip_fraction        | 0.0926      |
|    clip_range           | 0.2         |
|    entropy_loss         | -0.235      |
|    explained_variance   | -1.69       |
|    learning_rate        | 0.0003      |
|    loss                 | -0.0297     |
|    n_updates            | 450         |
|    policy_gradient_loss | -0.0275     |
|    value_loss           | 0.00271     |
-----------------------------------------
------------------------------------------
| rollout/                |              |
|    ep_len_mean          | 172          |
|    ep_rew_mean          | 11.6         |
| time/                   |              |
|    fps                  | 29           |
|    iterations           | 47           |
|    time_elapsed         | 826          |
|    total_timesteps      | 24064        |
| train/                  |              |
|    approx_kl            | 0.0036718373 |
|    clip_fraction        | 0.0293       |
|    clip_range           | 0.2          |
|    entropy_loss         | -0.0864      |
|    explained_variance   | -0.00158     |
|    learning_rate        | 0.0003       |
|    loss                 | -0.0363      |
|    n_updates            | 460          |
|    policy_gradient_loss | -0.0162      |
|    value_loss           | 0.000506     |
------------------------------------------
-----------------------------------------
| rollout/                |             |
|    ep_len_mean          | 174         |
|    ep_rew_mean          | 12.8        |
| time/                   |             |
|    fps                  | 29          |
|    iterations           | 48          |
|    time_elapsed         | 833         |
|    total_timesteps      | 24576       |
| train/                  |             |
|    approx_kl            | 0.012120251 |
|    clip_fraction        | 0.0439      |
|    clip_range           | 0.2         |
|    entropy_loss         | -0.0886     |
|    explained_variance   | -4.33       |
|    learning_rate        | 0.0003      |
|    loss                 | -0.0341     |
|    n_updates            | 470         |
|    policy_gradient_loss | -0.0153     |
|    value_loss           | 0.000869    |
-----------------------------------------
[Eval @25000] NEW BEST mean_reward=2.500
[Eval @25000] R=2.5±2.1 CR=0.100 Spd=20.3 LC=3.8 SR=0.900
------------------------------------------
| rollout/                |              |
|    ep_len_mean          | 175          |
|    ep_rew_mean          | 14.5         |
| time/                   |              |
|    fps                  | 28           |
|    iterations           | 49           |
|    time_elapsed         | 870          |
|    total_timesteps      | 25088        |
| train/                  |              |
|    approx_kl            | 0.0011636781 |
|    clip_fraction        | 0.0107       |
|    clip_range           | 0.2          |
|    entropy_loss         | -0.0261      |
|    explained_variance   | -2.02        |
|    learning_rate        | 0.0003       |
|    loss                 | -0.0324      |
|    n_updates            | 480          |
|    policy_gradient_loss | -0.00739     |
|    value_loss           | 0.000188     |
------------------------------------------
-----------------------------------------
| rollout/                |             |
|    ep_len_mean          | 176         |
|    ep_rew_mean          | 14.9        |
| time/                   |             |
|    fps                  | 29          |
|    iterations           | 50          |
|    time_elapsed         | 881         |
|    total_timesteps      | 25600       |
| train/                  |             |
|    approx_kl            | 0.023553926 |
|    clip_fraction        | 0.0705      |
|    clip_range           | 0.2         |
|    entropy_loss         | -0.146      |
|    explained_variance   | -2.94       |
|    learning_rate        | 0.0003      |
|    loss                 | -0.0345     |
|    n_updates            | 490         |
|    policy_gradient_loss | -0.0143     |
|    value_loss           | 0.00274     |
-----------------------------------------
-----------------------------------------
| rollout/                |             |
|    ep_len_mean          | 177         |
|    ep_rew_mean          | 15.9        |
| time/                   |             |
|    fps                  | 29          |
|    iterations           | 51          |
|    time_elapsed         | 892         |
|    total_timesteps      | 26112       |
| train/                  |             |
|    approx_kl            | 0.012161158 |
|    clip_fraction        | 0.0863      |
|    clip_range           | 0.2         |
|    entropy_loss         | -0.187      |
|    explained_variance   | 0.16        |
|    learning_rate        | 0.0003      |
|    loss                 | -0.0148     |
|    n_updates            | 500         |
|    policy_gradient_loss | -0.0299     |
|    value_loss           | 0.00211     |
-----------------------------------------
-----------------------------------------
| rollout/                |             |
|    ep_len_mean          | 179         |
|    ep_rew_mean          | 17.1        |
| time/                   |             |
|    fps                  | 29          |
|    iterations           | 52          |
|    time_elapsed         | 901         |
|    total_timesteps      | 26624       |
| train/                  |             |
|    approx_kl            | 0.012115875 |
|    clip_fraction        | 0.0457      |
|    clip_range           | 0.2         |
|    entropy_loss         | -0.128      |
|    explained_variance   | -1.49       |
|    learning_rate        | 0.0003      |
|    loss                 | -0.0513     |
|    n_updates            | 510         |
|    policy_gradient_loss | -0.0295     |
|    value_loss           | 0.000988    |
-----------------------------------------
-----------------------------------------
| rollout/                |             |
|    ep_len_mean          | 179         |
|    ep_rew_mean          | 17.4        |
| time/                   |             |
|    fps                  | 29          |
|    iterations           | 53          |
|    time_elapsed         | 909         |
|    total_timesteps      | 27136       |
| train/                  |             |
|    approx_kl            | 0.010656007 |
|    clip_fraction        | 0.0547      |
|    clip_range           | 0.2         |
|    entropy_loss         | -0.12       |
|    explained_variance   | -0.58       |
|    learning_rate        | 0.0003      |
|    loss                 | -0.0192     |
|    n_updates            | 520         |
|    policy_gradient_loss | -0.0201     |
|    value_loss           | 0.00116     |
-----------------------------------------
------------------------------------------
| rollout/                |              |
|    ep_len_mean          | 182          |
|    ep_rew_mean          | 18.8         |
| time/                   |              |
|    fps                  | 30           |
|    iterations           | 54           |
|    time_elapsed         | 915          |
|    total_timesteps      | 27648        |
| train/                  |              |
|    approx_kl            | 0.0026771217 |
|    clip_fraction        | 0.0301       |
|    clip_range           | 0.2          |
|    entropy_loss         | -0.154       |
|    explained_variance   | -0.622       |
|    learning_rate        | 0.0003       |
|    loss                 | -0.0214      |
|    n_updates            | 530          |
|    policy_gradient_loss | -0.00633     |
|    value_loss           | 0.00124      |
------------------------------------------
-----------------------------------------
| rollout/                |             |
|    ep_len_mean          | 184         |
|    ep_rew_mean          | 19.2        |
| time/                   |             |
|    fps                  | 30          |
|    iterations           | 55          |
|    time_elapsed         | 924         |
|    total_timesteps      | 28160       |
| train/                  |             |
|    approx_kl            | 0.005524534 |
|    clip_fraction        | 0.0262      |
|    clip_range           | 0.2         |
|    entropy_loss         | -0.0491     |
|    explained_variance   | -2.8        |
|    learning_rate        | 0.0003      |
|    loss                 | -0.0319     |
|    n_updates            | 540         |
|    policy_gradient_loss | -0.0131     |
|    value_loss           | 0.000346    |
-----------------------------------------
-----------------------------------------
| rollout/                |             |
|    ep_len_mean          | 184         |
|    ep_rew_mean          | 19.5        |
| time/                   |             |
|    fps                  | 30          |
|    iterations           | 56          |
|    time_elapsed         | 931         |
|    total_timesteps      | 28672       |
| train/                  |             |
|    approx_kl            | 0.013141004 |
|    clip_fraction        | 0.104       |
|    clip_range           | 0.2         |
|    entropy_loss         | -0.238      |
|    explained_variance   | 0.314       |
|    learning_rate        | 0.0003      |
|    loss                 | -0.0168     |
|    n_updates            | 550         |
|    policy_gradient_loss | -0.0262     |
|    value_loss           | 0.00738     |
-----------------------------------------
------------------------------------------
| rollout/                |              |
|    ep_len_mean          | 184          |
|    ep_rew_mean          | 19.5         |
| time/                   |              |
|    fps                  | 31           |
|    iterations           | 57           |
|    time_elapsed         | 937          |
|    total_timesteps      | 29184        |
| train/                  |              |
|    approx_kl            | 0.0023018888 |
|    clip_fraction        | 0.015        |
|    clip_range           | 0.2          |
|    entropy_loss         | -0.0416      |
|    explained_variance   | -17.8        |
|    learning_rate        | 0.0003       |
|    loss                 | -0.0124      |
|    n_updates            | 560          |
|    policy_gradient_loss | -0.00533     |
|    value_loss           | 0.00143      |
------------------------------------------
-----------------------------------------
| rollout/                |             |
|    ep_len_mean          | 185         |
|    ep_rew_mean          | 20.2        |
| time/                   |             |
|    fps                  | 31          |
|    iterations           | 58          |
|    time_elapsed         | 944         |
|    total_timesteps      | 29696       |
| train/                  |             |
|    approx_kl            | 0.014404022 |
|    clip_fraction        | 0.0482      |
|    clip_range           | 0.2         |
|    entropy_loss         | -0.102      |
|    explained_variance   | -1.59       |
|    learning_rate        | 0.0003      |
|    loss                 | -0.0142     |
|    n_updates            | 570         |
|    policy_gradient_loss | -0.0135     |
|    value_loss           | 0.0012      |
-----------------------------------------
[Eval @30000] NEW BEST mean_reward=3.850
[Eval @30000] R=3.9±0.3 CR=0.000 Spd=20.3 LC=0.4 SR=1.000
-----------------------------------------
| rollout/                |             |
|    ep_len_mean          | 187         |
|    ep_rew_mean          | 20.7        |
| time/                   |             |
|    fps                  | 30          |
|    iterations           | 59          |
|    time_elapsed         | 975         |
|    total_timesteps      | 30208       |
| train/                  |             |
|    approx_kl            | 0.012769992 |
|    clip_fraction        | 0.049       |
|    clip_range           | 0.2         |
|    entropy_loss         | -0.138      |
|    explained_variance   | 0.172       |
|    learning_rate        | 0.0003      |
|    loss                 | 0.00791     |
|    n_updates            | 580         |
|    policy_gradient_loss | -0.00895    |
|    value_loss           | 0.0204      |
-----------------------------------------
----------------------------------------
| rollout/                |            |
|    ep_len_mean          | 187        |
|    ep_rew_mean          | 21.3       |
| time/                   |            |
|    fps                  | 31         |
|    iterations           | 60         |
|    time_elapsed         | 982        |
|    total_timesteps      | 30720      |
| train/                  |            |
|    approx_kl            | 0.02734572 |
|    clip_fraction        | 0.0785     |
|    clip_range           | 0.2        |
|    entropy_loss         | -0.145     |
|    explained_variance   | 0.00353    |
|    learning_rate        | 0.0003     |
|    loss                 | -0.0502    |
|    n_updates            | 590        |
|    policy_gradient_loss | -0.0295    |
|    value_loss           | 0.00092    |
----------------------------------------
-----------------------------------------
| rollout/                |             |
|    ep_len_mean          | 187         |
|    ep_rew_mean          | 21.9        |
| time/                   |             |
|    fps                  | 31          |
|    iterations           | 61          |
|    time_elapsed         | 988         |
|    total_timesteps      | 31232       |
| train/                  |             |
|    approx_kl            | 0.018645566 |
|    clip_fraction        | 0.106       |
|    clip_range           | 0.2         |
|    entropy_loss         | -0.183      |
|    explained_variance   | -0.0283     |
|    learning_rate        | 0.0003      |
|    loss                 | -0.0467     |
|    n_updates            | 600         |
|    policy_gradient_loss | -0.0255     |
|    value_loss           | 0.000961    |
-----------------------------------------
-----------------------------------------
| rollout/                |             |
|    ep_len_mean          | 188         |
|    ep_rew_mean          | 22.6        |
| time/                   |             |
|    fps                  | 31          |
|    iterations           | 62          |
|    time_elapsed         | 995         |
|    total_timesteps      | 31744       |
| train/                  |             |
|    approx_kl            | 0.012779604 |
|    clip_fraction        | 0.0166      |
|    clip_range           | 0.2         |
|    entropy_loss         | -0.0247     |
|    explained_variance   | -1.2        |
|    learning_rate        | 0.0003      |
|    loss                 | -0.0255     |
|    n_updates            | 610         |
|    policy_gradient_loss | -0.0152     |
|    value_loss           | 9e-05       |
-----------------------------------------
-----------------------------------------
| rollout/                |             |
|    ep_len_mean          | 188         |
|    ep_rew_mean          | 23          |
| time/                   |             |
|    fps                  | 32          |
|    iterations           | 63          |
|    time_elapsed         | 1001        |
|    total_timesteps      | 32256       |
| train/                  |             |
|    approx_kl            | 0.003980227 |
|    clip_fraction        | 0.0256      |
|    clip_range           | 0.2         |
|    entropy_loss         | -0.0607     |
|    explained_variance   | -6.61       |
|    learning_rate        | 0.0003      |
|    loss                 | -0.00766    |
|    n_updates            | 620         |
|    policy_gradient_loss | -0.00888    |
|    value_loss           | 0.00144     |
-----------------------------------------
------------------------------------------
| rollout/                |              |
|    ep_len_mean          | 188          |
|    ep_rew_mean          | 23.3         |
| time/                   |              |
|    fps                  | 32           |
|    iterations           | 64           |
|    time_elapsed         | 1008         |
|    total_timesteps      | 32768        |
| train/                  |              |
|    approx_kl            | 0.0027450921 |
|    clip_fraction        | 0.0193       |
|    clip_range           | 0.2          |
|    entropy_loss         | -0.0516      |
|    explained_variance   | -1.49        |
|    learning_rate        | 0.0003       |
|    loss                 | -0.00864     |
|    n_updates            | 630          |
|    policy_gradient_loss | -0.00764     |
|    value_loss           | 0.000345     |
------------------------------------------
-----------------------------------------
| rollout/                |             |
|    ep_len_mean          | 188         |
|    ep_rew_mean          | 22.9        |
| time/                   |             |
|    fps                  | 32          |
|    iterations           | 65          |
|    time_elapsed         | 1014        |
|    total_timesteps      | 33280       |
| train/                  |             |
|    approx_kl            | 0.019261964 |
|    clip_fraction        | 0.068       |
|    clip_range           | 0.2         |
|    entropy_loss         | -0.173      |
|    explained_variance   | -0.103      |
|    learning_rate        | 0.0003      |
|    loss                 | -0.0593     |
|    n_updates            | 640         |
|    policy_gradient_loss | -0.0311     |
|    value_loss           | 0.00131     |
-----------------------------------------
-----------------------------------------
| rollout/                |             |
|    ep_len_mean          | 186         |
|    ep_rew_mean          | 22.7        |
| time/                   |             |
|    fps                  | 33          |
|    iterations           | 66          |
|    time_elapsed         | 1021        |
|    total_timesteps      | 33792       |
| train/                  |             |
|    approx_kl            | 0.018218588 |
|    clip_fraction        | 0.12        |
|    clip_range           | 0.2         |
|    entropy_loss         | -0.28       |
|    explained_variance   | -0.133      |
|    learning_rate        | 0.0003      |
|    loss                 | -0.035      |
|    n_updates            | 650         |
|    policy_gradient_loss | -0.0401     |
|    value_loss           | 0.0021      |
-----------------------------------------
-----------------------------------------
| rollout/                |             |
|    ep_len_mean          | 188         |
|    ep_rew_mean          | 23.7        |
| time/                   |             |
|    fps                  | 33          |
|    iterations           | 67          |
|    time_elapsed         | 1027        |
|    total_timesteps      | 34304       |
| train/                  |             |
|    approx_kl            | 0.006455265 |
|    clip_fraction        | 0.0203      |
|    clip_range           | 0.2         |
|    entropy_loss         | -0.0471     |
|    explained_variance   | 0.226       |
|    learning_rate        | 0.0003      |
|    loss                 | -0.0328     |
|    n_updates            | 660         |
|    policy_gradient_loss | -0.0145     |
|    value_loss           | 0.00698     |
-----------------------------------------
-----------------------------------------
| rollout/                |             |
|    ep_len_mean          | 188         |
|    ep_rew_mean          | 24.1        |
| time/                   |             |
|    fps                  | 33          |
|    iterations           | 68          |
|    time_elapsed         | 1033        |
|    total_timesteps      | 34816       |
| train/                  |             |
|    approx_kl            | 0.002697085 |
|    clip_fraction        | 0.0172      |
|    clip_range           | 0.2         |
|    entropy_loss         | -0.0411     |
|    explained_variance   | -4.82       |
|    learning_rate        | 0.0003      |
|    loss                 | -0.0125     |
|    n_updates            | 670         |
|    policy_gradient_loss | -0.00462    |
|    value_loss           | 0.00108     |
-----------------------------------------
[Eval @35000] R=3.6±0.8 CR=0.000 Spd=20.4 LC=2.3 SR=1.000
-------------------------------------------
| rollout/                |               |
|    ep_len_mean          | 190           |
|    ep_rew_mean          | 24.6          |
| time/                   |               |
|    fps                  | 33            |
|    iterations           | 69            |
|    time_elapsed         | 1063          |
|    total_timesteps      | 35328         |
| train/                  |               |
|    approx_kl            | 0.00065262045 |
|    clip_fraction        | 0.00801       |
|    clip_range           | 0.2           |
|    entropy_loss         | -0.0302       |
|    explained_variance   | -2.1          |
|    learning_rate        | 0.0003        |
|    loss                 | 0.00367       |
|    n_updates            | 680           |
|    policy_gradient_loss | -0.00401      |
|    value_loss           | 0.000233      |
-------------------------------------------
------------------------------------------
| rollout/                |              |
|    ep_len_mean          | 191          |
|    ep_rew_mean          | 25.2         |
| time/                   |              |
|    fps                  | 33           |
|    iterations           | 70           |
|    time_elapsed         | 1069         |
|    total_timesteps      | 35840        |
| train/                  |              |
|    approx_kl            | 0.0015109631 |
|    clip_fraction        | 0.00977      |
|    clip_range           | 0.2          |
|    entropy_loss         | -0.0269      |
|    explained_variance   | -6.17        |
|    learning_rate        | 0.0003       |
|    loss                 | -3.52e-05    |
|    n_updates            | 690          |
|    policy_gradient_loss | -0.00879     |
|    value_loss           | 0.000179     |
------------------------------------------
------------------------------------------
| rollout/                |              |
|    ep_len_mean          | 191          |
|    ep_rew_mean          | 25.4         |
| time/                   |              |
|    fps                  | 33           |
|    iterations           | 71           |
|    time_elapsed         | 1075         |
|    total_timesteps      | 36352        |
| train/                  |              |
|    approx_kl            | 0.0018255205 |
|    clip_fraction        | 0.00898      |
|    clip_range           | 0.2          |
|    entropy_loss         | -0.0231      |
|    explained_variance   | -3.49        |
|    learning_rate        | 0.0003       |
|    loss                 | 5.22e-05     |
|    n_updates            | 700          |
|    policy_gradient_loss | -0.00371     |
|    value_loss           | 0.000168     |
------------------------------------------
------------------------------------------
| rollout/                |              |
|    ep_len_mean          | 191          |
|    ep_rew_mean          | 25.4         |
| time/                   |              |
|    fps                  | 34           |
|    iterations           | 72           |
|    time_elapsed         | 1081         |
|    total_timesteps      | 36864        |
| train/                  |              |
|    approx_kl            | 0.0051366305 |
|    clip_fraction        | 0.0359       |
|    clip_range           | 0.2          |
|    entropy_loss         | -0.0998      |
|    explained_variance   | -5.71        |
|    learning_rate        | 0.0003       |
|    loss                 | -0.0148      |
|    n_updates            | 710          |
|    policy_gradient_loss | -0.00877     |
|    value_loss           | 0.00372      |
------------------------------------------
-------------------------------------------
| rollout/                |               |
|    ep_len_mean          | 191           |
|    ep_rew_mean          | 25.6          |
| time/                   |               |
|    fps                  | 34            |
|    iterations           | 73            |
|    time_elapsed         | 1088          |
|    total_timesteps      | 37376         |
| train/                  |               |
|    approx_kl            | 0.00033658103 |
|    clip_fraction        | 0.00215       |
|    clip_range           | 0.2           |
|    entropy_loss         | -0.0194       |
|    explained_variance   | -3.92         |
|    learning_rate        | 0.0003        |
|    loss                 | -0.000596     |
|    n_updates            | 720           |
|    policy_gradient_loss | -0.0008       |
|    value_loss           | 0.000284      |
-------------------------------------------
------------------------------------------
| rollout/                |              |
|    ep_len_mean          | 191          |
|    ep_rew_mean          | 25.6         |
| time/                   |              |
|    fps                  | 34           |
|    iterations           | 74           |
|    time_elapsed         | 1094         |
|    total_timesteps      | 37888        |
| train/                  |              |
|    approx_kl            | 0.0008369015 |
|    clip_fraction        | 0.00801      |
|    clip_range           | 0.2          |
|    entropy_loss         | -0.0215      |
|    explained_variance   | -7.12        |
|    learning_rate        | 0.0003       |
|    loss                 | -0.000164    |
|    n_updates            | 730          |
|    policy_gradient_loss | -0.00321     |
|    value_loss           | 0.000115     |
------------------------------------------
-----------------------------------------
| rollout/                |             |
|    ep_len_mean          | 191         |
|    ep_rew_mean          | 25.4        |
| time/                   |             |
|    fps                  | 34          |
|    iterations           | 75          |
|    time_elapsed         | 1100        |
|    total_timesteps      | 38400       |
| train/                  |             |
|    approx_kl            | 0.026816458 |
|    clip_fraction        | 0.0383      |
|    clip_range           | 0.2         |
|    entropy_loss         | -0.0986     |
|    explained_variance   | -0.624      |
|    learning_rate        | 0.0003      |
|    loss                 | -0.0433     |
|    n_updates            | 740         |
|    policy_gradient_loss | -0.0161     |
|    value_loss           | 0.00113     |
-----------------------------------------
-----------------------------------------
| rollout/                |             |
|    ep_len_mean          | 191         |
|    ep_rew_mean          | 25.6        |
| time/                   |             |
|    fps                  | 35          |
|    iterations           | 76          |
|    time_elapsed         | 1106        |
|    total_timesteps      | 38912       |
| train/                  |             |
|    approx_kl            | 0.021252928 |
|    clip_fraction        | 0.0697      |
|    clip_range           | 0.2         |
|    entropy_loss         | -0.14       |
|    explained_variance   | 0.0733      |
|    learning_rate        | 0.0003      |
|    loss                 | -0.0326     |
|    n_updates            | 750         |
|    policy_gradient_loss | -0.0217     |
|    value_loss           | 0.000929    |
-----------------------------------------
-----------------------------------------
| rollout/                |             |
|    ep_len_mean          | 191         |
|    ep_rew_mean          | 25.6        |
| time/                   |             |
|    fps                  | 35          |
|    iterations           | 77          |
|    time_elapsed         | 1112        |
|    total_timesteps      | 39424       |
| train/                  |             |
|    approx_kl            | 0.032147486 |
|    clip_fraction        | 0.0561      |
|    clip_range           | 0.2         |
|    entropy_loss         | -0.0846     |
|    explained_variance   | -0.524      |
|    learning_rate        | 0.0003      |
|    loss                 | -0.0491     |
|    n_updates            | 760         |
|    policy_gradient_loss | -0.0275     |
|    value_loss           | 0.000598    |
-----------------------------------------
-----------------------------------------
| rollout/                |             |
|    ep_len_mean          | 193         |
|    ep_rew_mean          | 26.2        |
| time/                   |             |
|    fps                  | 35          |
|    iterations           | 78          |
|    time_elapsed         | 1118        |
|    total_timesteps      | 39936       |
| train/                  |             |
|    approx_kl            | 0.024903115 |
|    clip_fraction        | 0.0449      |
|    clip_range           | 0.2         |
|    entropy_loss         | -0.0451     |
|    explained_variance   | -0.487      |
|    learning_rate        | 0.0003      |
|    loss                 | -0.00778    |
|    n_updates            | 770         |
|    policy_gradient_loss | -0.0139     |
|    value_loss           | 0.000374    |
-----------------------------------------
[Eval @40000] R=3.2±1.4 CR=0.000 Spd=20.7 LC=5.1 SR=1.000
-----------------------------------------
| rollout/                |             |
|    ep_len_mean          | 195         |
|    ep_rew_mean          | 26.7        |
| time/                   |             |
|    fps                  | 35          |
|    iterations           | 79          |
|    time_elapsed         | 1147        |
|    total_timesteps      | 40448       |
| train/                  |             |
|    approx_kl            | 0.025419533 |
|    clip_fraction        | 0.0393      |
|    clip_range           | 0.2         |
|    entropy_loss         | -0.0497     |
|    explained_variance   | -2.93       |
|    learning_rate        | 0.0003      |
|    loss                 | -0.00526    |
|    n_updates            | 780         |
|    policy_gradient_loss | -0.0118     |
|    value_loss           | 0.000678    |
-----------------------------------------
------------------------------------------
| rollout/                |              |
|    ep_len_mean          | 197          |
|    ep_rew_mean          | 27.1         |
| time/                   |              |
|    fps                  | 35           |
|    iterations           | 80           |
|    time_elapsed         | 1153         |
|    total_timesteps      | 40960        |
| train/                  |              |
|    approx_kl            | 0.0076565007 |
|    clip_fraction        | 0.0387       |
|    clip_range           | 0.2          |
|    entropy_loss         | -0.0649      |
|    explained_variance   | -0.219       |
|    learning_rate        | 0.0003       |
|    loss                 | -0.0362      |
|    n_updates            | 790          |
|    policy_gradient_loss | -0.012       |
|    value_loss           | 0.00027      |
------------------------------------------
------------------------------------------
| rollout/                |              |
|    ep_len_mean          | 197          |
|    ep_rew_mean          | 27           |
| time/                   |              |
|    fps                  | 35           |
|    iterations           | 81           |
|    time_elapsed         | 1159         |
|    total_timesteps      | 41472        |
| train/                  |              |
|    approx_kl            | 0.0060813474 |
|    clip_fraction        | 0.0357       |
|    clip_range           | 0.2          |
|    entropy_loss         | -0.0544      |
|    explained_variance   | 0.0579       |
|    learning_rate        | 0.0003       |
|    loss                 | -0.0341      |
|    n_updates            | 800          |
|    policy_gradient_loss | -0.0154      |
|    value_loss           | 0.000309     |
------------------------------------------
-----------------------------------------
| rollout/                |             |
|    ep_len_mean          | 197         |
|    ep_rew_mean          | 26.8        |
| time/                   |             |
|    fps                  | 36          |
|    iterations           | 82          |
|    time_elapsed         | 1165        |
|    total_timesteps      | 41984       |
| train/                  |             |
|    approx_kl            | 0.005866841 |
|    clip_fraction        | 0.0471      |
|    clip_range           | 0.2         |
|    entropy_loss         | -0.0982     |
|    explained_variance   | 0.203       |
|    learning_rate        | 0.0003      |
|    loss                 | -0.0311     |
|    n_updates            | 810         |
|    policy_gradient_loss | -0.0151     |
|    value_loss           | 0.000282    |
-----------------------------------------
-----------------------------------------
| rollout/                |             |
|    ep_len_mean          | 197         |
|    ep_rew_mean          | 27          |
| time/                   |             |
|    fps                  | 36          |
|    iterations           | 83          |
|    time_elapsed         | 1171        |
|    total_timesteps      | 42496       |
| train/                  |             |
|    approx_kl            | 0.035229556 |
|    clip_fraction        | 0.148       |
|    clip_range           | 0.2         |
|    entropy_loss         | -0.264      |
|    explained_variance   | 0.406       |
|    learning_rate        | 0.0003      |
|    loss                 | -0.0784     |
|    n_updates            | 820         |
|    policy_gradient_loss | -0.0495     |
|    value_loss           | 0.00155     |
-----------------------------------------
------------------------------------------
| rollout/                |              |
|    ep_len_mean          | 197          |
|    ep_rew_mean          | 27.1         |
| time/                   |              |
|    fps                  | 36           |
|    iterations           | 84           |
|    time_elapsed         | 1177         |
|    total_timesteps      | 43008        |
| train/                  |              |
|    approx_kl            | 0.0018199327 |
|    clip_fraction        | 0.0158       |
|    clip_range           | 0.2          |
|    entropy_loss         | -0.0313      |
|    explained_variance   | -8.69        |
|    learning_rate        | 0.0003       |
|    loss                 | -0.00436     |
|    n_updates            | 830          |
|    policy_gradient_loss | -0.00635     |
|    value_loss           | 0.000408     |
------------------------------------------
----------------------------------------
| rollout/                |            |
|    ep_len_mean          | 197        |
|    ep_rew_mean          | 26.8       |
| time/                   |            |
|    fps                  | 36         |
|    iterations           | 85         |
|    time_elapsed         | 1183       |
|    total_timesteps      | 43520      |
| train/                  |            |
|    approx_kl            | 0.01595722 |
|    clip_fraction        | 0.082      |
|    clip_range           | 0.2        |
|    entropy_loss         | -0.139     |
|    explained_variance   | 0.49       |
|    learning_rate        | 0.0003     |
|    loss                 | -0.0579    |
|    n_updates            | 840        |
|    policy_gradient_loss | -0.0322    |
|    value_loss           | 0.000527   |
----------------------------------------
------------------------------------------
| rollout/                |              |
|    ep_len_mean          | 197          |
|    ep_rew_mean          | 26.8         |
| time/                   |              |
|    fps                  | 37           |
|    iterations           | 86           |
|    time_elapsed         | 1189         |
|    total_timesteps      | 44032        |
| train/                  |              |
|    approx_kl            | 0.0070862537 |
|    clip_fraction        | 0.0346       |
|    clip_range           | 0.2          |
|    entropy_loss         | -0.078       |
|    explained_variance   | -0.377       |
|    learning_rate        | 0.0003       |
|    loss                 | -0.0468      |
|    n_updates            | 850          |
|    policy_gradient_loss | -0.0163      |
|    value_loss           | 0.000547     |
------------------------------------------
-------------------------------------------
| rollout/                |               |
|    ep_len_mean          | 197           |
|    ep_rew_mean          | 26.9          |
| time/                   |               |
|    fps                  | 37            |
|    iterations           | 87            |
|    time_elapsed         | 1195          |
|    total_timesteps      | 44544         |
| train/                  |               |
|    approx_kl            | 0.00041892682 |
|    clip_fraction        | 0.00449       |
|    clip_range           | 0.2           |
|    entropy_loss         | -0.0106       |
|    explained_variance   | -19.4         |
|    learning_rate        | 0.0003        |
|    loss                 | -4.42e-05     |
|    n_updates            | 860           |
|    policy_gradient_loss | -0.00228      |
|    value_loss           | 7.83e-05      |
-------------------------------------------
[Eval @45000] NEW BEST mean_reward=4.300
[Eval @45000] R=4.3±0.2 CR=0.000 Spd=20.2 LC=0.4 SR=1.000
------------------------------------------
| rollout/                |              |
|    ep_len_mean          | 197          |
|    ep_rew_mean          | 27.3         |
| time/                   |              |
|    fps                  | 36           |
|    iterations           | 88           |
|    time_elapsed         | 1223         |
|    total_timesteps      | 45056        |
| train/                  |              |
|    approx_kl            | 0.0016576557 |
|    clip_fraction        | 0.00898      |
|    clip_range           | 0.2          |
|    entropy_loss         | -0.0151      |
|    explained_variance   | -8.31        |
|    learning_rate        | 0.0003       |
|    loss                 | -0.00726     |
|    n_updates            | 870          |
|    policy_gradient_loss | -0.00491     |
|    value_loss           | 0.000166     |
------------------------------------------
------------------------------------------
| rollout/                |              |
|    ep_len_mean          | 197          |
|    ep_rew_mean          | 27.4         |
| time/                   |              |
|    fps                  | 37           |
|    iterations           | 89           |
|    time_elapsed         | 1229         |
|    total_timesteps      | 45568        |
| train/                  |              |
|    approx_kl            | 0.0004716951 |
|    clip_fraction        | 0.00449      |
|    clip_range           | 0.2          |
|    entropy_loss         | -0.00708     |
|    explained_variance   | -15.1        |
|    learning_rate        | 0.0003       |
|    loss                 | -5.55e-06    |
|    n_updates            | 880          |
|    policy_gradient_loss | -0.000115    |
|    value_loss           | 9.53e-05     |
------------------------------------------
------------------------------------------
| rollout/                |              |
|    ep_len_mean          | 197          |
|    ep_rew_mean          | 27.5         |
| time/                   |              |
|    fps                  | 37           |
|    iterations           | 90           |
|    time_elapsed         | 1235         |
|    total_timesteps      | 46080        |
| train/                  |              |
|    approx_kl            | 0.0037940228 |
|    clip_fraction        | 0.00742      |
|    clip_range           | 0.2          |
|    entropy_loss         | -0.0162      |
|    explained_variance   | -8.79        |
|    learning_rate        | 0.0003       |
|    loss                 | 0.00892      |
|    n_updates            | 890          |
|    policy_gradient_loss | -0.00276     |
|    value_loss           | 4.55e-05     |
------------------------------------------
-----------------------------------------
| rollout/                |             |
|    ep_len_mean          | 196         |
|    ep_rew_mean          | 27.3        |
| time/                   |             |
|    fps                  | 37          |
|    iterations           | 91          |
|    time_elapsed         | 1241        |
|    total_timesteps      | 46592       |
| train/                  |             |
|    approx_kl            | 0.012994617 |
|    clip_fraction        | 0.0199      |
|    clip_range           | 0.2         |
|    entropy_loss         | -0.0413     |
|    explained_variance   | -1.5        |
|    learning_rate        | 0.0003      |
|    loss                 | -0.00216    |
|    n_updates            | 900         |
|    policy_gradient_loss | -0.00941    |
|    value_loss           | 0.000362    |
-----------------------------------------
-----------------------------------------
| rollout/                |             |
|    ep_len_mean          | 194         |
|    ep_rew_mean          | 26.5        |
| time/                   |             |
|    fps                  | 37          |
|    iterations           | 92          |
|    time_elapsed         | 1247        |
|    total_timesteps      | 47104       |
| train/                  |             |
|    approx_kl            | 0.015405532 |
|    clip_fraction        | 0.0783      |
|    clip_range           | 0.2         |
|    entropy_loss         | -0.14       |
|    explained_variance   | 0.32        |
|    learning_rate        | 0.0003      |
|    loss                 | -0.0502     |
|    n_updates            | 910         |
|    policy_gradient_loss | -0.0309     |
|    value_loss           | 0.00789     |
-----------------------------------------
-----------------------------------------
| rollout/                |             |
|    ep_len_mean          | 193         |
|    ep_rew_mean          | 26.5        |
| time/                   |             |
|    fps                  | 37          |
|    iterations           | 93          |
|    time_elapsed         | 1253        |
|    total_timesteps      | 47616       |
| train/                  |             |
|    approx_kl            | 0.020231096 |
|    clip_fraction        | 0.0859      |
|    clip_range           | 0.2         |
|    entropy_loss         | -0.172      |
|    explained_variance   | -0.338      |
|    learning_rate        | 0.0003      |
|    loss                 | -0.0453     |
|    n_updates            | 920         |
|    policy_gradient_loss | -0.0218     |
|    value_loss           | 0.0137      |
-----------------------------------------
-----------------------------------------
| rollout/                |             |
|    ep_len_mean          | 193         |
|    ep_rew_mean          | 26.6        |
| time/                   |             |
|    fps                  | 38          |
|    iterations           | 94          |
|    time_elapsed         | 1259        |
|    total_timesteps      | 48128       |
| train/                  |             |
|    approx_kl            | 0.012462011 |
|    clip_fraction        | 0.0646      |
|    clip_range           | 0.2         |
|    entropy_loss         | -0.115      |
|    explained_variance   | 0.455       |
|    learning_rate        | 0.0003      |
|    loss                 | -0.0481     |
|    n_updates            | 930         |
|    policy_gradient_loss | -0.0313     |
|    value_loss           | 0.00485     |
-----------------------------------------
-----------------------------------------
| rollout/                |             |
|    ep_len_mean          | 193         |
|    ep_rew_mean          | 26.7        |
| time/                   |             |
|    fps                  | 38          |
|    iterations           | 95          |
|    time_elapsed         | 1265        |
|    total_timesteps      | 48640       |
| train/                  |             |
|    approx_kl            | 0.005727469 |
|    clip_fraction        | 0.0182      |
|    clip_range           | 0.2         |
|    entropy_loss         | -0.0411     |
|    explained_variance   | -2.87       |
|    learning_rate        | 0.0003      |
|    loss                 | -0.0245     |
|    n_updates            | 940         |
|    policy_gradient_loss | -0.0072     |
|    value_loss           | 0.000871    |
-----------------------------------------
-----------------------------------------
| rollout/                |             |
|    ep_len_mean          | 193         |
|    ep_rew_mean          | 26.8        |
| time/                   |             |
|    fps                  | 38          |
|    iterations           | 96          |
|    time_elapsed         | 1271        |
|    total_timesteps      | 49152       |
| train/                  |             |
|    approx_kl            | 0.008206981 |
|    clip_fraction        | 0.0195      |
|    clip_range           | 0.2         |
|    entropy_loss         | -0.0447     |
|    explained_variance   | -0.00119    |
|    learning_rate        | 0.0003      |
|    loss                 | -0.0223     |
|    n_updates            | 950         |
|    policy_gradient_loss | -0.00987    |
|    value_loss           | 0.00829     |
-----------------------------------------
-----------------------------------------
| rollout/                |             |
|    ep_len_mean          | 192         |
|    ep_rew_mean          | 26.4        |
| time/                   |             |
|    fps                  | 38          |
|    iterations           | 97          |
|    time_elapsed         | 1277        |
|    total_timesteps      | 49664       |
| train/                  |             |
|    approx_kl            | 0.008719991 |
|    clip_fraction        | 0.0182      |
|    clip_range           | 0.2         |
|    entropy_loss         | -0.0393     |
|    explained_variance   | -10.4       |
|    learning_rate        | 0.0003      |
|    loss                 | -0.0138     |
|    n_updates            | 960         |
|    policy_gradient_loss | -0.00701    |
|    value_loss           | 0.00151     |
-----------------------------------------
[Eval @50000] R=4.2±0.7 CR=0.000 Spd=20.4 LC=0.1 SR=1.000
------------------------------------------
| rollout/                |              |
|    ep_len_mean          | 192          |
|    ep_rew_mean          | 26.6         |
| time/                   |              |
|    fps                  | 38           |
|    iterations           | 98           |
|    time_elapsed         | 1306         |
|    total_timesteps      | 50176        |
| train/                  |              |
|    approx_kl            | 0.0035768878 |
|    clip_fraction        | 0.032        |
|    clip_range           | 0.2          |
|    entropy_loss         | -0.0739      |
|    explained_variance   | -0.0711      |
|    learning_rate        | 0.0003       |
|    loss                 | 0.0216       |
|    n_updates            | 970          |
|    policy_gradient_loss | -0.01        |
|    value_loss           | 0.0124       |
------------------------------------------
[PPO] Done. Model: ./logs/ppo/conservative/seed_42/final_model.zip
