[WARNING] GrayscaleImage not available, falling back to OccupancyGrid.
[PPO] reward=comfort seed=123 steps=50000 policy=MlpPolicy
[PPO] run_dir=./logs/ppo/comfort/seed_123
[WARNING] GrayscaleImage not available, falling back to OccupancyGrid.
[WARNING] GrayscaleImage not available, falling back to OccupancyGrid.
Using cpu device
Logging to ./logs/ppo/comfort/seed_123/ppo_comfort_seed123_1
---------------------------------
| rollout/           |          |
|    ep_len_mean     | 44.9     |
|    ep_rew_mean     | 3.93     |
| time/              |          |
|    fps             | 25       |
|    iterations      | 1        |
|    time_elapsed    | 20       |
|    total_timesteps | 512      |
---------------------------------
------------------------------------------
| rollout/                |              |
|    ep_len_mean          | 41.1         |
|    ep_rew_mean          | 2.83         |
| time/                   |              |
|    fps                  | 36           |
|    iterations           | 2            |
|    time_elapsed         | 27           |
|    total_timesteps      | 1024         |
| train/                  |              |
|    approx_kl            | 0.0032525049 |
|    clip_fraction        | 0.00508      |
|    clip_range           | 0.2          |
|    entropy_loss         | -1.61        |
|    explained_variance   | -0.408       |
|    learning_rate        | 0.0003       |
|    loss                 | -0.0429      |
|    n_updates            | 10           |
|    policy_gradient_loss | -0.0172      |
|    value_loss           | 0.6          |
------------------------------------------
-----------------------------------------
| rollout/                |             |
|    ep_len_mean          | 42.3        |
|    ep_rew_mean          | 3.07        |
| time/                   |             |
|    fps                  | 41          |
|    iterations           | 3           |
|    time_elapsed         | 37          |
|    total_timesteps      | 1536        |
| train/                  |             |
|    approx_kl            | 0.007072435 |
|    clip_fraction        | 0.0387      |
|    clip_range           | 0.2         |
|    entropy_loss         | -1.6        |
|    explained_variance   | 0.138       |
|    learning_rate        | 0.0003      |
|    loss                 | -0.0642     |
|    n_updates            | 20          |
|    policy_gradient_loss | -0.034      |
|    value_loss           | 0.105       |
-----------------------------------------
-----------------------------------------
| rollout/                |             |
|    ep_len_mean          | 46.8        |
|    ep_rew_mean          | 4.4         |
| time/                   |             |
|    fps                  | 46          |
|    iterations           | 4           |
|    time_elapsed         | 44          |
|    total_timesteps      | 2048        |
| train/                  |             |
|    approx_kl            | 0.008726972 |
|    clip_fraction        | 0.0543      |
|    clip_range           | 0.2         |
|    entropy_loss         | -1.59       |
|    explained_variance   | 0.0841      |
|    learning_rate        | 0.0003      |
|    loss                 | -0.0536     |
|    n_updates            | 30          |
|    policy_gradient_loss | -0.0392     |
|    value_loss           | 0.0957      |
-----------------------------------------
-----------------------------------------
| rollout/                |             |
|    ep_len_mean          | 52.7        |
|    ep_rew_mean          | 6.33        |
| time/                   |             |
|    fps                  | 47          |
|    iterations           | 5           |
|    time_elapsed         | 53          |
|    total_timesteps      | 2560        |
| train/                  |             |
|    approx_kl            | 0.011518814 |
|    clip_fraction        | 0.0865      |
|    clip_range           | 0.2         |
|    entropy_loss         | -1.58       |
|    explained_variance   | -0.0365     |
|    learning_rate        | 0.0003      |
|    loss                 | -0.0628     |
|    n_updates            | 40          |
|    policy_gradient_loss | -0.0463     |
|    value_loss           | 0.0704      |
-----------------------------------------
-----------------------------------------
| rollout/                |             |
|    ep_len_mean          | 55.8        |
|    ep_rew_mean          | 7.17        |
| time/                   |             |
|    fps                  | 41          |
|    iterations           | 6           |
|    time_elapsed         | 74          |
|    total_timesteps      | 3072        |
| train/                  |             |
|    approx_kl            | 0.013555237 |
|    clip_fraction        | 0.111       |
|    clip_range           | 0.2         |
|    entropy_loss         | -1.57       |
|    explained_variance   | -1.49       |
|    learning_rate        | 0.0003      |
|    loss                 | -0.116      |
|    n_updates            | 50          |
|    policy_gradient_loss | -0.0532     |
|    value_loss           | 0.0477      |
-----------------------------------------
-----------------------------------------
| rollout/                |             |
|    ep_len_mean          | 57.8        |
|    ep_rew_mean          | 7.74        |
| time/                   |             |
|    fps                  | 37          |
|    iterations           | 7           |
|    time_elapsed         | 94          |
|    total_timesteps      | 3584        |
| train/                  |             |
|    approx_kl            | 0.012027726 |
|    clip_fraction        | 0.0979      |
|    clip_range           | 0.2         |
|    entropy_loss         | -1.56       |
|    explained_variance   | 0.169       |
|    learning_rate        | 0.0003      |
|    loss                 | -0.0854     |
|    n_updates            | 60          |
|    policy_gradient_loss | -0.0468     |
|    value_loss           | 0.0302      |
-----------------------------------------
-----------------------------------------
| rollout/                |             |
|    ep_len_mean          | 60.1        |
|    ep_rew_mean          | 8.49        |
| time/                   |             |
|    fps                  | 35          |
|    iterations           | 8           |
|    time_elapsed         | 115         |
|    total_timesteps      | 4096        |
| train/                  |             |
|    approx_kl            | 0.013123148 |
|    clip_fraction        | 0.106       |
|    clip_range           | 0.2         |
|    entropy_loss         | -1.54       |
|    explained_variance   | 0.347       |
|    learning_rate        | 0.0003      |
|    loss                 | -0.0906     |
|    n_updates            | 70          |
|    policy_gradient_loss | -0.0474     |
|    value_loss           | 0.0306      |
-----------------------------------------
-----------------------------------------
| rollout/                |             |
|    ep_len_mean          | 64.6        |
|    ep_rew_mean          | 10.1        |
| time/                   |             |
|    fps                  | 33          |
|    iterations           | 9           |
|    time_elapsed         | 135         |
|    total_timesteps      | 4608        |
| train/                  |             |
|    approx_kl            | 0.016210351 |
|    clip_fraction        | 0.157       |
|    clip_range           | 0.2         |
|    entropy_loss         | -1.51       |
|    explained_variance   | -0.258      |
|    learning_rate        | 0.0003      |
|    loss                 | -0.0771     |
|    n_updates            | 80          |
|    policy_gradient_loss | -0.0554     |
|    value_loss           | 0.0291      |
-----------------------------------------
[Eval @5000] NEW BEST mean_reward=8.220
[Eval @5000] R=8.2±7.8 CR=0.400 Spd=20.8 LC=17.3 SR=0.600
-----------------------------------------
| rollout/                |             |
|    ep_len_mean          | 65.3        |
|    ep_rew_mean          | 10.4        |
| time/                   |             |
|    fps                  | 23          |
|    iterations           | 10          |
|    time_elapsed         | 218         |
|    total_timesteps      | 5120        |
| train/                  |             |
|    approx_kl            | 0.016977262 |
|    clip_fraction        | 0.156       |
|    clip_range           | 0.2         |
|    entropy_loss         | -1.5        |
|    explained_variance   | -0.46       |
|    learning_rate        | 0.0003      |
|    loss                 | -0.0985     |
|    n_updates            | 90          |
|    policy_gradient_loss | -0.0582     |
|    value_loss           | 0.0187      |
-----------------------------------------
-----------------------------------------
| rollout/                |             |
|    ep_len_mean          | 68.5        |
|    ep_rew_mean          | 11.4        |
| time/                   |             |
|    fps                  | 25          |
|    iterations           | 11          |
|    time_elapsed         | 225         |
|    total_timesteps      | 5632        |
| train/                  |             |
|    approx_kl            | 0.015029777 |
|    clip_fraction        | 0.129       |
|    clip_range           | 0.2         |
|    entropy_loss         | -1.46       |
|    explained_variance   | 0.141       |
|    learning_rate        | 0.0003      |
|    loss                 | -0.103      |
|    n_updates            | 100         |
|    policy_gradient_loss | -0.0538     |
|    value_loss           | 0.0224      |
-----------------------------------------
-----------------------------------------
| rollout/                |             |
|    ep_len_mean          | 70.4        |
|    ep_rew_mean          | 12.2        |
| time/                   |             |
|    fps                  | 26          |
|    iterations           | 12          |
|    time_elapsed         | 231         |
|    total_timesteps      | 6144        |
| train/                  |             |
|    approx_kl            | 0.017277896 |
|    clip_fraction        | 0.158       |
|    clip_range           | 0.2         |
|    entropy_loss         | -1.43       |
|    explained_variance   | -0.0785     |
|    learning_rate        | 0.0003      |
|    loss                 | -0.102      |
|    n_updates            | 110         |
|    policy_gradient_loss | -0.0558     |
|    value_loss           | 0.0153      |
-----------------------------------------
----------------------------------------
| rollout/                |            |
|    ep_len_mean          | 72.8       |
|    ep_rew_mean          | 13         |
| time/                   |            |
|    fps                  | 26         |
|    iterations           | 13         |
|    time_elapsed         | 248        |
|    total_timesteps      | 6656       |
| train/                  |            |
|    approx_kl            | 0.01391918 |
|    clip_fraction        | 0.114      |
|    clip_range           | 0.2        |
|    entropy_loss         | -1.41      |
|    explained_variance   | -0.369     |
|    learning_rate        | 0.0003     |
|    loss                 | -0.0679    |
|    n_updates            | 120        |
|    policy_gradient_loss | -0.0487    |
|    value_loss           | 0.0279     |
----------------------------------------
-----------------------------------------
| rollout/                |             |
|    ep_len_mean          | 75.3        |
|    ep_rew_mean          | 14          |
| time/                   |             |
|    fps                  | 26          |
|    iterations           | 14          |
|    time_elapsed         | 267         |
|    total_timesteps      | 7168        |
| train/                  |             |
|    approx_kl            | 0.014345351 |
|    clip_fraction        | 0.115       |
|    clip_range           | 0.2         |
|    entropy_loss         | -1.33       |
|    explained_variance   | -0.315      |
|    learning_rate        | 0.0003      |
|    loss                 | -0.0799     |
|    n_updates            | 130         |
|    policy_gradient_loss | -0.0437     |
|    value_loss           | 0.0135      |
-----------------------------------------
----------------------------------------
| rollout/                |            |
|    ep_len_mean          | 76.5       |
|    ep_rew_mean          | 14.5       |
| time/                   |            |
|    fps                  | 26         |
|    iterations           | 15         |
|    time_elapsed         | 287        |
|    total_timesteps      | 7680       |
| train/                  |            |
|    approx_kl            | 0.01828264 |
|    clip_fraction        | 0.167      |
|    clip_range           | 0.2        |
|    entropy_loss         | -1.35      |
|    explained_variance   | 0.373      |
|    learning_rate        | 0.0003     |
|    loss                 | -0.0684    |
|    n_updates            | 140        |
|    policy_gradient_loss | -0.0499    |
|    value_loss           | 0.0128     |
----------------------------------------
-----------------------------------------
| rollout/                |             |
|    ep_len_mean          | 80.4        |
|    ep_rew_mean          | 15.9        |
| time/                   |             |
|    fps                  | 26          |
|    iterations           | 16          |
|    time_elapsed         | 307         |
|    total_timesteps      | 8192        |
| train/                  |             |
|    approx_kl            | 0.017010948 |
|    clip_fraction        | 0.148       |
|    clip_range           | 0.2         |
|    entropy_loss         | -1.3        |
|    explained_variance   | -0.173      |
|    learning_rate        | 0.0003      |
|    loss                 | -0.0891     |
|    n_updates            | 150         |
|    policy_gradient_loss | -0.0549     |
|    value_loss           | 0.0134      |
-----------------------------------------
-----------------------------------------
| rollout/                |             |
|    ep_len_mean          | 83.9        |
|    ep_rew_mean          | 17.3        |
| time/                   |             |
|    fps                  | 26          |
|    iterations           | 17          |
|    time_elapsed         | 328         |
|    total_timesteps      | 8704        |
| train/                  |             |
|    approx_kl            | 0.017114269 |
|    clip_fraction        | 0.134       |
|    clip_range           | 0.2         |
|    entropy_loss         | -1.3        |
|    explained_variance   | 0.297       |
|    learning_rate        | 0.0003      |
|    loss                 | -0.0976     |
|    n_updates            | 160         |
|    policy_gradient_loss | -0.0518     |
|    value_loss           | 0.0127      |
-----------------------------------------
-----------------------------------------
| rollout/                |             |
|    ep_len_mean          | 86.1        |
|    ep_rew_mean          | 18.1        |
| time/                   |             |
|    fps                  | 26          |
|    iterations           | 18          |
|    time_elapsed         | 348         |
|    total_timesteps      | 9216        |
| train/                  |             |
|    approx_kl            | 0.019604005 |
|    clip_fraction        | 0.218       |
|    clip_range           | 0.2         |
|    entropy_loss         | -1.25       |
|    explained_variance   | -0.852      |
|    learning_rate        | 0.0003      |
|    loss                 | -0.0887     |
|    n_updates            | 170         |
|    policy_gradient_loss | -0.0593     |
|    value_loss           | 0.0149      |
-----------------------------------------
-----------------------------------------
| rollout/                |             |
|    ep_len_mean          | 89.6        |
|    ep_rew_mean          | 19.6        |
| time/                   |             |
|    fps                  | 26          |
|    iterations           | 19          |
|    time_elapsed         | 368         |
|    total_timesteps      | 9728        |
| train/                  |             |
|    approx_kl            | 0.016427403 |
|    clip_fraction        | 0.152       |
|    clip_range           | 0.2         |
|    entropy_loss         | -1.25       |
|    explained_variance   | 0.294       |
|    learning_rate        | 0.0003      |
|    loss                 | -0.0911     |
|    n_updates            | 180         |
|    policy_gradient_loss | -0.0547     |
|    value_loss           | 0.0111      |
-----------------------------------------
[Eval @10000] NEW BEST mean_reward=8.750
[Eval @10000] R=8.8±0.7 CR=0.000 Spd=20.3 LC=6.5 SR=1.000
-----------------------------------------
| rollout/                |             |
|    ep_len_mean          | 94.2        |
|    ep_rew_mean          | 21.6        |
| time/                   |             |
|    fps                  | 21          |
|    iterations           | 20          |
|    time_elapsed         | 467         |
|    total_timesteps      | 10240       |
| train/                  |             |
|    approx_kl            | 0.019068908 |
|    clip_fraction        | 0.132       |
|    clip_range           | 0.2         |
|    entropy_loss         | -1.19       |
|    explained_variance   | 0.0499      |
|    learning_rate        | 0.0003      |
|    loss                 | -0.0759     |
|    n_updates            | 190         |
|    policy_gradient_loss | -0.0487     |
|    value_loss           | 0.00945     |
-----------------------------------------
-----------------------------------------
| rollout/                |             |
|    ep_len_mean          | 97.6        |
|    ep_rew_mean          | 23          |
| time/                   |             |
|    fps                  | 22          |
|    iterations           | 21          |
|    time_elapsed         | 487         |
|    total_timesteps      | 10752       |
| train/                  |             |
|    approx_kl            | 0.017879039 |
|    clip_fraction        | 0.175       |
|    clip_range           | 0.2         |
|    entropy_loss         | -1.16       |
|    explained_variance   | -9.91       |
|    learning_rate        | 0.0003      |
|    loss                 | -0.0765     |
|    n_updates            | 200         |
|    policy_gradient_loss | -0.0556     |
|    value_loss           | 0.00639     |
-----------------------------------------
-----------------------------------------
| rollout/                |             |
|    ep_len_mean          | 102         |
|    ep_rew_mean          | 25          |
| time/                   |             |
|    fps                  | 22          |
|    iterations           | 22          |
|    time_elapsed         | 508         |
|    total_timesteps      | 11264       |
| train/                  |             |
|    approx_kl            | 0.021369511 |
|    clip_fraction        | 0.18        |
|    clip_range           | 0.2         |
|    entropy_loss         | -1.13       |
|    explained_variance   | -11.1       |
|    learning_rate        | 0.0003      |
|    loss                 | -0.0665     |
|    n_updates            | 210         |
|    policy_gradient_loss | -0.054      |
|    value_loss           | 0.00426     |
-----------------------------------------
-----------------------------------------
| rollout/                |             |
|    ep_len_mean          | 105         |
|    ep_rew_mean          | 26.1        |
| time/                   |             |
|    fps                  | 22          |
|    iterations           | 23          |
|    time_elapsed         | 528         |
|    total_timesteps      | 11776       |
| train/                  |             |
|    approx_kl            | 0.020243682 |
|    clip_fraction        | 0.169       |
|    clip_range           | 0.2         |
|    entropy_loss         | -1.04       |
|    explained_variance   | -6.05       |
|    learning_rate        | 0.0003      |
|    loss                 | -0.0901     |
|    n_updates            | 220         |
|    policy_gradient_loss | -0.0513     |
|    value_loss           | 0.00277     |
-----------------------------------------
-----------------------------------------
| rollout/                |             |
|    ep_len_mean          | 109         |
|    ep_rew_mean          | 28.1        |
| time/                   |             |
|    fps                  | 22          |
|    iterations           | 24          |
|    time_elapsed         | 549         |
|    total_timesteps      | 12288       |
| train/                  |             |
|    approx_kl            | 0.016861007 |
|    clip_fraction        | 0.15        |
|    clip_range           | 0.2         |
|    entropy_loss         | -1.05       |
|    explained_variance   | -0.354      |
|    learning_rate        | 0.0003      |
|    loss                 | -0.0884     |
|    n_updates            | 230         |
|    policy_gradient_loss | -0.0397     |
|    value_loss           | 0.00488     |
-----------------------------------------
----------------------------------------
| rollout/                |            |
|    ep_len_mean          | 113        |
|    ep_rew_mean          | 29.6       |
| time/                   |            |
|    fps                  | 22         |
|    iterations           | 25         |
|    time_elapsed         | 569        |
|    total_timesteps      | 12800      |
| train/                  |            |
|    approx_kl            | 0.01819048 |
|    clip_fraction        | 0.17       |
|    clip_range           | 0.2        |
|    entropy_loss         | -1.02      |
|    explained_variance   | -4.88      |
|    learning_rate        | 0.0003     |
|    loss                 | -0.0636    |
|    n_updates            | 240        |
|    policy_gradient_loss | -0.0486    |
|    value_loss           | 0.00239    |
----------------------------------------
-----------------------------------------
| rollout/                |             |
|    ep_len_mean          | 117         |
|    ep_rew_mean          | 31.5        |
| time/                   |             |
|    fps                  | 22          |
|    iterations           | 26          |
|    time_elapsed         | 589         |
|    total_timesteps      | 13312       |
| train/                  |             |
|    approx_kl            | 0.022442691 |
|    clip_fraction        | 0.191       |
|    clip_range           | 0.2         |
|    entropy_loss         | -1.08       |
|    explained_variance   | -0.292      |
|    learning_rate        | 0.0003      |
|    loss                 | -0.0613     |
|    n_updates            | 250         |
|    policy_gradient_loss | -0.0572     |
|    value_loss           | 0.00893     |
-----------------------------------------
----------------------------------------
| rollout/                |            |
|    ep_len_mean          | 121        |
|    ep_rew_mean          | 33         |
| time/                   |            |
|    fps                  | 22         |
|    iterations           | 27         |
|    time_elapsed         | 610        |
|    total_timesteps      | 13824      |
| train/                  |            |
|    approx_kl            | 0.01426192 |
|    clip_fraction        | 0.131      |
|    clip_range           | 0.2        |
|    entropy_loss         | -1.02      |
|    explained_variance   | 0.219      |
|    learning_rate        | 0.0003     |
|    loss                 | -0.0857    |
|    n_updates            | 260        |
|    policy_gradient_loss | -0.0437    |
|    value_loss           | 0.00511    |
----------------------------------------
-----------------------------------------
| rollout/                |             |
|    ep_len_mean          | 122         |
|    ep_rew_mean          | 33.4        |
| time/                   |             |
|    fps                  | 22          |
|    iterations           | 28          |
|    time_elapsed         | 630         |
|    total_timesteps      | 14336       |
| train/                  |             |
|    approx_kl            | 0.023890393 |
|    clip_fraction        | 0.19        |
|    clip_range           | 0.2         |
|    entropy_loss         | -1.03       |
|    explained_variance   | 0.0684      |
|    learning_rate        | 0.0003      |
|    loss                 | -0.0883     |
|    n_updates            | 270         |
|    policy_gradient_loss | -0.0539     |
|    value_loss           | 0.0129      |
-----------------------------------------
-----------------------------------------
| rollout/                |             |
|    ep_len_mean          | 123         |
|    ep_rew_mean          | 34.1        |
| time/                   |             |
|    fps                  | 22          |
|    iterations           | 29          |
|    time_elapsed         | 650         |
|    total_timesteps      | 14848       |
| train/                  |             |
|    approx_kl            | 0.018342257 |
|    clip_fraction        | 0.156       |
|    clip_range           | 0.2         |
|    entropy_loss         | -0.964      |
|    explained_variance   | -0.307      |
|    learning_rate        | 0.0003      |
|    loss                 | -0.0915     |
|    n_updates            | 280         |
|    policy_gradient_loss | -0.0489     |
|    value_loss           | 0.0108      |
-----------------------------------------
[Eval @15000] R=7.9±1.2 CR=0.100 Spd=20.4 LC=13.8 SR=0.900
-----------------------------------------
| rollout/                |             |
|    ep_len_mean          | 127         |
|    ep_rew_mean          | 36          |
| time/                   |             |
|    fps                  | 20          |
|    iterations           | 30          |
|    time_elapsed         | 749         |
|    total_timesteps      | 15360       |
| train/                  |             |
|    approx_kl            | 0.016647622 |
|    clip_fraction        | 0.158       |
|    clip_range           | 0.2         |
|    entropy_loss         | -1          |
|    explained_variance   | -1.28       |
|    learning_rate        | 0.0003      |
|    loss                 | -0.0639     |
|    n_updates            | 290         |
|    policy_gradient_loss | -0.0451     |
|    value_loss           | 0.0107      |
-----------------------------------------
----------------------------------------
| rollout/                |            |
|    ep_len_mean          | 128        |
|    ep_rew_mean          | 36.6       |
| time/                   |            |
|    fps                  | 20         |
|    iterations           | 31         |
|    time_elapsed         | 769        |
|    total_timesteps      | 15872      |
| train/                  |            |
|    approx_kl            | 0.01924694 |
|    clip_fraction        | 0.167      |
|    clip_range           | 0.2        |
|    entropy_loss         | -1.03      |
|    explained_variance   | -0.0686    |
|    learning_rate        | 0.0003     |
|    loss                 | -0.07      |
|    n_updates            | 300        |
|    policy_gradient_loss | -0.0484    |
|    value_loss           | 0.00846    |
----------------------------------------
-----------------------------------------
| rollout/                |             |
|    ep_len_mean          | 130         |
|    ep_rew_mean          | 37.7        |
| time/                   |             |
|    fps                  | 20          |
|    iterations           | 32          |
|    time_elapsed         | 790         |
|    total_timesteps      | 16384       |
| train/                  |             |
|    approx_kl            | 0.017642878 |
|    clip_fraction        | 0.189       |
|    clip_range           | 0.2         |
|    entropy_loss         | -0.927      |
|    explained_variance   | -0.198      |
|    learning_rate        | 0.0003      |
|    loss                 | -0.0962     |
|    n_updates            | 310         |
|    policy_gradient_loss | -0.0507     |
|    value_loss           | 0.00366     |
-----------------------------------------
---------------------------------------
| rollout/                |           |
|    ep_len_mean          | 133       |
|    ep_rew_mean          | 39.2      |
| time/                   |           |
|    fps                  | 20        |
|    iterations           | 33        |
|    time_elapsed         | 810       |
|    total_timesteps      | 16896     |
| train/                  |           |
|    approx_kl            | 0.0183277 |
|    clip_fraction        | 0.175     |
|    clip_range           | 0.2       |
|    entropy_loss         | -0.905    |
|    explained_variance   | 0.335     |
|    learning_rate        | 0.0003    |
|    loss                 | -0.0812   |
|    n_updates            | 320       |
|    policy_gradient_loss | -0.0498   |
|    value_loss           | 0.00708   |
---------------------------------------
-----------------------------------------
| rollout/                |             |
|    ep_len_mean          | 134         |
|    ep_rew_mean          | 39.9        |
| time/                   |             |
|    fps                  | 20          |
|    iterations           | 34          |
|    time_elapsed         | 831         |
|    total_timesteps      | 17408       |
| train/                  |             |
|    approx_kl            | 0.022960085 |
|    clip_fraction        | 0.205       |
|    clip_range           | 0.2         |
|    entropy_loss         | -0.959      |
|    explained_variance   | 0.0825      |
|    learning_rate        | 0.0003      |
|    loss                 | -0.0745     |
|    n_updates            | 330         |
|    policy_gradient_loss | -0.0538     |
|    value_loss           | 0.00859     |
-----------------------------------------
-----------------------------------------
| rollout/                |             |
|    ep_len_mean          | 137         |
|    ep_rew_mean          | 41.6        |
| time/                   |             |
|    fps                  | 21          |
|    iterations           | 35          |
|    time_elapsed         | 851         |
|    total_timesteps      | 17920       |
| train/                  |             |
|    approx_kl            | 0.027231878 |
|    clip_fraction        | 0.176       |
|    clip_range           | 0.2         |
|    entropy_loss         | -0.856      |
|    explained_variance   | -0.193      |
|    learning_rate        | 0.0003      |
|    loss                 | -0.051      |
|    n_updates            | 340         |
|    policy_gradient_loss | -0.0448     |
|    value_loss           | 0.00949     |
-----------------------------------------
-----------------------------------------
| rollout/                |             |
|    ep_len_mean          | 138         |
|    ep_rew_mean          | 42.2        |
| time/                   |             |
|    fps                  | 21          |
|    iterations           | 36          |
|    time_elapsed         | 858         |
|    total_timesteps      | 18432       |
| train/                  |             |
|    approx_kl            | 0.010667913 |
|    clip_fraction        | 0.111       |
|    clip_range           | 0.2         |
|    entropy_loss         | -0.649      |
|    explained_variance   | -0.265      |
|    learning_rate        | 0.0003      |
|    loss                 | -0.0574     |
|    n_updates            | 350         |
|    policy_gradient_loss | -0.0322     |
|    value_loss           | 0.00468     |
-----------------------------------------
-----------------------------------------
| rollout/                |             |
|    ep_len_mean          | 141         |
|    ep_rew_mean          | 43.6        |
| time/                   |             |
|    fps                  | 21          |
|    iterations           | 37          |
|    time_elapsed         | 864         |
|    total_timesteps      | 18944       |
| train/                  |             |
|    approx_kl            | 0.016137963 |
|    clip_fraction        | 0.131       |
|    clip_range           | 0.2         |
|    entropy_loss         | -0.686      |
|    explained_variance   | -6.37       |
|    learning_rate        | 0.0003      |
|    loss                 | -0.0534     |
|    n_updates            | 360         |
|    policy_gradient_loss | -0.043      |
|    value_loss           | 0.00206     |
-----------------------------------------
---------------------------------------
| rollout/                |           |
|    ep_len_mean          | 144       |
|    ep_rew_mean          | 45.3      |
| time/                   |           |
|    fps                  | 22        |
|    iterations           | 38        |
|    time_elapsed         | 871       |
|    total_timesteps      | 19456     |
| train/                  |           |
|    approx_kl            | 0.0169193 |
|    clip_fraction        | 0.147     |
|    clip_range           | 0.2       |
|    entropy_loss         | -0.8      |
|    explained_variance   | -3.04     |
|    learning_rate        | 0.0003    |
|    loss                 | -0.0727   |
|    n_updates            | 370       |
|    policy_gradient_loss | -0.0455   |
|    value_loss           | 0.00276   |
---------------------------------------
-----------------------------------------
| rollout/                |             |
|    ep_len_mean          | 145         |
|    ep_rew_mean          | 46.1        |
| time/                   |             |
|    fps                  | 22          |
|    iterations           | 39          |
|    time_elapsed         | 878         |
|    total_timesteps      | 19968       |
| train/                  |             |
|    approx_kl            | 0.015414966 |
|    clip_fraction        | 0.15        |
|    clip_range           | 0.2         |
|    entropy_loss         | -0.757      |
|    explained_variance   | -0.197      |
|    learning_rate        | 0.0003      |
|    loss                 | -0.0849     |
|    n_updates            | 380         |
|    policy_gradient_loss | -0.04       |
|    value_loss           | 0.00425     |
-----------------------------------------
[Eval @20000] R=8.5±0.5 CR=0.000 Spd=20.2 LC=4.3 SR=1.000
-----------------------------------------
| rollout/                |             |
|    ep_len_mean          | 147         |
|    ep_rew_mean          | 47.3        |
| time/                   |             |
|    fps                  | 22          |
|    iterations           | 40          |
|    time_elapsed         | 910         |
|    total_timesteps      | 20480       |
| train/                  |             |
|    approx_kl            | 0.019921351 |
|    clip_fraction        | 0.171       |
|    clip_range           | 0.2         |
|    entropy_loss         | -0.721      |
|    explained_variance   | 0.298       |
|    learning_rate        | 0.0003      |
|    loss                 | -0.0501     |
|    n_updates            | 390         |
|    policy_gradient_loss | -0.0426     |
|    value_loss           | 0.00617     |
-----------------------------------------
----------------------------------------
| rollout/                |            |
|    ep_len_mean          | 152        |
|    ep_rew_mean          | 49.5       |
| time/                   |            |
|    fps                  | 22         |
|    iterations           | 41         |
|    time_elapsed         | 917        |
|    total_timesteps      | 20992      |
| train/                  |            |
|    approx_kl            | 0.01352324 |
|    clip_fraction        | 0.119      |
|    clip_range           | 0.2        |
|    entropy_loss         | -0.577     |
|    explained_variance   | -8.18      |
|    learning_rate        | 0.0003     |
|    loss                 | -0.0731    |
|    n_updates            | 400        |
|    policy_gradient_loss | -0.0384    |
|    value_loss           | 0.00144    |
----------------------------------------
-----------------------------------------
| rollout/                |             |
|    ep_len_mean          | 151         |
|    ep_rew_mean          | 49.6        |
| time/                   |             |
|    fps                  | 23          |
|    iterations           | 42          |
|    time_elapsed         | 924         |
|    total_timesteps      | 21504       |
| train/                  |             |
|    approx_kl            | 0.013126858 |
|    clip_fraction        | 0.107       |
|    clip_range           | 0.2         |
|    entropy_loss         | -0.465      |
|    explained_variance   | -3.59       |
|    learning_rate        | 0.0003      |
|    loss                 | -0.0702     |
|    n_updates            | 410         |
|    policy_gradient_loss | -0.0357     |
|    value_loss           | 0.001       |
-----------------------------------------
-----------------------------------------
| rollout/                |             |
|    ep_len_mean          | 151         |
|    ep_rew_mean          | 50.2        |
| time/                   |             |
|    fps                  | 23          |
|    iterations           | 43          |
|    time_elapsed         | 931         |
|    total_timesteps      | 22016       |
| train/                  |             |
|    approx_kl            | 0.013156944 |
|    clip_fraction        | 0.115       |
|    clip_range           | 0.2         |
|    entropy_loss         | -0.692      |
|    explained_variance   | -0.091      |
|    learning_rate        | 0.0003      |
|    loss                 | -0.0737     |
|    n_updates            | 420         |
|    policy_gradient_loss | -0.0358     |
|    value_loss           | 0.00981     |
-----------------------------------------
----------------------------------------
| rollout/                |            |
|    ep_len_mean          | 152        |
|    ep_rew_mean          | 50.9       |
| time/                   |            |
|    fps                  | 24         |
|    iterations           | 44         |
|    time_elapsed         | 937        |
|    total_timesteps      | 22528      |
| train/                  |            |
|    approx_kl            | 0.02197257 |
|    clip_fraction        | 0.204      |
|    clip_range           | 0.2        |
|    entropy_loss         | -0.761     |
|    explained_variance   | -0.496     |
|    learning_rate        | 0.0003     |
|    loss                 | -0.0704    |
|    n_updates            | 430        |
|    policy_gradient_loss | -0.0485    |
|    value_loss           | 0.00582    |
----------------------------------------
------------------------------------------
| rollout/                |              |
|    ep_len_mean          | 153          |
|    ep_rew_mean          | 51.8         |
| time/                   |              |
|    fps                  | 24           |
|    iterations           | 45           |
|    time_elapsed         | 944          |
|    total_timesteps      | 23040        |
| train/                  |              |
|    approx_kl            | 0.0107640065 |
|    clip_fraction        | 0.0986       |
|    clip_range           | 0.2          |
|    entropy_loss         | -0.555       |
|    explained_variance   | 0.136        |
|    learning_rate        | 0.0003       |
|    loss                 | -0.0683      |
|    n_updates            | 440          |
|    policy_gradient_loss | -0.0292      |
|    value_loss           | 0.00266      |
------------------------------------------
-----------------------------------------
| rollout/                |             |
|    ep_len_mean          | 155         |
|    ep_rew_mean          | 52.7        |
| time/                   |             |
|    fps                  | 24          |
|    iterations           | 46          |
|    time_elapsed         | 951         |
|    total_timesteps      | 23552       |
| train/                  |             |
|    approx_kl            | 0.014912649 |
|    clip_fraction        | 0.101       |
|    clip_range           | 0.2         |
|    entropy_loss         | -0.523      |
|    explained_variance   | -9.27       |
|    learning_rate        | 0.0003      |
|    loss                 | -0.0536     |
|    n_updates            | 450         |
|    policy_gradient_loss | -0.0383     |
|    value_loss           | 0.0016      |
-----------------------------------------
-----------------------------------------
| rollout/                |             |
|    ep_len_mean          | 154         |
|    ep_rew_mean          | 52.8        |
| time/                   |             |
|    fps                  | 25          |
|    iterations           | 47          |
|    time_elapsed         | 957         |
|    total_timesteps      | 24064       |
| train/                  |             |
|    approx_kl            | 0.023169726 |
|    clip_fraction        | 0.136       |
|    clip_range           | 0.2         |
|    entropy_loss         | -0.596      |
|    explained_variance   | 0.448       |
|    learning_rate        | 0.0003      |
|    loss                 | -0.0581     |
|    n_updates            | 460         |
|    policy_gradient_loss | -0.0364     |
|    value_loss           | 0.00382     |
-----------------------------------------
-----------------------------------------
| rollout/                |             |
|    ep_len_mean          | 156         |
|    ep_rew_mean          | 53.8        |
| time/                   |             |
|    fps                  | 25          |
|    iterations           | 48          |
|    time_elapsed         | 969         |
|    total_timesteps      | 24576       |
| train/                  |             |
|    approx_kl            | 0.015861524 |
|    clip_fraction        | 0.0861      |
|    clip_range           | 0.2         |
|    entropy_loss         | -0.368      |
|    explained_variance   | 0.192       |
|    learning_rate        | 0.0003      |
|    loss                 | -0.0529     |
|    n_updates            | 470         |
|    policy_gradient_loss | -0.032      |
|    value_loss           | 0.0062      |
-----------------------------------------
[Eval @25000] R=8.1±0.5 CR=0.000 Spd=20.4 LC=6.9 SR=1.000
----------------------------------------
| rollout/                |            |
|    ep_len_mean          | 154        |
|    ep_rew_mean          | 53.5       |
| time/                   |            |
|    fps                  | 23         |
|    iterations           | 49         |
|    time_elapsed         | 1068       |
|    total_timesteps      | 25088      |
| train/                  |            |
|    approx_kl            | 0.02252639 |
|    clip_fraction        | 0.155      |
|    clip_range           | 0.2        |
|    entropy_loss         | -0.651     |
|    explained_variance   | -0.915     |
|    learning_rate        | 0.0003     |
|    loss                 | -0.0818    |
|    n_updates            | 480        |
|    policy_gradient_loss | -0.0474    |
|    value_loss           | 0.00468    |
----------------------------------------
-----------------------------------------
| rollout/                |             |
|    ep_len_mean          | 159         |
|    ep_rew_mean          | 55.8        |
| time/                   |             |
|    fps                  | 23          |
|    iterations           | 50          |
|    time_elapsed         | 1088        |
|    total_timesteps      | 25600       |
| train/                  |             |
|    approx_kl            | 0.020563321 |
|    clip_fraction        | 0.164       |
|    clip_range           | 0.2         |
|    entropy_loss         | -0.76       |
|    explained_variance   | -0.674      |
|    learning_rate        | 0.0003      |
|    loss                 | -0.0713     |
|    n_updates            | 490         |
|    policy_gradient_loss | -0.0463     |
|    value_loss           | 0.00946     |
-----------------------------------------
-----------------------------------------
| rollout/                |             |
|    ep_len_mean          | 159         |
|    ep_rew_mean          | 56.1        |
| time/                   |             |
|    fps                  | 23          |
|    iterations           | 51          |
|    time_elapsed         | 1095        |
|    total_timesteps      | 26112       |
| train/                  |             |
|    approx_kl            | 0.017213903 |
|    clip_fraction        | 0.147       |
|    clip_range           | 0.2         |
|    entropy_loss         | -0.542      |
|    explained_variance   | -5.22       |
|    learning_rate        | 0.0003      |
|    loss                 | -0.0723     |
|    n_updates            | 500         |
|    policy_gradient_loss | -0.0367     |
|    value_loss           | 0.00213     |
-----------------------------------------
-----------------------------------------
| rollout/                |             |
|    ep_len_mean          | 159         |
|    ep_rew_mean          | 56.1        |
| time/                   |             |
|    fps                  | 24          |
|    iterations           | 52          |
|    time_elapsed         | 1102        |
|    total_timesteps      | 26624       |
| train/                  |             |
|    approx_kl            | 0.017182656 |
|    clip_fraction        | 0.119       |
|    clip_range           | 0.2         |
|    entropy_loss         | -0.612      |
|    explained_variance   | -4.15       |
|    learning_rate        | 0.0003      |
|    loss                 | -0.0303     |
|    n_updates            | 510         |
|    policy_gradient_loss | -0.0387     |
|    value_loss           | 0.00171     |
-----------------------------------------
-----------------------------------------
| rollout/                |             |
|    ep_len_mean          | 157         |
|    ep_rew_mean          | 55.7        |
| time/                   |             |
|    fps                  | 24          |
|    iterations           | 53          |
|    time_elapsed         | 1109        |
|    total_timesteps      | 27136       |
| train/                  |             |
|    approx_kl            | 0.024694197 |
|    clip_fraction        | 0.161       |
|    clip_range           | 0.2         |
|    entropy_loss         | -0.675      |
|    explained_variance   | -0.313      |
|    learning_rate        | 0.0003      |
|    loss                 | -0.0449     |
|    n_updates            | 520         |
|    policy_gradient_loss | -0.0461     |
|    value_loss           | 0.00338     |
-----------------------------------------
-----------------------------------------
| rollout/                |             |
|    ep_len_mean          | 157         |
|    ep_rew_mean          | 55.7        |
| time/                   |             |
|    fps                  | 24          |
|    iterations           | 54          |
|    time_elapsed         | 1115        |
|    total_timesteps      | 27648       |
| train/                  |             |
|    approx_kl            | 0.010314846 |
|    clip_fraction        | 0.0701      |
|    clip_range           | 0.2         |
|    entropy_loss         | -0.321      |
|    explained_variance   | 0.168       |
|    learning_rate        | 0.0003      |
|    loss                 | -0.0347     |
|    n_updates            | 530         |
|    policy_gradient_loss | -0.0239     |
|    value_loss           | 0.00221     |
-----------------------------------------
-----------------------------------------
| rollout/                |             |
|    ep_len_mean          | 157         |
|    ep_rew_mean          | 55.8        |
| time/                   |             |
|    fps                  | 25          |
|    iterations           | 55          |
|    time_elapsed         | 1122        |
|    total_timesteps      | 28160       |
| train/                  |             |
|    approx_kl            | 0.023469977 |
|    clip_fraction        | 0.152       |
|    clip_range           | 0.2         |
|    entropy_loss         | -0.48       |
|    explained_variance   | -0.0157     |
|    learning_rate        | 0.0003      |
|    loss                 | -0.0717     |
|    n_updates            | 540         |
|    policy_gradient_loss | -0.0414     |
|    value_loss           | 0.00313     |
-----------------------------------------
-----------------------------------------
| rollout/                |             |
|    ep_len_mean          | 155         |
|    ep_rew_mean          | 55.6        |
| time/                   |             |
|    fps                  | 25          |
|    iterations           | 56          |
|    time_elapsed         | 1129        |
|    total_timesteps      | 28672       |
| train/                  |             |
|    approx_kl            | 0.018167047 |
|    clip_fraction        | 0.146       |
|    clip_range           | 0.2         |
|    entropy_loss         | -0.431      |
|    explained_variance   | 0.296       |
|    learning_rate        | 0.0003      |
|    loss                 | -0.0363     |
|    n_updates            | 550         |
|    policy_gradient_loss | -0.0269     |
|    value_loss           | 0.0018      |
-----------------------------------------
-----------------------------------------
| rollout/                |             |
|    ep_len_mean          | 157         |
|    ep_rew_mean          | 56.8        |
| time/                   |             |
|    fps                  | 25          |
|    iterations           | 57          |
|    time_elapsed         | 1136        |
|    total_timesteps      | 29184       |
| train/                  |             |
|    approx_kl            | 0.013416299 |
|    clip_fraction        | 0.107       |
|    clip_range           | 0.2         |
|    entropy_loss         | -0.394      |
|    explained_variance   | -0.313      |
|    learning_rate        | 0.0003      |
|    loss                 | -0.0339     |
|    n_updates            | 560         |
|    policy_gradient_loss | -0.0289     |
|    value_loss           | 0.00523     |
-----------------------------------------
-----------------------------------------
| rollout/                |             |
|    ep_len_mean          | 157         |
|    ep_rew_mean          | 57.1        |
| time/                   |             |
|    fps                  | 25          |
|    iterations           | 58          |
|    time_elapsed         | 1143        |
|    total_timesteps      | 29696       |
| train/                  |             |
|    approx_kl            | 0.013933285 |
|    clip_fraction        | 0.121       |
|    clip_range           | 0.2         |
|    entropy_loss         | -0.499      |
|    explained_variance   | -17         |
|    learning_rate        | 0.0003      |
|    loss                 | -0.0526     |
|    n_updates            | 570         |
|    policy_gradient_loss | -0.0333     |
|    value_loss           | 0.00257     |
-----------------------------------------
[Eval @30000] R=7.9±1.4 CR=0.100 Spd=20.8 LC=5.8 SR=0.900
----------------------------------------
| rollout/                |            |
|    ep_len_mean          | 160        |
|    ep_rew_mean          | 58.2       |
| time/                   |            |
|    fps                  | 25         |
|    iterations           | 59         |
|    time_elapsed         | 1174       |
|    total_timesteps      | 30208      |
| train/                  |            |
|    approx_kl            | 0.01972012 |
|    clip_fraction        | 0.148      |
|    clip_range           | 0.2        |
|    entropy_loss         | -0.466     |
|    explained_variance   | 0.0505     |
|    learning_rate        | 0.0003     |
|    loss                 | -0.0365    |
|    n_updates            | 580        |
|    policy_gradient_loss | -0.0343    |
|    value_loss           | 0.00324    |
----------------------------------------
-----------------------------------------
| rollout/                |             |
|    ep_len_mean          | 157         |
|    ep_rew_mean          | 57.2        |
| time/                   |             |
|    fps                  | 26          |
|    iterations           | 60          |
|    time_elapsed         | 1181        |
|    total_timesteps      | 30720       |
| train/                  |             |
|    approx_kl            | 0.013348868 |
|    clip_fraction        | 0.105       |
|    clip_range           | 0.2         |
|    entropy_loss         | -0.487      |
|    explained_variance   | -0.214      |
|    learning_rate        | 0.0003      |
|    loss                 | -0.0518     |
|    n_updates            | 590         |
|    policy_gradient_loss | -0.0294     |
|    value_loss           | 0.00248     |
-----------------------------------------
-----------------------------------------
| rollout/                |             |
|    ep_len_mean          | 158         |
|    ep_rew_mean          | 57.9        |
| time/                   |             |
|    fps                  | 26          |
|    iterations           | 61          |
|    time_elapsed         | 1187        |
|    total_timesteps      | 31232       |
| train/                  |             |
|    approx_kl            | 0.024015184 |
|    clip_fraction        | 0.169       |
|    clip_range           | 0.2         |
|    entropy_loss         | -0.553      |
|    explained_variance   | -0.169      |
|    learning_rate        | 0.0003      |
|    loss                 | -0.0686     |
|    n_updates            | 600         |
|    policy_gradient_loss | -0.0385     |
|    value_loss           | 0.00754     |
-----------------------------------------
-----------------------------------------
| rollout/                |             |
|    ep_len_mean          | 158         |
|    ep_rew_mean          | 58.2        |
| time/                   |             |
|    fps                  | 26          |
|    iterations           | 62          |
|    time_elapsed         | 1194        |
|    total_timesteps      | 31744       |
| train/                  |             |
|    approx_kl            | 0.020204922 |
|    clip_fraction        | 0.17        |
|    clip_range           | 0.2         |
|    entropy_loss         | -0.528      |
|    explained_variance   | 0.275       |
|    learning_rate        | 0.0003      |
|    loss                 | -0.0626     |
|    n_updates            | 610         |
|    policy_gradient_loss | -0.0441     |
|    value_loss           | 0.00197     |
-----------------------------------------
-----------------------------------------
| rollout/                |             |
|    ep_len_mean          | 159         |
|    ep_rew_mean          | 58.7        |
| time/                   |             |
|    fps                  | 26          |
|    iterations           | 63          |
|    time_elapsed         | 1201        |
|    total_timesteps      | 32256       |
| train/                  |             |
|    approx_kl            | 0.018233888 |
|    clip_fraction        | 0.128       |
|    clip_range           | 0.2         |
|    entropy_loss         | -0.503      |
|    explained_variance   | -0.563      |
|    learning_rate        | 0.0003      |
|    loss                 | -0.0689     |
|    n_updates            | 620         |
|    policy_gradient_loss | -0.0378     |
|    value_loss           | 0.00322     |
-----------------------------------------
-----------------------------------------
| rollout/                |             |
|    ep_len_mean          | 160         |
|    ep_rew_mean          | 59.4        |
| time/                   |             |
|    fps                  | 27          |
|    iterations           | 64          |
|    time_elapsed         | 1207        |
|    total_timesteps      | 32768       |
| train/                  |             |
|    approx_kl            | 0.015966706 |
|    clip_fraction        | 0.12        |
|    clip_range           | 0.2         |
|    entropy_loss         | -0.441      |
|    explained_variance   | -0.139      |
|    learning_rate        | 0.0003      |
|    loss                 | 0.0057      |
|    n_updates            | 630         |
|    policy_gradient_loss | -0.0282     |
|    value_loss           | 0.00386     |
-----------------------------------------
-----------------------------------------
| rollout/                |             |
|    ep_len_mean          | 163         |
|    ep_rew_mean          | 60.6        |
| time/                   |             |
|    fps                  | 27          |
|    iterations           | 65          |
|    time_elapsed         | 1214        |
|    total_timesteps      | 33280       |
| train/                  |             |
|    approx_kl            | 0.025371477 |
|    clip_fraction        | 0.179       |
|    clip_range           | 0.2         |
|    entropy_loss         | -0.533      |
|    explained_variance   | 0.123       |
|    learning_rate        | 0.0003      |
|    loss                 | -0.0642     |
|    n_updates            | 640         |
|    policy_gradient_loss | -0.0479     |
|    value_loss           | 0.00405     |
-----------------------------------------
-----------------------------------------
| rollout/                |             |
|    ep_len_mean          | 164         |
|    ep_rew_mean          | 61.4        |
| time/                   |             |
|    fps                  | 27          |
|    iterations           | 66          |
|    time_elapsed         | 1221        |
|    total_timesteps      | 33792       |
| train/                  |             |
|    approx_kl            | 0.022710195 |
|    clip_fraction        | 0.128       |
|    clip_range           | 0.2         |
|    entropy_loss         | -0.467      |
|    explained_variance   | 0.282       |
|    learning_rate        | 0.0003      |
|    loss                 | -0.0406     |
|    n_updates            | 650         |
|    policy_gradient_loss | -0.0352     |
|    value_loss           | 0.00194     |
-----------------------------------------
-----------------------------------------
| rollout/                |             |
|    ep_len_mean          | 165         |
|    ep_rew_mean          | 61.7        |
| time/                   |             |
|    fps                  | 27          |
|    iterations           | 67          |
|    time_elapsed         | 1227        |
|    total_timesteps      | 34304       |
| train/                  |             |
|    approx_kl            | 0.009914711 |
|    clip_fraction        | 0.0895      |
|    clip_range           | 0.2         |
|    entropy_loss         | -0.425      |
|    explained_variance   | -0.12       |
|    learning_rate        | 0.0003      |
|    loss                 | -0.0474     |
|    n_updates            | 660         |
|    policy_gradient_loss | -0.0257     |
|    value_loss           | 0.00277     |
-----------------------------------------
-----------------------------------------
| rollout/                |             |
|    ep_len_mean          | 165         |
|    ep_rew_mean          | 61.7        |
| time/                   |             |
|    fps                  | 28          |
|    iterations           | 68          |
|    time_elapsed         | 1234        |
|    total_timesteps      | 34816       |
| train/                  |             |
|    approx_kl            | 0.019039055 |
|    clip_fraction        | 0.114       |
|    clip_range           | 0.2         |
|    entropy_loss         | -0.416      |
|    explained_variance   | -9.13       |
|    learning_rate        | 0.0003      |
|    loss                 | -0.0383     |
|    n_updates            | 670         |
|    policy_gradient_loss | -0.0295     |
|    value_loss           | 0.00137     |
-----------------------------------------
[Eval @35000] R=8.4±0.4 CR=0.000 Spd=21.0 LC=5.5 SR=1.000
-----------------------------------------
| rollout/                |             |
|    ep_len_mean          | 163         |
|    ep_rew_mean          | 61          |
| time/                   |             |
|    fps                  | 27          |
|    iterations           | 69          |
|    time_elapsed         | 1266        |
|    total_timesteps      | 35328       |
| train/                  |             |
|    approx_kl            | 0.025171576 |
|    clip_fraction        | 0.178       |
|    clip_range           | 0.2         |
|    entropy_loss         | -0.611      |
|    explained_variance   | -0.105      |
|    learning_rate        | 0.0003      |
|    loss                 | -0.0709     |
|    n_updates            | 680         |
|    policy_gradient_loss | -0.0447     |
|    value_loss           | 0.00268     |
-----------------------------------------
-----------------------------------------
| rollout/                |             |
|    ep_len_mean          | 164         |
|    ep_rew_mean          | 61.6        |
| time/                   |             |
|    fps                  | 28          |
|    iterations           | 70          |
|    time_elapsed         | 1273        |
|    total_timesteps      | 35840       |
| train/                  |             |
|    approx_kl            | 0.016187862 |
|    clip_fraction        | 0.103       |
|    clip_range           | 0.2         |
|    entropy_loss         | -0.489      |
|    explained_variance   | 0.438       |
|    learning_rate        | 0.0003      |
|    loss                 | -0.0498     |
|    n_updates            | 690         |
|    policy_gradient_loss | -0.0299     |
|    value_loss           | 0.000974    |
-----------------------------------------
----------------------------------------
| rollout/                |            |
|    ep_len_mean          | 164        |
|    ep_rew_mean          | 62         |
| time/                   |            |
|    fps                  | 28         |
|    iterations           | 71         |
|    time_elapsed         | 1279       |
|    total_timesteps      | 36352      |
| train/                  |            |
|    approx_kl            | 0.01702255 |
|    clip_fraction        | 0.109      |
|    clip_range           | 0.2        |
|    entropy_loss         | -0.486     |
|    explained_variance   | -4.19      |
|    learning_rate        | 0.0003     |
|    loss                 | -0.0618    |
|    n_updates            | 700        |
|    policy_gradient_loss | -0.0303    |
|    value_loss           | 0.000608   |
----------------------------------------
-----------------------------------------
| rollout/                |             |
|    ep_len_mean          | 161         |
|    ep_rew_mean          | 60.4        |
| time/                   |             |
|    fps                  | 28          |
|    iterations           | 72          |
|    time_elapsed         | 1286        |
|    total_timesteps      | 36864       |
| train/                  |             |
|    approx_kl            | 0.017950889 |
|    clip_fraction        | 0.111       |
|    clip_range           | 0.2         |
|    entropy_loss         | -0.468      |
|    explained_variance   | 0.525       |
|    learning_rate        | 0.0003      |
|    loss                 | -0.0544     |
|    n_updates            | 710         |
|    policy_gradient_loss | -0.0272     |
|    value_loss           | 0.00298     |
-----------------------------------------
----------------------------------------
| rollout/                |            |
|    ep_len_mean          | 161        |
|    ep_rew_mean          | 60.4       |
| time/                   |            |
|    fps                  | 28         |
|    iterations           | 73         |
|    time_elapsed         | 1293       |
|    total_timesteps      | 37376      |
| train/                  |            |
|    approx_kl            | 0.01645818 |
|    clip_fraction        | 0.121      |
|    clip_range           | 0.2        |
|    entropy_loss         | -0.512     |
|    explained_variance   | 0.479      |
|    learning_rate        | 0.0003     |
|    loss                 | -0.0454    |
|    n_updates            | 720        |
|    policy_gradient_loss | -0.0364    |
|    value_loss           | 0.0061     |
----------------------------------------
----------------------------------------
| rollout/                |            |
|    ep_len_mean          | 163        |
|    ep_rew_mean          | 61.3       |
| time/                   |            |
|    fps                  | 29         |
|    iterations           | 74         |
|    time_elapsed         | 1299       |
|    total_timesteps      | 37888      |
| train/                  |            |
|    approx_kl            | 0.01850404 |
|    clip_fraction        | 0.133      |
|    clip_range           | 0.2        |
|    entropy_loss         | -0.434     |
|    explained_variance   | 0.00433    |
|    learning_rate        | 0.0003     |
|    loss                 | -0.0546    |
|    n_updates            | 730        |
|    policy_gradient_loss | -0.0408    |
|    value_loss           | 0.00215    |
----------------------------------------
----------------------------------------
| rollout/                |            |
|    ep_len_mean          | 164        |
|    ep_rew_mean          | 61.8       |
| time/                   |            |
|    fps                  | 29         |
|    iterations           | 75         |
|    time_elapsed         | 1306       |
|    total_timesteps      | 38400      |
| train/                  |            |
|    approx_kl            | 0.02240792 |
|    clip_fraction        | 0.151      |
|    clip_range           | 0.2        |
|    entropy_loss         | -0.444     |
|    explained_variance   | -4.76      |
|    learning_rate        | 0.0003     |
|    loss                 | -0.0577    |
|    n_updates            | 740        |
|    policy_gradient_loss | -0.0369    |
|    value_loss           | 0.000958   |
----------------------------------------
-----------------------------------------
| rollout/                |             |
|    ep_len_mean          | 164         |
|    ep_rew_mean          | 61.8        |
| time/                   |             |
|    fps                  | 29          |
|    iterations           | 76          |
|    time_elapsed         | 1313        |
|    total_timesteps      | 38912       |
| train/                  |             |
|    approx_kl            | 0.019565362 |
|    clip_fraction        | 0.137       |
|    clip_range           | 0.2         |
|    entropy_loss         | -0.526      |
|    explained_variance   | -0.511      |
|    learning_rate        | 0.0003      |
|    loss                 | -0.0537     |
|    n_updates            | 750         |
|    policy_gradient_loss | -0.0393     |
|    value_loss           | 0.00372     |
-----------------------------------------
-----------------------------------------
| rollout/                |             |
|    ep_len_mean          | 164         |
|    ep_rew_mean          | 62          |
| time/                   |             |
|    fps                  | 29          |
|    iterations           | 77          |
|    time_elapsed         | 1319        |
|    total_timesteps      | 39424       |
| train/                  |             |
|    approx_kl            | 0.019553721 |
|    clip_fraction        | 0.134       |
|    clip_range           | 0.2         |
|    entropy_loss         | -0.452      |
|    explained_variance   | -4.97       |
|    learning_rate        | 0.0003      |
|    loss                 | -0.0513     |
|    n_updates            | 760         |
|    policy_gradient_loss | -0.0361     |
|    value_loss           | 0.000941    |
-----------------------------------------
-----------------------------------------
| rollout/                |             |
|    ep_len_mean          | 164         |
|    ep_rew_mean          | 62.2        |
| time/                   |             |
|    fps                  | 30          |
|    iterations           | 78          |
|    time_elapsed         | 1326        |
|    total_timesteps      | 39936       |
| train/                  |             |
|    approx_kl            | 0.023831729 |
|    clip_fraction        | 0.109       |
|    clip_range           | 0.2         |
|    entropy_loss         | -0.452      |
|    explained_variance   | 0.0867      |
|    learning_rate        | 0.0003      |
|    loss                 | -0.0285     |
|    n_updates            | 770         |
|    policy_gradient_loss | -0.0323     |
|    value_loss           | 0.00234     |
-----------------------------------------
[Eval @40000] R=8.3±0.5 CR=0.000 Spd=20.9 LC=7.1 SR=1.000
----------------------------------------
| rollout/                |            |
|    ep_len_mean          | 167        |
|    ep_rew_mean          | 63.8       |
| time/                   |            |
|    fps                  | 29         |
|    iterations           | 79         |
|    time_elapsed         | 1358       |
|    total_timesteps      | 40448      |
| train/                  |            |
|    approx_kl            | 0.02832947 |
|    clip_fraction        | 0.155      |
|    clip_range           | 0.2        |
|    entropy_loss         | -0.461     |
|    explained_variance   | -3.2       |
|    learning_rate        | 0.0003     |
|    loss                 | -0.0503    |
|    n_updates            | 780        |
|    policy_gradient_loss | -0.0421    |
|    value_loss           | 0.00112    |
----------------------------------------
-----------------------------------------
| rollout/                |             |
|    ep_len_mean          | 168         |
|    ep_rew_mean          | 64.1        |
| time/                   |             |
|    fps                  | 29          |
|    iterations           | 80          |
|    time_elapsed         | 1365        |
|    total_timesteps      | 40960       |
| train/                  |             |
|    approx_kl            | 0.020339191 |
|    clip_fraction        | 0.144       |
|    clip_range           | 0.2         |
|    entropy_loss         | -0.505      |
|    explained_variance   | 0.413       |
|    learning_rate        | 0.0003      |
|    loss                 | 0.00822     |
|    n_updates            | 790         |
|    policy_gradient_loss | -0.0363     |
|    value_loss           | 0.00145     |
-----------------------------------------
-----------------------------------------
| rollout/                |             |
|    ep_len_mean          | 168         |
|    ep_rew_mean          | 64.1        |
| time/                   |             |
|    fps                  | 30          |
|    iterations           | 81          |
|    time_elapsed         | 1372        |
|    total_timesteps      | 41472       |
| train/                  |             |
|    approx_kl            | 0.028523905 |
|    clip_fraction        | 0.176       |
|    clip_range           | 0.2         |
|    entropy_loss         | -0.594      |
|    explained_variance   | -0.134      |
|    learning_rate        | 0.0003      |
|    loss                 | -0.0747     |
|    n_updates            | 800         |
|    policy_gradient_loss | -0.0465     |
|    value_loss           | 0.00234     |
-----------------------------------------
-----------------------------------------
| rollout/                |             |
|    ep_len_mean          | 168         |
|    ep_rew_mean          | 64.6        |
| time/                   |             |
|    fps                  | 30          |
|    iterations           | 82          |
|    time_elapsed         | 1378        |
|    total_timesteps      | 41984       |
| train/                  |             |
|    approx_kl            | 0.023527749 |
|    clip_fraction        | 0.113       |
|    clip_range           | 0.2         |
|    entropy_loss         | -0.391      |
|    explained_variance   | -0.186      |
|    learning_rate        | 0.0003      |
|    loss                 | -0.06       |
|    n_updates            | 810         |
|    policy_gradient_loss | -0.0286     |
|    value_loss           | 0.00182     |
-----------------------------------------
-----------------------------------------
| rollout/                |             |
|    ep_len_mean          | 168         |
|    ep_rew_mean          | 64.5        |
| time/                   |             |
|    fps                  | 30          |
|    iterations           | 83          |
|    time_elapsed         | 1385        |
|    total_timesteps      | 42496       |
| train/                  |             |
|    approx_kl            | 0.029006403 |
|    clip_fraction        | 0.134       |
|    clip_range           | 0.2         |
|    entropy_loss         | -0.454      |
|    explained_variance   | -0.17       |
|    learning_rate        | 0.0003      |
|    loss                 | -0.054      |
|    n_updates            | 820         |
|    policy_gradient_loss | -0.0321     |
|    value_loss           | 0.00162     |
-----------------------------------------
-----------------------------------------
| rollout/                |             |
|    ep_len_mean          | 169         |
|    ep_rew_mean          | 64.7        |
| time/                   |             |
|    fps                  | 30          |
|    iterations           | 84          |
|    time_elapsed         | 1396        |
|    total_timesteps      | 43008       |
| train/                  |             |
|    approx_kl            | 0.029332083 |
|    clip_fraction        | 0.153       |
|    clip_range           | 0.2         |
|    entropy_loss         | -0.495      |
|    explained_variance   | -5.28       |
|    learning_rate        | 0.0003      |
|    loss                 | -0.0552     |
|    n_updates            | 830         |
|    policy_gradient_loss | -0.0379     |
|    value_loss           | 0.0011      |
-----------------------------------------
-----------------------------------------
| rollout/                |             |
|    ep_len_mean          | 168         |
|    ep_rew_mean          | 64.4        |
| time/                   |             |
|    fps                  | 30          |
|    iterations           | 85          |
|    time_elapsed         | 1416        |
|    total_timesteps      | 43520       |
| train/                  |             |
|    approx_kl            | 0.020831924 |
|    clip_fraction        | 0.122       |
|    clip_range           | 0.2         |
|    entropy_loss         | -0.391      |
|    explained_variance   | -4.13       |
|    learning_rate        | 0.0003      |
|    loss                 | -0.0414     |
|    n_updates            | 840         |
|    policy_gradient_loss | -0.0314     |
|    value_loss           | 0.000992    |
-----------------------------------------
-----------------------------------------
| rollout/                |             |
|    ep_len_mean          | 169         |
|    ep_rew_mean          | 65.1        |
| time/                   |             |
|    fps                  | 30          |
|    iterations           | 86          |
|    time_elapsed         | 1436        |
|    total_timesteps      | 44032       |
| train/                  |             |
|    approx_kl            | 0.022969123 |
|    clip_fraction        | 0.102       |
|    clip_range           | 0.2         |
|    entropy_loss         | -0.371      |
|    explained_variance   | -0.328      |
|    learning_rate        | 0.0003      |
|    loss                 | -0.0533     |
|    n_updates            | 850         |
|    policy_gradient_loss | -0.0302     |
|    value_loss           | 0.00266     |
-----------------------------------------
-----------------------------------------
| rollout/                |             |
|    ep_len_mean          | 170         |
|    ep_rew_mean          | 65.6        |
| time/                   |             |
|    fps                  | 30          |
|    iterations           | 87          |
|    time_elapsed         | 1457        |
|    total_timesteps      | 44544       |
| train/                  |             |
|    approx_kl            | 0.019891214 |
|    clip_fraction        | 0.135       |
|    clip_range           | 0.2         |
|    entropy_loss         | -0.541      |
|    explained_variance   | -2.99       |
|    learning_rate        | 0.0003      |
|    loss                 | -0.0668     |
|    n_updates            | 860         |
|    policy_gradient_loss | -0.0341     |
|    value_loss           | 0.000913    |
-----------------------------------------
[Eval @45000] R=8.4±0.4 CR=0.000 Spd=20.9 LC=8.1 SR=1.000
-----------------------------------------
| rollout/                |             |
|    ep_len_mean          | 168         |
|    ep_rew_mean          | 64.6        |
| time/                   |             |
|    fps                  | 28          |
|    iterations           | 88          |
|    time_elapsed         | 1555        |
|    total_timesteps      | 45056       |
| train/                  |             |
|    approx_kl            | 0.016062068 |
|    clip_fraction        | 0.104       |
|    clip_range           | 0.2         |
|    entropy_loss         | -0.329      |
|    explained_variance   | -5.23       |
|    learning_rate        | 0.0003      |
|    loss                 | -0.0312     |
|    n_updates            | 870         |
|    policy_gradient_loss | -0.0365     |
|    value_loss           | 0.000943    |
-----------------------------------------
------------------------------------------
| rollout/                |              |
|    ep_len_mean          | 169          |
|    ep_rew_mean          | 65           |
| time/                   |              |
|    fps                  | 28           |
|    iterations           | 89           |
|    time_elapsed         | 1575         |
|    total_timesteps      | 45568        |
| train/                  |              |
|    approx_kl            | 0.0112624075 |
|    clip_fraction        | 0.0891       |
|    clip_range           | 0.2          |
|    entropy_loss         | -0.379       |
|    explained_variance   | -0.00156     |
|    learning_rate        | 0.0003       |
|    loss                 | -0.0376      |
|    n_updates            | 880          |
|    policy_gradient_loss | -0.0247      |
|    value_loss           | 0.0066       |
------------------------------------------
-----------------------------------------
| rollout/                |             |
|    ep_len_mean          | 169         |
|    ep_rew_mean          | 65.2        |
| time/                   |             |
|    fps                  | 28          |
|    iterations           | 90          |
|    time_elapsed         | 1596        |
|    total_timesteps      | 46080       |
| train/                  |             |
|    approx_kl            | 0.017143473 |
|    clip_fraction        | 0.122       |
|    clip_range           | 0.2         |
|    entropy_loss         | -0.413      |
|    explained_variance   | -0.237      |
|    learning_rate        | 0.0003      |
|    loss                 | -0.0698     |
|    n_updates            | 890         |
|    policy_gradient_loss | -0.0311     |
|    value_loss           | 0.00376     |
-----------------------------------------
-----------------------------------------
| rollout/                |             |
|    ep_len_mean          | 170         |
|    ep_rew_mean          | 65.6        |
| time/                   |             |
|    fps                  | 28          |
|    iterations           | 91          |
|    time_elapsed         | 1616        |
|    total_timesteps      | 46592       |
| train/                  |             |
|    approx_kl            | 0.018232303 |
|    clip_fraction        | 0.129       |
|    clip_range           | 0.2         |
|    entropy_loss         | -0.406      |
|    explained_variance   | -5.08       |
|    learning_rate        | 0.0003      |
|    loss                 | -0.0476     |
|    n_updates            | 900         |
|    policy_gradient_loss | -0.0288     |
|    value_loss           | 0.000742    |
-----------------------------------------
-----------------------------------------
| rollout/                |             |
|    ep_len_mean          | 171         |
|    ep_rew_mean          | 66.4        |
| time/                   |             |
|    fps                  | 28          |
|    iterations           | 92          |
|    time_elapsed         | 1626        |
|    total_timesteps      | 47104       |
| train/                  |             |
|    approx_kl            | 0.021106098 |
|    clip_fraction        | 0.116       |
|    clip_range           | 0.2         |
|    entropy_loss         | -0.411      |
|    explained_variance   | -0.598      |
|    learning_rate        | 0.0003      |
|    loss                 | -0.0517     |
|    n_updates            | 910         |
|    policy_gradient_loss | -0.0346     |
|    value_loss           | 0.000977    |
-----------------------------------------
-----------------------------------------
| rollout/                |             |
|    ep_len_mean          | 170         |
|    ep_rew_mean          | 66          |
| time/                   |             |
|    fps                  | 28          |
|    iterations           | 93          |
|    time_elapsed         | 1646        |
|    total_timesteps      | 47616       |
| train/                  |             |
|    approx_kl            | 0.023432089 |
|    clip_fraction        | 0.162       |
|    clip_range           | 0.2         |
|    entropy_loss         | -0.479      |
|    explained_variance   | -3.08       |
|    learning_rate        | 0.0003      |
|    loss                 | -0.0637     |
|    n_updates            | 920         |
|    policy_gradient_loss | -0.0359     |
|    value_loss           | 0.000362    |
-----------------------------------------
-----------------------------------------
| rollout/                |             |
|    ep_len_mean          | 172         |
|    ep_rew_mean          | 67.1        |
| time/                   |             |
|    fps                  | 28          |
|    iterations           | 94          |
|    time_elapsed         | 1667        |
|    total_timesteps      | 48128       |
| train/                  |             |
|    approx_kl            | 0.020112399 |
|    clip_fraction        | 0.153       |
|    clip_range           | 0.2         |
|    entropy_loss         | -0.442      |
|    explained_variance   | -0.0816     |
|    learning_rate        | 0.0003      |
|    loss                 | -0.0678     |
|    n_updates            | 930         |
|    policy_gradient_loss | -0.0386     |
|    value_loss           | 0.00222     |
-----------------------------------------
-----------------------------------------
| rollout/                |             |
|    ep_len_mean          | 171         |
|    ep_rew_mean          | 66.8        |
| time/                   |             |
|    fps                  | 28          |
|    iterations           | 95          |
|    time_elapsed         | 1687        |
|    total_timesteps      | 48640       |
| train/                  |             |
|    approx_kl            | 0.018735064 |
|    clip_fraction        | 0.144       |
|    clip_range           | 0.2         |
|    entropy_loss         | -0.466      |
|    explained_variance   | -0.412      |
|    learning_rate        | 0.0003      |
|    loss                 | -0.075      |
|    n_updates            | 940         |
|    policy_gradient_loss | -0.0375     |
|    value_loss           | 0.00303     |
-----------------------------------------
-----------------------------------------
| rollout/                |             |
|    ep_len_mean          | 172         |
|    ep_rew_mean          | 66.8        |
| time/                   |             |
|    fps                  | 28          |
|    iterations           | 96          |
|    time_elapsed         | 1707        |
|    total_timesteps      | 49152       |
| train/                  |             |
|    approx_kl            | 0.033961654 |
|    clip_fraction        | 0.159       |
|    clip_range           | 0.2         |
|    entropy_loss         | -0.555      |
|    explained_variance   | 0.0247      |
|    learning_rate        | 0.0003      |
|    loss                 | -0.051      |
|    n_updates            | 950         |
|    policy_gradient_loss | -0.0427     |
|    value_loss           | 0.00243     |
-----------------------------------------
-----------------------------------------
| rollout/                |             |
|    ep_len_mean          | 173         |
|    ep_rew_mean          | 67.8        |
| time/                   |             |
|    fps                  | 28          |
|    iterations           | 97          |
|    time_elapsed         | 1728        |
|    total_timesteps      | 49664       |
| train/                  |             |
|    approx_kl            | 0.032095376 |
|    clip_fraction        | 0.196       |
|    clip_range           | 0.2         |
|    entropy_loss         | -0.623      |
|    explained_variance   | -0.464      |
|    learning_rate        | 0.0003      |
|    loss                 | -0.0871     |
|    n_updates            | 960         |
|    policy_gradient_loss | -0.0467     |
|    value_loss           | 0.00253     |
-----------------------------------------
[Eval @50000] R=8.2±0.5 CR=0.000 Spd=20.6 LC=7.3 SR=1.000
-----------------------------------------
| rollout/                |             |
|    ep_len_mean          | 175         |
|    ep_rew_mean          | 68.7        |
| time/                   |             |
|    fps                  | 27          |
|    iterations           | 98          |
|    time_elapsed         | 1826        |
|    total_timesteps      | 50176       |
| train/                  |             |
|    approx_kl            | 0.015465639 |
|    clip_fraction        | 0.105       |
|    clip_range           | 0.2         |
|    entropy_loss         | -0.408      |
|    explained_variance   | -4.5        |
|    learning_rate        | 0.0003      |
|    loss                 | -0.0475     |
|    n_updates            | 970         |
|    policy_gradient_loss | -0.0359     |
|    value_loss           | 0.000531    |
-----------------------------------------
[PPO] Done. Model: ./logs/ppo/comfort/seed_123/final_model.zip
