[WARNING] GrayscaleImage not available, falling back to OccupancyGrid.
[PPO] reward=aggressive seed=789 steps=50000 policy=MlpPolicy
[PPO] run_dir=./logs/ppo/aggressive/seed_789
[WARNING] GrayscaleImage not available, falling back to OccupancyGrid.
[WARNING] GrayscaleImage not available, falling back to OccupancyGrid.
Using cpu device
Logging to ./logs/ppo/aggressive/seed_789/ppo_aggressive_seed789_1
---------------------------------
| rollout/           |          |
|    ep_len_mean     | 36.2     |
|    ep_rew_mean     | 28.1     |
| time/              |          |
|    fps             | 76       |
|    iterations      | 1        |
|    time_elapsed    | 6        |
|    total_timesteps | 512      |
---------------------------------
------------------------------------------
| rollout/                |              |
|    ep_len_mean          | 40.8         |
|    ep_rew_mean          | 32.1         |
| time/                   |              |
|    fps                  | 76           |
|    iterations           | 2            |
|    time_elapsed         | 13           |
|    total_timesteps      | 1024         |
| train/                  |              |
|    approx_kl            | 0.0038105794 |
|    clip_fraction        | 0.0041       |
|    clip_range           | 0.2          |
|    entropy_loss         | -1.61        |
|    explained_variance   | -0.653       |
|    learning_rate        | 0.0003       |
|    loss                 | 1.45         |
|    n_updates            | 10           |
|    policy_gradient_loss | -0.0171      |
|    value_loss           | 0.558        |
------------------------------------------
------------------------------------------
| rollout/                |              |
|    ep_len_mean          | 40.2         |
|    ep_rew_mean          | 31.4         |
| time/                   |              |
|    fps                  | 76           |
|    iterations           | 3            |
|    time_elapsed         | 20           |
|    total_timesteps      | 1536         |
| train/                  |              |
|    approx_kl            | 0.0075991815 |
|    clip_fraction        | 0.0322       |
|    clip_range           | 0.2          |
|    entropy_loss         | -1.6         |
|    explained_variance   | -1.6         |
|    learning_rate        | 0.0003       |
|    loss                 | -0.0909      |
|    n_updates            | 20           |
|    policy_gradient_loss | -0.0362      |
|    value_loss           | 0.0274       |
------------------------------------------
------------------------------------------
| rollout/                |              |
|    ep_len_mean          | 46.3         |
|    ep_rew_mean          | 37.1         |
| time/                   |              |
|    fps                  | 76           |
|    iterations           | 4            |
|    time_elapsed         | 26           |
|    total_timesteps      | 2048         |
| train/                  |              |
|    approx_kl            | 0.0076404847 |
|    clip_fraction        | 0.0465       |
|    clip_range           | 0.2          |
|    entropy_loss         | -1.6         |
|    explained_variance   | -2.05        |
|    learning_rate        | 0.0003       |
|    loss                 | -0.0837      |
|    n_updates            | 30           |
|    policy_gradient_loss | -0.0402      |
|    value_loss           | 0.0214       |
------------------------------------------
-----------------------------------------
| rollout/                |             |
|    ep_len_mean          | 46.4        |
|    ep_rew_mean          | 37.2        |
| time/                   |             |
|    fps                  | 76          |
|    iterations           | 5           |
|    time_elapsed         | 33          |
|    total_timesteps      | 2560        |
| train/                  |             |
|    approx_kl            | 0.010857085 |
|    clip_fraction        | 0.0777      |
|    clip_range           | 0.2         |
|    entropy_loss         | -1.59       |
|    explained_variance   | -3.26       |
|    learning_rate        | 0.0003      |
|    loss                 | -0.101      |
|    n_updates            | 40          |
|    policy_gradient_loss | -0.048      |
|    value_loss           | 0.0142      |
-----------------------------------------
----------------------------------------
| rollout/                |            |
|    ep_len_mean          | 46.7       |
|    ep_rew_mean          | 37.4       |
| time/                   |            |
|    fps                  | 76         |
|    iterations           | 6          |
|    time_elapsed         | 40         |
|    total_timesteps      | 3072       |
| train/                  |            |
|    approx_kl            | 0.01224055 |
|    clip_fraction        | 0.0977     |
|    clip_range           | 0.2        |
|    entropy_loss         | -1.58      |
|    explained_variance   | -0.91      |
|    learning_rate        | 0.0003     |
|    loss                 | -0.107     |
|    n_updates            | 50         |
|    policy_gradient_loss | -0.0521    |
|    value_loss           | 0.00777    |
----------------------------------------
-----------------------------------------
| rollout/                |             |
|    ep_len_mean          | 48.4        |
|    ep_rew_mean          | 39          |
| time/                   |             |
|    fps                  | 76          |
|    iterations           | 7           |
|    time_elapsed         | 46          |
|    total_timesteps      | 3584        |
| train/                  |             |
|    approx_kl            | 0.011088934 |
|    clip_fraction        | 0.0945      |
|    clip_range           | 0.2         |
|    entropy_loss         | -1.56       |
|    explained_variance   | -1.85       |
|    learning_rate        | 0.0003      |
|    loss                 | -0.107      |
|    n_updates            | 60          |
|    policy_gradient_loss | -0.0508     |
|    value_loss           | 0.00798     |
-----------------------------------------
-----------------------------------------
| rollout/                |             |
|    ep_len_mean          | 52.3        |
|    ep_rew_mean          | 42.5        |
| time/                   |             |
|    fps                  | 76          |
|    iterations           | 8           |
|    time_elapsed         | 53          |
|    total_timesteps      | 4096        |
| train/                  |             |
|    approx_kl            | 0.013811575 |
|    clip_fraction        | 0.113       |
|    clip_range           | 0.2         |
|    entropy_loss         | -1.55       |
|    explained_variance   | -0.667      |
|    learning_rate        | 0.0003      |
|    loss                 | -0.104      |
|    n_updates            | 70          |
|    policy_gradient_loss | -0.0531     |
|    value_loss           | 0.00645     |
-----------------------------------------
----------------------------------------
| rollout/                |            |
|    ep_len_mean          | 54.8       |
|    ep_rew_mean          | 44.7       |
| time/                   |            |
|    fps                  | 76         |
|    iterations           | 9          |
|    time_elapsed         | 60         |
|    total_timesteps      | 4608       |
| train/                  |            |
|    approx_kl            | 0.01571735 |
|    clip_fraction        | 0.153      |
|    clip_range           | 0.2        |
|    entropy_loss         | -1.53      |
|    explained_variance   | -9.37      |
|    learning_rate        | 0.0003     |
|    loss                 | -0.108     |
|    n_updates            | 80         |
|    policy_gradient_loss | -0.0615    |
|    value_loss           | 0.00606    |
----------------------------------------
[Eval @5000] NEW BEST mean_reward=9.770
[Eval @5000] R=9.8±7.3 CR=0.100 Spd=21.9 LC=97.3 SR=0.900
----------------------------------------
| rollout/                |            |
|    ep_len_mean          | 58.5       |
|    ep_rew_mean          | 48.2       |
| time/                   |            |
|    fps                  | 56         |
|    iterations           | 10         |
|    time_elapsed         | 90         |
|    total_timesteps      | 5120       |
| train/                  |            |
|    approx_kl            | 0.01664029 |
|    clip_fraction        | 0.143      |
|    clip_range           | 0.2        |
|    entropy_loss         | -1.52      |
|    explained_variance   | -3         |
|    learning_rate        | 0.0003     |
|    loss                 | -0.133     |
|    n_updates            | 90         |
|    policy_gradient_loss | -0.0624    |
|    value_loss           | 0.00804    |
----------------------------------------
-----------------------------------------
| rollout/                |             |
|    ep_len_mean          | 60.3        |
|    ep_rew_mean          | 49.8        |
| time/                   |             |
|    fps                  | 57          |
|    iterations           | 11          |
|    time_elapsed         | 97          |
|    total_timesteps      | 5632        |
| train/                  |             |
|    approx_kl            | 0.017027754 |
|    clip_fraction        | 0.146       |
|    clip_range           | 0.2         |
|    entropy_loss         | -1.49       |
|    explained_variance   | -16         |
|    learning_rate        | 0.0003      |
|    loss                 | -0.128      |
|    n_updates            | 100         |
|    policy_gradient_loss | -0.0625     |
|    value_loss           | 0.00587     |
-----------------------------------------
-----------------------------------------
| rollout/                |             |
|    ep_len_mean          | 61.1        |
|    ep_rew_mean          | 50.5        |
| time/                   |             |
|    fps                  | 58          |
|    iterations           | 12          |
|    time_elapsed         | 104         |
|    total_timesteps      | 6144        |
| train/                  |             |
|    approx_kl            | 0.013773337 |
|    clip_fraction        | 0.131       |
|    clip_range           | 0.2         |
|    entropy_loss         | -1.48       |
|    explained_variance   | -2.86       |
|    learning_rate        | 0.0003      |
|    loss                 | -0.0861     |
|    n_updates            | 110         |
|    policy_gradient_loss | -0.05       |
|    value_loss           | 0.0041      |
-----------------------------------------
-----------------------------------------
| rollout/                |             |
|    ep_len_mean          | 64.6        |
|    ep_rew_mean          | 53.7        |
| time/                   |             |
|    fps                  | 59          |
|    iterations           | 13          |
|    time_elapsed         | 111         |
|    total_timesteps      | 6656        |
| train/                  |             |
|    approx_kl            | 0.015557529 |
|    clip_fraction        | 0.125       |
|    clip_range           | 0.2         |
|    entropy_loss         | -1.49       |
|    explained_variance   | -1.44       |
|    learning_rate        | 0.0003      |
|    loss                 | -0.107      |
|    n_updates            | 120         |
|    policy_gradient_loss | -0.0553     |
|    value_loss           | 0.00442     |
-----------------------------------------
-----------------------------------------
| rollout/                |             |
|    ep_len_mean          | 66.6        |
|    ep_rew_mean          | 55.6        |
| time/                   |             |
|    fps                  | 59          |
|    iterations           | 14          |
|    time_elapsed         | 119         |
|    total_timesteps      | 7168        |
| train/                  |             |
|    approx_kl            | 0.017293321 |
|    clip_fraction        | 0.166       |
|    clip_range           | 0.2         |
|    entropy_loss         | -1.46       |
|    explained_variance   | -1.41       |
|    learning_rate        | 0.0003      |
|    loss                 | -0.11       |
|    n_updates            | 130         |
|    policy_gradient_loss | -0.0587     |
|    value_loss           | 0.00332     |
-----------------------------------------
------------------------------------------
| rollout/                |              |
|    ep_len_mean          | 69.2         |
|    ep_rew_mean          | 57.9         |
| time/                   |              |
|    fps                  | 59           |
|    iterations           | 15           |
|    time_elapsed         | 128          |
|    total_timesteps      | 7680         |
| train/                  |              |
|    approx_kl            | 0.0152206095 |
|    clip_fraction        | 0.141        |
|    clip_range           | 0.2          |
|    entropy_loss         | -1.47        |
|    explained_variance   | -0.773       |
|    learning_rate        | 0.0003       |
|    loss                 | -0.106       |
|    n_updates            | 140          |
|    policy_gradient_loss | -0.0561      |
|    value_loss           | 0.0038       |
------------------------------------------
-----------------------------------------
| rollout/                |             |
|    ep_len_mean          | 71.8        |
|    ep_rew_mean          | 60.3        |
| time/                   |             |
|    fps                  | 60          |
|    iterations           | 16          |
|    time_elapsed         | 135         |
|    total_timesteps      | 8192        |
| train/                  |             |
|    approx_kl            | 0.018474774 |
|    clip_fraction        | 0.172       |
|    clip_range           | 0.2         |
|    entropy_loss         | -1.42       |
|    explained_variance   | -1.55       |
|    learning_rate        | 0.0003      |
|    loss                 | -0.124      |
|    n_updates            | 150         |
|    policy_gradient_loss | -0.063      |
|    value_loss           | 0.00343     |
-----------------------------------------
-----------------------------------------
| rollout/                |             |
|    ep_len_mean          | 75.8        |
|    ep_rew_mean          | 64          |
| time/                   |             |
|    fps                  | 61          |
|    iterations           | 17          |
|    time_elapsed         | 142         |
|    total_timesteps      | 8704        |
| train/                  |             |
|    approx_kl            | 0.020285329 |
|    clip_fraction        | 0.187       |
|    clip_range           | 0.2         |
|    entropy_loss         | -1.44       |
|    explained_variance   | -3.19       |
|    learning_rate        | 0.0003      |
|    loss                 | -0.117      |
|    n_updates            | 160         |
|    policy_gradient_loss | -0.0663     |
|    value_loss           | 0.00347     |
-----------------------------------------
----------------------------------------
| rollout/                |            |
|    ep_len_mean          | 78.3       |
|    ep_rew_mean          | 66.3       |
| time/                   |            |
|    fps                  | 61         |
|    iterations           | 18         |
|    time_elapsed         | 148        |
|    total_timesteps      | 9216       |
| train/                  |            |
|    approx_kl            | 0.01626136 |
|    clip_fraction        | 0.161      |
|    clip_range           | 0.2        |
|    entropy_loss         | -1.4       |
|    explained_variance   | -2.08      |
|    learning_rate        | 0.0003     |
|    loss                 | -0.116     |
|    n_updates            | 170        |
|    policy_gradient_loss | -0.0566    |
|    value_loss           | 0.00259    |
----------------------------------------
-----------------------------------------
| rollout/                |             |
|    ep_len_mean          | 80.5        |
|    ep_rew_mean          | 68.3        |
| time/                   |             |
|    fps                  | 62          |
|    iterations           | 19          |
|    time_elapsed         | 155         |
|    total_timesteps      | 9728        |
| train/                  |             |
|    approx_kl            | 0.018779846 |
|    clip_fraction        | 0.159       |
|    clip_range           | 0.2         |
|    entropy_loss         | -1.39       |
|    explained_variance   | -1.1        |
|    learning_rate        | 0.0003      |
|    loss                 | -0.105      |
|    n_updates            | 180         |
|    policy_gradient_loss | -0.059      |
|    value_loss           | 0.00326     |
-----------------------------------------
[Eval @10000] R=7.7±2.4 CR=0.100 Spd=22.0 LC=30.3 SR=0.900
-----------------------------------------
| rollout/                |             |
|    ep_len_mean          | 83.2        |
|    ep_rew_mean          | 70.7        |
| time/                   |             |
|    fps                  | 55          |
|    iterations           | 20          |
|    time_elapsed         | 186         |
|    total_timesteps      | 10240       |
| train/                  |             |
|    approx_kl            | 0.017221699 |
|    clip_fraction        | 0.17        |
|    clip_range           | 0.2         |
|    entropy_loss         | -1.37       |
|    explained_variance   | -2.06       |
|    learning_rate        | 0.0003      |
|    loss                 | -0.11       |
|    n_updates            | 190         |
|    policy_gradient_loss | -0.06       |
|    value_loss           | 0.00327     |
-----------------------------------------
----------------------------------------
| rollout/                |            |
|    ep_len_mean          | 85.2       |
|    ep_rew_mean          | 72.6       |
| time/                   |            |
|    fps                  | 55         |
|    iterations           | 21         |
|    time_elapsed         | 192        |
|    total_timesteps      | 10752      |
| train/                  |            |
|    approx_kl            | 0.01961586 |
|    clip_fraction        | 0.177      |
|    clip_range           | 0.2        |
|    entropy_loss         | -1.34      |
|    explained_variance   | -1.15      |
|    learning_rate        | 0.0003     |
|    loss                 | -0.111     |
|    n_updates            | 200        |
|    policy_gradient_loss | -0.0636    |
|    value_loss           | 0.00295    |
----------------------------------------
-----------------------------------------
| rollout/                |             |
|    ep_len_mean          | 87.8        |
|    ep_rew_mean          | 74.9        |
| time/                   |             |
|    fps                  | 56          |
|    iterations           | 22          |
|    time_elapsed         | 199         |
|    total_timesteps      | 11264       |
| train/                  |             |
|    approx_kl            | 0.018555628 |
|    clip_fraction        | 0.17        |
|    clip_range           | 0.2         |
|    entropy_loss         | -1.35       |
|    explained_variance   | -3.19       |
|    learning_rate        | 0.0003      |
|    loss                 | -0.0976     |
|    n_updates            | 210         |
|    policy_gradient_loss | -0.0572     |
|    value_loss           | 0.00411     |
-----------------------------------------
-----------------------------------------
| rollout/                |             |
|    ep_len_mean          | 91.7        |
|    ep_rew_mean          | 78.5        |
| time/                   |             |
|    fps                  | 54          |
|    iterations           | 23          |
|    time_elapsed         | 215         |
|    total_timesteps      | 11776       |
| train/                  |             |
|    approx_kl            | 0.021148227 |
|    clip_fraction        | 0.204       |
|    clip_range           | 0.2         |
|    entropy_loss         | -1.31       |
|    explained_variance   | -1.66       |
|    learning_rate        | 0.0003      |
|    loss                 | -0.106      |
|    n_updates            | 220         |
|    policy_gradient_loss | -0.0622     |
|    value_loss           | 0.003       |
-----------------------------------------
-----------------------------------------
| rollout/                |             |
|    ep_len_mean          | 94.9        |
|    ep_rew_mean          | 81.4        |
| time/                   |             |
|    fps                  | 52          |
|    iterations           | 24          |
|    time_elapsed         | 236         |
|    total_timesteps      | 12288       |
| train/                  |             |
|    approx_kl            | 0.019108074 |
|    clip_fraction        | 0.146       |
|    clip_range           | 0.2         |
|    entropy_loss         | -1.29       |
|    explained_variance   | -1.61       |
|    learning_rate        | 0.0003      |
|    loss                 | -0.0847     |
|    n_updates            | 230         |
|    policy_gradient_loss | -0.0539     |
|    value_loss           | 0.00219     |
-----------------------------------------
-----------------------------------------
| rollout/                |             |
|    ep_len_mean          | 95.5        |
|    ep_rew_mean          | 81.9        |
| time/                   |             |
|    fps                  | 52          |
|    iterations           | 25          |
|    time_elapsed         | 243         |
|    total_timesteps      | 12800       |
| train/                  |             |
|    approx_kl            | 0.019291177 |
|    clip_fraction        | 0.17        |
|    clip_range           | 0.2         |
|    entropy_loss         | -1.28       |
|    explained_variance   | -4.2        |
|    learning_rate        | 0.0003      |
|    loss                 | -0.101      |
|    n_updates            | 240         |
|    policy_gradient_loss | -0.0605     |
|    value_loss           | 0.00289     |
-----------------------------------------
-----------------------------------------
| rollout/                |             |
|    ep_len_mean          | 98          |
|    ep_rew_mean          | 84.3        |
| time/                   |             |
|    fps                  | 53          |
|    iterations           | 26          |
|    time_elapsed         | 249         |
|    total_timesteps      | 13312       |
| train/                  |             |
|    approx_kl            | 0.018199023 |
|    clip_fraction        | 0.188       |
|    clip_range           | 0.2         |
|    entropy_loss         | -1.26       |
|    explained_variance   | -1.1        |
|    learning_rate        | 0.0003      |
|    loss                 | -0.0973     |
|    n_updates            | 250         |
|    policy_gradient_loss | -0.0555     |
|    value_loss           | 0.00225     |
-----------------------------------------
-----------------------------------------
| rollout/                |             |
|    ep_len_mean          | 95          |
|    ep_rew_mean          | 81.7        |
| time/                   |             |
|    fps                  | 53          |
|    iterations           | 27          |
|    time_elapsed         | 256         |
|    total_timesteps      | 13824       |
| train/                  |             |
|    approx_kl            | 0.021993816 |
|    clip_fraction        | 0.204       |
|    clip_range           | 0.2         |
|    entropy_loss         | -1.24       |
|    explained_variance   | -1.41       |
|    learning_rate        | 0.0003      |
|    loss                 | -0.0952     |
|    n_updates            | 260         |
|    policy_gradient_loss | -0.065      |
|    value_loss           | 0.00416     |
-----------------------------------------
---------------------------------------
| rollout/                |           |
|    ep_len_mean          | 97.2      |
|    ep_rew_mean          | 83.8      |
| time/                   |           |
|    fps                  | 53        |
|    iterations           | 28        |
|    time_elapsed         | 266       |
|    total_timesteps      | 14336     |
| train/                  |           |
|    approx_kl            | 0.0213562 |
|    clip_fraction        | 0.212     |
|    clip_range           | 0.2       |
|    entropy_loss         | -1.23     |
|    explained_variance   | -0.569    |
|    learning_rate        | 0.0003    |
|    loss                 | -0.087    |
|    n_updates            | 270       |
|    policy_gradient_loss | -0.0617   |
|    value_loss           | 0.00345   |
---------------------------------------
-----------------------------------------
| rollout/                |             |
|    ep_len_mean          | 93.5        |
|    ep_rew_mean          | 80.3        |
| time/                   |             |
|    fps                  | 54          |
|    iterations           | 29          |
|    time_elapsed         | 272         |
|    total_timesteps      | 14848       |
| train/                  |             |
|    approx_kl            | 0.020887025 |
|    clip_fraction        | 0.192       |
|    clip_range           | 0.2         |
|    entropy_loss         | -1.26       |
|    explained_variance   | -0.878      |
|    learning_rate        | 0.0003      |
|    loss                 | -0.0855     |
|    n_updates            | 280         |
|    policy_gradient_loss | -0.0558     |
|    value_loss           | 0.0023      |
-----------------------------------------
[Eval @15000] R=7.4±2.2 CR=0.200 Spd=21.4 LC=35.2 SR=0.800
-----------------------------------------
| rollout/                |             |
|    ep_len_mean          | 95.5        |
|    ep_rew_mean          | 82          |
| time/                   |             |
|    fps                  | 50          |
|    iterations           | 30          |
|    time_elapsed         | 302         |
|    total_timesteps      | 15360       |
| train/                  |             |
|    approx_kl            | 0.021306392 |
|    clip_fraction        | 0.18        |
|    clip_range           | 0.2         |
|    entropy_loss         | -1.22       |
|    explained_variance   | -0.756      |
|    learning_rate        | 0.0003      |
|    loss                 | -0.103      |
|    n_updates            | 290         |
|    policy_gradient_loss | -0.0603     |
|    value_loss           | 0.0024      |
-----------------------------------------
----------------------------------------
| rollout/                |            |
|    ep_len_mean          | 98.5       |
|    ep_rew_mean          | 84.8       |
| time/                   |            |
|    fps                  | 50         |
|    iterations           | 31         |
|    time_elapsed         | 313        |
|    total_timesteps      | 15872      |
| train/                  |            |
|    approx_kl            | 0.01956671 |
|    clip_fraction        | 0.163      |
|    clip_range           | 0.2        |
|    entropy_loss         | -1.21      |
|    explained_variance   | -0.792     |
|    learning_rate        | 0.0003     |
|    loss                 | -0.0989    |
|    n_updates            | 300        |
|    policy_gradient_loss | -0.0584    |
|    value_loss           | 0.00252    |
----------------------------------------
-----------------------------------------
| rollout/                |             |
|    ep_len_mean          | 99.2        |
|    ep_rew_mean          | 85.6        |
| time/                   |             |
|    fps                  | 49          |
|    iterations           | 32          |
|    time_elapsed         | 334         |
|    total_timesteps      | 16384       |
| train/                  |             |
|    approx_kl            | 0.019443836 |
|    clip_fraction        | 0.186       |
|    clip_range           | 0.2         |
|    entropy_loss         | -1.15       |
|    explained_variance   | -3.64       |
|    learning_rate        | 0.0003      |
|    loss                 | -0.0804     |
|    n_updates            | 310         |
|    policy_gradient_loss | -0.0548     |
|    value_loss           | 0.00153     |
-----------------------------------------
-----------------------------------------
| rollout/                |             |
|    ep_len_mean          | 101         |
|    ep_rew_mean          | 86.9        |
| time/                   |             |
|    fps                  | 47          |
|    iterations           | 33          |
|    time_elapsed         | 354         |
|    total_timesteps      | 16896       |
| train/                  |             |
|    approx_kl            | 0.019918744 |
|    clip_fraction        | 0.17        |
|    clip_range           | 0.2         |
|    entropy_loss         | -1.19       |
|    explained_variance   | -1.23       |
|    learning_rate        | 0.0003      |
|    loss                 | -0.109      |
|    n_updates            | 320         |
|    policy_gradient_loss | -0.057      |
|    value_loss           | 0.0031      |
-----------------------------------------
-----------------------------------------
| rollout/                |             |
|    ep_len_mean          | 103         |
|    ep_rew_mean          | 88.8        |
| time/                   |             |
|    fps                  | 46          |
|    iterations           | 34          |
|    time_elapsed         | 375         |
|    total_timesteps      | 17408       |
| train/                  |             |
|    approx_kl            | 0.021738881 |
|    clip_fraction        | 0.163       |
|    clip_range           | 0.2         |
|    entropy_loss         | -1.16       |
|    explained_variance   | -0.93       |
|    learning_rate        | 0.0003      |
|    loss                 | -0.1        |
|    n_updates            | 330         |
|    policy_gradient_loss | -0.0574     |
|    value_loss           | 0.002       |
-----------------------------------------
----------------------------------------
| rollout/                |            |
|    ep_len_mean          | 104        |
|    ep_rew_mean          | 90.4       |
| time/                   |            |
|    fps                  | 45         |
|    iterations           | 35         |
|    time_elapsed         | 396        |
|    total_timesteps      | 17920      |
| train/                  |            |
|    approx_kl            | 0.01974704 |
|    clip_fraction        | 0.186      |
|    clip_range           | 0.2        |
|    entropy_loss         | -1.19      |
|    explained_variance   | -2.09      |
|    learning_rate        | 0.0003     |
|    loss                 | -0.0941    |
|    n_updates            | 340        |
|    policy_gradient_loss | -0.0555    |
|    value_loss           | 0.0018     |
----------------------------------------
-----------------------------------------
| rollout/                |             |
|    ep_len_mean          | 102         |
|    ep_rew_mean          | 87.8        |
| time/                   |             |
|    fps                  | 45          |
|    iterations           | 36          |
|    time_elapsed         | 402         |
|    total_timesteps      | 18432       |
| train/                  |             |
|    approx_kl            | 0.018760454 |
|    clip_fraction        | 0.193       |
|    clip_range           | 0.2         |
|    entropy_loss         | -1.13       |
|    explained_variance   | -0.733      |
|    learning_rate        | 0.0003      |
|    loss                 | -0.0883     |
|    n_updates            | 350         |
|    policy_gradient_loss | -0.0563     |
|    value_loss           | 0.0021      |
-----------------------------------------
-----------------------------------------
| rollout/                |             |
|    ep_len_mean          | 101         |
|    ep_rew_mean          | 87.5        |
| time/                   |             |
|    fps                  | 46          |
|    iterations           | 37          |
|    time_elapsed         | 409         |
|    total_timesteps      | 18944       |
| train/                  |             |
|    approx_kl            | 0.017786685 |
|    clip_fraction        | 0.153       |
|    clip_range           | 0.2         |
|    entropy_loss         | -1.1        |
|    explained_variance   | -0.759      |
|    learning_rate        | 0.0003      |
|    loss                 | -0.0854     |
|    n_updates            | 360         |
|    policy_gradient_loss | -0.0512     |
|    value_loss           | 0.00226     |
-----------------------------------------
-----------------------------------------
| rollout/                |             |
|    ep_len_mean          | 104         |
|    ep_rew_mean          | 90          |
| time/                   |             |
|    fps                  | 46          |
|    iterations           | 38          |
|    time_elapsed         | 416         |
|    total_timesteps      | 19456       |
| train/                  |             |
|    approx_kl            | 0.020517152 |
|    clip_fraction        | 0.17        |
|    clip_range           | 0.2         |
|    entropy_loss         | -1.12       |
|    explained_variance   | -1.95       |
|    learning_rate        | 0.0003      |
|    loss                 | -0.105      |
|    n_updates            | 370         |
|    policy_gradient_loss | -0.0546     |
|    value_loss           | 0.00205     |
-----------------------------------------
-----------------------------------------
| rollout/                |             |
|    ep_len_mean          | 104         |
|    ep_rew_mean          | 90.1        |
| time/                   |             |
|    fps                  | 46          |
|    iterations           | 39          |
|    time_elapsed         | 431         |
|    total_timesteps      | 19968       |
| train/                  |             |
|    approx_kl            | 0.022744479 |
|    clip_fraction        | 0.168       |
|    clip_range           | 0.2         |
|    entropy_loss         | -1.11       |
|    explained_variance   | -3.73       |
|    learning_rate        | 0.0003      |
|    loss                 | -0.0866     |
|    n_updates            | 380         |
|    policy_gradient_loss | -0.0516     |
|    value_loss           | 0.00131     |
-----------------------------------------
[Eval @20000] R=8.3±0.2 CR=0.000 Spd=21.2 LC=33.7 SR=1.000
-----------------------------------------
| rollout/                |             |
|    ep_len_mean          | 104         |
|    ep_rew_mean          | 90.6        |
| time/                   |             |
|    fps                  | 38          |
|    iterations           | 40          |
|    time_elapsed         | 531         |
|    total_timesteps      | 20480       |
| train/                  |             |
|    approx_kl            | 0.025205972 |
|    clip_fraction        | 0.194       |
|    clip_range           | 0.2         |
|    entropy_loss         | -1.09       |
|    explained_variance   | -0.451      |
|    learning_rate        | 0.0003      |
|    loss                 | -0.0899     |
|    n_updates            | 390         |
|    policy_gradient_loss | -0.0558     |
|    value_loss           | 0.00228     |
-----------------------------------------
-----------------------------------------
| rollout/                |             |
|    ep_len_mean          | 104         |
|    ep_rew_mean          | 90.4        |
| time/                   |             |
|    fps                  | 37          |
|    iterations           | 41          |
|    time_elapsed         | 552         |
|    total_timesteps      | 20992       |
| train/                  |             |
|    approx_kl            | 0.015593161 |
|    clip_fraction        | 0.149       |
|    clip_range           | 0.2         |
|    entropy_loss         | -1.04       |
|    explained_variance   | -1.25       |
|    learning_rate        | 0.0003      |
|    loss                 | -0.102      |
|    n_updates            | 400         |
|    policy_gradient_loss | -0.0417     |
|    value_loss           | 0.00125     |
-----------------------------------------
-----------------------------------------
| rollout/                |             |
|    ep_len_mean          | 107         |
|    ep_rew_mean          | 92.8        |
| time/                   |             |
|    fps                  | 37          |
|    iterations           | 42          |
|    time_elapsed         | 573         |
|    total_timesteps      | 21504       |
| train/                  |             |
|    approx_kl            | 0.024860222 |
|    clip_fraction        | 0.196       |
|    clip_range           | 0.2         |
|    entropy_loss         | -1.04       |
|    explained_variance   | -0.247      |
|    learning_rate        | 0.0003      |
|    loss                 | -0.0858     |
|    n_updates            | 410         |
|    policy_gradient_loss | -0.0561     |
|    value_loss           | 0.00151     |
-----------------------------------------
-----------------------------------------
| rollout/                |             |
|    ep_len_mean          | 107         |
|    ep_rew_mean          | 92.8        |
| time/                   |             |
|    fps                  | 37          |
|    iterations           | 43          |
|    time_elapsed         | 593         |
|    total_timesteps      | 22016       |
| train/                  |             |
|    approx_kl            | 0.020333244 |
|    clip_fraction        | 0.173       |
|    clip_range           | 0.2         |
|    entropy_loss         | -1.05       |
|    explained_variance   | -1.78       |
|    learning_rate        | 0.0003      |
|    loss                 | -0.0861     |
|    n_updates            | 420         |
|    policy_gradient_loss | -0.051      |
|    value_loss           | 0.00139     |
-----------------------------------------
-----------------------------------------
| rollout/                |             |
|    ep_len_mean          | 107         |
|    ep_rew_mean          | 93.5        |
| time/                   |             |
|    fps                  | 36          |
|    iterations           | 44          |
|    time_elapsed         | 614         |
|    total_timesteps      | 22528       |
| train/                  |             |
|    approx_kl            | 0.022287484 |
|    clip_fraction        | 0.174       |
|    clip_range           | 0.2         |
|    entropy_loss         | -1          |
|    explained_variance   | -2.31       |
|    learning_rate        | 0.0003      |
|    loss                 | -0.0866     |
|    n_updates            | 430         |
|    policy_gradient_loss | -0.0492     |
|    value_loss           | 0.0017      |
-----------------------------------------
-----------------------------------------
| rollout/                |             |
|    ep_len_mean          | 105         |
|    ep_rew_mean          | 91.7        |
| time/                   |             |
|    fps                  | 36          |
|    iterations           | 45          |
|    time_elapsed         | 631         |
|    total_timesteps      | 23040       |
| train/                  |             |
|    approx_kl            | 0.022496002 |
|    clip_fraction        | 0.195       |
|    clip_range           | 0.2         |
|    entropy_loss         | -1.02       |
|    explained_variance   | -0.259      |
|    learning_rate        | 0.0003      |
|    loss                 | -0.0923     |
|    n_updates            | 440         |
|    policy_gradient_loss | -0.0549     |
|    value_loss           | 0.00167     |
-----------------------------------------
-----------------------------------------
| rollout/                |             |
|    ep_len_mean          | 106         |
|    ep_rew_mean          | 92.3        |
| time/                   |             |
|    fps                  | 36          |
|    iterations           | 46          |
|    time_elapsed         | 638         |
|    total_timesteps      | 23552       |
| train/                  |             |
|    approx_kl            | 0.026675932 |
|    clip_fraction        | 0.229       |
|    clip_range           | 0.2         |
|    entropy_loss         | -1.01       |
|    explained_variance   | -1.08       |
|    learning_rate        | 0.0003      |
|    loss                 | -0.0831     |
|    n_updates            | 450         |
|    policy_gradient_loss | -0.0582     |
|    value_loss           | 0.00194     |
-----------------------------------------
----------------------------------------
| rollout/                |            |
|    ep_len_mean          | 109        |
|    ep_rew_mean          | 95.5       |
| time/                   |            |
|    fps                  | 37         |
|    iterations           | 47         |
|    time_elapsed         | 645        |
|    total_timesteps      | 24064      |
| train/                  |            |
|    approx_kl            | 0.02182721 |
|    clip_fraction        | 0.186      |
|    clip_range           | 0.2        |
|    entropy_loss         | -0.972     |
|    explained_variance   | -0.5       |
|    learning_rate        | 0.0003     |
|    loss                 | -0.0851    |
|    n_updates            | 460        |
|    policy_gradient_loss | -0.0557    |
|    value_loss           | 0.00149    |
----------------------------------------
-----------------------------------------
| rollout/                |             |
|    ep_len_mean          | 111         |
|    ep_rew_mean          | 97.1        |
| time/                   |             |
|    fps                  | 37          |
|    iterations           | 48          |
|    time_elapsed         | 651         |
|    total_timesteps      | 24576       |
| train/                  |             |
|    approx_kl            | 0.028696667 |
|    clip_fraction        | 0.233       |
|    clip_range           | 0.2         |
|    entropy_loss         | -1.01       |
|    explained_variance   | -1.31       |
|    learning_rate        | 0.0003      |
|    loss                 | -0.0859     |
|    n_updates            | 470         |
|    policy_gradient_loss | -0.0625     |
|    value_loss           | 0.00111     |
-----------------------------------------
[Eval @25000] R=8.5±0.2 CR=0.100 Spd=21.9 LC=44.8 SR=0.900
----------------------------------------
| rollout/                |            |
|    ep_len_mean          | 114        |
|    ep_rew_mean          | 100        |
| time/                   |            |
|    fps                  | 36         |
|    iterations           | 49         |
|    time_elapsed         | 692        |
|    total_timesteps      | 25088      |
| train/                  |            |
|    approx_kl            | 0.02815617 |
|    clip_fraction        | 0.206      |
|    clip_range           | 0.2        |
|    entropy_loss         | -0.949     |
|    explained_variance   | -0.543     |
|    learning_rate        | 0.0003     |
|    loss                 | -0.0901    |
|    n_updates            | 480        |
|    policy_gradient_loss | -0.0564    |
|    value_loss           | 0.00129    |
----------------------------------------
-----------------------------------------
| rollout/                |             |
|    ep_len_mean          | 117         |
|    ep_rew_mean          | 102         |
| time/                   |             |
|    fps                  | 36          |
|    iterations           | 50          |
|    time_elapsed         | 698         |
|    total_timesteps      | 25600       |
| train/                  |             |
|    approx_kl            | 0.023532804 |
|    clip_fraction        | 0.228       |
|    clip_range           | 0.2         |
|    entropy_loss         | -0.978      |
|    explained_variance   | -2.79       |
|    learning_rate        | 0.0003      |
|    loss                 | -0.0921     |
|    n_updates            | 490         |
|    policy_gradient_loss | -0.0561     |
|    value_loss           | 0.000906    |
-----------------------------------------
-----------------------------------------
| rollout/                |             |
|    ep_len_mean          | 115         |
|    ep_rew_mean          | 101         |
| time/                   |             |
|    fps                  | 37          |
|    iterations           | 51          |
|    time_elapsed         | 705         |
|    total_timesteps      | 26112       |
| train/                  |             |
|    approx_kl            | 0.021025559 |
|    clip_fraction        | 0.187       |
|    clip_range           | 0.2         |
|    entropy_loss         | -0.994      |
|    explained_variance   | -1          |
|    learning_rate        | 0.0003      |
|    loss                 | -0.0772     |
|    n_updates            | 500         |
|    policy_gradient_loss | -0.0489     |
|    value_loss           | 0.00189     |
-----------------------------------------
-----------------------------------------
| rollout/                |             |
|    ep_len_mean          | 118         |
|    ep_rew_mean          | 104         |
| time/                   |             |
|    fps                  | 37          |
|    iterations           | 52          |
|    time_elapsed         | 712         |
|    total_timesteps      | 26624       |
| train/                  |             |
|    approx_kl            | 0.027200753 |
|    clip_fraction        | 0.218       |
|    clip_range           | 0.2         |
|    entropy_loss         | -0.959      |
|    explained_variance   | 0.105       |
|    learning_rate        | 0.0003      |
|    loss                 | -0.0829     |
|    n_updates            | 510         |
|    policy_gradient_loss | -0.0548     |
|    value_loss           | 0.00175     |
-----------------------------------------
-----------------------------------------
| rollout/                |             |
|    ep_len_mean          | 118         |
|    ep_rew_mean          | 104         |
| time/                   |             |
|    fps                  | 37          |
|    iterations           | 53          |
|    time_elapsed         | 718         |
|    total_timesteps      | 27136       |
| train/                  |             |
|    approx_kl            | 0.025165379 |
|    clip_fraction        | 0.22        |
|    clip_range           | 0.2         |
|    entropy_loss         | -0.954      |
|    explained_variance   | -2.6        |
|    learning_rate        | 0.0003      |
|    loss                 | -0.086      |
|    n_updates            | 520         |
|    policy_gradient_loss | -0.0494     |
|    value_loss           | 0.000963    |
-----------------------------------------
----------------------------------------
| rollout/                |            |
|    ep_len_mean          | 120        |
|    ep_rew_mean          | 106        |
| time/                   |            |
|    fps                  | 38         |
|    iterations           | 54         |
|    time_elapsed         | 725        |
|    total_timesteps      | 27648      |
| train/                  |            |
|    approx_kl            | 0.02246646 |
|    clip_fraction        | 0.191      |
|    clip_range           | 0.2        |
|    entropy_loss         | -0.95      |
|    explained_variance   | -1.29      |
|    learning_rate        | 0.0003     |
|    loss                 | -0.0603    |
|    n_updates            | 530        |
|    policy_gradient_loss | -0.0504    |
|    value_loss           | 0.00113    |
----------------------------------------
-----------------------------------------
| rollout/                |             |
|    ep_len_mean          | 119         |
|    ep_rew_mean          | 105         |
| time/                   |             |
|    fps                  | 38          |
|    iterations           | 55          |
|    time_elapsed         | 732         |
|    total_timesteps      | 28160       |
| train/                  |             |
|    approx_kl            | 0.025710627 |
|    clip_fraction        | 0.202       |
|    clip_range           | 0.2         |
|    entropy_loss         | -0.913      |
|    explained_variance   | -1.15       |
|    learning_rate        | 0.0003      |
|    loss                 | -0.0872     |
|    n_updates            | 540         |
|    policy_gradient_loss | -0.0573     |
|    value_loss           | 0.00127     |
-----------------------------------------
---------------------------------------
| rollout/                |           |
|    ep_len_mean          | 119       |
|    ep_rew_mean          | 105       |
| time/                   |           |
|    fps                  | 38        |
|    iterations           | 56        |
|    time_elapsed         | 746       |
|    total_timesteps      | 28672     |
| train/                  |           |
|    approx_kl            | 0.0199721 |
|    clip_fraction        | 0.153     |
|    clip_range           | 0.2       |
|    entropy_loss         | -0.93     |
|    explained_variance   | -0.182    |
|    learning_rate        | 0.0003    |
|    loss                 | -0.0626   |
|    n_updates            | 550       |
|    policy_gradient_loss | -0.0477   |
|    value_loss           | 0.00108   |
---------------------------------------
-----------------------------------------
| rollout/                |             |
|    ep_len_mean          | 120         |
|    ep_rew_mean          | 106         |
| time/                   |             |
|    fps                  | 38          |
|    iterations           | 57          |
|    time_elapsed         | 756         |
|    total_timesteps      | 29184       |
| train/                  |             |
|    approx_kl            | 0.019599836 |
|    clip_fraction        | 0.179       |
|    clip_range           | 0.2         |
|    entropy_loss         | -0.921      |
|    explained_variance   | 0.00533     |
|    learning_rate        | 0.0003      |
|    loss                 | -0.0744     |
|    n_updates            | 560         |
|    policy_gradient_loss | -0.0467     |
|    value_loss           | 0.00182     |
-----------------------------------------
-----------------------------------------
| rollout/                |             |
|    ep_len_mean          | 120         |
|    ep_rew_mean          | 106         |
| time/                   |             |
|    fps                  | 38          |
|    iterations           | 58          |
|    time_elapsed         | 763         |
|    total_timesteps      | 29696       |
| train/                  |             |
|    approx_kl            | 0.024698846 |
|    clip_fraction        | 0.172       |
|    clip_range           | 0.2         |
|    entropy_loss         | -0.893      |
|    explained_variance   | -0.922      |
|    learning_rate        | 0.0003      |
|    loss                 | -0.0982     |
|    n_updates            | 570         |
|    policy_gradient_loss | -0.0503     |
|    value_loss           | 0.00101     |
-----------------------------------------
[Eval @30000] R=7.8±2.2 CR=0.100 Spd=21.6 LC=25.6 SR=0.900
-----------------------------------------
| rollout/                |             |
|    ep_len_mean          | 121         |
|    ep_rew_mean          | 107         |
| time/                   |             |
|    fps                  | 37          |
|    iterations           | 59          |
|    time_elapsed         | 800         |
|    total_timesteps      | 30208       |
| train/                  |             |
|    approx_kl            | 0.027383883 |
|    clip_fraction        | 0.197       |
|    clip_range           | 0.2         |
|    entropy_loss         | -0.895      |
|    explained_variance   | -1.17       |
|    learning_rate        | 0.0003      |
|    loss                 | -0.0766     |
|    n_updates            | 580         |
|    policy_gradient_loss | -0.0559     |
|    value_loss           | 0.00112     |
-----------------------------------------
-----------------------------------------
| rollout/                |             |
|    ep_len_mean          | 124         |
|    ep_rew_mean          | 110         |
| time/                   |             |
|    fps                  | 37          |
|    iterations           | 60          |
|    time_elapsed         | 817         |
|    total_timesteps      | 30720       |
| train/                  |             |
|    approx_kl            | 0.020484645 |
|    clip_fraction        | 0.195       |
|    clip_range           | 0.2         |
|    entropy_loss         | -0.901      |
|    explained_variance   | -0.0851     |
|    learning_rate        | 0.0003      |
|    loss                 | -0.088      |
|    n_updates            | 590         |
|    policy_gradient_loss | -0.0506     |
|    value_loss           | 0.00104     |
-----------------------------------------
-----------------------------------------
| rollout/                |             |
|    ep_len_mean          | 123         |
|    ep_rew_mean          | 108         |
| time/                   |             |
|    fps                  | 37          |
|    iterations           | 61          |
|    time_elapsed         | 824         |
|    total_timesteps      | 31232       |
| train/                  |             |
|    approx_kl            | 0.017404642 |
|    clip_fraction        | 0.151       |
|    clip_range           | 0.2         |
|    entropy_loss         | -0.855      |
|    explained_variance   | -1.27       |
|    learning_rate        | 0.0003      |
|    loss                 | -0.0513     |
|    n_updates            | 600         |
|    policy_gradient_loss | -0.0415     |
|    value_loss           | 0.00105     |
-----------------------------------------
-----------------------------------------
| rollout/                |             |
|    ep_len_mean          | 122         |
|    ep_rew_mean          | 108         |
| time/                   |             |
|    fps                  | 38          |
|    iterations           | 62          |
|    time_elapsed         | 833         |
|    total_timesteps      | 31744       |
| train/                  |             |
|    approx_kl            | 0.022443892 |
|    clip_fraction        | 0.185       |
|    clip_range           | 0.2         |
|    entropy_loss         | -0.886      |
|    explained_variance   | -0.64       |
|    learning_rate        | 0.0003      |
|    loss                 | -0.072      |
|    n_updates            | 610         |
|    policy_gradient_loss | -0.0463     |
|    value_loss           | 0.00173     |
-----------------------------------------
-----------------------------------------
| rollout/                |             |
|    ep_len_mean          | 123         |
|    ep_rew_mean          | 109         |
| time/                   |             |
|    fps                  | 38          |
|    iterations           | 63          |
|    time_elapsed         | 840         |
|    total_timesteps      | 32256       |
| train/                  |             |
|    approx_kl            | 0.023519732 |
|    clip_fraction        | 0.197       |
|    clip_range           | 0.2         |
|    entropy_loss         | -0.867      |
|    explained_variance   | -1.12       |
|    learning_rate        | 0.0003      |
|    loss                 | -0.0851     |
|    n_updates            | 620         |
|    policy_gradient_loss | -0.0545     |
|    value_loss           | 0.00136     |
-----------------------------------------
-----------------------------------------
| rollout/                |             |
|    ep_len_mean          | 125         |
|    ep_rew_mean          | 110         |
| time/                   |             |
|    fps                  | 38          |
|    iterations           | 64          |
|    time_elapsed         | 846         |
|    total_timesteps      | 32768       |
| train/                  |             |
|    approx_kl            | 0.021792654 |
|    clip_fraction        | 0.174       |
|    clip_range           | 0.2         |
|    entropy_loss         | -0.889      |
|    explained_variance   | -0.801      |
|    learning_rate        | 0.0003      |
|    loss                 | -0.078      |
|    n_updates            | 630         |
|    policy_gradient_loss | -0.0479     |
|    value_loss           | 0.00145     |
-----------------------------------------
-----------------------------------------
| rollout/                |             |
|    ep_len_mean          | 126         |
|    ep_rew_mean          | 112         |
| time/                   |             |
|    fps                  | 38          |
|    iterations           | 65          |
|    time_elapsed         | 854         |
|    total_timesteps      | 33280       |
| train/                  |             |
|    approx_kl            | 0.023258522 |
|    clip_fraction        | 0.212       |
|    clip_range           | 0.2         |
|    entropy_loss         | -0.879      |
|    explained_variance   | -0.71       |
|    learning_rate        | 0.0003      |
|    loss                 | -0.0891     |
|    n_updates            | 640         |
|    policy_gradient_loss | -0.0537     |
|    value_loss           | 0.00122     |
-----------------------------------------
-----------------------------------------
| rollout/                |             |
|    ep_len_mean          | 128         |
|    ep_rew_mean          | 114         |
| time/                   |             |
|    fps                  | 39          |
|    iterations           | 66          |
|    time_elapsed         | 862         |
|    total_timesteps      | 33792       |
| train/                  |             |
|    approx_kl            | 0.022692768 |
|    clip_fraction        | 0.18        |
|    clip_range           | 0.2         |
|    entropy_loss         | -0.892      |
|    explained_variance   | -2.02       |
|    learning_rate        | 0.0003      |
|    loss                 | -0.0872     |
|    n_updates            | 650         |
|    policy_gradient_loss | -0.0503     |
|    value_loss           | 0.000792    |
-----------------------------------------
-----------------------------------------
| rollout/                |             |
|    ep_len_mean          | 127         |
|    ep_rew_mean          | 113         |
| time/                   |             |
|    fps                  | 39          |
|    iterations           | 67          |
|    time_elapsed         | 876         |
|    total_timesteps      | 34304       |
| train/                  |             |
|    approx_kl            | 0.020443518 |
|    clip_fraction        | 0.173       |
|    clip_range           | 0.2         |
|    entropy_loss         | -0.833      |
|    explained_variance   | -0.672      |
|    learning_rate        | 0.0003      |
|    loss                 | -0.0662     |
|    n_updates            | 660         |
|    policy_gradient_loss | -0.0464     |
|    value_loss           | 0.000867    |
-----------------------------------------
-----------------------------------------
| rollout/                |             |
|    ep_len_mean          | 128         |
|    ep_rew_mean          | 114         |
| time/                   |             |
|    fps                  | 38          |
|    iterations           | 68          |
|    time_elapsed         | 897         |
|    total_timesteps      | 34816       |
| train/                  |             |
|    approx_kl            | 0.023013998 |
|    clip_fraction        | 0.181       |
|    clip_range           | 0.2         |
|    entropy_loss         | -0.889      |
|    explained_variance   | -0.162      |
|    learning_rate        | 0.0003      |
|    loss                 | -0.0662     |
|    n_updates            | 670         |
|    policy_gradient_loss | -0.0475     |
|    value_loss           | 0.000832    |
-----------------------------------------
[Eval @35000] R=7.9±1.8 CR=0.100 Spd=21.6 LC=47.8 SR=0.900
-----------------------------------------
| rollout/                |             |
|    ep_len_mean          | 129         |
|    ep_rew_mean          | 115         |
| time/                   |             |
|    fps                  | 36          |
|    iterations           | 69          |
|    time_elapsed         | 969         |
|    total_timesteps      | 35328       |
| train/                  |             |
|    approx_kl            | 0.032017916 |
|    clip_fraction        | 0.242       |
|    clip_range           | 0.2         |
|    entropy_loss         | -0.911      |
|    explained_variance   | -0.185      |
|    learning_rate        | 0.0003      |
|    loss                 | -0.0968     |
|    n_updates            | 680         |
|    policy_gradient_loss | -0.0553     |
|    value_loss           | 0.000631    |
-----------------------------------------
-----------------------------------------
| rollout/                |             |
|    ep_len_mean          | 129         |
|    ep_rew_mean          | 115         |
| time/                   |             |
|    fps                  | 36          |
|    iterations           | 70          |
|    time_elapsed         | 983         |
|    total_timesteps      | 35840       |
| train/                  |             |
|    approx_kl            | 0.022305861 |
|    clip_fraction        | 0.199       |
|    clip_range           | 0.2         |
|    entropy_loss         | -0.869      |
|    explained_variance   | -0.154      |
|    learning_rate        | 0.0003      |
|    loss                 | -0.0626     |
|    n_updates            | 690         |
|    policy_gradient_loss | -0.0441     |
|    value_loss           | 0.00119     |
-----------------------------------------
----------------------------------------
| rollout/                |            |
|    ep_len_mean          | 129        |
|    ep_rew_mean          | 115        |
| time/                   |            |
|    fps                  | 36         |
|    iterations           | 71         |
|    time_elapsed         | 990        |
|    total_timesteps      | 36352      |
| train/                  |            |
|    approx_kl            | 0.01861519 |
|    clip_fraction        | 0.153      |
|    clip_range           | 0.2        |
|    entropy_loss         | -0.885     |
|    explained_variance   | -0.179     |
|    learning_rate        | 0.0003     |
|    loss                 | -0.0575    |
|    n_updates            | 700        |
|    policy_gradient_loss | -0.0392    |
|    value_loss           | 0.000989   |
----------------------------------------
-----------------------------------------
| rollout/                |             |
|    ep_len_mean          | 131         |
|    ep_rew_mean          | 117         |
| time/                   |             |
|    fps                  | 36          |
|    iterations           | 72          |
|    time_elapsed         | 996         |
|    total_timesteps      | 36864       |
| train/                  |             |
|    approx_kl            | 0.025618289 |
|    clip_fraction        | 0.199       |
|    clip_range           | 0.2         |
|    entropy_loss         | -0.866      |
|    explained_variance   | -1.05       |
|    learning_rate        | 0.0003      |
|    loss                 | -0.0754     |
|    n_updates            | 710         |
|    policy_gradient_loss | -0.052      |
|    value_loss           | 0.000858    |
-----------------------------------------
-----------------------------------------
| rollout/                |             |
|    ep_len_mean          | 130         |
|    ep_rew_mean          | 116         |
| time/                   |             |
|    fps                  | 37          |
|    iterations           | 73          |
|    time_elapsed         | 1002        |
|    total_timesteps      | 37376       |
| train/                  |             |
|    approx_kl            | 0.021755937 |
|    clip_fraction        | 0.184       |
|    clip_range           | 0.2         |
|    entropy_loss         | -0.852      |
|    explained_variance   | -2.12       |
|    learning_rate        | 0.0003      |
|    loss                 | -0.0978     |
|    n_updates            | 720         |
|    policy_gradient_loss | -0.053      |
|    value_loss           | 0.000799    |
-----------------------------------------
-----------------------------------------
| rollout/                |             |
|    ep_len_mean          | 132         |
|    ep_rew_mean          | 118         |
| time/                   |             |
|    fps                  | 37          |
|    iterations           | 74          |
|    time_elapsed         | 1009        |
|    total_timesteps      | 37888       |
| train/                  |             |
|    approx_kl            | 0.023534145 |
|    clip_fraction        | 0.184       |
|    clip_range           | 0.2         |
|    entropy_loss         | -0.836      |
|    explained_variance   | -0.485      |
|    learning_rate        | 0.0003      |
|    loss                 | -0.0574     |
|    n_updates            | 730         |
|    policy_gradient_loss | -0.0479     |
|    value_loss           | 0.000782    |
-----------------------------------------
-----------------------------------------
| rollout/                |             |
|    ep_len_mean          | 131         |
|    ep_rew_mean          | 117         |
| time/                   |             |
|    fps                  | 37          |
|    iterations           | 75          |
|    time_elapsed         | 1015        |
|    total_timesteps      | 38400       |
| train/                  |             |
|    approx_kl            | 0.026803339 |
|    clip_fraction        | 0.198       |
|    clip_range           | 0.2         |
|    entropy_loss         | -0.866      |
|    explained_variance   | -0.759      |
|    learning_rate        | 0.0003      |
|    loss                 | -0.0911     |
|    n_updates            | 740         |
|    policy_gradient_loss | -0.051      |
|    value_loss           | 0.000546    |
-----------------------------------------
-----------------------------------------
| rollout/                |             |
|    ep_len_mean          | 132         |
|    ep_rew_mean          | 118         |
| time/                   |             |
|    fps                  | 37          |
|    iterations           | 76          |
|    time_elapsed         | 1024        |
|    total_timesteps      | 38912       |
| train/                  |             |
|    approx_kl            | 0.018779825 |
|    clip_fraction        | 0.154       |
|    clip_range           | 0.2         |
|    entropy_loss         | -0.81       |
|    explained_variance   | -0.864      |
|    learning_rate        | 0.0003      |
|    loss                 | -0.058      |
|    n_updates            | 750         |
|    policy_gradient_loss | -0.0435     |
|    value_loss           | 0.000828    |
-----------------------------------------
----------------------------------------
| rollout/                |            |
|    ep_len_mean          | 134        |
|    ep_rew_mean          | 120        |
| time/                   |            |
|    fps                  | 38         |
|    iterations           | 77         |
|    time_elapsed         | 1032       |
|    total_timesteps      | 39424      |
| train/                  |            |
|    approx_kl            | 0.02307656 |
|    clip_fraction        | 0.183      |
|    clip_range           | 0.2        |
|    entropy_loss         | -0.812     |
|    explained_variance   | -0.469     |
|    learning_rate        | 0.0003     |
|    loss                 | -0.0728    |
|    n_updates            | 760        |
|    policy_gradient_loss | -0.0433    |
|    value_loss           | 0.000918   |
----------------------------------------
-----------------------------------------
| rollout/                |             |
|    ep_len_mean          | 139         |
|    ep_rew_mean          | 124         |
| time/                   |             |
|    fps                  | 38          |
|    iterations           | 78          |
|    time_elapsed         | 1041        |
|    total_timesteps      | 39936       |
| train/                  |             |
|    approx_kl            | 0.028663319 |
|    clip_fraction        | 0.217       |
|    clip_range           | 0.2         |
|    entropy_loss         | -0.789      |
|    explained_variance   | -0.566      |
|    learning_rate        | 0.0003      |
|    loss                 | -0.0824     |
|    n_updates            | 770         |
|    policy_gradient_loss | -0.0498     |
|    value_loss           | 0.000991    |
-----------------------------------------
[Eval @40000] R=6.9±2.6 CR=0.300 Spd=22.2 LC=25.8 SR=0.700
-----------------------------------------
| rollout/                |             |
|    ep_len_mean          | 136         |
|    ep_rew_mean          | 122         |
| time/                   |             |
|    fps                  | 37          |
|    iterations           | 79          |
|    time_elapsed         | 1069        |
|    total_timesteps      | 40448       |
| train/                  |             |
|    approx_kl            | 0.022135025 |
|    clip_fraction        | 0.196       |
|    clip_range           | 0.2         |
|    entropy_loss         | -0.829      |
|    explained_variance   | -0.606      |
|    learning_rate        | 0.0003      |
|    loss                 | -0.0746     |
|    n_updates            | 780         |
|    policy_gradient_loss | -0.0439     |
|    value_loss           | 0.000837    |
-----------------------------------------
-----------------------------------------
| rollout/                |             |
|    ep_len_mean          | 138         |
|    ep_rew_mean          | 124         |
| time/                   |             |
|    fps                  | 38          |
|    iterations           | 80          |
|    time_elapsed         | 1076        |
|    total_timesteps      | 40960       |
| train/                  |             |
|    approx_kl            | 0.023267856 |
|    clip_fraction        | 0.186       |
|    clip_range           | 0.2         |
|    entropy_loss         | -0.77       |
|    explained_variance   | -0.194      |
|    learning_rate        | 0.0003      |
|    loss                 | -0.0879     |
|    n_updates            | 790         |
|    policy_gradient_loss | -0.0475     |
|    value_loss           | 0.000947    |
-----------------------------------------
-----------------------------------------
| rollout/                |             |
|    ep_len_mean          | 138         |
|    ep_rew_mean          | 124         |
| time/                   |             |
|    fps                  | 38          |
|    iterations           | 81          |
|    time_elapsed         | 1083        |
|    total_timesteps      | 41472       |
| train/                  |             |
|    approx_kl            | 0.023820821 |
|    clip_fraction        | 0.194       |
|    clip_range           | 0.2         |
|    entropy_loss         | -0.816      |
|    explained_variance   | -24.9       |
|    learning_rate        | 0.0003      |
|    loss                 | -0.0716     |
|    n_updates            | 800         |
|    policy_gradient_loss | -0.0512     |
|    value_loss           | 0.000353    |
-----------------------------------------
---------------------------------------
| rollout/                |           |
|    ep_len_mean          | 140       |
|    ep_rew_mean          | 126       |
| time/                   |           |
|    fps                  | 38        |
|    iterations           | 82        |
|    time_elapsed         | 1090      |
|    total_timesteps      | 41984     |
| train/                  |           |
|    approx_kl            | 0.0250315 |
|    clip_fraction        | 0.218     |
|    clip_range           | 0.2       |
|    entropy_loss         | -0.723    |
|    explained_variance   | -1.2      |
|    learning_rate        | 0.0003    |
|    loss                 | -0.087    |
|    n_updates            | 810       |
|    policy_gradient_loss | -0.049    |
|    value_loss           | 0.000663  |
---------------------------------------
----------------------------------------
| rollout/                |            |
|    ep_len_mean          | 141        |
|    ep_rew_mean          | 127        |
| time/                   |            |
|    fps                  | 38         |
|    iterations           | 83         |
|    time_elapsed         | 1096       |
|    total_timesteps      | 42496      |
| train/                  |            |
|    approx_kl            | 0.02180822 |
|    clip_fraction        | 0.165      |
|    clip_range           | 0.2        |
|    entropy_loss         | -0.787     |
|    explained_variance   | -0.906     |
|    learning_rate        | 0.0003     |
|    loss                 | -0.0721    |
|    n_updates            | 820        |
|    policy_gradient_loss | -0.0417    |
|    value_loss           | 0.000613   |
----------------------------------------
-----------------------------------------
| rollout/                |             |
|    ep_len_mean          | 145         |
|    ep_rew_mean          | 131         |
| time/                   |             |
|    fps                  | 38          |
|    iterations           | 84          |
|    time_elapsed         | 1103        |
|    total_timesteps      | 43008       |
| train/                  |             |
|    approx_kl            | 0.019391928 |
|    clip_fraction        | 0.148       |
|    clip_range           | 0.2         |
|    entropy_loss         | -0.731      |
|    explained_variance   | -0.481      |
|    learning_rate        | 0.0003      |
|    loss                 | -0.0494     |
|    n_updates            | 830         |
|    policy_gradient_loss | -0.0387     |
|    value_loss           | 0.00071     |
-----------------------------------------
-----------------------------------------
| rollout/                |             |
|    ep_len_mean          | 147         |
|    ep_rew_mean          | 132         |
| time/                   |             |
|    fps                  | 39          |
|    iterations           | 85          |
|    time_elapsed         | 1110        |
|    total_timesteps      | 43520       |
| train/                  |             |
|    approx_kl            | 0.027594613 |
|    clip_fraction        | 0.22        |
|    clip_range           | 0.2         |
|    entropy_loss         | -0.745      |
|    explained_variance   | -1.2        |
|    learning_rate        | 0.0003      |
|    loss                 | -0.0904     |
|    n_updates            | 840         |
|    policy_gradient_loss | -0.0482     |
|    value_loss           | 0.000812    |
-----------------------------------------
----------------------------------------
| rollout/                |            |
|    ep_len_mean          | 148        |
|    ep_rew_mean          | 134        |
| time/                   |            |
|    fps                  | 39         |
|    iterations           | 86         |
|    time_elapsed         | 1117       |
|    total_timesteps      | 44032      |
| train/                  |            |
|    approx_kl            | 0.02796024 |
|    clip_fraction        | 0.215      |
|    clip_range           | 0.2        |
|    entropy_loss         | -0.767     |
|    explained_variance   | -10.8      |
|    learning_rate        | 0.0003     |
|    loss                 | -0.0831    |
|    n_updates            | 850        |
|    policy_gradient_loss | -0.0542    |
|    value_loss           | 0.000342   |
----------------------------------------
----------------------------------------
| rollout/                |            |
|    ep_len_mean          | 146        |
|    ep_rew_mean          | 132        |
| time/                   |            |
|    fps                  | 39         |
|    iterations           | 87         |
|    time_elapsed         | 1123       |
|    total_timesteps      | 44544      |
| train/                  |            |
|    approx_kl            | 0.03277999 |
|    clip_fraction        | 0.223      |
|    clip_range           | 0.2        |
|    entropy_loss         | -0.76      |
|    explained_variance   | -9.89      |
|    learning_rate        | 0.0003     |
|    loss                 | -0.0947    |
|    n_updates            | 860        |
|    policy_gradient_loss | -0.0544    |
|    value_loss           | 0.0004     |
----------------------------------------
[Eval @45000] R=8.1±1.0 CR=0.100 Spd=21.7 LC=29.4 SR=0.900
-----------------------------------------
| rollout/                |             |
|    ep_len_mean          | 145         |
|    ep_rew_mean          | 131         |
| time/                   |             |
|    fps                  | 39          |
|    iterations           | 88          |
|    time_elapsed         | 1154        |
|    total_timesteps      | 45056       |
| train/                  |             |
|    approx_kl            | 0.023151193 |
|    clip_fraction        | 0.173       |
|    clip_range           | 0.2         |
|    entropy_loss         | -0.768      |
|    explained_variance   | 0.0199      |
|    learning_rate        | 0.0003      |
|    loss                 | -0.0624     |
|    n_updates            | 870         |
|    policy_gradient_loss | -0.0421     |
|    value_loss           | 0.000869    |
-----------------------------------------
-----------------------------------------
| rollout/                |             |
|    ep_len_mean          | 147         |
|    ep_rew_mean          | 133         |
| time/                   |             |
|    fps                  | 39          |
|    iterations           | 89          |
|    time_elapsed         | 1161        |
|    total_timesteps      | 45568       |
| train/                  |             |
|    approx_kl            | 0.026773984 |
|    clip_fraction        | 0.173       |
|    clip_range           | 0.2         |
|    entropy_loss         | -0.789      |
|    explained_variance   | -0.326      |
|    learning_rate        | 0.0003      |
|    loss                 | -0.0885     |
|    n_updates            | 880         |
|    policy_gradient_loss | -0.046      |
|    value_loss           | 0.000955    |
-----------------------------------------
-----------------------------------------
| rollout/                |             |
|    ep_len_mean          | 150         |
|    ep_rew_mean          | 136         |
| time/                   |             |
|    fps                  | 39          |
|    iterations           | 90          |
|    time_elapsed         | 1168        |
|    total_timesteps      | 46080       |
| train/                  |             |
|    approx_kl            | 0.025121082 |
|    clip_fraction        | 0.202       |
|    clip_range           | 0.2         |
|    entropy_loss         | -0.781      |
|    explained_variance   | -12.9       |
|    learning_rate        | 0.0003      |
|    loss                 | -0.0759     |
|    n_updates            | 890         |
|    policy_gradient_loss | -0.0467     |
|    value_loss           | 0.000278    |
-----------------------------------------
-----------------------------------------
| rollout/                |             |
|    ep_len_mean          | 152         |
|    ep_rew_mean          | 137         |
| time/                   |             |
|    fps                  | 39          |
|    iterations           | 91          |
|    time_elapsed         | 1174        |
|    total_timesteps      | 46592       |
| train/                  |             |
|    approx_kl            | 0.024917807 |
|    clip_fraction        | 0.186       |
|    clip_range           | 0.2         |
|    entropy_loss         | -0.741      |
|    explained_variance   | -0.285      |
|    learning_rate        | 0.0003      |
|    loss                 | -0.0815     |
|    n_updates            | 900         |
|    policy_gradient_loss | -0.0454     |
|    value_loss           | 0.000848    |
-----------------------------------------
-----------------------------------------
| rollout/                |             |
|    ep_len_mean          | 152         |
|    ep_rew_mean          | 138         |
| time/                   |             |
|    fps                  | 39          |
|    iterations           | 92          |
|    time_elapsed         | 1181        |
|    total_timesteps      | 47104       |
| train/                  |             |
|    approx_kl            | 0.023082595 |
|    clip_fraction        | 0.192       |
|    clip_range           | 0.2         |
|    entropy_loss         | -0.746      |
|    explained_variance   | -1.32       |
|    learning_rate        | 0.0003      |
|    loss                 | -0.0999     |
|    n_updates            | 910         |
|    policy_gradient_loss | -0.0432     |
|    value_loss           | 0.000587    |
-----------------------------------------
----------------------------------------
| rollout/                |            |
|    ep_len_mean          | 151        |
|    ep_rew_mean          | 137        |
| time/                   |            |
|    fps                  | 40         |
|    iterations           | 93         |
|    time_elapsed         | 1188       |
|    total_timesteps      | 47616      |
| train/                  |            |
|    approx_kl            | 0.02501455 |
|    clip_fraction        | 0.198      |
|    clip_range           | 0.2        |
|    entropy_loss         | -0.699     |
|    explained_variance   | -0.431     |
|    learning_rate        | 0.0003     |
|    loss                 | -0.072     |
|    n_updates            | 920        |
|    policy_gradient_loss | -0.0517    |
|    value_loss           | 0.000636   |
----------------------------------------
----------------------------------------
| rollout/                |            |
|    ep_len_mean          | 152        |
|    ep_rew_mean          | 138        |
| time/                   |            |
|    fps                  | 40         |
|    iterations           | 94         |
|    time_elapsed         | 1194       |
|    total_timesteps      | 48128      |
| train/                  |            |
|    approx_kl            | 0.02168523 |
|    clip_fraction        | 0.165      |
|    clip_range           | 0.2        |
|    entropy_loss         | -0.732     |
|    explained_variance   | -0.278     |
|    learning_rate        | 0.0003     |
|    loss                 | -0.0798    |
|    n_updates            | 930        |
|    policy_gradient_loss | -0.0417    |
|    value_loss           | 0.000808   |
----------------------------------------
-----------------------------------------
| rollout/                |             |
|    ep_len_mean          | 152         |
|    ep_rew_mean          | 138         |
| time/                   |             |
|    fps                  | 40          |
|    iterations           | 95          |
|    time_elapsed         | 1201        |
|    total_timesteps      | 48640       |
| train/                  |             |
|    approx_kl            | 0.028578177 |
|    clip_fraction        | 0.206       |
|    clip_range           | 0.2         |
|    entropy_loss         | -0.7        |
|    explained_variance   | -1.11       |
|    learning_rate        | 0.0003      |
|    loss                 | -0.078      |
|    n_updates            | 940         |
|    policy_gradient_loss | -0.0476     |
|    value_loss           | 0.000442    |
-----------------------------------------
-----------------------------------------
| rollout/                |             |
|    ep_len_mean          | 150         |
|    ep_rew_mean          | 136         |
| time/                   |             |
|    fps                  | 40          |
|    iterations           | 96          |
|    time_elapsed         | 1208        |
|    total_timesteps      | 49152       |
| train/                  |             |
|    approx_kl            | 0.019171434 |
|    clip_fraction        | 0.16        |
|    clip_range           | 0.2         |
|    entropy_loss         | -0.669      |
|    explained_variance   | -8.6        |
|    learning_rate        | 0.0003      |
|    loss                 | -0.0377     |
|    n_updates            | 950         |
|    policy_gradient_loss | -0.0382     |
|    value_loss           | 0.000341    |
-----------------------------------------
-----------------------------------------
| rollout/                |             |
|    ep_len_mean          | 149         |
|    ep_rew_mean          | 136         |
| time/                   |             |
|    fps                  | 40          |
|    iterations           | 97          |
|    time_elapsed         | 1215        |
|    total_timesteps      | 49664       |
| train/                  |             |
|    approx_kl            | 0.023274403 |
|    clip_fraction        | 0.161       |
|    clip_range           | 0.2         |
|    entropy_loss         | -0.669      |
|    explained_variance   | 0.062       |
|    learning_rate        | 0.0003      |
|    loss                 | -0.0743     |
|    n_updates            | 960         |
|    policy_gradient_loss | -0.0413     |
|    value_loss           | 0.000954    |
-----------------------------------------
[Eval @50000] R=6.9±2.3 CR=0.400 Spd=22.1 LC=22.2 SR=0.600
-----------------------------------------
| rollout/                |             |
|    ep_len_mean          | 150         |
|    ep_rew_mean          | 136         |
| time/                   |             |
|    fps                  | 39          |
|    iterations           | 98          |
|    time_elapsed         | 1273        |
|    total_timesteps      | 50176       |
| train/                  |             |
|    approx_kl            | 0.025258372 |
|    clip_fraction        | 0.181       |
|    clip_range           | 0.2         |
|    entropy_loss         | -0.703      |
|    explained_variance   | -0.966      |
|    learning_rate        | 0.0003      |
|    loss                 | -0.0766     |
|    n_updates            | 970         |
|    policy_gradient_loss | -0.0482     |
|    value_loss           | 0.000782    |
-----------------------------------------
[PPO] Done. Model: ./logs/ppo/aggressive/seed_789/final_model.zip
