[WARNING] GrayscaleImage not available, falling back to OccupancyGrid.
[PPO] reward=aggressive seed=456 steps=50000 policy=MlpPolicy
[PPO] run_dir=./logs/ppo/aggressive/seed_456
[WARNING] GrayscaleImage not available, falling back to OccupancyGrid.
[WARNING] GrayscaleImage not available, falling back to OccupancyGrid.
Using cpu device
Logging to ./logs/ppo/aggressive/seed_456/ppo_aggressive_seed456_1
---------------------------------
| rollout/           |          |
|    ep_len_mean     | 33.9     |
|    ep_rew_mean     | 26       |
| time/              |          |
|    fps             | 73       |
|    iterations      | 1        |
|    time_elapsed    | 7        |
|    total_timesteps | 512      |
---------------------------------
-----------------------------------------
| rollout/                |             |
|    ep_len_mean          | 35          |
|    ep_rew_mean          | 26.8        |
| time/                   |             |
|    fps                  | 74          |
|    iterations           | 2           |
|    time_elapsed         | 13          |
|    total_timesteps      | 1024        |
| train/                  |             |
|    approx_kl            | 0.002813393 |
|    clip_fraction        | 0.00215     |
|    clip_range           | 0.2         |
|    entropy_loss         | -1.61       |
|    explained_variance   | -0.504      |
|    learning_rate        | 0.0003      |
|    loss                 | 1.45        |
|    n_updates            | 10          |
|    policy_gradient_loss | -0.0131     |
|    value_loss           | 0.54        |
-----------------------------------------
-----------------------------------------
| rollout/                |             |
|    ep_len_mean          | 36.9        |
|    ep_rew_mean          | 28.6        |
| time/                   |             |
|    fps                  | 75          |
|    iterations           | 3           |
|    time_elapsed         | 20          |
|    total_timesteps      | 1536        |
| train/                  |             |
|    approx_kl            | 0.005452185 |
|    clip_fraction        | 0.0172      |
|    clip_range           | 0.2         |
|    entropy_loss         | -1.6        |
|    explained_variance   | -1.88       |
|    learning_rate        | 0.0003      |
|    loss                 | -0.0839     |
|    n_updates            | 20          |
|    policy_gradient_loss | -0.0269     |
|    value_loss           | 0.0239      |
-----------------------------------------
-----------------------------------------
| rollout/                |             |
|    ep_len_mean          | 42.5        |
|    ep_rew_mean          | 33.5        |
| time/                   |             |
|    fps                  | 75          |
|    iterations           | 4           |
|    time_elapsed         | 27          |
|    total_timesteps      | 2048        |
| train/                  |             |
|    approx_kl            | 0.006929606 |
|    clip_fraction        | 0.0379      |
|    clip_range           | 0.2         |
|    entropy_loss         | -1.6        |
|    explained_variance   | -1.32       |
|    learning_rate        | 0.0003      |
|    loss                 | -0.0854     |
|    n_updates            | 30          |
|    policy_gradient_loss | -0.0376     |
|    value_loss           | 0.0152      |
-----------------------------------------
------------------------------------------
| rollout/                |              |
|    ep_len_mean          | 44.1         |
|    ep_rew_mean          | 34.8         |
| time/                   |              |
|    fps                  | 75           |
|    iterations           | 5            |
|    time_elapsed         | 33           |
|    total_timesteps      | 2560         |
| train/                  |              |
|    approx_kl            | 0.0097819455 |
|    clip_fraction        | 0.0668       |
|    clip_range           | 0.2          |
|    entropy_loss         | -1.59        |
|    explained_variance   | -1.68        |
|    learning_rate        | 0.0003       |
|    loss                 | -0.112       |
|    n_updates            | 40           |
|    policy_gradient_loss | -0.0462      |
|    value_loss           | 0.0112       |
------------------------------------------
-----------------------------------------
| rollout/                |             |
|    ep_len_mean          | 48          |
|    ep_rew_mean          | 38.5        |
| time/                   |             |
|    fps                  | 75          |
|    iterations           | 6           |
|    time_elapsed         | 40          |
|    total_timesteps      | 3072        |
| train/                  |             |
|    approx_kl            | 0.010623007 |
|    clip_fraction        | 0.076       |
|    clip_range           | 0.2         |
|    entropy_loss         | -1.58       |
|    explained_variance   | -2.43       |
|    learning_rate        | 0.0003      |
|    loss                 | -0.0757     |
|    n_updates            | 50          |
|    policy_gradient_loss | -0.0469     |
|    value_loss           | 0.00943     |
-----------------------------------------
-----------------------------------------
| rollout/                |             |
|    ep_len_mean          | 50.8        |
|    ep_rew_mean          | 41          |
| time/                   |             |
|    fps                  | 76          |
|    iterations           | 7           |
|    time_elapsed         | 47          |
|    total_timesteps      | 3584        |
| train/                  |             |
|    approx_kl            | 0.010859447 |
|    clip_fraction        | 0.0793      |
|    clip_range           | 0.2         |
|    entropy_loss         | -1.57       |
|    explained_variance   | -2.32       |
|    learning_rate        | 0.0003      |
|    loss                 | -0.105      |
|    n_updates            | 60          |
|    policy_gradient_loss | -0.0435     |
|    value_loss           | 0.00657     |
-----------------------------------------
-----------------------------------------
| rollout/                |             |
|    ep_len_mean          | 54.6        |
|    ep_rew_mean          | 44.5        |
| time/                   |             |
|    fps                  | 76          |
|    iterations           | 8           |
|    time_elapsed         | 53          |
|    total_timesteps      | 4096        |
| train/                  |             |
|    approx_kl            | 0.012097109 |
|    clip_fraction        | 0.0912      |
|    clip_range           | 0.2         |
|    entropy_loss         | -1.56       |
|    explained_variance   | -5.18       |
|    learning_rate        | 0.0003      |
|    loss                 | -0.0886     |
|    n_updates            | 70          |
|    policy_gradient_loss | -0.0486     |
|    value_loss           | 0.00646     |
-----------------------------------------
-----------------------------------------
| rollout/                |             |
|    ep_len_mean          | 56.2        |
|    ep_rew_mean          | 45.9        |
| time/                   |             |
|    fps                  | 76          |
|    iterations           | 9           |
|    time_elapsed         | 60          |
|    total_timesteps      | 4608        |
| train/                  |             |
|    approx_kl            | 0.013673974 |
|    clip_fraction        | 0.11        |
|    clip_range           | 0.2         |
|    entropy_loss         | -1.54       |
|    explained_variance   | -2.67       |
|    learning_rate        | 0.0003      |
|    loss                 | -0.0916     |
|    n_updates            | 80          |
|    policy_gradient_loss | -0.0566     |
|    value_loss           | 0.00605     |
-----------------------------------------
[Eval @5000] NEW BEST mean_reward=8.760
[Eval @5000] R=8.8±7.9 CR=0.300 Spd=22.7 LC=83.2 SR=0.700
-----------------------------------------
| rollout/                |             |
|    ep_len_mean          | 55.7        |
|    ep_rew_mean          | 45.5        |
| time/                   |             |
|    fps                  | 58          |
|    iterations           | 10          |
|    time_elapsed         | 87          |
|    total_timesteps      | 5120        |
| train/                  |             |
|    approx_kl            | 0.013631271 |
|    clip_fraction        | 0.125       |
|    clip_range           | 0.2         |
|    entropy_loss         | -1.53       |
|    explained_variance   | -2.74       |
|    learning_rate        | 0.0003      |
|    loss                 | -0.111      |
|    n_updates            | 90          |
|    policy_gradient_loss | -0.0522     |
|    value_loss           | 0.0057      |
-----------------------------------------
-----------------------------------------
| rollout/                |             |
|    ep_len_mean          | 55.6        |
|    ep_rew_mean          | 45.4        |
| time/                   |             |
|    fps                  | 59          |
|    iterations           | 11          |
|    time_elapsed         | 94          |
|    total_timesteps      | 5632        |
| train/                  |             |
|    approx_kl            | 0.013495797 |
|    clip_fraction        | 0.116       |
|    clip_range           | 0.2         |
|    entropy_loss         | -1.51       |
|    explained_variance   | -0.848      |
|    learning_rate        | 0.0003      |
|    loss                 | -0.103      |
|    n_updates            | 100         |
|    policy_gradient_loss | -0.0536     |
|    value_loss           | 0.00411     |
-----------------------------------------
-----------------------------------------
| rollout/                |             |
|    ep_len_mean          | 57.9        |
|    ep_rew_mean          | 47.3        |
| time/                   |             |
|    fps                  | 60          |
|    iterations           | 12          |
|    time_elapsed         | 100         |
|    total_timesteps      | 6144        |
| train/                  |             |
|    approx_kl            | 0.016503705 |
|    clip_fraction        | 0.14        |
|    clip_range           | 0.2         |
|    entropy_loss         | -1.48       |
|    explained_variance   | -1.06       |
|    learning_rate        | 0.0003      |
|    loss                 | -0.103      |
|    n_updates            | 110         |
|    policy_gradient_loss | -0.0584     |
|    value_loss           | 0.00547     |
-----------------------------------------
-----------------------------------------
| rollout/                |             |
|    ep_len_mean          | 61.9        |
|    ep_rew_mean          | 51          |
| time/                   |             |
|    fps                  | 61          |
|    iterations           | 13          |
|    time_elapsed         | 107         |
|    total_timesteps      | 6656        |
| train/                  |             |
|    approx_kl            | 0.015652526 |
|    clip_fraction        | 0.152       |
|    clip_range           | 0.2         |
|    entropy_loss         | -1.48       |
|    explained_variance   | -1.14       |
|    learning_rate        | 0.0003      |
|    loss                 | -0.122      |
|    n_updates            | 120         |
|    policy_gradient_loss | -0.0601     |
|    value_loss           | 0.00359     |
-----------------------------------------
-----------------------------------------
| rollout/                |             |
|    ep_len_mean          | 63.2        |
|    ep_rew_mean          | 52.1        |
| time/                   |             |
|    fps                  | 62          |
|    iterations           | 14          |
|    time_elapsed         | 114         |
|    total_timesteps      | 7168        |
| train/                  |             |
|    approx_kl            | 0.017368026 |
|    clip_fraction        | 0.141       |
|    clip_range           | 0.2         |
|    entropy_loss         | -1.47       |
|    explained_variance   | -1.82       |
|    learning_rate        | 0.0003      |
|    loss                 | -0.127      |
|    n_updates            | 130         |
|    policy_gradient_loss | -0.0601     |
|    value_loss           | 0.00346     |
-----------------------------------------
-----------------------------------------
| rollout/                |             |
|    ep_len_mean          | 67.7        |
|    ep_rew_mean          | 56.2        |
| time/                   |             |
|    fps                  | 63          |
|    iterations           | 15          |
|    time_elapsed         | 120         |
|    total_timesteps      | 7680        |
| train/                  |             |
|    approx_kl            | 0.017382853 |
|    clip_fraction        | 0.137       |
|    clip_range           | 0.2         |
|    entropy_loss         | -1.44       |
|    explained_variance   | -1.47       |
|    learning_rate        | 0.0003      |
|    loss                 | -0.105      |
|    n_updates            | 140         |
|    policy_gradient_loss | -0.0568     |
|    value_loss           | 0.00537     |
-----------------------------------------
----------------------------------------
| rollout/                |            |
|    ep_len_mean          | 70         |
|    ep_rew_mean          | 58.4       |
| time/                   |            |
|    fps                  | 64         |
|    iterations           | 16         |
|    time_elapsed         | 127        |
|    total_timesteps      | 8192       |
| train/                  |            |
|    approx_kl            | 0.01685058 |
|    clip_fraction        | 0.153      |
|    clip_range           | 0.2        |
|    entropy_loss         | -1.45      |
|    explained_variance   | -1.44      |
|    learning_rate        | 0.0003     |
|    loss                 | -0.0827    |
|    n_updates            | 150        |
|    policy_gradient_loss | -0.0514    |
|    value_loss           | 0.00324    |
----------------------------------------
-----------------------------------------
| rollout/                |             |
|    ep_len_mean          | 72.4        |
|    ep_rew_mean          | 60.5        |
| time/                   |             |
|    fps                  | 64          |
|    iterations           | 17          |
|    time_elapsed         | 134         |
|    total_timesteps      | 8704        |
| train/                  |             |
|    approx_kl            | 0.014292869 |
|    clip_fraction        | 0.12        |
|    clip_range           | 0.2         |
|    entropy_loss         | -1.43       |
|    explained_variance   | -2.42       |
|    learning_rate        | 0.0003      |
|    loss                 | -0.104      |
|    n_updates            | 160         |
|    policy_gradient_loss | -0.0522     |
|    value_loss           | 0.00292     |
-----------------------------------------
-----------------------------------------
| rollout/                |             |
|    ep_len_mean          | 74.4        |
|    ep_rew_mean          | 62.4        |
| time/                   |             |
|    fps                  | 65          |
|    iterations           | 18          |
|    time_elapsed         | 140         |
|    total_timesteps      | 9216        |
| train/                  |             |
|    approx_kl            | 0.015492718 |
|    clip_fraction        | 0.137       |
|    clip_range           | 0.2         |
|    entropy_loss         | -1.41       |
|    explained_variance   | -0.627      |
|    learning_rate        | 0.0003      |
|    loss                 | -0.112      |
|    n_updates            | 170         |
|    policy_gradient_loss | -0.0547     |
|    value_loss           | 0.00294     |
-----------------------------------------
-----------------------------------------
| rollout/                |             |
|    ep_len_mean          | 76.4        |
|    ep_rew_mean          | 64.3        |
| time/                   |             |
|    fps                  | 65          |
|    iterations           | 19          |
|    time_elapsed         | 147         |
|    total_timesteps      | 9728        |
| train/                  |             |
|    approx_kl            | 0.016302776 |
|    clip_fraction        | 0.141       |
|    clip_range           | 0.2         |
|    entropy_loss         | -1.39       |
|    explained_variance   | -0.411      |
|    learning_rate        | 0.0003      |
|    loss                 | -0.0833     |
|    n_updates            | 180         |
|    policy_gradient_loss | -0.0551     |
|    value_loss           | 0.00311     |
-----------------------------------------
[Eval @10000] R=8.3±0.1 CR=0.000 Spd=20.5 LC=61.8 SR=1.000
-----------------------------------------
| rollout/                |             |
|    ep_len_mean          | 77.7        |
|    ep_rew_mean          | 65.4        |
| time/                   |             |
|    fps                  | 57          |
|    iterations           | 20          |
|    time_elapsed         | 179         |
|    total_timesteps      | 10240       |
| train/                  |             |
|    approx_kl            | 0.017561603 |
|    clip_fraction        | 0.175       |
|    clip_range           | 0.2         |
|    entropy_loss         | -1.39       |
|    explained_variance   | -2.64       |
|    learning_rate        | 0.0003      |
|    loss                 | -0.117      |
|    n_updates            | 190         |
|    policy_gradient_loss | -0.0599     |
|    value_loss           | 0.00342     |
-----------------------------------------
-----------------------------------------
| rollout/                |             |
|    ep_len_mean          | 80.7        |
|    ep_rew_mean          | 68.1        |
| time/                   |             |
|    fps                  | 57          |
|    iterations           | 21          |
|    time_elapsed         | 185         |
|    total_timesteps      | 10752       |
| train/                  |             |
|    approx_kl            | 0.018751742 |
|    clip_fraction        | 0.182       |
|    clip_range           | 0.2         |
|    entropy_loss         | -1.35       |
|    explained_variance   | -1.98       |
|    learning_rate        | 0.0003      |
|    loss                 | -0.116      |
|    n_updates            | 200         |
|    policy_gradient_loss | -0.0586     |
|    value_loss           | 0.00305     |
-----------------------------------------
----------------------------------------
| rollout/                |            |
|    ep_len_mean          | 82.9       |
|    ep_rew_mean          | 70.1       |
| time/                   |            |
|    fps                  | 58         |
|    iterations           | 22         |
|    time_elapsed         | 192        |
|    total_timesteps      | 11264      |
| train/                  |            |
|    approx_kl            | 0.01610712 |
|    clip_fraction        | 0.166      |
|    clip_range           | 0.2        |
|    entropy_loss         | -1.38      |
|    explained_variance   | -2.92      |
|    learning_rate        | 0.0003     |
|    loss                 | -0.092     |
|    n_updates            | 210        |
|    policy_gradient_loss | -0.0534    |
|    value_loss           | 0.00266    |
----------------------------------------
-----------------------------------------
| rollout/                |             |
|    ep_len_mean          | 85.1        |
|    ep_rew_mean          | 72.1        |
| time/                   |             |
|    fps                  | 59          |
|    iterations           | 23          |
|    time_elapsed         | 199         |
|    total_timesteps      | 11776       |
| train/                  |             |
|    approx_kl            | 0.019365977 |
|    clip_fraction        | 0.182       |
|    clip_range           | 0.2         |
|    entropy_loss         | -1.35       |
|    explained_variance   | -2.97       |
|    learning_rate        | 0.0003      |
|    loss                 | -0.119      |
|    n_updates            | 220         |
|    policy_gradient_loss | -0.0634     |
|    value_loss           | 0.00231     |
-----------------------------------------
----------------------------------------
| rollout/                |            |
|    ep_len_mean          | 85.3       |
|    ep_rew_mean          | 72.4       |
| time/                   |            |
|    fps                  | 59         |
|    iterations           | 24         |
|    time_elapsed         | 205        |
|    total_timesteps      | 12288      |
| train/                  |            |
|    approx_kl            | 0.01663022 |
|    clip_fraction        | 0.155      |
|    clip_range           | 0.2        |
|    entropy_loss         | -1.32      |
|    explained_variance   | -0.646     |
|    learning_rate        | 0.0003     |
|    loss                 | -0.117     |
|    n_updates            | 230        |
|    policy_gradient_loss | -0.0552    |
|    value_loss           | 0.00223    |
----------------------------------------
-----------------------------------------
| rollout/                |             |
|    ep_len_mean          | 85.1        |
|    ep_rew_mean          | 72.2        |
| time/                   |             |
|    fps                  | 60          |
|    iterations           | 25          |
|    time_elapsed         | 212         |
|    total_timesteps      | 12800       |
| train/                  |             |
|    approx_kl            | 0.016966332 |
|    clip_fraction        | 0.151       |
|    clip_range           | 0.2         |
|    entropy_loss         | -1.32       |
|    explained_variance   | -1.19       |
|    learning_rate        | 0.0003      |
|    loss                 | -0.112      |
|    n_updates            | 240         |
|    policy_gradient_loss | -0.0519     |
|    value_loss           | 0.0022      |
-----------------------------------------
-----------------------------------------
| rollout/                |             |
|    ep_len_mean          | 88.9        |
|    ep_rew_mean          | 75.8        |
| time/                   |             |
|    fps                  | 60          |
|    iterations           | 26          |
|    time_elapsed         | 219         |
|    total_timesteps      | 13312       |
| train/                  |             |
|    approx_kl            | 0.018357884 |
|    clip_fraction        | 0.147       |
|    clip_range           | 0.2         |
|    entropy_loss         | -1.28       |
|    explained_variance   | -1.49       |
|    learning_rate        | 0.0003      |
|    loss                 | -0.0964     |
|    n_updates            | 250         |
|    policy_gradient_loss | -0.049      |
|    value_loss           | 0.00234     |
-----------------------------------------
-----------------------------------------
| rollout/                |             |
|    ep_len_mean          | 89.6        |
|    ep_rew_mean          | 76.5        |
| time/                   |             |
|    fps                  | 61          |
|    iterations           | 27          |
|    time_elapsed         | 225         |
|    total_timesteps      | 13824       |
| train/                  |             |
|    approx_kl            | 0.020758735 |
|    clip_fraction        | 0.198       |
|    clip_range           | 0.2         |
|    entropy_loss         | -1.23       |
|    explained_variance   | -5.29       |
|    learning_rate        | 0.0003      |
|    loss                 | -0.104      |
|    n_updates            | 260         |
|    policy_gradient_loss | -0.0643     |
|    value_loss           | 0.00208     |
-----------------------------------------
-----------------------------------------
| rollout/                |             |
|    ep_len_mean          | 93.4        |
|    ep_rew_mean          | 79.9        |
| time/                   |             |
|    fps                  | 61          |
|    iterations           | 28          |
|    time_elapsed         | 232         |
|    total_timesteps      | 14336       |
| train/                  |             |
|    approx_kl            | 0.022028385 |
|    clip_fraction        | 0.207       |
|    clip_range           | 0.2         |
|    entropy_loss         | -1.25       |
|    explained_variance   | -1.25       |
|    learning_rate        | 0.0003      |
|    loss                 | -0.112      |
|    n_updates            | 270         |
|    policy_gradient_loss | -0.066      |
|    value_loss           | 0.00278     |
-----------------------------------------
----------------------------------------
| rollout/                |            |
|    ep_len_mean          | 96.7       |
|    ep_rew_mean          | 83.1       |
| time/                   |            |
|    fps                  | 62         |
|    iterations           | 29         |
|    time_elapsed         | 238        |
|    total_timesteps      | 14848      |
| train/                  |            |
|    approx_kl            | 0.02019021 |
|    clip_fraction        | 0.193      |
|    clip_range           | 0.2        |
|    entropy_loss         | -1.25      |
|    explained_variance   | -6.4       |
|    learning_rate        | 0.0003     |
|    loss                 | -0.0849    |
|    n_updates            | 280        |
|    policy_gradient_loss | -0.0611    |
|    value_loss           | 0.00223    |
----------------------------------------
[Eval @15000] R=8.6±0.3 CR=0.000 Spd=21.2 LC=34.1 SR=1.000
-----------------------------------------
| rollout/                |             |
|    ep_len_mean          | 98.4        |
|    ep_rew_mean          | 84.5        |
| time/                   |             |
|    fps                  | 49          |
|    iterations           | 30          |
|    time_elapsed         | 309         |
|    total_timesteps      | 15360       |
| train/                  |             |
|    approx_kl            | 0.019791402 |
|    clip_fraction        | 0.182       |
|    clip_range           | 0.2         |
|    entropy_loss         | -1.23       |
|    explained_variance   | -1.16       |
|    learning_rate        | 0.0003      |
|    loss                 | -0.0896     |
|    n_updates            | 290         |
|    policy_gradient_loss | -0.0595     |
|    value_loss           | 0.00184     |
-----------------------------------------
----------------------------------------
| rollout/                |            |
|    ep_len_mean          | 102        |
|    ep_rew_mean          | 88         |
| time/                   |            |
|    fps                  | 48         |
|    iterations           | 31         |
|    time_elapsed         | 329        |
|    total_timesteps      | 15872      |
| train/                  |            |
|    approx_kl            | 0.01607049 |
|    clip_fraction        | 0.146      |
|    clip_range           | 0.2        |
|    entropy_loss         | -1.17      |
|    explained_variance   | -1.26      |
|    learning_rate        | 0.0003     |
|    loss                 | -0.0979    |
|    n_updates            | 300        |
|    policy_gradient_loss | -0.0516    |
|    value_loss           | 0.00223    |
----------------------------------------
-----------------------------------------
| rollout/                |             |
|    ep_len_mean          | 105         |
|    ep_rew_mean          | 90.2        |
| time/                   |             |
|    fps                  | 46          |
|    iterations           | 32          |
|    time_elapsed         | 349         |
|    total_timesteps      | 16384       |
| train/                  |             |
|    approx_kl            | 0.021758176 |
|    clip_fraction        | 0.178       |
|    clip_range           | 0.2         |
|    entropy_loss         | -1.26       |
|    explained_variance   | -0.994      |
|    learning_rate        | 0.0003      |
|    loss                 | -0.0958     |
|    n_updates            | 310         |
|    policy_gradient_loss | -0.0553     |
|    value_loss           | 0.00178     |
-----------------------------------------
-----------------------------------------
| rollout/                |             |
|    ep_len_mean          | 105         |
|    ep_rew_mean          | 90.3        |
| time/                   |             |
|    fps                  | 45          |
|    iterations           | 33          |
|    time_elapsed         | 370         |
|    total_timesteps      | 16896       |
| train/                  |             |
|    approx_kl            | 0.019566592 |
|    clip_fraction        | 0.194       |
|    clip_range           | 0.2         |
|    entropy_loss         | -1.19       |
|    explained_variance   | -0.896      |
|    learning_rate        | 0.0003      |
|    loss                 | -0.0965     |
|    n_updates            | 320         |
|    policy_gradient_loss | -0.0551     |
|    value_loss           | 0.00138     |
-----------------------------------------
----------------------------------------
| rollout/                |            |
|    ep_len_mean          | 107        |
|    ep_rew_mean          | 92.9       |
| time/                   |            |
|    fps                  | 44         |
|    iterations           | 34         |
|    time_elapsed         | 390        |
|    total_timesteps      | 17408      |
| train/                  |            |
|    approx_kl            | 0.01650877 |
|    clip_fraction        | 0.172      |
|    clip_range           | 0.2        |
|    entropy_loss         | -1.2       |
|    explained_variance   | -0.631     |
|    learning_rate        | 0.0003     |
|    loss                 | -0.106     |
|    n_updates            | 330        |
|    policy_gradient_loss | -0.0545    |
|    value_loss           | 0.00199    |
----------------------------------------
-----------------------------------------
| rollout/                |             |
|    ep_len_mean          | 109         |
|    ep_rew_mean          | 94.6        |
| time/                   |             |
|    fps                  | 43          |
|    iterations           | 35          |
|    time_elapsed         | 410         |
|    total_timesteps      | 17920       |
| train/                  |             |
|    approx_kl            | 0.026631504 |
|    clip_fraction        | 0.234       |
|    clip_range           | 0.2         |
|    entropy_loss         | -1.21       |
|    explained_variance   | -2.25       |
|    learning_rate        | 0.0003      |
|    loss                 | -0.102      |
|    n_updates            | 340         |
|    policy_gradient_loss | -0.0629     |
|    value_loss           | 0.0018      |
-----------------------------------------
----------------------------------------
| rollout/                |            |
|    ep_len_mean          | 112        |
|    ep_rew_mean          | 97.3       |
| time/                   |            |
|    fps                  | 43         |
|    iterations           | 36         |
|    time_elapsed         | 426        |
|    total_timesteps      | 18432      |
| train/                  |            |
|    approx_kl            | 0.02204813 |
|    clip_fraction        | 0.196      |
|    clip_range           | 0.2        |
|    entropy_loss         | -1.17      |
|    explained_variance   | -0.727     |
|    learning_rate        | 0.0003     |
|    loss                 | -0.094     |
|    n_updates            | 350        |
|    policy_gradient_loss | -0.0596    |
|    value_loss           | 0.00182    |
----------------------------------------
-----------------------------------------
| rollout/                |             |
|    ep_len_mean          | 112         |
|    ep_rew_mean          | 96.7        |
| time/                   |             |
|    fps                  | 43          |
|    iterations           | 37          |
|    time_elapsed         | 432         |
|    total_timesteps      | 18944       |
| train/                  |             |
|    approx_kl            | 0.020630619 |
|    clip_fraction        | 0.164       |
|    clip_range           | 0.2         |
|    entropy_loss         | -1.13       |
|    explained_variance   | -1.59       |
|    learning_rate        | 0.0003      |
|    loss                 | -0.0874     |
|    n_updates            | 360         |
|    policy_gradient_loss | -0.0526     |
|    value_loss           | 0.00128     |
-----------------------------------------
-----------------------------------------
| rollout/                |             |
|    ep_len_mean          | 113         |
|    ep_rew_mean          | 97.9        |
| time/                   |             |
|    fps                  | 44          |
|    iterations           | 38          |
|    time_elapsed         | 439         |
|    total_timesteps      | 19456       |
| train/                  |             |
|    approx_kl            | 0.022345662 |
|    clip_fraction        | 0.201       |
|    clip_range           | 0.2         |
|    entropy_loss         | -1.19       |
|    explained_variance   | -0.639      |
|    learning_rate        | 0.0003      |
|    loss                 | -0.111      |
|    n_updates            | 370         |
|    policy_gradient_loss | -0.0596     |
|    value_loss           | 0.00168     |
-----------------------------------------
----------------------------------------
| rollout/                |            |
|    ep_len_mean          | 115        |
|    ep_rew_mean          | 100        |
| time/                   |            |
|    fps                  | 44         |
|    iterations           | 39         |
|    time_elapsed         | 446        |
|    total_timesteps      | 19968      |
| train/                  |            |
|    approx_kl            | 0.02312518 |
|    clip_fraction        | 0.209      |
|    clip_range           | 0.2        |
|    entropy_loss         | -1.14      |
|    explained_variance   | -3.06      |
|    learning_rate        | 0.0003     |
|    loss                 | -0.115     |
|    n_updates            | 380        |
|    policy_gradient_loss | -0.0621    |
|    value_loss           | 0.00204    |
----------------------------------------
[Eval @20000] R=8.0±1.5 CR=0.100 Spd=21.4 LC=51.2 SR=0.900
-----------------------------------------
| rollout/                |             |
|    ep_len_mean          | 117         |
|    ep_rew_mean          | 102         |
| time/                   |             |
|    fps                  | 42          |
|    iterations           | 40          |
|    time_elapsed         | 476         |
|    total_timesteps      | 20480       |
| train/                  |             |
|    approx_kl            | 0.019732114 |
|    clip_fraction        | 0.183       |
|    clip_range           | 0.2         |
|    entropy_loss         | -1.15       |
|    explained_variance   | -1.13       |
|    learning_rate        | 0.0003      |
|    loss                 | -0.0968     |
|    n_updates            | 390         |
|    policy_gradient_loss | -0.0577     |
|    value_loss           | 0.00166     |
-----------------------------------------
-----------------------------------------
| rollout/                |             |
|    ep_len_mean          | 120         |
|    ep_rew_mean          | 104         |
| time/                   |             |
|    fps                  | 43          |
|    iterations           | 41          |
|    time_elapsed         | 483         |
|    total_timesteps      | 20992       |
| train/                  |             |
|    approx_kl            | 0.018638063 |
|    clip_fraction        | 0.177       |
|    clip_range           | 0.2         |
|    entropy_loss         | -1.16       |
|    explained_variance   | -0.99       |
|    learning_rate        | 0.0003      |
|    loss                 | -0.0675     |
|    n_updates            | 400         |
|    policy_gradient_loss | -0.0497     |
|    value_loss           | 0.00133     |
-----------------------------------------
-----------------------------------------
| rollout/                |             |
|    ep_len_mean          | 122         |
|    ep_rew_mean          | 106         |
| time/                   |             |
|    fps                  | 42          |
|    iterations           | 42          |
|    time_elapsed         | 502         |
|    total_timesteps      | 21504       |
| train/                  |             |
|    approx_kl            | 0.022556314 |
|    clip_fraction        | 0.185       |
|    clip_range           | 0.2         |
|    entropy_loss         | -1.12       |
|    explained_variance   | -2.25       |
|    learning_rate        | 0.0003      |
|    loss                 | -0.0553     |
|    n_updates            | 410         |
|    policy_gradient_loss | -0.055      |
|    value_loss           | 0.00144     |
-----------------------------------------
-----------------------------------------
| rollout/                |             |
|    ep_len_mean          | 122         |
|    ep_rew_mean          | 107         |
| time/                   |             |
|    fps                  | 43          |
|    iterations           | 43          |
|    time_elapsed         | 508         |
|    total_timesteps      | 22016       |
| train/                  |             |
|    approx_kl            | 0.023041226 |
|    clip_fraction        | 0.195       |
|    clip_range           | 0.2         |
|    entropy_loss         | -1.13       |
|    explained_variance   | -0.167      |
|    learning_rate        | 0.0003      |
|    loss                 | -0.0979     |
|    n_updates            | 420         |
|    policy_gradient_loss | -0.055      |
|    value_loss           | 0.00126     |
-----------------------------------------
----------------------------------------
| rollout/                |            |
|    ep_len_mean          | 122        |
|    ep_rew_mean          | 107        |
| time/                   |            |
|    fps                  | 43         |
|    iterations           | 44         |
|    time_elapsed         | 515        |
|    total_timesteps      | 22528      |
| train/                  |            |
|    approx_kl            | 0.02013892 |
|    clip_fraction        | 0.206      |
|    clip_range           | 0.2        |
|    entropy_loss         | -1.14      |
|    explained_variance   | 0.164      |
|    learning_rate        | 0.0003     |
|    loss                 | -0.0904    |
|    n_updates            | 430        |
|    policy_gradient_loss | -0.056     |
|    value_loss           | 0.00127    |
----------------------------------------
-----------------------------------------
| rollout/                |             |
|    ep_len_mean          | 122         |
|    ep_rew_mean          | 107         |
| time/                   |             |
|    fps                  | 44          |
|    iterations           | 45          |
|    time_elapsed         | 522         |
|    total_timesteps      | 23040       |
| train/                  |             |
|    approx_kl            | 0.021949835 |
|    clip_fraction        | 0.192       |
|    clip_range           | 0.2         |
|    entropy_loss         | -1.1        |
|    explained_variance   | -0.398      |
|    learning_rate        | 0.0003      |
|    loss                 | -0.0814     |
|    n_updates            | 440         |
|    policy_gradient_loss | -0.0584     |
|    value_loss           | 0.00148     |
-----------------------------------------
-----------------------------------------
| rollout/                |             |
|    ep_len_mean          | 122         |
|    ep_rew_mean          | 107         |
| time/                   |             |
|    fps                  | 44          |
|    iterations           | 46          |
|    time_elapsed         | 528         |
|    total_timesteps      | 23552       |
| train/                  |             |
|    approx_kl            | 0.025579847 |
|    clip_fraction        | 0.201       |
|    clip_range           | 0.2         |
|    entropy_loss         | -1.09       |
|    explained_variance   | -2.67       |
|    learning_rate        | 0.0003      |
|    loss                 | -0.102      |
|    n_updates            | 450         |
|    policy_gradient_loss | -0.0621     |
|    value_loss           | 0.00108     |
-----------------------------------------
-----------------------------------------
| rollout/                |             |
|    ep_len_mean          | 123         |
|    ep_rew_mean          | 108         |
| time/                   |             |
|    fps                  | 44          |
|    iterations           | 47          |
|    time_elapsed         | 535         |
|    total_timesteps      | 24064       |
| train/                  |             |
|    approx_kl            | 0.019952863 |
|    clip_fraction        | 0.211       |
|    clip_range           | 0.2         |
|    entropy_loss         | -1.06       |
|    explained_variance   | -0.852      |
|    learning_rate        | 0.0003      |
|    loss                 | -0.0957     |
|    n_updates            | 460         |
|    policy_gradient_loss | -0.0573     |
|    value_loss           | 0.00103     |
-----------------------------------------
-----------------------------------------
| rollout/                |             |
|    ep_len_mean          | 124         |
|    ep_rew_mean          | 109         |
| time/                   |             |
|    fps                  | 45          |
|    iterations           | 48          |
|    time_elapsed         | 542         |
|    total_timesteps      | 24576       |
| train/                  |             |
|    approx_kl            | 0.026647853 |
|    clip_fraction        | 0.254       |
|    clip_range           | 0.2         |
|    entropy_loss         | -1.09       |
|    explained_variance   | -0.315      |
|    learning_rate        | 0.0003      |
|    loss                 | -0.0887     |
|    n_updates            | 470         |
|    policy_gradient_loss | -0.0646     |
|    value_loss           | 0.00107     |
-----------------------------------------
[Eval @25000] R=7.8±2.4 CR=0.100 Spd=22.0 LC=31.4 SR=0.900
----------------------------------------
| rollout/                |            |
|    ep_len_mean          | 127        |
|    ep_rew_mean          | 111        |
| time/                   |            |
|    fps                  | 43         |
|    iterations           | 49         |
|    time_elapsed         | 571        |
|    total_timesteps      | 25088      |
| train/                  |            |
|    approx_kl            | 0.02320449 |
|    clip_fraction        | 0.195      |
|    clip_range           | 0.2        |
|    entropy_loss         | -1.1       |
|    explained_variance   | -2.32      |
|    learning_rate        | 0.0003     |
|    loss                 | -0.0978    |
|    n_updates            | 480        |
|    policy_gradient_loss | -0.0533    |
|    value_loss           | 0.00089    |
----------------------------------------
----------------------------------------
| rollout/                |            |
|    ep_len_mean          | 129        |
|    ep_rew_mean          | 114        |
| time/                   |            |
|    fps                  | 44         |
|    iterations           | 50         |
|    time_elapsed         | 578        |
|    total_timesteps      | 25600      |
| train/                  |            |
|    approx_kl            | 0.02245564 |
|    clip_fraction        | 0.204      |
|    clip_range           | 0.2        |
|    entropy_loss         | -1.08      |
|    explained_variance   | -0.854     |
|    learning_rate        | 0.0003     |
|    loss                 | -0.111     |
|    n_updates            | 490        |
|    policy_gradient_loss | -0.0558    |
|    value_loss           | 0.00194    |
----------------------------------------
-----------------------------------------
| rollout/                |             |
|    ep_len_mean          | 128         |
|    ep_rew_mean          | 112         |
| time/                   |             |
|    fps                  | 44          |
|    iterations           | 51          |
|    time_elapsed         | 585         |
|    total_timesteps      | 26112       |
| train/                  |             |
|    approx_kl            | 0.022395935 |
|    clip_fraction        | 0.206       |
|    clip_range           | 0.2         |
|    entropy_loss         | -1.1        |
|    explained_variance   | -1.16       |
|    learning_rate        | 0.0003      |
|    loss                 | -0.105      |
|    n_updates            | 500         |
|    policy_gradient_loss | -0.0587     |
|    value_loss           | 0.00102     |
-----------------------------------------
-----------------------------------------
| rollout/                |             |
|    ep_len_mean          | 129         |
|    ep_rew_mean          | 114         |
| time/                   |             |
|    fps                  | 44          |
|    iterations           | 52          |
|    time_elapsed         | 591         |
|    total_timesteps      | 26624       |
| train/                  |             |
|    approx_kl            | 0.022466691 |
|    clip_fraction        | 0.201       |
|    clip_range           | 0.2         |
|    entropy_loss         | -1.03       |
|    explained_variance   | -0.144      |
|    learning_rate        | 0.0003      |
|    loss                 | -0.111      |
|    n_updates            | 510         |
|    policy_gradient_loss | -0.0552     |
|    value_loss           | 0.00131     |
-----------------------------------------
-----------------------------------------
| rollout/                |             |
|    ep_len_mean          | 128         |
|    ep_rew_mean          | 112         |
| time/                   |             |
|    fps                  | 45          |
|    iterations           | 53          |
|    time_elapsed         | 598         |
|    total_timesteps      | 27136       |
| train/                  |             |
|    approx_kl            | 0.022278376 |
|    clip_fraction        | 0.185       |
|    clip_range           | 0.2         |
|    entropy_loss         | -1.03       |
|    explained_variance   | -0.25       |
|    learning_rate        | 0.0003      |
|    loss                 | -0.0936     |
|    n_updates            | 520         |
|    policy_gradient_loss | -0.0568     |
|    value_loss           | 0.00142     |
-----------------------------------------
-----------------------------------------
| rollout/                |             |
|    ep_len_mean          | 124         |
|    ep_rew_mean          | 109         |
| time/                   |             |
|    fps                  | 45          |
|    iterations           | 54          |
|    time_elapsed         | 605         |
|    total_timesteps      | 27648       |
| train/                  |             |
|    approx_kl            | 0.019803852 |
|    clip_fraction        | 0.195       |
|    clip_range           | 0.2         |
|    entropy_loss         | -1.03       |
|    explained_variance   | -0.368      |
|    learning_rate        | 0.0003      |
|    loss                 | -0.0881     |
|    n_updates            | 530         |
|    policy_gradient_loss | -0.0553     |
|    value_loss           | 0.00111     |
-----------------------------------------
-----------------------------------------
| rollout/                |             |
|    ep_len_mean          | 125         |
|    ep_rew_mean          | 110         |
| time/                   |             |
|    fps                  | 45          |
|    iterations           | 55          |
|    time_elapsed         | 612         |
|    total_timesteps      | 28160       |
| train/                  |             |
|    approx_kl            | 0.023392573 |
|    clip_fraction        | 0.19        |
|    clip_range           | 0.2         |
|    entropy_loss         | -1.02       |
|    explained_variance   | 0.267       |
|    learning_rate        | 0.0003      |
|    loss                 | -0.0908     |
|    n_updates            | 540         |
|    policy_gradient_loss | -0.0523     |
|    value_loss           | 0.00148     |
-----------------------------------------
-----------------------------------------
| rollout/                |             |
|    ep_len_mean          | 126         |
|    ep_rew_mean          | 111         |
| time/                   |             |
|    fps                  | 45          |
|    iterations           | 56          |
|    time_elapsed         | 627         |
|    total_timesteps      | 28672       |
| train/                  |             |
|    approx_kl            | 0.019653503 |
|    clip_fraction        | 0.209       |
|    clip_range           | 0.2         |
|    entropy_loss         | -1.01       |
|    explained_variance   | -1.38       |
|    learning_rate        | 0.0003      |
|    loss                 | -0.0705     |
|    n_updates            | 550         |
|    policy_gradient_loss | -0.0472     |
|    value_loss           | 0.0007      |
-----------------------------------------
----------------------------------------
| rollout/                |            |
|    ep_len_mean          | 126        |
|    ep_rew_mean          | 111        |
| time/                   |            |
|    fps                  | 45         |
|    iterations           | 57         |
|    time_elapsed         | 648        |
|    total_timesteps      | 29184      |
| train/                  |            |
|    approx_kl            | 0.02224169 |
|    clip_fraction        | 0.21       |
|    clip_range           | 0.2        |
|    entropy_loss         | -1.01      |
|    explained_variance   | -0.446     |
|    learning_rate        | 0.0003     |
|    loss                 | -0.0937    |
|    n_updates            | 560        |
|    policy_gradient_loss | -0.055     |
|    value_loss           | 0.000855   |
----------------------------------------
-----------------------------------------
| rollout/                |             |
|    ep_len_mean          | 129         |
|    ep_rew_mean          | 114         |
| time/                   |             |
|    fps                  | 44          |
|    iterations           | 58          |
|    time_elapsed         | 668         |
|    total_timesteps      | 29696       |
| train/                  |             |
|    approx_kl            | 0.024108864 |
|    clip_fraction        | 0.218       |
|    clip_range           | 0.2         |
|    entropy_loss         | -1.02       |
|    explained_variance   | -0.55       |
|    learning_rate        | 0.0003      |
|    loss                 | -0.0972     |
|    n_updates            | 570         |
|    policy_gradient_loss | -0.0559     |
|    value_loss           | 0.000785    |
-----------------------------------------
[Eval @30000] R=8.6±0.2 CR=0.000 Spd=21.4 LC=17.7 SR=1.000
-----------------------------------------
| rollout/                |             |
|    ep_len_mean          | 130         |
|    ep_rew_mean          | 115         |
| time/                   |             |
|    fps                  | 39          |
|    iterations           | 59          |
|    time_elapsed         | 765         |
|    total_timesteps      | 30208       |
| train/                  |             |
|    approx_kl            | 0.026060726 |
|    clip_fraction        | 0.188       |
|    clip_range           | 0.2         |
|    entropy_loss         | -0.962      |
|    explained_variance   | -22.5       |
|    learning_rate        | 0.0003      |
|    loss                 | -0.0973     |
|    n_updates            | 580         |
|    policy_gradient_loss | -0.052      |
|    value_loss           | 0.000561    |
-----------------------------------------
-----------------------------------------
| rollout/                |             |
|    ep_len_mean          | 130         |
|    ep_rew_mean          | 115         |
| time/                   |             |
|    fps                  | 39          |
|    iterations           | 60          |
|    time_elapsed         | 785         |
|    total_timesteps      | 30720       |
| train/                  |             |
|    approx_kl            | 0.026215395 |
|    clip_fraction        | 0.218       |
|    clip_range           | 0.2         |
|    entropy_loss         | -0.933      |
|    explained_variance   | -0.464      |
|    learning_rate        | 0.0003      |
|    loss                 | -0.0798     |
|    n_updates            | 590         |
|    policy_gradient_loss | -0.0542     |
|    value_loss           | 0.000684    |
-----------------------------------------
-----------------------------------------
| rollout/                |             |
|    ep_len_mean          | 130         |
|    ep_rew_mean          | 115         |
| time/                   |             |
|    fps                  | 38          |
|    iterations           | 61          |
|    time_elapsed         | 805         |
|    total_timesteps      | 31232       |
| train/                  |             |
|    approx_kl            | 0.021747975 |
|    clip_fraction        | 0.203       |
|    clip_range           | 0.2         |
|    entropy_loss         | -1          |
|    explained_variance   | -0.282      |
|    learning_rate        | 0.0003      |
|    loss                 | -0.0908     |
|    n_updates            | 600         |
|    policy_gradient_loss | -0.0497     |
|    value_loss           | 0.000687    |
-----------------------------------------
---------------------------------------
| rollout/                |           |
|    ep_len_mean          | 132       |
|    ep_rew_mean          | 117       |
| time/                   |           |
|    fps                  | 38        |
|    iterations           | 62        |
|    time_elapsed         | 825       |
|    total_timesteps      | 31744     |
| train/                  |           |
|    approx_kl            | 0.0230131 |
|    clip_fraction        | 0.185     |
|    clip_range           | 0.2       |
|    entropy_loss         | -0.91     |
|    explained_variance   | -3.01     |
|    learning_rate        | 0.0003    |
|    loss                 | -0.0905   |
|    n_updates            | 610       |
|    policy_gradient_loss | -0.0512   |
|    value_loss           | 0.000874  |
---------------------------------------
-----------------------------------------
| rollout/                |             |
|    ep_len_mean          | 133         |
|    ep_rew_mean          | 118         |
| time/                   |             |
|    fps                  | 38          |
|    iterations           | 63          |
|    time_elapsed         | 844         |
|    total_timesteps      | 32256       |
| train/                  |             |
|    approx_kl            | 0.021811292 |
|    clip_fraction        | 0.191       |
|    clip_range           | 0.2         |
|    entropy_loss         | -0.947      |
|    explained_variance   | -0.0933     |
|    learning_rate        | 0.0003      |
|    loss                 | -0.0793     |
|    n_updates            | 620         |
|    policy_gradient_loss | -0.0496     |
|    value_loss           | 0.000825    |
-----------------------------------------
---------------------------------------
| rollout/                |           |
|    ep_len_mean          | 133       |
|    ep_rew_mean          | 118       |
| time/                   |           |
|    fps                  | 37        |
|    iterations           | 64        |
|    time_elapsed         | 864       |
|    total_timesteps      | 32768     |
| train/                  |           |
|    approx_kl            | 0.0263984 |
|    clip_fraction        | 0.226     |
|    clip_range           | 0.2       |
|    entropy_loss         | -0.894    |
|    explained_variance   | -0.464    |
|    learning_rate        | 0.0003    |
|    loss                 | -0.0944   |
|    n_updates            | 630       |
|    policy_gradient_loss | -0.0628   |
|    value_loss           | 0.000861  |
---------------------------------------
-----------------------------------------
| rollout/                |             |
|    ep_len_mean          | 134         |
|    ep_rew_mean          | 119         |
| time/                   |             |
|    fps                  | 37          |
|    iterations           | 65          |
|    time_elapsed         | 884         |
|    total_timesteps      | 33280       |
| train/                  |             |
|    approx_kl            | 0.022298595 |
|    clip_fraction        | 0.211       |
|    clip_range           | 0.2         |
|    entropy_loss         | -0.932      |
|    explained_variance   | -0.0879     |
|    learning_rate        | 0.0003      |
|    loss                 | -0.0909     |
|    n_updates            | 640         |
|    policy_gradient_loss | -0.0527     |
|    value_loss           | 0.00107     |
-----------------------------------------
-----------------------------------------
| rollout/                |             |
|    ep_len_mean          | 133         |
|    ep_rew_mean          | 118         |
| time/                   |             |
|    fps                  | 37          |
|    iterations           | 66          |
|    time_elapsed         | 904         |
|    total_timesteps      | 33792       |
| train/                  |             |
|    approx_kl            | 0.023481138 |
|    clip_fraction        | 0.189       |
|    clip_range           | 0.2         |
|    entropy_loss         | -0.905      |
|    explained_variance   | -0.275      |
|    learning_rate        | 0.0003      |
|    loss                 | -0.0855     |
|    n_updates            | 650         |
|    policy_gradient_loss | -0.0514     |
|    value_loss           | 0.000731    |
-----------------------------------------
----------------------------------------
| rollout/                |            |
|    ep_len_mean          | 135        |
|    ep_rew_mean          | 120        |
| time/                   |            |
|    fps                  | 37         |
|    iterations           | 67         |
|    time_elapsed         | 924        |
|    total_timesteps      | 34304      |
| train/                  |            |
|    approx_kl            | 0.02583381 |
|    clip_fraction        | 0.199      |
|    clip_range           | 0.2        |
|    entropy_loss         | -0.925     |
|    explained_variance   | -0.602     |
|    learning_rate        | 0.0003     |
|    loss                 | -0.0893    |
|    n_updates            | 660        |
|    policy_gradient_loss | -0.0554    |
|    value_loss           | 0.000856   |
----------------------------------------
-----------------------------------------
| rollout/                |             |
|    ep_len_mean          | 138         |
|    ep_rew_mean          | 123         |
| time/                   |             |
|    fps                  | 37          |
|    iterations           | 68          |
|    time_elapsed         | 933         |
|    total_timesteps      | 34816       |
| train/                  |             |
|    approx_kl            | 0.024770385 |
|    clip_fraction        | 0.199       |
|    clip_range           | 0.2         |
|    entropy_loss         | -0.881      |
|    explained_variance   | -1.06       |
|    learning_rate        | 0.0003      |
|    loss                 | -0.0999     |
|    n_updates            | 670         |
|    policy_gradient_loss | -0.0555     |
|    value_loss           | 0.00062     |
-----------------------------------------
[Eval @35000] R=7.4±2.6 CR=0.200 Spd=21.7 LC=39.5 SR=0.800
-----------------------------------------
| rollout/                |             |
|    ep_len_mean          | 138         |
|    ep_rew_mean          | 123         |
| time/                   |             |
|    fps                  | 36          |
|    iterations           | 69          |
|    time_elapsed         | 965         |
|    total_timesteps      | 35328       |
| train/                  |             |
|    approx_kl            | 0.025183134 |
|    clip_fraction        | 0.215       |
|    clip_range           | 0.2         |
|    entropy_loss         | -0.914      |
|    explained_variance   | -0.591      |
|    learning_rate        | 0.0003      |
|    loss                 | -0.0839     |
|    n_updates            | 680         |
|    policy_gradient_loss | -0.0539     |
|    value_loss           | 0.00044     |
-----------------------------------------
-----------------------------------------
| rollout/                |             |
|    ep_len_mean          | 138         |
|    ep_rew_mean          | 123         |
| time/                   |             |
|    fps                  | 36          |
|    iterations           | 70          |
|    time_elapsed         | 973         |
|    total_timesteps      | 35840       |
| train/                  |             |
|    approx_kl            | 0.022254553 |
|    clip_fraction        | 0.219       |
|    clip_range           | 0.2         |
|    entropy_loss         | -0.962      |
|    explained_variance   | -16.1       |
|    learning_rate        | 0.0003      |
|    loss                 | -0.0943     |
|    n_updates            | 690         |
|    policy_gradient_loss | -0.0496     |
|    value_loss           | 0.000532    |
-----------------------------------------
----------------------------------------
| rollout/                |            |
|    ep_len_mean          | 140        |
|    ep_rew_mean          | 125        |
| time/                   |            |
|    fps                  | 36         |
|    iterations           | 71         |
|    time_elapsed         | 982        |
|    total_timesteps      | 36352      |
| train/                  |            |
|    approx_kl            | 0.02487496 |
|    clip_fraction        | 0.177      |
|    clip_range           | 0.2        |
|    entropy_loss         | -0.897     |
|    explained_variance   | -0.178     |
|    learning_rate        | 0.0003     |
|    loss                 | -0.0871    |
|    n_updates            | 700        |
|    policy_gradient_loss | -0.0475    |
|    value_loss           | 0.00122    |
----------------------------------------
-----------------------------------------
| rollout/                |             |
|    ep_len_mean          | 136         |
|    ep_rew_mean          | 121         |
| time/                   |             |
|    fps                  | 37          |
|    iterations           | 72          |
|    time_elapsed         | 988         |
|    total_timesteps      | 36864       |
| train/                  |             |
|    approx_kl            | 0.029474387 |
|    clip_fraction        | 0.186       |
|    clip_range           | 0.2         |
|    entropy_loss         | -0.887      |
|    explained_variance   | -0.303      |
|    learning_rate        | 0.0003      |
|    loss                 | -0.0964     |
|    n_updates            | 710         |
|    policy_gradient_loss | -0.0554     |
|    value_loss           | 0.000664    |
-----------------------------------------
-----------------------------------------
| rollout/                |             |
|    ep_len_mean          | 136         |
|    ep_rew_mean          | 122         |
| time/                   |             |
|    fps                  | 37          |
|    iterations           | 73          |
|    time_elapsed         | 995         |
|    total_timesteps      | 37376       |
| train/                  |             |
|    approx_kl            | 0.024369655 |
|    clip_fraction        | 0.197       |
|    clip_range           | 0.2         |
|    entropy_loss         | -0.889      |
|    explained_variance   | 0.0279      |
|    learning_rate        | 0.0003      |
|    loss                 | -0.0827     |
|    n_updates            | 720         |
|    policy_gradient_loss | -0.0528     |
|    value_loss           | 0.00137     |
-----------------------------------------
-----------------------------------------
| rollout/                |             |
|    ep_len_mean          | 134         |
|    ep_rew_mean          | 119         |
| time/                   |             |
|    fps                  | 37          |
|    iterations           | 74          |
|    time_elapsed         | 1001        |
|    total_timesteps      | 37888       |
| train/                  |             |
|    approx_kl            | 0.025680847 |
|    clip_fraction        | 0.214       |
|    clip_range           | 0.2         |
|    entropy_loss         | -0.893      |
|    explained_variance   | -0.686      |
|    learning_rate        | 0.0003      |
|    loss                 | -0.0749     |
|    n_updates            | 730         |
|    policy_gradient_loss | -0.0568     |
|    value_loss           | 0.000863    |
-----------------------------------------
----------------------------------------
| rollout/                |            |
|    ep_len_mean          | 135        |
|    ep_rew_mean          | 120        |
| time/                   |            |
|    fps                  | 38         |
|    iterations           | 75         |
|    time_elapsed         | 1008       |
|    total_timesteps      | 38400      |
| train/                  |            |
|    approx_kl            | 0.03612951 |
|    clip_fraction        | 0.237      |
|    clip_range           | 0.2        |
|    entropy_loss         | -0.886     |
|    explained_variance   | -0.341     |
|    learning_rate        | 0.0003     |
|    loss                 | -0.0895    |
|    n_updates            | 740        |
|    policy_gradient_loss | -0.0543    |
|    value_loss           | 0.00103    |
----------------------------------------
-----------------------------------------
| rollout/                |             |
|    ep_len_mean          | 135         |
|    ep_rew_mean          | 121         |
| time/                   |             |
|    fps                  | 38          |
|    iterations           | 76          |
|    time_elapsed         | 1017        |
|    total_timesteps      | 38912       |
| train/                  |             |
|    approx_kl            | 0.023716783 |
|    clip_fraction        | 0.189       |
|    clip_range           | 0.2         |
|    entropy_loss         | -0.858      |
|    explained_variance   | -2.4        |
|    learning_rate        | 0.0003      |
|    loss                 | -0.0656     |
|    n_updates            | 750         |
|    policy_gradient_loss | -0.0512     |
|    value_loss           | 0.000828    |
-----------------------------------------
---------------------------------------
| rollout/                |           |
|    ep_len_mean          | 133       |
|    ep_rew_mean          | 119       |
| time/                   |           |
|    fps                  | 38        |
|    iterations           | 77        |
|    time_elapsed         | 1025      |
|    total_timesteps      | 39424     |
| train/                  |           |
|    approx_kl            | 0.0266984 |
|    clip_fraction        | 0.206     |
|    clip_range           | 0.2       |
|    entropy_loss         | -0.869    |
|    explained_variance   | -0.343    |
|    learning_rate        | 0.0003    |
|    loss                 | -0.104    |
|    n_updates            | 760       |
|    policy_gradient_loss | -0.0514   |
|    value_loss           | 0.000724  |
---------------------------------------
-----------------------------------------
| rollout/                |             |
|    ep_len_mean          | 136         |
|    ep_rew_mean          | 122         |
| time/                   |             |
|    fps                  | 38          |
|    iterations           | 78          |
|    time_elapsed         | 1031        |
|    total_timesteps      | 39936       |
| train/                  |             |
|    approx_kl            | 0.026016135 |
|    clip_fraction        | 0.175       |
|    clip_range           | 0.2         |
|    entropy_loss         | -0.813      |
|    explained_variance   | -0.00218    |
|    learning_rate        | 0.0003      |
|    loss                 | -0.0889     |
|    n_updates            | 770         |
|    policy_gradient_loss | -0.0473     |
|    value_loss           | 0.00118     |
-----------------------------------------
[Eval @40000] R=8.2±1.2 CR=0.200 Spd=22.0 LC=29.3 SR=0.800
----------------------------------------
| rollout/                |            |
|    ep_len_mean          | 136        |
|    ep_rew_mean          | 122        |
| time/                   |            |
|    fps                  | 37         |
|    iterations           | 79         |
|    time_elapsed         | 1065       |
|    total_timesteps      | 40448      |
| train/                  |            |
|    approx_kl            | 0.02405422 |
|    clip_fraction        | 0.206      |
|    clip_range           | 0.2        |
|    entropy_loss         | -0.839     |
|    explained_variance   | -1.45      |
|    learning_rate        | 0.0003     |
|    loss                 | -0.0737    |
|    n_updates            | 780        |
|    policy_gradient_loss | -0.052     |
|    value_loss           | 0.000535   |
----------------------------------------
----------------------------------------
| rollout/                |            |
|    ep_len_mean          | 136        |
|    ep_rew_mean          | 122        |
| time/                   |            |
|    fps                  | 38         |
|    iterations           | 80         |
|    time_elapsed         | 1071       |
|    total_timesteps      | 40960      |
| train/                  |            |
|    approx_kl            | 0.02732151 |
|    clip_fraction        | 0.223      |
|    clip_range           | 0.2        |
|    entropy_loss         | -0.819     |
|    explained_variance   | -1.35      |
|    learning_rate        | 0.0003     |
|    loss                 | -0.044     |
|    n_updates            | 790        |
|    policy_gradient_loss | -0.0496    |
|    value_loss           | 0.000645   |
----------------------------------------
-----------------------------------------
| rollout/                |             |
|    ep_len_mean          | 139         |
|    ep_rew_mean          | 125         |
| time/                   |             |
|    fps                  | 38          |
|    iterations           | 81          |
|    time_elapsed         | 1078        |
|    total_timesteps      | 41472       |
| train/                  |             |
|    approx_kl            | 0.027305625 |
|    clip_fraction        | 0.217       |
|    clip_range           | 0.2         |
|    entropy_loss         | -0.794      |
|    explained_variance   | -0.396      |
|    learning_rate        | 0.0003      |
|    loss                 | -0.0427     |
|    n_updates            | 800         |
|    policy_gradient_loss | -0.0431     |
|    value_loss           | 0.000992    |
-----------------------------------------
-----------------------------------------
| rollout/                |             |
|    ep_len_mean          | 142         |
|    ep_rew_mean          | 128         |
| time/                   |             |
|    fps                  | 38          |
|    iterations           | 82          |
|    time_elapsed         | 1086        |
|    total_timesteps      | 41984       |
| train/                  |             |
|    approx_kl            | 0.021585066 |
|    clip_fraction        | 0.189       |
|    clip_range           | 0.2         |
|    entropy_loss         | -0.813      |
|    explained_variance   | -0.919      |
|    learning_rate        | 0.0003      |
|    loss                 | -0.0664     |
|    n_updates            | 810         |
|    policy_gradient_loss | -0.0407     |
|    value_loss           | 0.000477    |
-----------------------------------------
-----------------------------------------
| rollout/                |             |
|    ep_len_mean          | 140         |
|    ep_rew_mean          | 126         |
| time/                   |             |
|    fps                  | 38          |
|    iterations           | 83          |
|    time_elapsed         | 1095        |
|    total_timesteps      | 42496       |
| train/                  |             |
|    approx_kl            | 0.023051344 |
|    clip_fraction        | 0.181       |
|    clip_range           | 0.2         |
|    entropy_loss         | -0.805      |
|    explained_variance   | -0.00907    |
|    learning_rate        | 0.0003      |
|    loss                 | -0.0755     |
|    n_updates            | 820         |
|    policy_gradient_loss | -0.0448     |
|    value_loss           | 0.000788    |
-----------------------------------------
-----------------------------------------
| rollout/                |             |
|    ep_len_mean          | 138         |
|    ep_rew_mean          | 125         |
| time/                   |             |
|    fps                  | 38          |
|    iterations           | 84          |
|    time_elapsed         | 1105        |
|    total_timesteps      | 43008       |
| train/                  |             |
|    approx_kl            | 0.027515847 |
|    clip_fraction        | 0.229       |
|    clip_range           | 0.2         |
|    entropy_loss         | -0.852      |
|    explained_variance   | 0.162       |
|    learning_rate        | 0.0003      |
|    loss                 | -0.0539     |
|    n_updates            | 830         |
|    policy_gradient_loss | -0.0495     |
|    value_loss           | 0.000946    |
-----------------------------------------
-----------------------------------------
| rollout/                |             |
|    ep_len_mean          | 135         |
|    ep_rew_mean          | 122         |
| time/                   |             |
|    fps                  | 39          |
|    iterations           | 85          |
|    time_elapsed         | 1112        |
|    total_timesteps      | 43520       |
| train/                  |             |
|    approx_kl            | 0.025116503 |
|    clip_fraction        | 0.171       |
|    clip_range           | 0.2         |
|    entropy_loss         | -0.779      |
|    explained_variance   | 0.223       |
|    learning_rate        | 0.0003      |
|    loss                 | -0.078      |
|    n_updates            | 840         |
|    policy_gradient_loss | -0.0458     |
|    value_loss           | 0.000789    |
-----------------------------------------
-----------------------------------------
| rollout/                |             |
|    ep_len_mean          | 133         |
|    ep_rew_mean          | 120         |
| time/                   |             |
|    fps                  | 39          |
|    iterations           | 86          |
|    time_elapsed         | 1119        |
|    total_timesteps      | 44032       |
| train/                  |             |
|    approx_kl            | 0.025208209 |
|    clip_fraction        | 0.184       |
|    clip_range           | 0.2         |
|    entropy_loss         | -0.789      |
|    explained_variance   | 0.0998      |
|    learning_rate        | 0.0003      |
|    loss                 | -0.0892     |
|    n_updates            | 850         |
|    policy_gradient_loss | -0.0502     |
|    value_loss           | 0.000737    |
-----------------------------------------
-----------------------------------------
| rollout/                |             |
|    ep_len_mean          | 134         |
|    ep_rew_mean          | 121         |
| time/                   |             |
|    fps                  | 39          |
|    iterations           | 87          |
|    time_elapsed         | 1125        |
|    total_timesteps      | 44544       |
| train/                  |             |
|    approx_kl            | 0.024048686 |
|    clip_fraction        | 0.204       |
|    clip_range           | 0.2         |
|    entropy_loss         | -0.829      |
|    explained_variance   | -0.0693     |
|    learning_rate        | 0.0003      |
|    loss                 | -0.0673     |
|    n_updates            | 860         |
|    policy_gradient_loss | -0.0519     |
|    value_loss           | 0.00103     |
-----------------------------------------
[Eval @45000] R=8.6±0.2 CR=0.000 Spd=22.0 LC=18.5 SR=1.000
-----------------------------------------
| rollout/                |             |
|    ep_len_mean          | 135         |
|    ep_rew_mean          | 121         |
| time/                   |             |
|    fps                  | 38          |
|    iterations           | 88          |
|    time_elapsed         | 1157        |
|    total_timesteps      | 45056       |
| train/                  |             |
|    approx_kl            | 0.024189973 |
|    clip_fraction        | 0.2         |
|    clip_range           | 0.2         |
|    entropy_loss         | -0.785      |
|    explained_variance   | -0.121      |
|    learning_rate        | 0.0003      |
|    loss                 | -0.0892     |
|    n_updates            | 870         |
|    policy_gradient_loss | -0.0485     |
|    value_loss           | 0.000544    |
-----------------------------------------
----------------------------------------
| rollout/                |            |
|    ep_len_mean          | 133        |
|    ep_rew_mean          | 120        |
| time/                   |            |
|    fps                  | 39         |
|    iterations           | 89         |
|    time_elapsed         | 1163       |
|    total_timesteps      | 45568      |
| train/                  |            |
|    approx_kl            | 0.02220381 |
|    clip_fraction        | 0.178      |
|    clip_range           | 0.2        |
|    entropy_loss         | -0.773     |
|    explained_variance   | 0.163      |
|    learning_rate        | 0.0003     |
|    loss                 | -0.0798    |
|    n_updates            | 880        |
|    policy_gradient_loss | -0.047     |
|    value_loss           | 0.000837   |
----------------------------------------
-----------------------------------------
| rollout/                |             |
|    ep_len_mean          | 134         |
|    ep_rew_mean          | 121         |
| time/                   |             |
|    fps                  | 38          |
|    iterations           | 90          |
|    time_elapsed         | 1184        |
|    total_timesteps      | 46080       |
| train/                  |             |
|    approx_kl            | 0.026468495 |
|    clip_fraction        | 0.21        |
|    clip_range           | 0.2         |
|    entropy_loss         | -0.805      |
|    explained_variance   | 0.126       |
|    learning_rate        | 0.0003      |
|    loss                 | -0.101      |
|    n_updates            | 890         |
|    policy_gradient_loss | -0.0531     |
|    value_loss           | 0.00101     |
-----------------------------------------
----------------------------------------
| rollout/                |            |
|    ep_len_mean          | 134        |
|    ep_rew_mean          | 121        |
| time/                   |            |
|    fps                  | 39         |
|    iterations           | 91         |
|    time_elapsed         | 1193       |
|    total_timesteps      | 46592      |
| train/                  |            |
|    approx_kl            | 0.02647828 |
|    clip_fraction        | 0.21       |
|    clip_range           | 0.2        |
|    entropy_loss         | -0.792     |
|    explained_variance   | -1.67      |
|    learning_rate        | 0.0003     |
|    loss                 | -0.08      |
|    n_updates            | 900        |
|    policy_gradient_loss | -0.0526    |
|    value_loss           | 0.000758   |
----------------------------------------
-----------------------------------------
| rollout/                |             |
|    ep_len_mean          | 135         |
|    ep_rew_mean          | 122         |
| time/                   |             |
|    fps                  | 38          |
|    iterations           | 92          |
|    time_elapsed         | 1213        |
|    total_timesteps      | 47104       |
| train/                  |             |
|    approx_kl            | 0.024062842 |
|    clip_fraction        | 0.195       |
|    clip_range           | 0.2         |
|    entropy_loss         | -0.771      |
|    explained_variance   | -0.826      |
|    learning_rate        | 0.0003      |
|    loss                 | -0.0696     |
|    n_updates            | 910         |
|    policy_gradient_loss | -0.0432     |
|    value_loss           | 0.000459    |
-----------------------------------------
-----------------------------------------
| rollout/                |             |
|    ep_len_mean          | 136         |
|    ep_rew_mean          | 122         |
| time/                   |             |
|    fps                  | 38          |
|    iterations           | 93          |
|    time_elapsed         | 1227        |
|    total_timesteps      | 47616       |
| train/                  |             |
|    approx_kl            | 0.038090397 |
|    clip_fraction        | 0.218       |
|    clip_range           | 0.2         |
|    entropy_loss         | -0.782      |
|    explained_variance   | -0.301      |
|    learning_rate        | 0.0003      |
|    loss                 | -0.103      |
|    n_updates            | 920         |
|    policy_gradient_loss | -0.0538     |
|    value_loss           | 0.000617    |
-----------------------------------------
-----------------------------------------
| rollout/                |             |
|    ep_len_mean          | 135         |
|    ep_rew_mean          | 122         |
| time/                   |             |
|    fps                  | 38          |
|    iterations           | 94          |
|    time_elapsed         | 1237        |
|    total_timesteps      | 48128       |
| train/                  |             |
|    approx_kl            | 0.028180782 |
|    clip_fraction        | 0.226       |
|    clip_range           | 0.2         |
|    entropy_loss         | -0.8        |
|    explained_variance   | -0.617      |
|    learning_rate        | 0.0003      |
|    loss                 | -0.0908     |
|    n_updates            | 930         |
|    policy_gradient_loss | -0.0481     |
|    value_loss           | 0.000435    |
-----------------------------------------
-----------------------------------------
| rollout/                |             |
|    ep_len_mean          | 136         |
|    ep_rew_mean          | 122         |
| time/                   |             |
|    fps                  | 39          |
|    iterations           | 95          |
|    time_elapsed         | 1245        |
|    total_timesteps      | 48640       |
| train/                  |             |
|    approx_kl            | 0.026409017 |
|    clip_fraction        | 0.181       |
|    clip_range           | 0.2         |
|    entropy_loss         | -0.758      |
|    explained_variance   | -0.762      |
|    learning_rate        | 0.0003      |
|    loss                 | -0.0752     |
|    n_updates            | 940         |
|    policy_gradient_loss | -0.0464     |
|    value_loss           | 0.00045     |
-----------------------------------------
-----------------------------------------
| rollout/                |             |
|    ep_len_mean          | 135         |
|    ep_rew_mean          | 122         |
| time/                   |             |
|    fps                  | 39          |
|    iterations           | 96          |
|    time_elapsed         | 1252        |
|    total_timesteps      | 49152       |
| train/                  |             |
|    approx_kl            | 0.029311242 |
|    clip_fraction        | 0.204       |
|    clip_range           | 0.2         |
|    entropy_loss         | -0.79       |
|    explained_variance   | -0.502      |
|    learning_rate        | 0.0003      |
|    loss                 | -0.0814     |
|    n_updates            | 950         |
|    policy_gradient_loss | -0.0515     |
|    value_loss           | 0.000382    |
-----------------------------------------
-----------------------------------------
| rollout/                |             |
|    ep_len_mean          | 134         |
|    ep_rew_mean          | 121         |
| time/                   |             |
|    fps                  | 39          |
|    iterations           | 97          |
|    time_elapsed         | 1258        |
|    total_timesteps      | 49664       |
| train/                  |             |
|    approx_kl            | 0.027236164 |
|    clip_fraction        | 0.228       |
|    clip_range           | 0.2         |
|    entropy_loss         | -0.779      |
|    explained_variance   | -0.138      |
|    learning_rate        | 0.0003      |
|    loss                 | -0.0587     |
|    n_updates            | 960         |
|    policy_gradient_loss | -0.0466     |
|    value_loss           | 0.00103     |
-----------------------------------------
[Eval @50000] R=7.8±2.0 CR=0.300 Spd=22.3 LC=23.6 SR=0.700
-----------------------------------------
| rollout/                |             |
|    ep_len_mean          | 136         |
|    ep_rew_mean          | 123         |
| time/                   |             |
|    fps                  | 38          |
|    iterations           | 98          |
|    time_elapsed         | 1291        |
|    total_timesteps      | 50176       |
| train/                  |             |
|    approx_kl            | 0.021895956 |
|    clip_fraction        | 0.159       |
|    clip_range           | 0.2         |
|    entropy_loss         | -0.762      |
|    explained_variance   | -0.404      |
|    learning_rate        | 0.0003      |
|    loss                 | -0.0787     |
|    n_updates            | 970         |
|    policy_gradient_loss | -0.0422     |
|    value_loss           | 0.000996    |
-----------------------------------------
[PPO] Done. Model: ./logs/ppo/aggressive/seed_456/final_model.zip
