[WARNING] GrayscaleImage not available, falling back to OccupancyGrid.
[PPO] reward=baseline seed=789 steps=50000 policy=MlpPolicy
[PPO] run_dir=./logs/ppo/baseline/seed_789
[WARNING] GrayscaleImage not available, falling back to OccupancyGrid.
[WARNING] GrayscaleImage not available, falling back to OccupancyGrid.
Using cpu device
Logging to ./logs/ppo/baseline/seed_789/ppo_baseline_seed789_1
---------------------------------
| rollout/           |          |
|    ep_len_mean     | 36.2     |
|    ep_rew_mean     | 6.91     |
| time/              |          |
|    fps             | 25       |
|    iterations      | 1        |
|    time_elapsed    | 20       |
|    total_timesteps | 512      |
---------------------------------
-----------------------------------------
| rollout/                |             |
|    ep_len_mean          | 40.1        |
|    ep_rew_mean          | 8.6         |
| time/                   |             |
|    fps                  | 25          |
|    iterations           | 2           |
|    time_elapsed         | 40          |
|    total_timesteps      | 1024        |
| train/                  |             |
|    approx_kl            | 0.003945188 |
|    clip_fraction        | 0.00371     |
|    clip_range           | 0.2         |
|    entropy_loss         | -1.61       |
|    explained_variance   | -0.487      |
|    learning_rate        | 0.0003      |
|    loss                 | 1.51        |
|    n_updates            | 10          |
|    policy_gradient_loss | -0.0187     |
|    value_loss           | 0.688       |
-----------------------------------------
-----------------------------------------
| rollout/                |             |
|    ep_len_mean          | 39          |
|    ep_rew_mean          | 8.09        |
| time/                   |             |
|    fps                  | 25          |
|    iterations           | 3           |
|    time_elapsed         | 60          |
|    total_timesteps      | 1536        |
| train/                  |             |
|    approx_kl            | 0.008061804 |
|    clip_fraction        | 0.0365      |
|    clip_range           | 0.2         |
|    entropy_loss         | -1.6        |
|    explained_variance   | 0.0943      |
|    learning_rate        | 0.0003      |
|    loss                 | -0.0647     |
|    n_updates            | 20          |
|    policy_gradient_loss | -0.035      |
|    value_loss           | 0.106       |
-----------------------------------------
----------------------------------------
| rollout/                |            |
|    ep_len_mean          | 40.6       |
|    ep_rew_mean          | 8.83       |
| time/                   |            |
|    fps                  | 25         |
|    iterations           | 4          |
|    time_elapsed         | 81         |
|    total_timesteps      | 2048       |
| train/                  |            |
|    approx_kl            | 0.01036644 |
|    clip_fraction        | 0.0547     |
|    clip_range           | 0.2        |
|    entropy_loss         | -1.59      |
|    explained_variance   | 0.0695     |
|    learning_rate        | 0.0003     |
|    loss                 | -0.0842    |
|    n_updates            | 30         |
|    policy_gradient_loss | -0.0429    |
|    value_loss           | 0.0816     |
----------------------------------------
-----------------------------------------
| rollout/                |             |
|    ep_len_mean          | 43.1        |
|    ep_rew_mean          | 9.96        |
| time/                   |             |
|    fps                  | 25          |
|    iterations           | 5           |
|    time_elapsed         | 101         |
|    total_timesteps      | 2560        |
| train/                  |             |
|    approx_kl            | 0.011513434 |
|    clip_fraction        | 0.0779      |
|    clip_range           | 0.2         |
|    entropy_loss         | -1.58       |
|    explained_variance   | 0.094       |
|    learning_rate        | 0.0003      |
|    loss                 | -0.0631     |
|    n_updates            | 40          |
|    policy_gradient_loss | -0.0444     |
|    value_loss           | 0.0584      |
-----------------------------------------
-----------------------------------------
| rollout/                |             |
|    ep_len_mean          | 45.8        |
|    ep_rew_mean          | 11.3        |
| time/                   |             |
|    fps                  | 25          |
|    iterations           | 6           |
|    time_elapsed         | 121         |
|    total_timesteps      | 3072        |
| train/                  |             |
|    approx_kl            | 0.012210257 |
|    clip_fraction        | 0.0893      |
|    clip_range           | 0.2         |
|    entropy_loss         | -1.57       |
|    explained_variance   | 0.0539      |
|    learning_rate        | 0.0003      |
|    loss                 | -0.0795     |
|    n_updates            | 50          |
|    policy_gradient_loss | -0.05       |
|    value_loss           | 0.0413      |
-----------------------------------------
-----------------------------------------
| rollout/                |             |
|    ep_len_mean          | 49.2        |
|    ep_rew_mean          | 13.1        |
| time/                   |             |
|    fps                  | 25          |
|    iterations           | 7           |
|    time_elapsed         | 142         |
|    total_timesteps      | 3584        |
| train/                  |             |
|    approx_kl            | 0.014172672 |
|    clip_fraction        | 0.119       |
|    clip_range           | 0.2         |
|    entropy_loss         | -1.56       |
|    explained_variance   | -0.437      |
|    learning_rate        | 0.0003      |
|    loss                 | -0.0924     |
|    n_updates            | 60          |
|    policy_gradient_loss | -0.0547     |
|    value_loss           | 0.0344      |
-----------------------------------------
-----------------------------------------
| rollout/                |             |
|    ep_len_mean          | 53.6        |
|    ep_rew_mean          | 15.3        |
| time/                   |             |
|    fps                  | 25          |
|    iterations           | 8           |
|    time_elapsed         | 162         |
|    total_timesteps      | 4096        |
| train/                  |             |
|    approx_kl            | 0.014247045 |
|    clip_fraction        | 0.127       |
|    clip_range           | 0.2         |
|    entropy_loss         | -1.54       |
|    explained_variance   | -1.69       |
|    learning_rate        | 0.0003      |
|    loss                 | -0.107      |
|    n_updates            | 70          |
|    policy_gradient_loss | -0.0551     |
|    value_loss           | 0.0162      |
-----------------------------------------
------------------------------------------
| rollout/                |              |
|    ep_len_mean          | 56.8         |
|    ep_rew_mean          | 16.8         |
| time/                   |              |
|    fps                  | 25           |
|    iterations           | 9            |
|    time_elapsed         | 182          |
|    total_timesteps      | 4608         |
| train/                  |              |
|    approx_kl            | 0.0150439385 |
|    clip_fraction        | 0.116        |
|    clip_range           | 0.2          |
|    entropy_loss         | -1.5         |
|    explained_variance   | -0.89        |
|    learning_rate        | 0.0003       |
|    loss                 | -0.109       |
|    n_updates            | 80           |
|    policy_gradient_loss | -0.0504      |
|    value_loss           | 0.0174       |
------------------------------------------
[Eval @5000] NEW BEST mean_reward=8.620
[Eval @5000] R=8.6±8.0 CR=0.300 Spd=21.9 LC=79.5 SR=0.700
-----------------------------------------
| rollout/                |             |
|    ep_len_mean          | 59          |
|    ep_rew_mean          | 17.8        |
| time/                   |             |
|    fps                  | 19          |
|    iterations           | 10          |
|    time_elapsed         | 266         |
|    total_timesteps      | 5120        |
| train/                  |             |
|    approx_kl            | 0.015910907 |
|    clip_fraction        | 0.142       |
|    clip_range           | 0.2         |
|    entropy_loss         | -1.5        |
|    explained_variance   | -1.3        |
|    learning_rate        | 0.0003      |
|    loss                 | -0.0841     |
|    n_updates            | 90          |
|    policy_gradient_loss | -0.0566     |
|    value_loss           | 0.0179      |
-----------------------------------------
------------------------------------------
| rollout/                |              |
|    ep_len_mean          | 63           |
|    ep_rew_mean          | 19.8         |
| time/                   |              |
|    fps                  | 19           |
|    iterations           | 11           |
|    time_elapsed         | 286          |
|    total_timesteps      | 5632         |
| train/                  |              |
|    approx_kl            | 0.0137783475 |
|    clip_fraction        | 0.133        |
|    clip_range           | 0.2          |
|    entropy_loss         | -1.48        |
|    explained_variance   | -0.719       |
|    learning_rate        | 0.0003       |
|    loss                 | -0.1         |
|    n_updates            | 100          |
|    policy_gradient_loss | -0.0574      |
|    value_loss           | 0.0144       |
------------------------------------------
-----------------------------------------
| rollout/                |             |
|    ep_len_mean          | 65.7        |
|    ep_rew_mean          | 21.1        |
| time/                   |             |
|    fps                  | 20          |
|    iterations           | 12          |
|    time_elapsed         | 294         |
|    total_timesteps      | 6144        |
| train/                  |             |
|    approx_kl            | 0.015821798 |
|    clip_fraction        | 0.135       |
|    clip_range           | 0.2         |
|    entropy_loss         | -1.48       |
|    explained_variance   | -2.23       |
|    learning_rate        | 0.0003      |
|    loss                 | -0.0922     |
|    n_updates            | 110         |
|    policy_gradient_loss | -0.0534     |
|    value_loss           | 0.00859     |
-----------------------------------------
-----------------------------------------
| rollout/                |             |
|    ep_len_mean          | 67.2        |
|    ep_rew_mean          | 21.7        |
| time/                   |             |
|    fps                  | 22          |
|    iterations           | 13          |
|    time_elapsed         | 300         |
|    total_timesteps      | 6656        |
| train/                  |             |
|    approx_kl            | 0.017571103 |
|    clip_fraction        | 0.157       |
|    clip_range           | 0.2         |
|    entropy_loss         | -1.48       |
|    explained_variance   | -0.808      |
|    learning_rate        | 0.0003      |
|    loss                 | -0.115      |
|    n_updates            | 120         |
|    policy_gradient_loss | -0.0577     |
|    value_loss           | 0.011       |
-----------------------------------------
-----------------------------------------
| rollout/                |             |
|    ep_len_mean          | 70.3        |
|    ep_rew_mean          | 23.3        |
| time/                   |             |
|    fps                  | 22          |
|    iterations           | 14          |
|    time_elapsed         | 317         |
|    total_timesteps      | 7168        |
| train/                  |             |
|    approx_kl            | 0.015113544 |
|    clip_fraction        | 0.136       |
|    clip_range           | 0.2         |
|    entropy_loss         | -1.46       |
|    explained_variance   | 0.104       |
|    learning_rate        | 0.0003      |
|    loss                 | -0.0854     |
|    n_updates            | 130         |
|    policy_gradient_loss | -0.0522     |
|    value_loss           | 0.0103      |
-----------------------------------------
-----------------------------------------
| rollout/                |             |
|    ep_len_mean          | 72.5        |
|    ep_rew_mean          | 24.3        |
| time/                   |             |
|    fps                  | 22          |
|    iterations           | 15          |
|    time_elapsed         | 338         |
|    total_timesteps      | 7680        |
| train/                  |             |
|    approx_kl            | 0.015111223 |
|    clip_fraction        | 0.134       |
|    clip_range           | 0.2         |
|    entropy_loss         | -1.47       |
|    explained_variance   | -0.486      |
|    learning_rate        | 0.0003      |
|    loss                 | -0.116      |
|    n_updates            | 140         |
|    policy_gradient_loss | -0.0523     |
|    value_loss           | 0.0086      |
-----------------------------------------
-----------------------------------------
| rollout/                |             |
|    ep_len_mean          | 75.2        |
|    ep_rew_mean          | 25.6        |
| time/                   |             |
|    fps                  | 22          |
|    iterations           | 16          |
|    time_elapsed         | 358         |
|    total_timesteps      | 8192        |
| train/                  |             |
|    approx_kl            | 0.017273784 |
|    clip_fraction        | 0.157       |
|    clip_range           | 0.2         |
|    entropy_loss         | -1.41       |
|    explained_variance   | -0.0136     |
|    learning_rate        | 0.0003      |
|    loss                 | -0.101      |
|    n_updates            | 150         |
|    policy_gradient_loss | -0.0558     |
|    value_loss           | 0.0177      |
-----------------------------------------
-----------------------------------------
| rollout/                |             |
|    ep_len_mean          | 79.7        |
|    ep_rew_mean          | 27.8        |
| time/                   |             |
|    fps                  | 23          |
|    iterations           | 17          |
|    time_elapsed         | 378         |
|    total_timesteps      | 8704        |
| train/                  |             |
|    approx_kl            | 0.019249998 |
|    clip_fraction        | 0.18        |
|    clip_range           | 0.2         |
|    entropy_loss         | -1.4        |
|    explained_variance   | -2.91       |
|    learning_rate        | 0.0003      |
|    loss                 | -0.103      |
|    n_updates            | 160         |
|    policy_gradient_loss | -0.0612     |
|    value_loss           | 0.00805     |
-----------------------------------------
-----------------------------------------
| rollout/                |             |
|    ep_len_mean          | 82.4        |
|    ep_rew_mean          | 29.1        |
| time/                   |             |
|    fps                  | 23          |
|    iterations           | 18          |
|    time_elapsed         | 398         |
|    total_timesteps      | 9216        |
| train/                  |             |
|    approx_kl            | 0.015416663 |
|    clip_fraction        | 0.141       |
|    clip_range           | 0.2         |
|    entropy_loss         | -1.4        |
|    explained_variance   | -0.228      |
|    learning_rate        | 0.0003      |
|    loss                 | -0.0988     |
|    n_updates            | 170         |
|    policy_gradient_loss | -0.0552     |
|    value_loss           | 0.00925     |
-----------------------------------------
-----------------------------------------
| rollout/                |             |
|    ep_len_mean          | 86          |
|    ep_rew_mean          | 30.9        |
| time/                   |             |
|    fps                  | 23          |
|    iterations           | 19          |
|    time_elapsed         | 418         |
|    total_timesteps      | 9728        |
| train/                  |             |
|    approx_kl            | 0.016852126 |
|    clip_fraction        | 0.148       |
|    clip_range           | 0.2         |
|    entropy_loss         | -1.4        |
|    explained_variance   | -0.19       |
|    learning_rate        | 0.0003      |
|    loss                 | -0.111      |
|    n_updates            | 180         |
|    policy_gradient_loss | -0.0523     |
|    value_loss           | 0.00841     |
-----------------------------------------
[Eval @10000] R=6.6±2.9 CR=0.200 Spd=22.2 LC=37.8 SR=0.800
----------------------------------------
| rollout/                |            |
|    ep_len_mean          | 88.1       |
|    ep_rew_mean          | 31.9       |
| time/                   |            |
|    fps                  | 20         |
|    iterations           | 20         |
|    time_elapsed         | 504        |
|    total_timesteps      | 10240      |
| train/                  |            |
|    approx_kl            | 0.01675294 |
|    clip_fraction        | 0.156      |
|    clip_range           | 0.2        |
|    entropy_loss         | -1.4       |
|    explained_variance   | -0.0351    |
|    learning_rate        | 0.0003     |
|    loss                 | -0.0932    |
|    n_updates            | 190        |
|    policy_gradient_loss | -0.0579    |
|    value_loss           | 0.00637    |
----------------------------------------
-----------------------------------------
| rollout/                |             |
|    ep_len_mean          | 93          |
|    ep_rew_mean          | 34.2        |
| time/                   |             |
|    fps                  | 20          |
|    iterations           | 21          |
|    time_elapsed         | 524         |
|    total_timesteps      | 10752       |
| train/                  |             |
|    approx_kl            | 0.017549615 |
|    clip_fraction        | 0.163       |
|    clip_range           | 0.2         |
|    entropy_loss         | -1.37       |
|    explained_variance   | -0.374      |
|    learning_rate        | 0.0003      |
|    loss                 | -0.105      |
|    n_updates            | 200         |
|    policy_gradient_loss | -0.0567     |
|    value_loss           | 0.00924     |
-----------------------------------------
-----------------------------------------
| rollout/                |             |
|    ep_len_mean          | 96.7        |
|    ep_rew_mean          | 35.9        |
| time/                   |             |
|    fps                  | 20          |
|    iterations           | 22          |
|    time_elapsed         | 545         |
|    total_timesteps      | 11264       |
| train/                  |             |
|    approx_kl            | 0.017323665 |
|    clip_fraction        | 0.157       |
|    clip_range           | 0.2         |
|    entropy_loss         | -1.41       |
|    explained_variance   | 0.00159     |
|    learning_rate        | 0.0003      |
|    loss                 | -0.0824     |
|    n_updates            | 210         |
|    policy_gradient_loss | -0.0462     |
|    value_loss           | 0.00547     |
-----------------------------------------
----------------------------------------
| rollout/                |            |
|    ep_len_mean          | 101        |
|    ep_rew_mean          | 37.8       |
| time/                   |            |
|    fps                  | 20         |
|    iterations           | 23         |
|    time_elapsed         | 565        |
|    total_timesteps      | 11776      |
| train/                  |            |
|    approx_kl            | 0.01511077 |
|    clip_fraction        | 0.139      |
|    clip_range           | 0.2        |
|    entropy_loss         | -1.39      |
|    explained_variance   | -0.189     |
|    learning_rate        | 0.0003     |
|    loss                 | -0.101     |
|    n_updates            | 220        |
|    policy_gradient_loss | -0.0566    |
|    value_loss           | 0.00709    |
----------------------------------------
-----------------------------------------
| rollout/                |             |
|    ep_len_mean          | 102         |
|    ep_rew_mean          | 38.6        |
| time/                   |             |
|    fps                  | 20          |
|    iterations           | 24          |
|    time_elapsed         | 585         |
|    total_timesteps      | 12288       |
| train/                  |             |
|    approx_kl            | 0.013225366 |
|    clip_fraction        | 0.118       |
|    clip_range           | 0.2         |
|    entropy_loss         | -1.41       |
|    explained_variance   | -0.416      |
|    learning_rate        | 0.0003      |
|    loss                 | -0.0793     |
|    n_updates            | 230         |
|    policy_gradient_loss | -0.0409     |
|    value_loss           | 0.00436     |
-----------------------------------------
-----------------------------------------
| rollout/                |             |
|    ep_len_mean          | 106         |
|    ep_rew_mean          | 40.5        |
| time/                   |             |
|    fps                  | 21          |
|    iterations           | 25          |
|    time_elapsed         | 605         |
|    total_timesteps      | 12800       |
| train/                  |             |
|    approx_kl            | 0.013589118 |
|    clip_fraction        | 0.12        |
|    clip_range           | 0.2         |
|    entropy_loss         | -1.38       |
|    explained_variance   | 0.157       |
|    learning_rate        | 0.0003      |
|    loss                 | -0.0727     |
|    n_updates            | 240         |
|    policy_gradient_loss | -0.0389     |
|    value_loss           | 0.00606     |
-----------------------------------------
-----------------------------------------
| rollout/                |             |
|    ep_len_mean          | 109         |
|    ep_rew_mean          | 41.8        |
| time/                   |             |
|    fps                  | 21          |
|    iterations           | 26          |
|    time_elapsed         | 612         |
|    total_timesteps      | 13312       |
| train/                  |             |
|    approx_kl            | 0.014720201 |
|    clip_fraction        | 0.117       |
|    clip_range           | 0.2         |
|    entropy_loss         | -1.36       |
|    explained_variance   | -0.123      |
|    learning_rate        | 0.0003      |
|    loss                 | -0.112      |
|    n_updates            | 250         |
|    policy_gradient_loss | -0.0505     |
|    value_loss           | 0.00752     |
-----------------------------------------
-----------------------------------------
| rollout/                |             |
|    ep_len_mean          | 111         |
|    ep_rew_mean          | 43.1        |
| time/                   |             |
|    fps                  | 22          |
|    iterations           | 27          |
|    time_elapsed         | 618         |
|    total_timesteps      | 13824       |
| train/                  |             |
|    approx_kl            | 0.017737873 |
|    clip_fraction        | 0.155       |
|    clip_range           | 0.2         |
|    entropy_loss         | -1.32       |
|    explained_variance   | -1.25       |
|    learning_rate        | 0.0003      |
|    loss                 | -0.104      |
|    n_updates            | 260         |
|    policy_gradient_loss | -0.0509     |
|    value_loss           | 0.00735     |
-----------------------------------------
-----------------------------------------
| rollout/                |             |
|    ep_len_mean          | 115         |
|    ep_rew_mean          | 45.1        |
| time/                   |             |
|    fps                  | 22          |
|    iterations           | 28          |
|    time_elapsed         | 637         |
|    total_timesteps      | 14336       |
| train/                  |             |
|    approx_kl            | 0.022531312 |
|    clip_fraction        | 0.21        |
|    clip_range           | 0.2         |
|    entropy_loss         | -1.29       |
|    explained_variance   | -2.44       |
|    learning_rate        | 0.0003      |
|    loss                 | -0.106      |
|    n_updates            | 270         |
|    policy_gradient_loss | -0.0639     |
|    value_loss           | 0.00658     |
-----------------------------------------
-----------------------------------------
| rollout/                |             |
|    ep_len_mean          | 117         |
|    ep_rew_mean          | 45.6        |
| time/                   |             |
|    fps                  | 22          |
|    iterations           | 29          |
|    time_elapsed         | 657         |
|    total_timesteps      | 14848       |
| train/                  |             |
|    approx_kl            | 0.020125385 |
|    clip_fraction        | 0.166       |
|    clip_range           | 0.2         |
|    entropy_loss         | -1.26       |
|    explained_variance   | -0.534      |
|    learning_rate        | 0.0003      |
|    loss                 | -0.122      |
|    n_updates            | 280         |
|    policy_gradient_loss | -0.0557     |
|    value_loss           | 0.00555     |
-----------------------------------------
[Eval @15000] R=5.7±2.8 CR=0.500 Spd=21.9 LC=84.4 SR=0.500
-----------------------------------------
| rollout/                |             |
|    ep_len_mean          | 117         |
|    ep_rew_mean          | 45.5        |
| time/                   |             |
|    fps                  | 20          |
|    iterations           | 30          |
|    time_elapsed         | 735         |
|    total_timesteps      | 15360       |
| train/                  |             |
|    approx_kl            | 0.020318436 |
|    clip_fraction        | 0.184       |
|    clip_range           | 0.2         |
|    entropy_loss         | -1.31       |
|    explained_variance   | -0.273      |
|    learning_rate        | 0.0003      |
|    loss                 | -0.0953     |
|    n_updates            | 290         |
|    policy_gradient_loss | -0.0577     |
|    value_loss           | 0.00888     |
-----------------------------------------
-----------------------------------------
| rollout/                |             |
|    ep_len_mean          | 117         |
|    ep_rew_mean          | 45.8        |
| time/                   |             |
|    fps                  | 21          |
|    iterations           | 31          |
|    time_elapsed         | 742         |
|    total_timesteps      | 15872       |
| train/                  |             |
|    approx_kl            | 0.018778695 |
|    clip_fraction        | 0.167       |
|    clip_range           | 0.2         |
|    entropy_loss         | -1.27       |
|    explained_variance   | -0.164      |
|    learning_rate        | 0.0003      |
|    loss                 | -0.102      |
|    n_updates            | 300         |
|    policy_gradient_loss | -0.0557     |
|    value_loss           | 0.00627     |
-----------------------------------------
-----------------------------------------
| rollout/                |             |
|    ep_len_mean          | 118         |
|    ep_rew_mean          | 46.4        |
| time/                   |             |
|    fps                  | 21          |
|    iterations           | 32          |
|    time_elapsed         | 748         |
|    total_timesteps      | 16384       |
| train/                  |             |
|    approx_kl            | 0.019696888 |
|    clip_fraction        | 0.177       |
|    clip_range           | 0.2         |
|    entropy_loss         | -1.28       |
|    explained_variance   | -0.597      |
|    learning_rate        | 0.0003      |
|    loss                 | -0.112      |
|    n_updates            | 310         |
|    policy_gradient_loss | -0.0573     |
|    value_loss           | 0.00811     |
-----------------------------------------
-----------------------------------------
| rollout/                |             |
|    ep_len_mean          | 120         |
|    ep_rew_mean          | 47.6        |
| time/                   |             |
|    fps                  | 21          |
|    iterations           | 33          |
|    time_elapsed         | 769         |
|    total_timesteps      | 16896       |
| train/                  |             |
|    approx_kl            | 0.020244334 |
|    clip_fraction        | 0.192       |
|    clip_range           | 0.2         |
|    entropy_loss         | -1.29       |
|    explained_variance   | -0.354      |
|    learning_rate        | 0.0003      |
|    loss                 | -0.0969     |
|    n_updates            | 320         |
|    policy_gradient_loss | -0.0578     |
|    value_loss           | 0.00565     |
-----------------------------------------
-----------------------------------------
| rollout/                |             |
|    ep_len_mean          | 116         |
|    ep_rew_mean          | 45.6        |
| time/                   |             |
|    fps                  | 22          |
|    iterations           | 34          |
|    time_elapsed         | 789         |
|    total_timesteps      | 17408       |
| train/                  |             |
|    approx_kl            | 0.016554393 |
|    clip_fraction        | 0.138       |
|    clip_range           | 0.2         |
|    entropy_loss         | -1.25       |
|    explained_variance   | -2.22       |
|    learning_rate        | 0.0003      |
|    loss                 | -0.089      |
|    n_updates            | 330         |
|    policy_gradient_loss | -0.0488     |
|    value_loss           | 0.00562     |
-----------------------------------------
-----------------------------------------
| rollout/                |             |
|    ep_len_mean          | 119         |
|    ep_rew_mean          | 47.1        |
| time/                   |             |
|    fps                  | 22          |
|    iterations           | 35          |
|    time_elapsed         | 809         |
|    total_timesteps      | 17920       |
| train/                  |             |
|    approx_kl            | 0.015849544 |
|    clip_fraction        | 0.145       |
|    clip_range           | 0.2         |
|    entropy_loss         | -1.27       |
|    explained_variance   | -0.0225     |
|    learning_rate        | 0.0003      |
|    loss                 | -0.0941     |
|    n_updates            | 340         |
|    policy_gradient_loss | -0.0473     |
|    value_loss           | 0.0101      |
-----------------------------------------
-----------------------------------------
| rollout/                |             |
|    ep_len_mean          | 118         |
|    ep_rew_mean          | 46.9        |
| time/                   |             |
|    fps                  | 22          |
|    iterations           | 36          |
|    time_elapsed         | 829         |
|    total_timesteps      | 18432       |
| train/                  |             |
|    approx_kl            | 0.024276903 |
|    clip_fraction        | 0.218       |
|    clip_range           | 0.2         |
|    entropy_loss         | -1.23       |
|    explained_variance   | -7.53       |
|    learning_rate        | 0.0003      |
|    loss                 | -0.117      |
|    n_updates            | 350         |
|    policy_gradient_loss | -0.0625     |
|    value_loss           | 0.00562     |
-----------------------------------------
-----------------------------------------
| rollout/                |             |
|    ep_len_mean          | 120         |
|    ep_rew_mean          | 47.7        |
| time/                   |             |
|    fps                  | 22          |
|    iterations           | 37          |
|    time_elapsed         | 836         |
|    total_timesteps      | 18944       |
| train/                  |             |
|    approx_kl            | 0.019944215 |
|    clip_fraction        | 0.193       |
|    clip_range           | 0.2         |
|    entropy_loss         | -1.14       |
|    explained_variance   | 0.122       |
|    learning_rate        | 0.0003      |
|    loss                 | -0.082      |
|    n_updates            | 360         |
|    policy_gradient_loss | -0.0548     |
|    value_loss           | 0.00672     |
-----------------------------------------
-----------------------------------------
| rollout/                |             |
|    ep_len_mean          | 121         |
|    ep_rew_mean          | 48.1        |
| time/                   |             |
|    fps                  | 23          |
|    iterations           | 38          |
|    time_elapsed         | 843         |
|    total_timesteps      | 19456       |
| train/                  |             |
|    approx_kl            | 0.017428292 |
|    clip_fraction        | 0.158       |
|    clip_range           | 0.2         |
|    entropy_loss         | -1.19       |
|    explained_variance   | -0.197      |
|    learning_rate        | 0.0003      |
|    loss                 | -0.0874     |
|    n_updates            | 370         |
|    policy_gradient_loss | -0.0471     |
|    value_loss           | 0.00723     |
-----------------------------------------
-----------------------------------------
| rollout/                |             |
|    ep_len_mean          | 123         |
|    ep_rew_mean          | 49.2        |
| time/                   |             |
|    fps                  | 23          |
|    iterations           | 39          |
|    time_elapsed         | 849         |
|    total_timesteps      | 19968       |
| train/                  |             |
|    approx_kl            | 0.020501465 |
|    clip_fraction        | 0.183       |
|    clip_range           | 0.2         |
|    entropy_loss         | -1.2        |
|    explained_variance   | 0.0182      |
|    learning_rate        | 0.0003      |
|    loss                 | -0.104      |
|    n_updates            | 380         |
|    policy_gradient_loss | -0.0527     |
|    value_loss           | 0.00703     |
-----------------------------------------
[Eval @20000] R=7.5±2.4 CR=0.100 Spd=21.0 LC=80.7 SR=0.900
-----------------------------------------
| rollout/                |             |
|    ep_len_mean          | 123         |
|    ep_rew_mean          | 49.5        |
| time/                   |             |
|    fps                  | 22          |
|    iterations           | 40          |
|    time_elapsed         | 904         |
|    total_timesteps      | 20480       |
| train/                  |             |
|    approx_kl            | 0.021452155 |
|    clip_fraction        | 0.182       |
|    clip_range           | 0.2         |
|    entropy_loss         | -1.19       |
|    explained_variance   | -0.358      |
|    learning_rate        | 0.0003      |
|    loss                 | -0.0981     |
|    n_updates            | 390         |
|    policy_gradient_loss | -0.0478     |
|    value_loss           | 0.00543     |
-----------------------------------------
---------------------------------------
| rollout/                |           |
|    ep_len_mean          | 125       |
|    ep_rew_mean          | 50.4      |
| time/                   |           |
|    fps                  | 22        |
|    iterations           | 41        |
|    time_elapsed         | 924       |
|    total_timesteps      | 20992     |
| train/                  |           |
|    approx_kl            | 0.0241148 |
|    clip_fraction        | 0.206     |
|    clip_range           | 0.2       |
|    entropy_loss         | -1.2      |
|    explained_variance   | -0.406    |
|    learning_rate        | 0.0003    |
|    loss                 | -0.0897   |
|    n_updates            | 400       |
|    policy_gradient_loss | -0.0554   |
|    value_loss           | 0.00264   |
---------------------------------------
-----------------------------------------
| rollout/                |             |
|    ep_len_mean          | 126         |
|    ep_rew_mean          | 51          |
| time/                   |             |
|    fps                  | 22          |
|    iterations           | 42          |
|    time_elapsed         | 944         |
|    total_timesteps      | 21504       |
| train/                  |             |
|    approx_kl            | 0.021213997 |
|    clip_fraction        | 0.168       |
|    clip_range           | 0.2         |
|    entropy_loss         | -1.15       |
|    explained_variance   | -0.291      |
|    learning_rate        | 0.0003      |
|    loss                 | -0.117      |
|    n_updates            | 410         |
|    policy_gradient_loss | -0.0548     |
|    value_loss           | 0.00237     |
-----------------------------------------
----------------------------------------
| rollout/                |            |
|    ep_len_mean          | 129        |
|    ep_rew_mean          | 52.8       |
| time/                   |            |
|    fps                  | 22         |
|    iterations           | 43         |
|    time_elapsed         | 964        |
|    total_timesteps      | 22016      |
| train/                  |            |
|    approx_kl            | 0.02194583 |
|    clip_fraction        | 0.193      |
|    clip_range           | 0.2        |
|    entropy_loss         | -1.11      |
|    explained_variance   | -45        |
|    learning_rate        | 0.0003     |
|    loss                 | -0.107     |
|    n_updates            | 420        |
|    policy_gradient_loss | -0.0598    |
|    value_loss           | 0.00237    |
----------------------------------------
-----------------------------------------
| rollout/                |             |
|    ep_len_mean          | 132         |
|    ep_rew_mean          | 54.1        |
| time/                   |             |
|    fps                  | 22          |
|    iterations           | 44          |
|    time_elapsed         | 984         |
|    total_timesteps      | 22528       |
| train/                  |             |
|    approx_kl            | 0.021985618 |
|    clip_fraction        | 0.194       |
|    clip_range           | 0.2         |
|    entropy_loss         | -1.14       |
|    explained_variance   | -0.635      |
|    learning_rate        | 0.0003      |
|    loss                 | -0.0767     |
|    n_updates            | 430         |
|    policy_gradient_loss | -0.0529     |
|    value_loss           | 0.00355     |
-----------------------------------------
-----------------------------------------
| rollout/                |             |
|    ep_len_mean          | 131         |
|    ep_rew_mean          | 53.4        |
| time/                   |             |
|    fps                  | 22          |
|    iterations           | 45          |
|    time_elapsed         | 1005        |
|    total_timesteps      | 23040       |
| train/                  |             |
|    approx_kl            | 0.021907847 |
|    clip_fraction        | 0.2         |
|    clip_range           | 0.2         |
|    entropy_loss         | -1.15       |
|    explained_variance   | -26.8       |
|    learning_rate        | 0.0003      |
|    loss                 | -0.079      |
|    n_updates            | 440         |
|    policy_gradient_loss | -0.0528     |
|    value_loss           | 0.0017      |
-----------------------------------------
-----------------------------------------
| rollout/                |             |
|    ep_len_mean          | 132         |
|    ep_rew_mean          | 54.5        |
| time/                   |             |
|    fps                  | 23          |
|    iterations           | 46          |
|    time_elapsed         | 1011        |
|    total_timesteps      | 23552       |
| train/                  |             |
|    approx_kl            | 0.020815019 |
|    clip_fraction        | 0.183       |
|    clip_range           | 0.2         |
|    entropy_loss         | -1.09       |
|    explained_variance   | -0.0035     |
|    learning_rate        | 0.0003      |
|    loss                 | -0.062      |
|    n_updates            | 450         |
|    policy_gradient_loss | -0.0477     |
|    value_loss           | 0.0033      |
-----------------------------------------
----------------------------------------
| rollout/                |            |
|    ep_len_mean          | 132        |
|    ep_rew_mean          | 54.4       |
| time/                   |            |
|    fps                  | 23         |
|    iterations           | 47         |
|    time_elapsed         | 1018       |
|    total_timesteps      | 24064      |
| train/                  |            |
|    approx_kl            | 0.02197398 |
|    clip_fraction        | 0.196      |
|    clip_range           | 0.2        |
|    entropy_loss         | -1.12      |
|    explained_variance   | 0.203      |
|    learning_rate        | 0.0003     |
|    loss                 | -0.0743    |
|    n_updates            | 460        |
|    policy_gradient_loss | -0.0501    |
|    value_loss           | 0.00282    |
----------------------------------------
-----------------------------------------
| rollout/                |             |
|    ep_len_mean          | 132         |
|    ep_rew_mean          | 54.4        |
| time/                   |             |
|    fps                  | 23          |
|    iterations           | 48          |
|    time_elapsed         | 1025        |
|    total_timesteps      | 24576       |
| train/                  |             |
|    approx_kl            | 0.018383786 |
|    clip_fraction        | 0.184       |
|    clip_range           | 0.2         |
|    entropy_loss         | -1.15       |
|    explained_variance   | 0.234       |
|    learning_rate        | 0.0003      |
|    loss                 | -0.0805     |
|    n_updates            | 470         |
|    policy_gradient_loss | -0.0464     |
|    value_loss           | 0.00429     |
-----------------------------------------
[Eval @25000] R=7.4±2.6 CR=0.100 Spd=21.7 LC=54.6 SR=0.900
----------------------------------------
| rollout/                |            |
|    ep_len_mean          | 131        |
|    ep_rew_mean          | 53.9       |
| time/                   |            |
|    fps                  | 23         |
|    iterations           | 49         |
|    time_elapsed         | 1055       |
|    total_timesteps      | 25088      |
| train/                  |            |
|    approx_kl            | 0.01681865 |
|    clip_fraction        | 0.155      |
|    clip_range           | 0.2        |
|    entropy_loss         | -1.07      |
|    explained_variance   | -0.324     |
|    learning_rate        | 0.0003     |
|    loss                 | -0.119     |
|    n_updates            | 480        |
|    policy_gradient_loss | -0.0457    |
|    value_loss           | 0.00641    |
----------------------------------------
----------------------------------------
| rollout/                |            |
|    ep_len_mean          | 130        |
|    ep_rew_mean          | 53.4       |
| time/                   |            |
|    fps                  | 24         |
|    iterations           | 50         |
|    time_elapsed         | 1061       |
|    total_timesteps      | 25600      |
| train/                  |            |
|    approx_kl            | 0.01906538 |
|    clip_fraction        | 0.174      |
|    clip_range           | 0.2        |
|    entropy_loss         | -1.12      |
|    explained_variance   | -0.337     |
|    learning_rate        | 0.0003     |
|    loss                 | -0.0984    |
|    n_updates            | 490        |
|    policy_gradient_loss | -0.0506    |
|    value_loss           | 0.0049     |
----------------------------------------
-----------------------------------------
| rollout/                |             |
|    ep_len_mean          | 129         |
|    ep_rew_mean          | 53          |
| time/                   |             |
|    fps                  | 24          |
|    iterations           | 51          |
|    time_elapsed         | 1068        |
|    total_timesteps      | 26112       |
| train/                  |             |
|    approx_kl            | 0.019623399 |
|    clip_fraction        | 0.172       |
|    clip_range           | 0.2         |
|    entropy_loss         | -1.09       |
|    explained_variance   | 0.113       |
|    learning_rate        | 0.0003      |
|    loss                 | -0.0771     |
|    n_updates            | 500         |
|    policy_gradient_loss | -0.0495     |
|    value_loss           | 0.00765     |
-----------------------------------------
-----------------------------------------
| rollout/                |             |
|    ep_len_mean          | 128         |
|    ep_rew_mean          | 52.3        |
| time/                   |             |
|    fps                  | 24          |
|    iterations           | 52          |
|    time_elapsed         | 1075        |
|    total_timesteps      | 26624       |
| train/                  |             |
|    approx_kl            | 0.016943386 |
|    clip_fraction        | 0.151       |
|    clip_range           | 0.2         |
|    entropy_loss         | -1.06       |
|    explained_variance   | 0.0345      |
|    learning_rate        | 0.0003      |
|    loss                 | -0.103      |
|    n_updates            | 510         |
|    policy_gradient_loss | -0.05       |
|    value_loss           | 0.0076      |
-----------------------------------------
-----------------------------------------
| rollout/                |             |
|    ep_len_mean          | 126         |
|    ep_rew_mean          | 51.8        |
| time/                   |             |
|    fps                  | 25          |
|    iterations           | 53          |
|    time_elapsed         | 1081        |
|    total_timesteps      | 27136       |
| train/                  |             |
|    approx_kl            | 0.020072654 |
|    clip_fraction        | 0.181       |
|    clip_range           | 0.2         |
|    entropy_loss         | -1.04       |
|    explained_variance   | -0.646      |
|    learning_rate        | 0.0003      |
|    loss                 | -0.0741     |
|    n_updates            | 520         |
|    policy_gradient_loss | -0.0422     |
|    value_loss           | 0.00499     |
-----------------------------------------
-----------------------------------------
| rollout/                |             |
|    ep_len_mean          | 127         |
|    ep_rew_mean          | 52.1        |
| time/                   |             |
|    fps                  | 25          |
|    iterations           | 54          |
|    time_elapsed         | 1088        |
|    total_timesteps      | 27648       |
| train/                  |             |
|    approx_kl            | 0.019022245 |
|    clip_fraction        | 0.205       |
|    clip_range           | 0.2         |
|    entropy_loss         | -1.07       |
|    explained_variance   | -0.969      |
|    learning_rate        | 0.0003      |
|    loss                 | -0.0972     |
|    n_updates            | 530         |
|    policy_gradient_loss | -0.0561     |
|    value_loss           | 0.00331     |
-----------------------------------------
-----------------------------------------
| rollout/                |             |
|    ep_len_mean          | 128         |
|    ep_rew_mean          | 52.4        |
| time/                   |             |
|    fps                  | 25          |
|    iterations           | 55          |
|    time_elapsed         | 1099        |
|    total_timesteps      | 28160       |
| train/                  |             |
|    approx_kl            | 0.019348823 |
|    clip_fraction        | 0.16        |
|    clip_range           | 0.2         |
|    entropy_loss         | -1.06       |
|    explained_variance   | -0.0326     |
|    learning_rate        | 0.0003      |
|    loss                 | -0.0806     |
|    n_updates            | 540         |
|    policy_gradient_loss | -0.0425     |
|    value_loss           | 0.00759     |
-----------------------------------------
-----------------------------------------
| rollout/                |             |
|    ep_len_mean          | 129         |
|    ep_rew_mean          | 53.2        |
| time/                   |             |
|    fps                  | 25          |
|    iterations           | 56          |
|    time_elapsed         | 1112        |
|    total_timesteps      | 28672       |
| train/                  |             |
|    approx_kl            | 0.018960532 |
|    clip_fraction        | 0.154       |
|    clip_range           | 0.2         |
|    entropy_loss         | -1.09       |
|    explained_variance   | -0.0505     |
|    learning_rate        | 0.0003      |
|    loss                 | -0.0566     |
|    n_updates            | 550         |
|    policy_gradient_loss | -0.0363     |
|    value_loss           | 0.00366     |
-----------------------------------------
-----------------------------------------
| rollout/                |             |
|    ep_len_mean          | 126         |
|    ep_rew_mean          | 51.9        |
| time/                   |             |
|    fps                  | 25          |
|    iterations           | 57          |
|    time_elapsed         | 1132        |
|    total_timesteps      | 29184       |
| train/                  |             |
|    approx_kl            | 0.020932347 |
|    clip_fraction        | 0.192       |
|    clip_range           | 0.2         |
|    entropy_loss         | -1.07       |
|    explained_variance   | -1.13       |
|    learning_rate        | 0.0003      |
|    loss                 | -0.0775     |
|    n_updates            | 560         |
|    policy_gradient_loss | -0.0539     |
|    value_loss           | 0.00408     |
-----------------------------------------
----------------------------------------
| rollout/                |            |
|    ep_len_mean          | 127        |
|    ep_rew_mean          | 52         |
| time/                   |            |
|    fps                  | 25         |
|    iterations           | 58         |
|    time_elapsed         | 1152       |
|    total_timesteps      | 29696      |
| train/                  |            |
|    approx_kl            | 0.02096334 |
|    clip_fraction        | 0.179      |
|    clip_range           | 0.2        |
|    entropy_loss         | -1.05      |
|    explained_variance   | 0.311      |
|    learning_rate        | 0.0003     |
|    loss                 | -0.0457    |
|    n_updates            | 570        |
|    policy_gradient_loss | -0.0493    |
|    value_loss           | 0.00549    |
----------------------------------------
[Eval @30000] R=7.6±2.0 CR=0.100 Spd=21.6 LC=53.5 SR=0.900
-----------------------------------------
| rollout/                |             |
|    ep_len_mean          | 128         |
|    ep_rew_mean          | 52.7        |
| time/                   |             |
|    fps                  | 24          |
|    iterations           | 59          |
|    time_elapsed         | 1244        |
|    total_timesteps      | 30208       |
| train/                  |             |
|    approx_kl            | 0.020510562 |
|    clip_fraction        | 0.17        |
|    clip_range           | 0.2         |
|    entropy_loss         | -1.03       |
|    explained_variance   | 0.00443     |
|    learning_rate        | 0.0003      |
|    loss                 | -0.0764     |
|    n_updates            | 580         |
|    policy_gradient_loss | -0.0483     |
|    value_loss           | 0.00609     |
-----------------------------------------
----------------------------------------
| rollout/                |            |
|    ep_len_mean          | 127        |
|    ep_rew_mean          | 52         |
| time/                   |            |
|    fps                  | 24         |
|    iterations           | 60         |
|    time_elapsed         | 1264       |
|    total_timesteps      | 30720      |
| train/                  |            |
|    approx_kl            | 0.02208087 |
|    clip_fraction        | 0.194      |
|    clip_range           | 0.2        |
|    entropy_loss         | -1.06      |
|    explained_variance   | -0.6       |
|    learning_rate        | 0.0003     |
|    loss                 | -0.0698    |
|    n_updates            | 590        |
|    policy_gradient_loss | -0.0445    |
|    value_loss           | 0.00418    |
----------------------------------------
-----------------------------------------
| rollout/                |             |
|    ep_len_mean          | 129         |
|    ep_rew_mean          | 53          |
| time/                   |             |
|    fps                  | 24          |
|    iterations           | 61          |
|    time_elapsed         | 1285        |
|    total_timesteps      | 31232       |
| train/                  |             |
|    approx_kl            | 0.021951975 |
|    clip_fraction        | 0.193       |
|    clip_range           | 0.2         |
|    entropy_loss         | -1.04       |
|    explained_variance   | -0.0454     |
|    learning_rate        | 0.0003      |
|    loss                 | -0.0945     |
|    n_updates            | 600         |
|    policy_gradient_loss | -0.0523     |
|    value_loss           | 0.00176     |
-----------------------------------------
-----------------------------------------
| rollout/                |             |
|    ep_len_mean          | 128         |
|    ep_rew_mean          | 52.6        |
| time/                   |             |
|    fps                  | 24          |
|    iterations           | 62          |
|    time_elapsed         | 1305        |
|    total_timesteps      | 31744       |
| train/                  |             |
|    approx_kl            | 0.021321654 |
|    clip_fraction        | 0.183       |
|    clip_range           | 0.2         |
|    entropy_loss         | -0.959      |
|    explained_variance   | -0.528      |
|    learning_rate        | 0.0003      |
|    loss                 | -0.0654     |
|    n_updates            | 610         |
|    policy_gradient_loss | -0.0452     |
|    value_loss           | 0.00295     |
-----------------------------------------
-----------------------------------------
| rollout/                |             |
|    ep_len_mean          | 129         |
|    ep_rew_mean          | 53          |
| time/                   |             |
|    fps                  | 24          |
|    iterations           | 63          |
|    time_elapsed         | 1325        |
|    total_timesteps      | 32256       |
| train/                  |             |
|    approx_kl            | 0.023006875 |
|    clip_fraction        | 0.192       |
|    clip_range           | 0.2         |
|    entropy_loss         | -0.997      |
|    explained_variance   | 0.0325      |
|    learning_rate        | 0.0003      |
|    loss                 | -0.0964     |
|    n_updates            | 620         |
|    policy_gradient_loss | -0.0468     |
|    value_loss           | 0.00614     |
-----------------------------------------
----------------------------------------
| rollout/                |            |
|    ep_len_mean          | 131        |
|    ep_rew_mean          | 53.7       |
| time/                   |            |
|    fps                  | 24         |
|    iterations           | 64         |
|    time_elapsed         | 1345       |
|    total_timesteps      | 32768      |
| train/                  |            |
|    approx_kl            | 0.02116014 |
|    clip_fraction        | 0.145      |
|    clip_range           | 0.2        |
|    entropy_loss         | -1.03      |
|    explained_variance   | -0.0585    |
|    learning_rate        | 0.0003     |
|    loss                 | -0.0853    |
|    n_updates            | 630        |
|    policy_gradient_loss | -0.0417    |
|    value_loss           | 0.00656    |
----------------------------------------
-----------------------------------------
| rollout/                |             |
|    ep_len_mean          | 131         |
|    ep_rew_mean          | 54          |
| time/                   |             |
|    fps                  | 24          |
|    iterations           | 65          |
|    time_elapsed         | 1366        |
|    total_timesteps      | 33280       |
| train/                  |             |
|    approx_kl            | 0.022431364 |
|    clip_fraction        | 0.186       |
|    clip_range           | 0.2         |
|    entropy_loss         | -0.996      |
|    explained_variance   | -0.347      |
|    learning_rate        | 0.0003      |
|    loss                 | -0.0862     |
|    n_updates            | 640         |
|    policy_gradient_loss | -0.0498     |
|    value_loss           | 0.00897     |
-----------------------------------------
-----------------------------------------
| rollout/                |             |
|    ep_len_mean          | 132         |
|    ep_rew_mean          | 54.3        |
| time/                   |             |
|    fps                  | 24          |
|    iterations           | 66          |
|    time_elapsed         | 1386        |
|    total_timesteps      | 33792       |
| train/                  |             |
|    approx_kl            | 0.020439044 |
|    clip_fraction        | 0.164       |
|    clip_range           | 0.2         |
|    entropy_loss         | -0.986      |
|    explained_variance   | -0.922      |
|    learning_rate        | 0.0003      |
|    loss                 | -0.088      |
|    n_updates            | 650         |
|    policy_gradient_loss | -0.0519     |
|    value_loss           | 0.00351     |
-----------------------------------------
-----------------------------------------
| rollout/                |             |
|    ep_len_mean          | 131         |
|    ep_rew_mean          | 53.8        |
| time/                   |             |
|    fps                  | 24          |
|    iterations           | 67          |
|    time_elapsed         | 1398        |
|    total_timesteps      | 34304       |
| train/                  |             |
|    approx_kl            | 0.026852932 |
|    clip_fraction        | 0.195       |
|    clip_range           | 0.2         |
|    entropy_loss         | -1.05       |
|    explained_variance   | -5.15       |
|    learning_rate        | 0.0003      |
|    loss                 | -0.0553     |
|    n_updates            | 660         |
|    policy_gradient_loss | -0.0512     |
|    value_loss           | 0.00233     |
-----------------------------------------
-----------------------------------------
| rollout/                |             |
|    ep_len_mean          | 129         |
|    ep_rew_mean          | 52.7        |
| time/                   |             |
|    fps                  | 24          |
|    iterations           | 68          |
|    time_elapsed         | 1418        |
|    total_timesteps      | 34816       |
| train/                  |             |
|    approx_kl            | 0.019371584 |
|    clip_fraction        | 0.193       |
|    clip_range           | 0.2         |
|    entropy_loss         | -1.04       |
|    explained_variance   | -0.362      |
|    learning_rate        | 0.0003      |
|    loss                 | -0.0915     |
|    n_updates            | 670         |
|    policy_gradient_loss | -0.0481     |
|    value_loss           | 0.00406     |
-----------------------------------------
[Eval @35000] R=7.6±2.2 CR=0.100 Spd=21.2 LC=49.4 SR=0.900
-----------------------------------------
| rollout/                |             |
|    ep_len_mean          | 129         |
|    ep_rew_mean          | 52.9        |
| time/                   |             |
|    fps                  | 24          |
|    iterations           | 69          |
|    time_elapsed         | 1453        |
|    total_timesteps      | 35328       |
| train/                  |             |
|    approx_kl            | 0.021033064 |
|    clip_fraction        | 0.193       |
|    clip_range           | 0.2         |
|    entropy_loss         | -0.991      |
|    explained_variance   | -0.0408     |
|    learning_rate        | 0.0003      |
|    loss                 | -0.0873     |
|    n_updates            | 680         |
|    policy_gradient_loss | -0.0502     |
|    value_loss           | 0.00599     |
-----------------------------------------
-----------------------------------------
| rollout/                |             |
|    ep_len_mean          | 130         |
|    ep_rew_mean          | 53.4        |
| time/                   |             |
|    fps                  | 24          |
|    iterations           | 70          |
|    time_elapsed         | 1460        |
|    total_timesteps      | 35840       |
| train/                  |             |
|    approx_kl            | 0.020892527 |
|    clip_fraction        | 0.19        |
|    clip_range           | 0.2         |
|    entropy_loss         | -1.02       |
|    explained_variance   | -0.569      |
|    learning_rate        | 0.0003      |
|    loss                 | -0.0921     |
|    n_updates            | 690         |
|    policy_gradient_loss | -0.0531     |
|    value_loss           | 0.00339     |
-----------------------------------------
----------------------------------------
| rollout/                |            |
|    ep_len_mean          | 129        |
|    ep_rew_mean          | 52.6       |
| time/                   |            |
|    fps                  | 24         |
|    iterations           | 71         |
|    time_elapsed         | 1466       |
|    total_timesteps      | 36352      |
| train/                  |            |
|    approx_kl            | 0.02103113 |
|    clip_fraction        | 0.199      |
|    clip_range           | 0.2        |
|    entropy_loss         | -1         |
|    explained_variance   | -1.01      |
|    learning_rate        | 0.0003     |
|    loss                 | -0.0777    |
|    n_updates            | 700        |
|    policy_gradient_loss | -0.0497    |
|    value_loss           | 0.00395    |
----------------------------------------
-----------------------------------------
| rollout/                |             |
|    ep_len_mean          | 131         |
|    ep_rew_mean          | 53.9        |
| time/                   |             |
|    fps                  | 25          |
|    iterations           | 72          |
|    time_elapsed         | 1473        |
|    total_timesteps      | 36864       |
| train/                  |             |
|    approx_kl            | 0.022207677 |
|    clip_fraction        | 0.174       |
|    clip_range           | 0.2         |
|    entropy_loss         | -0.985      |
|    explained_variance   | -0.883      |
|    learning_rate        | 0.0003      |
|    loss                 | -0.0988     |
|    n_updates            | 710         |
|    policy_gradient_loss | -0.0445     |
|    value_loss           | 0.00604     |
-----------------------------------------
----------------------------------------
| rollout/                |            |
|    ep_len_mean          | 133        |
|    ep_rew_mean          | 54.6       |
| time/                   |            |
|    fps                  | 25         |
|    iterations           | 73         |
|    time_elapsed         | 1481       |
|    total_timesteps      | 37376      |
| train/                  |            |
|    approx_kl            | 0.02885513 |
|    clip_fraction        | 0.218      |
|    clip_range           | 0.2        |
|    entropy_loss         | -0.969     |
|    explained_variance   | -37.2      |
|    learning_rate        | 0.0003     |
|    loss                 | -0.088     |
|    n_updates            | 720        |
|    policy_gradient_loss | -0.0505    |
|    value_loss           | 0.00298    |
----------------------------------------
-----------------------------------------
| rollout/                |             |
|    ep_len_mean          | 133         |
|    ep_rew_mean          | 54.9        |
| time/                   |             |
|    fps                  | 25          |
|    iterations           | 74          |
|    time_elapsed         | 1488        |
|    total_timesteps      | 37888       |
| train/                  |             |
|    approx_kl            | 0.023124967 |
|    clip_fraction        | 0.211       |
|    clip_range           | 0.2         |
|    entropy_loss         | -1          |
|    explained_variance   | -0.0248     |
|    learning_rate        | 0.0003      |
|    loss                 | -0.0714     |
|    n_updates            | 730         |
|    policy_gradient_loss | -0.0422     |
|    value_loss           | 0.00333     |
-----------------------------------------
-----------------------------------------
| rollout/                |             |
|    ep_len_mean          | 134         |
|    ep_rew_mean          | 55.2        |
| time/                   |             |
|    fps                  | 25          |
|    iterations           | 75          |
|    time_elapsed         | 1494        |
|    total_timesteps      | 38400       |
| train/                  |             |
|    approx_kl            | 0.022501234 |
|    clip_fraction        | 0.188       |
|    clip_range           | 0.2         |
|    entropy_loss         | -1.01       |
|    explained_variance   | -0.585      |
|    learning_rate        | 0.0003      |
|    loss                 | -0.0825     |
|    n_updates            | 740         |
|    policy_gradient_loss | -0.0484     |
|    value_loss           | 0.0034      |
-----------------------------------------
----------------------------------------
| rollout/                |            |
|    ep_len_mean          | 134        |
|    ep_rew_mean          | 55.5       |
| time/                   |            |
|    fps                  | 25         |
|    iterations           | 76         |
|    time_elapsed         | 1506       |
|    total_timesteps      | 38912      |
| train/                  |            |
|    approx_kl            | 0.02317884 |
|    clip_fraction        | 0.188      |
|    clip_range           | 0.2        |
|    entropy_loss         | -0.945     |
|    explained_variance   | 0.0621     |
|    learning_rate        | 0.0003     |
|    loss                 | -0.0918    |
|    n_updates            | 750        |
|    policy_gradient_loss | -0.0492    |
|    value_loss           | 0.00476    |
----------------------------------------
-----------------------------------------
| rollout/                |             |
|    ep_len_mean          | 134         |
|    ep_rew_mean          | 55.4        |
| time/                   |             |
|    fps                  | 26          |
|    iterations           | 77          |
|    time_elapsed         | 1512        |
|    total_timesteps      | 39424       |
| train/                  |             |
|    approx_kl            | 0.021405693 |
|    clip_fraction        | 0.179       |
|    clip_range           | 0.2         |
|    entropy_loss         | -0.912      |
|    explained_variance   | 0.0954      |
|    learning_rate        | 0.0003      |
|    loss                 | -0.087      |
|    n_updates            | 760         |
|    policy_gradient_loss | -0.0376     |
|    value_loss           | 0.00666     |
-----------------------------------------
-----------------------------------------
| rollout/                |             |
|    ep_len_mean          | 132         |
|    ep_rew_mean          | 54.5        |
| time/                   |             |
|    fps                  | 26          |
|    iterations           | 78          |
|    time_elapsed         | 1519        |
|    total_timesteps      | 39936       |
| train/                  |             |
|    approx_kl            | 0.017383039 |
|    clip_fraction        | 0.162       |
|    clip_range           | 0.2         |
|    entropy_loss         | -0.97       |
|    explained_variance   | 0.293       |
|    learning_rate        | 0.0003      |
|    loss                 | -0.0615     |
|    n_updates            | 770         |
|    policy_gradient_loss | -0.0417     |
|    value_loss           | 0.00888     |
-----------------------------------------
[Eval @40000] R=7.9±1.4 CR=0.100 Spd=21.7 LC=56.9 SR=0.900
-----------------------------------------
| rollout/                |             |
|    ep_len_mean          | 134         |
|    ep_rew_mean          | 55.1        |
| time/                   |             |
|    fps                  | 26          |
|    iterations           | 79          |
|    time_elapsed         | 1550        |
|    total_timesteps      | 40448       |
| train/                  |             |
|    approx_kl            | 0.024649596 |
|    clip_fraction        | 0.201       |
|    clip_range           | 0.2         |
|    entropy_loss         | -0.907      |
|    explained_variance   | -0.168      |
|    learning_rate        | 0.0003      |
|    loss                 | -0.0677     |
|    n_updates            | 780         |
|    policy_gradient_loss | -0.0476     |
|    value_loss           | 0.00741     |
-----------------------------------------
-----------------------------------------
| rollout/                |             |
|    ep_len_mean          | 133         |
|    ep_rew_mean          | 54.8        |
| time/                   |             |
|    fps                  | 26          |
|    iterations           | 80          |
|    time_elapsed         | 1569        |
|    total_timesteps      | 40960       |
| train/                  |             |
|    approx_kl            | 0.021800142 |
|    clip_fraction        | 0.174       |
|    clip_range           | 0.2         |
|    entropy_loss         | -0.924      |
|    explained_variance   | -1.73       |
|    learning_rate        | 0.0003      |
|    loss                 | -0.0919     |
|    n_updates            | 790         |
|    policy_gradient_loss | -0.0548     |
|    value_loss           | 0.00383     |
-----------------------------------------
----------------------------------------
| rollout/                |            |
|    ep_len_mean          | 133        |
|    ep_rew_mean          | 54.8       |
| time/                   |            |
|    fps                  | 26         |
|    iterations           | 81         |
|    time_elapsed         | 1589       |
|    total_timesteps      | 41472      |
| train/                  |            |
|    approx_kl            | 0.01856453 |
|    clip_fraction        | 0.176      |
|    clip_range           | 0.2        |
|    entropy_loss         | -0.947     |
|    explained_variance   | 0.0626     |
|    learning_rate        | 0.0003     |
|    loss                 | -0.0908    |
|    n_updates            | 800        |
|    policy_gradient_loss | -0.0509    |
|    value_loss           | 0.00936    |
----------------------------------------
----------------------------------------
| rollout/                |            |
|    ep_len_mean          | 133        |
|    ep_rew_mean          | 54.8       |
| time/                   |            |
|    fps                  | 26         |
|    iterations           | 82         |
|    time_elapsed         | 1608       |
|    total_timesteps      | 41984      |
| train/                  |            |
|    approx_kl            | 0.02063866 |
|    clip_fraction        | 0.199      |
|    clip_range           | 0.2        |
|    entropy_loss         | -0.949     |
|    explained_variance   | 0.0888     |
|    learning_rate        | 0.0003     |
|    loss                 | -0.0851    |
|    n_updates            | 810        |
|    policy_gradient_loss | -0.0466    |
|    value_loss           | 0.00465    |
----------------------------------------
-----------------------------------------
| rollout/                |             |
|    ep_len_mean          | 135         |
|    ep_rew_mean          | 55.5        |
| time/                   |             |
|    fps                  | 26          |
|    iterations           | 83          |
|    time_elapsed         | 1623        |
|    total_timesteps      | 42496       |
| train/                  |             |
|    approx_kl            | 0.028550334 |
|    clip_fraction        | 0.231       |
|    clip_range           | 0.2         |
|    entropy_loss         | -0.995      |
|    explained_variance   | -23.3       |
|    learning_rate        | 0.0003      |
|    loss                 | -0.0919     |
|    n_updates            | 820         |
|    policy_gradient_loss | -0.0592     |
|    value_loss           | 0.00223     |
-----------------------------------------
-----------------------------------------
| rollout/                |             |
|    ep_len_mean          | 139         |
|    ep_rew_mean          | 57.9        |
| time/                   |             |
|    fps                  | 26          |
|    iterations           | 84          |
|    time_elapsed         | 1643        |
|    total_timesteps      | 43008       |
| train/                  |             |
|    approx_kl            | 0.021449968 |
|    clip_fraction        | 0.188       |
|    clip_range           | 0.2         |
|    entropy_loss         | -0.927      |
|    explained_variance   | -0.256      |
|    learning_rate        | 0.0003      |
|    loss                 | -0.0895     |
|    n_updates            | 830         |
|    policy_gradient_loss | -0.0483     |
|    value_loss           | 0.00259     |
-----------------------------------------
-----------------------------------------
| rollout/                |             |
|    ep_len_mean          | 142         |
|    ep_rew_mean          | 59.2        |
| time/                   |             |
|    fps                  | 26          |
|    iterations           | 85          |
|    time_elapsed         | 1663        |
|    total_timesteps      | 43520       |
| train/                  |             |
|    approx_kl            | 0.022147864 |
|    clip_fraction        | 0.22        |
|    clip_range           | 0.2         |
|    entropy_loss         | -0.947      |
|    explained_variance   | -48.4       |
|    learning_rate        | 0.0003      |
|    loss                 | -0.0692     |
|    n_updates            | 840         |
|    policy_gradient_loss | -0.0489     |
|    value_loss           | 0.00181     |
-----------------------------------------
-----------------------------------------
| rollout/                |             |
|    ep_len_mean          | 141         |
|    ep_rew_mean          | 58.7        |
| time/                   |             |
|    fps                  | 26          |
|    iterations           | 86          |
|    time_elapsed         | 1683        |
|    total_timesteps      | 44032       |
| train/                  |             |
|    approx_kl            | 0.026407266 |
|    clip_fraction        | 0.212       |
|    clip_range           | 0.2         |
|    entropy_loss         | -0.924      |
|    explained_variance   | -17.5       |
|    learning_rate        | 0.0003      |
|    loss                 | -0.0794     |
|    n_updates            | 850         |
|    policy_gradient_loss | -0.0585     |
|    value_loss           | 0.00137     |
-----------------------------------------
-----------------------------------------
| rollout/                |             |
|    ep_len_mean          | 142         |
|    ep_rew_mean          | 59.2        |
| time/                   |             |
|    fps                  | 26          |
|    iterations           | 87          |
|    time_elapsed         | 1704        |
|    total_timesteps      | 44544       |
| train/                  |             |
|    approx_kl            | 0.026985848 |
|    clip_fraction        | 0.203       |
|    clip_range           | 0.2         |
|    entropy_loss         | -0.895      |
|    explained_variance   | 0.273       |
|    learning_rate        | 0.0003      |
|    loss                 | -0.0586     |
|    n_updates            | 860         |
|    policy_gradient_loss | -0.0462     |
|    value_loss           | 0.0034      |
-----------------------------------------
[Eval @45000] R=8.1±0.8 CR=0.100 Spd=21.5 LC=41.2 SR=0.900
-----------------------------------------
| rollout/                |             |
|    ep_len_mean          | 141         |
|    ep_rew_mean          | 58.7        |
| time/                   |             |
|    fps                  | 25          |
|    iterations           | 88          |
|    time_elapsed         | 1800        |
|    total_timesteps      | 45056       |
| train/                  |             |
|    approx_kl            | 0.021652646 |
|    clip_fraction        | 0.168       |
|    clip_range           | 0.2         |
|    entropy_loss         | -0.919      |
|    explained_variance   | 0.04        |
|    learning_rate        | 0.0003      |
|    loss                 | -0.0708     |
|    n_updates            | 870         |
|    policy_gradient_loss | -0.0406     |
|    value_loss           | 0.00337     |
-----------------------------------------
-----------------------------------------
| rollout/                |             |
|    ep_len_mean          | 141         |
|    ep_rew_mean          | 58.6        |
| time/                   |             |
|    fps                  | 25          |
|    iterations           | 89          |
|    time_elapsed         | 1820        |
|    total_timesteps      | 45568       |
| train/                  |             |
|    approx_kl            | 0.021370513 |
|    clip_fraction        | 0.19        |
|    clip_range           | 0.2         |
|    entropy_loss         | -0.912      |
|    explained_variance   | -0.73       |
|    learning_rate        | 0.0003      |
|    loss                 | -0.0803     |
|    n_updates            | 880         |
|    policy_gradient_loss | -0.0419     |
|    value_loss           | 0.00381     |
-----------------------------------------
----------------------------------------
| rollout/                |            |
|    ep_len_mean          | 143        |
|    ep_rew_mean          | 59.5       |
| time/                   |            |
|    fps                  | 25         |
|    iterations           | 90         |
|    time_elapsed         | 1839       |
|    total_timesteps      | 46080      |
| train/                  |            |
|    approx_kl            | 0.01996794 |
|    clip_fraction        | 0.182      |
|    clip_range           | 0.2        |
|    entropy_loss         | -0.895     |
|    explained_variance   | -0.24      |
|    learning_rate        | 0.0003     |
|    loss                 | -0.0633    |
|    n_updates            | 890        |
|    policy_gradient_loss | -0.0391    |
|    value_loss           | 0.00542    |
----------------------------------------
-----------------------------------------
| rollout/                |             |
|    ep_len_mean          | 141         |
|    ep_rew_mean          | 58.6        |
| time/                   |             |
|    fps                  | 25          |
|    iterations           | 91          |
|    time_elapsed         | 1859        |
|    total_timesteps      | 46592       |
| train/                  |             |
|    approx_kl            | 0.019912798 |
|    clip_fraction        | 0.16        |
|    clip_range           | 0.2         |
|    entropy_loss         | -0.872      |
|    explained_variance   | -0.0692     |
|    learning_rate        | 0.0003      |
|    loss                 | -0.0662     |
|    n_updates            | 900         |
|    policy_gradient_loss | -0.0391     |
|    value_loss           | 0.00672     |
-----------------------------------------
-----------------------------------------
| rollout/                |             |
|    ep_len_mean          | 142         |
|    ep_rew_mean          | 59.1        |
| time/                   |             |
|    fps                  | 25          |
|    iterations           | 92          |
|    time_elapsed         | 1879        |
|    total_timesteps      | 47104       |
| train/                  |             |
|    approx_kl            | 0.025623482 |
|    clip_fraction        | 0.198       |
|    clip_range           | 0.2         |
|    entropy_loss         | -0.897      |
|    explained_variance   | 0.00626     |
|    learning_rate        | 0.0003      |
|    loss                 | -0.0929     |
|    n_updates            | 910         |
|    policy_gradient_loss | -0.0461     |
|    value_loss           | 0.00962     |
-----------------------------------------
-----------------------------------------
| rollout/                |             |
|    ep_len_mean          | 141         |
|    ep_rew_mean          | 58.9        |
| time/                   |             |
|    fps                  | 25          |
|    iterations           | 93          |
|    time_elapsed         | 1892        |
|    total_timesteps      | 47616       |
| train/                  |             |
|    approx_kl            | 0.022524599 |
|    clip_fraction        | 0.214       |
|    clip_range           | 0.2         |
|    entropy_loss         | -0.904      |
|    explained_variance   | -0.423      |
|    learning_rate        | 0.0003      |
|    loss                 | -0.0741     |
|    n_updates            | 920         |
|    policy_gradient_loss | -0.0496     |
|    value_loss           | 0.00492     |
-----------------------------------------
-----------------------------------------
| rollout/                |             |
|    ep_len_mean          | 138         |
|    ep_rew_mean          | 57.3        |
| time/                   |             |
|    fps                  | 25          |
|    iterations           | 94          |
|    time_elapsed         | 1899        |
|    total_timesteps      | 48128       |
| train/                  |             |
|    approx_kl            | 0.029137552 |
|    clip_fraction        | 0.235       |
|    clip_range           | 0.2         |
|    entropy_loss         | -0.838      |
|    explained_variance   | -0.304      |
|    learning_rate        | 0.0003      |
|    loss                 | -0.0621     |
|    n_updates            | 930         |
|    policy_gradient_loss | -0.0583     |
|    value_loss           | 0.00216     |
-----------------------------------------
-----------------------------------------
| rollout/                |             |
|    ep_len_mean          | 140         |
|    ep_rew_mean          | 58.3        |
| time/                   |             |
|    fps                  | 25          |
|    iterations           | 95          |
|    time_elapsed         | 1905        |
|    total_timesteps      | 48640       |
| train/                  |             |
|    approx_kl            | 0.026437625 |
|    clip_fraction        | 0.192       |
|    clip_range           | 0.2         |
|    entropy_loss         | -0.857      |
|    explained_variance   | -0.0928     |
|    learning_rate        | 0.0003      |
|    loss                 | -0.0722     |
|    n_updates            | 940         |
|    policy_gradient_loss | -0.0463     |
|    value_loss           | 0.00594     |
-----------------------------------------
----------------------------------------
| rollout/                |            |
|    ep_len_mean          | 138        |
|    ep_rew_mean          | 57.5       |
| time/                   |            |
|    fps                  | 25         |
|    iterations           | 96         |
|    time_elapsed         | 1912       |
|    total_timesteps      | 49152      |
| train/                  |            |
|    approx_kl            | 0.02668088 |
|    clip_fraction        | 0.188      |
|    clip_range           | 0.2        |
|    entropy_loss         | -0.889     |
|    explained_variance   | -0.372     |
|    learning_rate        | 0.0003     |
|    loss                 | -0.0975    |
|    n_updates            | 950        |
|    policy_gradient_loss | -0.0476    |
|    value_loss           | 0.00581    |
----------------------------------------
---------------------------------------
| rollout/                |           |
|    ep_len_mean          | 136       |
|    ep_rew_mean          | 56.2      |
| time/                   |           |
|    fps                  | 25        |
|    iterations           | 97        |
|    time_elapsed         | 1918      |
|    total_timesteps      | 49664     |
| train/                  |           |
|    approx_kl            | 0.0232845 |
|    clip_fraction        | 0.217     |
|    clip_range           | 0.2       |
|    entropy_loss         | -0.878    |
|    explained_variance   | 0.0589    |
|    learning_rate        | 0.0003    |
|    loss                 | -0.0887   |
|    n_updates            | 960       |
|    policy_gradient_loss | -0.0483   |
|    value_loss           | 0.00517   |
---------------------------------------
[Eval @50000] R=7.2±2.6 CR=0.200 Spd=21.9 LC=56.1 SR=0.800
-----------------------------------------
| rollout/                |             |
|    ep_len_mean          | 138         |
|    ep_rew_mean          | 57.4        |
| time/                   |             |
|    fps                  | 25          |
|    iterations           | 98          |
|    time_elapsed         | 1947        |
|    total_timesteps      | 50176       |
| train/                  |             |
|    approx_kl            | 0.022325281 |
|    clip_fraction        | 0.172       |
|    clip_range           | 0.2         |
|    entropy_loss         | -0.754      |
|    explained_variance   | -0.217      |
|    learning_rate        | 0.0003      |
|    loss                 | -0.0518     |
|    n_updates            | 970         |
|    policy_gradient_loss | -0.0391     |
|    value_loss           | 0.0086      |
-----------------------------------------
[PPO] Done. Model: ./logs/ppo/baseline/seed_789/final_model.zip
