[WARNING] GrayscaleImage not available, falling back to OccupancyGrid.
[PPO] reward=conservative seed=1024 steps=50000 policy=MlpPolicy
[PPO] run_dir=./logs/ppo/conservative/seed_1024
[WARNING] GrayscaleImage not available, falling back to OccupancyGrid.
[WARNING] GrayscaleImage not available, falling back to OccupancyGrid.
Using cpu device
Logging to ./logs/ppo/conservative/seed_1024/ppo_conservative_seed1024_1
---------------------------------
| rollout/           |          |
|    ep_len_mean     | 58.2     |
|    ep_rew_mean     | -32.8    |
| time/              |          |
|    fps             | 31       |
|    iterations      | 1        |
|    time_elapsed    | 16       |
|    total_timesteps | 512      |
---------------------------------
------------------------------------------
| rollout/                |              |
|    ep_len_mean          | 60           |
|    ep_rew_mean          | -32.8        |
| time/                   |              |
|    fps                  | 45           |
|    iterations           | 2            |
|    time_elapsed         | 22           |
|    total_timesteps      | 1024         |
| train/                  |              |
|    approx_kl            | 0.0040227114 |
|    clip_fraction        | 0.00527      |
|    clip_range           | 0.2          |
|    entropy_loss         | -1.61        |
|    explained_variance   | -0.356       |
|    learning_rate        | 0.0003       |
|    loss                 | 0.0177       |
|    n_updates            | 10           |
|    policy_gradient_loss | -0.0178      |
|    value_loss           | 0.628        |
------------------------------------------
------------------------------------------
| rollout/                |              |
|    ep_len_mean          | 54.2         |
|    ep_rew_mean          | -32.1        |
| time/                   |              |
|    fps                  | 52           |
|    iterations           | 3            |
|    time_elapsed         | 29           |
|    total_timesteps      | 1536         |
| train/                  |              |
|    approx_kl            | 0.0105544925 |
|    clip_fraction        | 0.0566       |
|    clip_range           | 0.2          |
|    entropy_loss         | -1.6         |
|    explained_variance   | -0.202       |
|    learning_rate        | 0.0003       |
|    loss                 | -0.0439      |
|    n_updates            | 20           |
|    policy_gradient_loss | -0.0402      |
|    value_loss           | 0.143        |
------------------------------------------
-----------------------------------------
| rollout/                |             |
|    ep_len_mean          | 52.4        |
|    ep_rew_mean          | -31.9       |
| time/                   |             |
|    fps                  | 48          |
|    iterations           | 4           |
|    time_elapsed         | 42          |
|    total_timesteps      | 2048        |
| train/                  |             |
|    approx_kl            | 0.012501476 |
|    clip_fraction        | 0.0787      |
|    clip_range           | 0.2         |
|    entropy_loss         | -1.58       |
|    explained_variance   | 0.183       |
|    learning_rate        | 0.0003      |
|    loss                 | -0.0245     |
|    n_updates            | 30          |
|    policy_gradient_loss | -0.0409     |
|    value_loss           | 0.202       |
-----------------------------------------
-----------------------------------------
| rollout/                |             |
|    ep_len_mean          | 55.5        |
|    ep_rew_mean          | -32.5       |
| time/                   |             |
|    fps                  | 40          |
|    iterations           | 5           |
|    time_elapsed         | 62          |
|    total_timesteps      | 2560        |
| train/                  |             |
|    approx_kl            | 0.011932218 |
|    clip_fraction        | 0.0869      |
|    clip_range           | 0.2         |
|    entropy_loss         | -1.57       |
|    explained_variance   | 0.173       |
|    learning_rate        | 0.0003      |
|    loss                 | -0.0968     |
|    n_updates            | 40          |
|    policy_gradient_loss | -0.0494     |
|    value_loss           | 0.152       |
-----------------------------------------
-----------------------------------------
| rollout/                |             |
|    ep_len_mean          | 56.5        |
|    ep_rew_mean          | -32.4       |
| time/                   |             |
|    fps                  | 37          |
|    iterations           | 6           |
|    time_elapsed         | 82          |
|    total_timesteps      | 3072        |
| train/                  |             |
|    approx_kl            | 0.011136728 |
|    clip_fraction        | 0.0799      |
|    clip_range           | 0.2         |
|    entropy_loss         | -1.56       |
|    explained_variance   | -0.19       |
|    learning_rate        | 0.0003      |
|    loss                 | -0.0673     |
|    n_updates            | 50          |
|    policy_gradient_loss | -0.0457     |
|    value_loss           | 0.149       |
-----------------------------------------
-----------------------------------------
| rollout/                |             |
|    ep_len_mean          | 57.7        |
|    ep_rew_mean          | -32.7       |
| time/                   |             |
|    fps                  | 34          |
|    iterations           | 7           |
|    time_elapsed         | 103         |
|    total_timesteps      | 3584        |
| train/                  |             |
|    approx_kl            | 0.012654715 |
|    clip_fraction        | 0.0813      |
|    clip_range           | 0.2         |
|    entropy_loss         | -1.53       |
|    explained_variance   | 0.0656      |
|    learning_rate        | 0.0003      |
|    loss                 | -0.0425     |
|    n_updates            | 60          |
|    policy_gradient_loss | -0.0438     |
|    value_loss           | 0.17        |
-----------------------------------------
-----------------------------------------
| rollout/                |             |
|    ep_len_mean          | 63.1        |
|    ep_rew_mean          | -33.4       |
| time/                   |             |
|    fps                  | 33          |
|    iterations           | 8           |
|    time_elapsed         | 123         |
|    total_timesteps      | 4096        |
| train/                  |             |
|    approx_kl            | 0.017306786 |
|    clip_fraction        | 0.161       |
|    clip_range           | 0.2         |
|    entropy_loss         | -1.5        |
|    explained_variance   | 0.238       |
|    learning_rate        | 0.0003      |
|    loss                 | -0.0758     |
|    n_updates            | 70          |
|    policy_gradient_loss | -0.0488     |
|    value_loss           | 0.081       |
-----------------------------------------
-----------------------------------------
| rollout/                |             |
|    ep_len_mean          | 66.7        |
|    ep_rew_mean          | -33.5       |
| time/                   |             |
|    fps                  | 32          |
|    iterations           | 9           |
|    time_elapsed         | 143         |
|    total_timesteps      | 4608        |
| train/                  |             |
|    approx_kl            | 0.020531558 |
|    clip_fraction        | 0.181       |
|    clip_range           | 0.2         |
|    entropy_loss         | -1.47       |
|    explained_variance   | -0.0806     |
|    learning_rate        | 0.0003      |
|    loss                 | -0.0618     |
|    n_updates            | 80          |
|    policy_gradient_loss | -0.0531     |
|    value_loss           | 0.098       |
-----------------------------------------
[Eval @5000] NEW BEST mean_reward=2.770
[Eval @5000] R=2.8±8.8 CR=0.100 Spd=20.5 LC=10.7 SR=0.900
-----------------------------------------
| rollout/                |             |
|    ep_len_mean          | 71.6        |
|    ep_rew_mean          | -33.9       |
| time/                   |             |
|    fps                  | 22          |
|    iterations           | 10          |
|    time_elapsed         | 225         |
|    total_timesteps      | 5120        |
| train/                  |             |
|    approx_kl            | 0.017554216 |
|    clip_fraction        | 0.149       |
|    clip_range           | 0.2         |
|    entropy_loss         | -1.42       |
|    explained_variance   | 0.0375      |
|    learning_rate        | 0.0003      |
|    loss                 | -0.0881     |
|    n_updates            | 90          |
|    policy_gradient_loss | -0.0535     |
|    value_loss           | 0.0522      |
-----------------------------------------
-----------------------------------------
| rollout/                |             |
|    ep_len_mean          | 73.2        |
|    ep_rew_mean          | -33.8       |
| time/                   |             |
|    fps                  | 24          |
|    iterations           | 11          |
|    time_elapsed         | 232         |
|    total_timesteps      | 5632        |
| train/                  |             |
|    approx_kl            | 0.022238942 |
|    clip_fraction        | 0.222       |
|    clip_range           | 0.2         |
|    entropy_loss         | -1.34       |
|    explained_variance   | -0.269      |
|    learning_rate        | 0.0003      |
|    loss                 | -0.0798     |
|    n_updates            | 100         |
|    policy_gradient_loss | -0.0552     |
|    value_loss           | 0.0592      |
-----------------------------------------
---------------------------------------
| rollout/                |           |
|    ep_len_mean          | 76.1      |
|    ep_rew_mean          | -33.8     |
| time/                   |           |
|    fps                  | 25        |
|    iterations           | 12        |
|    time_elapsed         | 240       |
|    total_timesteps      | 6144      |
| train/                  |           |
|    approx_kl            | 0.0189497 |
|    clip_fraction        | 0.189     |
|    clip_range           | 0.2       |
|    entropy_loss         | -1.31     |
|    explained_variance   | 0.253     |
|    learning_rate        | 0.0003    |
|    loss                 | -0.0732   |
|    n_updates            | 110       |
|    policy_gradient_loss | -0.0597   |
|    value_loss           | 0.0749    |
---------------------------------------
-----------------------------------------
| rollout/                |             |
|    ep_len_mean          | 78.9        |
|    ep_rew_mean          | -33.2       |
| time/                   |             |
|    fps                  | 26          |
|    iterations           | 13          |
|    time_elapsed         | 248         |
|    total_timesteps      | 6656        |
| train/                  |             |
|    approx_kl            | 0.017610002 |
|    clip_fraction        | 0.17        |
|    clip_range           | 0.2         |
|    entropy_loss         | -1.26       |
|    explained_variance   | 0.213       |
|    learning_rate        | 0.0003      |
|    loss                 | -0.0923     |
|    n_updates            | 120         |
|    policy_gradient_loss | -0.0551     |
|    value_loss           | 0.0472      |
-----------------------------------------
-----------------------------------------
| rollout/                |             |
|    ep_len_mean          | 83.1        |
|    ep_rew_mean          | -32         |
| time/                   |             |
|    fps                  | 27          |
|    iterations           | 14          |
|    time_elapsed         | 256         |
|    total_timesteps      | 7168        |
| train/                  |             |
|    approx_kl            | 0.018992286 |
|    clip_fraction        | 0.234       |
|    clip_range           | 0.2         |
|    entropy_loss         | -1.04       |
|    explained_variance   | -0.124      |
|    learning_rate        | 0.0003      |
|    loss                 | -0.0729     |
|    n_updates            | 130         |
|    policy_gradient_loss | -0.0448     |
|    value_loss           | 0.0335      |
-----------------------------------------
-----------------------------------------
| rollout/                |             |
|    ep_len_mean          | 85.6        |
|    ep_rew_mean          | -31.5       |
| time/                   |             |
|    fps                  | 29          |
|    iterations           | 15          |
|    time_elapsed         | 264         |
|    total_timesteps      | 7680        |
| train/                  |             |
|    approx_kl            | 0.021552423 |
|    clip_fraction        | 0.23        |
|    clip_range           | 0.2         |
|    entropy_loss         | -0.937      |
|    explained_variance   | -2.63       |
|    learning_rate        | 0.0003      |
|    loss                 | -0.0963     |
|    n_updates            | 140         |
|    policy_gradient_loss | -0.0504     |
|    value_loss           | 0.0115      |
-----------------------------------------
-----------------------------------------
| rollout/                |             |
|    ep_len_mean          | 88          |
|    ep_rew_mean          | -31         |
| time/                   |             |
|    fps                  | 30          |
|    iterations           | 16          |
|    time_elapsed         | 271         |
|    total_timesteps      | 8192        |
| train/                  |             |
|    approx_kl            | 0.027500201 |
|    clip_fraction        | 0.284       |
|    clip_range           | 0.2         |
|    entropy_loss         | -0.961      |
|    explained_variance   | 0.454       |
|    learning_rate        | 0.0003      |
|    loss                 | -0.0733     |
|    n_updates            | 150         |
|    policy_gradient_loss | -0.0524     |
|    value_loss           | 0.0237      |
-----------------------------------------
----------------------------------------
| rollout/                |            |
|    ep_len_mean          | 89         |
|    ep_rew_mean          | -30        |
| time/                   |            |
|    fps                  | 31         |
|    iterations           | 17         |
|    time_elapsed         | 277        |
|    total_timesteps      | 8704       |
| train/                  |            |
|    approx_kl            | 0.01590006 |
|    clip_fraction        | 0.164      |
|    clip_range           | 0.2        |
|    entropy_loss         | -1.02      |
|    explained_variance   | -0.506     |
|    learning_rate        | 0.0003     |
|    loss                 | -0.0997    |
|    n_updates            | 160        |
|    policy_gradient_loss | -0.0482    |
|    value_loss           | 0.035      |
----------------------------------------
-----------------------------------------
| rollout/                |             |
|    ep_len_mean          | 91.7        |
|    ep_rew_mean          | -29.5       |
| time/                   |             |
|    fps                  | 32          |
|    iterations           | 18          |
|    time_elapsed         | 284         |
|    total_timesteps      | 9216        |
| train/                  |             |
|    approx_kl            | 0.019528734 |
|    clip_fraction        | 0.167       |
|    clip_range           | 0.2         |
|    entropy_loss         | -0.901      |
|    explained_variance   | 0.232       |
|    learning_rate        | 0.0003      |
|    loss                 | -0.0619     |
|    n_updates            | 170         |
|    policy_gradient_loss | -0.0455     |
|    value_loss           | 0.0768      |
-----------------------------------------
-----------------------------------------
| rollout/                |             |
|    ep_len_mean          | 93.7        |
|    ep_rew_mean          | -28.3       |
| time/                   |             |
|    fps                  | 33          |
|    iterations           | 19          |
|    time_elapsed         | 291         |
|    total_timesteps      | 9728        |
| train/                  |             |
|    approx_kl            | 0.020980082 |
|    clip_fraction        | 0.192       |
|    clip_range           | 0.2         |
|    entropy_loss         | -0.907      |
|    explained_variance   | -1.77       |
|    learning_rate        | 0.0003      |
|    loss                 | -0.0728     |
|    n_updates            | 180         |
|    policy_gradient_loss | -0.0435     |
|    value_loss           | 0.0619      |
-----------------------------------------
[Eval @10000] R=1.9±2.6 CR=0.100 Spd=20.8 LC=7.0 SR=0.900
-----------------------------------------
| rollout/                |             |
|    ep_len_mean          | 97.8        |
|    ep_rew_mean          | -27.2       |
| time/                   |             |
|    fps                  | 31          |
|    iterations           | 20          |
|    time_elapsed         | 323         |
|    total_timesteps      | 10240       |
| train/                  |             |
|    approx_kl            | 0.016202495 |
|    clip_fraction        | 0.13        |
|    clip_range           | 0.2         |
|    entropy_loss         | -0.761      |
|    explained_variance   | 0.224       |
|    learning_rate        | 0.0003      |
|    loss                 | -0.0529     |
|    n_updates            | 190         |
|    policy_gradient_loss | -0.0339     |
|    value_loss           | 0.0366      |
-----------------------------------------
-----------------------------------------
| rollout/                |             |
|    ep_len_mean          | 100         |
|    ep_rew_mean          | -26.4       |
| time/                   |             |
|    fps                  | 32          |
|    iterations           | 21          |
|    time_elapsed         | 335         |
|    total_timesteps      | 10752       |
| train/                  |             |
|    approx_kl            | 0.008210108 |
|    clip_fraction        | 0.0895      |
|    clip_range           | 0.2         |
|    entropy_loss         | -0.397      |
|    explained_variance   | 0.712       |
|    learning_rate        | 0.0003      |
|    loss                 | -0.0411     |
|    n_updates            | 200         |
|    policy_gradient_loss | -0.031      |
|    value_loss           | 0.00907     |
-----------------------------------------
-----------------------------------------
| rollout/                |             |
|    ep_len_mean          | 103         |
|    ep_rew_mean          | -25.5       |
| time/                   |             |
|    fps                  | 32          |
|    iterations           | 22          |
|    time_elapsed         | 342         |
|    total_timesteps      | 11264       |
| train/                  |             |
|    approx_kl            | 0.021046981 |
|    clip_fraction        | 0.179       |
|    clip_range           | 0.2         |
|    entropy_loss         | -0.942      |
|    explained_variance   | -0.407      |
|    learning_rate        | 0.0003      |
|    loss                 | -0.0823     |
|    n_updates            | 210         |
|    policy_gradient_loss | -0.0493     |
|    value_loss           | 0.027       |
-----------------------------------------
-----------------------------------------
| rollout/                |             |
|    ep_len_mean          | 106         |
|    ep_rew_mean          | -24.3       |
| time/                   |             |
|    fps                  | 33          |
|    iterations           | 23          |
|    time_elapsed         | 349         |
|    total_timesteps      | 11776       |
| train/                  |             |
|    approx_kl            | 0.016227659 |
|    clip_fraction        | 0.119       |
|    clip_range           | 0.2         |
|    entropy_loss         | -0.697      |
|    explained_variance   | -0.105      |
|    learning_rate        | 0.0003      |
|    loss                 | -0.0585     |
|    n_updates            | 220         |
|    policy_gradient_loss | -0.0384     |
|    value_loss           | 0.0405      |
-----------------------------------------
-----------------------------------------
| rollout/                |             |
|    ep_len_mean          | 111         |
|    ep_rew_mean          | -23.3       |
| time/                   |             |
|    fps                  | 34          |
|    iterations           | 24          |
|    time_elapsed         | 357         |
|    total_timesteps      | 12288       |
| train/                  |             |
|    approx_kl            | 0.011793162 |
|    clip_fraction        | 0.124       |
|    clip_range           | 0.2         |
|    entropy_loss         | -0.541      |
|    explained_variance   | -2.43       |
|    learning_rate        | 0.0003      |
|    loss                 | -0.0389     |
|    n_updates            | 230         |
|    policy_gradient_loss | -0.0344     |
|    value_loss           | 0.00732     |
-----------------------------------------
-----------------------------------------
| rollout/                |             |
|    ep_len_mean          | 113         |
|    ep_rew_mean          | -22         |
| time/                   |             |
|    fps                  | 35          |
|    iterations           | 25          |
|    time_elapsed         | 363         |
|    total_timesteps      | 12800       |
| train/                  |             |
|    approx_kl            | 0.012523552 |
|    clip_fraction        | 0.123       |
|    clip_range           | 0.2         |
|    entropy_loss         | -0.504      |
|    explained_variance   | -2.12       |
|    learning_rate        | 0.0003      |
|    loss                 | -0.0675     |
|    n_updates            | 240         |
|    policy_gradient_loss | -0.0377     |
|    value_loss           | 0.014       |
-----------------------------------------
-----------------------------------------
| rollout/                |             |
|    ep_len_mean          | 118         |
|    ep_rew_mean          | -20.6       |
| time/                   |             |
|    fps                  | 35          |
|    iterations           | 26          |
|    time_elapsed         | 370         |
|    total_timesteps      | 13312       |
| train/                  |             |
|    approx_kl            | 0.009023773 |
|    clip_fraction        | 0.0588      |
|    clip_range           | 0.2         |
|    entropy_loss         | -0.251      |
|    explained_variance   | 0.38        |
|    learning_rate        | 0.0003      |
|    loss                 | -0.0442     |
|    n_updates            | 250         |
|    policy_gradient_loss | -0.0246     |
|    value_loss           | 0.0112      |
-----------------------------------------
-----------------------------------------
| rollout/                |             |
|    ep_len_mean          | 122         |
|    ep_rew_mean          | -19.3       |
| time/                   |             |
|    fps                  | 36          |
|    iterations           | 27          |
|    time_elapsed         | 376         |
|    total_timesteps      | 13824       |
| train/                  |             |
|    approx_kl            | 0.023896433 |
|    clip_fraction        | 0.124       |
|    clip_range           | 0.2         |
|    entropy_loss         | -0.392      |
|    explained_variance   | -0.666      |
|    learning_rate        | 0.0003      |
|    loss                 | -0.0687     |
|    n_updates            | 260         |
|    policy_gradient_loss | -0.0448     |
|    value_loss           | 0.00361     |
-----------------------------------------
----------------------------------------
| rollout/                |            |
|    ep_len_mean          | 127        |
|    ep_rew_mean          | -17.7      |
| time/                   |            |
|    fps                  | 36         |
|    iterations           | 28         |
|    time_elapsed         | 388        |
|    total_timesteps      | 14336      |
| train/                  |            |
|    approx_kl            | 0.01492701 |
|    clip_fraction        | 0.125      |
|    clip_range           | 0.2        |
|    entropy_loss         | -0.396     |
|    explained_variance   | 0.126      |
|    learning_rate        | 0.0003     |
|    loss                 | -0.0543    |
|    n_updates            | 270        |
|    policy_gradient_loss | -0.0452    |
|    value_loss           | 0.012      |
----------------------------------------
------------------------------------------
| rollout/                |              |
|    ep_len_mean          | 130          |
|    ep_rew_mean          | -17.2        |
| time/                   |              |
|    fps                  | 36           |
|    iterations           | 29           |
|    time_elapsed         | 401          |
|    total_timesteps      | 14848        |
| train/                  |              |
|    approx_kl            | 0.0071257832 |
|    clip_fraction        | 0.0605       |
|    clip_range           | 0.2          |
|    entropy_loss         | -0.235       |
|    explained_variance   | -2.22        |
|    learning_rate        | 0.0003       |
|    loss                 | -0.041       |
|    n_updates            | 280          |
|    policy_gradient_loss | -0.0283      |
|    value_loss           | 0.00184      |
------------------------------------------
[Eval @15000] R=2.7±3.5 CR=0.100 Spd=20.5 LC=5.8 SR=0.900
-----------------------------------------
| rollout/                |             |
|    ep_len_mean          | 134         |
|    ep_rew_mean          | -15.9       |
| time/                   |             |
|    fps                  | 34          |
|    iterations           | 30          |
|    time_elapsed         | 441         |
|    total_timesteps      | 15360       |
| train/                  |             |
|    approx_kl            | 0.020038202 |
|    clip_fraction        | 0.161       |
|    clip_range           | 0.2         |
|    entropy_loss         | -0.603      |
|    explained_variance   | 0.197       |
|    learning_rate        | 0.0003      |
|    loss                 | -0.0797     |
|    n_updates            | 290         |
|    policy_gradient_loss | -0.0471     |
|    value_loss           | 0.0125      |
-----------------------------------------
-----------------------------------------
| rollout/                |             |
|    ep_len_mean          | 138         |
|    ep_rew_mean          | -14.9       |
| time/                   |             |
|    fps                  | 35          |
|    iterations           | 31          |
|    time_elapsed         | 447         |
|    total_timesteps      | 15872       |
| train/                  |             |
|    approx_kl            | 0.028208114 |
|    clip_fraction        | 0.136       |
|    clip_range           | 0.2         |
|    entropy_loss         | -0.541      |
|    explained_variance   | -0.177      |
|    learning_rate        | 0.0003      |
|    loss                 | -0.0597     |
|    n_updates            | 300         |
|    policy_gradient_loss | -0.0405     |
|    value_loss           | 0.0192      |
-----------------------------------------
-----------------------------------------
| rollout/                |             |
|    ep_len_mean          | 141         |
|    ep_rew_mean          | -13.7       |
| time/                   |             |
|    fps                  | 36          |
|    iterations           | 32          |
|    time_elapsed         | 454         |
|    total_timesteps      | 16384       |
| train/                  |             |
|    approx_kl            | 0.017557885 |
|    clip_fraction        | 0.12        |
|    clip_range           | 0.2         |
|    entropy_loss         | -0.455      |
|    explained_variance   | -0.924      |
|    learning_rate        | 0.0003      |
|    loss                 | -0.0597     |
|    n_updates            | 310         |
|    policy_gradient_loss | -0.0363     |
|    value_loss           | 0.0205      |
-----------------------------------------
------------------------------------------
| rollout/                |              |
|    ep_len_mean          | 145          |
|    ep_rew_mean          | -11.9        |
| time/                   |              |
|    fps                  | 36           |
|    iterations           | 33           |
|    time_elapsed         | 460          |
|    total_timesteps      | 16896        |
| train/                  |              |
|    approx_kl            | 0.0037733577 |
|    clip_fraction        | 0.035        |
|    clip_range           | 0.2          |
|    entropy_loss         | -0.186       |
|    explained_variance   | -4.02        |
|    learning_rate        | 0.0003       |
|    loss                 | -0.012       |
|    n_updates            | 320          |
|    policy_gradient_loss | -0.0106      |
|    value_loss           | 0.00177      |
------------------------------------------
-----------------------------------------
| rollout/                |             |
|    ep_len_mean          | 146         |
|    ep_rew_mean          | -10.3       |
| time/                   |             |
|    fps                  | 37          |
|    iterations           | 34          |
|    time_elapsed         | 467         |
|    total_timesteps      | 17408       |
| train/                  |             |
|    approx_kl            | 0.007715195 |
|    clip_fraction        | 0.0918      |
|    clip_range           | 0.2         |
|    entropy_loss         | -0.284      |
|    explained_variance   | -0.866      |
|    learning_rate        | 0.0003      |
|    loss                 | -0.0591     |
|    n_updates            | 330         |
|    policy_gradient_loss | -0.0338     |
|    value_loss           | 0.00391     |
-----------------------------------------
----------------------------------------
| rollout/                |            |
|    ep_len_mean          | 150        |
|    ep_rew_mean          | -8.87      |
| time/                   |            |
|    fps                  | 37         |
|    iterations           | 35         |
|    time_elapsed         | 473        |
|    total_timesteps      | 17920      |
| train/                  |            |
|    approx_kl            | 0.01627807 |
|    clip_fraction        | 0.13       |
|    clip_range           | 0.2        |
|    entropy_loss         | -0.332     |
|    explained_variance   | -0.113     |
|    learning_rate        | 0.0003     |
|    loss                 | -0.0482    |
|    n_updates            | 340        |
|    policy_gradient_loss | -0.033     |
|    value_loss           | 0.0164     |
----------------------------------------
-----------------------------------------
| rollout/                |             |
|    ep_len_mean          | 154         |
|    ep_rew_mean          | -8.05       |
| time/                   |             |
|    fps                  | 38          |
|    iterations           | 36          |
|    time_elapsed         | 481         |
|    total_timesteps      | 18432       |
| train/                  |             |
|    approx_kl            | 0.016402185 |
|    clip_fraction        | 0.113       |
|    clip_range           | 0.2         |
|    entropy_loss         | -0.418      |
|    explained_variance   | -2.31       |
|    learning_rate        | 0.0003      |
|    loss                 | -0.0718     |
|    n_updates            | 350         |
|    policy_gradient_loss | -0.0349     |
|    value_loss           | 0.00482     |
-----------------------------------------
-----------------------------------------
| rollout/                |             |
|    ep_len_mean          | 155         |
|    ep_rew_mean          | -6.62       |
| time/                   |             |
|    fps                  | 38          |
|    iterations           | 37          |
|    time_elapsed         | 487         |
|    total_timesteps      | 18944       |
| train/                  |             |
|    approx_kl            | 0.016352005 |
|    clip_fraction        | 0.128       |
|    clip_range           | 0.2         |
|    entropy_loss         | -0.491      |
|    explained_variance   | 0.315       |
|    learning_rate        | 0.0003      |
|    loss                 | -0.0616     |
|    n_updates            | 360         |
|    policy_gradient_loss | -0.0372     |
|    value_loss           | 0.0109      |
-----------------------------------------
-----------------------------------------
| rollout/                |             |
|    ep_len_mean          | 160         |
|    ep_rew_mean          | -4.95       |
| time/                   |             |
|    fps                  | 39          |
|    iterations           | 38          |
|    time_elapsed         | 494         |
|    total_timesteps      | 19456       |
| train/                  |             |
|    approx_kl            | 0.011272687 |
|    clip_fraction        | 0.0809      |
|    clip_range           | 0.2         |
|    entropy_loss         | -0.324      |
|    explained_variance   | -4.32       |
|    learning_rate        | 0.0003      |
|    loss                 | -0.046      |
|    n_updates            | 370         |
|    policy_gradient_loss | -0.0261     |
|    value_loss           | 0.0043      |
-----------------------------------------
------------------------------------------
| rollout/                |              |
|    ep_len_mean          | 162          |
|    ep_rew_mean          | -3.85        |
| time/                   |              |
|    fps                  | 39           |
|    iterations           | 39           |
|    time_elapsed         | 502          |
|    total_timesteps      | 19968        |
| train/                  |              |
|    approx_kl            | 0.0077578435 |
|    clip_fraction        | 0.0574       |
|    clip_range           | 0.2          |
|    entropy_loss         | -0.237       |
|    explained_variance   | -4.87        |
|    learning_rate        | 0.0003       |
|    loss                 | -0.00686     |
|    n_updates            | 380          |
|    policy_gradient_loss | -0.0218      |
|    value_loss           | 0.00748      |
------------------------------------------
[Eval @20000] NEW BEST mean_reward=3.130
[Eval @20000] R=3.1±2.3 CR=0.000 Spd=20.5 LC=7.1 SR=1.000
-----------------------------------------
| rollout/                |             |
|    ep_len_mean          | 164         |
|    ep_rew_mean          | -1.55       |
| time/                   |             |
|    fps                  | 38          |
|    iterations           | 40          |
|    time_elapsed         | 536         |
|    total_timesteps      | 20480       |
| train/                  |             |
|    approx_kl            | 0.025511082 |
|    clip_fraction        | 0.0961      |
|    clip_range           | 0.2         |
|    entropy_loss         | -0.137      |
|    explained_variance   | -1.46       |
|    learning_rate        | 0.0003      |
|    loss                 | -0.0259     |
|    n_updates            | 390         |
|    policy_gradient_loss | -0.0179     |
|    value_loss           | 0.000601    |
-----------------------------------------
-----------------------------------------
| rollout/                |             |
|    ep_len_mean          | 166         |
|    ep_rew_mean          | 0.318       |
| time/                   |             |
|    fps                  | 38          |
|    iterations           | 41          |
|    time_elapsed         | 543         |
|    total_timesteps      | 20992       |
| train/                  |             |
|    approx_kl            | 0.004576073 |
|    clip_fraction        | 0.0309      |
|    clip_range           | 0.2         |
|    entropy_loss         | -0.129      |
|    explained_variance   | -2.9        |
|    learning_rate        | 0.0003      |
|    loss                 | -0.0194     |
|    n_updates            | 400         |
|    policy_gradient_loss | -0.0132     |
|    value_loss           | 0.00117     |
-----------------------------------------
-----------------------------------------
| rollout/                |             |
|    ep_len_mean          | 167         |
|    ep_rew_mean          | 1.73        |
| time/                   |             |
|    fps                  | 39          |
|    iterations           | 42          |
|    time_elapsed         | 549         |
|    total_timesteps      | 21504       |
| train/                  |             |
|    approx_kl            | 0.011508327 |
|    clip_fraction        | 0.034       |
|    clip_range           | 0.2         |
|    entropy_loss         | -0.11       |
|    explained_variance   | -3          |
|    learning_rate        | 0.0003      |
|    loss                 | -0.0247     |
|    n_updates            | 410         |
|    policy_gradient_loss | -0.0147     |
|    value_loss           | 0.000549    |
-----------------------------------------
------------------------------------------
| rollout/                |              |
|    ep_len_mean          | 168          |
|    ep_rew_mean          | 2.68         |
| time/                   |              |
|    fps                  | 39           |
|    iterations           | 43           |
|    time_elapsed         | 555          |
|    total_timesteps      | 22016        |
| train/                  |              |
|    approx_kl            | 0.0150088845 |
|    clip_fraction        | 0.117        |
|    clip_range           | 0.2          |
|    entropy_loss         | -0.439       |
|    explained_variance   | -0.138       |
|    learning_rate        | 0.0003       |
|    loss                 | -0.0634      |
|    n_updates            | 420          |
|    policy_gradient_loss | -0.0358      |
|    value_loss           | 0.0213       |
------------------------------------------
-----------------------------------------
| rollout/                |             |
|    ep_len_mean          | 171         |
|    ep_rew_mean          | 4.16        |
| time/                   |             |
|    fps                  | 40          |
|    iterations           | 44          |
|    time_elapsed         | 562         |
|    total_timesteps      | 22528       |
| train/                  |             |
|    approx_kl            | 0.022886992 |
|    clip_fraction        | 0.144       |
|    clip_range           | 0.2         |
|    entropy_loss         | -0.406      |
|    explained_variance   | -0.461      |
|    learning_rate        | 0.0003      |
|    loss                 | -0.0531     |
|    n_updates            | 430         |
|    policy_gradient_loss | -0.0434     |
|    value_loss           | 0.00354     |
-----------------------------------------
-----------------------------------------
| rollout/                |             |
|    ep_len_mean          | 172         |
|    ep_rew_mean          | 5.39        |
| time/                   |             |
|    fps                  | 40          |
|    iterations           | 45          |
|    time_elapsed         | 568         |
|    total_timesteps      | 23040       |
| train/                  |             |
|    approx_kl            | 0.012167659 |
|    clip_fraction        | 0.107       |
|    clip_range           | 0.2         |
|    entropy_loss         | -0.327      |
|    explained_variance   | -1.22       |
|    learning_rate        | 0.0003      |
|    loss                 | -0.0429     |
|    n_updates            | 440         |
|    policy_gradient_loss | -0.0321     |
|    value_loss           | 0.00409     |
-----------------------------------------
-----------------------------------------
| rollout/                |             |
|    ep_len_mean          | 175         |
|    ep_rew_mean          | 7.26        |
| time/                   |             |
|    fps                  | 40          |
|    iterations           | 46          |
|    time_elapsed         | 575         |
|    total_timesteps      | 23552       |
| train/                  |             |
|    approx_kl            | 0.013855439 |
|    clip_fraction        | 0.0629      |
|    clip_range           | 0.2         |
|    entropy_loss         | -0.114      |
|    explained_variance   | -0.571      |
|    learning_rate        | 0.0003      |
|    loss                 | -0.0175     |
|    n_updates            | 450         |
|    policy_gradient_loss | -0.0153     |
|    value_loss           | 0.000543    |
-----------------------------------------
------------------------------------------
| rollout/                |              |
|    ep_len_mean          | 175          |
|    ep_rew_mean          | 8.05         |
| time/                   |              |
|    fps                  | 41           |
|    iterations           | 47           |
|    time_elapsed         | 581          |
|    total_timesteps      | 24064        |
| train/                  |              |
|    approx_kl            | 0.0024363694 |
|    clip_fraction        | 0.0199       |
|    clip_range           | 0.2          |
|    entropy_loss         | -0.143       |
|    explained_variance   | -4.89        |
|    learning_rate        | 0.0003       |
|    loss                 | -0.0138      |
|    n_updates            | 460          |
|    policy_gradient_loss | -0.00963     |
|    value_loss           | 0.000374     |
------------------------------------------
-----------------------------------------
| rollout/                |             |
|    ep_len_mean          | 176         |
|    ep_rew_mean          | 9.35        |
| time/                   |             |
|    fps                  | 40          |
|    iterations           | 48          |
|    time_elapsed         | 601         |
|    total_timesteps      | 24576       |
| train/                  |             |
|    approx_kl            | 0.008295416 |
|    clip_fraction        | 0.0494      |
|    clip_range           | 0.2         |
|    entropy_loss         | -0.134      |
|    explained_variance   | -0.411      |
|    learning_rate        | 0.0003      |
|    loss                 | -0.0568     |
|    n_updates            | 470         |
|    policy_gradient_loss | -0.0238     |
|    value_loss           | 0.000754    |
-----------------------------------------
[Eval @25000] NEW BEST mean_reward=3.440
[Eval @25000] R=3.4±2.7 CR=0.100 Spd=20.4 LC=3.3 SR=0.900
-----------------------------------------
| rollout/                |             |
|    ep_len_mean          | 176         |
|    ep_rew_mean          | 10.2        |
| time/                   |             |
|    fps                  | 36          |
|    iterations           | 49          |
|    time_elapsed         | 681         |
|    total_timesteps      | 25088       |
| train/                  |             |
|    approx_kl            | 0.016272072 |
|    clip_fraction        | 0.0363      |
|    clip_range           | 0.2         |
|    entropy_loss         | -0.0462     |
|    explained_variance   | -2.13       |
|    learning_rate        | 0.0003      |
|    loss                 | -0.0389     |
|    n_updates            | 480         |
|    policy_gradient_loss | -0.0199     |
|    value_loss           | 0.000227    |
-----------------------------------------
-----------------------------------------
| rollout/                |             |
|    ep_len_mean          | 177         |
|    ep_rew_mean          | 11.1        |
| time/                   |             |
|    fps                  | 37          |
|    iterations           | 50          |
|    time_elapsed         | 688         |
|    total_timesteps      | 25600       |
| train/                  |             |
|    approx_kl            | 0.033740785 |
|    clip_fraction        | 0.133       |
|    clip_range           | 0.2         |
|    entropy_loss         | -0.24       |
|    explained_variance   | -1.12       |
|    learning_rate        | 0.0003      |
|    loss                 | -0.0447     |
|    n_updates            | 490         |
|    policy_gradient_loss | -0.0429     |
|    value_loss           | 0.00229     |
-----------------------------------------
-----------------------------------------
| rollout/                |             |
|    ep_len_mean          | 179         |
|    ep_rew_mean          | 12.5        |
| time/                   |             |
|    fps                  | 37          |
|    iterations           | 51          |
|    time_elapsed         | 694         |
|    total_timesteps      | 26112       |
| train/                  |             |
|    approx_kl            | 0.003255832 |
|    clip_fraction        | 0.025       |
|    clip_range           | 0.2         |
|    entropy_loss         | -0.0906     |
|    explained_variance   | -0.49       |
|    learning_rate        | 0.0003      |
|    loss                 | -0.0232     |
|    n_updates            | 500         |
|    policy_gradient_loss | -0.00953    |
|    value_loss           | 0.000404    |
-----------------------------------------
-----------------------------------------
| rollout/                |             |
|    ep_len_mean          | 182         |
|    ep_rew_mean          | 13.5        |
| time/                   |             |
|    fps                  | 37          |
|    iterations           | 52          |
|    time_elapsed         | 701         |
|    total_timesteps      | 26624       |
| train/                  |             |
|    approx_kl            | 0.005062859 |
|    clip_fraction        | 0.0344      |
|    clip_range           | 0.2         |
|    entropy_loss         | -0.134      |
|    explained_variance   | -3.28       |
|    learning_rate        | 0.0003      |
|    loss                 | -0.0503     |
|    n_updates            | 510         |
|    policy_gradient_loss | -0.0153     |
|    value_loss           | 0.00206     |
-----------------------------------------
------------------------------------------
| rollout/                |              |
|    ep_len_mean          | 183          |
|    ep_rew_mean          | 15.1         |
| time/                   |              |
|    fps                  | 38           |
|    iterations           | 53           |
|    time_elapsed         | 707          |
|    total_timesteps      | 27136        |
| train/                  |              |
|    approx_kl            | 0.0081082545 |
|    clip_fraction        | 0.0338       |
|    clip_range           | 0.2          |
|    entropy_loss         | -0.0675      |
|    explained_variance   | -3.87        |
|    learning_rate        | 0.0003       |
|    loss                 | -0.0252      |
|    n_updates            | 520          |
|    policy_gradient_loss | -0.0179      |
|    value_loss           | 0.00066      |
------------------------------------------
------------------------------------------
| rollout/                |              |
|    ep_len_mean          | 183          |
|    ep_rew_mean          | 15.8         |
| time/                   |              |
|    fps                  | 38           |
|    iterations           | 54           |
|    time_elapsed         | 714          |
|    total_timesteps      | 27648        |
| train/                  |              |
|    approx_kl            | 0.0025367364 |
|    clip_fraction        | 0.0166       |
|    clip_range           | 0.2          |
|    entropy_loss         | -0.0456      |
|    explained_variance   | 0.123        |
|    learning_rate        | 0.0003       |
|    loss                 | -0.02        |
|    n_updates            | 530          |
|    policy_gradient_loss | -0.0113      |
|    value_loss           | 0.0158       |
------------------------------------------
-----------------------------------------
| rollout/                |             |
|    ep_len_mean          | 184         |
|    ep_rew_mean          | 16.6        |
| time/                   |             |
|    fps                  | 39          |
|    iterations           | 55          |
|    time_elapsed         | 720         |
|    total_timesteps      | 28160       |
| train/                  |             |
|    approx_kl            | 0.010547644 |
|    clip_fraction        | 0.0408      |
|    clip_range           | 0.2         |
|    entropy_loss         | -0.0828     |
|    explained_variance   | -2.39       |
|    learning_rate        | 0.0003      |
|    loss                 | -0.0296     |
|    n_updates            | 540         |
|    policy_gradient_loss | -0.016      |
|    value_loss           | 0.00206     |
-----------------------------------------
-----------------------------------------
| rollout/                |             |
|    ep_len_mean          | 187         |
|    ep_rew_mean          | 17.4        |
| time/                   |             |
|    fps                  | 39          |
|    iterations           | 56          |
|    time_elapsed         | 727         |
|    total_timesteps      | 28672       |
| train/                  |             |
|    approx_kl            | 0.017894793 |
|    clip_fraction        | 0.0963      |
|    clip_range           | 0.2         |
|    entropy_loss         | -0.232      |
|    explained_variance   | -1.99       |
|    learning_rate        | 0.0003      |
|    loss                 | -0.0417     |
|    n_updates            | 550         |
|    policy_gradient_loss | -0.0256     |
|    value_loss           | 0.00332     |
-----------------------------------------
-----------------------------------------
| rollout/                |             |
|    ep_len_mean          | 188         |
|    ep_rew_mean          | 18          |
| time/                   |             |
|    fps                  | 39          |
|    iterations           | 57          |
|    time_elapsed         | 734         |
|    total_timesteps      | 29184       |
| train/                  |             |
|    approx_kl            | 0.012675985 |
|    clip_fraction        | 0.0691      |
|    clip_range           | 0.2         |
|    entropy_loss         | -0.146      |
|    explained_variance   | -2.52       |
|    learning_rate        | 0.0003      |
|    loss                 | -0.0325     |
|    n_updates            | 560         |
|    policy_gradient_loss | -0.0261     |
|    value_loss           | 0.00181     |
-----------------------------------------
-----------------------------------------
| rollout/                |             |
|    ep_len_mean          | 188         |
|    ep_rew_mean          | 18.9        |
| time/                   |             |
|    fps                  | 40          |
|    iterations           | 58          |
|    time_elapsed         | 740         |
|    total_timesteps      | 29696       |
| train/                  |             |
|    approx_kl            | 0.005771908 |
|    clip_fraction        | 0.0193      |
|    clip_range           | 0.2         |
|    entropy_loss         | -0.0572     |
|    explained_variance   | -8          |
|    learning_rate        | 0.0003      |
|    loss                 | -0.0103     |
|    n_updates            | 570         |
|    policy_gradient_loss | -0.0113     |
|    value_loss           | 0.000431    |
-----------------------------------------
[Eval @30000] NEW BEST mean_reward=3.900
[Eval @30000] R=3.9±0.8 CR=0.000 Spd=20.4 LC=1.1 SR=1.000
-----------------------------------------
| rollout/                |             |
|    ep_len_mean          | 190         |
|    ep_rew_mean          | 19.3        |
| time/                   |             |
|    fps                  | 39          |
|    iterations           | 59          |
|    time_elapsed         | 772         |
|    total_timesteps      | 30208       |
| train/                  |             |
|    approx_kl            | 0.023527343 |
|    clip_fraction        | 0.128       |
|    clip_range           | 0.2         |
|    entropy_loss         | -0.243      |
|    explained_variance   | 0.285       |
|    learning_rate        | 0.0003      |
|    loss                 | -0.0701     |
|    n_updates            | 580         |
|    policy_gradient_loss | -0.0434     |
|    value_loss           | 0.0131      |
-----------------------------------------
-----------------------------------------
| rollout/                |             |
|    ep_len_mean          | 190         |
|    ep_rew_mean          | 19.9        |
| time/                   |             |
|    fps                  | 39          |
|    iterations           | 60          |
|    time_elapsed         | 779         |
|    total_timesteps      | 30720       |
| train/                  |             |
|    approx_kl            | 0.019226281 |
|    clip_fraction        | 0.0545      |
|    clip_range           | 0.2         |
|    entropy_loss         | -0.122      |
|    explained_variance   | -1.42       |
|    learning_rate        | 0.0003      |
|    loss                 | -0.0168     |
|    n_updates            | 590         |
|    policy_gradient_loss | -0.0182     |
|    value_loss           | 0.00102     |
-----------------------------------------
------------------------------------------
| rollout/                |              |
|    ep_len_mean          | 190          |
|    ep_rew_mean          | 20.4         |
| time/                   |              |
|    fps                  | 39           |
|    iterations           | 61           |
|    time_elapsed         | 786          |
|    total_timesteps      | 31232        |
| train/                  |              |
|    approx_kl            | 0.0018487183 |
|    clip_fraction        | 0.0125       |
|    clip_range           | 0.2          |
|    entropy_loss         | -0.0369      |
|    explained_variance   | -4.15        |
|    learning_rate        | 0.0003       |
|    loss                 | -0.00219     |
|    n_updates            | 600          |
|    policy_gradient_loss | -0.00491     |
|    value_loss           | 0.00173      |
------------------------------------------
-----------------------------------------
| rollout/                |             |
|    ep_len_mean          | 190         |
|    ep_rew_mean          | 20.5        |
| time/                   |             |
|    fps                  | 40          |
|    iterations           | 62          |
|    time_elapsed         | 792         |
|    total_timesteps      | 31744       |
| train/                  |             |
|    approx_kl            | 0.010494126 |
|    clip_fraction        | 0.0676      |
|    clip_range           | 0.2         |
|    entropy_loss         | -0.158      |
|    explained_variance   | -0.493      |
|    learning_rate        | 0.0003      |
|    loss                 | -0.0294     |
|    n_updates            | 610         |
|    policy_gradient_loss | -0.023      |
|    value_loss           | 0.00147     |
-----------------------------------------
-----------------------------------------
| rollout/                |             |
|    ep_len_mean          | 192         |
|    ep_rew_mean          | 21.1        |
| time/                   |             |
|    fps                  | 40          |
|    iterations           | 63          |
|    time_elapsed         | 799         |
|    total_timesteps      | 32256       |
| train/                  |             |
|    approx_kl            | 0.005844877 |
|    clip_fraction        | 0.0312      |
|    clip_range           | 0.2         |
|    entropy_loss         | -0.077      |
|    explained_variance   | -4.32       |
|    learning_rate        | 0.0003      |
|    loss                 | -0.00328    |
|    n_updates            | 620         |
|    policy_gradient_loss | -0.0138     |
|    value_loss           | 0.000907    |
-----------------------------------------
------------------------------------------
| rollout/                |              |
|    ep_len_mean          | 191          |
|    ep_rew_mean          | 21           |
| time/                   |              |
|    fps                  | 40           |
|    iterations           | 64           |
|    time_elapsed         | 806          |
|    total_timesteps      | 32768        |
| train/                  |              |
|    approx_kl            | 0.0060986476 |
|    clip_fraction        | 0.0184       |
|    clip_range           | 0.2          |
|    entropy_loss         | -0.056       |
|    explained_variance   | -4.53        |
|    learning_rate        | 0.0003       |
|    loss                 | -0.00206     |
|    n_updates            | 630          |
|    policy_gradient_loss | -0.011       |
|    value_loss           | 0.000482     |
------------------------------------------
------------------------------------------
| rollout/                |              |
|    ep_len_mean          | 191          |
|    ep_rew_mean          | 21.4         |
| time/                   |              |
|    fps                  | 40           |
|    iterations           | 65           |
|    time_elapsed         | 816          |
|    total_timesteps      | 33280        |
| train/                  |              |
|    approx_kl            | 0.0033272936 |
|    clip_fraction        | 0.0443       |
|    clip_range           | 0.2          |
|    entropy_loss         | -0.098       |
|    explained_variance   | 0.156        |
|    learning_rate        | 0.0003       |
|    loss                 | -0.0317      |
|    n_updates            | 640          |
|    policy_gradient_loss | -0.0108      |
|    value_loss           | 0.0117       |
------------------------------------------
-----------------------------------------
| rollout/                |             |
|    ep_len_mean          | 191         |
|    ep_rew_mean          | 21.7        |
| time/                   |             |
|    fps                  | 41          |
|    iterations           | 66          |
|    time_elapsed         | 823         |
|    total_timesteps      | 33792       |
| train/                  |             |
|    approx_kl            | 0.001907475 |
|    clip_fraction        | 0.0221      |
|    clip_range           | 0.2         |
|    entropy_loss         | -0.105      |
|    explained_variance   | -0.299      |
|    learning_rate        | 0.0003      |
|    loss                 | -0.0195     |
|    n_updates            | 650         |
|    policy_gradient_loss | -0.00834    |
|    value_loss           | 0.0172      |
-----------------------------------------
-----------------------------------------
| rollout/                |             |
|    ep_len_mean          | 191         |
|    ep_rew_mean          | 22.3        |
| time/                   |             |
|    fps                  | 41          |
|    iterations           | 67          |
|    time_elapsed         | 830         |
|    total_timesteps      | 34304       |
| train/                  |             |
|    approx_kl            | 0.006198498 |
|    clip_fraction        | 0.0238      |
|    clip_range           | 0.2         |
|    entropy_loss         | -0.0591     |
|    explained_variance   | -5.44       |
|    learning_rate        | 0.0003      |
|    loss                 | -0.00629    |
|    n_updates            | 660         |
|    policy_gradient_loss | -0.00861    |
|    value_loss           | 0.00241     |
-----------------------------------------
-----------------------------------------
| rollout/                |             |
|    ep_len_mean          | 191         |
|    ep_rew_mean          | 23.3        |
| time/                   |             |
|    fps                  | 41          |
|    iterations           | 68          |
|    time_elapsed         | 836         |
|    total_timesteps      | 34816       |
| train/                  |             |
|    approx_kl            | 0.031230737 |
|    clip_fraction        | 0.0453      |
|    clip_range           | 0.2         |
|    entropy_loss         | -0.0907     |
|    explained_variance   | -1.27       |
|    learning_rate        | 0.0003      |
|    loss                 | -0.0313     |
|    n_updates            | 670         |
|    policy_gradient_loss | 0.00711     |
|    value_loss           | 0.000906    |
-----------------------------------------
[Eval @35000] R=3.6±1.8 CR=0.000 Spd=20.5 LC=3.8 SR=1.000
-----------------------------------------
| rollout/                |             |
|    ep_len_mean          | 191         |
|    ep_rew_mean          | 23.1        |
| time/                   |             |
|    fps                  | 40          |
|    iterations           | 69          |
|    time_elapsed         | 868         |
|    total_timesteps      | 35328       |
| train/                  |             |
|    approx_kl            | 0.008034489 |
|    clip_fraction        | 0.0432      |
|    clip_range           | 0.2         |
|    entropy_loss         | -0.0731     |
|    explained_variance   | -1.51       |
|    learning_rate        | 0.0003      |
|    loss                 | -0.0246     |
|    n_updates            | 680         |
|    policy_gradient_loss | -0.0184     |
|    value_loss           | 0.000921    |
-----------------------------------------
-----------------------------------------
| rollout/                |             |
|    ep_len_mean          | 191         |
|    ep_rew_mean          | 23          |
| time/                   |             |
|    fps                  | 40          |
|    iterations           | 70          |
|    time_elapsed         | 874         |
|    total_timesteps      | 35840       |
| train/                  |             |
|    approx_kl            | 0.017702643 |
|    clip_fraction        | 0.105       |
|    clip_range           | 0.2         |
|    entropy_loss         | -0.259      |
|    explained_variance   | -2.03       |
|    learning_rate        | 0.0003      |
|    loss                 | -0.0638     |
|    n_updates            | 690         |
|    policy_gradient_loss | -0.032      |
|    value_loss           | 0.0044      |
-----------------------------------------
----------------------------------------
| rollout/                |            |
|    ep_len_mean          | 191        |
|    ep_rew_mean          | 23.2       |
| time/                   |            |
|    fps                  | 41         |
|    iterations           | 71         |
|    time_elapsed         | 881        |
|    total_timesteps      | 36352      |
| train/                  |            |
|    approx_kl            | 0.00995197 |
|    clip_fraction        | 0.0451     |
|    clip_range           | 0.2        |
|    entropy_loss         | -0.135     |
|    explained_variance   | -0.025     |
|    learning_rate        | 0.0003     |
|    loss                 | -0.0388    |
|    n_updates            | 700        |
|    policy_gradient_loss | -0.0166    |
|    value_loss           | 0.00166    |
----------------------------------------
-----------------------------------------
| rollout/                |             |
|    ep_len_mean          | 193         |
|    ep_rew_mean          | 23.8        |
| time/                   |             |
|    fps                  | 41          |
|    iterations           | 72          |
|    time_elapsed         | 888         |
|    total_timesteps      | 36864       |
| train/                  |             |
|    approx_kl            | 0.010738665 |
|    clip_fraction        | 0.0637      |
|    clip_range           | 0.2         |
|    entropy_loss         | -0.138      |
|    explained_variance   | -0.658      |
|    learning_rate        | 0.0003      |
|    loss                 | -0.0514     |
|    n_updates            | 710         |
|    policy_gradient_loss | -0.021      |
|    value_loss           | 0.00139     |
-----------------------------------------
----------------------------------------
| rollout/                |            |
|    ep_len_mean          | 193        |
|    ep_rew_mean          | 24         |
| time/                   |            |
|    fps                  | 41         |
|    iterations           | 73         |
|    time_elapsed         | 894        |
|    total_timesteps      | 37376      |
| train/                  |            |
|    approx_kl            | 0.02170201 |
|    clip_fraction        | 0.0605     |
|    clip_range           | 0.2        |
|    entropy_loss         | -0.131     |
|    explained_variance   | -2.21      |
|    learning_rate        | 0.0003     |
|    loss                 | -0.0311    |
|    n_updates            | 720        |
|    policy_gradient_loss | -0.019     |
|    value_loss           | 0.000846   |
----------------------------------------
-----------------------------------------
| rollout/                |             |
|    ep_len_mean          | 194         |
|    ep_rew_mean          | 24.6        |
| time/                   |             |
|    fps                  | 42          |
|    iterations           | 74          |
|    time_elapsed         | 901         |
|    total_timesteps      | 37888       |
| train/                  |             |
|    approx_kl            | 0.009529736 |
|    clip_fraction        | 0.0676      |
|    clip_range           | 0.2         |
|    entropy_loss         | -0.173      |
|    explained_variance   | -0.148      |
|    learning_rate        | 0.0003      |
|    loss                 | 0.00887     |
|    n_updates            | 730         |
|    policy_gradient_loss | -0.015      |
|    value_loss           | 0.00108     |
-----------------------------------------
-----------------------------------------
| rollout/                |             |
|    ep_len_mean          | 194         |
|    ep_rew_mean          | 24.8        |
| time/                   |             |
|    fps                  | 42          |
|    iterations           | 75          |
|    time_elapsed         | 907         |
|    total_timesteps      | 38400       |
| train/                  |             |
|    approx_kl            | 0.013379475 |
|    clip_fraction        | 0.0668      |
|    clip_range           | 0.2         |
|    entropy_loss         | -0.155      |
|    explained_variance   | -0.318      |
|    learning_rate        | 0.0003      |
|    loss                 | -0.0331     |
|    n_updates            | 740         |
|    policy_gradient_loss | -0.0306     |
|    value_loss           | 0.00144     |
-----------------------------------------
------------------------------------------
| rollout/                |              |
|    ep_len_mean          | 194          |
|    ep_rew_mean          | 25           |
| time/                   |              |
|    fps                  | 42           |
|    iterations           | 76           |
|    time_elapsed         | 914          |
|    total_timesteps      | 38912        |
| train/                  |              |
|    approx_kl            | 0.0005806044 |
|    clip_fraction        | 0.00449      |
|    clip_range           | 0.2          |
|    entropy_loss         | -0.0162      |
|    explained_variance   | -1.05        |
|    learning_rate        | 0.0003       |
|    loss                 | -7.43e-05    |
|    n_updates            | 750          |
|    policy_gradient_loss | -0.00246     |
|    value_loss           | 3.1e-05      |
------------------------------------------
-------------------------------------------
| rollout/                |               |
|    ep_len_mean          | 193           |
|    ep_rew_mean          | 24.7          |
| time/                   |               |
|    fps                  | 42            |
|    iterations           | 77            |
|    time_elapsed         | 920           |
|    total_timesteps      | 39424         |
| train/                  |               |
|    approx_kl            | 0.00053480035 |
|    clip_fraction        | 0.00508       |
|    clip_range           | 0.2           |
|    entropy_loss         | -0.0261       |
|    explained_variance   | -11           |
|    learning_rate        | 0.0003        |
|    loss                 | -0.000522     |
|    n_updates            | 760           |
|    policy_gradient_loss | -0.00275      |
|    value_loss           | 0.000262      |
-------------------------------------------
-----------------------------------------
| rollout/                |             |
|    ep_len_mean          | 193         |
|    ep_rew_mean          | 24.8        |
| time/                   |             |
|    fps                  | 43          |
|    iterations           | 78          |
|    time_elapsed         | 927         |
|    total_timesteps      | 39936       |
| train/                  |             |
|    approx_kl            | 0.011528601 |
|    clip_fraction        | 0.0338      |
|    clip_range           | 0.2         |
|    entropy_loss         | -0.0773     |
|    explained_variance   | 0.371       |
|    learning_rate        | 0.0003      |
|    loss                 | -0.0288     |
|    n_updates            | 770         |
|    policy_gradient_loss | -0.021      |
|    value_loss           | 0.00622     |
-----------------------------------------
[Eval @40000] NEW BEST mean_reward=4.560
[Eval @40000] R=4.6±1.1 CR=0.000 Spd=20.5 LC=3.3 SR=1.000
-----------------------------------------
| rollout/                |             |
|    ep_len_mean          | 193         |
|    ep_rew_mean          | 24.7        |
| time/                   |             |
|    fps                  | 42          |
|    iterations           | 79          |
|    time_elapsed         | 958         |
|    total_timesteps      | 40448       |
| train/                  |             |
|    approx_kl            | 0.008152042 |
|    clip_fraction        | 0.0398      |
|    clip_range           | 0.2         |
|    entropy_loss         | -0.0737     |
|    explained_variance   | -0.889      |
|    learning_rate        | 0.0003      |
|    loss                 | -0.0446     |
|    n_updates            | 780         |
|    policy_gradient_loss | -0.0145     |
|    value_loss           | 0.000553    |
-----------------------------------------
------------------------------------------
| rollout/                |              |
|    ep_len_mean          | 194          |
|    ep_rew_mean          | 25.3         |
| time/                   |              |
|    fps                  | 42           |
|    iterations           | 80           |
|    time_elapsed         | 965          |
|    total_timesteps      | 40960        |
| train/                  |              |
|    approx_kl            | 0.0064809034 |
|    clip_fraction        | 0.0357       |
|    clip_range           | 0.2          |
|    entropy_loss         | -0.0791      |
|    explained_variance   | -0.64        |
|    learning_rate        | 0.0003       |
|    loss                 | -0.0382      |
|    n_updates            | 790          |
|    policy_gradient_loss | -0.02        |
|    value_loss           | 0.00162      |
------------------------------------------
-----------------------------------------
| rollout/                |             |
|    ep_len_mean          | 194         |
|    ep_rew_mean          | 25.7        |
| time/                   |             |
|    fps                  | 42          |
|    iterations           | 81          |
|    time_elapsed         | 971         |
|    total_timesteps      | 41472       |
| train/                  |             |
|    approx_kl            | 0.012780982 |
|    clip_fraction        | 0.0811      |
|    clip_range           | 0.2         |
|    entropy_loss         | -0.212      |
|    explained_variance   | -2.24       |
|    learning_rate        | 0.0003      |
|    loss                 | -0.0341     |
|    n_updates            | 800         |
|    policy_gradient_loss | -0.0214     |
|    value_loss           | 0.00337     |
-----------------------------------------
-----------------------------------------
| rollout/                |             |
|    ep_len_mean          | 194         |
|    ep_rew_mean          | 25.9        |
| time/                   |             |
|    fps                  | 42          |
|    iterations           | 82          |
|    time_elapsed         | 978         |
|    total_timesteps      | 41984       |
| train/                  |             |
|    approx_kl            | 0.005183785 |
|    clip_fraction        | 0.0424      |
|    clip_range           | 0.2         |
|    entropy_loss         | -0.0968     |
|    explained_variance   | -0.922      |
|    learning_rate        | 0.0003      |
|    loss                 | -0.0429     |
|    n_updates            | 810         |
|    policy_gradient_loss | -0.018      |
|    value_loss           | 0.00072     |
-----------------------------------------
-----------------------------------------
| rollout/                |             |
|    ep_len_mean          | 194         |
|    ep_rew_mean          | 26          |
| time/                   |             |
|    fps                  | 43          |
|    iterations           | 83          |
|    time_elapsed         | 984         |
|    total_timesteps      | 42496       |
| train/                  |             |
|    approx_kl            | 0.025390595 |
|    clip_fraction        | 0.0631      |
|    clip_range           | 0.2         |
|    entropy_loss         | -0.121      |
|    explained_variance   | -1.53       |
|    learning_rate        | 0.0003      |
|    loss                 | -0.0232     |
|    n_updates            | 820         |
|    policy_gradient_loss | -0.0191     |
|    value_loss           | 0.000942    |
-----------------------------------------
------------------------------------------
| rollout/                |              |
|    ep_len_mean          | 192          |
|    ep_rew_mean          | 25.5         |
| time/                   |              |
|    fps                  | 43           |
|    iterations           | 84           |
|    time_elapsed         | 991          |
|    total_timesteps      | 43008        |
| train/                  |              |
|    approx_kl            | 0.0029272535 |
|    clip_fraction        | 0.0227       |
|    clip_range           | 0.2          |
|    entropy_loss         | -0.0516      |
|    explained_variance   | -9.71        |
|    learning_rate        | 0.0003       |
|    loss                 | -0.0236      |
|    n_updates            | 830          |
|    policy_gradient_loss | -0.00214     |
|    value_loss           | 0.000297     |
------------------------------------------
-----------------------------------------
| rollout/                |             |
|    ep_len_mean          | 189         |
|    ep_rew_mean          | 24.4        |
| time/                   |             |
|    fps                  | 43          |
|    iterations           | 85          |
|    time_elapsed         | 997         |
|    total_timesteps      | 43520       |
| train/                  |             |
|    approx_kl            | 0.007949806 |
|    clip_fraction        | 0.0484      |
|    clip_range           | 0.2         |
|    entropy_loss         | -0.103      |
|    explained_variance   | 0.473       |
|    learning_rate        | 0.0003      |
|    loss                 | -0.0174     |
|    n_updates            | 840         |
|    policy_gradient_loss | -0.0185     |
|    value_loss           | 0.00569     |
-----------------------------------------
------------------------------------------
| rollout/                |              |
|    ep_len_mean          | 189          |
|    ep_rew_mean          | 24.6         |
| time/                   |              |
|    fps                  | 43           |
|    iterations           | 86           |
|    time_elapsed         | 1003         |
|    total_timesteps      | 44032        |
| train/                  |              |
|    approx_kl            | 0.0062043336 |
|    clip_fraction        | 0.0393       |
|    clip_range           | 0.2          |
|    entropy_loss         | -0.0897      |
|    explained_variance   | 0.284        |
|    learning_rate        | 0.0003       |
|    loss                 | -0.0258      |
|    n_updates            | 850          |
|    policy_gradient_loss | -0.0235      |
|    value_loss           | 0.0199       |
------------------------------------------
-----------------------------------------
| rollout/                |             |
|    ep_len_mean          | 189         |
|    ep_rew_mean          | 24.7        |
| time/                   |             |
|    fps                  | 44          |
|    iterations           | 87          |
|    time_elapsed         | 1009        |
|    total_timesteps      | 44544       |
| train/                  |             |
|    approx_kl            | 0.041527174 |
|    clip_fraction        | 0.0379      |
|    clip_range           | 0.2         |
|    entropy_loss         | -0.0766     |
|    explained_variance   | -5.22       |
|    learning_rate        | 0.0003      |
|    loss                 | -0.0358     |
|    n_updates            | 860         |
|    policy_gradient_loss | -0.0184     |
|    value_loss           | 0.00111     |
-----------------------------------------
[Eval @45000] NEW BEST mean_reward=4.680
[Eval @45000] R=4.7±1.1 CR=0.000 Spd=20.4 LC=3.2 SR=1.000
------------------------------------------
| rollout/                |              |
|    ep_len_mean          | 189          |
|    ep_rew_mean          | 24.8         |
| time/                   |              |
|    fps                  | 43           |
|    iterations           | 88           |
|    time_elapsed         | 1039         |
|    total_timesteps      | 45056        |
| train/                  |              |
|    approx_kl            | 0.0033173668 |
|    clip_fraction        | 0.0439       |
|    clip_range           | 0.2          |
|    entropy_loss         | -0.0705      |
|    explained_variance   | -21.8        |
|    learning_rate        | 0.0003       |
|    loss                 | -0.00294     |
|    n_updates            | 870          |
|    policy_gradient_loss | -0.00476     |
|    value_loss           | 0.00641      |
------------------------------------------
------------------------------------------
| rollout/                |              |
|    ep_len_mean          | 189          |
|    ep_rew_mean          | 24.9         |
| time/                   |              |
|    fps                  | 43           |
|    iterations           | 89           |
|    time_elapsed         | 1046         |
|    total_timesteps      | 45568        |
| train/                  |              |
|    approx_kl            | 0.0031445478 |
|    clip_fraction        | 0.016        |
|    clip_range           | 0.2          |
|    entropy_loss         | -0.0339      |
|    explained_variance   | -6.22        |
|    learning_rate        | 0.0003       |
|    loss                 | -0.00475     |
|    n_updates            | 880          |
|    policy_gradient_loss | -0.0052      |
|    value_loss           | 0.000409     |
------------------------------------------
------------------------------------------
| rollout/                |              |
|    ep_len_mean          | 189          |
|    ep_rew_mean          | 24.8         |
| time/                   |              |
|    fps                  | 43           |
|    iterations           | 90           |
|    time_elapsed         | 1052         |
|    total_timesteps      | 46080        |
| train/                  |              |
|    approx_kl            | 0.0023456106 |
|    clip_fraction        | 0.0104       |
|    clip_range           | 0.2          |
|    entropy_loss         | -0.022       |
|    explained_variance   | -7.02        |
|    learning_rate        | 0.0003       |
|    loss                 | -0.0185      |
|    n_updates            | 890          |
|    policy_gradient_loss | -0.00511     |
|    value_loss           | 0.000366     |
------------------------------------------
------------------------------------------
| rollout/                |              |
|    ep_len_mean          | 189          |
|    ep_rew_mean          | 24.8         |
| time/                   |              |
|    fps                  | 44           |
|    iterations           | 91           |
|    time_elapsed         | 1058         |
|    total_timesteps      | 46592        |
| train/                  |              |
|    approx_kl            | 0.0072899787 |
|    clip_fraction        | 0.035        |
|    clip_range           | 0.2          |
|    entropy_loss         | -0.0842      |
|    explained_variance   | 0.335        |
|    learning_rate        | 0.0003       |
|    loss                 | -0.0323      |
|    n_updates            | 900          |
|    policy_gradient_loss | -0.0168      |
|    value_loss           | 0.00677      |
------------------------------------------
----------------------------------------
| rollout/                |            |
|    ep_len_mean          | 189        |
|    ep_rew_mean          | 25         |
| time/                   |            |
|    fps                  | 44         |
|    iterations           | 92         |
|    time_elapsed         | 1064       |
|    total_timesteps      | 47104      |
| train/                  |            |
|    approx_kl            | 0.07312811 |
|    clip_fraction        | 0.0623     |
|    clip_range           | 0.2        |
|    entropy_loss         | -0.119     |
|    explained_variance   | -5.04      |
|    learning_rate        | 0.0003     |
|    loss                 | -0.0203    |
|    n_updates            | 910        |
|    policy_gradient_loss | -0.0234    |
|    value_loss           | 0.00186    |
----------------------------------------
-----------------------------------------
| rollout/                |             |
|    ep_len_mean          | 187         |
|    ep_rew_mean          | 24.6        |
| time/                   |             |
|    fps                  | 44          |
|    iterations           | 93          |
|    time_elapsed         | 1070        |
|    total_timesteps      | 47616       |
| train/                  |             |
|    approx_kl            | 0.006857921 |
|    clip_fraction        | 0.0199      |
|    clip_range           | 0.2         |
|    entropy_loss         | -0.0483     |
|    explained_variance   | -12.8       |
|    learning_rate        | 0.0003      |
|    loss                 | -0.0124     |
|    n_updates            | 920         |
|    policy_gradient_loss | -0.00606    |
|    value_loss           | 0.00536     |
-----------------------------------------
----------------------------------------
| rollout/                |            |
|    ep_len_mean          | 187        |
|    ep_rew_mean          | 24.5       |
| time/                   |            |
|    fps                  | 44         |
|    iterations           | 94         |
|    time_elapsed         | 1076       |
|    total_timesteps      | 48128      |
| train/                  |            |
|    approx_kl            | 0.01680965 |
|    clip_fraction        | 0.0605     |
|    clip_range           | 0.2        |
|    entropy_loss         | -0.129     |
|    explained_variance   | -0.0104    |
|    learning_rate        | 0.0003     |
|    loss                 | -0.023     |
|    n_updates            | 930        |
|    policy_gradient_loss | -0.0243    |
|    value_loss           | 0.0122     |
----------------------------------------
------------------------------------------
| rollout/                |              |
|    ep_len_mean          | 188          |
|    ep_rew_mean          | 25           |
| time/                   |              |
|    fps                  | 44           |
|    iterations           | 95           |
|    time_elapsed         | 1082         |
|    total_timesteps      | 48640        |
| train/                  |              |
|    approx_kl            | 0.0066158837 |
|    clip_fraction        | 0.0285       |
|    clip_range           | 0.2          |
|    entropy_loss         | -0.0852      |
|    explained_variance   | -3.04        |
|    learning_rate        | 0.0003       |
|    loss                 | -0.00153     |
|    n_updates            | 940          |
|    policy_gradient_loss | -0.00983     |
|    value_loss           | 0.00162      |
------------------------------------------
-----------------------------------------
| rollout/                |             |
|    ep_len_mean          | 188         |
|    ep_rew_mean          | 25          |
| time/                   |             |
|    fps                  | 45          |
|    iterations           | 96          |
|    time_elapsed         | 1088        |
|    total_timesteps      | 49152       |
| train/                  |             |
|    approx_kl            | 0.059479922 |
|    clip_fraction        | 0.102       |
|    clip_range           | 0.2         |
|    entropy_loss         | -0.226      |
|    explained_variance   | -1.24       |
|    learning_rate        | 0.0003      |
|    loss                 | -0.0664     |
|    n_updates            | 950         |
|    policy_gradient_loss | -0.0371     |
|    value_loss           | 0.00266     |
-----------------------------------------
------------------------------------------
| rollout/                |              |
|    ep_len_mean          | 188          |
|    ep_rew_mean          | 25           |
| time/                   |              |
|    fps                  | 45           |
|    iterations           | 97           |
|    time_elapsed         | 1094         |
|    total_timesteps      | 49664        |
| train/                  |              |
|    approx_kl            | 0.0066431817 |
|    clip_fraction        | 0.0348       |
|    clip_range           | 0.2          |
|    entropy_loss         | -0.0915      |
|    explained_variance   | -3.33        |
|    learning_rate        | 0.0003       |
|    loss                 | -0.023       |
|    n_updates            | 960          |
|    policy_gradient_loss | -0.0103      |
|    value_loss           | 0.00173      |
------------------------------------------
[Eval @50000] NEW BEST mean_reward=4.700
[Eval @50000] R=4.7±0.7 CR=0.000 Spd=20.4 LC=3.5 SR=1.000
-----------------------------------------
| rollout/                |             |
|    ep_len_mean          | 185         |
|    ep_rew_mean          | 24.1        |
| time/                   |             |
|    fps                  | 44          |
|    iterations           | 98          |
|    time_elapsed         | 1123        |
|    total_timesteps      | 50176       |
| train/                  |             |
|    approx_kl            | 0.014950985 |
|    clip_fraction        | 0.0104      |
|    clip_range           | 0.2         |
|    entropy_loss         | -0.0246     |
|    explained_variance   | -3.07       |
|    learning_rate        | 0.0003      |
|    loss                 | -0.00434    |
|    n_updates            | 970         |
|    policy_gradient_loss | -0.00742    |
|    value_loss           | 0.000387    |
-----------------------------------------
[PPO] Done. Model: ./logs/ppo/conservative/seed_1024/final_model.zip
