[WARNING] GrayscaleImage not available, falling back to OccupancyGrid.
[PPO] reward=aggressive seed=1024 steps=50000 policy=MlpPolicy
[PPO] run_dir=./logs/ppo/aggressive/seed_1024
[WARNING] GrayscaleImage not available, falling back to OccupancyGrid.
[WARNING] GrayscaleImage not available, falling back to OccupancyGrid.
Using cpu device
Logging to ./logs/ppo/aggressive/seed_1024/ppo_aggressive_seed1024_1
---------------------------------
| rollout/           |          |
|    ep_len_mean     | 58.2     |
|    ep_rew_mean     | 48       |
| time/              |          |
|    fps             | 25       |
|    iterations      | 1        |
|    time_elapsed    | 20       |
|    total_timesteps | 512      |
---------------------------------
------------------------------------------
| rollout/                |              |
|    ep_len_mean          | 57.6         |
|    ep_rew_mean          | 47.2         |
| time/                   |              |
|    fps                  | 28           |
|    iterations           | 2            |
|    time_elapsed         | 35           |
|    total_timesteps      | 1024         |
| train/                  |              |
|    approx_kl            | 0.0030593495 |
|    clip_fraction        | 0.00234      |
|    clip_range           | 0.2          |
|    entropy_loss         | -1.61        |
|    explained_variance   | -0.408       |
|    learning_rate        | 0.0003       |
|    loss                 | -0.0519      |
|    n_updates            | 10           |
|    policy_gradient_loss | -0.0157      |
|    value_loss           | 0.505        |
------------------------------------------
------------------------------------------
| rollout/                |              |
|    ep_len_mean          | 51.1         |
|    ep_rew_mean          | 41.4         |
| time/                   |              |
|    fps                  | 36           |
|    iterations           | 3            |
|    time_elapsed         | 42           |
|    total_timesteps      | 1536         |
| train/                  |              |
|    approx_kl            | 0.0060159857 |
|    clip_fraction        | 0.0219       |
|    clip_range           | 0.2          |
|    entropy_loss         | -1.6         |
|    explained_variance   | -15.7        |
|    learning_rate        | 0.0003       |
|    loss                 | -0.0765      |
|    n_updates            | 20           |
|    policy_gradient_loss | -0.0309      |
|    value_loss           | 0.0246       |
------------------------------------------
-----------------------------------------
| rollout/                |             |
|    ep_len_mean          | 49.8        |
|    ep_rew_mean          | 40.4        |
| time/                   |             |
|    fps                  | 41          |
|    iterations           | 4           |
|    time_elapsed         | 49          |
|    total_timesteps      | 2048        |
| train/                  |             |
|    approx_kl            | 0.009265592 |
|    clip_fraction        | 0.0602      |
|    clip_range           | 0.2         |
|    entropy_loss         | -1.6        |
|    explained_variance   | -2.58       |
|    learning_rate        | 0.0003      |
|    loss                 | -0.0939     |
|    n_updates            | 30          |
|    policy_gradient_loss | -0.0441     |
|    value_loss           | 0.00902     |
-----------------------------------------
-----------------------------------------
| rollout/                |             |
|    ep_len_mean          | 52.8        |
|    ep_rew_mean          | 42.9        |
| time/                   |             |
|    fps                  | 45          |
|    iterations           | 5           |
|    time_elapsed         | 55          |
|    total_timesteps      | 2560        |
| train/                  |             |
|    approx_kl            | 0.010316057 |
|    clip_fraction        | 0.0732      |
|    clip_range           | 0.2         |
|    entropy_loss         | -1.59       |
|    explained_variance   | -2.69       |
|    learning_rate        | 0.0003      |
|    loss                 | -0.0914     |
|    n_updates            | 40          |
|    policy_gradient_loss | -0.048      |
|    value_loss           | 0.00751     |
-----------------------------------------
-----------------------------------------
| rollout/                |             |
|    ep_len_mean          | 54.7        |
|    ep_rew_mean          | 44.7        |
| time/                   |             |
|    fps                  | 49          |
|    iterations           | 6           |
|    time_elapsed         | 62          |
|    total_timesteps      | 3072        |
| train/                  |             |
|    approx_kl            | 0.013003973 |
|    clip_fraction        | 0.107       |
|    clip_range           | 0.2         |
|    entropy_loss         | -1.57       |
|    explained_variance   | -2          |
|    learning_rate        | 0.0003      |
|    loss                 | -0.111      |
|    n_updates            | 50          |
|    policy_gradient_loss | -0.0544     |
|    value_loss           | 0.00622     |
-----------------------------------------
----------------------------------------
| rollout/                |            |
|    ep_len_mean          | 55.8       |
|    ep_rew_mean          | 45.6       |
| time/                   |            |
|    fps                  | 51         |
|    iterations           | 7          |
|    time_elapsed         | 69         |
|    total_timesteps      | 3584       |
| train/                  |            |
|    approx_kl            | 0.01222059 |
|    clip_fraction        | 0.0932     |
|    clip_range           | 0.2        |
|    entropy_loss         | -1.56      |
|    explained_variance   | -2.78      |
|    learning_rate        | 0.0003     |
|    loss                 | -0.103     |
|    n_updates            | 60         |
|    policy_gradient_loss | -0.055     |
|    value_loss           | 0.00761    |
----------------------------------------
------------------------------------------
| rollout/                |              |
|    ep_len_mean          | 55           |
|    ep_rew_mean          | 44.9         |
| time/                   |              |
|    fps                  | 52           |
|    iterations           | 8            |
|    time_elapsed         | 77           |
|    total_timesteps      | 4096         |
| train/                  |              |
|    approx_kl            | 0.0151139125 |
|    clip_fraction        | 0.138        |
|    clip_range           | 0.2          |
|    entropy_loss         | -1.54        |
|    explained_variance   | -1.36        |
|    learning_rate        | 0.0003       |
|    loss                 | -0.102       |
|    n_updates            | 70           |
|    policy_gradient_loss | -0.0563      |
|    value_loss           | 0.00537      |
------------------------------------------
-----------------------------------------
| rollout/                |             |
|    ep_len_mean          | 56          |
|    ep_rew_mean          | 45.8        |
| time/                   |             |
|    fps                  | 54          |
|    iterations           | 9           |
|    time_elapsed         | 84          |
|    total_timesteps      | 4608        |
| train/                  |             |
|    approx_kl            | 0.013055244 |
|    clip_fraction        | 0.103       |
|    clip_range           | 0.2         |
|    entropy_loss         | -1.52       |
|    explained_variance   | -1.12       |
|    learning_rate        | 0.0003      |
|    loss                 | -0.101      |
|    n_updates            | 80          |
|    policy_gradient_loss | -0.0517     |
|    value_loss           | 0.0063      |
-----------------------------------------
[Eval @5000] NEW BEST mean_reward=8.800
[Eval @5000] R=8.8±7.9 CR=0.300 Spd=22.5 LC=23.1 SR=0.700
-----------------------------------------
| rollout/                |             |
|    ep_len_mean          | 57.5        |
|    ep_rew_mean          | 47.2        |
| time/                   |             |
|    fps                  | 33          |
|    iterations           | 10          |
|    time_elapsed         | 151         |
|    total_timesteps      | 5120        |
| train/                  |             |
|    approx_kl            | 0.014840987 |
|    clip_fraction        | 0.134       |
|    clip_range           | 0.2         |
|    entropy_loss         | -1.51       |
|    explained_variance   | -1.55       |
|    learning_rate        | 0.0003      |
|    loss                 | -0.0993     |
|    n_updates            | 90          |
|    policy_gradient_loss | -0.0564     |
|    value_loss           | 0.00442     |
-----------------------------------------
-----------------------------------------
| rollout/                |             |
|    ep_len_mean          | 57.9        |
|    ep_rew_mean          | 47.6        |
| time/                   |             |
|    fps                  | 32          |
|    iterations           | 11          |
|    time_elapsed         | 171         |
|    total_timesteps      | 5632        |
| train/                  |             |
|    approx_kl            | 0.017381359 |
|    clip_fraction        | 0.159       |
|    clip_range           | 0.2         |
|    entropy_loss         | -1.51       |
|    explained_variance   | -1.57       |
|    learning_rate        | 0.0003      |
|    loss                 | -0.0999     |
|    n_updates            | 100         |
|    policy_gradient_loss | -0.0632     |
|    value_loss           | 0.00453     |
-----------------------------------------
-----------------------------------------
| rollout/                |             |
|    ep_len_mean          | 59.3        |
|    ep_rew_mean          | 48.8        |
| time/                   |             |
|    fps                  | 32          |
|    iterations           | 12          |
|    time_elapsed         | 191         |
|    total_timesteps      | 6144        |
| train/                  |             |
|    approx_kl            | 0.013184372 |
|    clip_fraction        | 0.12        |
|    clip_range           | 0.2         |
|    entropy_loss         | -1.49       |
|    explained_variance   | -0.546      |
|    learning_rate        | 0.0003      |
|    loss                 | -0.114      |
|    n_updates            | 110         |
|    policy_gradient_loss | -0.0545     |
|    value_loss           | 0.00364     |
-----------------------------------------
-----------------------------------------
| rollout/                |             |
|    ep_len_mean          | 60.7        |
|    ep_rew_mean          | 50.1        |
| time/                   |             |
|    fps                  | 31          |
|    iterations           | 13          |
|    time_elapsed         | 211         |
|    total_timesteps      | 6656        |
| train/                  |             |
|    approx_kl            | 0.015667211 |
|    clip_fraction        | 0.136       |
|    clip_range           | 0.2         |
|    entropy_loss         | -1.46       |
|    explained_variance   | -2.13       |
|    learning_rate        | 0.0003      |
|    loss                 | -0.102      |
|    n_updates            | 120         |
|    policy_gradient_loss | -0.0612     |
|    value_loss           | 0.00456     |
-----------------------------------------
-----------------------------------------
| rollout/                |             |
|    ep_len_mean          | 64.4        |
|    ep_rew_mean          | 53.5        |
| time/                   |             |
|    fps                  | 30          |
|    iterations           | 14          |
|    time_elapsed         | 231         |
|    total_timesteps      | 7168        |
| train/                  |             |
|    approx_kl            | 0.015990373 |
|    clip_fraction        | 0.132       |
|    clip_range           | 0.2         |
|    entropy_loss         | -1.44       |
|    explained_variance   | -1.63       |
|    learning_rate        | 0.0003      |
|    loss                 | -0.0889     |
|    n_updates            | 130         |
|    policy_gradient_loss | -0.0541     |
|    value_loss           | 0.0026      |
-----------------------------------------
-----------------------------------------
| rollout/                |             |
|    ep_len_mean          | 67.2        |
|    ep_rew_mean          | 56.1        |
| time/                   |             |
|    fps                  | 30          |
|    iterations           | 15          |
|    time_elapsed         | 252         |
|    total_timesteps      | 7680        |
| train/                  |             |
|    approx_kl            | 0.018826555 |
|    clip_fraction        | 0.161       |
|    clip_range           | 0.2         |
|    entropy_loss         | -1.43       |
|    explained_variance   | -1.18       |
|    learning_rate        | 0.0003      |
|    loss                 | -0.0994     |
|    n_updates            | 140         |
|    policy_gradient_loss | -0.0608     |
|    value_loss           | 0.00306     |
-----------------------------------------
-----------------------------------------
| rollout/                |             |
|    ep_len_mean          | 70.7        |
|    ep_rew_mean          | 59.4        |
| time/                   |             |
|    fps                  | 30          |
|    iterations           | 16          |
|    time_elapsed         | 272         |
|    total_timesteps      | 8192        |
| train/                  |             |
|    approx_kl            | 0.016830115 |
|    clip_fraction        | 0.163       |
|    clip_range           | 0.2         |
|    entropy_loss         | -1.39       |
|    explained_variance   | -2.2        |
|    learning_rate        | 0.0003      |
|    loss                 | -0.0849     |
|    n_updates            | 150         |
|    policy_gradient_loss | -0.0607     |
|    value_loss           | 0.00349     |
-----------------------------------------
-----------------------------------------
| rollout/                |             |
|    ep_len_mean          | 72.1        |
|    ep_rew_mean          | 60.6        |
| time/                   |             |
|    fps                  | 29          |
|    iterations           | 17          |
|    time_elapsed         | 292         |
|    total_timesteps      | 8704        |
| train/                  |             |
|    approx_kl            | 0.019755434 |
|    clip_fraction        | 0.182       |
|    clip_range           | 0.2         |
|    entropy_loss         | -1.39       |
|    explained_variance   | -5.63       |
|    learning_rate        | 0.0003      |
|    loss                 | -0.104      |
|    n_updates            | 160         |
|    policy_gradient_loss | -0.0652     |
|    value_loss           | 0.00334     |
-----------------------------------------
-----------------------------------------
| rollout/                |             |
|    ep_len_mean          | 73.8        |
|    ep_rew_mean          | 62.1        |
| time/                   |             |
|    fps                  | 29          |
|    iterations           | 18          |
|    time_elapsed         | 313         |
|    total_timesteps      | 9216        |
| train/                  |             |
|    approx_kl            | 0.015388755 |
|    clip_fraction        | 0.141       |
|    clip_range           | 0.2         |
|    entropy_loss         | -1.39       |
|    explained_variance   | -0.722      |
|    learning_rate        | 0.0003      |
|    loss                 | -0.11       |
|    n_updates            | 170         |
|    policy_gradient_loss | -0.0544     |
|    value_loss           | 0.00396     |
-----------------------------------------
-----------------------------------------
| rollout/                |             |
|    ep_len_mean          | 76.6        |
|    ep_rew_mean          | 64.6        |
| time/                   |             |
|    fps                  | 29          |
|    iterations           | 19          |
|    time_elapsed         | 333         |
|    total_timesteps      | 9728        |
| train/                  |             |
|    approx_kl            | 0.019917436 |
|    clip_fraction        | 0.168       |
|    clip_range           | 0.2         |
|    entropy_loss         | -1.35       |
|    explained_variance   | -0.74       |
|    learning_rate        | 0.0003      |
|    loss                 | -0.0948     |
|    n_updates            | 180         |
|    policy_gradient_loss | -0.0611     |
|    value_loss           | 0.00332     |
-----------------------------------------
[Eval @10000] R=5.4±2.7 CR=0.700 Spd=23.2 LC=47.7 SR=0.300
-----------------------------------------
| rollout/                |             |
|    ep_len_mean          | 76.8        |
|    ep_rew_mean          | 64.8        |
| time/                   |             |
|    fps                  | 25          |
|    iterations           | 20          |
|    time_elapsed         | 404         |
|    total_timesteps      | 10240       |
| train/                  |             |
|    approx_kl            | 0.018829305 |
|    clip_fraction        | 0.179       |
|    clip_range           | 0.2         |
|    entropy_loss         | -1.33       |
|    explained_variance   | -1.52       |
|    learning_rate        | 0.0003      |
|    loss                 | -0.123      |
|    n_updates            | 190         |
|    policy_gradient_loss | -0.0582     |
|    value_loss           | 0.00276     |
-----------------------------------------
-----------------------------------------
| rollout/                |             |
|    ep_len_mean          | 80.6        |
|    ep_rew_mean          | 68.4        |
| time/                   |             |
|    fps                  | 25          |
|    iterations           | 21          |
|    time_elapsed         | 422         |
|    total_timesteps      | 10752       |
| train/                  |             |
|    approx_kl            | 0.021415075 |
|    clip_fraction        | 0.184       |
|    clip_range           | 0.2         |
|    entropy_loss         | -1.33       |
|    explained_variance   | -0.871      |
|    learning_rate        | 0.0003      |
|    loss                 | -0.091      |
|    n_updates            | 200         |
|    policy_gradient_loss | -0.0599     |
|    value_loss           | 0.00284     |
-----------------------------------------
-----------------------------------------
| rollout/                |             |
|    ep_len_mean          | 82          |
|    ep_rew_mean          | 69.7        |
| time/                   |             |
|    fps                  | 26          |
|    iterations           | 22          |
|    time_elapsed         | 429         |
|    total_timesteps      | 11264       |
| train/                  |             |
|    approx_kl            | 0.018935107 |
|    clip_fraction        | 0.192       |
|    clip_range           | 0.2         |
|    entropy_loss         | -1.31       |
|    explained_variance   | -4.96       |
|    learning_rate        | 0.0003      |
|    loss                 | -0.0931     |
|    n_updates            | 210         |
|    policy_gradient_loss | -0.063      |
|    value_loss           | 0.00329     |
-----------------------------------------
-----------------------------------------
| rollout/                |             |
|    ep_len_mean          | 83.3        |
|    ep_rew_mean          | 71          |
| time/                   |             |
|    fps                  | 27          |
|    iterations           | 23          |
|    time_elapsed         | 435         |
|    total_timesteps      | 11776       |
| train/                  |             |
|    approx_kl            | 0.016996887 |
|    clip_fraction        | 0.173       |
|    clip_range           | 0.2         |
|    entropy_loss         | -1.28       |
|    explained_variance   | -0.569      |
|    learning_rate        | 0.0003      |
|    loss                 | -0.105      |
|    n_updates            | 220         |
|    policy_gradient_loss | -0.0588     |
|    value_loss           | 0.00243     |
-----------------------------------------
-----------------------------------------
| rollout/                |             |
|    ep_len_mean          | 84.5        |
|    ep_rew_mean          | 72          |
| time/                   |             |
|    fps                  | 27          |
|    iterations           | 24          |
|    time_elapsed         | 442         |
|    total_timesteps      | 12288       |
| train/                  |             |
|    approx_kl            | 0.019661471 |
|    clip_fraction        | 0.191       |
|    clip_range           | 0.2         |
|    entropy_loss         | -1.28       |
|    explained_variance   | -1.48       |
|    learning_rate        | 0.0003      |
|    loss                 | -0.0863     |
|    n_updates            | 230         |
|    policy_gradient_loss | -0.0599     |
|    value_loss           | 0.00279     |
-----------------------------------------
-----------------------------------------
| rollout/                |             |
|    ep_len_mean          | 83.4        |
|    ep_rew_mean          | 71          |
| time/                   |             |
|    fps                  | 28          |
|    iterations           | 25          |
|    time_elapsed         | 449         |
|    total_timesteps      | 12800       |
| train/                  |             |
|    approx_kl            | 0.018414384 |
|    clip_fraction        | 0.162       |
|    clip_range           | 0.2         |
|    entropy_loss         | -1.28       |
|    explained_variance   | -0.609      |
|    learning_rate        | 0.0003      |
|    loss                 | -0.102      |
|    n_updates            | 240         |
|    policy_gradient_loss | -0.0576     |
|    value_loss           | 0.00317     |
-----------------------------------------
-----------------------------------------
| rollout/                |             |
|    ep_len_mean          | 86.7        |
|    ep_rew_mean          | 74          |
| time/                   |             |
|    fps                  | 29          |
|    iterations           | 26          |
|    time_elapsed         | 456         |
|    total_timesteps      | 13312       |
| train/                  |             |
|    approx_kl            | 0.019210536 |
|    clip_fraction        | 0.179       |
|    clip_range           | 0.2         |
|    entropy_loss         | -1.26       |
|    explained_variance   | -0.364      |
|    learning_rate        | 0.0003      |
|    loss                 | -0.0904     |
|    n_updates            | 250         |
|    policy_gradient_loss | -0.0583     |
|    value_loss           | 0.00265     |
-----------------------------------------
-----------------------------------------
| rollout/                |             |
|    ep_len_mean          | 87.5        |
|    ep_rew_mean          | 74.7        |
| time/                   |             |
|    fps                  | 29          |
|    iterations           | 27          |
|    time_elapsed         | 462         |
|    total_timesteps      | 13824       |
| train/                  |             |
|    approx_kl            | 0.018564798 |
|    clip_fraction        | 0.167       |
|    clip_range           | 0.2         |
|    entropy_loss         | -1.23       |
|    explained_variance   | -1.66       |
|    learning_rate        | 0.0003      |
|    loss                 | -0.101      |
|    n_updates            | 260         |
|    policy_gradient_loss | -0.0576     |
|    value_loss           | 0.00217     |
-----------------------------------------
-----------------------------------------
| rollout/                |             |
|    ep_len_mean          | 87.7        |
|    ep_rew_mean          | 74.9        |
| time/                   |             |
|    fps                  | 30          |
|    iterations           | 28          |
|    time_elapsed         | 469         |
|    total_timesteps      | 14336       |
| train/                  |             |
|    approx_kl            | 0.018622605 |
|    clip_fraction        | 0.18        |
|    clip_range           | 0.2         |
|    entropy_loss         | -1.22       |
|    explained_variance   | -1.68       |
|    learning_rate        | 0.0003      |
|    loss                 | -0.0875     |
|    n_updates            | 270         |
|    policy_gradient_loss | -0.0594     |
|    value_loss           | 0.00261     |
-----------------------------------------
-----------------------------------------
| rollout/                |             |
|    ep_len_mean          | 89.7        |
|    ep_rew_mean          | 76.7        |
| time/                   |             |
|    fps                  | 31          |
|    iterations           | 29          |
|    time_elapsed         | 476         |
|    total_timesteps      | 14848       |
| train/                  |             |
|    approx_kl            | 0.021343272 |
|    clip_fraction        | 0.186       |
|    clip_range           | 0.2         |
|    entropy_loss         | -1.17       |
|    explained_variance   | -0.279      |
|    learning_rate        | 0.0003      |
|    loss                 | -0.104      |
|    n_updates            | 280         |
|    policy_gradient_loss | -0.059      |
|    value_loss           | 0.00278     |
-----------------------------------------
[Eval @15000] R=7.8±1.3 CR=0.200 Spd=22.4 LC=34.4 SR=0.800
-----------------------------------------
| rollout/                |             |
|    ep_len_mean          | 89.8        |
|    ep_rew_mean          | 76.8        |
| time/                   |             |
|    fps                  | 30          |
|    iterations           | 30          |
|    time_elapsed         | 506         |
|    total_timesteps      | 15360       |
| train/                  |             |
|    approx_kl            | 0.018082991 |
|    clip_fraction        | 0.175       |
|    clip_range           | 0.2         |
|    entropy_loss         | -1.2        |
|    explained_variance   | -0.0415     |
|    learning_rate        | 0.0003      |
|    loss                 | -0.118      |
|    n_updates            | 290         |
|    policy_gradient_loss | -0.053      |
|    value_loss           | 0.00183     |
-----------------------------------------
-----------------------------------------
| rollout/                |             |
|    ep_len_mean          | 88.3        |
|    ep_rew_mean          | 75.5        |
| time/                   |             |
|    fps                  | 30          |
|    iterations           | 31          |
|    time_elapsed         | 512         |
|    total_timesteps      | 15872       |
| train/                  |             |
|    approx_kl            | 0.018853515 |
|    clip_fraction        | 0.165       |
|    clip_range           | 0.2         |
|    entropy_loss         | -1.19       |
|    explained_variance   | -1.6        |
|    learning_rate        | 0.0003      |
|    loss                 | -0.103      |
|    n_updates            | 300         |
|    policy_gradient_loss | -0.0561     |
|    value_loss           | 0.00254     |
-----------------------------------------
-----------------------------------------
| rollout/                |             |
|    ep_len_mean          | 85.8        |
|    ep_rew_mean          | 73.2        |
| time/                   |             |
|    fps                  | 31          |
|    iterations           | 32          |
|    time_elapsed         | 519         |
|    total_timesteps      | 16384       |
| train/                  |             |
|    approx_kl            | 0.020924237 |
|    clip_fraction        | 0.204       |
|    clip_range           | 0.2         |
|    entropy_loss         | -1.21       |
|    explained_variance   | -0.375      |
|    learning_rate        | 0.0003      |
|    loss                 | -0.113      |
|    n_updates            | 310         |
|    policy_gradient_loss | -0.056      |
|    value_loss           | 0.00228     |
-----------------------------------------
-----------------------------------------
| rollout/                |             |
|    ep_len_mean          | 86.7        |
|    ep_rew_mean          | 74.1        |
| time/                   |             |
|    fps                  | 32          |
|    iterations           | 33          |
|    time_elapsed         | 526         |
|    total_timesteps      | 16896       |
| train/                  |             |
|    approx_kl            | 0.016685914 |
|    clip_fraction        | 0.164       |
|    clip_range           | 0.2         |
|    entropy_loss         | -1.14       |
|    explained_variance   | -0.366      |
|    learning_rate        | 0.0003      |
|    loss                 | -0.0878     |
|    n_updates            | 320         |
|    policy_gradient_loss | -0.0505     |
|    value_loss           | 0.00175     |
-----------------------------------------
-----------------------------------------
| rollout/                |             |
|    ep_len_mean          | 88.9        |
|    ep_rew_mean          | 76.1        |
| time/                   |             |
|    fps                  | 31          |
|    iterations           | 34          |
|    time_elapsed         | 546         |
|    total_timesteps      | 17408       |
| train/                  |             |
|    approx_kl            | 0.022567244 |
|    clip_fraction        | 0.192       |
|    clip_range           | 0.2         |
|    entropy_loss         | -1.18       |
|    explained_variance   | -2.01       |
|    learning_rate        | 0.0003      |
|    loss                 | -0.0932     |
|    n_updates            | 330         |
|    policy_gradient_loss | -0.0533     |
|    value_loss           | 0.00115     |
-----------------------------------------
-----------------------------------------
| rollout/                |             |
|    ep_len_mean          | 91.2        |
|    ep_rew_mean          | 78.2        |
| time/                   |             |
|    fps                  | 31          |
|    iterations           | 35          |
|    time_elapsed         | 566         |
|    total_timesteps      | 17920       |
| train/                  |             |
|    approx_kl            | 0.021310097 |
|    clip_fraction        | 0.186       |
|    clip_range           | 0.2         |
|    entropy_loss         | -1.12       |
|    explained_variance   | -5.7        |
|    learning_rate        | 0.0003      |
|    loss                 | -0.107      |
|    n_updates            | 340         |
|    policy_gradient_loss | -0.056      |
|    value_loss           | 0.00177     |
-----------------------------------------
-----------------------------------------
| rollout/                |             |
|    ep_len_mean          | 93          |
|    ep_rew_mean          | 80          |
| time/                   |             |
|    fps                  | 31          |
|    iterations           | 36          |
|    time_elapsed         | 587         |
|    total_timesteps      | 18432       |
| train/                  |             |
|    approx_kl            | 0.019164776 |
|    clip_fraction        | 0.17        |
|    clip_range           | 0.2         |
|    entropy_loss         | -1.16       |
|    explained_variance   | -0.369      |
|    learning_rate        | 0.0003      |
|    loss                 | -0.112      |
|    n_updates            | 350         |
|    policy_gradient_loss | -0.0495     |
|    value_loss           | 0.00222     |
-----------------------------------------
-----------------------------------------
| rollout/                |             |
|    ep_len_mean          | 92.3        |
|    ep_rew_mean          | 79.5        |
| time/                   |             |
|    fps                  | 31          |
|    iterations           | 37          |
|    time_elapsed         | 597         |
|    total_timesteps      | 18944       |
| train/                  |             |
|    approx_kl            | 0.018700778 |
|    clip_fraction        | 0.152       |
|    clip_range           | 0.2         |
|    entropy_loss         | -1.11       |
|    explained_variance   | -0.929      |
|    learning_rate        | 0.0003      |
|    loss                 | -0.102      |
|    n_updates            | 360         |
|    policy_gradient_loss | -0.0504     |
|    value_loss           | 0.00182     |
-----------------------------------------
-----------------------------------------
| rollout/                |             |
|    ep_len_mean          | 93.4        |
|    ep_rew_mean          | 80.5        |
| time/                   |             |
|    fps                  | 31          |
|    iterations           | 38          |
|    time_elapsed         | 617         |
|    total_timesteps      | 19456       |
| train/                  |             |
|    approx_kl            | 0.020247433 |
|    clip_fraction        | 0.164       |
|    clip_range           | 0.2         |
|    entropy_loss         | -1.13       |
|    explained_variance   | -0.305      |
|    learning_rate        | 0.0003      |
|    loss                 | -0.0967     |
|    n_updates            | 370         |
|    policy_gradient_loss | -0.054      |
|    value_loss           | 0.00219     |
-----------------------------------------
-----------------------------------------
| rollout/                |             |
|    ep_len_mean          | 90.8        |
|    ep_rew_mean          | 78.1        |
| time/                   |             |
|    fps                  | 31          |
|    iterations           | 39          |
|    time_elapsed         | 625         |
|    total_timesteps      | 19968       |
| train/                  |             |
|    approx_kl            | 0.019525805 |
|    clip_fraction        | 0.183       |
|    clip_range           | 0.2         |
|    entropy_loss         | -1.1        |
|    explained_variance   | -0.0607     |
|    learning_rate        | 0.0003      |
|    loss                 | -0.0821     |
|    n_updates            | 380         |
|    policy_gradient_loss | -0.0522     |
|    value_loss           | 0.00196     |
-----------------------------------------
[Eval @20000] R=8.2±0.7 CR=0.200 Spd=21.7 LC=21.0 SR=0.800
----------------------------------------
| rollout/                |            |
|    ep_len_mean          | 91.3       |
|    ep_rew_mean          | 78.6       |
| time/                   |            |
|    fps                  | 29         |
|    iterations           | 40         |
|    time_elapsed         | 698        |
|    total_timesteps      | 20480      |
| train/                  |            |
|    approx_kl            | 0.01987902 |
|    clip_fraction        | 0.186      |
|    clip_range           | 0.2        |
|    entropy_loss         | -1.06      |
|    explained_variance   | -0.544     |
|    learning_rate        | 0.0003     |
|    loss                 | -0.101     |
|    n_updates            | 390        |
|    policy_gradient_loss | -0.0553    |
|    value_loss           | 0.00207    |
----------------------------------------
-----------------------------------------
| rollout/                |             |
|    ep_len_mean          | 92.2        |
|    ep_rew_mean          | 79.3        |
| time/                   |             |
|    fps                  | 29          |
|    iterations           | 41          |
|    time_elapsed         | 718         |
|    total_timesteps      | 20992       |
| train/                  |             |
|    approx_kl            | 0.021366889 |
|    clip_fraction        | 0.206       |
|    clip_range           | 0.2         |
|    entropy_loss         | -1.07       |
|    explained_variance   | -0.597      |
|    learning_rate        | 0.0003      |
|    loss                 | -0.0949     |
|    n_updates            | 400         |
|    policy_gradient_loss | -0.0522     |
|    value_loss           | 0.00242     |
-----------------------------------------
-----------------------------------------
| rollout/                |             |
|    ep_len_mean          | 93.9        |
|    ep_rew_mean          | 81          |
| time/                   |             |
|    fps                  | 29          |
|    iterations           | 42          |
|    time_elapsed         | 739         |
|    total_timesteps      | 21504       |
| train/                  |             |
|    approx_kl            | 0.022008305 |
|    clip_fraction        | 0.198       |
|    clip_range           | 0.2         |
|    entropy_loss         | -1.06       |
|    explained_variance   | -1.04       |
|    learning_rate        | 0.0003      |
|    loss                 | -0.113      |
|    n_updates            | 410         |
|    policy_gradient_loss | -0.0542     |
|    value_loss           | 0.00167     |
-----------------------------------------
-----------------------------------------
| rollout/                |             |
|    ep_len_mean          | 95.7        |
|    ep_rew_mean          | 82.6        |
| time/                   |             |
|    fps                  | 29          |
|    iterations           | 43          |
|    time_elapsed         | 751         |
|    total_timesteps      | 22016       |
| train/                  |             |
|    approx_kl            | 0.020530226 |
|    clip_fraction        | 0.161       |
|    clip_range           | 0.2         |
|    entropy_loss         | -0.983      |
|    explained_variance   | -0.866      |
|    learning_rate        | 0.0003      |
|    loss                 | -0.079      |
|    n_updates            | 420         |
|    policy_gradient_loss | -0.0512     |
|    value_loss           | 0.00215     |
-----------------------------------------
----------------------------------------
| rollout/                |            |
|    ep_len_mean          | 97.5       |
|    ep_rew_mean          | 84.4       |
| time/                   |            |
|    fps                  | 29         |
|    iterations           | 44         |
|    time_elapsed         | 770        |
|    total_timesteps      | 22528      |
| train/                  |            |
|    approx_kl            | 0.02286733 |
|    clip_fraction        | 0.212      |
|    clip_range           | 0.2        |
|    entropy_loss         | -0.959     |
|    explained_variance   | -1.34      |
|    learning_rate        | 0.0003     |
|    loss                 | -0.092     |
|    n_updates            | 430        |
|    policy_gradient_loss | -0.056     |
|    value_loss           | 0.0018     |
----------------------------------------
-----------------------------------------
| rollout/                |             |
|    ep_len_mean          | 101         |
|    ep_rew_mean          | 87.5        |
| time/                   |             |
|    fps                  | 29          |
|    iterations           | 45          |
|    time_elapsed         | 788         |
|    total_timesteps      | 23040       |
| train/                  |             |
|    approx_kl            | 0.026618894 |
|    clip_fraction        | 0.197       |
|    clip_range           | 0.2         |
|    entropy_loss         | -1.02       |
|    explained_variance   | -0.373      |
|    learning_rate        | 0.0003      |
|    loss                 | -0.0961     |
|    n_updates            | 440         |
|    policy_gradient_loss | -0.054      |
|    value_loss           | 0.00135     |
-----------------------------------------
-----------------------------------------
| rollout/                |             |
|    ep_len_mean          | 100         |
|    ep_rew_mean          | 87.3        |
| time/                   |             |
|    fps                  | 29          |
|    iterations           | 46          |
|    time_elapsed         | 796         |
|    total_timesteps      | 23552       |
| train/                  |             |
|    approx_kl            | 0.019241776 |
|    clip_fraction        | 0.168       |
|    clip_range           | 0.2         |
|    entropy_loss         | -1.04       |
|    explained_variance   | -1.18       |
|    learning_rate        | 0.0003      |
|    loss                 | -0.104      |
|    n_updates            | 450         |
|    policy_gradient_loss | -0.0542     |
|    value_loss           | 0.000984    |
-----------------------------------------
-----------------------------------------
| rollout/                |             |
|    ep_len_mean          | 101         |
|    ep_rew_mean          | 88          |
| time/                   |             |
|    fps                  | 29          |
|    iterations           | 47          |
|    time_elapsed         | 802         |
|    total_timesteps      | 24064       |
| train/                  |             |
|    approx_kl            | 0.020535916 |
|    clip_fraction        | 0.181       |
|    clip_range           | 0.2         |
|    entropy_loss         | -1.02       |
|    explained_variance   | -0.0774     |
|    learning_rate        | 0.0003      |
|    loss                 | -0.0745     |
|    n_updates            | 460         |
|    policy_gradient_loss | -0.0505     |
|    value_loss           | 0.00102     |
-----------------------------------------
-----------------------------------------
| rollout/                |             |
|    ep_len_mean          | 102         |
|    ep_rew_mean          | 88.6        |
| time/                   |             |
|    fps                  | 30          |
|    iterations           | 48          |
|    time_elapsed         | 809         |
|    total_timesteps      | 24576       |
| train/                  |             |
|    approx_kl            | 0.018989593 |
|    clip_fraction        | 0.151       |
|    clip_range           | 0.2         |
|    entropy_loss         | -0.94       |
|    explained_variance   | 0.0122      |
|    learning_rate        | 0.0003      |
|    loss                 | -0.0776     |
|    n_updates            | 470         |
|    policy_gradient_loss | -0.0419     |
|    value_loss           | 0.00133     |
-----------------------------------------
[Eval @25000] R=8.2±0.6 CR=0.100 Spd=21.6 LC=38.1 SR=0.900
-----------------------------------------
| rollout/                |             |
|    ep_len_mean          | 105         |
|    ep_rew_mean          | 91.3        |
| time/                   |             |
|    fps                  | 29          |
|    iterations           | 49          |
|    time_elapsed         | 840         |
|    total_timesteps      | 25088       |
| train/                  |             |
|    approx_kl            | 0.020867493 |
|    clip_fraction        | 0.206       |
|    clip_range           | 0.2         |
|    entropy_loss         | -1.06       |
|    explained_variance   | -0.465      |
|    learning_rate        | 0.0003      |
|    loss                 | -0.103      |
|    n_updates            | 480         |
|    policy_gradient_loss | -0.0608     |
|    value_loss           | 0.00189     |
-----------------------------------------
-----------------------------------------
| rollout/                |             |
|    ep_len_mean          | 103         |
|    ep_rew_mean          | 90.1        |
| time/                   |             |
|    fps                  | 30          |
|    iterations           | 50          |
|    time_elapsed         | 846         |
|    total_timesteps      | 25600       |
| train/                  |             |
|    approx_kl            | 0.019862227 |
|    clip_fraction        | 0.174       |
|    clip_range           | 0.2         |
|    entropy_loss         | -1.04       |
|    explained_variance   | -0.171      |
|    learning_rate        | 0.0003      |
|    loss                 | -0.103      |
|    n_updates            | 490         |
|    policy_gradient_loss | -0.0522     |
|    value_loss           | 0.00133     |
-----------------------------------------
-----------------------------------------
| rollout/                |             |
|    ep_len_mean          | 105         |
|    ep_rew_mean          | 91.4        |
| time/                   |             |
|    fps                  | 30          |
|    iterations           | 51          |
|    time_elapsed         | 853         |
|    total_timesteps      | 26112       |
| train/                  |             |
|    approx_kl            | 0.019869123 |
|    clip_fraction        | 0.149       |
|    clip_range           | 0.2         |
|    entropy_loss         | -0.993      |
|    explained_variance   | -0.631      |
|    learning_rate        | 0.0003      |
|    loss                 | -0.0627     |
|    n_updates            | 500         |
|    policy_gradient_loss | -0.0491     |
|    value_loss           | 0.00143     |
-----------------------------------------
-----------------------------------------
| rollout/                |             |
|    ep_len_mean          | 106         |
|    ep_rew_mean          | 92.1        |
| time/                   |             |
|    fps                  | 30          |
|    iterations           | 52          |
|    time_elapsed         | 859         |
|    total_timesteps      | 26624       |
| train/                  |             |
|    approx_kl            | 0.021730237 |
|    clip_fraction        | 0.185       |
|    clip_range           | 0.2         |
|    entropy_loss         | -0.976      |
|    explained_variance   | -0.25       |
|    learning_rate        | 0.0003      |
|    loss                 | -0.0475     |
|    n_updates            | 510         |
|    policy_gradient_loss | -0.044      |
|    value_loss           | 0.0011      |
-----------------------------------------
-----------------------------------------
| rollout/                |             |
|    ep_len_mean          | 106         |
|    ep_rew_mean          | 92.8        |
| time/                   |             |
|    fps                  | 31          |
|    iterations           | 53          |
|    time_elapsed         | 866         |
|    total_timesteps      | 27136       |
| train/                  |             |
|    approx_kl            | 0.024138995 |
|    clip_fraction        | 0.182       |
|    clip_range           | 0.2         |
|    entropy_loss         | -0.989      |
|    explained_variance   | -0.196      |
|    learning_rate        | 0.0003      |
|    loss                 | -0.0814     |
|    n_updates            | 520         |
|    policy_gradient_loss | -0.0547     |
|    value_loss           | 0.00117     |
-----------------------------------------
-----------------------------------------
| rollout/                |             |
|    ep_len_mean          | 104         |
|    ep_rew_mean          | 91          |
| time/                   |             |
|    fps                  | 31          |
|    iterations           | 54          |
|    time_elapsed         | 872         |
|    total_timesteps      | 27648       |
| train/                  |             |
|    approx_kl            | 0.028897904 |
|    clip_fraction        | 0.246       |
|    clip_range           | 0.2         |
|    entropy_loss         | -1.01       |
|    explained_variance   | 0.0505      |
|    learning_rate        | 0.0003      |
|    loss                 | -0.117      |
|    n_updates            | 530         |
|    policy_gradient_loss | -0.064      |
|    value_loss           | 0.00123     |
-----------------------------------------
-----------------------------------------
| rollout/                |             |
|    ep_len_mean          | 103         |
|    ep_rew_mean          | 89.8        |
| time/                   |             |
|    fps                  | 32          |
|    iterations           | 55          |
|    time_elapsed         | 879         |
|    total_timesteps      | 28160       |
| train/                  |             |
|    approx_kl            | 0.021591954 |
|    clip_fraction        | 0.188       |
|    clip_range           | 0.2         |
|    entropy_loss         | -0.962      |
|    explained_variance   | -0.259      |
|    learning_rate        | 0.0003      |
|    loss                 | -0.0648     |
|    n_updates            | 540         |
|    policy_gradient_loss | -0.0495     |
|    value_loss           | 0.000938    |
-----------------------------------------
-----------------------------------------
| rollout/                |             |
|    ep_len_mean          | 103         |
|    ep_rew_mean          | 89.9        |
| time/                   |             |
|    fps                  | 32          |
|    iterations           | 56          |
|    time_elapsed         | 885         |
|    total_timesteps      | 28672       |
| train/                  |             |
|    approx_kl            | 0.025308125 |
|    clip_fraction        | 0.191       |
|    clip_range           | 0.2         |
|    entropy_loss         | -0.935      |
|    explained_variance   | -0.402      |
|    learning_rate        | 0.0003      |
|    loss                 | -0.0847     |
|    n_updates            | 550         |
|    policy_gradient_loss | -0.0571     |
|    value_loss           | 0.00147     |
-----------------------------------------
----------------------------------------
| rollout/                |            |
|    ep_len_mean          | 105        |
|    ep_rew_mean          | 91.5       |
| time/                   |            |
|    fps                  | 32         |
|    iterations           | 57         |
|    time_elapsed         | 892        |
|    total_timesteps      | 29184      |
| train/                  |            |
|    approx_kl            | 0.02156293 |
|    clip_fraction        | 0.17       |
|    clip_range           | 0.2        |
|    entropy_loss         | -0.95      |
|    explained_variance   | -0.336     |
|    learning_rate        | 0.0003     |
|    loss                 | -0.0898    |
|    n_updates            | 560        |
|    policy_gradient_loss | -0.049     |
|    value_loss           | 0.00137    |
----------------------------------------
-----------------------------------------
| rollout/                |             |
|    ep_len_mean          | 106         |
|    ep_rew_mean          | 92.3        |
| time/                   |             |
|    fps                  | 33          |
|    iterations           | 58          |
|    time_elapsed         | 898         |
|    total_timesteps      | 29696       |
| train/                  |             |
|    approx_kl            | 0.017572673 |
|    clip_fraction        | 0.138       |
|    clip_range           | 0.2         |
|    entropy_loss         | -0.951      |
|    explained_variance   | -0.636      |
|    learning_rate        | 0.0003      |
|    loss                 | -0.0706     |
|    n_updates            | 570         |
|    policy_gradient_loss | -0.0427     |
|    value_loss           | 0.00114     |
-----------------------------------------
[Eval @30000] R=7.2±2.2 CR=0.300 Spd=21.6 LC=13.6 SR=0.700
-----------------------------------------
| rollout/                |             |
|    ep_len_mean          | 108         |
|    ep_rew_mean          | 94.1        |
| time/                   |             |
|    fps                  | 32          |
|    iterations           | 59          |
|    time_elapsed         | 926         |
|    total_timesteps      | 30208       |
| train/                  |             |
|    approx_kl            | 0.021870166 |
|    clip_fraction        | 0.194       |
|    clip_range           | 0.2         |
|    entropy_loss         | -0.978      |
|    explained_variance   | 0.118       |
|    learning_rate        | 0.0003      |
|    loss                 | -0.0717     |
|    n_updates            | 580         |
|    policy_gradient_loss | -0.0473     |
|    value_loss           | 0.00145     |
-----------------------------------------
-----------------------------------------
| rollout/                |             |
|    ep_len_mean          | 107         |
|    ep_rew_mean          | 93.9        |
| time/                   |             |
|    fps                  | 32          |
|    iterations           | 60          |
|    time_elapsed         | 932         |
|    total_timesteps      | 30720       |
| train/                  |             |
|    approx_kl            | 0.023101132 |
|    clip_fraction        | 0.179       |
|    clip_range           | 0.2         |
|    entropy_loss         | -0.979      |
|    explained_variance   | -1.57       |
|    learning_rate        | 0.0003      |
|    loss                 | -0.0872     |
|    n_updates            | 590         |
|    policy_gradient_loss | -0.0549     |
|    value_loss           | 0.00121     |
-----------------------------------------
-----------------------------------------
| rollout/                |             |
|    ep_len_mean          | 109         |
|    ep_rew_mean          | 95.4        |
| time/                   |             |
|    fps                  | 33          |
|    iterations           | 61          |
|    time_elapsed         | 939         |
|    total_timesteps      | 31232       |
| train/                  |             |
|    approx_kl            | 0.023462959 |
|    clip_fraction        | 0.219       |
|    clip_range           | 0.2         |
|    entropy_loss         | -0.96       |
|    explained_variance   | -0.228      |
|    learning_rate        | 0.0003      |
|    loss                 | -0.0955     |
|    n_updates            | 600         |
|    policy_gradient_loss | -0.0542     |
|    value_loss           | 0.00122     |
-----------------------------------------
-----------------------------------------
| rollout/                |             |
|    ep_len_mean          | 109         |
|    ep_rew_mean          | 95.1        |
| time/                   |             |
|    fps                  | 33          |
|    iterations           | 62          |
|    time_elapsed         | 945         |
|    total_timesteps      | 31744       |
| train/                  |             |
|    approx_kl            | 0.020824593 |
|    clip_fraction        | 0.188       |
|    clip_range           | 0.2         |
|    entropy_loss         | -0.988      |
|    explained_variance   | -1.04       |
|    learning_rate        | 0.0003      |
|    loss                 | -0.0776     |
|    n_updates            | 610         |
|    policy_gradient_loss | -0.0482     |
|    value_loss           | 0.00147     |
-----------------------------------------
-----------------------------------------
| rollout/                |             |
|    ep_len_mean          | 110         |
|    ep_rew_mean          | 96.4        |
| time/                   |             |
|    fps                  | 33          |
|    iterations           | 63          |
|    time_elapsed         | 952         |
|    total_timesteps      | 32256       |
| train/                  |             |
|    approx_kl            | 0.021622375 |
|    clip_fraction        | 0.161       |
|    clip_range           | 0.2         |
|    entropy_loss         | -0.945      |
|    explained_variance   | -0.381      |
|    learning_rate        | 0.0003      |
|    loss                 | -0.0785     |
|    n_updates            | 620         |
|    policy_gradient_loss | -0.0471     |
|    value_loss           | 0.00131     |
-----------------------------------------
-----------------------------------------
| rollout/                |             |
|    ep_len_mean          | 109         |
|    ep_rew_mean          | 95.3        |
| time/                   |             |
|    fps                  | 34          |
|    iterations           | 64          |
|    time_elapsed         | 958         |
|    total_timesteps      | 32768       |
| train/                  |             |
|    approx_kl            | 0.016826112 |
|    clip_fraction        | 0.159       |
|    clip_range           | 0.2         |
|    entropy_loss         | -0.922      |
|    explained_variance   | -0.0566     |
|    learning_rate        | 0.0003      |
|    loss                 | -0.0794     |
|    n_updates            | 630         |
|    policy_gradient_loss | -0.0453     |
|    value_loss           | 0.00136     |
-----------------------------------------
-----------------------------------------
| rollout/                |             |
|    ep_len_mean          | 108         |
|    ep_rew_mean          | 95.1        |
| time/                   |             |
|    fps                  | 34          |
|    iterations           | 65          |
|    time_elapsed         | 965         |
|    total_timesteps      | 33280       |
| train/                  |             |
|    approx_kl            | 0.024605365 |
|    clip_fraction        | 0.197       |
|    clip_range           | 0.2         |
|    entropy_loss         | -0.889      |
|    explained_variance   | -0.473      |
|    learning_rate        | 0.0003      |
|    loss                 | -0.0817     |
|    n_updates            | 640         |
|    policy_gradient_loss | -0.0535     |
|    value_loss           | 0.0012      |
-----------------------------------------
-----------------------------------------
| rollout/                |             |
|    ep_len_mean          | 107         |
|    ep_rew_mean          | 93.8        |
| time/                   |             |
|    fps                  | 34          |
|    iterations           | 66          |
|    time_elapsed         | 971         |
|    total_timesteps      | 33792       |
| train/                  |             |
|    approx_kl            | 0.023987249 |
|    clip_fraction        | 0.222       |
|    clip_range           | 0.2         |
|    entropy_loss         | -0.897      |
|    explained_variance   | -0.0201     |
|    learning_rate        | 0.0003      |
|    loss                 | -0.0999     |
|    n_updates            | 650         |
|    policy_gradient_loss | -0.0541     |
|    value_loss           | 0.00094     |
-----------------------------------------
-----------------------------------------
| rollout/                |             |
|    ep_len_mean          | 109         |
|    ep_rew_mean          | 95.9        |
| time/                   |             |
|    fps                  | 35          |
|    iterations           | 67          |
|    time_elapsed         | 977         |
|    total_timesteps      | 34304       |
| train/                  |             |
|    approx_kl            | 0.019788602 |
|    clip_fraction        | 0.167       |
|    clip_range           | 0.2         |
|    entropy_loss         | -0.892      |
|    explained_variance   | -0.405      |
|    learning_rate        | 0.0003      |
|    loss                 | -0.0764     |
|    n_updates            | 660         |
|    policy_gradient_loss | -0.0461     |
|    value_loss           | 0.00119     |
-----------------------------------------
---------------------------------------
| rollout/                |           |
|    ep_len_mean          | 110       |
|    ep_rew_mean          | 96.9      |
| time/                   |           |
|    fps                  | 35        |
|    iterations           | 68        |
|    time_elapsed         | 984       |
|    total_timesteps      | 34816     |
| train/                  |           |
|    approx_kl            | 0.0259884 |
|    clip_fraction        | 0.209     |
|    clip_range           | 0.2       |
|    entropy_loss         | -0.876    |
|    explained_variance   | -0.67     |
|    learning_rate        | 0.0003    |
|    loss                 | -0.0669   |
|    n_updates            | 670       |
|    policy_gradient_loss | -0.0533   |
|    value_loss           | 0.000911  |
---------------------------------------
[Eval @35000] R=7.9±1.8 CR=0.100 Spd=21.9 LC=25.7 SR=0.900
-----------------------------------------
| rollout/                |             |
|    ep_len_mean          | 113         |
|    ep_rew_mean          | 99.3        |
| time/                   |             |
|    fps                  | 34          |
|    iterations           | 69          |
|    time_elapsed         | 1013        |
|    total_timesteps      | 35328       |
| train/                  |             |
|    approx_kl            | 0.026468309 |
|    clip_fraction        | 0.212       |
|    clip_range           | 0.2         |
|    entropy_loss         | -0.899      |
|    explained_variance   | -11.9       |
|    learning_rate        | 0.0003      |
|    loss                 | -0.114      |
|    n_updates            | 680         |
|    policy_gradient_loss | -0.0553     |
|    value_loss           | 0.000513    |
-----------------------------------------
-----------------------------------------
| rollout/                |             |
|    ep_len_mean          | 116         |
|    ep_rew_mean          | 102         |
| time/                   |             |
|    fps                  | 35          |
|    iterations           | 70          |
|    time_elapsed         | 1020        |
|    total_timesteps      | 35840       |
| train/                  |             |
|    approx_kl            | 0.020527558 |
|    clip_fraction        | 0.165       |
|    clip_range           | 0.2         |
|    entropy_loss         | -0.785      |
|    explained_variance   | -1.93       |
|    learning_rate        | 0.0003      |
|    loss                 | -0.0703     |
|    n_updates            | 690         |
|    policy_gradient_loss | -0.0415     |
|    value_loss           | 0.000793    |
-----------------------------------------
-----------------------------------------
| rollout/                |             |
|    ep_len_mean          | 118         |
|    ep_rew_mean          | 104         |
| time/                   |             |
|    fps                  | 35          |
|    iterations           | 71          |
|    time_elapsed         | 1027        |
|    total_timesteps      | 36352       |
| train/                  |             |
|    approx_kl            | 0.025856573 |
|    clip_fraction        | 0.199       |
|    clip_range           | 0.2         |
|    entropy_loss         | -0.828      |
|    explained_variance   | -1.78       |
|    learning_rate        | 0.0003      |
|    loss                 | -0.0679     |
|    n_updates            | 700         |
|    policy_gradient_loss | -0.0503     |
|    value_loss           | 0.000703    |
-----------------------------------------
-----------------------------------------
| rollout/                |             |
|    ep_len_mean          | 119         |
|    ep_rew_mean          | 105         |
| time/                   |             |
|    fps                  | 35          |
|    iterations           | 72          |
|    time_elapsed         | 1034        |
|    total_timesteps      | 36864       |
| train/                  |             |
|    approx_kl            | 0.023480102 |
|    clip_fraction        | 0.183       |
|    clip_range           | 0.2         |
|    entropy_loss         | -0.896      |
|    explained_variance   | -0.889      |
|    learning_rate        | 0.0003      |
|    loss                 | -0.0722     |
|    n_updates            | 710         |
|    policy_gradient_loss | -0.0504     |
|    value_loss           | 0.000814    |
-----------------------------------------
-----------------------------------------
| rollout/                |             |
|    ep_len_mean          | 120         |
|    ep_rew_mean          | 106         |
| time/                   |             |
|    fps                  | 35          |
|    iterations           | 73          |
|    time_elapsed         | 1054        |
|    total_timesteps      | 37376       |
| train/                  |             |
|    approx_kl            | 0.028891515 |
|    clip_fraction        | 0.226       |
|    clip_range           | 0.2         |
|    entropy_loss         | -0.868      |
|    explained_variance   | -0.861      |
|    learning_rate        | 0.0003      |
|    loss                 | -0.059      |
|    n_updates            | 720         |
|    policy_gradient_loss | -0.0511     |
|    value_loss           | 0.000487    |
-----------------------------------------
----------------------------------------
| rollout/                |            |
|    ep_len_mean          | 124        |
|    ep_rew_mean          | 109        |
| time/                   |            |
|    fps                  | 35         |
|    iterations           | 74         |
|    time_elapsed         | 1074       |
|    total_timesteps      | 37888      |
| train/                  |            |
|    approx_kl            | 0.02166643 |
|    clip_fraction        | 0.199      |
|    clip_range           | 0.2        |
|    entropy_loss         | -0.905     |
|    explained_variance   | -0.187     |
|    learning_rate        | 0.0003     |
|    loss                 | -0.062     |
|    n_updates            | 730        |
|    policy_gradient_loss | -0.0472    |
|    value_loss           | 0.00108    |
----------------------------------------
-----------------------------------------
| rollout/                |             |
|    ep_len_mean          | 124         |
|    ep_rew_mean          | 110         |
| time/                   |             |
|    fps                  | 35          |
|    iterations           | 75          |
|    time_elapsed         | 1094        |
|    total_timesteps      | 38400       |
| train/                  |             |
|    approx_kl            | 0.020973248 |
|    clip_fraction        | 0.164       |
|    clip_range           | 0.2         |
|    entropy_loss         | -0.839      |
|    explained_variance   | -1.63       |
|    learning_rate        | 0.0003      |
|    loss                 | -0.0987     |
|    n_updates            | 740         |
|    policy_gradient_loss | -0.0444     |
|    value_loss           | 0.00089     |
-----------------------------------------
-----------------------------------------
| rollout/                |             |
|    ep_len_mean          | 124         |
|    ep_rew_mean          | 110         |
| time/                   |             |
|    fps                  | 34          |
|    iterations           | 76          |
|    time_elapsed         | 1115        |
|    total_timesteps      | 38912       |
| train/                  |             |
|    approx_kl            | 0.014985548 |
|    clip_fraction        | 0.136       |
|    clip_range           | 0.2         |
|    entropy_loss         | -0.87       |
|    explained_variance   | -0.472      |
|    learning_rate        | 0.0003      |
|    loss                 | -0.04       |
|    n_updates            | 750         |
|    policy_gradient_loss | -0.0391     |
|    value_loss           | 0.000701    |
-----------------------------------------
----------------------------------------
| rollout/                |            |
|    ep_len_mean          | 126        |
|    ep_rew_mean          | 112        |
| time/                   |            |
|    fps                  | 34         |
|    iterations           | 77         |
|    time_elapsed         | 1135       |
|    total_timesteps      | 39424      |
| train/                  |            |
|    approx_kl            | 0.03183394 |
|    clip_fraction        | 0.214      |
|    clip_range           | 0.2        |
|    entropy_loss         | -0.868     |
|    explained_variance   | -0.387     |
|    learning_rate        | 0.0003     |
|    loss                 | -0.101     |
|    n_updates            | 760        |
|    policy_gradient_loss | -0.0565    |
|    value_loss           | 0.00131    |
----------------------------------------
-----------------------------------------
| rollout/                |             |
|    ep_len_mean          | 128         |
|    ep_rew_mean          | 114         |
| time/                   |             |
|    fps                  | 34          |
|    iterations           | 78          |
|    time_elapsed         | 1155        |
|    total_timesteps      | 39936       |
| train/                  |             |
|    approx_kl            | 0.029184343 |
|    clip_fraction        | 0.201       |
|    clip_range           | 0.2         |
|    entropy_loss         | -0.886      |
|    explained_variance   | -1.8        |
|    learning_rate        | 0.0003      |
|    loss                 | -0.0657     |
|    n_updates            | 770         |
|    policy_gradient_loss | -0.0522     |
|    value_loss           | 0.00088     |
-----------------------------------------
[Eval @40000] R=7.0±2.4 CR=0.300 Spd=21.9 LC=24.8 SR=0.700
-----------------------------------------
| rollout/                |             |
|    ep_len_mean          | 130         |
|    ep_rew_mean          | 115         |
| time/                   |             |
|    fps                  | 32          |
|    iterations           | 79          |
|    time_elapsed         | 1241        |
|    total_timesteps      | 40448       |
| train/                  |             |
|    approx_kl            | 0.025689643 |
|    clip_fraction        | 0.206       |
|    clip_range           | 0.2         |
|    entropy_loss         | -0.823      |
|    explained_variance   | -1.09       |
|    learning_rate        | 0.0003      |
|    loss                 | -0.0937     |
|    n_updates            | 780         |
|    policy_gradient_loss | -0.0553     |
|    value_loss           | 0.000942    |
-----------------------------------------
-----------------------------------------
| rollout/                |             |
|    ep_len_mean          | 130         |
|    ep_rew_mean          | 116         |
| time/                   |             |
|    fps                  | 32          |
|    iterations           | 80          |
|    time_elapsed         | 1253        |
|    total_timesteps      | 40960       |
| train/                  |             |
|    approx_kl            | 0.024681965 |
|    clip_fraction        | 0.187       |
|    clip_range           | 0.2         |
|    entropy_loss         | -0.834      |
|    explained_variance   | -0.954      |
|    learning_rate        | 0.0003      |
|    loss                 | -0.0932     |
|    n_updates            | 790         |
|    policy_gradient_loss | -0.049      |
|    value_loss           | 0.000975    |
-----------------------------------------
-----------------------------------------
| rollout/                |             |
|    ep_len_mean          | 133         |
|    ep_rew_mean          | 118         |
| time/                   |             |
|    fps                  | 32          |
|    iterations           | 81          |
|    time_elapsed         | 1261        |
|    total_timesteps      | 41472       |
| train/                  |             |
|    approx_kl            | 0.019566432 |
|    clip_fraction        | 0.195       |
|    clip_range           | 0.2         |
|    entropy_loss         | -0.845      |
|    explained_variance   | 0.145       |
|    learning_rate        | 0.0003      |
|    loss                 | -0.0869     |
|    n_updates            | 800         |
|    policy_gradient_loss | -0.0493     |
|    value_loss           | 0.00133     |
-----------------------------------------
----------------------------------------
| rollout/                |            |
|    ep_len_mean          | 132        |
|    ep_rew_mean          | 118        |
| time/                   |            |
|    fps                  | 33         |
|    iterations           | 82         |
|    time_elapsed         | 1268       |
|    total_timesteps      | 41984      |
| train/                  |            |
|    approx_kl            | 0.02433156 |
|    clip_fraction        | 0.174      |
|    clip_range           | 0.2        |
|    entropy_loss         | -0.808     |
|    explained_variance   | -1.64      |
|    learning_rate        | 0.0003     |
|    loss                 | -0.0832    |
|    n_updates            | 810        |
|    policy_gradient_loss | -0.0466    |
|    value_loss           | 0.000677   |
----------------------------------------
-----------------------------------------
| rollout/                |             |
|    ep_len_mean          | 132         |
|    ep_rew_mean          | 118         |
| time/                   |             |
|    fps                  | 33          |
|    iterations           | 83          |
|    time_elapsed         | 1276        |
|    total_timesteps      | 42496       |
| train/                  |             |
|    approx_kl            | 0.026025878 |
|    clip_fraction        | 0.2         |
|    clip_range           | 0.2         |
|    entropy_loss         | -0.819      |
|    explained_variance   | -0.00442    |
|    learning_rate        | 0.0003      |
|    loss                 | -0.0779     |
|    n_updates            | 820         |
|    policy_gradient_loss | -0.0487     |
|    value_loss           | 0.00113     |
-----------------------------------------
-----------------------------------------
| rollout/                |             |
|    ep_len_mean          | 134         |
|    ep_rew_mean          | 119         |
| time/                   |             |
|    fps                  | 33          |
|    iterations           | 84          |
|    time_elapsed         | 1282        |
|    total_timesteps      | 43008       |
| train/                  |             |
|    approx_kl            | 0.024493769 |
|    clip_fraction        | 0.187       |
|    clip_range           | 0.2         |
|    entropy_loss         | -0.849      |
|    explained_variance   | -0.0392     |
|    learning_rate        | 0.0003      |
|    loss                 | -0.0796     |
|    n_updates            | 830         |
|    policy_gradient_loss | -0.0495     |
|    value_loss           | 0.000635    |
-----------------------------------------
-----------------------------------------
| rollout/                |             |
|    ep_len_mean          | 134         |
|    ep_rew_mean          | 120         |
| time/                   |             |
|    fps                  | 33          |
|    iterations           | 85          |
|    time_elapsed         | 1289        |
|    total_timesteps      | 43520       |
| train/                  |             |
|    approx_kl            | 0.020706449 |
|    clip_fraction        | 0.181       |
|    clip_range           | 0.2         |
|    entropy_loss         | -0.876      |
|    explained_variance   | 0.0418      |
|    learning_rate        | 0.0003      |
|    loss                 | -0.0904     |
|    n_updates            | 840         |
|    policy_gradient_loss | -0.0474     |
|    value_loss           | 0.000953    |
-----------------------------------------
----------------------------------------
| rollout/                |            |
|    ep_len_mean          | 134        |
|    ep_rew_mean          | 119        |
| time/                   |            |
|    fps                  | 33         |
|    iterations           | 86         |
|    time_elapsed         | 1298       |
|    total_timesteps      | 44032      |
| train/                  |            |
|    approx_kl            | 0.02402207 |
|    clip_fraction        | 0.205      |
|    clip_range           | 0.2        |
|    entropy_loss         | -0.9       |
|    explained_variance   | -0.877     |
|    learning_rate        | 0.0003     |
|    loss                 | -0.0582    |
|    n_updates            | 850        |
|    policy_gradient_loss | -0.0474    |
|    value_loss           | 0.000532   |
----------------------------------------
----------------------------------------
| rollout/                |            |
|    ep_len_mean          | 133        |
|    ep_rew_mean          | 119        |
| time/                   |            |
|    fps                  | 34         |
|    iterations           | 87         |
|    time_elapsed         | 1306       |
|    total_timesteps      | 44544      |
| train/                  |            |
|    approx_kl            | 0.02496096 |
|    clip_fraction        | 0.179      |
|    clip_range           | 0.2        |
|    entropy_loss         | -0.877     |
|    explained_variance   | -0.0735    |
|    learning_rate        | 0.0003     |
|    loss                 | -0.0863    |
|    n_updates            | 860        |
|    policy_gradient_loss | -0.0493    |
|    value_loss           | 0.00082    |
----------------------------------------
[Eval @45000] R=7.0±2.3 CR=0.300 Spd=22.1 LC=23.5 SR=0.700
-----------------------------------------
| rollout/                |             |
|    ep_len_mean          | 134         |
|    ep_rew_mean          | 120         |
| time/                   |             |
|    fps                  | 33          |
|    iterations           | 88          |
|    time_elapsed         | 1339        |
|    total_timesteps      | 45056       |
| train/                  |             |
|    approx_kl            | 0.016917158 |
|    clip_fraction        | 0.178       |
|    clip_range           | 0.2         |
|    entropy_loss         | -0.87       |
|    explained_variance   | 0.0397      |
|    learning_rate        | 0.0003      |
|    loss                 | -0.0669     |
|    n_updates            | 870         |
|    policy_gradient_loss | -0.038      |
|    value_loss           | 0.000928    |
-----------------------------------------
-----------------------------------------
| rollout/                |             |
|    ep_len_mean          | 134         |
|    ep_rew_mean          | 120         |
| time/                   |             |
|    fps                  | 33          |
|    iterations           | 89          |
|    time_elapsed         | 1346        |
|    total_timesteps      | 45568       |
| train/                  |             |
|    approx_kl            | 0.031333715 |
|    clip_fraction        | 0.23        |
|    clip_range           | 0.2         |
|    entropy_loss         | -0.856      |
|    explained_variance   | -0.833      |
|    learning_rate        | 0.0003      |
|    loss                 | -0.0924     |
|    n_updates            | 880         |
|    policy_gradient_loss | -0.0502     |
|    value_loss           | 0.000784    |
-----------------------------------------
-----------------------------------------
| rollout/                |             |
|    ep_len_mean          | 138         |
|    ep_rew_mean          | 124         |
| time/                   |             |
|    fps                  | 34          |
|    iterations           | 90          |
|    time_elapsed         | 1352        |
|    total_timesteps      | 46080       |
| train/                  |             |
|    approx_kl            | 0.029224083 |
|    clip_fraction        | 0.22        |
|    clip_range           | 0.2         |
|    entropy_loss         | -0.861      |
|    explained_variance   | 0.353       |
|    learning_rate        | 0.0003      |
|    loss                 | -0.0696     |
|    n_updates            | 890         |
|    policy_gradient_loss | -0.0445     |
|    value_loss           | 0.000434    |
-----------------------------------------
-----------------------------------------
| rollout/                |             |
|    ep_len_mean          | 137         |
|    ep_rew_mean          | 124         |
| time/                   |             |
|    fps                  | 34          |
|    iterations           | 91          |
|    time_elapsed         | 1361        |
|    total_timesteps      | 46592       |
| train/                  |             |
|    approx_kl            | 0.024812518 |
|    clip_fraction        | 0.191       |
|    clip_range           | 0.2         |
|    entropy_loss         | -0.817      |
|    explained_variance   | -0.512      |
|    learning_rate        | 0.0003      |
|    loss                 | -0.0849     |
|    n_updates            | 900         |
|    policy_gradient_loss | -0.0475     |
|    value_loss           | 0.00062     |
-----------------------------------------
-----------------------------------------
| rollout/                |             |
|    ep_len_mean          | 138         |
|    ep_rew_mean          | 124         |
| time/                   |             |
|    fps                  | 34          |
|    iterations           | 92          |
|    time_elapsed         | 1367        |
|    total_timesteps      | 47104       |
| train/                  |             |
|    approx_kl            | 0.025241528 |
|    clip_fraction        | 0.199       |
|    clip_range           | 0.2         |
|    entropy_loss         | -0.793      |
|    explained_variance   | -0.43       |
|    learning_rate        | 0.0003      |
|    loss                 | -0.0519     |
|    n_updates            | 910         |
|    policy_gradient_loss | -0.0412     |
|    value_loss           | 0.000701    |
-----------------------------------------
-----------------------------------------
| rollout/                |             |
|    ep_len_mean          | 138         |
|    ep_rew_mean          | 125         |
| time/                   |             |
|    fps                  | 34          |
|    iterations           | 93          |
|    time_elapsed         | 1374        |
|    total_timesteps      | 47616       |
| train/                  |             |
|    approx_kl            | 0.021010943 |
|    clip_fraction        | 0.183       |
|    clip_range           | 0.2         |
|    entropy_loss         | -0.756      |
|    explained_variance   | 0.0951      |
|    learning_rate        | 0.0003      |
|    loss                 | -0.0915     |
|    n_updates            | 920         |
|    policy_gradient_loss | -0.0468     |
|    value_loss           | 0.00146     |
-----------------------------------------
-----------------------------------------
| rollout/                |             |
|    ep_len_mean          | 140         |
|    ep_rew_mean          | 126         |
| time/                   |             |
|    fps                  | 34          |
|    iterations           | 94          |
|    time_elapsed         | 1381        |
|    total_timesteps      | 48128       |
| train/                  |             |
|    approx_kl            | 0.027572135 |
|    clip_fraction        | 0.208       |
|    clip_range           | 0.2         |
|    entropy_loss         | -0.773      |
|    explained_variance   | -1.74       |
|    learning_rate        | 0.0003      |
|    loss                 | -0.0858     |
|    n_updates            | 930         |
|    policy_gradient_loss | -0.0487     |
|    value_loss           | 0.000703    |
-----------------------------------------
-----------------------------------------
| rollout/                |             |
|    ep_len_mean          | 137         |
|    ep_rew_mean          | 123         |
| time/                   |             |
|    fps                  | 35          |
|    iterations           | 95          |
|    time_elapsed         | 1387        |
|    total_timesteps      | 48640       |
| train/                  |             |
|    approx_kl            | 0.020063182 |
|    clip_fraction        | 0.185       |
|    clip_range           | 0.2         |
|    entropy_loss         | -0.78       |
|    explained_variance   | -1.38       |
|    learning_rate        | 0.0003      |
|    loss                 | -0.0682     |
|    n_updates            | 940         |
|    policy_gradient_loss | -0.0448     |
|    value_loss           | 0.000586    |
-----------------------------------------
-----------------------------------------
| rollout/                |             |
|    ep_len_mean          | 135         |
|    ep_rew_mean          | 122         |
| time/                   |             |
|    fps                  | 35          |
|    iterations           | 96          |
|    time_elapsed         | 1394        |
|    total_timesteps      | 49152       |
| train/                  |             |
|    approx_kl            | 0.020414127 |
|    clip_fraction        | 0.16        |
|    clip_range           | 0.2         |
|    entropy_loss         | -0.75       |
|    explained_variance   | -0.145      |
|    learning_rate        | 0.0003      |
|    loss                 | -0.0566     |
|    n_updates            | 950         |
|    policy_gradient_loss | -0.0372     |
|    value_loss           | 0.000573    |
-----------------------------------------
-----------------------------------------
| rollout/                |             |
|    ep_len_mean          | 133         |
|    ep_rew_mean          | 120         |
| time/                   |             |
|    fps                  | 35          |
|    iterations           | 97          |
|    time_elapsed         | 1400        |
|    total_timesteps      | 49664       |
| train/                  |             |
|    approx_kl            | 0.028674219 |
|    clip_fraction        | 0.205       |
|    clip_range           | 0.2         |
|    entropy_loss         | -0.782      |
|    explained_variance   | -0.909      |
|    learning_rate        | 0.0003      |
|    loss                 | -0.095      |
|    n_updates            | 960         |
|    policy_gradient_loss | -0.0533     |
|    value_loss           | 0.000775    |
-----------------------------------------
[Eval @50000] R=7.4±2.3 CR=0.200 Spd=22.2 LC=35.1 SR=0.800
-----------------------------------------
| rollout/                |             |
|    ep_len_mean          | 132         |
|    ep_rew_mean          | 119         |
| time/                   |             |
|    fps                  | 35          |
|    iterations           | 98          |
|    time_elapsed         | 1428        |
|    total_timesteps      | 50176       |
| train/                  |             |
|    approx_kl            | 0.029822666 |
|    clip_fraction        | 0.203       |
|    clip_range           | 0.2         |
|    entropy_loss         | -0.768      |
|    explained_variance   | 0.136       |
|    learning_rate        | 0.0003      |
|    loss                 | -0.0784     |
|    n_updates            | 970         |
|    policy_gradient_loss | -0.0427     |
|    value_loss           | 0.000782    |
-----------------------------------------
[PPO] Done. Model: ./logs/ppo/aggressive/seed_1024/final_model.zip
