[WARNING] GrayscaleImage not available, falling back to OccupancyGrid.
[PPO] reward=comfort seed=42 steps=50000 policy=MlpPolicy
[PPO] run_dir=./logs/ppo/comfort/seed_42
[WARNING] GrayscaleImage not available, falling back to OccupancyGrid.
[WARNING] GrayscaleImage not available, falling back to OccupancyGrid.
Using cpu device
Logging to ./logs/ppo/comfort/seed_42/ppo_comfort_seed42_1
---------------------------------
| rollout/           |          |
|    ep_len_mean     | 49.6     |
|    ep_rew_mean     | 4.76     |
| time/              |          |
|    fps             | 40       |
|    iterations      | 1        |
|    time_elapsed    | 12       |
|    total_timesteps | 512      |
---------------------------------
------------------------------------------
| rollout/                |              |
|    ep_len_mean          | 52.4         |
|    ep_rew_mean          | 5.58         |
| time/                   |              |
|    fps                  | 31           |
|    iterations           | 2            |
|    time_elapsed         | 32           |
|    total_timesteps      | 1024         |
| train/                  |              |
|    approx_kl            | 0.0048951567 |
|    clip_fraction        | 0.00918      |
|    clip_range           | 0.2          |
|    entropy_loss         | -1.61        |
|    explained_variance   | -0.616       |
|    learning_rate        | 0.0003       |
|    loss                 | -0.0274      |
|    n_updates            | 10           |
|    policy_gradient_loss | -0.0219      |
|    value_loss           | 0.664        |
------------------------------------------
-----------------------------------------
| rollout/                |             |
|    ep_len_mean          | 44.9        |
|    ep_rew_mean          | 3.56        |
| time/                   |             |
|    fps                  | 28          |
|    iterations           | 3           |
|    time_elapsed         | 53          |
|    total_timesteps      | 1536        |
| train/                  |             |
|    approx_kl            | 0.010520699 |
|    clip_fraction        | 0.065       |
|    clip_range           | 0.2         |
|    entropy_loss         | -1.6        |
|    explained_variance   | -0.295      |
|    learning_rate        | 0.0003      |
|    loss                 | -0.0787     |
|    n_updates            | 20          |
|    policy_gradient_loss | -0.0371     |
|    value_loss           | 0.0932      |
-----------------------------------------
------------------------------------------
| rollout/                |              |
|    ep_len_mean          | 49.8         |
|    ep_rew_mean          | 5.12         |
| time/                   |              |
|    fps                  | 27           |
|    iterations           | 4            |
|    time_elapsed         | 73           |
|    total_timesteps      | 2048         |
| train/                  |              |
|    approx_kl            | 0.0105614625 |
|    clip_fraction        | 0.0648       |
|    clip_range           | 0.2          |
|    entropy_loss         | -1.59        |
|    explained_variance   | 0.142        |
|    learning_rate        | 0.0003       |
|    loss                 | -0.0758      |
|    n_updates            | 30           |
|    policy_gradient_loss | -0.043       |
|    value_loss           | 0.131        |
------------------------------------------
-----------------------------------------
| rollout/                |             |
|    ep_len_mean          | 47.6        |
|    ep_rew_mean          | 4.59        |
| time/                   |             |
|    fps                  | 27          |
|    iterations           | 5           |
|    time_elapsed         | 93          |
|    total_timesteps      | 2560        |
| train/                  |             |
|    approx_kl            | 0.008870978 |
|    clip_fraction        | 0.0533      |
|    clip_range           | 0.2         |
|    entropy_loss         | -1.58       |
|    explained_variance   | -0.111      |
|    learning_rate        | 0.0003      |
|    loss                 | -0.0527     |
|    n_updates            | 40          |
|    policy_gradient_loss | -0.039      |
|    value_loss           | 0.0675      |
-----------------------------------------
-----------------------------------------
| rollout/                |             |
|    ep_len_mean          | 50.2        |
|    ep_rew_mean          | 5.38        |
| time/                   |             |
|    fps                  | 30          |
|    iterations           | 6           |
|    time_elapsed         | 100         |
|    total_timesteps      | 3072        |
| train/                  |             |
|    approx_kl            | 0.009353291 |
|    clip_fraction        | 0.0732      |
|    clip_range           | 0.2         |
|    entropy_loss         | -1.57       |
|    explained_variance   | 0.23        |
|    learning_rate        | 0.0003      |
|    loss                 | -0.0753     |
|    n_updates            | 50          |
|    policy_gradient_loss | -0.0395     |
|    value_loss           | 0.0901      |
-----------------------------------------
-----------------------------------------
| rollout/                |             |
|    ep_len_mean          | 51.5        |
|    ep_rew_mean          | 5.77        |
| time/                   |             |
|    fps                  | 30          |
|    iterations           | 7           |
|    time_elapsed         | 117         |
|    total_timesteps      | 3584        |
| train/                  |             |
|    approx_kl            | 0.014068617 |
|    clip_fraction        | 0.106       |
|    clip_range           | 0.2         |
|    entropy_loss         | -1.55       |
|    explained_variance   | 0.0335      |
|    learning_rate        | 0.0003      |
|    loss                 | -0.111      |
|    n_updates            | 60          |
|    policy_gradient_loss | -0.0548     |
|    value_loss           | 0.0576      |
-----------------------------------------
-----------------------------------------
| rollout/                |             |
|    ep_len_mean          | 55.1        |
|    ep_rew_mean          | 7.05        |
| time/                   |             |
|    fps                  | 29          |
|    iterations           | 8           |
|    time_elapsed         | 137         |
|    total_timesteps      | 4096        |
| train/                  |             |
|    approx_kl            | 0.014951797 |
|    clip_fraction        | 0.123       |
|    clip_range           | 0.2         |
|    entropy_loss         | -1.53       |
|    explained_variance   | -0.176      |
|    learning_rate        | 0.0003      |
|    loss                 | -0.0951     |
|    n_updates            | 70          |
|    policy_gradient_loss | -0.0533     |
|    value_loss           | 0.0558      |
-----------------------------------------
------------------------------------------
| rollout/                |              |
|    ep_len_mean          | 59.3         |
|    ep_rew_mean          | 8.34         |
| time/                   |              |
|    fps                  | 31           |
|    iterations           | 9            |
|    time_elapsed         | 144          |
|    total_timesteps      | 4608         |
| train/                  |              |
|    approx_kl            | 0.0130905835 |
|    clip_fraction        | 0.118        |
|    clip_range           | 0.2          |
|    entropy_loss         | -1.52        |
|    explained_variance   | -0.114       |
|    learning_rate        | 0.0003       |
|    loss                 | -0.0729      |
|    n_updates            | 80           |
|    policy_gradient_loss | -0.051       |
|    value_loss           | 0.0383       |
------------------------------------------
[Eval @5000] NEW BEST mean_reward=7.580
[Eval @5000] R=7.6±6.7 CR=0.400 Spd=21.8 LC=30.9 SR=0.600
------------------------------------------
| rollout/                |              |
|    ep_len_mean          | 62.6         |
|    ep_rew_mean          | 9.46         |
| time/                   |              |
|    fps                  | 23           |
|    iterations           | 10           |
|    time_elapsed         | 218          |
|    total_timesteps      | 5120         |
| train/                  |              |
|    approx_kl            | 0.0150254965 |
|    clip_fraction        | 0.124        |
|    clip_range           | 0.2          |
|    entropy_loss         | -1.51        |
|    explained_variance   | -0.583       |
|    learning_rate        | 0.0003       |
|    loss                 | -0.119       |
|    n_updates            | 90           |
|    policy_gradient_loss | -0.0551      |
|    value_loss           | 0.0329       |
------------------------------------------
-----------------------------------------
| rollout/                |             |
|    ep_len_mean          | 66.1        |
|    ep_rew_mean          | 10.6        |
| time/                   |             |
|    fps                  | 23          |
|    iterations           | 11          |
|    time_elapsed         | 238         |
|    total_timesteps      | 5632        |
| train/                  |             |
|    approx_kl            | 0.017268386 |
|    clip_fraction        | 0.155       |
|    clip_range           | 0.2         |
|    entropy_loss         | -1.49       |
|    explained_variance   | -0.843      |
|    learning_rate        | 0.0003      |
|    loss                 | -0.0897     |
|    n_updates            | 100         |
|    policy_gradient_loss | -0.0549     |
|    value_loss           | 0.027       |
-----------------------------------------
----------------------------------------
| rollout/                |            |
|    ep_len_mean          | 65.2       |
|    ep_rew_mean          | 10.4       |
| time/                   |            |
|    fps                  | 23         |
|    iterations           | 12         |
|    time_elapsed         | 258        |
|    total_timesteps      | 6144       |
| train/                  |            |
|    approx_kl            | 0.01964286 |
|    clip_fraction        | 0.178      |
|    clip_range           | 0.2        |
|    entropy_loss         | -1.45      |
|    explained_variance   | -0.833     |
|    learning_rate        | 0.0003     |
|    loss                 | -0.112     |
|    n_updates            | 110        |
|    policy_gradient_loss | -0.0571    |
|    value_loss           | 0.0281     |
----------------------------------------
----------------------------------------
| rollout/                |            |
|    ep_len_mean          | 65.8       |
|    ep_rew_mean          | 10.8       |
| time/                   |            |
|    fps                  | 23         |
|    iterations           | 13         |
|    time_elapsed         | 278        |
|    total_timesteps      | 6656       |
| train/                  |            |
|    approx_kl            | 0.01590066 |
|    clip_fraction        | 0.135      |
|    clip_range           | 0.2        |
|    entropy_loss         | -1.44      |
|    explained_variance   | 0.118      |
|    learning_rate        | 0.0003     |
|    loss                 | -0.0983    |
|    n_updates            | 120        |
|    policy_gradient_loss | -0.0501    |
|    value_loss           | 0.0445     |
----------------------------------------
-----------------------------------------
| rollout/                |             |
|    ep_len_mean          | 69          |
|    ep_rew_mean          | 11.9        |
| time/                   |             |
|    fps                  | 23          |
|    iterations           | 14          |
|    time_elapsed         | 299         |
|    total_timesteps      | 7168        |
| train/                  |             |
|    approx_kl            | 0.019560603 |
|    clip_fraction        | 0.213       |
|    clip_range           | 0.2         |
|    entropy_loss         | -1.42       |
|    explained_variance   | -0.466      |
|    learning_rate        | 0.0003      |
|    loss                 | -0.111      |
|    n_updates            | 130         |
|    policy_gradient_loss | -0.0627     |
|    value_loss           | 0.0365      |
-----------------------------------------
-----------------------------------------
| rollout/                |             |
|    ep_len_mean          | 69.8        |
|    ep_rew_mean          | 12.4        |
| time/                   |             |
|    fps                  | 24          |
|    iterations           | 15          |
|    time_elapsed         | 319         |
|    total_timesteps      | 7680        |
| train/                  |             |
|    approx_kl            | 0.015611379 |
|    clip_fraction        | 0.148       |
|    clip_range           | 0.2         |
|    entropy_loss         | -1.39       |
|    explained_variance   | -0.232      |
|    learning_rate        | 0.0003      |
|    loss                 | -0.0935     |
|    n_updates            | 140         |
|    policy_gradient_loss | -0.0532     |
|    value_loss           | 0.0283      |
-----------------------------------------
-----------------------------------------
| rollout/                |             |
|    ep_len_mean          | 71.1        |
|    ep_rew_mean          | 13          |
| time/                   |             |
|    fps                  | 24          |
|    iterations           | 16          |
|    time_elapsed         | 339         |
|    total_timesteps      | 8192        |
| train/                  |             |
|    approx_kl            | 0.017855514 |
|    clip_fraction        | 0.166       |
|    clip_range           | 0.2         |
|    entropy_loss         | -1.36       |
|    explained_variance   | 0.352       |
|    learning_rate        | 0.0003      |
|    loss                 | -0.0872     |
|    n_updates            | 150         |
|    policy_gradient_loss | -0.0521     |
|    value_loss           | 0.0248      |
-----------------------------------------
-----------------------------------------
| rollout/                |             |
|    ep_len_mean          | 74.5        |
|    ep_rew_mean          | 14.3        |
| time/                   |             |
|    fps                  | 24          |
|    iterations           | 17          |
|    time_elapsed         | 359         |
|    total_timesteps      | 8704        |
| train/                  |             |
|    approx_kl            | 0.020645276 |
|    clip_fraction        | 0.186       |
|    clip_range           | 0.2         |
|    entropy_loss         | -1.33       |
|    explained_variance   | -0.0237     |
|    learning_rate        | 0.0003      |
|    loss                 | -0.106      |
|    n_updates            | 160         |
|    policy_gradient_loss | -0.0578     |
|    value_loss           | 0.0244      |
-----------------------------------------
-----------------------------------------
| rollout/                |             |
|    ep_len_mean          | 78.4        |
|    ep_rew_mean          | 15.7        |
| time/                   |             |
|    fps                  | 24          |
|    iterations           | 18          |
|    time_elapsed         | 380         |
|    total_timesteps      | 9216        |
| train/                  |             |
|    approx_kl            | 0.017235076 |
|    clip_fraction        | 0.163       |
|    clip_range           | 0.2         |
|    entropy_loss         | -1.33       |
|    explained_variance   | 0.00743     |
|    learning_rate        | 0.0003      |
|    loss                 | -0.0809     |
|    n_updates            | 170         |
|    policy_gradient_loss | -0.051      |
|    value_loss           | 0.0248      |
-----------------------------------------
-----------------------------------------
| rollout/                |             |
|    ep_len_mean          | 82.1        |
|    ep_rew_mean          | 17          |
| time/                   |             |
|    fps                  | 24          |
|    iterations           | 19          |
|    time_elapsed         | 400         |
|    total_timesteps      | 9728        |
| train/                  |             |
|    approx_kl            | 0.029267384 |
|    clip_fraction        | 0.25        |
|    clip_range           | 0.2         |
|    entropy_loss         | -1.27       |
|    explained_variance   | -0.208      |
|    learning_rate        | 0.0003      |
|    loss                 | -0.0946     |
|    n_updates            | 180         |
|    policy_gradient_loss | -0.0614     |
|    value_loss           | 0.0101      |
-----------------------------------------
[Eval @10000] NEW BEST mean_reward=7.900
[Eval @10000] R=7.9±2.4 CR=0.100 Spd=20.7 LC=16.4 SR=0.900
-----------------------------------------
| rollout/                |             |
|    ep_len_mean          | 85          |
|    ep_rew_mean          | 18.3        |
| time/                   |             |
|    fps                  | 20          |
|    iterations           | 20          |
|    time_elapsed         | 493         |
|    total_timesteps      | 10240       |
| train/                  |             |
|    approx_kl            | 0.017471932 |
|    clip_fraction        | 0.172       |
|    clip_range           | 0.2         |
|    entropy_loss         | -1.2        |
|    explained_variance   | 0.354       |
|    learning_rate        | 0.0003      |
|    loss                 | -0.0899     |
|    n_updates            | 190         |
|    policy_gradient_loss | -0.0526     |
|    value_loss           | 0.0151      |
-----------------------------------------
-----------------------------------------
| rollout/                |             |
|    ep_len_mean          | 86.4        |
|    ep_rew_mean          | 19.1        |
| time/                   |             |
|    fps                  | 21          |
|    iterations           | 21          |
|    time_elapsed         | 501         |
|    total_timesteps      | 10752       |
| train/                  |             |
|    approx_kl            | 0.023876797 |
|    clip_fraction        | 0.21        |
|    clip_range           | 0.2         |
|    entropy_loss         | -1.17       |
|    explained_variance   | 0.495       |
|    learning_rate        | 0.0003      |
|    loss                 | -0.0998     |
|    n_updates            | 200         |
|    policy_gradient_loss | -0.0531     |
|    value_loss           | 0.00953     |
-----------------------------------------
-----------------------------------------
| rollout/                |             |
|    ep_len_mean          | 89.1        |
|    ep_rew_mean          | 20.2        |
| time/                   |             |
|    fps                  | 22          |
|    iterations           | 22          |
|    time_elapsed         | 509         |
|    total_timesteps      | 11264       |
| train/                  |             |
|    approx_kl            | 0.021911032 |
|    clip_fraction        | 0.177       |
|    clip_range           | 0.2         |
|    entropy_loss         | -1.13       |
|    explained_variance   | -0.495      |
|    learning_rate        | 0.0003      |
|    loss                 | -0.101      |
|    n_updates            | 210         |
|    policy_gradient_loss | -0.0552     |
|    value_loss           | 0.00753     |
-----------------------------------------
-----------------------------------------
| rollout/                |             |
|    ep_len_mean          | 93.3        |
|    ep_rew_mean          | 21.9        |
| time/                   |             |
|    fps                  | 22          |
|    iterations           | 23          |
|    time_elapsed         | 516         |
|    total_timesteps      | 11776       |
| train/                  |             |
|    approx_kl            | 0.019695926 |
|    clip_fraction        | 0.181       |
|    clip_range           | 0.2         |
|    entropy_loss         | -1.19       |
|    explained_variance   | -0.868      |
|    learning_rate        | 0.0003      |
|    loss                 | -0.0988     |
|    n_updates            | 220         |
|    policy_gradient_loss | -0.0592     |
|    value_loss           | 0.0146      |
-----------------------------------------
-----------------------------------------
| rollout/                |             |
|    ep_len_mean          | 97.3        |
|    ep_rew_mean          | 23.6        |
| time/                   |             |
|    fps                  | 23          |
|    iterations           | 24          |
|    time_elapsed         | 524         |
|    total_timesteps      | 12288       |
| train/                  |             |
|    approx_kl            | 0.016924758 |
|    clip_fraction        | 0.158       |
|    clip_range           | 0.2         |
|    entropy_loss         | -1.07       |
|    explained_variance   | 0.051       |
|    learning_rate        | 0.0003      |
|    loss                 | -0.0715     |
|    n_updates            | 230         |
|    policy_gradient_loss | -0.0497     |
|    value_loss           | 0.0146      |
-----------------------------------------
-----------------------------------------
| rollout/                |             |
|    ep_len_mean          | 99.2        |
|    ep_rew_mean          | 24.7        |
| time/                   |             |
|    fps                  | 24          |
|    iterations           | 25          |
|    time_elapsed         | 531         |
|    total_timesteps      | 12800       |
| train/                  |             |
|    approx_kl            | 0.014392122 |
|    clip_fraction        | 0.143       |
|    clip_range           | 0.2         |
|    entropy_loss         | -1.09       |
|    explained_variance   | -1.02       |
|    learning_rate        | 0.0003      |
|    loss                 | -0.0556     |
|    n_updates            | 240         |
|    policy_gradient_loss | -0.0459     |
|    value_loss           | 0.00927     |
-----------------------------------------
-----------------------------------------
| rollout/                |             |
|    ep_len_mean          | 102         |
|    ep_rew_mean          | 25.8        |
| time/                   |             |
|    fps                  | 24          |
|    iterations           | 26          |
|    time_elapsed         | 539         |
|    total_timesteps      | 13312       |
| train/                  |             |
|    approx_kl            | 0.015921906 |
|    clip_fraction        | 0.144       |
|    clip_range           | 0.2         |
|    entropy_loss         | -1.06       |
|    explained_variance   | 0.235       |
|    learning_rate        | 0.0003      |
|    loss                 | -0.0717     |
|    n_updates            | 250         |
|    policy_gradient_loss | -0.0489     |
|    value_loss           | 0.0146      |
-----------------------------------------
----------------------------------------
| rollout/                |            |
|    ep_len_mean          | 105        |
|    ep_rew_mean          | 27.4       |
| time/                   |            |
|    fps                  | 25         |
|    iterations           | 27         |
|    time_elapsed         | 545        |
|    total_timesteps      | 13824      |
| train/                  |            |
|    approx_kl            | 0.02196796 |
|    clip_fraction        | 0.187      |
|    clip_range           | 0.2        |
|    entropy_loss         | -0.99      |
|    explained_variance   | -1.44      |
|    learning_rate        | 0.0003     |
|    loss                 | -0.0792    |
|    n_updates            | 260        |
|    policy_gradient_loss | -0.0418    |
|    value_loss           | 0.008      |
----------------------------------------
----------------------------------------
| rollout/                |            |
|    ep_len_mean          | 106        |
|    ep_rew_mean          | 27.9       |
| time/                   |            |
|    fps                  | 25         |
|    iterations           | 28         |
|    time_elapsed         | 552        |
|    total_timesteps      | 14336      |
| train/                  |            |
|    approx_kl            | 0.01617342 |
|    clip_fraction        | 0.148      |
|    clip_range           | 0.2        |
|    entropy_loss         | -1.04      |
|    explained_variance   | 0.11       |
|    learning_rate        | 0.0003     |
|    loss                 | -0.0874    |
|    n_updates            | 270        |
|    policy_gradient_loss | -0.0508    |
|    value_loss           | 0.0106     |
----------------------------------------
-----------------------------------------
| rollout/                |             |
|    ep_len_mean          | 110         |
|    ep_rew_mean          | 29.8        |
| time/                   |             |
|    fps                  | 26          |
|    iterations           | 29          |
|    time_elapsed         | 559         |
|    total_timesteps      | 14848       |
| train/                  |             |
|    approx_kl            | 0.017519448 |
|    clip_fraction        | 0.145       |
|    clip_range           | 0.2         |
|    entropy_loss         | -0.954      |
|    explained_variance   | -1.58       |
|    learning_rate        | 0.0003      |
|    loss                 | -0.0673     |
|    n_updates            | 280         |
|    policy_gradient_loss | -0.0421     |
|    value_loss           | 0.00851     |
-----------------------------------------
[Eval @15000] NEW BEST mean_reward=8.630
[Eval @15000] R=8.6±0.2 CR=0.000 Spd=20.7 LC=3.4 SR=1.000
-----------------------------------------
| rollout/                |             |
|    ep_len_mean          | 112         |
|    ep_rew_mean          | 31          |
| time/                   |             |
|    fps                  | 25          |
|    iterations           | 30          |
|    time_elapsed         | 591         |
|    total_timesteps      | 15360       |
| train/                  |             |
|    approx_kl            | 0.019317076 |
|    clip_fraction        | 0.174       |
|    clip_range           | 0.2         |
|    entropy_loss         | -0.954      |
|    explained_variance   | -8.91       |
|    learning_rate        | 0.0003      |
|    loss                 | -0.0732     |
|    n_updates            | 290         |
|    policy_gradient_loss | -0.0517     |
|    value_loss           | 0.00405     |
-----------------------------------------
-----------------------------------------
| rollout/                |             |
|    ep_len_mean          | 113         |
|    ep_rew_mean          | 32.2        |
| time/                   |             |
|    fps                  | 26          |
|    iterations           | 31          |
|    time_elapsed         | 601         |
|    total_timesteps      | 15872       |
| train/                  |             |
|    approx_kl            | 0.016040692 |
|    clip_fraction        | 0.178       |
|    clip_range           | 0.2         |
|    entropy_loss         | -0.941      |
|    explained_variance   | -2.82       |
|    learning_rate        | 0.0003      |
|    loss                 | -0.0788     |
|    n_updates            | 300         |
|    policy_gradient_loss | -0.0445     |
|    value_loss           | 0.00467     |
-----------------------------------------
-----------------------------------------
| rollout/                |             |
|    ep_len_mean          | 113         |
|    ep_rew_mean          | 32.3        |
| time/                   |             |
|    fps                  | 26          |
|    iterations           | 32          |
|    time_elapsed         | 621         |
|    total_timesteps      | 16384       |
| train/                  |             |
|    approx_kl            | 0.017014304 |
|    clip_fraction        | 0.149       |
|    clip_range           | 0.2         |
|    entropy_loss         | -0.843      |
|    explained_variance   | -0.352      |
|    learning_rate        | 0.0003      |
|    loss                 | -0.0733     |
|    n_updates            | 310         |
|    policy_gradient_loss | -0.0461     |
|    value_loss           | 0.00526     |
-----------------------------------------
-----------------------------------------
| rollout/                |             |
|    ep_len_mean          | 114         |
|    ep_rew_mean          | 33.3        |
| time/                   |             |
|    fps                  | 26          |
|    iterations           | 33          |
|    time_elapsed         | 627         |
|    total_timesteps      | 16896       |
| train/                  |             |
|    approx_kl            | 0.019673198 |
|    clip_fraction        | 0.184       |
|    clip_range           | 0.2         |
|    entropy_loss         | -0.943      |
|    explained_variance   | 0.25        |
|    learning_rate        | 0.0003      |
|    loss                 | -0.0825     |
|    n_updates            | 320         |
|    policy_gradient_loss | -0.0523     |
|    value_loss           | 0.011       |
-----------------------------------------
-----------------------------------------
| rollout/                |             |
|    ep_len_mean          | 116         |
|    ep_rew_mean          | 34.5        |
| time/                   |             |
|    fps                  | 27          |
|    iterations           | 34          |
|    time_elapsed         | 634         |
|    total_timesteps      | 17408       |
| train/                  |             |
|    approx_kl            | 0.018828673 |
|    clip_fraction        | 0.193       |
|    clip_range           | 0.2         |
|    entropy_loss         | -0.887      |
|    explained_variance   | -1.36       |
|    learning_rate        | 0.0003      |
|    loss                 | -0.078      |
|    n_updates            | 330         |
|    policy_gradient_loss | -0.0528     |
|    value_loss           | 0.0062      |
-----------------------------------------
-----------------------------------------
| rollout/                |             |
|    ep_len_mean          | 119         |
|    ep_rew_mean          | 35.6        |
| time/                   |             |
|    fps                  | 27          |
|    iterations           | 35          |
|    time_elapsed         | 641         |
|    total_timesteps      | 17920       |
| train/                  |             |
|    approx_kl            | 0.016783359 |
|    clip_fraction        | 0.123       |
|    clip_range           | 0.2         |
|    entropy_loss         | -0.832      |
|    explained_variance   | -0.0111     |
|    learning_rate        | 0.0003      |
|    loss                 | -0.0735     |
|    n_updates            | 340         |
|    policy_gradient_loss | -0.0397     |
|    value_loss           | 0.0119      |
-----------------------------------------
-----------------------------------------
| rollout/                |             |
|    ep_len_mean          | 121         |
|    ep_rew_mean          | 37          |
| time/                   |             |
|    fps                  | 28          |
|    iterations           | 36          |
|    time_elapsed         | 647         |
|    total_timesteps      | 18432       |
| train/                  |             |
|    approx_kl            | 0.015342085 |
|    clip_fraction        | 0.116       |
|    clip_range           | 0.2         |
|    entropy_loss         | -0.713      |
|    explained_variance   | 0.233       |
|    learning_rate        | 0.0003      |
|    loss                 | -0.0684     |
|    n_updates            | 350         |
|    policy_gradient_loss | -0.0396     |
|    value_loss           | 0.0106      |
-----------------------------------------
---------------------------------------
| rollout/                |           |
|    ep_len_mean          | 124       |
|    ep_rew_mean          | 38.4      |
| time/                   |           |
|    fps                  | 28        |
|    iterations           | 37        |
|    time_elapsed         | 654       |
|    total_timesteps      | 18944     |
| train/                  |           |
|    approx_kl            | 0.0203029 |
|    clip_fraction        | 0.172     |
|    clip_range           | 0.2       |
|    entropy_loss         | -0.815    |
|    explained_variance   | -0.888    |
|    learning_rate        | 0.0003    |
|    loss                 | -0.0952   |
|    n_updates            | 360       |
|    policy_gradient_loss | -0.0517   |
|    value_loss           | 0.00593   |
---------------------------------------
-----------------------------------------
| rollout/                |             |
|    ep_len_mean          | 127         |
|    ep_rew_mean          | 39.7        |
| time/                   |             |
|    fps                  | 29          |
|    iterations           | 38          |
|    time_elapsed         | 660         |
|    total_timesteps      | 19456       |
| train/                  |             |
|    approx_kl            | 0.024494011 |
|    clip_fraction        | 0.195       |
|    clip_range           | 0.2         |
|    entropy_loss         | -0.854      |
|    explained_variance   | -0.156      |
|    learning_rate        | 0.0003      |
|    loss                 | -0.0715     |
|    n_updates            | 370         |
|    policy_gradient_loss | -0.0581     |
|    value_loss           | 0.00404     |
-----------------------------------------
----------------------------------------
| rollout/                |            |
|    ep_len_mean          | 128        |
|    ep_rew_mean          | 40.7       |
| time/                   |            |
|    fps                  | 29         |
|    iterations           | 39         |
|    time_elapsed         | 667        |
|    total_timesteps      | 19968      |
| train/                  |            |
|    approx_kl            | 0.01591993 |
|    clip_fraction        | 0.15       |
|    clip_range           | 0.2        |
|    entropy_loss         | -0.74      |
|    explained_variance   | -1.23      |
|    learning_rate        | 0.0003     |
|    loss                 | -0.0615    |
|    n_updates            | 380        |
|    policy_gradient_loss | -0.0383    |
|    value_loss           | 0.00662    |
----------------------------------------
[Eval @20000] R=8.3±0.4 CR=0.000 Spd=20.5 LC=3.5 SR=1.000
-----------------------------------------
| rollout/                |             |
|    ep_len_mean          | 132         |
|    ep_rew_mean          | 42.5        |
| time/                   |             |
|    fps                  | 28          |
|    iterations           | 40          |
|    time_elapsed         | 720         |
|    total_timesteps      | 20480       |
| train/                  |             |
|    approx_kl            | 0.015919287 |
|    clip_fraction        | 0.126       |
|    clip_range           | 0.2         |
|    entropy_loss         | -0.688      |
|    explained_variance   | -0.0743     |
|    learning_rate        | 0.0003      |
|    loss                 | -0.0924     |
|    n_updates            | 390         |
|    policy_gradient_loss | -0.0422     |
|    value_loss           | 0.00592     |
-----------------------------------------
-----------------------------------------
| rollout/                |             |
|    ep_len_mean          | 135         |
|    ep_rew_mean          | 43.8        |
| time/                   |             |
|    fps                  | 28          |
|    iterations           | 41          |
|    time_elapsed         | 740         |
|    total_timesteps      | 20992       |
| train/                  |             |
|    approx_kl            | 0.010070806 |
|    clip_fraction        | 0.084       |
|    clip_range           | 0.2         |
|    entropy_loss         | -0.565      |
|    explained_variance   | -0.218      |
|    learning_rate        | 0.0003      |
|    loss                 | -0.0422     |
|    n_updates            | 400         |
|    policy_gradient_loss | -0.0254     |
|    value_loss           | 0.00384     |
-----------------------------------------
-----------------------------------------
| rollout/                |             |
|    ep_len_mean          | 139         |
|    ep_rew_mean          | 45.9        |
| time/                   |             |
|    fps                  | 28          |
|    iterations           | 42          |
|    time_elapsed         | 761         |
|    total_timesteps      | 21504       |
| train/                  |             |
|    approx_kl            | 0.014025479 |
|    clip_fraction        | 0.135       |
|    clip_range           | 0.2         |
|    entropy_loss         | -0.538      |
|    explained_variance   | -9.6        |
|    learning_rate        | 0.0003      |
|    loss                 | -0.0591     |
|    n_updates            | 410         |
|    policy_gradient_loss | -0.0371     |
|    value_loss           | 0.0017      |
-----------------------------------------
-----------------------------------------
| rollout/                |             |
|    ep_len_mean          | 141         |
|    ep_rew_mean          | 47          |
| time/                   |             |
|    fps                  | 28          |
|    iterations           | 43          |
|    time_elapsed         | 781         |
|    total_timesteps      | 22016       |
| train/                  |             |
|    approx_kl            | 0.015908565 |
|    clip_fraction        | 0.134       |
|    clip_range           | 0.2         |
|    entropy_loss         | -0.572      |
|    explained_variance   | -7.01       |
|    learning_rate        | 0.0003      |
|    loss                 | -0.0495     |
|    n_updates            | 420         |
|    policy_gradient_loss | -0.0381     |
|    value_loss           | 0.00107     |
-----------------------------------------
-----------------------------------------
| rollout/                |             |
|    ep_len_mean          | 144         |
|    ep_rew_mean          | 48.6        |
| time/                   |             |
|    fps                  | 28          |
|    iterations           | 44          |
|    time_elapsed         | 801         |
|    total_timesteps      | 22528       |
| train/                  |             |
|    approx_kl            | 0.013866942 |
|    clip_fraction        | 0.12        |
|    clip_range           | 0.2         |
|    entropy_loss         | -0.698      |
|    explained_variance   | 0.0786      |
|    learning_rate        | 0.0003      |
|    loss                 | -0.0538     |
|    n_updates            | 430         |
|    policy_gradient_loss | -0.034      |
|    value_loss           | 0.00605     |
-----------------------------------------
----------------------------------------
| rollout/                |            |
|    ep_len_mean          | 146        |
|    ep_rew_mean          | 49.5       |
| time/                   |            |
|    fps                  | 28         |
|    iterations           | 45         |
|    time_elapsed         | 821        |
|    total_timesteps      | 23040      |
| train/                  |            |
|    approx_kl            | 0.02584041 |
|    clip_fraction        | 0.142      |
|    clip_range           | 0.2        |
|    entropy_loss         | -0.55      |
|    explained_variance   | -5.3       |
|    learning_rate        | 0.0003     |
|    loss                 | -0.0471    |
|    n_updates            | 440        |
|    policy_gradient_loss | -0.0397    |
|    value_loss           | 0.00118    |
----------------------------------------
-----------------------------------------
| rollout/                |             |
|    ep_len_mean          | 148         |
|    ep_rew_mean          | 50.9        |
| time/                   |             |
|    fps                  | 27          |
|    iterations           | 46          |
|    time_elapsed         | 841         |
|    total_timesteps      | 23552       |
| train/                  |             |
|    approx_kl            | 0.015018431 |
|    clip_fraction        | 0.125       |
|    clip_range           | 0.2         |
|    entropy_loss         | -0.546      |
|    explained_variance   | 0.0169      |
|    learning_rate        | 0.0003      |
|    loss                 | -0.0403     |
|    n_updates            | 450         |
|    policy_gradient_loss | -0.0401     |
|    value_loss           | 0.00246     |
-----------------------------------------
-----------------------------------------
| rollout/                |             |
|    ep_len_mean          | 149         |
|    ep_rew_mean          | 51.6        |
| time/                   |             |
|    fps                  | 27          |
|    iterations           | 47          |
|    time_elapsed         | 861         |
|    total_timesteps      | 24064       |
| train/                  |             |
|    approx_kl            | 0.017167725 |
|    clip_fraction        | 0.123       |
|    clip_range           | 0.2         |
|    entropy_loss         | -0.64       |
|    explained_variance   | -0.527      |
|    learning_rate        | 0.0003      |
|    loss                 | -0.0602     |
|    n_updates            | 460         |
|    policy_gradient_loss | -0.0386     |
|    value_loss           | 0.00471     |
-----------------------------------------
-----------------------------------------
| rollout/                |             |
|    ep_len_mean          | 151         |
|    ep_rew_mean          | 52.8        |
| time/                   |             |
|    fps                  | 27          |
|    iterations           | 48          |
|    time_elapsed         | 881         |
|    total_timesteps      | 24576       |
| train/                  |             |
|    approx_kl            | 0.009184016 |
|    clip_fraction        | 0.0813      |
|    clip_range           | 0.2         |
|    entropy_loss         | -0.525      |
|    explained_variance   | -0.865      |
|    learning_rate        | 0.0003      |
|    loss                 | -0.0581     |
|    n_updates            | 470         |
|    policy_gradient_loss | -0.0258     |
|    value_loss           | 0.00429     |
-----------------------------------------
[Eval @25000] R=7.4±2.3 CR=0.200 Spd=20.8 LC=5.5 SR=0.800
-----------------------------------------
| rollout/                |             |
|    ep_len_mean          | 153         |
|    ep_rew_mean          | 53.9        |
| time/                   |             |
|    fps                  | 25          |
|    iterations           | 49          |
|    time_elapsed         | 972         |
|    total_timesteps      | 25088       |
| train/                  |             |
|    approx_kl            | 0.015809912 |
|    clip_fraction        | 0.141       |
|    clip_range           | 0.2         |
|    entropy_loss         | -0.636      |
|    explained_variance   | -0.483      |
|    learning_rate        | 0.0003      |
|    loss                 | -0.0508     |
|    n_updates            | 480         |
|    policy_gradient_loss | -0.04       |
|    value_loss           | 0.00594     |
-----------------------------------------
-----------------------------------------
| rollout/                |             |
|    ep_len_mean          | 154         |
|    ep_rew_mean          | 54.4        |
| time/                   |             |
|    fps                  | 25          |
|    iterations           | 50          |
|    time_elapsed         | 992         |
|    total_timesteps      | 25600       |
| train/                  |             |
|    approx_kl            | 0.018515365 |
|    clip_fraction        | 0.154       |
|    clip_range           | 0.2         |
|    entropy_loss         | -0.617      |
|    explained_variance   | -0.139      |
|    learning_rate        | 0.0003      |
|    loss                 | -0.0688     |
|    n_updates            | 490         |
|    policy_gradient_loss | -0.042      |
|    value_loss           | 0.00235     |
-----------------------------------------
-----------------------------------------
| rollout/                |             |
|    ep_len_mean          | 158         |
|    ep_rew_mean          | 56.3        |
| time/                   |             |
|    fps                  | 25          |
|    iterations           | 51          |
|    time_elapsed         | 1012        |
|    total_timesteps      | 26112       |
| train/                  |             |
|    approx_kl            | 0.016716918 |
|    clip_fraction        | 0.146       |
|    clip_range           | 0.2         |
|    entropy_loss         | -0.519      |
|    explained_variance   | -1.05       |
|    learning_rate        | 0.0003      |
|    loss                 | -0.0622     |
|    n_updates            | 500         |
|    policy_gradient_loss | -0.038      |
|    value_loss           | 0.0052      |
-----------------------------------------
-----------------------------------------
| rollout/                |             |
|    ep_len_mean          | 158         |
|    ep_rew_mean          | 56.6        |
| time/                   |             |
|    fps                  | 25          |
|    iterations           | 52          |
|    time_elapsed         | 1032        |
|    total_timesteps      | 26624       |
| train/                  |             |
|    approx_kl            | 0.019120099 |
|    clip_fraction        | 0.136       |
|    clip_range           | 0.2         |
|    entropy_loss         | -0.49       |
|    explained_variance   | -16.2       |
|    learning_rate        | 0.0003      |
|    loss                 | -0.0764     |
|    n_updates            | 510         |
|    policy_gradient_loss | -0.0337     |
|    value_loss           | 0.00128     |
-----------------------------------------
-----------------------------------------
| rollout/                |             |
|    ep_len_mean          | 159         |
|    ep_rew_mean          | 57.7        |
| time/                   |             |
|    fps                  | 25          |
|    iterations           | 53          |
|    time_elapsed         | 1052        |
|    total_timesteps      | 27136       |
| train/                  |             |
|    approx_kl            | 0.017464139 |
|    clip_fraction        | 0.139       |
|    clip_range           | 0.2         |
|    entropy_loss         | -0.542      |
|    explained_variance   | -9.28       |
|    learning_rate        | 0.0003      |
|    loss                 | -0.05       |
|    n_updates            | 520         |
|    policy_gradient_loss | -0.0355     |
|    value_loss           | 0.00101     |
-----------------------------------------
----------------------------------------
| rollout/                |            |
|    ep_len_mean          | 160        |
|    ep_rew_mean          | 58.1       |
| time/                   |            |
|    fps                  | 25         |
|    iterations           | 54         |
|    time_elapsed         | 1072       |
|    total_timesteps      | 27648      |
| train/                  |            |
|    approx_kl            | 0.01139419 |
|    clip_fraction        | 0.0984     |
|    clip_range           | 0.2        |
|    entropy_loss         | -0.492     |
|    explained_variance   | -9.3       |
|    learning_rate        | 0.0003     |
|    loss                 | -0.0189    |
|    n_updates            | 530        |
|    policy_gradient_loss | -0.0255    |
|    value_loss           | 0.00108    |
----------------------------------------
----------------------------------------
| rollout/                |            |
|    ep_len_mean          | 161        |
|    ep_rew_mean          | 58.9       |
| time/                   |            |
|    fps                  | 25         |
|    iterations           | 55         |
|    time_elapsed         | 1092       |
|    total_timesteps      | 28160      |
| train/                  |            |
|    approx_kl            | 0.01772194 |
|    clip_fraction        | 0.15       |
|    clip_range           | 0.2        |
|    entropy_loss         | -0.588     |
|    explained_variance   | 0.0351     |
|    learning_rate        | 0.0003     |
|    loss                 | -0.0628    |
|    n_updates            | 540        |
|    policy_gradient_loss | -0.0418    |
|    value_loss           | 0.0062     |
----------------------------------------
-----------------------------------------
| rollout/                |             |
|    ep_len_mean          | 162         |
|    ep_rew_mean          | 59.1        |
| time/                   |             |
|    fps                  | 25          |
|    iterations           | 56          |
|    time_elapsed         | 1112        |
|    total_timesteps      | 28672       |
| train/                  |             |
|    approx_kl            | 0.016299717 |
|    clip_fraction        | 0.134       |
|    clip_range           | 0.2         |
|    entropy_loss         | -0.522      |
|    explained_variance   | -17.9       |
|    learning_rate        | 0.0003      |
|    loss                 | -0.0398     |
|    n_updates            | 550         |
|    policy_gradient_loss | -0.0346     |
|    value_loss           | 0.00176     |
-----------------------------------------
-----------------------------------------
| rollout/                |             |
|    ep_len_mean          | 163         |
|    ep_rew_mean          | 60.1        |
| time/                   |             |
|    fps                  | 25          |
|    iterations           | 57          |
|    time_elapsed         | 1133        |
|    total_timesteps      | 29184       |
| train/                  |             |
|    approx_kl            | 0.013841188 |
|    clip_fraction        | 0.119       |
|    clip_range           | 0.2         |
|    entropy_loss         | -0.603      |
|    explained_variance   | 0.0596      |
|    learning_rate        | 0.0003      |
|    loss                 | -0.0381     |
|    n_updates            | 560         |
|    policy_gradient_loss | -0.0346     |
|    value_loss           | 0.00966     |
-----------------------------------------
-----------------------------------------
| rollout/                |             |
|    ep_len_mean          | 165         |
|    ep_rew_mean          | 61.1        |
| time/                   |             |
|    fps                  | 25          |
|    iterations           | 58          |
|    time_elapsed         | 1153        |
|    total_timesteps      | 29696       |
| train/                  |             |
|    approx_kl            | 0.016518747 |
|    clip_fraction        | 0.141       |
|    clip_range           | 0.2         |
|    entropy_loss         | -0.533      |
|    explained_variance   | -7.64       |
|    learning_rate        | 0.0003      |
|    loss                 | -0.0626     |
|    n_updates            | 570         |
|    policy_gradient_loss | -0.0394     |
|    value_loss           | 0.00183     |
-----------------------------------------
[Eval @30000] R=7.7±2.3 CR=0.100 Spd=20.8 LC=0.3 SR=0.900
-----------------------------------------
| rollout/                |             |
|    ep_len_mean          | 166         |
|    ep_rew_mean          | 61.6        |
| time/                   |             |
|    fps                  | 24          |
|    iterations           | 59          |
|    time_elapsed         | 1244        |
|    total_timesteps      | 30208       |
| train/                  |             |
|    approx_kl            | 0.017534304 |
|    clip_fraction        | 0.105       |
|    clip_range           | 0.2         |
|    entropy_loss         | -0.495      |
|    explained_variance   | -11.4       |
|    learning_rate        | 0.0003      |
|    loss                 | -0.0603     |
|    n_updates            | 580         |
|    policy_gradient_loss | -0.0264     |
|    value_loss           | 0.0009      |
-----------------------------------------
-----------------------------------------
| rollout/                |             |
|    ep_len_mean          | 167         |
|    ep_rew_mean          | 62.4        |
| time/                   |             |
|    fps                  | 24          |
|    iterations           | 60          |
|    time_elapsed         | 1264        |
|    total_timesteps      | 30720       |
| train/                  |             |
|    approx_kl            | 0.018896252 |
|    clip_fraction        | 0.145       |
|    clip_range           | 0.2         |
|    entropy_loss         | -0.524      |
|    explained_variance   | -0.0637     |
|    learning_rate        | 0.0003      |
|    loss                 | -0.0328     |
|    n_updates            | 590         |
|    policy_gradient_loss | -0.0437     |
|    value_loss           | 0.00228     |
-----------------------------------------
-----------------------------------------
| rollout/                |             |
|    ep_len_mean          | 168         |
|    ep_rew_mean          | 62.7        |
| time/                   |             |
|    fps                  | 24          |
|    iterations           | 61          |
|    time_elapsed         | 1285        |
|    total_timesteps      | 31232       |
| train/                  |             |
|    approx_kl            | 0.021213315 |
|    clip_fraction        | 0.156       |
|    clip_range           | 0.2         |
|    entropy_loss         | -0.575      |
|    explained_variance   | -0.457      |
|    learning_rate        | 0.0003      |
|    loss                 | -0.0713     |
|    n_updates            | 600         |
|    policy_gradient_loss | -0.0419     |
|    value_loss           | 0.00366     |
-----------------------------------------
-----------------------------------------
| rollout/                |             |
|    ep_len_mean          | 168         |
|    ep_rew_mean          | 63          |
| time/                   |             |
|    fps                  | 24          |
|    iterations           | 62          |
|    time_elapsed         | 1292        |
|    total_timesteps      | 31744       |
| train/                  |             |
|    approx_kl            | 0.014376747 |
|    clip_fraction        | 0.116       |
|    clip_range           | 0.2         |
|    entropy_loss         | -0.421      |
|    explained_variance   | 0.156       |
|    learning_rate        | 0.0003      |
|    loss                 | -0.0256     |
|    n_updates            | 610         |
|    policy_gradient_loss | -0.022      |
|    value_loss           | 0.00679     |
-----------------------------------------
-----------------------------------------
| rollout/                |             |
|    ep_len_mean          | 164         |
|    ep_rew_mean          | 61.8        |
| time/                   |             |
|    fps                  | 24          |
|    iterations           | 63          |
|    time_elapsed         | 1311        |
|    total_timesteps      | 32256       |
| train/                  |             |
|    approx_kl            | 0.014428763 |
|    clip_fraction        | 0.107       |
|    clip_range           | 0.2         |
|    entropy_loss         | -0.427      |
|    explained_variance   | -7.93       |
|    learning_rate        | 0.0003      |
|    loss                 | -0.0448     |
|    n_updates            | 620         |
|    policy_gradient_loss | -0.034      |
|    value_loss           | 0.000558    |
-----------------------------------------
-----------------------------------------
| rollout/                |             |
|    ep_len_mean          | 165         |
|    ep_rew_mean          | 62.2        |
| time/                   |             |
|    fps                  | 24          |
|    iterations           | 64          |
|    time_elapsed         | 1331        |
|    total_timesteps      | 32768       |
| train/                  |             |
|    approx_kl            | 0.011443696 |
|    clip_fraction        | 0.108       |
|    clip_range           | 0.2         |
|    entropy_loss         | -0.472      |
|    explained_variance   | 0.454       |
|    learning_rate        | 0.0003      |
|    loss                 | -0.0466     |
|    n_updates            | 630         |
|    policy_gradient_loss | -0.028      |
|    value_loss           | 0.0033      |
-----------------------------------------
----------------------------------------
| rollout/                |            |
|    ep_len_mean          | 168        |
|    ep_rew_mean          | 63.6       |
| time/                   |            |
|    fps                  | 24         |
|    iterations           | 65         |
|    time_elapsed         | 1351       |
|    total_timesteps      | 33280      |
| train/                  |            |
|    approx_kl            | 0.01733188 |
|    clip_fraction        | 0.13       |
|    clip_range           | 0.2        |
|    entropy_loss         | -0.549     |
|    explained_variance   | -0.969     |
|    learning_rate        | 0.0003     |
|    loss                 | -0.0633    |
|    n_updates            | 640        |
|    policy_gradient_loss | -0.0335    |
|    value_loss           | 0.00378    |
----------------------------------------
-----------------------------------------
| rollout/                |             |
|    ep_len_mean          | 169         |
|    ep_rew_mean          | 64.3        |
| time/                   |             |
|    fps                  | 24          |
|    iterations           | 66          |
|    time_elapsed         | 1371        |
|    total_timesteps      | 33792       |
| train/                  |             |
|    approx_kl            | 0.015170338 |
|    clip_fraction        | 0.104       |
|    clip_range           | 0.2         |
|    entropy_loss         | -0.477      |
|    explained_variance   | -0.374      |
|    learning_rate        | 0.0003      |
|    loss                 | -0.0621     |
|    n_updates            | 650         |
|    policy_gradient_loss | -0.0356     |
|    value_loss           | 0.00266     |
-----------------------------------------
-----------------------------------------
| rollout/                |             |
|    ep_len_mean          | 168         |
|    ep_rew_mean          | 64.1        |
| time/                   |             |
|    fps                  | 24          |
|    iterations           | 67          |
|    time_elapsed         | 1392        |
|    total_timesteps      | 34304       |
| train/                  |             |
|    approx_kl            | 0.015366423 |
|    clip_fraction        | 0.133       |
|    clip_range           | 0.2         |
|    entropy_loss         | -0.45       |
|    explained_variance   | -7.04       |
|    learning_rate        | 0.0003      |
|    loss                 | -0.0506     |
|    n_updates            | 660         |
|    policy_gradient_loss | -0.0304     |
|    value_loss           | 0.000737    |
-----------------------------------------
-----------------------------------------
| rollout/                |             |
|    ep_len_mean          | 173         |
|    ep_rew_mean          | 66.4        |
| time/                   |             |
|    fps                  | 24          |
|    iterations           | 68          |
|    time_elapsed         | 1400        |
|    total_timesteps      | 34816       |
| train/                  |             |
|    approx_kl            | 0.019237908 |
|    clip_fraction        | 0.137       |
|    clip_range           | 0.2         |
|    entropy_loss         | -0.526      |
|    explained_variance   | -0.517      |
|    learning_rate        | 0.0003      |
|    loss                 | -0.0817     |
|    n_updates            | 670         |
|    policy_gradient_loss | -0.0422     |
|    value_loss           | 0.00342     |
-----------------------------------------
[Eval @35000] R=8.1±0.3 CR=0.000 Spd=20.4 LC=0.9 SR=1.000
-----------------------------------------
| rollout/                |             |
|    ep_len_mean          | 174         |
|    ep_rew_mean          | 66.8        |
| time/                   |             |
|    fps                  | 24          |
|    iterations           | 69          |
|    time_elapsed         | 1432        |
|    total_timesteps      | 35328       |
| train/                  |             |
|    approx_kl            | 0.017813077 |
|    clip_fraction        | 0.151       |
|    clip_range           | 0.2         |
|    entropy_loss         | -0.588      |
|    explained_variance   | -9.93       |
|    learning_rate        | 0.0003      |
|    loss                 | -0.0537     |
|    n_updates            | 680         |
|    policy_gradient_loss | -0.0299     |
|    value_loss           | 0.00106     |
-----------------------------------------
-----------------------------------------
| rollout/                |             |
|    ep_len_mean          | 175         |
|    ep_rew_mean          | 67.3        |
| time/                   |             |
|    fps                  | 24          |
|    iterations           | 70          |
|    time_elapsed         | 1440        |
|    total_timesteps      | 35840       |
| train/                  |             |
|    approx_kl            | 0.014220868 |
|    clip_fraction        | 0.137       |
|    clip_range           | 0.2         |
|    entropy_loss         | -0.492      |
|    explained_variance   | -0.638      |
|    learning_rate        | 0.0003      |
|    loss                 | -0.0372     |
|    n_updates            | 690         |
|    policy_gradient_loss | -0.0264     |
|    value_loss           | 0.00333     |
-----------------------------------------
-----------------------------------------
| rollout/                |             |
|    ep_len_mean          | 174         |
|    ep_rew_mean          | 67.3        |
| time/                   |             |
|    fps                  | 24          |
|    iterations           | 71          |
|    time_elapsed         | 1460        |
|    total_timesteps      | 36352       |
| train/                  |             |
|    approx_kl            | 0.015301022 |
|    clip_fraction        | 0.11        |
|    clip_range           | 0.2         |
|    entropy_loss         | -0.421      |
|    explained_variance   | -0.235      |
|    learning_rate        | 0.0003      |
|    loss                 | -0.0371     |
|    n_updates            | 700         |
|    policy_gradient_loss | -0.029      |
|    value_loss           | 0.002       |
-----------------------------------------
-----------------------------------------
| rollout/                |             |
|    ep_len_mean          | 175         |
|    ep_rew_mean          | 67.8        |
| time/                   |             |
|    fps                  | 24          |
|    iterations           | 72          |
|    time_elapsed         | 1480        |
|    total_timesteps      | 36864       |
| train/                  |             |
|    approx_kl            | 0.015703801 |
|    clip_fraction        | 0.106       |
|    clip_range           | 0.2         |
|    entropy_loss         | -0.504      |
|    explained_variance   | -1.15       |
|    learning_rate        | 0.0003      |
|    loss                 | -0.0416     |
|    n_updates            | 710         |
|    policy_gradient_loss | -0.0282     |
|    value_loss           | 0.00436     |
-----------------------------------------
-----------------------------------------
| rollout/                |             |
|    ep_len_mean          | 174         |
|    ep_rew_mean          | 67.6        |
| time/                   |             |
|    fps                  | 24          |
|    iterations           | 73          |
|    time_elapsed         | 1501        |
|    total_timesteps      | 37376       |
| train/                  |             |
|    approx_kl            | 0.022158252 |
|    clip_fraction        | 0.123       |
|    clip_range           | 0.2         |
|    entropy_loss         | -0.428      |
|    explained_variance   | -7.74       |
|    learning_rate        | 0.0003      |
|    loss                 | -0.0458     |
|    n_updates            | 720         |
|    policy_gradient_loss | -0.0318     |
|    value_loss           | 0.000754    |
-----------------------------------------
-----------------------------------------
| rollout/                |             |
|    ep_len_mean          | 175         |
|    ep_rew_mean          | 68.1        |
| time/                   |             |
|    fps                  | 24          |
|    iterations           | 74          |
|    time_elapsed         | 1521        |
|    total_timesteps      | 37888       |
| train/                  |             |
|    approx_kl            | 0.016811833 |
|    clip_fraction        | 0.143       |
|    clip_range           | 0.2         |
|    entropy_loss         | -0.487      |
|    explained_variance   | 0.238       |
|    learning_rate        | 0.0003      |
|    loss                 | -0.0558     |
|    n_updates            | 730         |
|    policy_gradient_loss | -0.0354     |
|    value_loss           | 0.0042      |
-----------------------------------------
-----------------------------------------
| rollout/                |             |
|    ep_len_mean          | 175         |
|    ep_rew_mean          | 68.1        |
| time/                   |             |
|    fps                  | 24          |
|    iterations           | 75          |
|    time_elapsed         | 1541        |
|    total_timesteps      | 38400       |
| train/                  |             |
|    approx_kl            | 0.012397109 |
|    clip_fraction        | 0.0848      |
|    clip_range           | 0.2         |
|    entropy_loss         | -0.323      |
|    explained_variance   | -9.94       |
|    learning_rate        | 0.0003      |
|    loss                 | -0.0475     |
|    n_updates            | 740         |
|    policy_gradient_loss | -0.0282     |
|    value_loss           | 0.00144     |
-----------------------------------------
----------------------------------------
| rollout/                |            |
|    ep_len_mean          | 173        |
|    ep_rew_mean          | 67         |
| time/                   |            |
|    fps                  | 24         |
|    iterations           | 76         |
|    time_elapsed         | 1561       |
|    total_timesteps      | 38912      |
| train/                  |            |
|    approx_kl            | 0.02895168 |
|    clip_fraction        | 0.176      |
|    clip_range           | 0.2        |
|    entropy_loss         | -0.479     |
|    explained_variance   | -4.17      |
|    learning_rate        | 0.0003     |
|    loss                 | -0.062     |
|    n_updates            | 750        |
|    policy_gradient_loss | -0.0473    |
|    value_loss           | 0.000963   |
----------------------------------------
-----------------------------------------
| rollout/                |             |
|    ep_len_mean          | 171         |
|    ep_rew_mean          | 66.5        |
| time/                   |             |
|    fps                  | 24          |
|    iterations           | 77          |
|    time_elapsed         | 1581        |
|    total_timesteps      | 39424       |
| train/                  |             |
|    approx_kl            | 0.029626755 |
|    clip_fraction        | 0.175       |
|    clip_range           | 0.2         |
|    entropy_loss         | -0.515      |
|    explained_variance   | 0.199       |
|    learning_rate        | 0.0003      |
|    loss                 | -0.0565     |
|    n_updates            | 760         |
|    policy_gradient_loss | -0.0439     |
|    value_loss           | 0.00365     |
-----------------------------------------
-----------------------------------------
| rollout/                |             |
|    ep_len_mean          | 171         |
|    ep_rew_mean          | 66.2        |
| time/                   |             |
|    fps                  | 24          |
|    iterations           | 78          |
|    time_elapsed         | 1601        |
|    total_timesteps      | 39936       |
| train/                  |             |
|    approx_kl            | 0.020438505 |
|    clip_fraction        | 0.152       |
|    clip_range           | 0.2         |
|    entropy_loss         | -0.46       |
|    explained_variance   | 0.2         |
|    learning_rate        | 0.0003      |
|    loss                 | -0.0612     |
|    n_updates            | 770         |
|    policy_gradient_loss | -0.0338     |
|    value_loss           | 0.00311     |
-----------------------------------------
[Eval @40000] R=8.3±0.4 CR=0.000 Spd=20.7 LC=1.4 SR=1.000
-----------------------------------------
| rollout/                |             |
|    ep_len_mean          | 171         |
|    ep_rew_mean          | 66.3        |
| time/                   |             |
|    fps                  | 23          |
|    iterations           | 79          |
|    time_elapsed         | 1699        |
|    total_timesteps      | 40448       |
| train/                  |             |
|    approx_kl            | 0.018778116 |
|    clip_fraction        | 0.128       |
|    clip_range           | 0.2         |
|    entropy_loss         | -0.468      |
|    explained_variance   | 0.38        |
|    learning_rate        | 0.0003      |
|    loss                 | -0.0665     |
|    n_updates            | 780         |
|    policy_gradient_loss | -0.0349     |
|    value_loss           | 0.00261     |
-----------------------------------------
-----------------------------------------
| rollout/                |             |
|    ep_len_mean          | 171         |
|    ep_rew_mean          | 66.4        |
| time/                   |             |
|    fps                  | 23          |
|    iterations           | 80          |
|    time_elapsed         | 1719        |
|    total_timesteps      | 40960       |
| train/                  |             |
|    approx_kl            | 0.012455145 |
|    clip_fraction        | 0.0861      |
|    clip_range           | 0.2         |
|    entropy_loss         | -0.361      |
|    explained_variance   | 0.255       |
|    learning_rate        | 0.0003      |
|    loss                 | -0.027      |
|    n_updates            | 790         |
|    policy_gradient_loss | -0.0238     |
|    value_loss           | 0.0064      |
-----------------------------------------
-----------------------------------------
| rollout/                |             |
|    ep_len_mean          | 170         |
|    ep_rew_mean          | 65.7        |
| time/                   |             |
|    fps                  | 23          |
|    iterations           | 81          |
|    time_elapsed         | 1739        |
|    total_timesteps      | 41472       |
| train/                  |             |
|    approx_kl            | 0.022424703 |
|    clip_fraction        | 0.146       |
|    clip_range           | 0.2         |
|    entropy_loss         | -0.495      |
|    explained_variance   | -0.0929     |
|    learning_rate        | 0.0003      |
|    loss                 | -0.0712     |
|    n_updates            | 800         |
|    policy_gradient_loss | -0.0398     |
|    value_loss           | 0.00205     |
-----------------------------------------
-----------------------------------------
| rollout/                |             |
|    ep_len_mean          | 170         |
|    ep_rew_mean          | 65.9        |
| time/                   |             |
|    fps                  | 23          |
|    iterations           | 82          |
|    time_elapsed         | 1759        |
|    total_timesteps      | 41984       |
| train/                  |             |
|    approx_kl            | 0.016035264 |
|    clip_fraction        | 0.125       |
|    clip_range           | 0.2         |
|    entropy_loss         | -0.47       |
|    explained_variance   | 0.24        |
|    learning_rate        | 0.0003      |
|    loss                 | -0.0513     |
|    n_updates            | 810         |
|    policy_gradient_loss | -0.0264     |
|    value_loss           | 0.00684     |
-----------------------------------------
-----------------------------------------
| rollout/                |             |
|    ep_len_mean          | 171         |
|    ep_rew_mean          | 66.5        |
| time/                   |             |
|    fps                  | 23          |
|    iterations           | 83          |
|    time_elapsed         | 1779        |
|    total_timesteps      | 42496       |
| train/                  |             |
|    approx_kl            | 0.012292992 |
|    clip_fraction        | 0.116       |
|    clip_range           | 0.2         |
|    entropy_loss         | -0.318      |
|    explained_variance   | -12.3       |
|    learning_rate        | 0.0003      |
|    loss                 | -0.0506     |
|    n_updates            | 820         |
|    policy_gradient_loss | -0.0344     |
|    value_loss           | 0.000592    |
-----------------------------------------
-----------------------------------------
| rollout/                |             |
|    ep_len_mean          | 170         |
|    ep_rew_mean          | 66          |
| time/                   |             |
|    fps                  | 23          |
|    iterations           | 84          |
|    time_elapsed         | 1799        |
|    total_timesteps      | 43008       |
| train/                  |             |
|    approx_kl            | 0.022123268 |
|    clip_fraction        | 0.125       |
|    clip_range           | 0.2         |
|    entropy_loss         | -0.333      |
|    explained_variance   | -9.73       |
|    learning_rate        | 0.0003      |
|    loss                 | -0.0409     |
|    n_updates            | 830         |
|    policy_gradient_loss | -0.0254     |
|    value_loss           | 0.000601    |
-----------------------------------------
-----------------------------------------
| rollout/                |             |
|    ep_len_mean          | 170         |
|    ep_rew_mean          | 65.9        |
| time/                   |             |
|    fps                  | 23          |
|    iterations           | 85          |
|    time_elapsed         | 1819        |
|    total_timesteps      | 43520       |
| train/                  |             |
|    approx_kl            | 0.025183866 |
|    clip_fraction        | 0.157       |
|    clip_range           | 0.2         |
|    entropy_loss         | -0.532      |
|    explained_variance   | 0.0434      |
|    learning_rate        | 0.0003      |
|    loss                 | -0.0441     |
|    n_updates            | 840         |
|    policy_gradient_loss | -0.0386     |
|    value_loss           | 0.00265     |
-----------------------------------------
-----------------------------------------
| rollout/                |             |
|    ep_len_mean          | 168         |
|    ep_rew_mean          | 65.1        |
| time/                   |             |
|    fps                  | 23          |
|    iterations           | 86          |
|    time_elapsed         | 1839        |
|    total_timesteps      | 44032       |
| train/                  |             |
|    approx_kl            | 0.033409268 |
|    clip_fraction        | 0.194       |
|    clip_range           | 0.2         |
|    entropy_loss         | -0.487      |
|    explained_variance   | -4.28       |
|    learning_rate        | 0.0003      |
|    loss                 | -0.0933     |
|    n_updates            | 850         |
|    policy_gradient_loss | -0.0501     |
|    value_loss           | 0.000871    |
-----------------------------------------
----------------------------------------
| rollout/                |            |
|    ep_len_mean          | 170        |
|    ep_rew_mean          | 66.2       |
| time/                   |            |
|    fps                  | 23         |
|    iterations           | 87         |
|    time_elapsed         | 1859       |
|    total_timesteps      | 44544      |
| train/                  |            |
|    approx_kl            | 0.02156761 |
|    clip_fraction        | 0.133      |
|    clip_range           | 0.2        |
|    entropy_loss         | -0.475     |
|    explained_variance   | -0.447     |
|    learning_rate        | 0.0003     |
|    loss                 | -0.047     |
|    n_updates            | 860        |
|    policy_gradient_loss | -0.0348    |
|    value_loss           | 0.00274    |
----------------------------------------
[Eval @45000] R=7.4±2.4 CR=0.100 Spd=21.2 LC=7.8 SR=0.900
-----------------------------------------
| rollout/                |             |
|    ep_len_mean          | 170         |
|    ep_rew_mean          | 66.2        |
| time/                   |             |
|    fps                  | 23          |
|    iterations           | 88          |
|    time_elapsed         | 1949        |
|    total_timesteps      | 45056       |
| train/                  |             |
|    approx_kl            | 0.021681579 |
|    clip_fraction        | 0.177       |
|    clip_range           | 0.2         |
|    entropy_loss         | -0.447      |
|    explained_variance   | -6.12       |
|    learning_rate        | 0.0003      |
|    loss                 | -0.0469     |
|    n_updates            | 870         |
|    policy_gradient_loss | -0.0441     |
|    value_loss           | 0.000977    |
-----------------------------------------
-----------------------------------------
| rollout/                |             |
|    ep_len_mean          | 171         |
|    ep_rew_mean          | 66.8        |
| time/                   |             |
|    fps                  | 23          |
|    iterations           | 89          |
|    time_elapsed         | 1958        |
|    total_timesteps      | 45568       |
| train/                  |             |
|    approx_kl            | 0.018510882 |
|    clip_fraction        | 0.113       |
|    clip_range           | 0.2         |
|    entropy_loss         | -0.419      |
|    explained_variance   | -4.49       |
|    learning_rate        | 0.0003      |
|    loss                 | -0.0601     |
|    n_updates            | 880         |
|    policy_gradient_loss | -0.0345     |
|    value_loss           | 0.000748    |
-----------------------------------------
-----------------------------------------
| rollout/                |             |
|    ep_len_mean          | 172         |
|    ep_rew_mean          | 67.5        |
| time/                   |             |
|    fps                  | 23          |
|    iterations           | 90          |
|    time_elapsed         | 1967        |
|    total_timesteps      | 46080       |
| train/                  |             |
|    approx_kl            | 0.013662066 |
|    clip_fraction        | 0.0904      |
|    clip_range           | 0.2         |
|    entropy_loss         | -0.344      |
|    explained_variance   | -5.92       |
|    learning_rate        | 0.0003      |
|    loss                 | -0.03       |
|    n_updates            | 890         |
|    policy_gradient_loss | -0.0231     |
|    value_loss           | 0.000461    |
-----------------------------------------
----------------------------------------
| rollout/                |            |
|    ep_len_mean          | 169        |
|    ep_rew_mean          | 66.1       |
| time/                   |            |
|    fps                  | 23         |
|    iterations           | 91         |
|    time_elapsed         | 1973       |
|    total_timesteps      | 46592      |
| train/                  |            |
|    approx_kl            | 0.02220259 |
|    clip_fraction        | 0.151      |
|    clip_range           | 0.2        |
|    entropy_loss         | -0.505     |
|    explained_variance   | -4.89      |
|    learning_rate        | 0.0003     |
|    loss                 | -0.101     |
|    n_updates            | 900        |
|    policy_gradient_loss | -0.0412    |
|    value_loss           | 0.000767   |
----------------------------------------
-----------------------------------------
| rollout/                |             |
|    ep_len_mean          | 169         |
|    ep_rew_mean          | 66.1        |
| time/                   |             |
|    fps                  | 23          |
|    iterations           | 92          |
|    time_elapsed         | 1980        |
|    total_timesteps      | 47104       |
| train/                  |             |
|    approx_kl            | 0.017628876 |
|    clip_fraction        | 0.137       |
|    clip_range           | 0.2         |
|    entropy_loss         | -0.465      |
|    explained_variance   | 0.134       |
|    learning_rate        | 0.0003      |
|    loss                 | -0.0469     |
|    n_updates            | 910         |
|    policy_gradient_loss | -0.0262     |
|    value_loss           | 0.00362     |
-----------------------------------------
-----------------------------------------
| rollout/                |             |
|    ep_len_mean          | 169         |
|    ep_rew_mean          | 66          |
| time/                   |             |
|    fps                  | 23          |
|    iterations           | 93          |
|    time_elapsed         | 1986        |
|    total_timesteps      | 47616       |
| train/                  |             |
|    approx_kl            | 0.016430117 |
|    clip_fraction        | 0.124       |
|    clip_range           | 0.2         |
|    entropy_loss         | -0.443      |
|    explained_variance   | -11.4       |
|    learning_rate        | 0.0003      |
|    loss                 | -0.0604     |
|    n_updates            | 920         |
|    policy_gradient_loss | -0.0378     |
|    value_loss           | 0.000643    |
-----------------------------------------
----------------------------------------
| rollout/                |            |
|    ep_len_mean          | 170        |
|    ep_rew_mean          | 66.7       |
| time/                   |            |
|    fps                  | 24         |
|    iterations           | 94         |
|    time_elapsed         | 1992       |
|    total_timesteps      | 48128      |
| train/                  |            |
|    approx_kl            | 0.01945804 |
|    clip_fraction        | 0.142      |
|    clip_range           | 0.2        |
|    entropy_loss         | -0.464     |
|    explained_variance   | -0.123     |
|    learning_rate        | 0.0003     |
|    loss                 | -0.0452    |
|    n_updates            | 930        |
|    policy_gradient_loss | -0.0295    |
|    value_loss           | 0.00393    |
----------------------------------------
-----------------------------------------
| rollout/                |             |
|    ep_len_mean          | 168         |
|    ep_rew_mean          | 65.4        |
| time/                   |             |
|    fps                  | 24          |
|    iterations           | 95          |
|    time_elapsed         | 1999        |
|    total_timesteps      | 48640       |
| train/                  |             |
|    approx_kl            | 0.008701067 |
|    clip_fraction        | 0.076       |
|    clip_range           | 0.2         |
|    entropy_loss         | -0.351      |
|    explained_variance   | -8.22       |
|    learning_rate        | 0.0003      |
|    loss                 | -0.0491     |
|    n_updates            | 940         |
|    policy_gradient_loss | -0.0202     |
|    value_loss           | 0.000365    |
-----------------------------------------
-----------------------------------------
| rollout/                |             |
|    ep_len_mean          | 169         |
|    ep_rew_mean          | 66.1        |
| time/                   |             |
|    fps                  | 24          |
|    iterations           | 96          |
|    time_elapsed         | 2006        |
|    total_timesteps      | 49152       |
| train/                  |             |
|    approx_kl            | 0.020404141 |
|    clip_fraction        | 0.128       |
|    clip_range           | 0.2         |
|    entropy_loss         | -0.408      |
|    explained_variance   | 0.258       |
|    learning_rate        | 0.0003      |
|    loss                 | -0.0652     |
|    n_updates            | 950         |
|    policy_gradient_loss | -0.0304     |
|    value_loss           | 0.0069      |
-----------------------------------------
-----------------------------------------
| rollout/                |             |
|    ep_len_mean          | 168         |
|    ep_rew_mean          | 65.8        |
| time/                   |             |
|    fps                  | 24          |
|    iterations           | 97          |
|    time_elapsed         | 2012        |
|    total_timesteps      | 49664       |
| train/                  |             |
|    approx_kl            | 0.017478142 |
|    clip_fraction        | 0.102       |
|    clip_range           | 0.2         |
|    entropy_loss         | -0.257      |
|    explained_variance   | -9.32       |
|    learning_rate        | 0.0003      |
|    loss                 | -0.0318     |
|    n_updates            | 960         |
|    policy_gradient_loss | -0.0259     |
|    value_loss           | 0.000944    |
-----------------------------------------
[Eval @50000] R=8.3±0.3 CR=0.000 Spd=21.4 LC=5.6 SR=1.000
-----------------------------------------
| rollout/                |             |
|    ep_len_mean          | 169         |
|    ep_rew_mean          | 66.1        |
| time/                   |             |
|    fps                  | 24          |
|    iterations           | 98          |
|    time_elapsed         | 2049        |
|    total_timesteps      | 50176       |
| train/                  |             |
|    approx_kl            | 0.018812856 |
|    clip_fraction        | 0.107       |
|    clip_range           | 0.2         |
|    entropy_loss         | -0.374      |
|    explained_variance   | -0.0641     |
|    learning_rate        | 0.0003      |
|    loss                 | -0.0474     |
|    n_updates            | 970         |
|    policy_gradient_loss | -0.0257     |
|    value_loss           | 0.00302     |
-----------------------------------------
[PPO] Done. Model: ./logs/ppo/comfort/seed_42/final_model.zip
