[WARNING] GrayscaleImage not available, falling back to OccupancyGrid.
[PPO] reward=aggressive seed=123 steps=50000 policy=MlpPolicy
[PPO] run_dir=./logs/ppo/aggressive/seed_123
[WARNING] GrayscaleImage not available, falling back to OccupancyGrid.
[WARNING] GrayscaleImage not available, falling back to OccupancyGrid.
Using cpu device
Logging to ./logs/ppo/aggressive/seed_123/ppo_aggressive_seed123_1
---------------------------------
| rollout/           |          |
|    ep_len_mean     | 44.9     |
|    ep_rew_mean     | 36       |
| time/              |          |
|    fps             | 78       |
|    iterations      | 1        |
|    time_elapsed    | 6        |
|    total_timesteps | 512      |
---------------------------------
------------------------------------------
| rollout/                |              |
|    ep_len_mean          | 46.6         |
|    ep_rew_mean          | 37.5         |
| time/                   |              |
|    fps                  | 77           |
|    iterations           | 2            |
|    time_elapsed         | 13           |
|    total_timesteps      | 1024         |
| train/                  |              |
|    approx_kl            | 0.0032020058 |
|    clip_fraction        | 0.00352      |
|    clip_range           | 0.2          |
|    entropy_loss         | -1.61        |
|    explained_variance   | -0.551       |
|    learning_rate        | 0.0003       |
|    loss                 | -0.0511      |
|    n_updates            | 10           |
|    policy_gradient_loss | -0.0156      |
|    value_loss           | 0.522        |
------------------------------------------
------------------------------------------
| rollout/                |              |
|    ep_len_mean          | 50.4         |
|    ep_rew_mean          | 40.6         |
| time/                   |              |
|    fps                  | 77           |
|    iterations           | 3            |
|    time_elapsed         | 19           |
|    total_timesteps      | 1536         |
| train/                  |              |
|    approx_kl            | 0.0070575187 |
|    clip_fraction        | 0.0271       |
|    clip_range           | 0.2          |
|    entropy_loss         | -1.6         |
|    explained_variance   | -3.8         |
|    learning_rate        | 0.0003       |
|    loss                 | -0.0865      |
|    n_updates            | 20           |
|    policy_gradient_loss | -0.0338      |
|    value_loss           | 0.0183       |
------------------------------------------
-----------------------------------------
| rollout/                |             |
|    ep_len_mean          | 48.5        |
|    ep_rew_mean          | 38.9        |
| time/                   |             |
|    fps                  | 77          |
|    iterations           | 4           |
|    time_elapsed         | 26          |
|    total_timesteps      | 2048        |
| train/                  |             |
|    approx_kl            | 0.009712048 |
|    clip_fraction        | 0.058       |
|    clip_range           | 0.2         |
|    entropy_loss         | -1.59       |
|    explained_variance   | -4.61       |
|    learning_rate        | 0.0003      |
|    loss                 | -0.102      |
|    n_updates            | 30          |
|    policy_gradient_loss | -0.0435     |
|    value_loss           | 0.0154      |
-----------------------------------------
-----------------------------------------
| rollout/                |             |
|    ep_len_mean          | 48.3        |
|    ep_rew_mean          | 38.9        |
| time/                   |             |
|    fps                  | 77          |
|    iterations           | 5           |
|    time_elapsed         | 33          |
|    total_timesteps      | 2560        |
| train/                  |             |
|    approx_kl            | 0.012263279 |
|    clip_fraction        | 0.0814      |
|    clip_range           | 0.2         |
|    entropy_loss         | -1.58       |
|    explained_variance   | -1.19       |
|    learning_rate        | 0.0003      |
|    loss                 | -0.106      |
|    n_updates            | 40          |
|    policy_gradient_loss | -0.0517     |
|    value_loss           | 0.00745     |
-----------------------------------------
-----------------------------------------
| rollout/                |             |
|    ep_len_mean          | 47.7        |
|    ep_rew_mean          | 38.2        |
| time/                   |             |
|    fps                  | 77          |
|    iterations           | 6           |
|    time_elapsed         | 39          |
|    total_timesteps      | 3072        |
| train/                  |             |
|    approx_kl            | 0.010733111 |
|    clip_fraction        | 0.0863      |
|    clip_range           | 0.2         |
|    entropy_loss         | -1.57       |
|    explained_variance   | -1.13       |
|    learning_rate        | 0.0003      |
|    loss                 | -0.0974     |
|    n_updates            | 50          |
|    policy_gradient_loss | -0.0461     |
|    value_loss           | 0.00841     |
-----------------------------------------
-----------------------------------------
| rollout/                |             |
|    ep_len_mean          | 44.8        |
|    ep_rew_mean          | 35.5        |
| time/                   |             |
|    fps                  | 77          |
|    iterations           | 7           |
|    time_elapsed         | 46          |
|    total_timesteps      | 3584        |
| train/                  |             |
|    approx_kl            | 0.012435217 |
|    clip_fraction        | 0.0975      |
|    clip_range           | 0.2         |
|    entropy_loss         | -1.55       |
|    explained_variance   | -0.793      |
|    learning_rate        | 0.0003      |
|    loss                 | -0.0938     |
|    n_updates            | 60          |
|    policy_gradient_loss | -0.0518     |
|    value_loss           | 0.00777     |
-----------------------------------------
-----------------------------------------
| rollout/                |             |
|    ep_len_mean          | 45          |
|    ep_rew_mean          | 35.7        |
| time/                   |             |
|    fps                  | 77          |
|    iterations           | 8           |
|    time_elapsed         | 53          |
|    total_timesteps      | 4096        |
| train/                  |             |
|    approx_kl            | 0.015096597 |
|    clip_fraction        | 0.148       |
|    clip_range           | 0.2         |
|    entropy_loss         | -1.54       |
|    explained_variance   | -0.151      |
|    learning_rate        | 0.0003      |
|    loss                 | -0.0842     |
|    n_updates            | 70          |
|    policy_gradient_loss | -0.0584     |
|    value_loss           | 0.00812     |
-----------------------------------------
-----------------------------------------
| rollout/                |             |
|    ep_len_mean          | 46.4        |
|    ep_rew_mean          | 37          |
| time/                   |             |
|    fps                  | 77          |
|    iterations           | 9           |
|    time_elapsed         | 59          |
|    total_timesteps      | 4608        |
| train/                  |             |
|    approx_kl            | 0.014372563 |
|    clip_fraction        | 0.122       |
|    clip_range           | 0.2         |
|    entropy_loss         | -1.53       |
|    explained_variance   | -0.699      |
|    learning_rate        | 0.0003      |
|    loss                 | -0.11       |
|    n_updates            | 80          |
|    policy_gradient_loss | -0.0557     |
|    value_loss           | 0.00768     |
-----------------------------------------
[Eval @5000] NEW BEST mean_reward=8.740
[Eval @5000] R=8.7±7.9 CR=0.400 Spd=21.8 LC=19.2 SR=0.600
-----------------------------------------
| rollout/                |             |
|    ep_len_mean          | 48.5        |
|    ep_rew_mean          | 38.9        |
| time/                   |             |
|    fps                  | 59          |
|    iterations           | 10          |
|    time_elapsed         | 86          |
|    total_timesteps      | 5120        |
| train/                  |             |
|    approx_kl            | 0.014858397 |
|    clip_fraction        | 0.127       |
|    clip_range           | 0.2         |
|    entropy_loss         | -1.52       |
|    explained_variance   | -0.83       |
|    learning_rate        | 0.0003      |
|    loss                 | -0.109      |
|    n_updates            | 90          |
|    policy_gradient_loss | -0.0592     |
|    value_loss           | 0.00548     |
-----------------------------------------
-----------------------------------------
| rollout/                |             |
|    ep_len_mean          | 50.7        |
|    ep_rew_mean          | 40.9        |
| time/                   |             |
|    fps                  | 60          |
|    iterations           | 11          |
|    time_elapsed         | 93          |
|    total_timesteps      | 5632        |
| train/                  |             |
|    approx_kl            | 0.014284232 |
|    clip_fraction        | 0.125       |
|    clip_range           | 0.2         |
|    entropy_loss         | -1.49       |
|    explained_variance   | -1.55       |
|    learning_rate        | 0.0003      |
|    loss                 | -0.101      |
|    n_updates            | 100         |
|    policy_gradient_loss | -0.0579     |
|    value_loss           | 0.00507     |
-----------------------------------------
----------------------------------------
| rollout/                |            |
|    ep_len_mean          | 53.3       |
|    ep_rew_mean          | 43.2       |
| time/                   |            |
|    fps                  | 61         |
|    iterations           | 12         |
|    time_elapsed         | 99         |
|    total_timesteps      | 6144       |
| train/                  |            |
|    approx_kl            | 0.01526937 |
|    clip_fraction        | 0.149      |
|    clip_range           | 0.2        |
|    entropy_loss         | -1.48      |
|    explained_variance   | -3.16      |
|    learning_rate        | 0.0003     |
|    loss                 | -0.12      |
|    n_updates            | 110        |
|    policy_gradient_loss | -0.058     |
|    value_loss           | 0.00397    |
----------------------------------------
-----------------------------------------
| rollout/                |             |
|    ep_len_mean          | 56.1        |
|    ep_rew_mean          | 45.8        |
| time/                   |             |
|    fps                  | 62          |
|    iterations           | 13          |
|    time_elapsed         | 106         |
|    total_timesteps      | 6656        |
| train/                  |             |
|    approx_kl            | 0.015071675 |
|    clip_fraction        | 0.144       |
|    clip_range           | 0.2         |
|    entropy_loss         | -1.47       |
|    explained_variance   | -2.12       |
|    learning_rate        | 0.0003      |
|    loss                 | -0.106      |
|    n_updates            | 120         |
|    policy_gradient_loss | -0.0595     |
|    value_loss           | 0.00427     |
-----------------------------------------
-----------------------------------------
| rollout/                |             |
|    ep_len_mean          | 56.6        |
|    ep_rew_mean          | 46.2        |
| time/                   |             |
|    fps                  | 63          |
|    iterations           | 14          |
|    time_elapsed         | 113         |
|    total_timesteps      | 7168        |
| train/                  |             |
|    approx_kl            | 0.016520426 |
|    clip_fraction        | 0.159       |
|    clip_range           | 0.2         |
|    entropy_loss         | -1.41       |
|    explained_variance   | -1.85       |
|    learning_rate        | 0.0003      |
|    loss                 | -0.101      |
|    n_updates            | 130         |
|    policy_gradient_loss | -0.0543     |
|    value_loss           | 0.00525     |
-----------------------------------------
-----------------------------------------
| rollout/                |             |
|    ep_len_mean          | 57.3        |
|    ep_rew_mean          | 46.9        |
| time/                   |             |
|    fps                  | 64          |
|    iterations           | 15          |
|    time_elapsed         | 119         |
|    total_timesteps      | 7680        |
| train/                  |             |
|    approx_kl            | 0.018801494 |
|    clip_fraction        | 0.182       |
|    clip_range           | 0.2         |
|    entropy_loss         | -1.42       |
|    explained_variance   | -1.7        |
|    learning_rate        | 0.0003      |
|    loss                 | -0.111      |
|    n_updates            | 140         |
|    policy_gradient_loss | -0.0626     |
|    value_loss           | 0.00501     |
-----------------------------------------
-----------------------------------------
| rollout/                |             |
|    ep_len_mean          | 59.5        |
|    ep_rew_mean          | 48.9        |
| time/                   |             |
|    fps                  | 64          |
|    iterations           | 16          |
|    time_elapsed         | 126         |
|    total_timesteps      | 8192        |
| train/                  |             |
|    approx_kl            | 0.015620914 |
|    clip_fraction        | 0.137       |
|    clip_range           | 0.2         |
|    entropy_loss         | -1.39       |
|    explained_variance   | -1.18       |
|    learning_rate        | 0.0003      |
|    loss                 | -0.0947     |
|    n_updates            | 150         |
|    policy_gradient_loss | -0.0569     |
|    value_loss           | 0.00524     |
-----------------------------------------
----------------------------------------
| rollout/                |            |
|    ep_len_mean          | 61.6       |
|    ep_rew_mean          | 50.8       |
| time/                   |            |
|    fps                  | 65         |
|    iterations           | 17         |
|    time_elapsed         | 133        |
|    total_timesteps      | 8704       |
| train/                  |            |
|    approx_kl            | 0.01742036 |
|    clip_fraction        | 0.153      |
|    clip_range           | 0.2        |
|    entropy_loss         | -1.37      |
|    explained_variance   | -1.22      |
|    learning_rate        | 0.0003     |
|    loss                 | -0.102     |
|    n_updates            | 160        |
|    policy_gradient_loss | -0.0592    |
|    value_loss           | 0.00391    |
----------------------------------------
----------------------------------------
| rollout/                |            |
|    ep_len_mean          | 63.8       |
|    ep_rew_mean          | 52.7       |
| time/                   |            |
|    fps                  | 65         |
|    iterations           | 18         |
|    time_elapsed         | 139        |
|    total_timesteps      | 9216       |
| train/                  |            |
|    approx_kl            | 0.02116749 |
|    clip_fraction        | 0.18       |
|    clip_range           | 0.2        |
|    entropy_loss         | -1.34      |
|    explained_variance   | -0.858     |
|    learning_rate        | 0.0003     |
|    loss                 | -0.109     |
|    n_updates            | 170        |
|    policy_gradient_loss | -0.0625    |
|    value_loss           | 0.00372    |
----------------------------------------
----------------------------------------
| rollout/                |            |
|    ep_len_mean          | 66.3       |
|    ep_rew_mean          | 55.2       |
| time/                   |            |
|    fps                  | 66         |
|    iterations           | 19         |
|    time_elapsed         | 146        |
|    total_timesteps      | 9728       |
| train/                  |            |
|    approx_kl            | 0.01737969 |
|    clip_fraction        | 0.146      |
|    clip_range           | 0.2        |
|    entropy_loss         | -1.32      |
|    explained_variance   | -0.956     |
|    learning_rate        | 0.0003     |
|    loss                 | -0.0881    |
|    n_updates            | 180        |
|    policy_gradient_loss | -0.0545    |
|    value_loss           | 0.0031     |
----------------------------------------
[Eval @10000] R=6.9±2.6 CR=0.200 Spd=22.7 LC=46.4 SR=0.800
-----------------------------------------
| rollout/                |             |
|    ep_len_mean          | 69.7        |
|    ep_rew_mean          | 58.3        |
| time/                   |             |
|    fps                  | 58          |
|    iterations           | 20          |
|    time_elapsed         | 174         |
|    total_timesteps      | 10240       |
| train/                  |             |
|    approx_kl            | 0.021349996 |
|    clip_fraction        | 0.186       |
|    clip_range           | 0.2         |
|    entropy_loss         | -1.3        |
|    explained_variance   | -1.48       |
|    learning_rate        | 0.0003      |
|    loss                 | -0.11       |
|    n_updates            | 190         |
|    policy_gradient_loss | -0.0616     |
|    value_loss           | 0.00402     |
-----------------------------------------
----------------------------------------
| rollout/                |            |
|    ep_len_mean          | 73.6       |
|    ep_rew_mean          | 61.8       |
| time/                   |            |
|    fps                  | 57         |
|    iterations           | 21         |
|    time_elapsed         | 188        |
|    total_timesteps      | 10752      |
| train/                  |            |
|    approx_kl            | 0.02006934 |
|    clip_fraction        | 0.183      |
|    clip_range           | 0.2        |
|    entropy_loss         | -1.34      |
|    explained_variance   | -1.56      |
|    learning_rate        | 0.0003     |
|    loss                 | -0.112     |
|    n_updates            | 200        |
|    policy_gradient_loss | -0.0624    |
|    value_loss           | 0.00328    |
----------------------------------------
---------------------------------------
| rollout/                |           |
|    ep_len_mean          | 76.7      |
|    ep_rew_mean          | 64.6      |
| time/                   |           |
|    fps                  | 53        |
|    iterations           | 22        |
|    time_elapsed         | 208       |
|    total_timesteps      | 11264     |
| train/                  |           |
|    approx_kl            | 0.0192756 |
|    clip_fraction        | 0.174     |
|    clip_range           | 0.2       |
|    entropy_loss         | -1.33     |
|    explained_variance   | -2.02     |
|    learning_rate        | 0.0003    |
|    loss                 | -0.116    |
|    n_updates            | 210       |
|    policy_gradient_loss | -0.0626   |
|    value_loss           | 0.003     |
---------------------------------------
-----------------------------------------
| rollout/                |             |
|    ep_len_mean          | 78.4        |
|    ep_rew_mean          | 66.3        |
| time/                   |             |
|    fps                  | 51          |
|    iterations           | 23          |
|    time_elapsed         | 229         |
|    total_timesteps      | 11776       |
| train/                  |             |
|    approx_kl            | 0.018278105 |
|    clip_fraction        | 0.177       |
|    clip_range           | 0.2         |
|    entropy_loss         | -1.3        |
|    explained_variance   | -0.784      |
|    learning_rate        | 0.0003      |
|    loss                 | -0.0845     |
|    n_updates            | 220         |
|    policy_gradient_loss | -0.057      |
|    value_loss           | 0.00266     |
-----------------------------------------
-----------------------------------------
| rollout/                |             |
|    ep_len_mean          | 80.5        |
|    ep_rew_mean          | 68.2        |
| time/                   |             |
|    fps                  | 49          |
|    iterations           | 24          |
|    time_elapsed         | 249         |
|    total_timesteps      | 12288       |
| train/                  |             |
|    approx_kl            | 0.020811833 |
|    clip_fraction        | 0.186       |
|    clip_range           | 0.2         |
|    entropy_loss         | -1.24       |
|    explained_variance   | -2.38       |
|    learning_rate        | 0.0003      |
|    loss                 | -0.103      |
|    n_updates            | 230         |
|    policy_gradient_loss | -0.063      |
|    value_loss           | 0.00399     |
-----------------------------------------
-----------------------------------------
| rollout/                |             |
|    ep_len_mean          | 82.6        |
|    ep_rew_mean          | 70.1        |
| time/                   |             |
|    fps                  | 47          |
|    iterations           | 25          |
|    time_elapsed         | 269         |
|    total_timesteps      | 12800       |
| train/                  |             |
|    approx_kl            | 0.018838257 |
|    clip_fraction        | 0.193       |
|    clip_range           | 0.2         |
|    entropy_loss         | -1.24       |
|    explained_variance   | -0.635      |
|    learning_rate        | 0.0003      |
|    loss                 | -0.0851     |
|    n_updates            | 240         |
|    policy_gradient_loss | -0.0612     |
|    value_loss           | 0.00257     |
-----------------------------------------
-----------------------------------------
| rollout/                |             |
|    ep_len_mean          | 83.6        |
|    ep_rew_mean          | 71.2        |
| time/                   |             |
|    fps                  | 46          |
|    iterations           | 26          |
|    time_elapsed         | 288         |
|    total_timesteps      | 13312       |
| train/                  |             |
|    approx_kl            | 0.020798486 |
|    clip_fraction        | 0.207       |
|    clip_range           | 0.2         |
|    entropy_loss         | -1.25       |
|    explained_variance   | -2.36       |
|    learning_rate        | 0.0003      |
|    loss                 | -0.093      |
|    n_updates            | 250         |
|    policy_gradient_loss | -0.0629     |
|    value_loss           | 0.00291     |
-----------------------------------------
-----------------------------------------
| rollout/                |             |
|    ep_len_mean          | 85.4        |
|    ep_rew_mean          | 72.8        |
| time/                   |             |
|    fps                  | 46          |
|    iterations           | 27          |
|    time_elapsed         | 294         |
|    total_timesteps      | 13824       |
| train/                  |             |
|    approx_kl            | 0.021322342 |
|    clip_fraction        | 0.181       |
|    clip_range           | 0.2         |
|    entropy_loss         | -1.2        |
|    explained_variance   | -1.03       |
|    learning_rate        | 0.0003      |
|    loss                 | -0.0946     |
|    n_updates            | 260         |
|    policy_gradient_loss | -0.0536     |
|    value_loss           | 0.00234     |
-----------------------------------------
-----------------------------------------
| rollout/                |             |
|    ep_len_mean          | 83          |
|    ep_rew_mean          | 70.8        |
| time/                   |             |
|    fps                  | 47          |
|    iterations           | 28          |
|    time_elapsed         | 301         |
|    total_timesteps      | 14336       |
| train/                  |             |
|    approx_kl            | 0.013870813 |
|    clip_fraction        | 0.133       |
|    clip_range           | 0.2         |
|    entropy_loss         | -1.17       |
|    explained_variance   | -0.514      |
|    learning_rate        | 0.0003      |
|    loss                 | -0.088      |
|    n_updates            | 270         |
|    policy_gradient_loss | -0.0479     |
|    value_loss           | 0.00225     |
-----------------------------------------
-----------------------------------------
| rollout/                |             |
|    ep_len_mean          | 83.3        |
|    ep_rew_mean          | 71.1        |
| time/                   |             |
|    fps                  | 48          |
|    iterations           | 29          |
|    time_elapsed         | 308         |
|    total_timesteps      | 14848       |
| train/                  |             |
|    approx_kl            | 0.018795278 |
|    clip_fraction        | 0.164       |
|    clip_range           | 0.2         |
|    entropy_loss         | -1.2        |
|    explained_variance   | -0.357      |
|    learning_rate        | 0.0003      |
|    loss                 | -0.0967     |
|    n_updates            | 280         |
|    policy_gradient_loss | -0.0568     |
|    value_loss           | 0.00287     |
-----------------------------------------
[Eval @15000] R=7.2±1.7 CR=0.400 Spd=21.9 LC=43.8 SR=0.600
-----------------------------------------
| rollout/                |             |
|    ep_len_mean          | 85.3        |
|    ep_rew_mean          | 73          |
| time/                   |             |
|    fps                  | 45          |
|    iterations           | 30          |
|    time_elapsed         | 336         |
|    total_timesteps      | 15360       |
| train/                  |             |
|    approx_kl            | 0.022389155 |
|    clip_fraction        | 0.205       |
|    clip_range           | 0.2         |
|    entropy_loss         | -1.19       |
|    explained_variance   | -4.84       |
|    learning_rate        | 0.0003      |
|    loss                 | -0.0904     |
|    n_updates            | 290         |
|    policy_gradient_loss | -0.0609     |
|    value_loss           | 0.00188     |
-----------------------------------------
----------------------------------------
| rollout/                |            |
|    ep_len_mean          | 86         |
|    ep_rew_mean          | 73.7       |
| time/                   |            |
|    fps                  | 46         |
|    iterations           | 31         |
|    time_elapsed         | 343        |
|    total_timesteps      | 15872      |
| train/                  |            |
|    approx_kl            | 0.01777395 |
|    clip_fraction        | 0.173      |
|    clip_range           | 0.2        |
|    entropy_loss         | -1.13      |
|    explained_variance   | -1.18      |
|    learning_rate        | 0.0003     |
|    loss                 | -0.0912    |
|    n_updates            | 300        |
|    policy_gradient_loss | -0.0565    |
|    value_loss           | 0.00247    |
----------------------------------------
----------------------------------------
| rollout/                |            |
|    ep_len_mean          | 89.1       |
|    ep_rew_mean          | 76.7       |
| time/                   |            |
|    fps                  | 46         |
|    iterations           | 32         |
|    time_elapsed         | 349        |
|    total_timesteps      | 16384      |
| train/                  |            |
|    approx_kl            | 0.01881354 |
|    clip_fraction        | 0.181      |
|    clip_range           | 0.2        |
|    entropy_loss         | -1.19      |
|    explained_variance   | -0.387     |
|    learning_rate        | 0.0003     |
|    loss                 | -0.0854    |
|    n_updates            | 310        |
|    policy_gradient_loss | -0.0571    |
|    value_loss           | 0.00249    |
----------------------------------------
-----------------------------------------
| rollout/                |             |
|    ep_len_mean          | 90.1        |
|    ep_rew_mean          | 77.6        |
| time/                   |             |
|    fps                  | 47          |
|    iterations           | 33          |
|    time_elapsed         | 356         |
|    total_timesteps      | 16896       |
| train/                  |             |
|    approx_kl            | 0.020389445 |
|    clip_fraction        | 0.194       |
|    clip_range           | 0.2         |
|    entropy_loss         | -1.17       |
|    explained_variance   | -1.18       |
|    learning_rate        | 0.0003      |
|    loss                 | -0.101      |
|    n_updates            | 320         |
|    policy_gradient_loss | -0.0573     |
|    value_loss           | 0.00194     |
-----------------------------------------
----------------------------------------
| rollout/                |            |
|    ep_len_mean          | 93         |
|    ep_rew_mean          | 80.4       |
| time/                   |            |
|    fps                  | 47         |
|    iterations           | 34         |
|    time_elapsed         | 363        |
|    total_timesteps      | 17408      |
| train/                  |            |
|    approx_kl            | 0.02276582 |
|    clip_fraction        | 0.187      |
|    clip_range           | 0.2        |
|    entropy_loss         | -1.18      |
|    explained_variance   | -0.861     |
|    learning_rate        | 0.0003     |
|    loss                 | -0.11      |
|    n_updates            | 330        |
|    policy_gradient_loss | -0.0609    |
|    value_loss           | 0.00136    |
----------------------------------------
-----------------------------------------
| rollout/                |             |
|    ep_len_mean          | 93.3        |
|    ep_rew_mean          | 80.7        |
| time/                   |             |
|    fps                  | 48          |
|    iterations           | 35          |
|    time_elapsed         | 369         |
|    total_timesteps      | 17920       |
| train/                  |             |
|    approx_kl            | 0.020608645 |
|    clip_fraction        | 0.211       |
|    clip_range           | 0.2         |
|    entropy_loss         | -1.22       |
|    explained_variance   | -2.18       |
|    learning_rate        | 0.0003      |
|    loss                 | -0.106      |
|    n_updates            | 340         |
|    policy_gradient_loss | -0.0628     |
|    value_loss           | 0.00246     |
-----------------------------------------
-----------------------------------------
| rollout/                |             |
|    ep_len_mean          | 95.9        |
|    ep_rew_mean          | 83.1        |
| time/                   |             |
|    fps                  | 48          |
|    iterations           | 36          |
|    time_elapsed         | 376         |
|    total_timesteps      | 18432       |
| train/                  |             |
|    approx_kl            | 0.015495652 |
|    clip_fraction        | 0.132       |
|    clip_range           | 0.2         |
|    entropy_loss         | -1.15       |
|    explained_variance   | -0.44       |
|    learning_rate        | 0.0003      |
|    loss                 | -0.0839     |
|    n_updates            | 350         |
|    policy_gradient_loss | -0.0466     |
|    value_loss           | 0.00153     |
-----------------------------------------
-----------------------------------------
| rollout/                |             |
|    ep_len_mean          | 95.7        |
|    ep_rew_mean          | 83.1        |
| time/                   |             |
|    fps                  | 49          |
|    iterations           | 37          |
|    time_elapsed         | 383         |
|    total_timesteps      | 18944       |
| train/                  |             |
|    approx_kl            | 0.022955481 |
|    clip_fraction        | 0.229       |
|    clip_range           | 0.2         |
|    entropy_loss         | -1.16       |
|    explained_variance   | -1.59       |
|    learning_rate        | 0.0003      |
|    loss                 | -0.0913     |
|    n_updates            | 360         |
|    policy_gradient_loss | -0.0634     |
|    value_loss           | 0.00179     |
-----------------------------------------
-----------------------------------------
| rollout/                |             |
|    ep_len_mean          | 97.4        |
|    ep_rew_mean          | 84.7        |
| time/                   |             |
|    fps                  | 49          |
|    iterations           | 38          |
|    time_elapsed         | 389         |
|    total_timesteps      | 19456       |
| train/                  |             |
|    approx_kl            | 0.023186503 |
|    clip_fraction        | 0.192       |
|    clip_range           | 0.2         |
|    entropy_loss         | -1.17       |
|    explained_variance   | -0.447      |
|    learning_rate        | 0.0003      |
|    loss                 | -0.119      |
|    n_updates            | 370         |
|    policy_gradient_loss | -0.0602     |
|    value_loss           | 0.00154     |
-----------------------------------------
-----------------------------------------
| rollout/                |             |
|    ep_len_mean          | 99.5        |
|    ep_rew_mean          | 86.7        |
| time/                   |             |
|    fps                  | 50          |
|    iterations           | 39          |
|    time_elapsed         | 396         |
|    total_timesteps      | 19968       |
| train/                  |             |
|    approx_kl            | 0.022056531 |
|    clip_fraction        | 0.181       |
|    clip_range           | 0.2         |
|    entropy_loss         | -1.09       |
|    explained_variance   | -0.705      |
|    learning_rate        | 0.0003      |
|    loss                 | -0.0974     |
|    n_updates            | 380         |
|    policy_gradient_loss | -0.0537     |
|    value_loss           | 0.00201     |
-----------------------------------------
[Eval @20000] R=8.0±1.5 CR=0.100 Spd=22.2 LC=24.5 SR=0.900
-----------------------------------------
| rollout/                |             |
|    ep_len_mean          | 97.2        |
|    ep_rew_mean          | 84.6        |
| time/                   |             |
|    fps                  | 47          |
|    iterations           | 40          |
|    time_elapsed         | 426         |
|    total_timesteps      | 20480       |
| train/                  |             |
|    approx_kl            | 0.019075595 |
|    clip_fraction        | 0.173       |
|    clip_range           | 0.2         |
|    entropy_loss         | -1.15       |
|    explained_variance   | -0.638      |
|    learning_rate        | 0.0003      |
|    loss                 | -0.115      |
|    n_updates            | 390         |
|    policy_gradient_loss | -0.0518     |
|    value_loss           | 0.00152     |
-----------------------------------------
----------------------------------------
| rollout/                |            |
|    ep_len_mean          | 98.8       |
|    ep_rew_mean          | 86.1       |
| time/                   |            |
|    fps                  | 48         |
|    iterations           | 41         |
|    time_elapsed         | 433        |
|    total_timesteps      | 20992      |
| train/                  |            |
|    approx_kl            | 0.02365054 |
|    clip_fraction        | 0.227      |
|    clip_range           | 0.2        |
|    entropy_loss         | -1.14      |
|    explained_variance   | -0.778     |
|    learning_rate        | 0.0003     |
|    loss                 | -0.0923    |
|    n_updates            | 400        |
|    policy_gradient_loss | -0.0592    |
|    value_loss           | 0.00215    |
----------------------------------------
-----------------------------------------
| rollout/                |             |
|    ep_len_mean          | 101         |
|    ep_rew_mean          | 87.9        |
| time/                   |             |
|    fps                  | 48          |
|    iterations           | 42          |
|    time_elapsed         | 440         |
|    total_timesteps      | 21504       |
| train/                  |             |
|    approx_kl            | 0.019928224 |
|    clip_fraction        | 0.18        |
|    clip_range           | 0.2         |
|    entropy_loss         | -1.1        |
|    explained_variance   | -1.28       |
|    learning_rate        | 0.0003      |
|    loss                 | -0.0807     |
|    n_updates            | 410         |
|    policy_gradient_loss | -0.0522     |
|    value_loss           | 0.00175     |
-----------------------------------------
-----------------------------------------
| rollout/                |             |
|    ep_len_mean          | 102         |
|    ep_rew_mean          | 89          |
| time/                   |             |
|    fps                  | 49          |
|    iterations           | 43          |
|    time_elapsed         | 446         |
|    total_timesteps      | 22016       |
| train/                  |             |
|    approx_kl            | 0.018959824 |
|    clip_fraction        | 0.176       |
|    clip_range           | 0.2         |
|    entropy_loss         | -1.07       |
|    explained_variance   | -1.44       |
|    learning_rate        | 0.0003      |
|    loss                 | -0.0959     |
|    n_updates            | 420         |
|    policy_gradient_loss | -0.0521     |
|    value_loss           | 0.00195     |
-----------------------------------------
---------------------------------------
| rollout/                |           |
|    ep_len_mean          | 103       |
|    ep_rew_mean          | 90.3      |
| time/                   |           |
|    fps                  | 49        |
|    iterations           | 44        |
|    time_elapsed         | 453       |
|    total_timesteps      | 22528     |
| train/                  |           |
|    approx_kl            | 0.0232892 |
|    clip_fraction        | 0.249     |
|    clip_range           | 0.2       |
|    entropy_loss         | -1.11     |
|    explained_variance   | -1.19     |
|    learning_rate        | 0.0003    |
|    loss                 | -0.0932   |
|    n_updates            | 430       |
|    policy_gradient_loss | -0.062    |
|    value_loss           | 0.00163   |
---------------------------------------
-----------------------------------------
| rollout/                |             |
|    ep_len_mean          | 105         |
|    ep_rew_mean          | 91.8        |
| time/                   |             |
|    fps                  | 50          |
|    iterations           | 45          |
|    time_elapsed         | 459         |
|    total_timesteps      | 23040       |
| train/                  |             |
|    approx_kl            | 0.020945746 |
|    clip_fraction        | 0.196       |
|    clip_range           | 0.2         |
|    entropy_loss         | -1.14       |
|    explained_variance   | -0.57       |
|    learning_rate        | 0.0003      |
|    loss                 | -0.106      |
|    n_updates            | 440         |
|    policy_gradient_loss | -0.0562     |
|    value_loss           | 0.00167     |
-----------------------------------------
----------------------------------------
| rollout/                |            |
|    ep_len_mean          | 104        |
|    ep_rew_mean          | 90.7       |
| time/                   |            |
|    fps                  | 50         |
|    iterations           | 46         |
|    time_elapsed         | 466        |
|    total_timesteps      | 23552      |
| train/                  |            |
|    approx_kl            | 0.01827221 |
|    clip_fraction        | 0.175      |
|    clip_range           | 0.2        |
|    entropy_loss         | -1.08      |
|    explained_variance   | -0.731     |
|    learning_rate        | 0.0003     |
|    loss                 | -0.0831    |
|    n_updates            | 450        |
|    policy_gradient_loss | -0.0539    |
|    value_loss           | 0.00191    |
----------------------------------------
----------------------------------------
| rollout/                |            |
|    ep_len_mean          | 106        |
|    ep_rew_mean          | 93.1       |
| time/                   |            |
|    fps                  | 50         |
|    iterations           | 47         |
|    time_elapsed         | 473        |
|    total_timesteps      | 24064      |
| train/                  |            |
|    approx_kl            | 0.02586272 |
|    clip_fraction        | 0.21       |
|    clip_range           | 0.2        |
|    entropy_loss         | -1.09      |
|    explained_variance   | -0.619     |
|    learning_rate        | 0.0003     |
|    loss                 | -0.118     |
|    n_updates            | 460        |
|    policy_gradient_loss | -0.0584    |
|    value_loss           | 0.0014     |
----------------------------------------
-----------------------------------------
| rollout/                |             |
|    ep_len_mean          | 104         |
|    ep_rew_mean          | 91.2        |
| time/                   |             |
|    fps                  | 51          |
|    iterations           | 48          |
|    time_elapsed         | 479         |
|    total_timesteps      | 24576       |
| train/                  |             |
|    approx_kl            | 0.019757442 |
|    clip_fraction        | 0.194       |
|    clip_range           | 0.2         |
|    entropy_loss         | -1.06       |
|    explained_variance   | -0.464      |
|    learning_rate        | 0.0003      |
|    loss                 | -0.0906     |
|    n_updates            | 470         |
|    policy_gradient_loss | -0.0549     |
|    value_loss           | 0.00139     |
-----------------------------------------
[Eval @25000] R=4.8±3.0 CR=0.600 Spd=23.6 LC=25.4 SR=0.400
----------------------------------------
| rollout/                |            |
|    ep_len_mean          | 105        |
|    ep_rew_mean          | 91.7       |
| time/                   |            |
|    fps                  | 50         |
|    iterations           | 49         |
|    time_elapsed         | 501        |
|    total_timesteps      | 25088      |
| train/                  |            |
|    approx_kl            | 0.02229203 |
|    clip_fraction        | 0.175      |
|    clip_range           | 0.2        |
|    entropy_loss         | -1.11      |
|    explained_variance   | -0.176     |
|    learning_rate        | 0.0003     |
|    loss                 | -0.0868    |
|    n_updates            | 480        |
|    policy_gradient_loss | -0.0517    |
|    value_loss           | 0.00177    |
----------------------------------------
----------------------------------------
| rollout/                |            |
|    ep_len_mean          | 104        |
|    ep_rew_mean          | 91         |
| time/                   |            |
|    fps                  | 50         |
|    iterations           | 50         |
|    time_elapsed         | 507        |
|    total_timesteps      | 25600      |
| train/                  |            |
|    approx_kl            | 0.02440901 |
|    clip_fraction        | 0.204      |
|    clip_range           | 0.2        |
|    entropy_loss         | -0.995     |
|    explained_variance   | -0.545     |
|    learning_rate        | 0.0003     |
|    loss                 | -0.0789    |
|    n_updates            | 490        |
|    policy_gradient_loss | -0.0579    |
|    value_loss           | 0.00172    |
----------------------------------------
-----------------------------------------
| rollout/                |             |
|    ep_len_mean          | 105         |
|    ep_rew_mean          | 92.4        |
| time/                   |             |
|    fps                  | 50          |
|    iterations           | 51          |
|    time_elapsed         | 514         |
|    total_timesteps      | 26112       |
| train/                  |             |
|    approx_kl            | 0.021905094 |
|    clip_fraction        | 0.187       |
|    clip_range           | 0.2         |
|    entropy_loss         | -1.06       |
|    explained_variance   | -0.219      |
|    learning_rate        | 0.0003      |
|    loss                 | -0.0859     |
|    n_updates            | 500         |
|    policy_gradient_loss | -0.0478     |
|    value_loss           | 0.00168     |
-----------------------------------------
-----------------------------------------
| rollout/                |             |
|    ep_len_mean          | 108         |
|    ep_rew_mean          | 95.3        |
| time/                   |             |
|    fps                  | 51          |
|    iterations           | 52          |
|    time_elapsed         | 521         |
|    total_timesteps      | 26624       |
| train/                  |             |
|    approx_kl            | 0.021935273 |
|    clip_fraction        | 0.182       |
|    clip_range           | 0.2         |
|    entropy_loss         | -1.02       |
|    explained_variance   | -0.481      |
|    learning_rate        | 0.0003      |
|    loss                 | -0.0738     |
|    n_updates            | 510         |
|    policy_gradient_loss | -0.051      |
|    value_loss           | 0.00198     |
-----------------------------------------
-----------------------------------------
| rollout/                |             |
|    ep_len_mean          | 107         |
|    ep_rew_mean          | 94.2        |
| time/                   |             |
|    fps                  | 51          |
|    iterations           | 53          |
|    time_elapsed         | 527         |
|    total_timesteps      | 27136       |
| train/                  |             |
|    approx_kl            | 0.020802127 |
|    clip_fraction        | 0.201       |
|    clip_range           | 0.2         |
|    entropy_loss         | -0.974      |
|    explained_variance   | -20.4       |
|    learning_rate        | 0.0003      |
|    loss                 | -0.0989     |
|    n_updates            | 520         |
|    policy_gradient_loss | -0.0538     |
|    value_loss           | 0.000881    |
-----------------------------------------
-----------------------------------------
| rollout/                |             |
|    ep_len_mean          | 111         |
|    ep_rew_mean          | 97.5        |
| time/                   |             |
|    fps                  | 51          |
|    iterations           | 54          |
|    time_elapsed         | 534         |
|    total_timesteps      | 27648       |
| train/                  |             |
|    approx_kl            | 0.023727462 |
|    clip_fraction        | 0.199       |
|    clip_range           | 0.2         |
|    entropy_loss         | -0.986      |
|    explained_variance   | -0.359      |
|    learning_rate        | 0.0003      |
|    loss                 | -0.108      |
|    n_updates            | 530         |
|    policy_gradient_loss | -0.0548     |
|    value_loss           | 0.00159     |
-----------------------------------------
-----------------------------------------
| rollout/                |             |
|    ep_len_mean          | 112         |
|    ep_rew_mean          | 98.5        |
| time/                   |             |
|    fps                  | 52          |
|    iterations           | 55          |
|    time_elapsed         | 540         |
|    total_timesteps      | 28160       |
| train/                  |             |
|    approx_kl            | 0.024372727 |
|    clip_fraction        | 0.212       |
|    clip_range           | 0.2         |
|    entropy_loss         | -1.05       |
|    explained_variance   | -0.558      |
|    learning_rate        | 0.0003      |
|    loss                 | -0.093      |
|    n_updates            | 540         |
|    policy_gradient_loss | -0.0588     |
|    value_loss           | 0.00131     |
-----------------------------------------
-----------------------------------------
| rollout/                |             |
|    ep_len_mean          | 112         |
|    ep_rew_mean          | 99.1        |
| time/                   |             |
|    fps                  | 52          |
|    iterations           | 56          |
|    time_elapsed         | 547         |
|    total_timesteps      | 28672       |
| train/                  |             |
|    approx_kl            | 0.026972145 |
|    clip_fraction        | 0.252       |
|    clip_range           | 0.2         |
|    entropy_loss         | -1.05       |
|    explained_variance   | -27         |
|    learning_rate        | 0.0003      |
|    loss                 | -0.123      |
|    n_updates            | 550         |
|    policy_gradient_loss | -0.0671     |
|    value_loss           | 0.000938    |
-----------------------------------------
----------------------------------------
| rollout/                |            |
|    ep_len_mean          | 114        |
|    ep_rew_mean          | 101        |
| time/                   |            |
|    fps                  | 52         |
|    iterations           | 57         |
|    time_elapsed         | 554        |
|    total_timesteps      | 29184      |
| train/                  |            |
|    approx_kl            | 0.02383098 |
|    clip_fraction        | 0.237      |
|    clip_range           | 0.2        |
|    entropy_loss         | -0.986     |
|    explained_variance   | -1.03      |
|    learning_rate        | 0.0003     |
|    loss                 | -0.0985    |
|    n_updates            | 560        |
|    policy_gradient_loss | -0.0624    |
|    value_loss           | 0.00107    |
----------------------------------------
----------------------------------------
| rollout/                |            |
|    ep_len_mean          | 111        |
|    ep_rew_mean          | 97.8       |
| time/                   |            |
|    fps                  | 52         |
|    iterations           | 58         |
|    time_elapsed         | 560        |
|    total_timesteps      | 29696      |
| train/                  |            |
|    approx_kl            | 0.02072465 |
|    clip_fraction        | 0.176      |
|    clip_range           | 0.2        |
|    entropy_loss         | -1.01      |
|    explained_variance   | -0.258     |
|    learning_rate        | 0.0003     |
|    loss                 | -0.083     |
|    n_updates            | 570        |
|    policy_gradient_loss | -0.0509    |
|    value_loss           | 0.00163    |
----------------------------------------
[Eval @30000] R=5.5±2.4 CR=0.600 Spd=22.8 LC=20.7 SR=0.400
----------------------------------------
| rollout/                |            |
|    ep_len_mean          | 109        |
|    ep_rew_mean          | 96.4       |
| time/                   |            |
|    fps                  | 48         |
|    iterations           | 59         |
|    time_elapsed         | 618        |
|    total_timesteps      | 30208      |
| train/                  |            |
|    approx_kl            | 0.02207674 |
|    clip_fraction        | 0.181      |
|    clip_range           | 0.2        |
|    entropy_loss         | -1.01      |
|    explained_variance   | 0.157      |
|    learning_rate        | 0.0003     |
|    loss                 | -0.11      |
|    n_updates            | 580        |
|    policy_gradient_loss | -0.0554    |
|    value_loss           | 0.00156    |
----------------------------------------
-----------------------------------------
| rollout/                |             |
|    ep_len_mean          | 108         |
|    ep_rew_mean          | 95.3        |
| time/                   |             |
|    fps                  | 48          |
|    iterations           | 60          |
|    time_elapsed         | 638         |
|    total_timesteps      | 30720       |
| train/                  |             |
|    approx_kl            | 0.023819597 |
|    clip_fraction        | 0.185       |
|    clip_range           | 0.2         |
|    entropy_loss         | -0.939      |
|    explained_variance   | -0.0644     |
|    learning_rate        | 0.0003      |
|    loss                 | -0.0797     |
|    n_updates            | 590         |
|    policy_gradient_loss | -0.0527     |
|    value_loss           | 0.0018      |
-----------------------------------------
-----------------------------------------
| rollout/                |             |
|    ep_len_mean          | 109         |
|    ep_rew_mean          | 96.3        |
| time/                   |             |
|    fps                  | 47          |
|    iterations           | 61          |
|    time_elapsed         | 658         |
|    total_timesteps      | 31232       |
| train/                  |             |
|    approx_kl            | 0.025393102 |
|    clip_fraction        | 0.21        |
|    clip_range           | 0.2         |
|    entropy_loss         | -0.971      |
|    explained_variance   | -0.302      |
|    learning_rate        | 0.0003      |
|    loss                 | -0.0889     |
|    n_updates            | 600         |
|    policy_gradient_loss | -0.0574     |
|    value_loss           | 0.00144     |
-----------------------------------------
-----------------------------------------
| rollout/                |             |
|    ep_len_mean          | 106         |
|    ep_rew_mean          | 93.4        |
| time/                   |             |
|    fps                  | 46          |
|    iterations           | 62          |
|    time_elapsed         | 678         |
|    total_timesteps      | 31744       |
| train/                  |             |
|    approx_kl            | 0.025600964 |
|    clip_fraction        | 0.232       |
|    clip_range           | 0.2         |
|    entropy_loss         | -0.948      |
|    explained_variance   | -0.0661     |
|    learning_rate        | 0.0003      |
|    loss                 | -0.0835     |
|    n_updates            | 610         |
|    policy_gradient_loss | -0.0627     |
|    value_loss           | 0.00143     |
-----------------------------------------
-----------------------------------------
| rollout/                |             |
|    ep_len_mean          | 107         |
|    ep_rew_mean          | 94.4        |
| time/                   |             |
|    fps                  | 46          |
|    iterations           | 63          |
|    time_elapsed         | 698         |
|    total_timesteps      | 32256       |
| train/                  |             |
|    approx_kl            | 0.031098261 |
|    clip_fraction        | 0.251       |
|    clip_range           | 0.2         |
|    entropy_loss         | -0.957      |
|    explained_variance   | -0.2        |
|    learning_rate        | 0.0003      |
|    loss                 | -0.0918     |
|    n_updates            | 620         |
|    policy_gradient_loss | -0.0628     |
|    value_loss           | 0.00178     |
-----------------------------------------
-----------------------------------------
| rollout/                |             |
|    ep_len_mean          | 106         |
|    ep_rew_mean          | 94.3        |
| time/                   |             |
|    fps                  | 45          |
|    iterations           | 64          |
|    time_elapsed         | 719         |
|    total_timesteps      | 32768       |
| train/                  |             |
|    approx_kl            | 0.027141772 |
|    clip_fraction        | 0.23        |
|    clip_range           | 0.2         |
|    entropy_loss         | -0.943      |
|    explained_variance   | -0.12       |
|    learning_rate        | 0.0003      |
|    loss                 | -0.0721     |
|    n_updates            | 630         |
|    policy_gradient_loss | -0.0558     |
|    value_loss           | 0.00107     |
-----------------------------------------
-----------------------------------------
| rollout/                |             |
|    ep_len_mean          | 108         |
|    ep_rew_mean          | 95.9        |
| time/                   |             |
|    fps                  | 45          |
|    iterations           | 65          |
|    time_elapsed         | 739         |
|    total_timesteps      | 33280       |
| train/                  |             |
|    approx_kl            | 0.027241766 |
|    clip_fraction        | 0.214       |
|    clip_range           | 0.2         |
|    entropy_loss         | -0.919      |
|    explained_variance   | -0.288      |
|    learning_rate        | 0.0003      |
|    loss                 | -0.103      |
|    n_updates            | 640         |
|    policy_gradient_loss | -0.0542     |
|    value_loss           | 0.000947    |
-----------------------------------------
-----------------------------------------
| rollout/                |             |
|    ep_len_mean          | 109         |
|    ep_rew_mean          | 96.8        |
| time/                   |             |
|    fps                  | 44          |
|    iterations           | 66          |
|    time_elapsed         | 759         |
|    total_timesteps      | 33792       |
| train/                  |             |
|    approx_kl            | 0.022581607 |
|    clip_fraction        | 0.188       |
|    clip_range           | 0.2         |
|    entropy_loss         | -0.933      |
|    explained_variance   | -0.197      |
|    learning_rate        | 0.0003      |
|    loss                 | -0.0774     |
|    n_updates            | 650         |
|    policy_gradient_loss | -0.0524     |
|    value_loss           | 0.00118     |
-----------------------------------------
----------------------------------------
| rollout/                |            |
|    ep_len_mean          | 111        |
|    ep_rew_mean          | 98.8       |
| time/                   |            |
|    fps                  | 43         |
|    iterations           | 67         |
|    time_elapsed         | 779        |
|    total_timesteps      | 34304      |
| train/                  |            |
|    approx_kl            | 0.02276128 |
|    clip_fraction        | 0.203      |
|    clip_range           | 0.2        |
|    entropy_loss         | -0.891     |
|    explained_variance   | -0.323     |
|    learning_rate        | 0.0003     |
|    loss                 | -0.0761    |
|    n_updates            | 660        |
|    policy_gradient_loss | -0.0528    |
|    value_loss           | 0.000997   |
----------------------------------------
----------------------------------------
| rollout/                |            |
|    ep_len_mean          | 112        |
|    ep_rew_mean          | 99.7       |
| time/                   |            |
|    fps                  | 43         |
|    iterations           | 68         |
|    time_elapsed         | 800        |
|    total_timesteps      | 34816      |
| train/                  |            |
|    approx_kl            | 0.02518142 |
|    clip_fraction        | 0.204      |
|    clip_range           | 0.2        |
|    entropy_loss         | -0.901     |
|    explained_variance   | -3.01      |
|    learning_rate        | 0.0003     |
|    loss                 | -0.0957    |
|    n_updates            | 670        |
|    policy_gradient_loss | -0.0544    |
|    value_loss           | 0.00102    |
----------------------------------------
[Eval @35000] R=7.8±1.6 CR=0.100 Spd=22.4 LC=39.7 SR=0.900
----------------------------------------
| rollout/                |            |
|    ep_len_mean          | 114        |
|    ep_rew_mean          | 102        |
| time/                   |            |
|    fps                  | 39         |
|    iterations           | 69         |
|    time_elapsed         | 892        |
|    total_timesteps      | 35328      |
| train/                  |            |
|    approx_kl            | 0.02603906 |
|    clip_fraction        | 0.215      |
|    clip_range           | 0.2        |
|    entropy_loss         | -0.913     |
|    explained_variance   | -1.7       |
|    learning_rate        | 0.0003     |
|    loss                 | -0.1       |
|    n_updates            | 680        |
|    policy_gradient_loss | -0.0533    |
|    value_loss           | 0.00113    |
----------------------------------------
-----------------------------------------
| rollout/                |             |
|    ep_len_mean          | 115         |
|    ep_rew_mean          | 103         |
| time/                   |             |
|    fps                  | 39          |
|    iterations           | 70          |
|    time_elapsed         | 912         |
|    total_timesteps      | 35840       |
| train/                  |             |
|    approx_kl            | 0.026870456 |
|    clip_fraction        | 0.221       |
|    clip_range           | 0.2         |
|    entropy_loss         | -0.883      |
|    explained_variance   | -24.6       |
|    learning_rate        | 0.0003      |
|    loss                 | -0.0847     |
|    n_updates            | 690         |
|    policy_gradient_loss | -0.0527     |
|    value_loss           | 0.000511    |
-----------------------------------------
-----------------------------------------
| rollout/                |             |
|    ep_len_mean          | 117         |
|    ep_rew_mean          | 105         |
| time/                   |             |
|    fps                  | 38          |
|    iterations           | 71          |
|    time_elapsed         | 932         |
|    total_timesteps      | 36352       |
| train/                  |             |
|    approx_kl            | 0.021959767 |
|    clip_fraction        | 0.196       |
|    clip_range           | 0.2         |
|    entropy_loss         | -0.876      |
|    explained_variance   | -0.58       |
|    learning_rate        | 0.0003      |
|    loss                 | -0.0836     |
|    n_updates            | 700         |
|    policy_gradient_loss | -0.0529     |
|    value_loss           | 0.000846    |
-----------------------------------------
-----------------------------------------
| rollout/                |             |
|    ep_len_mean          | 120         |
|    ep_rew_mean          | 107         |
| time/                   |             |
|    fps                  | 38          |
|    iterations           | 72          |
|    time_elapsed         | 952         |
|    total_timesteps      | 36864       |
| train/                  |             |
|    approx_kl            | 0.021721348 |
|    clip_fraction        | 0.205       |
|    clip_range           | 0.2         |
|    entropy_loss         | -0.92       |
|    explained_variance   | -0.537      |
|    learning_rate        | 0.0003      |
|    loss                 | -0.08       |
|    n_updates            | 710         |
|    policy_gradient_loss | -0.055      |
|    value_loss           | 0.00133     |
-----------------------------------------
----------------------------------------
| rollout/                |            |
|    ep_len_mean          | 120        |
|    ep_rew_mean          | 107        |
| time/                   |            |
|    fps                  | 38         |
|    iterations           | 73         |
|    time_elapsed         | 972        |
|    total_timesteps      | 37376      |
| train/                  |            |
|    approx_kl            | 0.02500957 |
|    clip_fraction        | 0.221      |
|    clip_range           | 0.2        |
|    entropy_loss         | -0.877     |
|    explained_variance   | -0.347     |
|    learning_rate        | 0.0003     |
|    loss                 | -0.101     |
|    n_updates            | 720        |
|    policy_gradient_loss | -0.0552    |
|    value_loss           | 0.00107    |
----------------------------------------
----------------------------------------
| rollout/                |            |
|    ep_len_mean          | 122        |
|    ep_rew_mean          | 110        |
| time/                   |            |
|    fps                  | 38         |
|    iterations           | 74         |
|    time_elapsed         | 991        |
|    total_timesteps      | 37888      |
| train/                  |            |
|    approx_kl            | 0.02201688 |
|    clip_fraction        | 0.175      |
|    clip_range           | 0.2        |
|    entropy_loss         | -0.867     |
|    explained_variance   | -0.458     |
|    learning_rate        | 0.0003     |
|    loss                 | -0.0838    |
|    n_updates            | 730        |
|    policy_gradient_loss | -0.0514    |
|    value_loss           | 0.00116    |
----------------------------------------
-----------------------------------------
| rollout/                |             |
|    ep_len_mean          | 121         |
|    ep_rew_mean          | 109         |
| time/                   |             |
|    fps                  | 37          |
|    iterations           | 75          |
|    time_elapsed         | 1011        |
|    total_timesteps      | 38400       |
| train/                  |             |
|    approx_kl            | 0.029858958 |
|    clip_fraction        | 0.217       |
|    clip_range           | 0.2         |
|    entropy_loss         | -0.885      |
|    explained_variance   | -0.332      |
|    learning_rate        | 0.0003      |
|    loss                 | -0.103      |
|    n_updates            | 740         |
|    policy_gradient_loss | -0.0539     |
|    value_loss           | 0.00108     |
-----------------------------------------
-----------------------------------------
| rollout/                |             |
|    ep_len_mean          | 118         |
|    ep_rew_mean          | 106         |
| time/                   |             |
|    fps                  | 37          |
|    iterations           | 76          |
|    time_elapsed         | 1030        |
|    total_timesteps      | 38912       |
| train/                  |             |
|    approx_kl            | 0.024081847 |
|    clip_fraction        | 0.196       |
|    clip_range           | 0.2         |
|    entropy_loss         | -0.867      |
|    explained_variance   | -0.11       |
|    learning_rate        | 0.0003      |
|    loss                 | -0.0652     |
|    n_updates            | 750         |
|    policy_gradient_loss | -0.0497     |
|    value_loss           | 0.00121     |
-----------------------------------------
-----------------------------------------
| rollout/                |             |
|    ep_len_mean          | 118         |
|    ep_rew_mean          | 106         |
| time/                   |             |
|    fps                  | 37          |
|    iterations           | 77          |
|    time_elapsed         | 1050        |
|    total_timesteps      | 39424       |
| train/                  |             |
|    approx_kl            | 0.026943853 |
|    clip_fraction        | 0.206       |
|    clip_range           | 0.2         |
|    entropy_loss         | -0.824      |
|    explained_variance   | 0.263       |
|    learning_rate        | 0.0003      |
|    loss                 | -0.0699     |
|    n_updates            | 760         |
|    policy_gradient_loss | -0.0558     |
|    value_loss           | 0.00117     |
-----------------------------------------
-----------------------------------------
| rollout/                |             |
|    ep_len_mean          | 116         |
|    ep_rew_mean          | 104         |
| time/                   |             |
|    fps                  | 37          |
|    iterations           | 78          |
|    time_elapsed         | 1070        |
|    total_timesteps      | 39936       |
| train/                  |             |
|    approx_kl            | 0.027404193 |
|    clip_fraction        | 0.224       |
|    clip_range           | 0.2         |
|    entropy_loss         | -0.849      |
|    explained_variance   | -0.251      |
|    learning_rate        | 0.0003      |
|    loss                 | -0.0873     |
|    n_updates            | 770         |
|    policy_gradient_loss | -0.0527     |
|    value_loss           | 0.000839    |
-----------------------------------------
[Eval @40000] R=7.7±1.8 CR=0.100 Spd=21.8 LC=16.3 SR=0.900
-----------------------------------------
| rollout/                |             |
|    ep_len_mean          | 114         |
|    ep_rew_mean          | 102         |
| time/                   |             |
|    fps                  | 34          |
|    iterations           | 79          |
|    time_elapsed         | 1159        |
|    total_timesteps      | 40448       |
| train/                  |             |
|    approx_kl            | 0.021423504 |
|    clip_fraction        | 0.178       |
|    clip_range           | 0.2         |
|    entropy_loss         | -0.812      |
|    explained_variance   | -0.344      |
|    learning_rate        | 0.0003      |
|    loss                 | -0.0747     |
|    n_updates            | 780         |
|    policy_gradient_loss | -0.0454     |
|    value_loss           | 0.000991    |
-----------------------------------------
-----------------------------------------
| rollout/                |             |
|    ep_len_mean          | 116         |
|    ep_rew_mean          | 104         |
| time/                   |             |
|    fps                  | 34          |
|    iterations           | 80          |
|    time_elapsed         | 1180        |
|    total_timesteps      | 40960       |
| train/                  |             |
|    approx_kl            | 0.023763236 |
|    clip_fraction        | 0.184       |
|    clip_range           | 0.2         |
|    entropy_loss         | -0.815      |
|    explained_variance   | -0.0689     |
|    learning_rate        | 0.0003      |
|    loss                 | -0.077      |
|    n_updates            | 790         |
|    policy_gradient_loss | -0.0456     |
|    value_loss           | 0.00114     |
-----------------------------------------
----------------------------------------
| rollout/                |            |
|    ep_len_mean          | 118        |
|    ep_rew_mean          | 106        |
| time/                   |            |
|    fps                  | 34         |
|    iterations           | 81         |
|    time_elapsed         | 1200       |
|    total_timesteps      | 41472      |
| train/                  |            |
|    approx_kl            | 0.02063338 |
|    clip_fraction        | 0.188      |
|    clip_range           | 0.2        |
|    entropy_loss         | -0.819     |
|    explained_variance   | -0.274     |
|    learning_rate        | 0.0003     |
|    loss                 | -0.0734    |
|    n_updates            | 800        |
|    policy_gradient_loss | -0.0474    |
|    value_loss           | 0.000435   |
----------------------------------------
-----------------------------------------
| rollout/                |             |
|    ep_len_mean          | 122         |
|    ep_rew_mean          | 109         |
| time/                   |             |
|    fps                  | 34          |
|    iterations           | 82          |
|    time_elapsed         | 1220        |
|    total_timesteps      | 41984       |
| train/                  |             |
|    approx_kl            | 0.022153191 |
|    clip_fraction        | 0.195       |
|    clip_range           | 0.2         |
|    entropy_loss         | -0.864      |
|    explained_variance   | -0.157      |
|    learning_rate        | 0.0003      |
|    loss                 | -0.077      |
|    n_updates            | 810         |
|    policy_gradient_loss | -0.0508     |
|    value_loss           | 0.000894    |
-----------------------------------------
----------------------------------------
| rollout/                |            |
|    ep_len_mean          | 125        |
|    ep_rew_mean          | 113        |
| time/                   |            |
|    fps                  | 34         |
|    iterations           | 83         |
|    time_elapsed         | 1240       |
|    total_timesteps      | 42496      |
| train/                  |            |
|    approx_kl            | 0.02320855 |
|    clip_fraction        | 0.177      |
|    clip_range           | 0.2        |
|    entropy_loss         | -0.851     |
|    explained_variance   | -0.91      |
|    learning_rate        | 0.0003     |
|    loss                 | -0.0378    |
|    n_updates            | 820        |
|    policy_gradient_loss | -0.045     |
|    value_loss           | 0.000793   |
----------------------------------------
----------------------------------------
| rollout/                |            |
|    ep_len_mean          | 127        |
|    ep_rew_mean          | 114        |
| time/                   |            |
|    fps                  | 34         |
|    iterations           | 84         |
|    time_elapsed         | 1260       |
|    total_timesteps      | 43008      |
| train/                  |            |
|    approx_kl            | 0.02542891 |
|    clip_fraction        | 0.242      |
|    clip_range           | 0.2        |
|    entropy_loss         | -0.856     |
|    explained_variance   | -0.861     |
|    learning_rate        | 0.0003     |
|    loss                 | -0.0974    |
|    n_updates            | 830        |
|    policy_gradient_loss | -0.0579    |
|    value_loss           | 0.000497   |
----------------------------------------
-----------------------------------------
| rollout/                |             |
|    ep_len_mean          | 128         |
|    ep_rew_mean          | 115         |
| time/                   |             |
|    fps                  | 33          |
|    iterations           | 85          |
|    time_elapsed         | 1280        |
|    total_timesteps      | 43520       |
| train/                  |             |
|    approx_kl            | 0.026799582 |
|    clip_fraction        | 0.206       |
|    clip_range           | 0.2         |
|    entropy_loss         | -0.834      |
|    explained_variance   | 0.0551      |
|    learning_rate        | 0.0003      |
|    loss                 | -0.0752     |
|    n_updates            | 840         |
|    policy_gradient_loss | -0.0497     |
|    value_loss           | 0.000728    |
-----------------------------------------
-----------------------------------------
| rollout/                |             |
|    ep_len_mean          | 130         |
|    ep_rew_mean          | 117         |
| time/                   |             |
|    fps                  | 33          |
|    iterations           | 86          |
|    time_elapsed         | 1300        |
|    total_timesteps      | 44032       |
| train/                  |             |
|    approx_kl            | 0.023475826 |
|    clip_fraction        | 0.202       |
|    clip_range           | 0.2         |
|    entropy_loss         | -0.829      |
|    explained_variance   | -11.6       |
|    learning_rate        | 0.0003      |
|    loss                 | -0.0812     |
|    n_updates            | 850         |
|    policy_gradient_loss | -0.0522     |
|    value_loss           | 0.000297    |
-----------------------------------------
-----------------------------------------
| rollout/                |             |
|    ep_len_mean          | 132         |
|    ep_rew_mean          | 119         |
| time/                   |             |
|    fps                  | 33          |
|    iterations           | 87          |
|    time_elapsed         | 1320        |
|    total_timesteps      | 44544       |
| train/                  |             |
|    approx_kl            | 0.030472538 |
|    clip_fraction        | 0.22        |
|    clip_range           | 0.2         |
|    entropy_loss         | -0.782      |
|    explained_variance   | -0.12       |
|    learning_rate        | 0.0003      |
|    loss                 | -0.091      |
|    n_updates            | 860         |
|    policy_gradient_loss | -0.0513     |
|    value_loss           | 0.000518    |
-----------------------------------------
[Eval @45000] R=8.2±0.6 CR=0.100 Spd=21.8 LC=12.4 SR=0.900
----------------------------------------
| rollout/                |            |
|    ep_len_mean          | 133        |
|    ep_rew_mean          | 120        |
| time/                   |            |
|    fps                  | 31         |
|    iterations           | 88         |
|    time_elapsed         | 1416       |
|    total_timesteps      | 45056      |
| train/                  |            |
|    approx_kl            | 0.01992749 |
|    clip_fraction        | 0.189      |
|    clip_range           | 0.2        |
|    entropy_loss         | -0.771     |
|    explained_variance   | 0.154      |
|    learning_rate        | 0.0003     |
|    loss                 | -0.0689    |
|    n_updates            | 870        |
|    policy_gradient_loss | -0.0477    |
|    value_loss           | 0.000609   |
----------------------------------------
-----------------------------------------
| rollout/                |             |
|    ep_len_mean          | 137         |
|    ep_rew_mean          | 124         |
| time/                   |             |
|    fps                  | 31          |
|    iterations           | 89          |
|    time_elapsed         | 1436        |
|    total_timesteps      | 45568       |
| train/                  |             |
|    approx_kl            | 0.026272811 |
|    clip_fraction        | 0.201       |
|    clip_range           | 0.2         |
|    entropy_loss         | -0.835      |
|    explained_variance   | -0.422      |
|    learning_rate        | 0.0003      |
|    loss                 | -0.0968     |
|    n_updates            | 880         |
|    policy_gradient_loss | -0.0501     |
|    value_loss           | 0.000438    |
-----------------------------------------
----------------------------------------
| rollout/                |            |
|    ep_len_mean          | 136        |
|    ep_rew_mean          | 124        |
| time/                   |            |
|    fps                  | 31         |
|    iterations           | 90         |
|    time_elapsed         | 1456       |
|    total_timesteps      | 46080      |
| train/                  |            |
|    approx_kl            | 0.02865705 |
|    clip_fraction        | 0.199      |
|    clip_range           | 0.2        |
|    entropy_loss         | -0.752     |
|    explained_variance   | -2.18      |
|    learning_rate        | 0.0003     |
|    loss                 | -0.0908    |
|    n_updates            | 890        |
|    policy_gradient_loss | -0.0452    |
|    value_loss           | 0.000191   |
----------------------------------------
-----------------------------------------
| rollout/                |             |
|    ep_len_mean          | 137         |
|    ep_rew_mean          | 124         |
| time/                   |             |
|    fps                  | 31          |
|    iterations           | 91          |
|    time_elapsed         | 1476        |
|    total_timesteps      | 46592       |
| train/                  |             |
|    approx_kl            | 0.030807957 |
|    clip_fraction        | 0.21        |
|    clip_range           | 0.2         |
|    entropy_loss         | -0.78       |
|    explained_variance   | 0.0574      |
|    learning_rate        | 0.0003      |
|    loss                 | -0.0754     |
|    n_updates            | 900         |
|    policy_gradient_loss | -0.0466     |
|    value_loss           | 0.000828    |
-----------------------------------------
-----------------------------------------
| rollout/                |             |
|    ep_len_mean          | 135         |
|    ep_rew_mean          | 123         |
| time/                   |             |
|    fps                  | 31          |
|    iterations           | 92          |
|    time_elapsed         | 1496        |
|    total_timesteps      | 47104       |
| train/                  |             |
|    approx_kl            | 0.028693283 |
|    clip_fraction        | 0.191       |
|    clip_range           | 0.2         |
|    entropy_loss         | -0.764      |
|    explained_variance   | -0.59       |
|    learning_rate        | 0.0003      |
|    loss                 | -0.0935     |
|    n_updates            | 910         |
|    policy_gradient_loss | -0.0523     |
|    value_loss           | 0.000687    |
-----------------------------------------
---------------------------------------
| rollout/                |           |
|    ep_len_mean          | 134       |
|    ep_rew_mean          | 121       |
| time/                   |           |
|    fps                  | 31        |
|    iterations           | 93        |
|    time_elapsed         | 1516      |
|    total_timesteps      | 47616     |
| train/                  |           |
|    approx_kl            | 0.0271768 |
|    clip_fraction        | 0.209     |
|    clip_range           | 0.2       |
|    entropy_loss         | -0.788    |
|    explained_variance   | -0.0875   |
|    learning_rate        | 0.0003    |
|    loss                 | -0.0929   |
|    n_updates            | 920       |
|    policy_gradient_loss | -0.051    |
|    value_loss           | 0.000835  |
---------------------------------------
-----------------------------------------
| rollout/                |             |
|    ep_len_mean          | 135         |
|    ep_rew_mean          | 123         |
| time/                   |             |
|    fps                  | 31          |
|    iterations           | 94          |
|    time_elapsed         | 1526        |
|    total_timesteps      | 48128       |
| train/                  |             |
|    approx_kl            | 0.028199852 |
|    clip_fraction        | 0.209       |
|    clip_range           | 0.2         |
|    entropy_loss         | -0.749      |
|    explained_variance   | -0.9        |
|    learning_rate        | 0.0003      |
|    loss                 | -0.0691     |
|    n_updates            | 930         |
|    policy_gradient_loss | -0.0526     |
|    value_loss           | 0.000875    |
-----------------------------------------
-----------------------------------------
| rollout/                |             |
|    ep_len_mean          | 136         |
|    ep_rew_mean          | 123         |
| time/                   |             |
|    fps                  | 31          |
|    iterations           | 95          |
|    time_elapsed         | 1533        |
|    total_timesteps      | 48640       |
| train/                  |             |
|    approx_kl            | 0.026287392 |
|    clip_fraction        | 0.202       |
|    clip_range           | 0.2         |
|    entropy_loss         | -0.78       |
|    explained_variance   | -1.12       |
|    learning_rate        | 0.0003      |
|    loss                 | -0.0774     |
|    n_updates            | 940         |
|    policy_gradient_loss | -0.0528     |
|    value_loss           | 0.000584    |
-----------------------------------------
-----------------------------------------
| rollout/                |             |
|    ep_len_mean          | 136         |
|    ep_rew_mean          | 123         |
| time/                   |             |
|    fps                  | 31          |
|    iterations           | 96          |
|    time_elapsed         | 1539        |
|    total_timesteps      | 49152       |
| train/                  |             |
|    approx_kl            | 0.024715247 |
|    clip_fraction        | 0.183       |
|    clip_range           | 0.2         |
|    entropy_loss         | -0.827      |
|    explained_variance   | -0.498      |
|    learning_rate        | 0.0003      |
|    loss                 | -0.0954     |
|    n_updates            | 950         |
|    policy_gradient_loss | -0.0477     |
|    value_loss           | 0.000668    |
-----------------------------------------
----------------------------------------
| rollout/                |            |
|    ep_len_mean          | 137        |
|    ep_rew_mean          | 124        |
| time/                   |            |
|    fps                  | 32         |
|    iterations           | 97         |
|    time_elapsed         | 1546       |
|    total_timesteps      | 49664      |
| train/                  |            |
|    approx_kl            | 0.02359934 |
|    clip_fraction        | 0.182      |
|    clip_range           | 0.2        |
|    entropy_loss         | -0.771     |
|    explained_variance   | -0.577     |
|    learning_rate        | 0.0003     |
|    loss                 | -0.0634    |
|    n_updates            | 960        |
|    policy_gradient_loss | -0.0438    |
|    value_loss           | 0.000453   |
----------------------------------------
[Eval @50000] R=8.4±0.2 CR=0.000 Spd=21.9 LC=12.6 SR=1.000
-----------------------------------------
| rollout/                |             |
|    ep_len_mean          | 138         |
|    ep_rew_mean          | 125         |
| time/                   |             |
|    fps                  | 31          |
|    iterations           | 98          |
|    time_elapsed         | 1576        |
|    total_timesteps      | 50176       |
| train/                  |             |
|    approx_kl            | 0.028244242 |
|    clip_fraction        | 0.2         |
|    clip_range           | 0.2         |
|    entropy_loss         | -0.747      |
|    explained_variance   | -2.35       |
|    learning_rate        | 0.0003      |
|    loss                 | -0.0643     |
|    n_updates            | 970         |
|    policy_gradient_loss | -0.0444     |
|    value_loss           | 0.000262    |
-----------------------------------------
[PPO] Done. Model: ./logs/ppo/aggressive/seed_123/final_model.zip
