[WARNING] GrayscaleImage not available, falling back to OccupancyGrid.
[PPO] reward=baseline seed=456 steps=50000 policy=MlpPolicy
[PPO] run_dir=./logs/ppo/baseline/seed_456
[WARNING] GrayscaleImage not available, falling back to OccupancyGrid.
[WARNING] GrayscaleImage not available, falling back to OccupancyGrid.
Using cpu device
Logging to ./logs/ppo/baseline/seed_456/ppo_baseline_seed456_1
---------------------------------
| rollout/           |          |
|    ep_len_mean     | 33.9     |
|    ep_rew_mean     | 5.87     |
| time/              |          |
|    fps             | 25       |
|    iterations      | 1        |
|    time_elapsed    | 20       |
|    total_timesteps | 512      |
---------------------------------
------------------------------------------
| rollout/                |              |
|    ep_len_mean          | 36.5         |
|    ep_rew_mean          | 6.96         |
| time/                   |              |
|    fps                  | 37           |
|    iterations           | 2            |
|    time_elapsed         | 27           |
|    total_timesteps      | 1024         |
| train/                  |              |
|    approx_kl            | 0.0030437668 |
|    clip_fraction        | 0.0041       |
|    clip_range           | 0.2          |
|    entropy_loss         | -1.61        |
|    explained_variance   | -0.321       |
|    learning_rate        | 0.0003       |
|    loss                 | 1.51         |
|    n_updates            | 10           |
|    policy_gradient_loss | -0.0142      |
|    value_loss           | 0.668        |
------------------------------------------
-----------------------------------------
| rollout/                |             |
|    ep_len_mean          | 44.6        |
|    ep_rew_mean          | 10.6        |
| time/                   |             |
|    fps                  | 32          |
|    iterations           | 3           |
|    time_elapsed         | 46          |
|    total_timesteps      | 1536        |
| train/                  |             |
|    approx_kl            | 0.006071973 |
|    clip_fraction        | 0.0223      |
|    clip_range           | 0.2         |
|    entropy_loss         | -1.61       |
|    explained_variance   | -0.387      |
|    learning_rate        | 0.0003      |
|    loss                 | -0.0751     |
|    n_updates            | 20          |
|    policy_gradient_loss | -0.0293     |
|    value_loss           | 0.0886      |
-----------------------------------------
-----------------------------------------
| rollout/                |             |
|    ep_len_mean          | 43.2        |
|    ep_rew_mean          | 9.93        |
| time/                   |             |
|    fps                  | 38          |
|    iterations           | 4           |
|    time_elapsed         | 53          |
|    total_timesteps      | 2048        |
| train/                  |             |
|    approx_kl            | 0.009812113 |
|    clip_fraction        | 0.0543      |
|    clip_range           | 0.2         |
|    entropy_loss         | -1.6        |
|    explained_variance   | -0.837      |
|    learning_rate        | 0.0003      |
|    loss                 | -0.071      |
|    n_updates            | 30          |
|    policy_gradient_loss | -0.0375     |
|    value_loss           | 0.0473      |
-----------------------------------------
-----------------------------------------
| rollout/                |             |
|    ep_len_mean          | 48.2        |
|    ep_rew_mean          | 12.3        |
| time/                   |             |
|    fps                  | 42          |
|    iterations           | 5           |
|    time_elapsed         | 60          |
|    total_timesteps      | 2560        |
| train/                  |             |
|    approx_kl            | 0.010574061 |
|    clip_fraction        | 0.0719      |
|    clip_range           | 0.2         |
|    entropy_loss         | -1.59       |
|    explained_variance   | 0.363       |
|    learning_rate        | 0.0003      |
|    loss                 | -0.0958     |
|    n_updates            | 40          |
|    policy_gradient_loss | -0.0424     |
|    value_loss           | 0.0277      |
-----------------------------------------
-----------------------------------------
| rollout/                |             |
|    ep_len_mean          | 51.4        |
|    ep_rew_mean          | 13.9        |
| time/                   |             |
|    fps                  | 45          |
|    iterations           | 6           |
|    time_elapsed         | 67          |
|    total_timesteps      | 3072        |
| train/                  |             |
|    approx_kl            | 0.014370454 |
|    clip_fraction        | 0.119       |
|    clip_range           | 0.2         |
|    entropy_loss         | -1.57       |
|    explained_variance   | -0.995      |
|    learning_rate        | 0.0003      |
|    loss                 | -0.122      |
|    n_updates            | 50          |
|    policy_gradient_loss | -0.056      |
|    value_loss           | 0.0191      |
-----------------------------------------
-----------------------------------------
| rollout/                |             |
|    ep_len_mean          | 56.9        |
|    ep_rew_mean          | 16.7        |
| time/                   |             |
|    fps                  | 48          |
|    iterations           | 7           |
|    time_elapsed         | 74          |
|    total_timesteps      | 3584        |
| train/                  |             |
|    approx_kl            | 0.013331815 |
|    clip_fraction        | 0.111       |
|    clip_range           | 0.2         |
|    entropy_loss         | -1.55       |
|    explained_variance   | -0.822      |
|    learning_rate        | 0.0003      |
|    loss                 | -0.115      |
|    n_updates            | 60          |
|    policy_gradient_loss | -0.0556     |
|    value_loss           | 0.0143      |
-----------------------------------------
-----------------------------------------
| rollout/                |             |
|    ep_len_mean          | 61.7        |
|    ep_rew_mean          | 18.9        |
| time/                   |             |
|    fps                  | 50          |
|    iterations           | 8           |
|    time_elapsed         | 81          |
|    total_timesteps      | 4096        |
| train/                  |             |
|    approx_kl            | 0.015612617 |
|    clip_fraction        | 0.13        |
|    clip_range           | 0.2         |
|    entropy_loss         | -1.54       |
|    explained_variance   | -1.17       |
|    learning_rate        | 0.0003      |
|    loss                 | -0.108      |
|    n_updates            | 70          |
|    policy_gradient_loss | -0.0571     |
|    value_loss           | 0.0156      |
-----------------------------------------
-----------------------------------------
| rollout/                |             |
|    ep_len_mean          | 63.7        |
|    ep_rew_mean          | 19.9        |
| time/                   |             |
|    fps                  | 52          |
|    iterations           | 9           |
|    time_elapsed         | 88          |
|    total_timesteps      | 4608        |
| train/                  |             |
|    approx_kl            | 0.017576572 |
|    clip_fraction        | 0.151       |
|    clip_range           | 0.2         |
|    entropy_loss         | -1.51       |
|    explained_variance   | -0.504      |
|    learning_rate        | 0.0003      |
|    loss                 | -0.0811     |
|    n_updates            | 80          |
|    policy_gradient_loss | -0.0591     |
|    value_loss           | 0.0111      |
-----------------------------------------
[Eval @5000] NEW BEST mean_reward=7.600
[Eval @5000] R=7.6±6.9 CR=0.500 Spd=22.5 LC=78.8 SR=0.500
-----------------------------------------
| rollout/                |             |
|    ep_len_mean          | 66.7        |
|    ep_rew_mean          | 21.3        |
| time/                   |             |
|    fps                  | 39          |
|    iterations           | 10          |
|    time_elapsed         | 130         |
|    total_timesteps      | 5120        |
| train/                  |             |
|    approx_kl            | 0.014920183 |
|    clip_fraction        | 0.137       |
|    clip_range           | 0.2         |
|    entropy_loss         | -1.51       |
|    explained_variance   | -0.269      |
|    learning_rate        | 0.0003      |
|    loss                 | -0.109      |
|    n_updates            | 90          |
|    policy_gradient_loss | -0.0619     |
|    value_loss           | 0.0139      |
-----------------------------------------
-----------------------------------------
| rollout/                |             |
|    ep_len_mean          | 69.5        |
|    ep_rew_mean          | 22.6        |
| time/                   |             |
|    fps                  | 37          |
|    iterations           | 11          |
|    time_elapsed         | 150         |
|    total_timesteps      | 5632        |
| train/                  |             |
|    approx_kl            | 0.013539001 |
|    clip_fraction        | 0.128       |
|    clip_range           | 0.2         |
|    entropy_loss         | -1.5        |
|    explained_variance   | -0.307      |
|    learning_rate        | 0.0003      |
|    loss                 | -0.112      |
|    n_updates            | 100         |
|    policy_gradient_loss | -0.0544     |
|    value_loss           | 0.00701     |
-----------------------------------------
-----------------------------------------
| rollout/                |             |
|    ep_len_mean          | 69.6        |
|    ep_rew_mean          | 22.6        |
| time/                   |             |
|    fps                  | 36          |
|    iterations           | 12          |
|    time_elapsed         | 170         |
|    total_timesteps      | 6144        |
| train/                  |             |
|    approx_kl            | 0.018298063 |
|    clip_fraction        | 0.167       |
|    clip_range           | 0.2         |
|    entropy_loss         | -1.43       |
|    explained_variance   | -0.759      |
|    learning_rate        | 0.0003      |
|    loss                 | -0.106      |
|    n_updates            | 110         |
|    policy_gradient_loss | -0.0598     |
|    value_loss           | 0.0182      |
-----------------------------------------
-----------------------------------------
| rollout/                |             |
|    ep_len_mean          | 70          |
|    ep_rew_mean          | 22.7        |
| time/                   |             |
|    fps                  | 37          |
|    iterations           | 13          |
|    time_elapsed         | 177         |
|    total_timesteps      | 6656        |
| train/                  |             |
|    approx_kl            | 0.016036276 |
|    clip_fraction        | 0.13        |
|    clip_range           | 0.2         |
|    entropy_loss         | -1.45       |
|    explained_variance   | 0.0226      |
|    learning_rate        | 0.0003      |
|    loss                 | -0.084      |
|    n_updates            | 120         |
|    policy_gradient_loss | -0.052      |
|    value_loss           | 0.0115      |
-----------------------------------------
----------------------------------------
| rollout/                |            |
|    ep_len_mean          | 71.4       |
|    ep_rew_mean          | 23.3       |
| time/                   |            |
|    fps                  | 38         |
|    iterations           | 14         |
|    time_elapsed         | 184        |
|    total_timesteps      | 7168       |
| train/                  |            |
|    approx_kl            | 0.01936006 |
|    clip_fraction        | 0.15       |
|    clip_range           | 0.2        |
|    entropy_loss         | -1.42      |
|    explained_variance   | 0.0327     |
|    learning_rate        | 0.0003     |
|    loss                 | -0.0805    |
|    n_updates            | 130        |
|    policy_gradient_loss | -0.0549    |
|    value_loss           | 0.0126     |
----------------------------------------
----------------------------------------
| rollout/                |            |
|    ep_len_mean          | 73.6       |
|    ep_rew_mean          | 24.3       |
| time/                   |            |
|    fps                  | 40         |
|    iterations           | 15         |
|    time_elapsed         | 190        |
|    total_timesteps      | 7680       |
| train/                  |            |
|    approx_kl            | 0.02005659 |
|    clip_fraction        | 0.185      |
|    clip_range           | 0.2        |
|    entropy_loss         | -1.41      |
|    explained_variance   | 0.229      |
|    learning_rate        | 0.0003     |
|    loss                 | -0.107     |
|    n_updates            | 140        |
|    policy_gradient_loss | -0.0621    |
|    value_loss           | 0.0107     |
----------------------------------------
-----------------------------------------
| rollout/                |             |
|    ep_len_mean          | 78.4        |
|    ep_rew_mean          | 26.7        |
| time/                   |             |
|    fps                  | 40          |
|    iterations           | 16          |
|    time_elapsed         | 200         |
|    total_timesteps      | 8192        |
| train/                  |             |
|    approx_kl            | 0.013894726 |
|    clip_fraction        | 0.125       |
|    clip_range           | 0.2         |
|    entropy_loss         | -1.39       |
|    explained_variance   | -0.822      |
|    learning_rate        | 0.0003      |
|    loss                 | -0.0768     |
|    n_updates            | 150         |
|    policy_gradient_loss | -0.0455     |
|    value_loss           | 0.0106      |
-----------------------------------------
-----------------------------------------
| rollout/                |             |
|    ep_len_mean          | 81.5        |
|    ep_rew_mean          | 28.2        |
| time/                   |             |
|    fps                  | 41          |
|    iterations           | 17          |
|    time_elapsed         | 207         |
|    total_timesteps      | 8704        |
| train/                  |             |
|    approx_kl            | 0.018868227 |
|    clip_fraction        | 0.187       |
|    clip_range           | 0.2         |
|    entropy_loss         | -1.37       |
|    explained_variance   | -0.569      |
|    learning_rate        | 0.0003      |
|    loss                 | -0.105      |
|    n_updates            | 160         |
|    policy_gradient_loss | -0.0615     |
|    value_loss           | 0.00853     |
-----------------------------------------
-----------------------------------------
| rollout/                |             |
|    ep_len_mean          | 86.4        |
|    ep_rew_mean          | 30.6        |
| time/                   |             |
|    fps                  | 43          |
|    iterations           | 18          |
|    time_elapsed         | 214         |
|    total_timesteps      | 9216        |
| train/                  |             |
|    approx_kl            | 0.017539956 |
|    clip_fraction        | 0.151       |
|    clip_range           | 0.2         |
|    entropy_loss         | -1.38       |
|    explained_variance   | -0.118      |
|    learning_rate        | 0.0003      |
|    loss                 | -0.094      |
|    n_updates            | 170         |
|    policy_gradient_loss | -0.0538     |
|    value_loss           | 0.00916     |
-----------------------------------------
-----------------------------------------
| rollout/                |             |
|    ep_len_mean          | 89.5        |
|    ep_rew_mean          | 32.2        |
| time/                   |             |
|    fps                  | 42          |
|    iterations           | 19          |
|    time_elapsed         | 229         |
|    total_timesteps      | 9728        |
| train/                  |             |
|    approx_kl            | 0.019259352 |
|    clip_fraction        | 0.171       |
|    clip_range           | 0.2         |
|    entropy_loss         | -1.32       |
|    explained_variance   | -1.88       |
|    learning_rate        | 0.0003      |
|    loss                 | -0.0799     |
|    n_updates            | 180         |
|    policy_gradient_loss | -0.0564     |
|    value_loss           | 0.00551     |
-----------------------------------------
[Eval @10000] NEW BEST mean_reward=7.620
[Eval @10000] R=7.6±1.6 CR=0.100 Spd=21.1 LC=110.2 SR=0.900
----------------------------------------
| rollout/                |            |
|    ep_len_mean          | 93.2       |
|    ep_rew_mean          | 33.9       |
| time/                   |            |
|    fps                  | 39         |
|    iterations           | 20         |
|    time_elapsed         | 261        |
|    total_timesteps      | 10240      |
| train/                  |            |
|    approx_kl            | 0.01693488 |
|    clip_fraction        | 0.16       |
|    clip_range           | 0.2        |
|    entropy_loss         | -1.27      |
|    explained_variance   | -0.217     |
|    learning_rate        | 0.0003     |
|    loss                 | -0.111     |
|    n_updates            | 190        |
|    policy_gradient_loss | -0.0538    |
|    value_loss           | 0.00844    |
----------------------------------------
-----------------------------------------
| rollout/                |             |
|    ep_len_mean          | 95.9        |
|    ep_rew_mean          | 35.3        |
| time/                   |             |
|    fps                  | 40          |
|    iterations           | 21          |
|    time_elapsed         | 268         |
|    total_timesteps      | 10752       |
| train/                  |             |
|    approx_kl            | 0.021825416 |
|    clip_fraction        | 0.188       |
|    clip_range           | 0.2         |
|    entropy_loss         | -1.31       |
|    explained_variance   | -0.14       |
|    learning_rate        | 0.0003      |
|    loss                 | -0.099      |
|    n_updates            | 200         |
|    policy_gradient_loss | -0.0616     |
|    value_loss           | 0.00841     |
-----------------------------------------
-----------------------------------------
| rollout/                |             |
|    ep_len_mean          | 99.6        |
|    ep_rew_mean          | 37.1        |
| time/                   |             |
|    fps                  | 40          |
|    iterations           | 22          |
|    time_elapsed         | 275         |
|    total_timesteps      | 11264       |
| train/                  |             |
|    approx_kl            | 0.014443897 |
|    clip_fraction        | 0.122       |
|    clip_range           | 0.2         |
|    entropy_loss         | -1.34       |
|    explained_variance   | 0.0424      |
|    learning_rate        | 0.0003      |
|    loss                 | -0.0902     |
|    n_updates            | 210         |
|    policy_gradient_loss | -0.0441     |
|    value_loss           | 0.00446     |
-----------------------------------------
-----------------------------------------
| rollout/                |             |
|    ep_len_mean          | 101         |
|    ep_rew_mean          | 37.6        |
| time/                   |             |
|    fps                  | 41          |
|    iterations           | 23          |
|    time_elapsed         | 281         |
|    total_timesteps      | 11776       |
| train/                  |             |
|    approx_kl            | 0.017761523 |
|    clip_fraction        | 0.167       |
|    clip_range           | 0.2         |
|    entropy_loss         | -1.27       |
|    explained_variance   | -0.574      |
|    learning_rate        | 0.0003      |
|    loss                 | -0.0827     |
|    n_updates            | 220         |
|    policy_gradient_loss | -0.0531     |
|    value_loss           | 0.00668     |
-----------------------------------------
----------------------------------------
| rollout/                |            |
|    ep_len_mean          | 105        |
|    ep_rew_mean          | 39.7       |
| time/                   |            |
|    fps                  | 41         |
|    iterations           | 24         |
|    time_elapsed         | 296        |
|    total_timesteps      | 12288      |
| train/                  |            |
|    approx_kl            | 0.01635237 |
|    clip_fraction        | 0.148      |
|    clip_range           | 0.2        |
|    entropy_loss         | -1.24      |
|    explained_variance   | 0.193      |
|    learning_rate        | 0.0003     |
|    loss                 | -0.112     |
|    n_updates            | 230        |
|    policy_gradient_loss | -0.0476    |
|    value_loss           | 0.00992    |
----------------------------------------
-----------------------------------------
| rollout/                |             |
|    ep_len_mean          | 108         |
|    ep_rew_mean          | 40.9        |
| time/                   |             |
|    fps                  | 40          |
|    iterations           | 25          |
|    time_elapsed         | 317         |
|    total_timesteps      | 12800       |
| train/                  |             |
|    approx_kl            | 0.015044058 |
|    clip_fraction        | 0.122       |
|    clip_range           | 0.2         |
|    entropy_loss         | -1.35       |
|    explained_variance   | -0.0546     |
|    learning_rate        | 0.0003      |
|    loss                 | -0.0856     |
|    n_updates            | 240         |
|    policy_gradient_loss | -0.0487     |
|    value_loss           | 0.00751     |
-----------------------------------------
-----------------------------------------
| rollout/                |             |
|    ep_len_mean          | 111         |
|    ep_rew_mean          | 42.4        |
| time/                   |             |
|    fps                  | 39          |
|    iterations           | 26          |
|    time_elapsed         | 337         |
|    total_timesteps      | 13312       |
| train/                  |             |
|    approx_kl            | 0.019518033 |
|    clip_fraction        | 0.162       |
|    clip_range           | 0.2         |
|    entropy_loss         | -1.17       |
|    explained_variance   | -0.219      |
|    learning_rate        | 0.0003      |
|    loss                 | -0.0921     |
|    n_updates            | 250         |
|    policy_gradient_loss | -0.0517     |
|    value_loss           | 0.0074      |
-----------------------------------------
-----------------------------------------
| rollout/                |             |
|    ep_len_mean          | 111         |
|    ep_rew_mean          | 42.6        |
| time/                   |             |
|    fps                  | 38          |
|    iterations           | 27          |
|    time_elapsed         | 357         |
|    total_timesteps      | 13824       |
| train/                  |             |
|    approx_kl            | 0.019792262 |
|    clip_fraction        | 0.153       |
|    clip_range           | 0.2         |
|    entropy_loss         | -1.19       |
|    explained_variance   | -0.582      |
|    learning_rate        | 0.0003      |
|    loss                 | -0.0868     |
|    n_updates            | 260         |
|    policy_gradient_loss | -0.0522     |
|    value_loss           | 0.00595     |
-----------------------------------------
-----------------------------------------
| rollout/                |             |
|    ep_len_mean          | 114         |
|    ep_rew_mean          | 44.1        |
| time/                   |             |
|    fps                  | 37          |
|    iterations           | 28          |
|    time_elapsed         | 377         |
|    total_timesteps      | 14336       |
| train/                  |             |
|    approx_kl            | 0.020881522 |
|    clip_fraction        | 0.189       |
|    clip_range           | 0.2         |
|    entropy_loss         | -1.22       |
|    explained_variance   | -0.192      |
|    learning_rate        | 0.0003      |
|    loss                 | -0.113      |
|    n_updates            | 270         |
|    policy_gradient_loss | -0.057      |
|    value_loss           | 0.00502     |
-----------------------------------------
----------------------------------------
| rollout/                |            |
|    ep_len_mean          | 115        |
|    ep_rew_mean          | 44.4       |
| time/                   |            |
|    fps                  | 37         |
|    iterations           | 29         |
|    time_elapsed         | 397        |
|    total_timesteps      | 14848      |
| train/                  |            |
|    approx_kl            | 0.02140319 |
|    clip_fraction        | 0.166      |
|    clip_range           | 0.2        |
|    entropy_loss         | -1.23      |
|    explained_variance   | -1.25      |
|    learning_rate        | 0.0003     |
|    loss                 | -0.105     |
|    n_updates            | 280        |
|    policy_gradient_loss | -0.0504    |
|    value_loss           | 0.00455    |
----------------------------------------
[Eval @15000] R=7.3±2.2 CR=0.200 Spd=21.4 LC=103.1 SR=0.800
-----------------------------------------
| rollout/                |             |
|    ep_len_mean          | 116         |
|    ep_rew_mean          | 44.8        |
| time/                   |             |
|    fps                  | 31          |
|    iterations           | 30          |
|    time_elapsed         | 487         |
|    total_timesteps      | 15360       |
| train/                  |             |
|    approx_kl            | 0.020220116 |
|    clip_fraction        | 0.155       |
|    clip_range           | 0.2         |
|    entropy_loss         | -1.2        |
|    explained_variance   | -0.219      |
|    learning_rate        | 0.0003      |
|    loss                 | -0.0815     |
|    n_updates            | 290         |
|    policy_gradient_loss | -0.0502     |
|    value_loss           | 0.00822     |
-----------------------------------------
-----------------------------------------
| rollout/                |             |
|    ep_len_mean          | 114         |
|    ep_rew_mean          | 43.9        |
| time/                   |             |
|    fps                  | 31          |
|    iterations           | 31          |
|    time_elapsed         | 507         |
|    total_timesteps      | 15872       |
| train/                  |             |
|    approx_kl            | 0.024354704 |
|    clip_fraction        | 0.193       |
|    clip_range           | 0.2         |
|    entropy_loss         | -1.09       |
|    explained_variance   | -0.0923     |
|    learning_rate        | 0.0003      |
|    loss                 | -0.0696     |
|    n_updates            | 300         |
|    policy_gradient_loss | -0.0521     |
|    value_loss           | 0.00815     |
-----------------------------------------
-----------------------------------------
| rollout/                |             |
|    ep_len_mean          | 117         |
|    ep_rew_mean          | 45.4        |
| time/                   |             |
|    fps                  | 31          |
|    iterations           | 32          |
|    time_elapsed         | 521         |
|    total_timesteps      | 16384       |
| train/                  |             |
|    approx_kl            | 0.024446417 |
|    clip_fraction        | 0.223       |
|    clip_range           | 0.2         |
|    entropy_loss         | -1.08       |
|    explained_variance   | -0.273      |
|    learning_rate        | 0.0003      |
|    loss                 | -0.0934     |
|    n_updates            | 310         |
|    policy_gradient_loss | -0.0608     |
|    value_loss           | 0.0131      |
-----------------------------------------
----------------------------------------
| rollout/                |            |
|    ep_len_mean          | 115        |
|    ep_rew_mean          | 44.4       |
| time/                   |            |
|    fps                  | 31         |
|    iterations           | 33         |
|    time_elapsed         | 529        |
|    total_timesteps      | 16896      |
| train/                  |            |
|    approx_kl            | 0.01941478 |
|    clip_fraction        | 0.154      |
|    clip_range           | 0.2        |
|    entropy_loss         | -1.09      |
|    explained_variance   | -0.957     |
|    learning_rate        | 0.0003     |
|    loss                 | -0.0814    |
|    n_updates            | 320        |
|    policy_gradient_loss | -0.0493    |
|    value_loss           | 0.00507    |
----------------------------------------
-----------------------------------------
| rollout/                |             |
|    ep_len_mean          | 116         |
|    ep_rew_mean          | 44.9        |
| time/                   |             |
|    fps                  | 32          |
|    iterations           | 34          |
|    time_elapsed         | 539         |
|    total_timesteps      | 17408       |
| train/                  |             |
|    approx_kl            | 0.021455588 |
|    clip_fraction        | 0.19        |
|    clip_range           | 0.2         |
|    entropy_loss         | -1.11       |
|    explained_variance   | 0.0412      |
|    learning_rate        | 0.0003      |
|    loss                 | -0.0982     |
|    n_updates            | 330         |
|    policy_gradient_loss | -0.0501     |
|    value_loss           | 0.00807     |
-----------------------------------------
-----------------------------------------
| rollout/                |             |
|    ep_len_mean          | 119         |
|    ep_rew_mean          | 46.6        |
| time/                   |             |
|    fps                  | 32          |
|    iterations           | 35          |
|    time_elapsed         | 554         |
|    total_timesteps      | 17920       |
| train/                  |             |
|    approx_kl            | 0.023241647 |
|    clip_fraction        | 0.192       |
|    clip_range           | 0.2         |
|    entropy_loss         | -1.07       |
|    explained_variance   | -0.724      |
|    learning_rate        | 0.0003      |
|    loss                 | -0.0914     |
|    n_updates            | 340         |
|    policy_gradient_loss | -0.0565     |
|    value_loss           | 0.00548     |
-----------------------------------------
-----------------------------------------
| rollout/                |             |
|    ep_len_mean          | 122         |
|    ep_rew_mean          | 47.9        |
| time/                   |             |
|    fps                  | 32          |
|    iterations           | 36          |
|    time_elapsed         | 574         |
|    total_timesteps      | 18432       |
| train/                  |             |
|    approx_kl            | 0.018475655 |
|    clip_fraction        | 0.169       |
|    clip_range           | 0.2         |
|    entropy_loss         | -1.05       |
|    explained_variance   | -1.1        |
|    learning_rate        | 0.0003      |
|    loss                 | -0.101      |
|    n_updates            | 350         |
|    policy_gradient_loss | -0.0501     |
|    value_loss           | 0.00441     |
-----------------------------------------
----------------------------------------
| rollout/                |            |
|    ep_len_mean          | 125        |
|    ep_rew_mean          | 49.5       |
| time/                   |            |
|    fps                  | 31         |
|    iterations           | 37         |
|    time_elapsed         | 594        |
|    total_timesteps      | 18944      |
| train/                  |            |
|    approx_kl            | 0.02194859 |
|    clip_fraction        | 0.185      |
|    clip_range           | 0.2        |
|    entropy_loss         | -1.11      |
|    explained_variance   | 0.154      |
|    learning_rate        | 0.0003     |
|    loss                 | -0.0728    |
|    n_updates            | 360        |
|    policy_gradient_loss | -0.0508    |
|    value_loss           | 0.00374    |
----------------------------------------
-----------------------------------------
| rollout/                |             |
|    ep_len_mean          | 127         |
|    ep_rew_mean          | 50.6        |
| time/                   |             |
|    fps                  | 31          |
|    iterations           | 38          |
|    time_elapsed         | 614         |
|    total_timesteps      | 19456       |
| train/                  |             |
|    approx_kl            | 0.018677754 |
|    clip_fraction        | 0.164       |
|    clip_range           | 0.2         |
|    entropy_loss         | -1.09       |
|    explained_variance   | -0.574      |
|    learning_rate        | 0.0003      |
|    loss                 | -0.0975     |
|    n_updates            | 370         |
|    policy_gradient_loss | -0.05       |
|    value_loss           | 0.0057      |
-----------------------------------------
-----------------------------------------
| rollout/                |             |
|    ep_len_mean          | 128         |
|    ep_rew_mean          | 51.4        |
| time/                   |             |
|    fps                  | 31          |
|    iterations           | 39          |
|    time_elapsed         | 634         |
|    total_timesteps      | 19968       |
| train/                  |             |
|    approx_kl            | 0.021025203 |
|    clip_fraction        | 0.192       |
|    clip_range           | 0.2         |
|    entropy_loss         | -1.03       |
|    explained_variance   | -1.13       |
|    learning_rate        | 0.0003      |
|    loss                 | -0.079      |
|    n_updates            | 380         |
|    policy_gradient_loss | -0.0559     |
|    value_loss           | 0.00456     |
-----------------------------------------
[Eval @20000] R=7.6±2.4 CR=0.100 Spd=21.6 LC=77.6 SR=0.900
-----------------------------------------
| rollout/                |             |
|    ep_len_mean          | 131         |
|    ep_rew_mean          | 52.6        |
| time/                   |             |
|    fps                  | 28          |
|    iterations           | 40          |
|    time_elapsed         | 726         |
|    total_timesteps      | 20480       |
| train/                  |             |
|    approx_kl            | 0.022556262 |
|    clip_fraction        | 0.196       |
|    clip_range           | 0.2         |
|    entropy_loss         | -1.07       |
|    explained_variance   | -0.14       |
|    learning_rate        | 0.0003      |
|    loss                 | -0.0825     |
|    n_updates            | 390         |
|    policy_gradient_loss | -0.052      |
|    value_loss           | 0.00673     |
-----------------------------------------
-----------------------------------------
| rollout/                |             |
|    ep_len_mean          | 131         |
|    ep_rew_mean          | 52.6        |
| time/                   |             |
|    fps                  | 28          |
|    iterations           | 41          |
|    time_elapsed         | 746         |
|    total_timesteps      | 20992       |
| train/                  |             |
|    approx_kl            | 0.015410667 |
|    clip_fraction        | 0.139       |
|    clip_range           | 0.2         |
|    entropy_loss         | -0.966      |
|    explained_variance   | -0.251      |
|    learning_rate        | 0.0003      |
|    loss                 | -0.0809     |
|    n_updates            | 400         |
|    policy_gradient_loss | -0.0419     |
|    value_loss           | 0.00536     |
-----------------------------------------
-----------------------------------------
| rollout/                |             |
|    ep_len_mean          | 131         |
|    ep_rew_mean          | 52.8        |
| time/                   |             |
|    fps                  | 28          |
|    iterations           | 42          |
|    time_elapsed         | 766         |
|    total_timesteps      | 21504       |
| train/                  |             |
|    approx_kl            | 0.018116456 |
|    clip_fraction        | 0.16        |
|    clip_range           | 0.2         |
|    entropy_loss         | -1.02       |
|    explained_variance   | -0.827      |
|    learning_rate        | 0.0003      |
|    loss                 | -0.0972     |
|    n_updates            | 410         |
|    policy_gradient_loss | -0.0486     |
|    value_loss           | 0.00596     |
-----------------------------------------
----------------------------------------
| rollout/                |            |
|    ep_len_mean          | 134        |
|    ep_rew_mean          | 54         |
| time/                   |            |
|    fps                  | 27         |
|    iterations           | 43         |
|    time_elapsed         | 786        |
|    total_timesteps      | 22016      |
| train/                  |            |
|    approx_kl            | 0.01688892 |
|    clip_fraction        | 0.15       |
|    clip_range           | 0.2        |
|    entropy_loss         | -0.905     |
|    explained_variance   | 0.313      |
|    learning_rate        | 0.0003     |
|    loss                 | -0.0716    |
|    n_updates            | 420        |
|    policy_gradient_loss | -0.0473    |
|    value_loss           | 0.00303    |
----------------------------------------
-----------------------------------------
| rollout/                |             |
|    ep_len_mean          | 132         |
|    ep_rew_mean          | 53.2        |
| time/                   |             |
|    fps                  | 27          |
|    iterations           | 44          |
|    time_elapsed         | 806         |
|    total_timesteps      | 22528       |
| train/                  |             |
|    approx_kl            | 0.025353651 |
|    clip_fraction        | 0.21        |
|    clip_range           | 0.2         |
|    entropy_loss         | -1.05       |
|    explained_variance   | -0.0274     |
|    learning_rate        | 0.0003      |
|    loss                 | -0.0952     |
|    n_updates            | 430         |
|    policy_gradient_loss | -0.0577     |
|    value_loss           | 0.00201     |
-----------------------------------------
-----------------------------------------
| rollout/                |             |
|    ep_len_mean          | 134         |
|    ep_rew_mean          | 54.1        |
| time/                   |             |
|    fps                  | 27          |
|    iterations           | 45          |
|    time_elapsed         | 827         |
|    total_timesteps      | 23040       |
| train/                  |             |
|    approx_kl            | 0.025556691 |
|    clip_fraction        | 0.232       |
|    clip_range           | 0.2         |
|    entropy_loss         | -1.02       |
|    explained_variance   | 0.0738      |
|    learning_rate        | 0.0003      |
|    loss                 | -0.0903     |
|    n_updates            | 440         |
|    policy_gradient_loss | -0.0557     |
|    value_loss           | 0.0038      |
-----------------------------------------
-----------------------------------------
| rollout/                |             |
|    ep_len_mean          | 136         |
|    ep_rew_mean          | 55          |
| time/                   |             |
|    fps                  | 27          |
|    iterations           | 46          |
|    time_elapsed         | 847         |
|    total_timesteps      | 23552       |
| train/                  |             |
|    approx_kl            | 0.018586341 |
|    clip_fraction        | 0.162       |
|    clip_range           | 0.2         |
|    entropy_loss         | -0.89       |
|    explained_variance   | -21.3       |
|    learning_rate        | 0.0003      |
|    loss                 | -0.089      |
|    n_updates            | 450         |
|    policy_gradient_loss | -0.0473     |
|    value_loss           | 0.0019      |
-----------------------------------------
-----------------------------------------
| rollout/                |             |
|    ep_len_mean          | 137         |
|    ep_rew_mean          | 55.8        |
| time/                   |             |
|    fps                  | 27          |
|    iterations           | 47          |
|    time_elapsed         | 867         |
|    total_timesteps      | 24064       |
| train/                  |             |
|    approx_kl            | 0.019760817 |
|    clip_fraction        | 0.186       |
|    clip_range           | 0.2         |
|    entropy_loss         | -0.925      |
|    explained_variance   | -1.3        |
|    learning_rate        | 0.0003      |
|    loss                 | -0.0669     |
|    n_updates            | 460         |
|    policy_gradient_loss | -0.0508     |
|    value_loss           | 0.00391     |
-----------------------------------------
-----------------------------------------
| rollout/                |             |
|    ep_len_mean          | 139         |
|    ep_rew_mean          | 56.9        |
| time/                   |             |
|    fps                  | 27          |
|    iterations           | 48          |
|    time_elapsed         | 887         |
|    total_timesteps      | 24576       |
| train/                  |             |
|    approx_kl            | 0.017422117 |
|    clip_fraction        | 0.154       |
|    clip_range           | 0.2         |
|    entropy_loss         | -1.04       |
|    explained_variance   | -0.0573     |
|    learning_rate        | 0.0003      |
|    loss                 | -0.0915     |
|    n_updates            | 470         |
|    policy_gradient_loss | -0.0423     |
|    value_loss           | 0.00418     |
-----------------------------------------
[Eval @25000] NEW BEST mean_reward=7.960
[Eval @25000] R=8.0±1.4 CR=0.200 Spd=22.7 LC=87.9 SR=0.800
-----------------------------------------
| rollout/                |             |
|    ep_len_mean          | 139         |
|    ep_rew_mean          | 56.7        |
| time/                   |             |
|    fps                  | 25          |
|    iterations           | 49          |
|    time_elapsed         | 982         |
|    total_timesteps      | 25088       |
| train/                  |             |
|    approx_kl            | 0.021083903 |
|    clip_fraction        | 0.141       |
|    clip_range           | 0.2         |
|    entropy_loss         | -0.989      |
|    explained_variance   | -0.201      |
|    learning_rate        | 0.0003      |
|    loss                 | -0.0751     |
|    n_updates            | 480         |
|    policy_gradient_loss | -0.0439     |
|    value_loss           | 0.00253     |
-----------------------------------------
----------------------------------------
| rollout/                |            |
|    ep_len_mean          | 141        |
|    ep_rew_mean          | 57.9       |
| time/                   |            |
|    fps                  | 25         |
|    iterations           | 50         |
|    time_elapsed         | 1002       |
|    total_timesteps      | 25600      |
| train/                  |            |
|    approx_kl            | 0.02330146 |
|    clip_fraction        | 0.176      |
|    clip_range           | 0.2        |
|    entropy_loss         | -0.959     |
|    explained_variance   | 0.0952     |
|    learning_rate        | 0.0003     |
|    loss                 | -0.0834    |
|    n_updates            | 490        |
|    policy_gradient_loss | -0.0455    |
|    value_loss           | 0.00359    |
----------------------------------------
-----------------------------------------
| rollout/                |             |
|    ep_len_mean          | 140         |
|    ep_rew_mean          | 57.5        |
| time/                   |             |
|    fps                  | 25          |
|    iterations           | 51          |
|    time_elapsed         | 1022        |
|    total_timesteps      | 26112       |
| train/                  |             |
|    approx_kl            | 0.021606192 |
|    clip_fraction        | 0.168       |
|    clip_range           | 0.2         |
|    entropy_loss         | -0.916      |
|    explained_variance   | -0.956      |
|    learning_rate        | 0.0003      |
|    loss                 | -0.0756     |
|    n_updates            | 500         |
|    policy_gradient_loss | -0.0458     |
|    value_loss           | 0.0036      |
-----------------------------------------
-----------------------------------------
| rollout/                |             |
|    ep_len_mean          | 142         |
|    ep_rew_mean          | 58.3        |
| time/                   |             |
|    fps                  | 25          |
|    iterations           | 52          |
|    time_elapsed         | 1042        |
|    total_timesteps      | 26624       |
| train/                  |             |
|    approx_kl            | 0.026814356 |
|    clip_fraction        | 0.175       |
|    clip_range           | 0.2         |
|    entropy_loss         | -0.903      |
|    explained_variance   | -0.0472     |
|    learning_rate        | 0.0003      |
|    loss                 | -0.0873     |
|    n_updates            | 510         |
|    policy_gradient_loss | -0.0484     |
|    value_loss           | 0.00736     |
-----------------------------------------
-----------------------------------------
| rollout/                |             |
|    ep_len_mean          | 142         |
|    ep_rew_mean          | 58.5        |
| time/                   |             |
|    fps                  | 25          |
|    iterations           | 53          |
|    time_elapsed         | 1049        |
|    total_timesteps      | 27136       |
| train/                  |             |
|    approx_kl            | 0.023000076 |
|    clip_fraction        | 0.189       |
|    clip_range           | 0.2         |
|    entropy_loss         | -0.917      |
|    explained_variance   | -0.601      |
|    learning_rate        | 0.0003      |
|    loss                 | -0.0821     |
|    n_updates            | 520         |
|    policy_gradient_loss | -0.0483     |
|    value_loss           | 0.00555     |
-----------------------------------------
-----------------------------------------
| rollout/                |             |
|    ep_len_mean          | 142         |
|    ep_rew_mean          | 58.7        |
| time/                   |             |
|    fps                  | 26          |
|    iterations           | 54          |
|    time_elapsed         | 1056        |
|    total_timesteps      | 27648       |
| train/                  |             |
|    approx_kl            | 0.027646933 |
|    clip_fraction        | 0.191       |
|    clip_range           | 0.2         |
|    entropy_loss         | -0.83       |
|    explained_variance   | -0.442      |
|    learning_rate        | 0.0003      |
|    loss                 | -0.0918     |
|    n_updates            | 530         |
|    policy_gradient_loss | -0.0478     |
|    value_loss           | 0.00808     |
-----------------------------------------
-----------------------------------------
| rollout/                |             |
|    ep_len_mean          | 143         |
|    ep_rew_mean          | 59.4        |
| time/                   |             |
|    fps                  | 26          |
|    iterations           | 55          |
|    time_elapsed         | 1062        |
|    total_timesteps      | 28160       |
| train/                  |             |
|    approx_kl            | 0.029698085 |
|    clip_fraction        | 0.237       |
|    clip_range           | 0.2         |
|    entropy_loss         | -1.01       |
|    explained_variance   | -19.1       |
|    learning_rate        | 0.0003      |
|    loss                 | -0.0963     |
|    n_updates            | 540         |
|    policy_gradient_loss | -0.0583     |
|    value_loss           | 0.00133     |
-----------------------------------------
----------------------------------------
| rollout/                |            |
|    ep_len_mean          | 144        |
|    ep_rew_mean          | 59.9       |
| time/                   |            |
|    fps                  | 26         |
|    iterations           | 56         |
|    time_elapsed         | 1069       |
|    total_timesteps      | 28672      |
| train/                  |            |
|    approx_kl            | 0.02423663 |
|    clip_fraction        | 0.192      |
|    clip_range           | 0.2        |
|    entropy_loss         | -0.906     |
|    explained_variance   | -27.9      |
|    learning_rate        | 0.0003     |
|    loss                 | -0.0765    |
|    n_updates            | 550        |
|    policy_gradient_loss | -0.0558    |
|    value_loss           | 0.00162    |
----------------------------------------
---------------------------------------
| rollout/                |           |
|    ep_len_mean          | 144       |
|    ep_rew_mean          | 59.7      |
| time/                   |           |
|    fps                  | 27        |
|    iterations           | 57        |
|    time_elapsed         | 1076      |
|    total_timesteps      | 29184     |
| train/                  |           |
|    approx_kl            | 0.0209826 |
|    clip_fraction        | 0.182     |
|    clip_range           | 0.2       |
|    entropy_loss         | -0.844    |
|    explained_variance   | -32.9     |
|    learning_rate        | 0.0003    |
|    loss                 | -0.0846   |
|    n_updates            | 560       |
|    policy_gradient_loss | -0.0523   |
|    value_loss           | 0.00138   |
---------------------------------------
-----------------------------------------
| rollout/                |             |
|    ep_len_mean          | 144         |
|    ep_rew_mean          | 59.6        |
| time/                   |             |
|    fps                  | 27          |
|    iterations           | 58          |
|    time_elapsed         | 1082        |
|    total_timesteps      | 29696       |
| train/                  |             |
|    approx_kl            | 0.022516537 |
|    clip_fraction        | 0.173       |
|    clip_range           | 0.2         |
|    entropy_loss         | -0.882      |
|    explained_variance   | 0.0149      |
|    learning_rate        | 0.0003      |
|    loss                 | -0.0756     |
|    n_updates            | 570         |
|    policy_gradient_loss | -0.0457     |
|    value_loss           | 0.00508     |
-----------------------------------------
[Eval @30000] NEW BEST mean_reward=8.200
[Eval @30000] R=8.2±0.8 CR=0.100 Spd=21.7 LC=93.2 SR=0.900
----------------------------------------
| rollout/                |            |
|    ep_len_mean          | 145        |
|    ep_rew_mean          | 60.3       |
| time/                   |            |
|    fps                  | 25         |
|    iterations           | 59         |
|    time_elapsed         | 1167       |
|    total_timesteps      | 30208      |
| train/                  |            |
|    approx_kl            | 0.01980018 |
|    clip_fraction        | 0.171      |
|    clip_range           | 0.2        |
|    entropy_loss         | -0.863     |
|    explained_variance   | -0.00646   |
|    learning_rate        | 0.0003     |
|    loss                 | -0.0963    |
|    n_updates            | 580        |
|    policy_gradient_loss | -0.045     |
|    value_loss           | 0.00643    |
----------------------------------------
-----------------------------------------
| rollout/                |             |
|    ep_len_mean          | 146         |
|    ep_rew_mean          | 60.7        |
| time/                   |             |
|    fps                  | 25          |
|    iterations           | 60          |
|    time_elapsed         | 1188        |
|    total_timesteps      | 30720       |
| train/                  |             |
|    approx_kl            | 0.022605387 |
|    clip_fraction        | 0.194       |
|    clip_range           | 0.2         |
|    entropy_loss         | -0.928      |
|    explained_variance   | 0.0704      |
|    learning_rate        | 0.0003      |
|    loss                 | -0.0692     |
|    n_updates            | 590         |
|    policy_gradient_loss | -0.0488     |
|    value_loss           | 0.00601     |
-----------------------------------------
-----------------------------------------
| rollout/                |             |
|    ep_len_mean          | 147         |
|    ep_rew_mean          | 61.4        |
| time/                   |             |
|    fps                  | 25          |
|    iterations           | 61          |
|    time_elapsed         | 1208        |
|    total_timesteps      | 31232       |
| train/                  |             |
|    approx_kl            | 0.020822193 |
|    clip_fraction        | 0.168       |
|    clip_range           | 0.2         |
|    entropy_loss         | -0.927      |
|    explained_variance   | 0.405       |
|    learning_rate        | 0.0003      |
|    loss                 | -0.0816     |
|    n_updates            | 600         |
|    policy_gradient_loss | -0.0415     |
|    value_loss           | 0.00488     |
-----------------------------------------
-----------------------------------------
| rollout/                |             |
|    ep_len_mean          | 150         |
|    ep_rew_mean          | 63.2        |
| time/                   |             |
|    fps                  | 25          |
|    iterations           | 62          |
|    time_elapsed         | 1228        |
|    total_timesteps      | 31744       |
| train/                  |             |
|    approx_kl            | 0.025580296 |
|    clip_fraction        | 0.18        |
|    clip_range           | 0.2         |
|    entropy_loss         | -0.875      |
|    explained_variance   | -55.8       |
|    learning_rate        | 0.0003      |
|    loss                 | -0.0931     |
|    n_updates            | 610         |
|    policy_gradient_loss | -0.0463     |
|    value_loss           | 0.00369     |
-----------------------------------------
----------------------------------------
| rollout/                |            |
|    ep_len_mean          | 149        |
|    ep_rew_mean          | 62.2       |
| time/                   |            |
|    fps                  | 25         |
|    iterations           | 63         |
|    time_elapsed         | 1248       |
|    total_timesteps      | 32256      |
| train/                  |            |
|    approx_kl            | 0.02177982 |
|    clip_fraction        | 0.166      |
|    clip_range           | 0.2        |
|    entropy_loss         | -0.866     |
|    explained_variance   | -22.5      |
|    learning_rate        | 0.0003     |
|    loss                 | -0.0678    |
|    n_updates            | 620        |
|    policy_gradient_loss | -0.0493    |
|    value_loss           | 0.00126    |
----------------------------------------
-----------------------------------------
| rollout/                |             |
|    ep_len_mean          | 148         |
|    ep_rew_mean          | 61.6        |
| time/                   |             |
|    fps                  | 25          |
|    iterations           | 64          |
|    time_elapsed         | 1269        |
|    total_timesteps      | 32768       |
| train/                  |             |
|    approx_kl            | 0.020743009 |
|    clip_fraction        | 0.16        |
|    clip_range           | 0.2         |
|    entropy_loss         | -0.835      |
|    explained_variance   | 0.197       |
|    learning_rate        | 0.0003      |
|    loss                 | -0.0619     |
|    n_updates            | 630         |
|    policy_gradient_loss | -0.0419     |
|    value_loss           | 0.00861     |
-----------------------------------------
-----------------------------------------
| rollout/                |             |
|    ep_len_mean          | 147         |
|    ep_rew_mean          | 61.4        |
| time/                   |             |
|    fps                  | 26          |
|    iterations           | 65          |
|    time_elapsed         | 1278        |
|    total_timesteps      | 33280       |
| train/                  |             |
|    approx_kl            | 0.024765156 |
|    clip_fraction        | 0.182       |
|    clip_range           | 0.2         |
|    entropy_loss         | -0.845      |
|    explained_variance   | 0.0623      |
|    learning_rate        | 0.0003      |
|    loss                 | -0.0573     |
|    n_updates            | 640         |
|    policy_gradient_loss | -0.0412     |
|    value_loss           | 0.00502     |
-----------------------------------------
-----------------------------------------
| rollout/                |             |
|    ep_len_mean          | 148         |
|    ep_rew_mean          | 61.7        |
| time/                   |             |
|    fps                  | 26          |
|    iterations           | 66          |
|    time_elapsed         | 1285        |
|    total_timesteps      | 33792       |
| train/                  |             |
|    approx_kl            | 0.019976603 |
|    clip_fraction        | 0.17        |
|    clip_range           | 0.2         |
|    entropy_loss         | -0.83       |
|    explained_variance   | 0.0616      |
|    learning_rate        | 0.0003      |
|    loss                 | -0.0648     |
|    n_updates            | 650         |
|    policy_gradient_loss | -0.0413     |
|    value_loss           | 0.00492     |
-----------------------------------------
-----------------------------------------
| rollout/                |             |
|    ep_len_mean          | 147         |
|    ep_rew_mean          | 61          |
| time/                   |             |
|    fps                  | 26          |
|    iterations           | 67          |
|    time_elapsed         | 1305        |
|    total_timesteps      | 34304       |
| train/                  |             |
|    approx_kl            | 0.020901388 |
|    clip_fraction        | 0.154       |
|    clip_range           | 0.2         |
|    entropy_loss         | -0.812      |
|    explained_variance   | -0.785      |
|    learning_rate        | 0.0003      |
|    loss                 | -0.09       |
|    n_updates            | 660         |
|    policy_gradient_loss | -0.0485     |
|    value_loss           | 0.00296     |
-----------------------------------------
-----------------------------------------
| rollout/                |             |
|    ep_len_mean          | 148         |
|    ep_rew_mean          | 61.8        |
| time/                   |             |
|    fps                  | 26          |
|    iterations           | 68          |
|    time_elapsed         | 1325        |
|    total_timesteps      | 34816       |
| train/                  |             |
|    approx_kl            | 0.020375865 |
|    clip_fraction        | 0.205       |
|    clip_range           | 0.2         |
|    entropy_loss         | -0.721      |
|    explained_variance   | -1.73       |
|    learning_rate        | 0.0003      |
|    loss                 | -0.0803     |
|    n_updates            | 670         |
|    policy_gradient_loss | -0.0321     |
|    value_loss           | 0.00585     |
-----------------------------------------
[Eval @35000] R=6.9±2.8 CR=0.200 Spd=21.1 LC=96.2 SR=0.800
-----------------------------------------
| rollout/                |             |
|    ep_len_mean          | 150         |
|    ep_rew_mean          | 62.8        |
| time/                   |             |
|    fps                  | 26          |
|    iterations           | 69          |
|    time_elapsed         | 1354        |
|    total_timesteps      | 35328       |
| train/                  |             |
|    approx_kl            | 0.019802377 |
|    clip_fraction        | 0.158       |
|    clip_range           | 0.2         |
|    entropy_loss         | -0.805      |
|    explained_variance   | -0.127      |
|    learning_rate        | 0.0003      |
|    loss                 | -0.0824     |
|    n_updates            | 680         |
|    policy_gradient_loss | -0.0375     |
|    value_loss           | 0.00214     |
-----------------------------------------
-----------------------------------------
| rollout/                |             |
|    ep_len_mean          | 150         |
|    ep_rew_mean          | 62.7        |
| time/                   |             |
|    fps                  | 26          |
|    iterations           | 70          |
|    time_elapsed         | 1361        |
|    total_timesteps      | 35840       |
| train/                  |             |
|    approx_kl            | 0.027604837 |
|    clip_fraction        | 0.204       |
|    clip_range           | 0.2         |
|    entropy_loss         | -0.855      |
|    explained_variance   | -19.9       |
|    learning_rate        | 0.0003      |
|    loss                 | -0.0477     |
|    n_updates            | 690         |
|    policy_gradient_loss | -0.0418     |
|    value_loss           | 0.0016      |
-----------------------------------------
-----------------------------------------
| rollout/                |             |
|    ep_len_mean          | 150         |
|    ep_rew_mean          | 63          |
| time/                   |             |
|    fps                  | 26          |
|    iterations           | 71          |
|    time_elapsed         | 1368        |
|    total_timesteps      | 36352       |
| train/                  |             |
|    approx_kl            | 0.018639995 |
|    clip_fraction        | 0.144       |
|    clip_range           | 0.2         |
|    entropy_loss         | -0.754      |
|    explained_variance   | -0.229      |
|    learning_rate        | 0.0003      |
|    loss                 | -0.0272     |
|    n_updates            | 700         |
|    policy_gradient_loss | -0.0364     |
|    value_loss           | 0.00341     |
-----------------------------------------
--------------------------------------
| rollout/                |          |
|    ep_len_mean          | 151      |
|    ep_rew_mean          | 63.5     |
| time/                   |          |
|    fps                  | 26       |
|    iterations           | 72       |
|    time_elapsed         | 1374     |
|    total_timesteps      | 36864    |
| train/                  |          |
|    approx_kl            | 0.027605 |
|    clip_fraction        | 0.209    |
|    clip_range           | 0.2      |
|    entropy_loss         | -0.8     |
|    explained_variance   | 0.064    |
|    learning_rate        | 0.0003   |
|    loss                 | -0.0765  |
|    n_updates            | 710      |
|    policy_gradient_loss | -0.0485  |
|    value_loss           | 0.00355  |
--------------------------------------
----------------------------------------
| rollout/                |            |
|    ep_len_mean          | 152        |
|    ep_rew_mean          | 64         |
| time/                   |            |
|    fps                  | 27         |
|    iterations           | 73         |
|    time_elapsed         | 1381       |
|    total_timesteps      | 37376      |
| train/                  |            |
|    approx_kl            | 0.02553486 |
|    clip_fraction        | 0.204      |
|    clip_range           | 0.2        |
|    entropy_loss         | -0.782     |
|    explained_variance   | -23.2      |
|    learning_rate        | 0.0003     |
|    loss                 | -0.115     |
|    n_updates            | 720        |
|    policy_gradient_loss | -0.0535    |
|    value_loss           | 0.00146    |
----------------------------------------
-----------------------------------------
| rollout/                |             |
|    ep_len_mean          | 153         |
|    ep_rew_mean          | 64.5        |
| time/                   |             |
|    fps                  | 27          |
|    iterations           | 74          |
|    time_elapsed         | 1388        |
|    total_timesteps      | 37888       |
| train/                  |             |
|    approx_kl            | 0.024515653 |
|    clip_fraction        | 0.184       |
|    clip_range           | 0.2         |
|    entropy_loss         | -0.771      |
|    explained_variance   | -0.301      |
|    learning_rate        | 0.0003      |
|    loss                 | -0.0533     |
|    n_updates            | 730         |
|    policy_gradient_loss | -0.0433     |
|    value_loss           | 0.00209     |
-----------------------------------------
----------------------------------------
| rollout/                |            |
|    ep_len_mean          | 153        |
|    ep_rew_mean          | 64.6       |
| time/                   |            |
|    fps                  | 27         |
|    iterations           | 75         |
|    time_elapsed         | 1394       |
|    total_timesteps      | 38400      |
| train/                  |            |
|    approx_kl            | 0.02303451 |
|    clip_fraction        | 0.168      |
|    clip_range           | 0.2        |
|    entropy_loss         | -0.752     |
|    explained_variance   | -0.203     |
|    learning_rate        | 0.0003     |
|    loss                 | -0.0691    |
|    n_updates            | 740        |
|    policy_gradient_loss | -0.045     |
|    value_loss           | 0.00165    |
----------------------------------------
-----------------------------------------
| rollout/                |             |
|    ep_len_mean          | 151         |
|    ep_rew_mean          | 63.4        |
| time/                   |             |
|    fps                  | 27          |
|    iterations           | 76          |
|    time_elapsed         | 1401        |
|    total_timesteps      | 38912       |
| train/                  |             |
|    approx_kl            | 0.014521618 |
|    clip_fraction        | 0.149       |
|    clip_range           | 0.2         |
|    entropy_loss         | -0.843      |
|    explained_variance   | -0.157      |
|    learning_rate        | 0.0003      |
|    loss                 | -0.023      |
|    n_updates            | 750         |
|    policy_gradient_loss | -0.0316     |
|    value_loss           | 0.00588     |
-----------------------------------------
-----------------------------------------
| rollout/                |             |
|    ep_len_mean          | 150         |
|    ep_rew_mean          | 63.2        |
| time/                   |             |
|    fps                  | 27          |
|    iterations           | 77          |
|    time_elapsed         | 1408        |
|    total_timesteps      | 39424       |
| train/                  |             |
|    approx_kl            | 0.026332637 |
|    clip_fraction        | 0.173       |
|    clip_range           | 0.2         |
|    entropy_loss         | -0.76       |
|    explained_variance   | 0.122       |
|    learning_rate        | 0.0003      |
|    loss                 | -0.0776     |
|    n_updates            | 760         |
|    policy_gradient_loss | -0.0424     |
|    value_loss           | 0.00468     |
-----------------------------------------
-----------------------------------------
| rollout/                |             |
|    ep_len_mean          | 151         |
|    ep_rew_mean          | 63.3        |
| time/                   |             |
|    fps                  | 28          |
|    iterations           | 78          |
|    time_elapsed         | 1414        |
|    total_timesteps      | 39936       |
| train/                  |             |
|    approx_kl            | 0.022414688 |
|    clip_fraction        | 0.17        |
|    clip_range           | 0.2         |
|    entropy_loss         | -0.793      |
|    explained_variance   | 0.127       |
|    learning_rate        | 0.0003      |
|    loss                 | -0.0708     |
|    n_updates            | 770         |
|    policy_gradient_loss | -0.0375     |
|    value_loss           | 0.00297     |
-----------------------------------------
[Eval @40000] NEW BEST mean_reward=8.540
[Eval @40000] R=8.5±0.2 CR=0.000 Spd=22.3 LC=99.6 SR=1.000
----------------------------------------
| rollout/                |            |
|    ep_len_mean          | 151        |
|    ep_rew_mean          | 63.5       |
| time/                   |            |
|    fps                  | 26         |
|    iterations           | 79         |
|    time_elapsed         | 1507       |
|    total_timesteps      | 40448      |
| train/                  |            |
|    approx_kl            | 0.03339869 |
|    clip_fraction        | 0.204      |
|    clip_range           | 0.2        |
|    entropy_loss         | -0.852     |
|    explained_variance   | -0.977     |
|    learning_rate        | 0.0003     |
|    loss                 | -0.0618    |
|    n_updates            | 780        |
|    policy_gradient_loss | -0.0431    |
|    value_loss           | 0.0028     |
----------------------------------------
-----------------------------------------
| rollout/                |             |
|    ep_len_mean          | 151         |
|    ep_rew_mean          | 63.8        |
| time/                   |             |
|    fps                  | 26          |
|    iterations           | 80          |
|    time_elapsed         | 1527        |
|    total_timesteps      | 40960       |
| train/                  |             |
|    approx_kl            | 0.028290754 |
|    clip_fraction        | 0.249       |
|    clip_range           | 0.2         |
|    entropy_loss         | -0.847      |
|    explained_variance   | -24         |
|    learning_rate        | 0.0003      |
|    loss                 | -0.102      |
|    n_updates            | 790         |
|    policy_gradient_loss | -0.0532     |
|    value_loss           | 0.00126     |
-----------------------------------------
-----------------------------------------
| rollout/                |             |
|    ep_len_mean          | 153         |
|    ep_rew_mean          | 64.8        |
| time/                   |             |
|    fps                  | 26          |
|    iterations           | 81          |
|    time_elapsed         | 1547        |
|    total_timesteps      | 41472       |
| train/                  |             |
|    approx_kl            | 0.026394699 |
|    clip_fraction        | 0.201       |
|    clip_range           | 0.2         |
|    entropy_loss         | -0.862      |
|    explained_variance   | -0.152      |
|    learning_rate        | 0.0003      |
|    loss                 | -0.0676     |
|    n_updates            | 800         |
|    policy_gradient_loss | -0.0441     |
|    value_loss           | 0.00428     |
-----------------------------------------
-----------------------------------------
| rollout/                |             |
|    ep_len_mean          | 155         |
|    ep_rew_mean          | 65.7        |
| time/                   |             |
|    fps                  | 26          |
|    iterations           | 82          |
|    time_elapsed         | 1567        |
|    total_timesteps      | 41984       |
| train/                  |             |
|    approx_kl            | 0.017312631 |
|    clip_fraction        | 0.146       |
|    clip_range           | 0.2         |
|    entropy_loss         | -0.715      |
|    explained_variance   | -8.1        |
|    learning_rate        | 0.0003      |
|    loss                 | -0.0603     |
|    n_updates            | 810         |
|    policy_gradient_loss | -0.0349     |
|    value_loss           | 0.00114     |
-----------------------------------------
----------------------------------------
| rollout/                |            |
|    ep_len_mean          | 156        |
|    ep_rew_mean          | 66.2       |
| time/                   |            |
|    fps                  | 26         |
|    iterations           | 83         |
|    time_elapsed         | 1587       |
|    total_timesteps      | 42496      |
| train/                  |            |
|    approx_kl            | 0.02736268 |
|    clip_fraction        | 0.199      |
|    clip_range           | 0.2        |
|    entropy_loss         | -0.832     |
|    explained_variance   | -23.5      |
|    learning_rate        | 0.0003     |
|    loss                 | -0.0858    |
|    n_updates            | 820        |
|    policy_gradient_loss | -0.0509    |
|    value_loss           | 0.00103    |
----------------------------------------
-----------------------------------------
| rollout/                |             |
|    ep_len_mean          | 157         |
|    ep_rew_mean          | 66.9        |
| time/                   |             |
|    fps                  | 26          |
|    iterations           | 84          |
|    time_elapsed         | 1608        |
|    total_timesteps      | 43008       |
| train/                  |             |
|    approx_kl            | 0.033608317 |
|    clip_fraction        | 0.252       |
|    clip_range           | 0.2         |
|    entropy_loss         | -0.767      |
|    explained_variance   | -14.8       |
|    learning_rate        | 0.0003      |
|    loss                 | -0.0912     |
|    n_updates            | 830         |
|    policy_gradient_loss | -0.0619     |
|    value_loss           | 0.000751    |
-----------------------------------------
-----------------------------------------
| rollout/                |             |
|    ep_len_mean          | 157         |
|    ep_rew_mean          | 66.7        |
| time/                   |             |
|    fps                  | 26          |
|    iterations           | 85          |
|    time_elapsed         | 1628        |
|    total_timesteps      | 43520       |
| train/                  |             |
|    approx_kl            | 0.018446838 |
|    clip_fraction        | 0.158       |
|    clip_range           | 0.2         |
|    entropy_loss         | -0.782      |
|    explained_variance   | 0.14        |
|    learning_rate        | 0.0003      |
|    loss                 | -0.0645     |
|    n_updates            | 840         |
|    policy_gradient_loss | -0.0326     |
|    value_loss           | 0.00354     |
-----------------------------------------
-----------------------------------------
| rollout/                |             |
|    ep_len_mean          | 152         |
|    ep_rew_mean          | 64.6        |
| time/                   |             |
|    fps                  | 26          |
|    iterations           | 86          |
|    time_elapsed         | 1648        |
|    total_timesteps      | 44032       |
| train/                  |             |
|    approx_kl            | 0.031352546 |
|    clip_fraction        | 0.231       |
|    clip_range           | 0.2         |
|    entropy_loss         | -0.905      |
|    explained_variance   | 0.0193      |
|    learning_rate        | 0.0003      |
|    loss                 | -0.0858     |
|    n_updates            | 850         |
|    policy_gradient_loss | -0.0544     |
|    value_loss           | 0.00174     |
-----------------------------------------
----------------------------------------
| rollout/                |            |
|    ep_len_mean          | 153        |
|    ep_rew_mean          | 64.8       |
| time/                   |            |
|    fps                  | 26         |
|    iterations           | 87         |
|    time_elapsed         | 1668       |
|    total_timesteps      | 44544      |
| train/                  |            |
|    approx_kl            | 0.02982628 |
|    clip_fraction        | 0.206      |
|    clip_range           | 0.2        |
|    entropy_loss         | -0.837     |
|    explained_variance   | 0.152      |
|    learning_rate        | 0.0003     |
|    loss                 | -0.0707    |
|    n_updates            | 860        |
|    policy_gradient_loss | -0.0432    |
|    value_loss           | 0.00468    |
----------------------------------------
[Eval @45000] R=6.9±3.0 CR=0.200 Spd=22.0 LC=55.0 SR=0.800
-----------------------------------------
| rollout/                |             |
|    ep_len_mean          | 153         |
|    ep_rew_mean          | 65.1        |
| time/                   |             |
|    fps                  | 25          |
|    iterations           | 88          |
|    time_elapsed         | 1754        |
|    total_timesteps      | 45056       |
| train/                  |             |
|    approx_kl            | 0.032988247 |
|    clip_fraction        | 0.242       |
|    clip_range           | 0.2         |
|    entropy_loss         | -0.798      |
|    explained_variance   | 0.27        |
|    learning_rate        | 0.0003      |
|    loss                 | -0.0903     |
|    n_updates            | 870         |
|    policy_gradient_loss | -0.0532     |
|    value_loss           | 0.00426     |
-----------------------------------------
-----------------------------------------
| rollout/                |             |
|    ep_len_mean          | 154         |
|    ep_rew_mean          | 65.6        |
| time/                   |             |
|    fps                  | 25          |
|    iterations           | 89          |
|    time_elapsed         | 1774        |
|    total_timesteps      | 45568       |
| train/                  |             |
|    approx_kl            | 0.023735832 |
|    clip_fraction        | 0.178       |
|    clip_range           | 0.2         |
|    entropy_loss         | -0.78       |
|    explained_variance   | 0.09        |
|    learning_rate        | 0.0003      |
|    loss                 | -0.0389     |
|    n_updates            | 880         |
|    policy_gradient_loss | -0.0339     |
|    value_loss           | 0.00528     |
-----------------------------------------
----------------------------------------
| rollout/                |            |
|    ep_len_mean          | 153        |
|    ep_rew_mean          | 65.1       |
| time/                   |            |
|    fps                  | 25         |
|    iterations           | 90         |
|    time_elapsed         | 1781       |
|    total_timesteps      | 46080      |
| train/                  |            |
|    approx_kl            | 0.03301308 |
|    clip_fraction        | 0.225      |
|    clip_range           | 0.2        |
|    entropy_loss         | -0.769     |
|    explained_variance   | -0.35      |
|    learning_rate        | 0.0003     |
|    loss                 | -0.0752    |
|    n_updates            | 890        |
|    policy_gradient_loss | -0.0455    |
|    value_loss           | 0.0052     |
----------------------------------------
-----------------------------------------
| rollout/                |             |
|    ep_len_mean          | 152         |
|    ep_rew_mean          | 64.5        |
| time/                   |             |
|    fps                  | 26          |
|    iterations           | 91          |
|    time_elapsed         | 1787        |
|    total_timesteps      | 46592       |
| train/                  |             |
|    approx_kl            | 0.022740131 |
|    clip_fraction        | 0.177       |
|    clip_range           | 0.2         |
|    entropy_loss         | -0.816      |
|    explained_variance   | 0.159       |
|    learning_rate        | 0.0003      |
|    loss                 | -0.0609     |
|    n_updates            | 900         |
|    policy_gradient_loss | -0.04       |
|    value_loss           | 0.00934     |
-----------------------------------------
-----------------------------------------
| rollout/                |             |
|    ep_len_mean          | 150         |
|    ep_rew_mean          | 63.4        |
| time/                   |             |
|    fps                  | 26          |
|    iterations           | 92          |
|    time_elapsed         | 1799        |
|    total_timesteps      | 47104       |
| train/                  |             |
|    approx_kl            | 0.028644998 |
|    clip_fraction        | 0.229       |
|    clip_range           | 0.2         |
|    entropy_loss         | -0.831      |
|    explained_variance   | -0.985      |
|    learning_rate        | 0.0003      |
|    loss                 | -0.0874     |
|    n_updates            | 910         |
|    policy_gradient_loss | -0.0538     |
|    value_loss           | 0.00292     |
-----------------------------------------
----------------------------------------
| rollout/                |            |
|    ep_len_mean          | 151        |
|    ep_rew_mean          | 64.1       |
| time/                   |            |
|    fps                  | 26         |
|    iterations           | 93         |
|    time_elapsed         | 1819       |
|    total_timesteps      | 47616      |
| train/                  |            |
|    approx_kl            | 0.02244821 |
|    clip_fraction        | 0.164      |
|    clip_range           | 0.2        |
|    entropy_loss         | -0.828     |
|    explained_variance   | 0.199      |
|    learning_rate        | 0.0003     |
|    loss                 | -0.0803    |
|    n_updates            | 920        |
|    policy_gradient_loss | -0.0429    |
|    value_loss           | 0.00766    |
----------------------------------------
-----------------------------------------
| rollout/                |             |
|    ep_len_mean          | 153         |
|    ep_rew_mean          | 65.1        |
| time/                   |             |
|    fps                  | 26          |
|    iterations           | 94          |
|    time_elapsed         | 1839        |
|    total_timesteps      | 48128       |
| train/                  |             |
|    approx_kl            | 0.021100672 |
|    clip_fraction        | 0.19        |
|    clip_range           | 0.2         |
|    entropy_loss         | -0.786      |
|    explained_variance   | -1.39       |
|    learning_rate        | 0.0003      |
|    loss                 | -0.0764     |
|    n_updates            | 930         |
|    policy_gradient_loss | -0.0431     |
|    value_loss           | 0.0049      |
-----------------------------------------
-----------------------------------------
| rollout/                |             |
|    ep_len_mean          | 153         |
|    ep_rew_mean          | 65.2        |
| time/                   |             |
|    fps                  | 26          |
|    iterations           | 95          |
|    time_elapsed         | 1859        |
|    total_timesteps      | 48640       |
| train/                  |             |
|    approx_kl            | 0.025220415 |
|    clip_fraction        | 0.19        |
|    clip_range           | 0.2         |
|    entropy_loss         | -0.855      |
|    explained_variance   | -0.136      |
|    learning_rate        | 0.0003      |
|    loss                 | -0.0688     |
|    n_updates            | 940         |
|    policy_gradient_loss | -0.043      |
|    value_loss           | 0.00397     |
-----------------------------------------
-----------------------------------------
| rollout/                |             |
|    ep_len_mean          | 150         |
|    ep_rew_mean          | 63.9        |
| time/                   |             |
|    fps                  | 26          |
|    iterations           | 96          |
|    time_elapsed         | 1879        |
|    total_timesteps      | 49152       |
| train/                  |             |
|    approx_kl            | 0.027720578 |
|    clip_fraction        | 0.208       |
|    clip_range           | 0.2         |
|    entropy_loss         | -0.775      |
|    explained_variance   | 0.303       |
|    learning_rate        | 0.0003      |
|    loss                 | -0.0769     |
|    n_updates            | 950         |
|    policy_gradient_loss | -0.0507     |
|    value_loss           | 0.00229     |
-----------------------------------------
-----------------------------------------
| rollout/                |             |
|    ep_len_mean          | 151         |
|    ep_rew_mean          | 64.5        |
| time/                   |             |
|    fps                  | 26          |
|    iterations           | 97          |
|    time_elapsed         | 1893        |
|    total_timesteps      | 49664       |
| train/                  |             |
|    approx_kl            | 0.024080876 |
|    clip_fraction        | 0.175       |
|    clip_range           | 0.2         |
|    entropy_loss         | -0.744      |
|    explained_variance   | 0.204       |
|    learning_rate        | 0.0003      |
|    loss                 | -0.0754     |
|    n_updates            | 960         |
|    policy_gradient_loss | -0.0489     |
|    value_loss           | 0.00443     |
-----------------------------------------
[Eval @50000] R=8.2±0.8 CR=0.100 Spd=22.3 LC=84.8 SR=0.900
-----------------------------------------
| rollout/                |             |
|    ep_len_mean          | 149         |
|    ep_rew_mean          | 63.2        |
| time/                   |             |
|    fps                  | 25          |
|    iterations           | 98          |
|    time_elapsed         | 1931        |
|    total_timesteps      | 50176       |
| train/                  |             |
|    approx_kl            | 0.019986201 |
|    clip_fraction        | 0.175       |
|    clip_range           | 0.2         |
|    entropy_loss         | -0.688      |
|    explained_variance   | -0.33       |
|    learning_rate        | 0.0003      |
|    loss                 | -0.0588     |
|    n_updates            | 970         |
|    policy_gradient_loss | -0.0386     |
|    value_loss           | 0.00426     |
-----------------------------------------
[PPO] Done. Model: ./logs/ppo/baseline/seed_456/final_model.zip
