
==================================================
[Eval] algo=ppo reward=aggressive seed=789 scene=in_dist
==================================================
[WARNING] GrayscaleImage not available, falling back to OccupancyGrid.
  Ep   0: R=  165.2 spd= 20.1 lc= 0 crash=no
  Ep   1: R=  163.5 spd= 20.1 lc=43 crash=no
  Ep   2: R=  166.0 spd= 20.2 lc= 0 crash=no
  Ep   3: R=  165.2 spd= 20.1 lc= 0 crash=no
  Ep   4: R=  168.3 spd= 21.3 lc=13 crash=no
  Ep   5: R=  170.7 spd= 20.8 lc= 0 crash=no
  Ep   6: R=  163.5 spd= 20.2 lc=57 crash=no
  Ep   7: R=  165.0 spd= 20.2 lc=28 crash=no
  Ep   8: R=  169.0 spd= 20.7 lc=12 crash=no
  Ep   9: R=  164.3 spd= 20.2 lc=31 crash=no
  Ep  10: R=  165.5 spd= 20.1 lc= 0 crash=no
  Ep  11: R=  165.7 spd= 20.1 lc= 0 crash=no
  Ep  12: R=  164.5 spd= 20.2 lc=28 crash=no
  Ep  13: R=  165.3 spd= 20.1 lc= 0 crash=no
  Ep  14: R=  166.2 spd= 20.2 lc= 0 crash=no
  Ep  15: R=  161.4 spd= 20.2 lc=92 crash=no
  Ep  16: R=  166.9 spd= 20.3 lc= 0 crash=no
  Ep  17: R=  166.2 spd= 20.2 lc= 0 crash=no
  Ep  18: R=  167.3 spd= 20.4 lc= 0 crash=no
  Ep  19: R=  165.2 spd= 20.1 lc= 0 crash=no
  Ep  20: R=  166.4 spd= 20.2 lc= 0 crash=no
  Ep  21: R=  167.4 spd= 20.5 lc=22 crash=no
  Ep  22: R=  171.6 spd= 21.1 lc=23 crash=no
  Ep  23: R=  165.9 spd= 20.2 lc= 0 crash=no
  Ep  24: R=  167.2 spd= 20.5 lc=22 crash=no
  Ep  25: R=  169.0 spd= 20.6 lc= 4 crash=no
  Ep  26: R=  165.2 spd= 20.1 lc= 0 crash=no
  Ep  27: R=  166.9 spd= 20.3 lc= 0 crash=no
  Ep  28: R=  165.5 spd= 20.1 lc= 3 crash=no
  Ep  29: R=  167.4 spd= 20.4 lc= 2 crash=no
  Ep  30: R=  167.5 spd= 20.4 lc= 0 crash=no
  Ep  31: R=  165.2 spd= 20.2 lc=20 crash=no
  Ep  32: R=  165.1 spd= 20.1 lc= 1 crash=no
  Ep  33: R=  165.0 spd= 20.2 lc=21 crash=no
  Ep  34: R=  165.0 spd= 20.1 lc= 4 crash=no
  Ep  35: R=  168.8 spd= 20.6 lc= 6 crash=no
  Ep  36: R=  165.2 spd= 20.1 lc= 0 crash=no
  Ep  37: R=  164.7 spd= 20.3 lc=48 crash=no
  Ep  38: R=  165.9 spd= 20.2 lc= 0 crash=no
  Ep  39: R=   44.2 spd= 20.6 lc=16 crash=YES
  Ep  40: R=  165.2 spd= 20.1 lc= 0 crash=no
  Ep  41: R=  162.6 spd= 20.1 lc=52 crash=no
  Ep  42: R=  167.5 spd= 21.1 lc=30 crash=no
  Ep  43: R=  168.8 spd= 21.3 lc=10 crash=no
  Ep  44: R=  168.0 spd= 20.8 lc= 0 crash=no
  Ep  45: R=  162.6 spd= 20.1 lc=51 crash=no
  Ep  46: R=  163.6 spd= 20.2 lc=45 crash=no
  Ep  47: R=  169.7 spd= 21.1 lc= 0 crash=no
  Ep  48: R=  165.9 spd= 20.3 lc=13 crash=no
  Ep  49: R=  165.0 spd= 20.1 lc= 4 crash=no

[WARNING] Reward Hacking detected in scene=in_dist: 5 flags
  - Ep 13: IDLE (ratio=0.980>0.95)
  - Ep 14: IDLE (ratio=0.960>0.95)
  - Ep 15: CRAZY_LC (lc_freq=2.30>2.0 Hz)
  - Ep 18: IDLE (ratio=0.970>0.95)
  - Ep 40: IDLE (ratio=0.970>0.95)
  → Report saved to ./logs/ppo/aggressive/seed_789/hacking_report_in_dist.json
  => CR=0.020 Spd=20.3 LC=14.0 SR=0.980 R=163.7±17.2

==================================================
[Eval] algo=ppo reward=aggressive seed=789 scene=lane_closure
==================================================
[WARNING] GrayscaleImage not available, falling back to OccupancyGrid.
  Ep   0: R=  165.2 spd= 20.1 lc= 0 crash=no
  Ep   1: R=  163.5 spd= 20.1 lc=43 crash=no
  Ep   2: R=  166.0 spd= 20.2 lc= 0 crash=no
  Ep   3: R=  165.2 spd= 20.1 lc= 0 crash=no
  Ep   4: R=  168.3 spd= 21.3 lc=13 crash=no
  Ep   5: R=  170.7 spd= 20.8 lc= 0 crash=no
  Ep   6: R=  163.5 spd= 20.2 lc=57 crash=no
  Ep   7: R=  165.0 spd= 20.2 lc=28 crash=no
  Ep   8: R=  169.0 spd= 20.7 lc=12 crash=no
  Ep   9: R=  164.3 spd= 20.2 lc=31 crash=no
  Ep  10: R=  165.5 spd= 20.1 lc= 0 crash=no
  Ep  11: R=  165.7 spd= 20.1 lc= 0 crash=no
  Ep  12: R=  164.5 spd= 20.2 lc=28 crash=no
  Ep  13: R=  165.3 spd= 20.1 lc= 0 crash=no
  Ep  14: R=  166.2 spd= 20.2 lc= 0 crash=no
  Ep  15: R=  161.4 spd= 20.2 lc=92 crash=no
  Ep  16: R=  166.9 spd= 20.3 lc= 0 crash=no
  Ep  17: R=  166.2 spd= 20.2 lc= 0 crash=no
  Ep  18: R=  167.3 spd= 20.4 lc= 0 crash=no
  Ep  19: R=  165.2 spd= 20.1 lc= 0 crash=no
  Ep  20: R=  166.4 spd= 20.2 lc= 0 crash=no
  Ep  21: R=  167.4 spd= 20.5 lc=22 crash=no
  Ep  22: R=  171.6 spd= 21.1 lc=23 crash=no
  Ep  23: R=  165.9 spd= 20.2 lc= 0 crash=no
  Ep  24: R=  167.2 spd= 20.5 lc=22 crash=no
  Ep  25: R=  169.0 spd= 20.6 lc= 4 crash=no
  Ep  26: R=  165.2 spd= 20.1 lc= 0 crash=no
  Ep  27: R=  166.9 spd= 20.3 lc= 0 crash=no
  Ep  28: R=  165.5 spd= 20.1 lc= 3 crash=no
  Ep  29: R=  167.4 spd= 20.4 lc= 2 crash=no
  Ep  30: R=  167.5 spd= 20.4 lc= 0 crash=no
  Ep  31: R=  165.2 spd= 20.2 lc=20 crash=no
  Ep  32: R=  165.1 spd= 20.1 lc= 1 crash=no
  Ep  33: R=  165.0 spd= 20.2 lc=21 crash=no
  Ep  34: R=  165.0 spd= 20.1 lc= 4 crash=no
  Ep  35: R=  168.8 spd= 20.6 lc= 6 crash=no
  Ep  36: R=  165.2 spd= 20.1 lc= 0 crash=no
  Ep  37: R=  164.7 spd= 20.3 lc=48 crash=no
  Ep  38: R=  165.9 spd= 20.2 lc= 0 crash=no
  Ep  39: R=   44.2 spd= 20.6 lc=16 crash=YES
  Ep  40: R=  165.2 spd= 20.1 lc= 0 crash=no
  Ep  41: R=  162.6 spd= 20.1 lc=52 crash=no
  Ep  42: R=  167.5 spd= 21.1 lc=30 crash=no
  Ep  43: R=  168.8 spd= 21.3 lc=10 crash=no
  Ep  44: R=  168.0 spd= 20.8 lc= 0 crash=no
  Ep  45: R=  162.6 spd= 20.1 lc=51 crash=no
  Ep  46: R=  163.6 spd= 20.2 lc=45 crash=no
  Ep  47: R=  169.7 spd= 21.1 lc= 0 crash=no
  Ep  48: R=  165.9 spd= 20.3 lc=13 crash=no
  Ep  49: R=  165.0 spd= 20.1 lc= 4 crash=no

[WARNING] Reward Hacking detected in scene=lane_closure: 5 flags
  - Ep 13: IDLE (ratio=0.980>0.95)
  - Ep 14: IDLE (ratio=0.960>0.95)
  - Ep 15: CRAZY_LC (lc_freq=2.30>2.0 Hz)
  - Ep 18: IDLE (ratio=0.970>0.95)
  - Ep 40: IDLE (ratio=0.970>0.95)
  → Report saved to ./logs/ppo/aggressive/seed_789/hacking_report_lane_closure.json
  => CR=0.020 Spd=20.3 LC=14.0 SR=0.980 R=163.7±17.2

==================================================
[Eval] algo=ppo reward=aggressive seed=789 scene=sudden_brake
==================================================
[WARNING] GrayscaleImage not available, falling back to OccupancyGrid.
  Ep   0: R=  165.2 spd= 20.1 lc= 0 crash=no
  Ep   1: R=  163.5 spd= 20.1 lc=43 crash=no
  Ep   2: R=  166.0 spd= 20.2 lc= 0 crash=no
  Ep   3: R=  163.8 spd= 20.1 lc=27 crash=no
  Ep   4: R=  168.3 spd= 21.3 lc=13 crash=no
  Ep   5: R=  170.5 spd= 20.8 lc= 5 crash=no
  Ep   6: R=  163.5 spd= 20.2 lc=57 crash=no
  Ep   7: R=  164.7 spd= 20.2 lc=34 crash=no
  Ep   8: R=  168.9 spd= 20.7 lc=13 crash=no
  Ep   9: R=  164.3 spd= 20.2 lc=31 crash=no
  Ep  10: R=  165.5 spd= 20.1 lc= 0 crash=no
  Ep  11: R=  165.7 spd= 20.1 lc= 0 crash=no
  Ep  12: R=  164.5 spd= 20.2 lc=28 crash=no
  Ep  13: R=  165.3 spd= 20.1 lc= 0 crash=no
  Ep  14: R=  166.2 spd= 20.2 lc= 0 crash=no
  Ep  15: R=  161.4 spd= 20.2 lc=92 crash=no
  Ep  16: R=  166.9 spd= 20.3 lc= 0 crash=no
  Ep  17: R=  166.2 spd= 20.2 lc= 0 crash=no
  Ep  18: R=  167.3 spd= 20.4 lc= 0 crash=no
  Ep  19: R=  165.2 spd= 20.1 lc= 0 crash=no
  Ep  20: R=  165.5 spd= 20.2 lc=18 crash=no
  Ep  21: R=  167.4 spd= 20.5 lc=22 crash=no
  Ep  22: R=  171.6 spd= 21.1 lc=23 crash=no
  Ep  23: R=  165.9 spd= 20.2 lc= 0 crash=no
  Ep  24: R=  167.2 spd= 20.5 lc=22 crash=no
  Ep  25: R=  169.0 spd= 20.6 lc= 4 crash=no
  Ep  26: R=  165.2 spd= 20.1 lc= 0 crash=no
  Ep  27: R=  169.1 spd= 20.6 lc= 1 crash=no
  Ep  28: R=  163.4 spd= 20.1 lc=46 crash=no
  Ep  29: R=  167.4 spd= 20.4 lc= 2 crash=no
  Ep  30: R=  167.5 spd= 20.4 lc= 0 crash=no
  Ep  31: R=  165.2 spd= 20.2 lc=20 crash=no
  Ep  32: R=  165.1 spd= 20.1 lc= 1 crash=no
  Ep  33: R=  164.9 spd= 20.2 lc=23 crash=no
  Ep  34: R=  165.0 spd= 20.1 lc= 4 crash=no
  Ep  35: R=  168.5 spd= 20.6 lc=12 crash=no
  Ep  36: R=  165.2 spd= 20.1 lc= 0 crash=no
  Ep  37: R=  167.0 spd= 20.3 lc= 3 crash=no
  Ep  38: R=  166.6 spd= 20.4 lc=21 crash=no
  Ep  39: R=   44.2 spd= 20.6 lc=16 crash=YES
  Ep  40: R=  165.2 spd= 20.1 lc= 0 crash=no
  Ep  41: R=  162.6 spd= 20.1 lc=52 crash=no
  Ep  42: R=  167.5 spd= 21.1 lc=30 crash=no
  Ep  43: R=  170.4 spd= 21.5 lc= 6 crash=no
  Ep  44: R=  168.0 spd= 20.8 lc= 0 crash=no
  Ep  45: R=  162.6 spd= 20.1 lc=51 crash=no
  Ep  46: R=  162.7 spd= 20.2 lc=63 crash=no
  Ep  47: R=  169.6 spd= 21.1 lc= 3 crash=no
  Ep  48: R=  110.4 spd= 20.4 lc= 0 crash=YES
  Ep  49: R=  167.7 spd= 20.9 lc= 8 crash=no

[WARNING] Reward Hacking detected in scene=sudden_brake: 4 flags
  - Ep 13: IDLE (ratio=0.980>0.95)
  - Ep 15: CRAZY_LC (lc_freq=2.30>2.0 Hz)
  - Ep 18: IDLE (ratio=0.970>0.95)
  - Ep 40: IDLE (ratio=0.970>0.95)
  → Report saved to ./logs/ppo/aggressive/seed_789/hacking_report_sudden_brake.json
  => CR=0.040 Spd=20.4 LC=15.9 SR=0.960 R=162.6±18.8

==================================================
[Eval] algo=ppo reward=aggressive seed=789 scene=high_density
==================================================
[WARNING] GrayscaleImage not available, falling back to OccupancyGrid.
  Ep   0: R=  166.6 spd= 20.3 lc= 4 crash=no
  Ep   1: R=   53.9 spd= 24.6 lc= 9 crash=YES
  Ep   2: R=  165.2 spd= 20.1 lc= 0 crash=no
  Ep   3: R=  168.2 spd= 20.5 lc= 6 crash=no
  Ep   4: R=  166.2 spd= 20.2 lc= 0 crash=no
  Ep   5: R=  163.7 spd= 20.1 lc=30 crash=no
  Ep   6: R=  163.0 spd= 20.1 lc=44 crash=no
  Ep   7: R=  166.9 spd= 20.3 lc= 4 crash=no
  Ep   8: R=  167.8 spd= 20.5 lc= 3 crash=no
  Ep   9: R=  165.9 spd= 20.3 lc=13 crash=no
  Ep  10: R=  165.7 spd= 20.3 lc=21 crash=no
  Ep  11: R=  163.8 spd= 20.1 lc=27 crash=no
  Ep  12: R=  166.4 spd= 20.3 lc= 4 crash=no
  Ep  13: R=  165.6 spd= 20.2 lc=16 crash=no
  Ep  14: R=  165.3 spd= 20.1 lc= 0 crash=no
  Ep  15: R=  165.2 spd= 20.1 lc= 0 crash=no
  Ep  16: R=  167.2 spd= 20.4 lc= 6 crash=no
  Ep  17: R=  165.2 spd= 20.1 lc= 0 crash=no
  Ep  18: R=  165.8 spd= 20.2 lc= 5 crash=no
  Ep  19: R=  169.2 spd= 20.7 lc= 8 crash=no
  Ep  20: R=  164.3 spd= 20.2 lc=38 crash=no
  Ep  21: R=  165.6 spd= 20.2 lc= 8 crash=no
  Ep  22: R=  165.5 spd= 20.1 lc= 0 crash=no
  Ep  23: R=  166.8 spd= 20.3 lc= 0 crash=no
  Ep  24: R=  168.2 spd= 21.3 lc= 9 crash=no
  Ep  25: R=  167.5 spd= 20.5 lc= 1 crash=no
  Ep  26: R=  165.9 spd= 20.2 lc= 6 crash=no
  Ep  27: R=  165.7 spd= 20.2 lc= 4 crash=no
  Ep  28: R=  165.6 spd= 20.2 lc=16 crash=no
  Ep  29: R=  166.2 spd= 20.2 lc= 0 crash=no
  Ep  30: R=  165.9 spd= 20.2 lc= 6 crash=no
  Ep  31: R=  165.7 spd= 20.2 lc=10 crash=no
  Ep  32: R=  161.8 spd= 20.2 lc=82 crash=no
  Ep  33: R=  166.9 spd= 20.3 lc= 0 crash=no
  Ep  34: R=  165.2 spd= 20.1 lc= 0 crash=no
  Ep  35: R=  166.6 spd= 20.3 lc= 0 crash=no
  Ep  36: R=  167.9 spd= 20.4 lc= 4 crash=no
  Ep  37: R=  165.2 spd= 20.1 lc= 0 crash=no
  Ep  38: R=  166.2 spd= 20.2 lc= 0 crash=no
  Ep  39: R=  165.3 spd= 20.1 lc= 1 crash=no
  Ep  40: R=  165.2 spd= 20.1 lc= 0 crash=no
  Ep  41: R=  166.5 spd= 20.9 lc=56 crash=no
  Ep  42: R=  167.8 spd= 20.4 lc= 0 crash=no
  Ep  43: R=  163.2 spd= 20.2 lc=53 crash=no
  Ep  44: R=  165.9 spd= 20.2 lc= 0 crash=no
  Ep  45: R=  166.2 spd= 20.2 lc= 0 crash=no
  Ep  46: R=  168.6 spd= 20.8 lc= 3 crash=no
  Ep  47: R=  165.2 spd= 20.1 lc= 0 crash=no
  Ep  48: R=  158.8 spd= 20.1 lc=127 crash=no
  Ep  49: R=  171.8 spd= 21.6 lc= 0 crash=no

[WARNING] Reward Hacking detected in scene=high_density: 9 flags
  - Ep 4: IDLE (ratio=0.965>0.95)
  - Ep 8: IDLE (ratio=0.970>0.95)
  - Ep 14: IDLE (ratio=0.980>0.95)
  - Ep 26: IDLE (ratio=0.960>0.95)
  - Ep 32: CRAZY_LC (lc_freq=2.05>2.0 Hz)
  - Ep 34: IDLE (ratio=0.980>0.95)
  - Ep 37: IDLE (ratio=0.980>0.95)
  - Ep 47: IDLE (ratio=0.965>0.95)
  - Ep 48: CRAZY_LC (lc_freq=3.17>2.0 Hz)
  → Report saved to ./logs/ppo/aggressive/seed_789/hacking_report_high_density.json
  => CR=0.020 Spd=20.4 LC=12.5 SR=0.980 R=163.7±15.8

[Eval] Summary saved to ./logs/ppo/aggressive/seed_789/eval_all.json
