
==================================================
[Eval] algo=ppo reward=comfort seed=456 scene=in_dist
==================================================
[WARNING] GrayscaleImage not available, falling back to OccupancyGrid.
  Ep   0: R=   89.9 spd= 22.2 lc= 0 crash=no
  Ep   1: R=   85.9 spd= 21.3 lc= 0 crash=no
  Ep   2: R=   85.2 spd= 21.3 lc= 0 crash=no
  Ep   3: R=   78.8 spd= 21.0 lc= 0 crash=no
  Ep   4: R=   74.6 spd= 20.8 lc= 0 crash=no
  Ep   5: R=   85.2 spd= 20.9 lc= 0 crash=no
  Ep   6: R=   84.0 spd= 21.0 lc= 0 crash=no
  Ep   7: R=   82.8 spd= 20.8 lc= 0 crash=no
  Ep   8: R=   82.7 spd= 21.0 lc= 0 crash=no
  Ep   9: R=   77.7 spd= 20.8 lc= 0 crash=no
  Ep  10: R=   80.2 spd= 20.5 lc= 0 crash=no
  Ep  11: R=   85.5 spd= 21.5 lc= 0 crash=no
  Ep  12: R=   76.1 spd= 20.8 lc= 0 crash=no
  Ep  13: R=   79.7 spd= 20.4 lc= 0 crash=no
  Ep  14: R=   -1.5 spd= 24.8 lc= 0 crash=YES
  Ep  15: R=   85.2 spd= 21.5 lc= 0 crash=no
  Ep  16: R=   84.3 spd= 20.6 lc= 0 crash=no
  Ep  17: R=   84.3 spd= 20.6 lc= 0 crash=no
  Ep  18: R=   85.7 spd= 22.0 lc= 0 crash=no
  Ep  19: R=   77.4 spd= 21.0 lc= 0 crash=no
  Ep  20: R=   -3.0 spd= 25.0 lc= 0 crash=YES
  Ep  21: R=   -3.0 spd= 25.0 lc= 0 crash=YES
  Ep  22: R=   82.4 spd= 20.4 lc= 0 crash=no
  Ep  23: R=   83.4 spd= 20.8 lc= 0 crash=no
  Ep  24: R=   82.9 spd= 20.5 lc= 0 crash=no
  Ep  25: R=   79.3 spd= 21.7 lc= 0 crash=no
  Ep  26: R=   82.3 spd= 20.3 lc= 0 crash=no
  Ep  27: R=   83.4 spd= 20.6 lc= 0 crash=no
  Ep  28: R=   75.1 spd= 20.8 lc= 0 crash=no
  Ep  29: R=    0.0 spd= 25.0 lc= 0 crash=YES
  Ep  30: R=   13.5 spd= 24.9 lc= 0 crash=YES
  Ep  31: R=   84.5 spd= 20.9 lc= 0 crash=no
  Ep  32: R=   84.2 spd= 20.9 lc= 0 crash=no
  Ep  33: R=   85.6 spd= 21.0 lc= 0 crash=no
  Ep  34: R=   82.3 spd= 20.5 lc= 0 crash=no
  Ep  35: R=   82.0 spd= 20.5 lc= 0 crash=no
  Ep  36: R=   83.2 spd= 20.5 lc= 0 crash=no
  Ep  37: R=   80.6 spd= 20.4 lc= 0 crash=no
  Ep  38: R=    4.7 spd= 23.6 lc= 0 crash=YES
  Ep  39: R=   85.2 spd= 20.9 lc= 0 crash=no
  Ep  40: R=   85.0 spd= 20.9 lc= 0 crash=no
  Ep  41: R=   10.0 spd= 25.0 lc= 0 crash=YES
  Ep  42: R=   -3.0 spd= 24.9 lc= 0 crash=YES
  Ep  43: R=   69.6 spd= 20.8 lc= 0 crash=no
  Ep  44: R=   12.0 spd= 25.0 lc= 0 crash=YES
  Ep  45: R=   77.7 spd= 20.9 lc= 0 crash=no
  Ep  46: R=   -2.0 spd= 24.9 lc= 0 crash=YES
  Ep  47: R=   83.7 spd= 20.6 lc= 0 crash=no
  Ep  48: R=   82.0 spd= 23.1 lc= 0 crash=no
  Ep  49: R=   82.2 spd= 20.8 lc= 0 crash=no

[WARNING] Reward Hacking detected in scene=in_dist: 18 flags
  - Ep 0: IDLE (ratio=0.995>0.95)
  - Ep 5: IDLE (ratio=0.980>0.95)
  - Ep 14: IDLE (ratio=1.000>0.95)
  - Ep 16: IDLE (ratio=0.985>0.95)
  - Ep 17: IDLE (ratio=0.995>0.95)
  - Ep 20: IDLE (ratio=1.000>0.95)
  - Ep 21: IDLE (ratio=1.000>0.95)
  - Ep 29: IDLE (ratio=1.000>0.95)
  - Ep 30: IDLE (ratio=1.000>0.95)
  - Ep 33: IDLE (ratio=0.985>0.95)
  - Ep 38: IDLE (ratio=0.968>0.95)
  - Ep 39: IDLE (ratio=0.990>0.95)
  - Ep 40: IDLE (ratio=0.970>0.95)
  - Ep 41: IDLE (ratio=1.000>0.95)
  - Ep 42: IDLE (ratio=1.000>0.95)
  - Ep 44: IDLE (ratio=1.000>0.95)
  - Ep 46: IDLE (ratio=1.000>0.95)
  - Ep 47: IDLE (ratio=0.965>0.95)
  → Report saved to ./logs/ppo/comfort/seed_456/hacking_report_in_dist.json
  => CR=0.200 Spd=21.7 LC=0.0 SR=0.800 R=66.2±32.0

==================================================
[Eval] algo=ppo reward=comfort seed=456 scene=lane_closure
==================================================
[WARNING] GrayscaleImage not available, falling back to OccupancyGrid.
  Ep   0: R=   89.9 spd= 22.2 lc= 0 crash=no
  Ep   1: R=   85.9 spd= 21.3 lc= 0 crash=no
  Ep   2: R=   85.2 spd= 21.3 lc= 0 crash=no
  Ep   3: R=   78.8 spd= 21.0 lc= 0 crash=no
  Ep   4: R=   74.6 spd= 20.8 lc= 0 crash=no
  Ep   5: R=   85.2 spd= 20.9 lc= 0 crash=no
  Ep   6: R=   84.0 spd= 21.0 lc= 0 crash=no
  Ep   7: R=   82.8 spd= 20.8 lc= 0 crash=no
  Ep   8: R=   82.7 spd= 21.0 lc= 0 crash=no
  Ep   9: R=   77.7 spd= 20.8 lc= 0 crash=no
  Ep  10: R=   80.2 spd= 20.5 lc= 0 crash=no
  Ep  11: R=   85.5 spd= 21.5 lc= 0 crash=no
  Ep  12: R=   76.1 spd= 20.8 lc= 0 crash=no
  Ep  13: R=   79.7 spd= 20.4 lc= 0 crash=no
  Ep  14: R=   -1.5 spd= 24.8 lc= 0 crash=YES
  Ep  15: R=   85.2 spd= 21.5 lc= 0 crash=no
  Ep  16: R=   84.3 spd= 20.6 lc= 0 crash=no
  Ep  17: R=   84.3 spd= 20.6 lc= 0 crash=no
  Ep  18: R=   85.7 spd= 22.0 lc= 0 crash=no
  Ep  19: R=   77.4 spd= 21.0 lc= 0 crash=no
  Ep  20: R=   -3.0 spd= 25.0 lc= 0 crash=YES
  Ep  21: R=   -3.0 spd= 25.0 lc= 0 crash=YES
  Ep  22: R=   82.4 spd= 20.4 lc= 0 crash=no
  Ep  23: R=   83.4 spd= 20.8 lc= 0 crash=no
  Ep  24: R=   82.9 spd= 20.5 lc= 0 crash=no
  Ep  25: R=   79.3 spd= 21.7 lc= 0 crash=no
  Ep  26: R=   82.3 spd= 20.3 lc= 0 crash=no
  Ep  27: R=   83.4 spd= 20.6 lc= 0 crash=no
  Ep  28: R=   75.1 spd= 20.8 lc= 0 crash=no
  Ep  29: R=    0.0 spd= 25.0 lc= 0 crash=YES
  Ep  30: R=   13.5 spd= 24.9 lc= 0 crash=YES
  Ep  31: R=   84.5 spd= 20.9 lc= 0 crash=no
  Ep  32: R=   84.2 spd= 20.9 lc= 0 crash=no
  Ep  33: R=   85.6 spd= 21.0 lc= 0 crash=no
  Ep  34: R=   82.3 spd= 20.5 lc= 0 crash=no
  Ep  35: R=   82.0 spd= 20.5 lc= 0 crash=no
  Ep  36: R=   83.2 spd= 20.5 lc= 0 crash=no
  Ep  37: R=   80.6 spd= 20.4 lc= 0 crash=no
  Ep  38: R=    4.7 spd= 23.6 lc= 0 crash=YES
  Ep  39: R=   85.2 spd= 20.9 lc= 0 crash=no
  Ep  40: R=   85.0 spd= 20.9 lc= 0 crash=no
  Ep  41: R=   10.0 spd= 25.0 lc= 0 crash=YES
  Ep  42: R=   -3.0 spd= 24.9 lc= 0 crash=YES
  Ep  43: R=   69.6 spd= 20.8 lc= 0 crash=no
  Ep  44: R=   12.0 spd= 25.0 lc= 0 crash=YES
  Ep  45: R=   77.7 spd= 20.9 lc= 0 crash=no
  Ep  46: R=   -2.0 spd= 24.9 lc= 0 crash=YES
  Ep  47: R=   83.7 spd= 20.6 lc= 0 crash=no
  Ep  48: R=   82.0 spd= 23.1 lc= 0 crash=no
  Ep  49: R=   82.2 spd= 20.8 lc= 0 crash=no

[WARNING] Reward Hacking detected in scene=lane_closure: 18 flags
  - Ep 0: IDLE (ratio=0.995>0.95)
  - Ep 5: IDLE (ratio=0.980>0.95)
  - Ep 14: IDLE (ratio=1.000>0.95)
  - Ep 16: IDLE (ratio=0.985>0.95)
  - Ep 17: IDLE (ratio=0.995>0.95)
  - Ep 20: IDLE (ratio=1.000>0.95)
  - Ep 21: IDLE (ratio=1.000>0.95)
  - Ep 29: IDLE (ratio=1.000>0.95)
  - Ep 30: IDLE (ratio=1.000>0.95)
  - Ep 33: IDLE (ratio=0.985>0.95)
  - Ep 38: IDLE (ratio=0.968>0.95)
  - Ep 39: IDLE (ratio=0.990>0.95)
  - Ep 40: IDLE (ratio=0.970>0.95)
  - Ep 41: IDLE (ratio=1.000>0.95)
  - Ep 42: IDLE (ratio=1.000>0.95)
  - Ep 44: IDLE (ratio=1.000>0.95)
  - Ep 46: IDLE (ratio=1.000>0.95)
  - Ep 47: IDLE (ratio=0.965>0.95)
  → Report saved to ./logs/ppo/comfort/seed_456/hacking_report_lane_closure.json
  => CR=0.200 Spd=21.7 LC=0.0 SR=0.800 R=66.2±32.0

==================================================
[Eval] algo=ppo reward=comfort seed=456 scene=sudden_brake
==================================================
[WARNING] GrayscaleImage not available, falling back to OccupancyGrid.
  Ep   0: R=   89.9 spd= 22.2 lc= 0 crash=no
  Ep   1: R=   85.9 spd= 21.3 lc= 0 crash=no
  Ep   2: R=   85.2 spd= 21.3 lc= 0 crash=no
  Ep   3: R=   79.1 spd= 21.5 lc= 0 crash=no
  Ep   4: R=   81.4 spd= 20.8 lc= 0 crash=no
  Ep   5: R=   85.2 spd= 20.9 lc= 0 crash=no
  Ep   6: R=   82.6 spd= 21.0 lc= 0 crash=no
  Ep   7: R=   82.8 spd= 20.8 lc= 0 crash=no
  Ep   8: R=   82.7 spd= 21.0 lc= 0 crash=no
  Ep   9: R=   77.7 spd= 20.8 lc= 0 crash=no
  Ep  10: R=   80.2 spd= 20.5 lc= 0 crash=no
  Ep  11: R=   87.2 spd= 21.5 lc= 0 crash=no
  Ep  12: R=   76.9 spd= 20.8 lc= 0 crash=no
  Ep  13: R=   79.7 spd= 20.4 lc= 0 crash=no
  Ep  14: R=   -1.5 spd= 24.8 lc= 0 crash=YES
  Ep  15: R=   80.2 spd= 21.5 lc= 0 crash=no
  Ep  16: R=   84.3 spd= 20.6 lc= 0 crash=no
  Ep  17: R=   84.3 spd= 20.6 lc= 0 crash=no
  Ep  18: R=   77.7 spd= 22.0 lc=20 crash=no
  Ep  19: R=   78.9 spd= 21.0 lc= 0 crash=no
  Ep  20: R=   -3.0 spd= 25.0 lc= 0 crash=YES
  Ep  21: R=   -3.0 spd= 25.0 lc= 0 crash=YES
  Ep  22: R=   82.4 spd= 20.4 lc= 0 crash=no
  Ep  23: R=   83.4 spd= 20.8 lc= 0 crash=no
  Ep  24: R=   82.9 spd= 20.5 lc= 0 crash=no
  Ep  25: R=   77.5 spd= 21.7 lc= 0 crash=no
  Ep  26: R=   82.3 spd= 20.3 lc= 0 crash=no
  Ep  27: R=   83.4 spd= 20.6 lc= 0 crash=no
  Ep  28: R=   75.1 spd= 20.8 lc= 0 crash=no
  Ep  29: R=    0.0 spd= 25.0 lc= 0 crash=YES
  Ep  30: R=   13.5 spd= 24.9 lc= 0 crash=YES
  Ep  31: R=   84.5 spd= 20.9 lc= 0 crash=no
  Ep  32: R=   84.2 spd= 20.9 lc= 0 crash=no
  Ep  33: R=   85.6 spd= 21.0 lc= 0 crash=no
  Ep  34: R=   83.4 spd= 20.5 lc= 0 crash=no
  Ep  35: R=   82.0 spd= 20.5 lc= 0 crash=no
  Ep  36: R=   83.2 spd= 20.5 lc= 0 crash=no
  Ep  37: R=   80.6 spd= 20.4 lc= 0 crash=no
  Ep  38: R=    4.7 spd= 23.6 lc= 0 crash=YES
  Ep  39: R=   85.2 spd= 20.9 lc= 0 crash=no
  Ep  40: R=   85.0 spd= 20.9 lc= 0 crash=no
  Ep  41: R=   10.0 spd= 25.0 lc= 0 crash=YES
  Ep  42: R=   -3.0 spd= 24.9 lc= 0 crash=YES
  Ep  43: R=   69.6 spd= 20.8 lc= 0 crash=no
  Ep  44: R=   12.0 spd= 25.0 lc= 0 crash=YES
  Ep  45: R=   77.7 spd= 20.9 lc= 0 crash=no
  Ep  46: R=   -2.0 spd= 24.9 lc= 0 crash=YES
  Ep  47: R=   83.7 spd= 20.6 lc= 0 crash=no
  Ep  48: R=   82.0 spd= 23.1 lc= 0 crash=no
  Ep  49: R=   81.3 spd= 20.8 lc= 0 crash=no

[WARNING] Reward Hacking detected in scene=sudden_brake: 20 flags
  - Ep 0: IDLE (ratio=0.995>0.95)
  - Ep 5: IDLE (ratio=0.980>0.95)
  - Ep 11: IDLE (ratio=0.985>0.95)
  - Ep 14: IDLE (ratio=1.000>0.95)
  - Ep 16: IDLE (ratio=0.985>0.95)
  - Ep 17: IDLE (ratio=0.995>0.95)
  - Ep 20: IDLE (ratio=1.000>0.95)
  - Ep 21: IDLE (ratio=1.000>0.95)
  - Ep 29: IDLE (ratio=1.000>0.95)
  - Ep 30: IDLE (ratio=1.000>0.95)
  - Ep 33: IDLE (ratio=0.985>0.95)
  - Ep 34: IDLE (ratio=0.960>0.95)
  - Ep 38: IDLE (ratio=0.968>0.95)
  - Ep 39: IDLE (ratio=0.990>0.95)
  - Ep 40: IDLE (ratio=0.970>0.95)
  - Ep 41: IDLE (ratio=1.000>0.95)
  - Ep 42: IDLE (ratio=1.000>0.95)
  - Ep 44: IDLE (ratio=1.000>0.95)
  - Ep 46: IDLE (ratio=1.000>0.95)
  - Ep 47: IDLE (ratio=0.965>0.95)
  → Report saved to ./logs/ppo/comfort/seed_456/hacking_report_sudden_brake.json
  => CR=0.200 Spd=21.7 LC=0.4 SR=0.800 R=66.1±32.0

==================================================
[Eval] algo=ppo reward=comfort seed=456 scene=high_density
==================================================
[WARNING] GrayscaleImage not available, falling back to OccupancyGrid.
  Ep   0: R=   81.5 spd= 20.8 lc= 0 crash=no
  Ep   1: R=   79.7 spd= 20.6 lc= 0 crash=no
  Ep   2: R=   84.0 spd= 20.6 lc= 0 crash=no
  Ep   3: R=   83.5 spd= 20.5 lc= 0 crash=no
  Ep   4: R=    6.8 spd= 24.9 lc= 0 crash=YES
  Ep   5: R=   84.5 spd= 20.7 lc= 0 crash=no
  Ep   6: R=   86.6 spd= 21.3 lc= 0 crash=no
  Ep   7: R=   10.5 spd= 25.0 lc= 0 crash=YES
  Ep   8: R=   81.2 spd= 20.6 lc= 0 crash=no
  Ep   9: R=   82.8 spd= 20.4 lc= 0 crash=no
  Ep  10: R=   80.1 spd= 20.6 lc= 0 crash=no
  Ep  11: R=    7.0 spd= 24.9 lc= 0 crash=YES
  Ep  12: R=   75.4 spd= 20.4 lc= 0 crash=no
  Ep  13: R=   83.1 spd= 20.8 lc= 0 crash=no
  Ep  14: R=   -1.0 spd= 24.8 lc= 0 crash=YES
  Ep  15: R=   82.5 spd= 20.3 lc= 0 crash=no
  Ep  16: R=   80.3 spd= 21.0 lc= 0 crash=no
  Ep  17: R=   83.8 spd= 20.4 lc= 0 crash=no
  Ep  18: R=   85.0 spd= 20.8 lc= 0 crash=no
  Ep  19: R=   83.0 spd= 20.6 lc= 0 crash=no
  Ep  20: R=   84.6 spd= 20.7 lc= 0 crash=no
  Ep  21: R=   84.9 spd= 20.9 lc= 0 crash=no
  Ep  22: R=   78.3 spd= 20.5 lc= 0 crash=no
  Ep  23: R=   15.0 spd= 25.0 lc= 0 crash=YES
  Ep  24: R=   86.4 spd= 21.4 lc= 0 crash=no
  Ep  25: R=   84.3 spd= 20.6 lc= 0 crash=no
  Ep  26: R=   84.0 spd= 20.6 lc= 0 crash=no
  Ep  27: R=   73.5 spd= 20.9 lc= 0 crash=no
  Ep  28: R=   17.0 spd= 24.9 lc= 0 crash=YES
  Ep  29: R=   81.2 spd= 20.5 lc= 0 crash=no
  Ep  30: R=   85.4 spd= 21.2 lc= 0 crash=no
  Ep  31: R=   53.8 spd= 23.7 lc= 0 crash=YES
  Ep  32: R=   82.4 spd= 21.1 lc= 0 crash=no
  Ep  33: R=   30.2 spd= 24.9 lc= 0 crash=YES
  Ep  34: R=   80.6 spd= 20.3 lc= 0 crash=no
  Ep  35: R=   83.7 spd= 20.5 lc= 0 crash=no
  Ep  36: R=   82.3 spd= 20.5 lc= 0 crash=no
  Ep  37: R=    9.0 spd= 24.9 lc= 0 crash=YES
  Ep  38: R=   85.6 spd= 21.2 lc= 0 crash=no
  Ep  39: R=   84.0 spd= 20.7 lc= 0 crash=no
  Ep  40: R=   76.8 spd= 20.3 lc= 0 crash=no
  Ep  41: R=   78.7 spd= 20.8 lc= 0 crash=no
  Ep  42: R=   80.4 spd= 20.9 lc= 0 crash=no
  Ep  43: R=   81.2 spd= 21.3 lc= 0 crash=no
  Ep  44: R=   83.6 spd= 20.6 lc= 0 crash=no
  Ep  45: R=   -1.0 spd= 24.9 lc= 0 crash=YES
  Ep  46: R=   83.3 spd= 20.7 lc= 0 crash=no
  Ep  47: R=   83.7 spd= 20.6 lc= 0 crash=no
  Ep  48: R=   82.3 spd= 20.4 lc= 0 crash=no
  Ep  49: R=   31.3 spd= 21.3 lc= 0 crash=YES

[WARNING] Reward Hacking detected in scene=high_density: 23 flags
  - Ep 2: IDLE (ratio=0.980>0.95)
  - Ep 3: IDLE (ratio=0.970>0.95)
  - Ep 4: IDLE (ratio=0.971>0.95)
  - Ep 5: IDLE (ratio=0.990>0.95)
  - Ep 6: IDLE (ratio=0.990>0.95)
  - Ep 7: IDLE (ratio=1.000>0.95)
  - Ep 9: IDLE (ratio=0.955>0.95)
  - Ep 11: IDLE (ratio=1.000>0.95)
  - Ep 14: IDLE (ratio=1.000>0.95)
  - Ep 17: IDLE (ratio=0.995>0.95)
  - Ep 18: IDLE (ratio=0.990>0.95)
  - Ep 20: IDLE (ratio=0.990>0.95)
  - Ep 21: IDLE (ratio=0.965>0.95)
  - Ep 23: IDLE (ratio=1.000>0.95)
  - Ep 25: IDLE (ratio=0.995>0.95)
  - Ep 26: IDLE (ratio=0.980>0.95)
  - Ep 28: IDLE (ratio=1.000>0.95)
  - Ep 33: IDLE (ratio=0.975>0.95)
  - Ep 35: IDLE (ratio=0.975>0.95)
  - Ep 37: IDLE (ratio=1.000>0.95)
  - Ep 39: IDLE (ratio=0.960>0.95)
  - Ep 45: IDLE (ratio=1.000>0.95)
  - Ep 47: IDLE (ratio=0.965>0.95)
  → Report saved to ./logs/ppo/comfort/seed_456/hacking_report_high_density.json
  => CR=0.220 Spd=21.5 LC=0.0 SR=0.780 R=67.7±28.4

[Eval] Summary saved to ./logs/ppo/comfort/seed_456/eval_all.json
